INFO - 2022-12-15 16:17:27 --> CSRF cookie sent.
INFO - 2022-12-15 16:17:27 --> Session: Class initialized using 'CodeIgniter\Session\Handlers\FileHandler' driver.
INFO - 2022-12-15 16:17:28 --> CSRF cookie sent.
INFO - 2022-12-15 16:17:29 --> Session: Class initialized using 'CodeIgniter\Session\Handlers\FileHandler' driver.
INFO - 2022-12-15 16:21:37 --> CSRF cookie sent.
INFO - 2022-12-15 16:21:37 --> CSRF token verified.
INFO - 2022-12-15 16:21:37 --> Session: Class initialized using 'CodeIgniter\Session\Handlers\FileHandler' driver.
INFO - 2022-12-15 16:21:38 --> CSRF cookie sent.
INFO - 2022-12-15 16:21:38 --> Session: Class initialized using 'CodeIgniter\Session\Handlers\FileHandler' driver.
INFO - 2022-12-15 16:21:40 --> CSRF cookie sent.
INFO - 2022-12-15 16:21:40 --> Session: Class initialized using 'CodeIgniter\Session\Handlers\FileHandler' driver.
INFO - 2022-12-15 16:21:41 --> CSRF cookie sent.
INFO - 2022-12-15 16:21:41 --> Session: Class initialized using 'CodeIgniter\Session\Handlers\FileHandler' driver.
INFO - 2022-12-15 16:21:46 --> CSRF cookie sent.
INFO - 2022-12-15 16:21:46 --> Session: Class initialized using 'CodeIgniter\Session\Handlers\FileHandler' driver.
INFO - 2022-12-15 16:21:48 --> CSRF cookie sent.
INFO - 2022-12-15 16:21:48 --> Session: Class initialized using 'CodeIgniter\Session\Handlers\FileHandler' driver.
INFO - 2022-12-15 16:21:49 --> CSRF cookie sent.
INFO - 2022-12-15 16:21:49 --> Session: Class initialized using 'CodeIgniter\Session\Handlers\FileHandler' driver.
INFO - 2022-12-15 16:21:50 --> CSRF cookie sent.
INFO - 2022-12-15 16:21:50 --> Session: Class initialized using 'CodeIgniter\Session\Handlers\FileHandler' driver.
INFO - 2022-12-15 16:21:52 --> CSRF cookie sent.
INFO - 2022-12-15 16:21:52 --> Session: Class initialized using 'CodeIgniter\Session\Handlers\FileHandler' driver.
INFO - 2022-12-15 16:21:53 --> CSRF cookie sent.
INFO - 2022-12-15 16:21:53 --> Session: Class initialized using 'CodeIgniter\Session\Handlers\FileHandler' driver.
INFO - 2022-12-15 16:21:54 --> CSRF cookie sent.
INFO - 2022-12-15 16:21:54 --> Session: Class initialized using 'CodeIgniter\Session\Handlers\FileHandler' driver.
INFO - 2022-12-15 16:22:59 --> CSRF cookie sent.
INFO - 2022-12-15 16:22:59 --> Session: Class initialized using 'CodeIgniter\Session\Handlers\FileHandler' driver.
CRITICAL - 2022-12-15 16:23:02 --> Allowed memory size of 134217728 bytes exhausted (tried to allocate 52428856 bytes)
#0 [internal function]: CodeIgniter\Debug\Exceptions->shutdownHandler()
#1 {main}
INFO - 2022-12-15 16:23:03 --> CSRF cookie sent.
INFO - 2022-12-15 16:23:03 --> Session: Class initialized using 'CodeIgniter\Session\Handlers\FileHandler' driver.
INFO - 2022-12-15 16:23:06 --> CSRF cookie sent.
INFO - 2022-12-15 16:23:06 --> Session: Class initialized using 'CodeIgniter\Session\Handlers\FileHandler' driver.
INFO - 2022-12-15 16:23:06 --> CSRF cookie sent.
INFO - 2022-12-15 16:23:06 --> Session: Class initialized using 'CodeIgniter\Session\Handlers\FileHandler' driver.
INFO - 2022-12-15 16:23:07 --> CSRF cookie sent.
INFO - 2022-12-15 16:23:07 --> Session: Class initialized using 'CodeIgniter\Session\Handlers\FileHandler' driver.
INFO - 2022-12-15 16:31:10 --> CSRF cookie sent.
INFO - 2022-12-15 16:31:10 --> Session: Class initialized using 'CodeIgniter\Session\Handlers\FileHandler' driver.
INFO - 2022-12-15 16:31:10 --> CSRF cookie sent.
INFO - 2022-12-15 16:31:10 --> Session: Class initialized using 'CodeIgniter\Session\Handlers\FileHandler' driver.
INFO - 2022-12-15 16:31:11 --> CSRF cookie sent.
INFO - 2022-12-15 16:31:11 --> Session: Class initialized using 'CodeIgniter\Session\Handlers\FileHandler' driver.
INFO - 2022-12-15 16:42:00 --> CSRF cookie sent.
INFO - 2022-12-15 16:42:00 --> Session: Class initialized using 'CodeIgniter\Session\Handlers\FileHandler' driver.
INFO - 2022-12-15 16:42:00 --> CSRF cookie sent.
INFO - 2022-12-15 16:42:00 --> Session: Class initialized using 'CodeIgniter\Session\Handlers\FileHandler' driver.
INFO - 2022-12-15 16:42:01 --> CSRF cookie sent.
INFO - 2022-12-15 16:42:01 --> Session: Class initialized using 'CodeIgniter\Session\Handlers\FileHandler' driver.
INFO - 2022-12-15 17:25:15 --> CSRF cookie sent.
INFO - 2022-12-15 17:25:15 --> CSRF token verified.
INFO - 2022-12-15 17:25:15 --> Session: Class initialized using 'CodeIgniter\Session\Handlers\FileHandler' driver.
INFO - 2022-12-15 17:25:16 --> CSRF cookie sent.
INFO - 2022-12-15 17:25:16 --> Session: Class initialized using 'CodeIgniter\Session\Handlers\FileHandler' driver.
INFO - 2022-12-15 17:25:17 --> CSRF cookie sent.
INFO - 2022-12-15 17:25:17 --> Session: Class initialized using 'CodeIgniter\Session\Handlers\FileHandler' driver.
INFO - 2022-12-15 17:25:17 --> CSRF cookie sent.
INFO - 2022-12-15 17:25:17 --> Session: Class initialized using 'CodeIgniter\Session\Handlers\FileHandler' driver.
INFO - 2022-12-15 17:42:00 --> CSRF cookie sent.
INFO - 2022-12-15 17:42:00 --> Session: Class initialized using 'CodeIgniter\Session\Handlers\FileHandler' driver.
INFO - 2022-12-15 17:42:00 --> CSRF cookie sent.
INFO - 2022-12-15 17:42:00 --> Session: Class initialized using 'CodeIgniter\Session\Handlers\FileHandler' driver.
INFO - 2022-12-15 17:42:01 --> CSRF cookie sent.
INFO - 2022-12-15 17:42:01 --> Session: Class initialized using 'CodeIgniter\Session\Handlers\FileHandler' driver.
INFO - 2022-12-15 21:30:59 --> Session: Class initialized using 'CodeIgniter\Session\Handlers\FileHandler' driver.
INFO - 2022-12-15 21:30:59 --> CSRF cookie sent.
INFO - 2022-12-15 21:30:59 --> Session: Class initialized using 'CodeIgniter\Session\Handlers\FileHandler' driver.
INFO - 2022-12-15 21:31:01 --> CSRF cookie sent.
INFO - 2022-12-15 21:31:01 --> Session: Class initialized using 'CodeIgniter\Session\Handlers\FileHandler' driver.
INFO - 2022-12-15 21:31:05 --> CSRF cookie sent.
INFO - 2022-12-15 21:31:05 --> CSRF token verified.
INFO - 2022-12-15 21:31:05 --> Session: Class initialized using 'CodeIgniter\Session\Handlers\FileHandler' driver.
INFO - 2022-12-15 21:31:06 --> CSRF cookie sent.
INFO - 2022-12-15 21:31:06 --> Session: Class initialized using 'CodeIgniter\Session\Handlers\FileHandler' driver.
INFO - 2022-12-15 21:31:07 --> CSRF cookie sent.
INFO - 2022-12-15 21:31:07 --> Session: Class initialized using 'CodeIgniter\Session\Handlers\FileHandler' driver.
INFO - 2022-12-15 21:31:08 --> CSRF cookie sent.
INFO - 2022-12-15 21:31:08 --> Session: Class initialized using 'CodeIgniter\Session\Handlers\FileHandler' driver.
INFO - 2022-12-15 21:31:10 --> CSRF cookie sent.
INFO - 2022-12-15 21:31:10 --> Session: Class initialized using 'CodeIgniter\Session\Handlers\FileHandler' driver.
INFO - 2022-12-15 21:31:11 --> CSRF cookie sent.
INFO - 2022-12-15 21:31:11 --> Session: Class initialized using 'CodeIgniter\Session\Handlers\FileHandler' driver.
INFO - 2022-12-15 21:31:13 --> CSRF cookie sent.
INFO - 2022-12-15 21:31:13 --> Session: Class initialized using 'CodeIgniter\Session\Handlers\FileHandler' driver.
INFO - 2022-12-15 21:31:32 --> CSRF cookie sent.
INFO - 2022-12-15 21:31:32 --> Session: Class initialized using 'CodeIgniter\Session\Handlers\FileHandler' driver.
INFO - 2022-12-15 21:31:34 --> CSRF cookie sent.
INFO - 2022-12-15 21:31:34 --> Session: Class initialized using 'CodeIgniter\Session\Handlers\FileHandler' driver.
INFO - 2022-12-15 21:31:34 --> CSRF cookie sent.
INFO - 2022-12-15 21:31:34 --> Session: Class initialized using 'CodeIgniter\Session\Handlers\FileHandler' driver.
INFO - 2022-12-15 21:34:41 --> CSRF cookie sent.
INFO - 2022-12-15 21:34:41 --> Session: Class initialized using 'CodeIgniter\Session\Handlers\FileHandler' driver.
INFO - 2022-12-15 21:34:42 --> CSRF cookie sent.
INFO - 2022-12-15 21:34:42 --> Session: Class initialized using 'CodeIgniter\Session\Handlers\FileHandler' driver.
INFO - 2022-12-15 21:34:43 --> CSRF cookie sent.
INFO - 2022-12-15 21:34:43 --> Session: Class initialized using 'CodeIgniter\Session\Handlers\FileHandler' driver.
INFO - 2022-12-15 21:34:44 --> CSRF cookie sent.
INFO - 2022-12-15 21:34:44 --> Session: Class initialized using 'CodeIgniter\Session\Handlers\FileHandler' driver.
INFO - 2022-12-15 21:34:45 --> CSRF cookie sent.
INFO - 2022-12-15 21:34:45 --> Session: Class initialized using 'CodeIgniter\Session\Handlers\FileHandler' driver.
INFO - 2022-12-15 21:34:45 --> CSRF cookie sent.
INFO - 2022-12-15 21:34:45 --> Session: Class initialized using 'CodeIgniter\Session\Handlers\FileHandler' driver.
INFO - 2022-12-15 21:34:49 --> CSRF cookie sent.
INFO - 2022-12-15 21:34:49 --> Session: Class initialized using 'CodeIgniter\Session\Handlers\FileHandler' driver.
INFO - 2022-12-15 21:34:50 --> CSRF cookie sent.
INFO - 2022-12-15 21:34:50 --> Session: Class initialized using 'CodeIgniter\Session\Handlers\FileHandler' driver.
INFO - 2022-12-15 21:34:50 --> CSRF cookie sent.
INFO - 2022-12-15 21:34:50 --> Session: Class initialized using 'CodeIgniter\Session\Handlers\FileHandler' driver.
INFO - 2022-12-15 21:34:51 --> CSRF cookie sent.
INFO - 2022-12-15 21:34:51 --> Session: Class initialized using 'CodeIgniter\Session\Handlers\FileHandler' driver.
INFO - 2022-12-15 21:34:52 --> CSRF cookie sent.
INFO - 2022-12-15 21:34:52 --> Session: Class initialized using 'CodeIgniter\Session\Handlers\FileHandler' driver.
INFO - 2022-12-15 21:34:53 --> CSRF cookie sent.
INFO - 2022-12-15 21:34:53 --> Session: Class initialized using 'CodeIgniter\Session\Handlers\FileHandler' driver.
INFO - 2022-12-15 21:35:35 --> CSRF cookie sent.
INFO - 2022-12-15 21:35:35 --> CSRF token verified.
INFO - 2022-12-15 21:35:35 --> Session: Class initialized using 'CodeIgniter\Session\Handlers\FileHandler' driver.
INFO - 2022-12-15 21:35:35 --> CSRF cookie sent.
INFO - 2022-12-15 21:35:35 --> Session: Class initialized using 'CodeIgniter\Session\Handlers\FileHandler' driver.
INFO - 2022-12-15 21:35:36 --> CSRF cookie sent.
INFO - 2022-12-15 21:35:36 --> Session: Class initialized using 'CodeIgniter\Session\Handlers\FileHandler' driver.
INFO - 2022-12-15 21:35:37 --> CSRF cookie sent.
INFO - 2022-12-15 21:35:37 --> Session: Class initialized using 'CodeIgniter\Session\Handlers\FileHandler' driver.
INFO - 2022-12-15 21:35:41 --> CSRF cookie sent.
INFO - 2022-12-15 21:35:41 --> Session: Class initialized using 'CodeIgniter\Session\Handlers\FileHandler' driver.
INFO - 2022-12-15 21:35:41 --> CSRF cookie sent.
INFO - 2022-12-15 21:35:41 --> Session: Class initialized using 'CodeIgniter\Session\Handlers\FileHandler' driver.
INFO - 2022-12-15 21:35:42 --> CSRF cookie sent.
INFO - 2022-12-15 21:35:42 --> Session: Class initialized using 'CodeIgniter\Session\Handlers\FileHandler' driver.
INFO - 2022-12-15 21:35:50 --> CSRF cookie sent.
INFO - 2022-12-15 21:35:50 --> Session: Class initialized using 'CodeIgniter\Session\Handlers\FileHandler' driver.
INFO - 2022-12-15 21:35:51 --> CSRF cookie sent.
INFO - 2022-12-15 21:35:51 --> Session: Class initialized using 'CodeIgniter\Session\Handlers\FileHandler' driver.
INFO - 2022-12-15 21:35:52 --> CSRF cookie sent.
INFO - 2022-12-15 21:35:52 --> Session: Class initialized using 'CodeIgniter\Session\Handlers\FileHandler' driver.
INFO - 2022-12-15 21:35:58 --> CSRF cookie sent.
INFO - 2022-12-15 21:35:58 --> CSRF token verified.
INFO - 2022-12-15 21:35:58 --> Session: Class initialized using 'CodeIgniter\Session\Handlers\FileHandler' driver.
INFO - 2022-12-15 21:35:58 --> CSRF cookie sent.
INFO - 2022-12-15 21:35:58 --> Session: Class initialized using 'CodeIgniter\Session\Handlers\FileHandler' driver.
INFO - 2022-12-15 21:35:59 --> CSRF cookie sent.
INFO - 2022-12-15 21:35:59 --> Session: Class initialized using 'CodeIgniter\Session\Handlers\FileHandler' driver.
INFO - 2022-12-15 21:35:59 --> CSRF cookie sent.
INFO - 2022-12-15 21:35:59 --> Session: Class initialized using 'CodeIgniter\Session\Handlers\FileHandler' driver.
INFO - 2022-12-15 21:36:05 --> CSRF cookie sent.
INFO - 2022-12-15 21:36:05 --> Session: Class initialized using 'CodeIgniter\Session\Handlers\FileHandler' driver.
INFO - 2022-12-15 21:36:06 --> CSRF cookie sent.
INFO - 2022-12-15 21:36:06 --> Session: Class initialized using 'CodeIgniter\Session\Handlers\FileHandler' driver.
INFO - 2022-12-15 21:36:06 --> CSRF cookie sent.
INFO - 2022-12-15 21:36:06 --> Session: Class initialized using 'CodeIgniter\Session\Handlers\FileHandler' driver.
INFO - 2022-12-15 21:36:10 --> CSRF cookie sent.
INFO - 2022-12-15 21:36:10 --> CSRF token verified.
INFO - 2022-12-15 21:36:10 --> Session: Class initialized using 'CodeIgniter\Session\Handlers\FileHandler' driver.
INFO - 2022-12-15 21:36:11 --> CSRF cookie sent.
INFO - 2022-12-15 21:36:11 --> Session: Class initialized using 'CodeIgniter\Session\Handlers\FileHandler' driver.
INFO - 2022-12-15 21:36:11 --> CSRF cookie sent.
INFO - 2022-12-15 21:36:11 --> Session: Class initialized using 'CodeIgniter\Session\Handlers\FileHandler' driver.
INFO - 2022-12-15 21:36:12 --> CSRF cookie sent.
INFO - 2022-12-15 21:36:12 --> Session: Class initialized using 'CodeIgniter\Session\Handlers\FileHandler' driver.
INFO - 2022-12-15 21:36:15 --> CSRF cookie sent.
INFO - 2022-12-15 21:36:15 --> Session: Class initialized using 'CodeIgniter\Session\Handlers\FileHandler' driver.
INFO - 2022-12-15 21:36:16 --> CSRF cookie sent.
INFO - 2022-12-15 21:36:16 --> Session: Class initialized using 'CodeIgniter\Session\Handlers\FileHandler' driver.
INFO - 2022-12-15 21:36:16 --> CSRF cookie sent.
INFO - 2022-12-15 21:36:16 --> Session: Class initialized using 'CodeIgniter\Session\Handlers\FileHandler' driver.
INFO - 2022-12-15 21:36:25 --> CSRF cookie sent.
INFO - 2022-12-15 21:36:25 --> Session: Class initialized using 'CodeIgniter\Session\Handlers\FileHandler' driver.
INFO - 2022-12-15 21:36:26 --> CSRF cookie sent.
INFO - 2022-12-15 21:36:26 --> Session: Class initialized using 'CodeIgniter\Session\Handlers\FileHandler' driver.
INFO - 2022-12-15 21:36:26 --> CSRF cookie sent.
INFO - 2022-12-15 21:36:26 --> Session: Class initialized using 'CodeIgniter\Session\Handlers\FileHandler' driver.
INFO - 2022-12-15 21:36:32 --> CSRF cookie sent.
INFO - 2022-12-15 21:36:32 --> Session: Class initialized using 'CodeIgniter\Session\Handlers\FileHandler' driver.
INFO - 2022-12-15 21:36:33 --> CSRF cookie sent.
INFO - 2022-12-15 21:36:33 --> Session: Class initialized using 'CodeIgniter\Session\Handlers\FileHandler' driver.
INFO - 2022-12-15 21:36:33 --> CSRF cookie sent.
INFO - 2022-12-15 21:36:33 --> Session: Class initialized using 'CodeIgniter\Session\Handlers\FileHandler' driver.
INFO - 2022-12-15 21:36:39 --> CSRF cookie sent.
INFO - 2022-12-15 21:36:39 --> Session: Class initialized using 'CodeIgniter\Session\Handlers\FileHandler' driver.
INFO - 2022-12-15 21:36:40 --> CSRF cookie sent.
INFO - 2022-12-15 21:36:40 --> Session: Class initialized using 'CodeIgniter\Session\Handlers\FileHandler' driver.
INFO - 2022-12-15 21:36:40 --> CSRF cookie sent.
INFO - 2022-12-15 21:36:40 --> Session: Class initialized using 'CodeIgniter\Session\Handlers\FileHandler' driver.
INFO - 2022-12-15 21:36:48 --> CSRF cookie sent.
INFO - 2022-12-15 21:36:48 --> CSRF token verified.
INFO - 2022-12-15 21:36:48 --> Session: Class initialized using 'CodeIgniter\Session\Handlers\FileHandler' driver.
INFO - 2022-12-15 21:36:48 --> CSRF cookie sent.
INFO - 2022-12-15 21:36:48 --> Session: Class initialized using 'CodeIgniter\Session\Handlers\FileHandler' driver.
INFO - 2022-12-15 21:36:49 --> CSRF cookie sent.
INFO - 2022-12-15 21:36:49 --> Session: Class initialized using 'CodeIgniter\Session\Handlers\FileHandler' driver.
INFO - 2022-12-15 21:36:49 --> CSRF cookie sent.
INFO - 2022-12-15 21:36:49 --> Session: Class initialized using 'CodeIgniter\Session\Handlers\FileHandler' driver.
INFO - 2022-12-15 21:36:52 --> CSRF cookie sent.
INFO - 2022-12-15 21:36:52 --> Session: Class initialized using 'CodeIgniter\Session\Handlers\FileHandler' driver.
INFO - 2022-12-15 21:36:52 --> CSRF cookie sent.
INFO - 2022-12-15 21:36:52 --> Session: Class initialized using 'CodeIgniter\Session\Handlers\FileHandler' driver.
INFO - 2022-12-15 21:36:53 --> CSRF cookie sent.
INFO - 2022-12-15 21:36:53 --> Session: Class initialized using 'CodeIgniter\Session\Handlers\FileHandler' driver.
INFO - 2022-12-15 21:37:11 --> CSRF cookie sent.
INFO - 2022-12-15 21:37:11 --> Session: Class initialized using 'CodeIgniter\Session\Handlers\FileHandler' driver.
INFO - 2022-12-15 21:37:11 --> CSRF cookie sent.
INFO - 2022-12-15 21:37:11 --> Session: Class initialized using 'CodeIgniter\Session\Handlers\FileHandler' driver.
INFO - 2022-12-15 21:37:12 --> CSRF cookie sent.
INFO - 2022-12-15 21:37:12 --> Session: Class initialized using 'CodeIgniter\Session\Handlers\FileHandler' driver.
INFO - 2022-12-15 21:37:32 --> CSRF cookie sent.
INFO - 2022-12-15 21:37:32 --> Session: Class initialized using 'CodeIgniter\Session\Handlers\FileHandler' driver.
INFO - 2022-12-15 21:37:32 --> CSRF cookie sent.
INFO - 2022-12-15 21:37:32 --> Session: Class initialized using 'CodeIgniter\Session\Handlers\FileHandler' driver.
INFO - 2022-12-15 21:37:33 --> CSRF cookie sent.
INFO - 2022-12-15 21:37:33 --> Session: Class initialized using 'CodeIgniter\Session\Handlers\FileHandler' driver.
INFO - 2022-12-15 21:38:01 --> CSRF cookie sent.
INFO - 2022-12-15 21:38:01 --> Session: Class initialized using 'CodeIgniter\Session\Handlers\FileHandler' driver.
INFO - 2022-12-15 21:38:02 --> CSRF cookie sent.
INFO - 2022-12-15 21:38:02 --> Session: Class initialized using 'CodeIgniter\Session\Handlers\FileHandler' driver.
INFO - 2022-12-15 21:38:02 --> CSRF cookie sent.
INFO - 2022-12-15 21:38:02 --> Session: Class initialized using 'CodeIgniter\Session\Handlers\FileHandler' driver.
INFO - 2022-12-15 21:38:09 --> CSRF cookie sent.
INFO - 2022-12-15 21:38:09 --> CSRF token verified.
INFO - 2022-12-15 21:38:09 --> Session: Class initialized using 'CodeIgniter\Session\Handlers\FileHandler' driver.
INFO - 2022-12-15 21:38:09 --> CSRF cookie sent.
INFO - 2022-12-15 21:38:09 --> Session: Class initialized using 'CodeIgniter\Session\Handlers\FileHandler' driver.
INFO - 2022-12-15 21:38:10 --> CSRF cookie sent.
INFO - 2022-12-15 21:38:10 --> Session: Class initialized using 'CodeIgniter\Session\Handlers\FileHandler' driver.
INFO - 2022-12-15 21:38:10 --> CSRF cookie sent.
INFO - 2022-12-15 21:38:10 --> Session: Class initialized using 'CodeIgniter\Session\Handlers\FileHandler' driver.
INFO - 2022-12-15 21:38:12 --> CSRF cookie sent.
INFO - 2022-12-15 21:38:12 --> Session: Class initialized using 'CodeIgniter\Session\Handlers\FileHandler' driver.
INFO - 2022-12-15 21:38:13 --> CSRF cookie sent.
INFO - 2022-12-15 21:38:13 --> Session: Class initialized using 'CodeIgniter\Session\Handlers\FileHandler' driver.
INFO - 2022-12-15 21:38:13 --> CSRF cookie sent.
INFO - 2022-12-15 21:38:13 --> Session: Class initialized using 'CodeIgniter\Session\Handlers\FileHandler' driver.
INFO - 2022-12-15 21:38:17 --> CSRF cookie sent.
INFO - 2022-12-15 21:38:17 --> Session: Class initialized using 'CodeIgniter\Session\Handlers\FileHandler' driver.
INFO - 2022-12-15 21:38:17 --> CSRF cookie sent.
INFO - 2022-12-15 21:38:17 --> Session: Class initialized using 'CodeIgniter\Session\Handlers\FileHandler' driver.
INFO - 2022-12-15 21:38:18 --> CSRF cookie sent.
INFO - 2022-12-15 21:38:18 --> Session: Class initialized using 'CodeIgniter\Session\Handlers\FileHandler' driver.
INFO - 2022-12-15 21:38:39 --> CSRF cookie sent.
INFO - 2022-12-15 21:38:39 --> Session: Class initialized using 'CodeIgniter\Session\Handlers\FileHandler' driver.
ERROR - 2022-12-15 21:38:40 --> mysqli_sql_exception: Table 'apdwms.vw_schedcompleted' doesn't exist in /home/apdwms/public_html/system/Database/MySQLi/Connection.php:314
Stack trace:
#0 /home/apdwms/public_html/system/Database/MySQLi/Connection.php(314): mysqli->query()
#1 /home/apdwms/public_html/system/Database/BaseConnection.php(713): CodeIgniter\Database\MySQLi\Connection->execute()
#2 /home/apdwms/public_html/system/Database/BaseConnection.php(641): CodeIgniter\Database\BaseConnection->simpleQuery()
#3 /home/apdwms/public_html/system/Database/BaseBuilder.php(1866): CodeIgniter\Database\BaseConnection->query()
#4 /home/apdwms/public_html/cella/Models/Scheduler/CardModel.php(192): CodeIgniter\Database\BaseBuilder->get()
#5 /home/apdwms/public_html/cella/Controllers/Scheduler.php(85): CELLA\Models\Scheduler\CardModel->getAllCards()
#6 /home/apdwms/public_html/cella/Controllers/BaseController.php(532): CELLA\Controllers\Scheduler->boards()
#7 /home/apdwms/public_html/system/CodeIgniter.php(932): CELLA\Controllers\BaseController->_remap()
#8 /home/apdwms/public_html/system/CodeIgniter.php(432): CodeIgniter\CodeIgniter->runController()
#9 /home/apdwms/public_html/system/CodeIgniter.php(333): CodeIgniter\CodeIgniter->handleRequest()
#10 /home/apdwms/public_html/index.php(48): CodeIgniter\CodeIgniter->run()
#11 {main}
ERROR - 2022-12-15 21:38:40 --> error_sql:SELECT *
FROM `vw_schedcompleted`
WHERE `duein` >= '202212120000'
AND `duein` <= '202212170000'
INFO - 2022-12-15 21:38:41 --> CSRF cookie sent.
INFO - 2022-12-15 21:38:41 --> Session: Class initialized using 'CodeIgniter\Session\Handlers\FileHandler' driver.
INFO - 2022-12-15 21:38:42 --> CSRF cookie sent.
INFO - 2022-12-15 21:38:42 --> Session: Class initialized using 'CodeIgniter\Session\Handlers\FileHandler' driver.
INFO - 2022-12-15 21:38:45 --> CSRF cookie sent.
INFO - 2022-12-15 21:38:45 --> Session: Class initialized using 'CodeIgniter\Session\Handlers\FileHandler' driver.
INFO - 2022-12-15 21:38:46 --> CSRF cookie sent.
INFO - 2022-12-15 21:38:46 --> Session: Class initialized using 'CodeIgniter\Session\Handlers\FileHandler' driver.
INFO - 2022-12-15 21:38:47 --> CSRF cookie sent.
INFO - 2022-12-15 21:38:47 --> Session: Class initialized using 'CodeIgniter\Session\Handlers\FileHandler' driver.
INFO - 2022-12-15 21:39:01 --> CSRF cookie sent.
INFO - 2022-12-15 21:39:01 --> Session: Class initialized using 'CodeIgniter\Session\Handlers\FileHandler' driver.
INFO - 2022-12-15 21:39:02 --> CSRF cookie sent.
INFO - 2022-12-15 21:39:02 --> Session: Class initialized using 'CodeIgniter\Session\Handlers\FileHandler' driver.
INFO - 2022-12-15 21:39:03 --> CSRF cookie sent.
INFO - 2022-12-15 21:39:03 --> Session: Class initialized using 'CodeIgniter\Session\Handlers\FileHandler' driver.
INFO - 2022-12-15 21:39:50 --> CSRF cookie sent.
INFO - 2022-12-15 21:39:50 --> Session: Class initialized using 'CodeIgniter\Session\Handlers\FileHandler' driver.
INFO - 2022-12-15 21:39:50 --> CSRF cookie sent.
INFO - 2022-12-15 21:39:50 --> Session: Class initialized using 'CodeIgniter\Session\Handlers\FileHandler' driver.
INFO - 2022-12-15 21:39:51 --> CSRF cookie sent.
INFO - 2022-12-15 21:39:51 --> Session: Class initialized using 'CodeIgniter\Session\Handlers\FileHandler' driver.
INFO - 2022-12-15 21:39:54 --> CSRF cookie sent.
INFO - 2022-12-15 21:39:54 --> Session: Class initialized using 'CodeIgniter\Session\Handlers\FileHandler' driver.
INFO - 2022-12-15 21:39:55 --> CSRF cookie sent.
INFO - 2022-12-15 21:39:55 --> Session: Class initialized using 'CodeIgniter\Session\Handlers\FileHandler' driver.
INFO - 2022-12-15 21:39:55 --> CSRF cookie sent.
INFO - 2022-12-15 21:39:55 --> Session: Class initialized using 'CodeIgniter\Session\Handlers\FileHandler' driver.
INFO - 2022-12-15 21:40:23 --> CSRF cookie sent.
INFO - 2022-12-15 21:40:23 --> Session: Class initialized using 'CodeIgniter\Session\Handlers\FileHandler' driver.
INFO - 2022-12-15 21:40:23 --> CSRF cookie sent.
INFO - 2022-12-15 21:40:23 --> Session: Class initialized using 'CodeIgniter\Session\Handlers\FileHandler' driver.
INFO - 2022-12-15 21:40:24 --> CSRF cookie sent.
INFO - 2022-12-15 21:40:24 --> Session: Class initialized using 'CodeIgniter\Session\Handlers\FileHandler' driver.
INFO - 2022-12-15 21:40:31 --> CSRF cookie sent.
INFO - 2022-12-15 21:40:31 --> Session: Class initialized using 'CodeIgniter\Session\Handlers\FileHandler' driver.
INFO - 2022-12-15 21:40:32 --> CSRF cookie sent.
INFO - 2022-12-15 21:40:32 --> Session: Class initialized using 'CodeIgniter\Session\Handlers\FileHandler' driver.
INFO - 2022-12-15 21:40:32 --> CSRF cookie sent.
INFO - 2022-12-15 21:40:32 --> Session: Class initialized using 'CodeIgniter\Session\Handlers\FileHandler' driver.
INFO - 2022-12-15 21:41:13 --> CSRF cookie sent.
INFO - 2022-12-15 21:41:13 --> Session: Class initialized using 'CodeIgniter\Session\Handlers\FileHandler' driver.
INFO - 2022-12-15 21:41:13 --> CSRF cookie sent.
INFO - 2022-12-15 21:41:13 --> Session: Class initialized using 'CodeIgniter\Session\Handlers\FileHandler' driver.
INFO - 2022-12-15 21:41:14 --> CSRF cookie sent.
INFO - 2022-12-15 21:41:14 --> Session: Class initialized using 'CodeIgniter\Session\Handlers\FileHandler' driver.
INFO - 2022-12-15 21:52:00 --> CSRF cookie sent.
INFO - 2022-12-15 21:52:00 --> Session: Class initialized using 'CodeIgniter\Session\Handlers\FileHandler' driver.
INFO - 2022-12-15 21:52:00 --> CSRF cookie sent.
INFO - 2022-12-15 21:52:00 --> Session: Class initialized using 'CodeIgniter\Session\Handlers\FileHandler' driver.
INFO - 2022-12-15 21:52:01 --> CSRF cookie sent.
INFO - 2022-12-15 21:52:01 --> Session: Class initialized using 'CodeIgniter\Session\Handlers\FileHandler' driver.
INFO - 2022-12-15 22:05:34 --> CSRF cookie sent.
INFO - 2022-12-15 22:05:34 --> CSRF token verified.
INFO - 2022-12-15 22:05:34 --> Session: Class initialized using 'CodeIgniter\Session\Handlers\FileHandler' driver.
INFO - 2022-12-15 22:05:35 --> CSRF cookie sent.
INFO - 2022-12-15 22:05:35 --> Session: Class initialized using 'CodeIgniter\Session\Handlers\FileHandler' driver.
INFO - 2022-12-15 22:05:36 --> CSRF cookie sent.
INFO - 2022-12-15 22:05:36 --> Session: Class initialized using 'CodeIgniter\Session\Handlers\FileHandler' driver.
INFO - 2022-12-15 22:05:37 --> CSRF cookie sent.
INFO - 2022-12-15 22:05:37 --> Session: Class initialized using 'CodeIgniter\Session\Handlers\FileHandler' driver.
INFO - 2022-12-15 22:05:40 --> CSRF cookie sent.
INFO - 2022-12-15 22:05:40 --> Session: Class initialized using 'CodeIgniter\Session\Handlers\FileHandler' driver.
INFO - 2022-12-15 22:05:40 --> CSRF cookie sent.
INFO - 2022-12-15 22:05:40 --> Session: Class initialized using 'CodeIgniter\Session\Handlers\FileHandler' driver.
INFO - 2022-12-15 22:06:07 --> CSRF cookie sent.
INFO - 2022-12-15 22:06:07 --> Session: Class initialized using 'CodeIgniter\Session\Handlers\FileHandler' driver.
INFO - 2022-12-15 22:06:07 --> CSRF cookie sent.
INFO - 2022-12-15 22:06:07 --> Session: Class initialized using 'CodeIgniter\Session\Handlers\FileHandler' driver.
INFO - 2022-12-15 22:06:48 --> CSRF cookie sent.
INFO - 2022-12-15 22:06:48 --> Session: Class initialized using 'CodeIgniter\Session\Handlers\FileHandler' driver.
CRITICAL - 2022-12-15 22:06:48 --> DateTime::add() expects parameter 1 to be DateInterval, int given
#0 [internal function]: CodeIgniter\Debug\Exceptions->errorHandler()
#1 /home/apdwms/public_html/cella/Common.php(363): DateTime->add()
#2 /home/apdwms/public_html/cella/Controllers/Attendance.php(55): formatDate()
#3 /home/apdwms/public_html/cella/Controllers/BaseController.php(532): CELLA\Controllers\Attendance->records()
#4 /home/apdwms/public_html/system/CodeIgniter.php(932): CELLA\Controllers\BaseController->_remap()
#5 /home/apdwms/public_html/system/CodeIgniter.php(432): CodeIgniter\CodeIgniter->runController()
#6 /home/apdwms/public_html/system/CodeIgniter.php(333): CodeIgniter\CodeIgniter->handleRequest()
#7 /home/apdwms/public_html/index.php(48): CodeIgniter\CodeIgniter->run()
#8 {main}
INFO - 2022-12-15 22:06:48 --> CSRF cookie sent.
INFO - 2022-12-15 22:06:48 --> Session: Class initialized using 'CodeIgniter\Session\Handlers\FileHandler' driver.
INFO - 2022-12-15 22:07:26 --> CSRF cookie sent.
INFO - 2022-12-15 22:07:26 --> Session: Class initialized using 'CodeIgniter\Session\Handlers\FileHandler' driver.
CRITICAL - 2022-12-15 22:07:26 --> "Ymd" is not a valid datetime format
#0 /home/apdwms/public_html/system/I18n/Time.php(282): CodeIgniter\I18n\Exceptions\I18nException::forInvalidFormat()
#1 /home/apdwms/public_html/cella/Common.php(304): CodeIgniter\I18n\Time::createFromFormat()
#2 /home/apdwms/public_html/cella/Controllers/Attendance.php(55): formatDate()
#3 /home/apdwms/public_html/cella/Controllers/BaseController.php(532): CELLA\Controllers\Attendance->records()
#4 /home/apdwms/public_html/system/CodeIgniter.php(932): CELLA\Controllers\BaseController->_remap()
#5 /home/apdwms/public_html/system/CodeIgniter.php(432): CodeIgniter\CodeIgniter->runController()
#6 /home/apdwms/public_html/system/CodeIgniter.php(333): CodeIgniter\CodeIgniter->handleRequest()
#7 /home/apdwms/public_html/index.php(48): CodeIgniter\CodeIgniter->run()
#8 {main}
INFO - 2022-12-15 22:07:27 --> CSRF cookie sent.
INFO - 2022-12-15 22:07:27 --> Session: Class initialized using 'CodeIgniter\Session\Handlers\FileHandler' driver.
INFO - 2022-12-15 22:09:28 --> CSRF cookie sent.
INFO - 2022-12-15 22:09:28 --> Session: Class initialized using 'CodeIgniter\Session\Handlers\FileHandler' driver.
INFO - 2022-12-15 22:09:28 --> CSRF cookie sent.
INFO - 2022-12-15 22:09:28 --> Session: Class initialized using 'CodeIgniter\Session\Handlers\FileHandler' driver.
INFO - 2022-12-15 22:10:09 --> CSRF cookie sent.
INFO - 2022-12-15 22:10:09 --> Session: Class initialized using 'CodeIgniter\Session\Handlers\FileHandler' driver.
CRITICAL - 2022-12-15 22:10:09 --> "Ymd" is not a valid datetime format
#0 /home/apdwms/public_html/system/I18n/Time.php(282): CodeIgniter\I18n\Exceptions\I18nException::forInvalidFormat()
#1 /home/apdwms/public_html/cella/Common.php(304): CodeIgniter\I18n\Time::createFromFormat()
#2 /home/apdwms/public_html/cella/Controllers/Attendance.php(55): formatDate()
#3 /home/apdwms/public_html/cella/Controllers/BaseController.php(532): CELLA\Controllers\Attendance->records()
#4 /home/apdwms/public_html/system/CodeIgniter.php(932): CELLA\Controllers\BaseController->_remap()
#5 /home/apdwms/public_html/system/CodeIgniter.php(432): CodeIgniter\CodeIgniter->runController()
#6 /home/apdwms/public_html/system/CodeIgniter.php(333): CodeIgniter\CodeIgniter->handleRequest()
#7 /home/apdwms/public_html/index.php(48): CodeIgniter\CodeIgniter->run()
#8 {main}
INFO - 2022-12-15 22:10:10 --> CSRF cookie sent.
INFO - 2022-12-15 22:10:10 --> Session: Class initialized using 'CodeIgniter\Session\Handlers\FileHandler' driver.
INFO - 2022-12-15 22:10:31 --> CSRF cookie sent.
INFO - 2022-12-15 22:10:31 --> Session: Class initialized using 'CodeIgniter\Session\Handlers\FileHandler' driver.
CRITICAL - 2022-12-15 22:10:31 --> "Ymd" is not a valid datetime format
#0 /home/apdwms/public_html/system/I18n/Time.php(282): CodeIgniter\I18n\Exceptions\I18nException::forInvalidFormat()
#1 /home/apdwms/public_html/cella/Common.php(304): CodeIgniter\I18n\Time::createFromFormat()
#2 /home/apdwms/public_html/cella/Controllers/Attendance.php(55): formatDate()
#3 /home/apdwms/public_html/cella/Controllers/BaseController.php(532): CELLA\Controllers\Attendance->records()
#4 /home/apdwms/public_html/system/CodeIgniter.php(932): CELLA\Controllers\BaseController->_remap()
#5 /home/apdwms/public_html/system/CodeIgniter.php(432): CodeIgniter\CodeIgniter->runController()
#6 /home/apdwms/public_html/system/CodeIgniter.php(333): CodeIgniter\CodeIgniter->handleRequest()
#7 /home/apdwms/public_html/index.php(48): CodeIgniter\CodeIgniter->run()
#8 {main}
INFO - 2022-12-15 22:10:32 --> CSRF cookie sent.
INFO - 2022-12-15 22:10:32 --> Session: Class initialized using 'CodeIgniter\Session\Handlers\FileHandler' driver.
INFO - 2022-12-15 22:11:09 --> CSRF cookie sent.
INFO - 2022-12-15 22:11:09 --> Session: Class initialized using 'CodeIgniter\Session\Handlers\FileHandler' driver.
INFO - 2022-12-15 22:11:09 --> CSRF cookie sent.
INFO - 2022-12-15 22:11:09 --> Session: Class initialized using 'CodeIgniter\Session\Handlers\FileHandler' driver.
INFO - 2022-12-15 22:11:25 --> CSRF cookie sent.
INFO - 2022-12-15 22:11:25 --> Session: Class initialized using 'CodeIgniter\Session\Handlers\FileHandler' driver.
CRITICAL - 2022-12-15 22:11:25 --> DateTime::add() expects parameter 1 to be DateInterval, int given
#0 [internal function]: CodeIgniter\Debug\Exceptions->errorHandler()
#1 /home/apdwms/public_html/cella/Common.php(363): DateTime->add()
#2 /home/apdwms/public_html/cella/Controllers/Attendance.php(55): formatDate()
#3 /home/apdwms/public_html/cella/Controllers/BaseController.php(532): CELLA\Controllers\Attendance->records()
#4 /home/apdwms/public_html/system/CodeIgniter.php(932): CELLA\Controllers\BaseController->_remap()
#5 /home/apdwms/public_html/system/CodeIgniter.php(432): CodeIgniter\CodeIgniter->runController()
#6 /home/apdwms/public_html/system/CodeIgniter.php(333): CodeIgniter\CodeIgniter->handleRequest()
#7 /home/apdwms/public_html/index.php(48): CodeIgniter\CodeIgniter->run()
#8 {main}
INFO - 2022-12-15 22:11:25 --> CSRF cookie sent.
INFO - 2022-12-15 22:11:25 --> Session: Class initialized using 'CodeIgniter\Session\Handlers\FileHandler' driver.
INFO - 2022-12-15 22:12:01 --> CSRF cookie sent.
INFO - 2022-12-15 22:12:01 --> Session: Class initialized using 'CodeIgniter\Session\Handlers\FileHandler' driver.
INFO - 2022-12-15 22:12:01 --> CSRF cookie sent.
INFO - 2022-12-15 22:12:01 --> Session: Class initialized using 'CodeIgniter\Session\Handlers\FileHandler' driver.
INFO - 2022-12-15 22:12:34 --> CSRF cookie sent.
INFO - 2022-12-15 22:12:34 --> Session: Class initialized using 'CodeIgniter\Session\Handlers\FileHandler' driver.
CRITICAL - 2022-12-15 22:12:34 --> DateTime::add() expects parameter 1 to be DateInterval, int given
#0 [internal function]: CodeIgniter\Debug\Exceptions->errorHandler()
#1 /home/apdwms/public_html/cella/Common.php(363): DateTime->add()
#2 /home/apdwms/public_html/cella/Controllers/Attendance.php(55): formatDate()
#3 /home/apdwms/public_html/cella/Controllers/BaseController.php(532): CELLA\Controllers\Attendance->records()
#4 /home/apdwms/public_html/system/CodeIgniter.php(932): CELLA\Controllers\BaseController->_remap()
#5 /home/apdwms/public_html/system/CodeIgniter.php(432): CodeIgniter\CodeIgniter->runController()
#6 /home/apdwms/public_html/system/CodeIgniter.php(333): CodeIgniter\CodeIgniter->handleRequest()
#7 /home/apdwms/public_html/index.php(48): CodeIgniter\CodeIgniter->run()
#8 {main}
INFO - 2022-12-15 22:12:34 --> CSRF cookie sent.
INFO - 2022-12-15 22:12:34 --> Session: Class initialized using 'CodeIgniter\Session\Handlers\FileHandler' driver.
INFO - 2022-12-15 22:13:31 --> CSRF cookie sent.
INFO - 2022-12-15 22:13:31 --> Session: Class initialized using 'CodeIgniter\Session\Handlers\FileHandler' driver.
INFO - 2022-12-15 22:13:31 --> CSRF cookie sent.
INFO - 2022-12-15 22:13:31 --> Session: Class initialized using 'CodeIgniter\Session\Handlers\FileHandler' driver.
INFO - 2022-12-15 22:13:39 --> CSRF cookie sent.
INFO - 2022-12-15 22:13:39 --> Session: Class initialized using 'CodeIgniter\Session\Handlers\FileHandler' driver.
INFO - 2022-12-15 22:13:39 --> CSRF cookie sent.
INFO - 2022-12-15 22:13:39 --> Session: Class initialized using 'CodeIgniter\Session\Handlers\FileHandler' driver.
INFO - 2022-12-15 22:14:13 --> CSRF cookie sent.
INFO - 2022-12-15 22:14:13 --> Session: Class initialized using 'CodeIgniter\Session\Handlers\FileHandler' driver.
INFO - 2022-12-15 22:14:14 --> CSRF cookie sent.
INFO - 2022-12-15 22:14:14 --> Session: Class initialized using 'CodeIgniter\Session\Handlers\FileHandler' driver.
INFO - 2022-12-15 22:19:36 --> CSRF cookie sent.
INFO - 2022-12-15 22:19:36 --> Session: Class initialized using 'CodeIgniter\Session\Handlers\FileHandler' driver.
CRITICAL - 2022-12-15 22:19:36 --> Illegal offset type
#0 /home/apdwms/public_html/cella/Models/Attendance/AttendanceItemModel.php(65): CodeIgniter\Debug\Exceptions->errorHandler()
#1 /home/apdwms/public_html/cella/Controllers/Attendance.php(57): CELLA\Models\Attendance\AttendanceItemModel->getDetailsForDateRange()
#2 /home/apdwms/public_html/cella/Controllers/BaseController.php(532): CELLA\Controllers\Attendance->records()
#3 /home/apdwms/public_html/system/CodeIgniter.php(932): CELLA\Controllers\BaseController->_remap()
#4 /home/apdwms/public_html/system/CodeIgniter.php(432): CodeIgniter\CodeIgniter->runController()
#5 /home/apdwms/public_html/system/CodeIgniter.php(333): CodeIgniter\CodeIgniter->handleRequest()
#6 /home/apdwms/public_html/index.php(48): CodeIgniter\CodeIgniter->run()
#7 {main}
INFO - 2022-12-15 22:19:36 --> CSRF cookie sent.
INFO - 2022-12-15 22:19:36 --> Session: Class initialized using 'CodeIgniter\Session\Handlers\FileHandler' driver.
INFO - 2022-12-15 22:20:09 --> CSRF cookie sent.
INFO - 2022-12-15 22:20:09 --> Session: Class initialized using 'CodeIgniter\Session\Handlers\FileHandler' driver.
INFO - 2022-12-15 22:20:09 --> CSRF cookie sent.
INFO - 2022-12-15 22:20:09 --> Session: Class initialized using 'CodeIgniter\Session\Handlers\FileHandler' driver.
INFO - 2022-12-15 22:20:27 --> CSRF cookie sent.
INFO - 2022-12-15 22:20:27 --> Session: Class initialized using 'CodeIgniter\Session\Handlers\FileHandler' driver.
CRITICAL - 2022-12-15 22:20:27 --> Illegal offset type
#0 /home/apdwms/public_html/cella/Models/Attendance/AttendanceItemModel.php(65): CodeIgniter\Debug\Exceptions->errorHandler()
#1 /home/apdwms/public_html/cella/Controllers/Attendance.php(57): CELLA\Models\Attendance\AttendanceItemModel->getDetailsForDateRange()
#2 /home/apdwms/public_html/cella/Controllers/BaseController.php(532): CELLA\Controllers\Attendance->records()
#3 /home/apdwms/public_html/system/CodeIgniter.php(932): CELLA\Controllers\BaseController->_remap()
#4 /home/apdwms/public_html/system/CodeIgniter.php(432): CodeIgniter\CodeIgniter->runController()
#5 /home/apdwms/public_html/system/CodeIgniter.php(333): CodeIgniter\CodeIgniter->handleRequest()
#6 /home/apdwms/public_html/index.php(48): CodeIgniter\CodeIgniter->run()
#7 {main}
INFO - 2022-12-15 22:20:28 --> CSRF cookie sent.
INFO - 2022-12-15 22:20:28 --> Session: Class initialized using 'CodeIgniter\Session\Handlers\FileHandler' driver.
INFO - 2022-12-15 22:20:37 --> CSRF cookie sent.
INFO - 2022-12-15 22:20:37 --> Session: Class initialized using 'CodeIgniter\Session\Handlers\FileHandler' driver.
INFO - 2022-12-15 22:20:37 --> CSRF cookie sent.
INFO - 2022-12-15 22:20:37 --> Session: Class initialized using 'CodeIgniter\Session\Handlers\FileHandler' driver.
INFO - 2022-12-15 22:20:45 --> CSRF cookie sent.
INFO - 2022-12-15 22:20:45 --> Session: Class initialized using 'CodeIgniter\Session\Handlers\FileHandler' driver.
INFO - 2022-12-15 22:20:45 --> CSRF cookie sent.
INFO - 2022-12-15 22:20:45 --> Session: Class initialized using 'CodeIgniter\Session\Handlers\FileHandler' driver.
INFO - 2022-12-15 22:20:58 --> CSRF cookie sent.
INFO - 2022-12-15 22:20:58 --> Session: Class initialized using 'CodeIgniter\Session\Handlers\FileHandler' driver.
INFO - 2022-12-15 22:20:58 --> CSRF cookie sent.
INFO - 2022-12-15 22:20:58 --> Session: Class initialized using 'CodeIgniter\Session\Handlers\FileHandler' driver.
INFO - 2022-12-15 22:22:42 --> CSRF cookie sent.
INFO - 2022-12-15 22:22:42 --> Session: Class initialized using 'CodeIgniter\Session\Handlers\FileHandler' driver.
CRITICAL - 2022-12-15 22:22:42 --> Call to a member function filtered() on null
#0 /home/apdwms/public_html/cella/Controllers/BaseController.php(532): CELLA\Controllers\Attendance->records()
#1 /home/apdwms/public_html/system/CodeIgniter.php(932): CELLA\Controllers\BaseController->_remap()
#2 /home/apdwms/public_html/system/CodeIgniter.php(432): CodeIgniter\CodeIgniter->runController()
#3 /home/apdwms/public_html/system/CodeIgniter.php(333): CodeIgniter\CodeIgniter->handleRequest()
#4 /home/apdwms/public_html/index.php(48): CodeIgniter\CodeIgniter->run()
#5 {main}
INFO - 2022-12-15 22:22:42 --> CSRF cookie sent.
INFO - 2022-12-15 22:22:42 --> Session: Class initialized using 'CodeIgniter\Session\Handlers\FileHandler' driver.
INFO - 2022-12-15 22:23:36 --> CSRF cookie sent.
INFO - 2022-12-15 22:23:36 --> Session: Class initialized using 'CodeIgniter\Session\Handlers\FileHandler' driver.
INFO - 2022-12-15 22:23:37 --> CSRF cookie sent.
INFO - 2022-12-15 22:23:37 --> Session: Class initialized using 'CodeIgniter\Session\Handlers\FileHandler' driver.
INFO - 2022-12-15 22:24:30 --> CSRF cookie sent.
INFO - 2022-12-15 22:24:30 --> Session: Class initialized using 'CodeIgniter\Session\Handlers\FileHandler' driver.
INFO - 2022-12-15 22:24:30 --> CSRF cookie sent.
INFO - 2022-12-15 22:24:30 --> Session: Class initialized using 'CodeIgniter\Session\Handlers\FileHandler' driver.
INFO - 2022-12-15 22:25:29 --> CSRF cookie sent.
INFO - 2022-12-15 22:25:29 --> Session: Class initialized using 'CodeIgniter\Session\Handlers\FileHandler' driver.
INFO - 2022-12-15 22:25:29 --> CSRF cookie sent.
INFO - 2022-12-15 22:25:29 --> Session: Class initialized using 'CodeIgniter\Session\Handlers\FileHandler' driver.
INFO - 2022-12-15 22:26:47 --> CSRF cookie sent.
INFO - 2022-12-15 22:26:47 --> Session: Class initialized using 'CodeIgniter\Session\Handlers\FileHandler' driver.
INFO - 2022-12-15 22:26:47 --> CSRF cookie sent.
INFO - 2022-12-15 22:26:47 --> Session: Class initialized using 'CodeIgniter\Session\Handlers\FileHandler' driver.
INFO - 2022-12-15 22:27:44 --> CSRF cookie sent.
INFO - 2022-12-15 22:27:44 --> Session: Class initialized using 'CodeIgniter\Session\Handlers\FileHandler' driver.
INFO - 2022-12-15 22:27:45 --> CSRF cookie sent.
INFO - 2022-12-15 22:27:45 --> Session: Class initialized using 'CodeIgniter\Session\Handlers\FileHandler' driver.
INFO - 2022-12-15 22:29:23 --> CSRF cookie sent.
INFO - 2022-12-15 22:29:23 --> Session: Class initialized using 'CodeIgniter\Session\Handlers\FileHandler' driver.
INFO - 2022-12-15 22:29:24 --> CSRF cookie sent.
INFO - 2022-12-15 22:29:24 --> Session: Class initialized using 'CodeIgniter\Session\Handlers\FileHandler' driver.
INFO - 2022-12-15 22:30:26 --> CSRF cookie sent.
INFO - 2022-12-15 22:30:26 --> Session: Class initialized using 'CodeIgniter\Session\Handlers\FileHandler' driver.
CRITICAL - 2022-12-15 22:30:26 --> Call to undefined method CELLA\Controllers\Attendance::filtered()
#0 /home/apdwms/public_html/cella/Controllers/BaseController.php(532): CELLA\Controllers\Attendance->records()
#1 /home/apdwms/public_html/system/CodeIgniter.php(932): CELLA\Controllers\BaseController->_remap()
#2 /home/apdwms/public_html/system/CodeIgniter.php(432): CodeIgniter\CodeIgniter->runController()
#3 /home/apdwms/public_html/system/CodeIgniter.php(333): CodeIgniter\CodeIgniter->handleRequest()
#4 /home/apdwms/public_html/index.php(48): CodeIgniter\CodeIgniter->run()
#5 {main}
INFO - 2022-12-15 22:30:27 --> CSRF cookie sent.
INFO - 2022-12-15 22:30:27 --> Session: Class initialized using 'CodeIgniter\Session\Handlers\FileHandler' driver.
INFO - 2022-12-15 22:30:44 --> CSRF cookie sent.
INFO - 2022-12-15 22:30:44 --> Session: Class initialized using 'CodeIgniter\Session\Handlers\FileHandler' driver.
INFO - 2022-12-15 22:30:44 --> CSRF cookie sent.
INFO - 2022-12-15 22:30:44 --> Session: Class initialized using 'CodeIgniter\Session\Handlers\FileHandler' driver.
INFO - 2022-12-15 22:33:13 --> CSRF cookie sent.
INFO - 2022-12-15 22:33:13 --> Session: Class initialized using 'CodeIgniter\Session\Handlers\FileHandler' driver.
INFO - 2022-12-15 22:33:13 --> CSRF cookie sent.
INFO - 2022-12-15 22:33:13 --> Session: Class initialized using 'CodeIgniter\Session\Handlers\FileHandler' driver.
INFO - 2022-12-15 22:33:26 --> CSRF cookie sent.
INFO - 2022-12-15 22:33:26 --> Session: Class initialized using 'CodeIgniter\Session\Handlers\FileHandler' driver.
INFO - 2022-12-15 22:33:27 --> CSRF cookie sent.
INFO - 2022-12-15 22:33:27 --> Session: Class initialized using 'CodeIgniter\Session\Handlers\FileHandler' driver.
INFO - 2022-12-15 22:33:35 --> CSRF cookie sent.
INFO - 2022-12-15 22:33:35 --> Session: Class initialized using 'CodeIgniter\Session\Handlers\FileHandler' driver.
CRITICAL - 2022-12-15 22:33:35 --> Call to undefined method CELLA\Controllers\Attendance::filtered()
#0 /home/apdwms/public_html/cella/Controllers/BaseController.php(532): CELLA\Controllers\Attendance->records()
#1 /home/apdwms/public_html/system/CodeIgniter.php(932): CELLA\Controllers\BaseController->_remap()
#2 /home/apdwms/public_html/system/CodeIgniter.php(432): CodeIgniter\CodeIgniter->runController()
#3 /home/apdwms/public_html/system/CodeIgniter.php(333): CodeIgniter\CodeIgniter->handleRequest()
#4 /home/apdwms/public_html/index.php(48): CodeIgniter\CodeIgniter->run()
#5 {main}
INFO - 2022-12-15 22:33:35 --> CSRF cookie sent.
INFO - 2022-12-15 22:33:35 --> Session: Class initialized using 'CodeIgniter\Session\Handlers\FileHandler' driver.
INFO - 2022-12-15 22:33:47 --> CSRF cookie sent.
INFO - 2022-12-15 22:33:47 --> Session: Class initialized using 'CodeIgniter\Session\Handlers\FileHandler' driver.
INFO - 2022-12-15 22:33:47 --> CSRF cookie sent.
INFO - 2022-12-15 22:33:47 --> Session: Class initialized using 'CodeIgniter\Session\Handlers\FileHandler' driver.
INFO - 2022-12-15 22:38:28 --> CSRF cookie sent.
INFO - 2022-12-15 22:38:28 --> Session: Class initialized using 'CodeIgniter\Session\Handlers\FileHandler' driver.
INFO - 2022-12-15 22:38:28 --> CSRF cookie sent.
INFO - 2022-12-15 22:38:28 --> Session: Class initialized using 'CodeIgniter\Session\Handlers\FileHandler' driver.
INFO - 2022-12-15 22:39:24 --> CSRF cookie sent.
INFO - 2022-12-15 22:39:24 --> Session: Class initialized using 'CodeIgniter\Session\Handlers\FileHandler' driver.
INFO - 2022-12-15 22:39:24 --> CSRF cookie sent.
INFO - 2022-12-15 22:39:24 --> Session: Class initialized using 'CodeIgniter\Session\Handlers\FileHandler' driver.
INFO - 2022-12-15 22:39:51 --> CSRF cookie sent.
INFO - 2022-12-15 22:39:51 --> Session: Class initialized using 'CodeIgniter\Session\Handlers\FileHandler' driver.
INFO - 2022-12-15 22:39:51 --> CSRF cookie sent.
INFO - 2022-12-15 22:39:51 --> Session: Class initialized using 'CodeIgniter\Session\Handlers\FileHandler' driver.
INFO - 2022-12-15 22:42:23 --> CSRF cookie sent.
INFO - 2022-12-15 22:42:23 --> Session: Class initialized using 'CodeIgniter\Session\Handlers\FileHandler' driver.
INFO - 2022-12-15 22:42:23 --> CSRF cookie sent.
INFO - 2022-12-15 22:42:23 --> Session: Class initialized using 'CodeIgniter\Session\Handlers\FileHandler' driver.
INFO - 2022-12-15 22:44:22 --> CSRF cookie sent.
INFO - 2022-12-15 22:44:22 --> Session: Class initialized using 'CodeIgniter\Session\Handlers\FileHandler' driver.
INFO - 2022-12-15 22:44:22 --> CSRF cookie sent.
INFO - 2022-12-15 22:44:22 --> Session: Class initialized using 'CodeIgniter\Session\Handlers\FileHandler' driver.
INFO - 2022-12-15 22:44:24 --> CSRF cookie sent.
INFO - 2022-12-15 22:44:24 --> Session: Class initialized using 'CodeIgniter\Session\Handlers\FileHandler' driver.
INFO - 2022-12-15 22:44:24 --> CSRF cookie sent.
INFO - 2022-12-15 22:44:24 --> Session: Class initialized using 'CodeIgniter\Session\Handlers\FileHandler' driver.
INFO - 2022-12-15 22:44:28 --> CSRF cookie sent.
INFO - 2022-12-15 22:44:28 --> Session: Class initialized using 'CodeIgniter\Session\Handlers\FileHandler' driver.
INFO - 2022-12-15 22:44:29 --> CSRF cookie sent.
INFO - 2022-12-15 22:44:29 --> Session: Class initialized using 'CodeIgniter\Session\Handlers\FileHandler' driver.
INFO - 2022-12-15 22:44:30 --> CSRF cookie sent.
INFO - 2022-12-15 22:44:30 --> Session: Class initialized using 'CodeIgniter\Session\Handlers\FileHandler' driver.
INFO - 2022-12-15 22:46:57 --> CSRF cookie sent.
INFO - 2022-12-15 22:46:57 --> Session: Class initialized using 'CodeIgniter\Session\Handlers\FileHandler' driver.
CRITICAL - 2022-12-15 22:46:57 --> Call to undefined method CELLA\Controllers\Attendance::setFile()
#0 /home/apdwms/public_html/cella/Controllers/BaseController.php(532): CELLA\Controllers\Attendance->records()
#1 /home/apdwms/public_html/system/CodeIgniter.php(932): CELLA\Controllers\BaseController->_remap()
#2 /home/apdwms/public_html/system/CodeIgniter.php(432): CodeIgniter\CodeIgniter->runController()
#3 /home/apdwms/public_html/system/CodeIgniter.php(333): CodeIgniter\CodeIgniter->handleRequest()
#4 /home/apdwms/public_html/index.php(48): CodeIgniter\CodeIgniter->run()
#5 {main}
INFO - 2022-12-15 22:46:57 --> CSRF cookie sent.
INFO - 2022-12-15 22:46:57 --> Session: Class initialized using 'CodeIgniter\Session\Handlers\FileHandler' driver.
INFO - 2022-12-15 22:47:09 --> CSRF cookie sent.
INFO - 2022-12-15 22:47:09 --> Session: Class initialized using 'CodeIgniter\Session\Handlers\FileHandler' driver.
CRITICAL - 2022-12-15 22:47:09 --> Call to undefined method CELLA\Controllers\Attendance::setFile()
#0 /home/apdwms/public_html/cella/Controllers/BaseController.php(532): CELLA\Controllers\Attendance->records()
#1 /home/apdwms/public_html/system/CodeIgniter.php(932): CELLA\Controllers\BaseController->_remap()
#2 /home/apdwms/public_html/system/CodeIgniter.php(432): CodeIgniter\CodeIgniter->runController()
#3 /home/apdwms/public_html/system/CodeIgniter.php(333): CodeIgniter\CodeIgniter->handleRequest()
#4 /home/apdwms/public_html/index.php(48): CodeIgniter\CodeIgniter->run()
#5 {main}
INFO - 2022-12-15 22:47:10 --> CSRF cookie sent.
INFO - 2022-12-15 22:47:10 --> Session: Class initialized using 'CodeIgniter\Session\Handlers\FileHandler' driver.
INFO - 2022-12-15 22:47:16 --> CSRF cookie sent.
INFO - 2022-12-15 22:47:16 --> Session: Class initialized using 'CodeIgniter\Session\Handlers\FileHandler' driver.
INFO - 2022-12-15 22:47:17 --> CSRF cookie sent.
INFO - 2022-12-15 22:47:17 --> Session: Class initialized using 'CodeIgniter\Session\Handlers\FileHandler' driver.
INFO - 2022-12-15 22:47:17 --> CSRF cookie sent.
INFO - 2022-12-15 22:47:17 --> Session: Class initialized using 'CodeIgniter\Session\Handlers\FileHandler' driver.
INFO - 2022-12-15 22:49:52 --> CSRF cookie sent.
INFO - 2022-12-15 22:49:52 --> Session: Class initialized using 'CodeIgniter\Session\Handlers\FileHandler' driver.
INFO - 2022-12-15 22:49:53 --> CSRF cookie sent.
INFO - 2022-12-15 22:49:53 --> Session: Class initialized using 'CodeIgniter\Session\Handlers\FileHandler' driver.
INFO - 2022-12-15 22:49:54 --> CSRF cookie sent.
INFO - 2022-12-15 22:49:54 --> Session: Class initialized using 'CodeIgniter\Session\Handlers\FileHandler' driver.
INFO - 2022-12-15 22:52:15 --> CSRF cookie sent.
INFO - 2022-12-15 22:52:15 --> Session: Class initialized using 'CodeIgniter\Session\Handlers\FileHandler' driver.
INFO - 2022-12-15 22:52:15 --> CSRF cookie sent.
INFO - 2022-12-15 22:52:15 --> Session: Class initialized using 'CodeIgniter\Session\Handlers\FileHandler' driver.
INFO - 2022-12-15 22:52:16 --> CSRF cookie sent.
INFO - 2022-12-15 22:52:16 --> Session: Class initialized using 'CodeIgniter\Session\Handlers\FileHandler' driver.
INFO - 2022-12-15 22:57:47 --> CSRF cookie sent.
INFO - 2022-12-15 22:57:47 --> Session: Class initialized using 'CodeIgniter\Session\Handlers\FileHandler' driver.
INFO - 2022-12-15 22:57:48 --> CSRF cookie sent.
INFO - 2022-12-15 22:57:48 --> Session: Class initialized using 'CodeIgniter\Session\Handlers\FileHandler' driver.
INFO - 2022-12-15 22:57:49 --> CSRF cookie sent.
INFO - 2022-12-15 22:57:49 --> Session: Class initialized using 'CodeIgniter\Session\Handlers\FileHandler' driver.
INFO - 2022-12-15 22:59:00 --> CSRF cookie sent.
INFO - 2022-12-15 22:59:00 --> Session: Class initialized using 'CodeIgniter\Session\Handlers\FileHandler' driver.
INFO - 2022-12-15 22:59:01 --> CSRF cookie sent.
INFO - 2022-12-15 22:59:01 --> Session: Class initialized using 'CodeIgniter\Session\Handlers\FileHandler' driver.
INFO - 2022-12-15 22:59:02 --> CSRF cookie sent.
INFO - 2022-12-15 22:59:02 --> Session: Class initialized using 'CodeIgniter\Session\Handlers\FileHandler' driver.
INFO - 2022-12-15 22:59:12 --> CSRF cookie sent.
INFO - 2022-12-15 22:59:12 --> Session: Class initialized using 'CodeIgniter\Session\Handlers\FileHandler' driver.
CRITICAL - 2022-12-15 22:59:12 --> syntax error, unexpected '<'
#0 /home/apdwms/public_html/system/View/View.php(231): CodeIgniter\View\View->CodeIgniter\View\{closure}()
#1 /home/apdwms/public_html/cella/Controllers/Pages/View.php(947): CodeIgniter\View\View->render()
#2 /home/apdwms/public_html/cella/Controllers/Attendance.php(61): CELLA\Controllers\Pages\View->render()
#3 /home/apdwms/public_html/cella/Controllers/BaseController.php(532): CELLA\Controllers\Attendance->records()
#4 /home/apdwms/public_html/system/CodeIgniter.php(932): CELLA\Controllers\BaseController->_remap()
#5 /home/apdwms/public_html/system/CodeIgniter.php(432): CodeIgniter\CodeIgniter->runController()
#6 /home/apdwms/public_html/system/CodeIgniter.php(333): CodeIgniter\CodeIgniter->handleRequest()
#7 /home/apdwms/public_html/index.php(48): CodeIgniter\CodeIgniter->run()
#8 {main}
INFO - 2022-12-15 22:59:13 --> CSRF cookie sent.
INFO - 2022-12-15 22:59:13 --> Session: Class initialized using 'CodeIgniter\Session\Handlers\FileHandler' driver.
INFO - 2022-12-15 22:59:21 --> CSRF cookie sent.
INFO - 2022-12-15 22:59:21 --> Session: Class initialized using 'CodeIgniter\Session\Handlers\FileHandler' driver.
INFO - 2022-12-15 22:59:21 --> CSRF cookie sent.
INFO - 2022-12-15 22:59:21 --> Session: Class initialized using 'CodeIgniter\Session\Handlers\FileHandler' driver.
INFO - 2022-12-15 22:59:22 --> CSRF cookie sent.
INFO - 2022-12-15 22:59:22 --> Session: Class initialized using 'CodeIgniter\Session\Handlers\FileHandler' driver.
INFO - 2022-12-15 23:00:37 --> CSRF cookie sent.
INFO - 2022-12-15 23:00:37 --> Session: Class initialized using 'CodeIgniter\Session\Handlers\FileHandler' driver.
INFO - 2022-12-15 23:00:37 --> CSRF cookie sent.
INFO - 2022-12-15 23:00:37 --> Session: Class initialized using 'CodeIgniter\Session\Handlers\FileHandler' driver.
INFO - 2022-12-15 23:00:38 --> CSRF cookie sent.
INFO - 2022-12-15 23:00:38 --> Session: Class initialized using 'CodeIgniter\Session\Handlers\FileHandler' driver.
INFO - 2022-12-15 23:01:06 --> CSRF cookie sent.
INFO - 2022-12-15 23:01:06 --> Session: Class initialized using 'CodeIgniter\Session\Handlers\FileHandler' driver.
INFO - 2022-12-15 23:01:06 --> CSRF cookie sent.
INFO - 2022-12-15 23:01:06 --> Session: Class initialized using 'CodeIgniter\Session\Handlers\FileHandler' driver.
INFO - 2022-12-15 23:01:07 --> CSRF cookie sent.
INFO - 2022-12-15 23:01:07 --> Session: Class initialized using 'CodeIgniter\Session\Handlers\FileHandler' driver.
INFO - 2022-12-15 23:01:32 --> CSRF cookie sent.
INFO - 2022-12-15 23:01:32 --> Session: Class initialized using 'CodeIgniter\Session\Handlers\FileHandler' driver.
INFO - 2022-12-15 23:01:33 --> CSRF cookie sent.
INFO - 2022-12-15 23:01:33 --> Session: Class initialized using 'CodeIgniter\Session\Handlers\FileHandler' driver.
INFO - 2022-12-15 23:01:33 --> CSRF cookie sent.
INFO - 2022-12-15 23:01:33 --> Session: Class initialized using 'CodeIgniter\Session\Handlers\FileHandler' driver.
INFO - 2022-12-15 23:02:03 --> CSRF cookie sent.
INFO - 2022-12-15 23:02:03 --> Session: Class initialized using 'CodeIgniter\Session\Handlers\FileHandler' driver.
INFO - 2022-12-15 23:02:04 --> CSRF cookie sent.
INFO - 2022-12-15 23:02:04 --> Session: Class initialized using 'CodeIgniter\Session\Handlers\FileHandler' driver.
INFO - 2022-12-15 23:02:04 --> CSRF cookie sent.
INFO - 2022-12-15 23:02:04 --> Session: Class initialized using 'CodeIgniter\Session\Handlers\FileHandler' driver.
INFO - 2022-12-15 23:02:16 --> CSRF cookie sent.
INFO - 2022-12-15 23:02:16 --> Session: Class initialized using 'CodeIgniter\Session\Handlers\FileHandler' driver.
INFO - 2022-12-15 23:02:17 --> CSRF cookie sent.
INFO - 2022-12-15 23:02:17 --> Session: Class initialized using 'CodeIgniter\Session\Handlers\FileHandler' driver.
INFO - 2022-12-15 23:02:17 --> CSRF cookie sent.
INFO - 2022-12-15 23:02:17 --> Session: Class initialized using 'CodeIgniter\Session\Handlers\FileHandler' driver.
INFO - 2022-12-15 23:02:59 --> CSRF cookie sent.
INFO - 2022-12-15 23:02:59 --> Session: Class initialized using 'CodeIgniter\Session\Handlers\FileHandler' driver.
INFO - 2022-12-15 23:03:00 --> CSRF cookie sent.
INFO - 2022-12-15 23:03:00 --> Session: Class initialized using 'CodeIgniter\Session\Handlers\FileHandler' driver.
INFO - 2022-12-15 23:03:00 --> CSRF cookie sent.
INFO - 2022-12-15 23:03:00 --> Session: Class initialized using 'CodeIgniter\Session\Handlers\FileHandler' driver.
INFO - 2022-12-15 23:03:25 --> CSRF cookie sent.
INFO - 2022-12-15 23:03:25 --> Session: Class initialized using 'CodeIgniter\Session\Handlers\FileHandler' driver.
INFO - 2022-12-15 23:03:26 --> CSRF cookie sent.
INFO - 2022-12-15 23:03:26 --> Session: Class initialized using 'CodeIgniter\Session\Handlers\FileHandler' driver.
INFO - 2022-12-15 23:03:26 --> CSRF cookie sent.
INFO - 2022-12-15 23:03:26 --> Session: Class initialized using 'CodeIgniter\Session\Handlers\FileHandler' driver.
INFO - 2022-12-15 23:03:43 --> CSRF cookie sent.
INFO - 2022-12-15 23:03:43 --> Session: Class initialized using 'CodeIgniter\Session\Handlers\FileHandler' driver.
INFO - 2022-12-15 23:03:43 --> CSRF cookie sent.
INFO - 2022-12-15 23:03:43 --> Session: Class initialized using 'CodeIgniter\Session\Handlers\FileHandler' driver.
INFO - 2022-12-15 23:03:44 --> CSRF cookie sent.
INFO - 2022-12-15 23:03:44 --> Session: Class initialized using 'CodeIgniter\Session\Handlers\FileHandler' driver.
INFO - 2022-12-15 23:03:53 --> CSRF cookie sent.
INFO - 2022-12-15 23:03:53 --> Session: Class initialized using 'CodeIgniter\Session\Handlers\FileHandler' driver.
INFO - 2022-12-15 23:03:54 --> CSRF cookie sent.
INFO - 2022-12-15 23:03:54 --> Session: Class initialized using 'CodeIgniter\Session\Handlers\FileHandler' driver.
INFO - 2022-12-15 23:03:55 --> CSRF cookie sent.
INFO - 2022-12-15 23:03:55 --> Session: Class initialized using 'CodeIgniter\Session\Handlers\FileHandler' driver.
INFO - 2022-12-15 23:04:02 --> CSRF cookie sent.
INFO - 2022-12-15 23:04:02 --> Session: Class initialized using 'CodeIgniter\Session\Handlers\FileHandler' driver.
INFO - 2022-12-15 23:04:02 --> CSRF cookie sent.
INFO - 2022-12-15 23:04:03 --> Session: Class initialized using 'CodeIgniter\Session\Handlers\FileHandler' driver.
INFO - 2022-12-15 23:04:03 --> CSRF cookie sent.
INFO - 2022-12-15 23:04:03 --> Session: Class initialized using 'CodeIgniter\Session\Handlers\FileHandler' driver.
INFO - 2022-12-15 23:04:58 --> CSRF cookie sent.
INFO - 2022-12-15 23:04:58 --> Session: Class initialized using 'CodeIgniter\Session\Handlers\FileHandler' driver.
INFO - 2022-12-15 23:04:59 --> CSRF cookie sent.
INFO - 2022-12-15 23:04:59 --> Session: Class initialized using 'CodeIgniter\Session\Handlers\FileHandler' driver.
INFO - 2022-12-15 23:04:59 --> CSRF cookie sent.
INFO - 2022-12-15 23:04:59 --> Session: Class initialized using 'CodeIgniter\Session\Handlers\FileHandler' driver.
INFO - 2022-12-15 23:05:21 --> CSRF cookie sent.
INFO - 2022-12-15 23:05:21 --> Session: Class initialized using 'CodeIgniter\Session\Handlers\FileHandler' driver.
INFO - 2022-12-15 23:05:22 --> CSRF cookie sent.
INFO - 2022-12-15 23:05:22 --> Session: Class initialized using 'CodeIgniter\Session\Handlers\FileHandler' driver.
INFO - 2022-12-15 23:05:22 --> CSRF cookie sent.
INFO - 2022-12-15 23:05:22 --> Session: Class initialized using 'CodeIgniter\Session\Handlers\FileHandler' driver.
INFO - 2022-12-15 23:06:34 --> CSRF cookie sent.
INFO - 2022-12-15 23:06:34 --> Session: Class initialized using 'CodeIgniter\Session\Handlers\FileHandler' driver.
INFO - 2022-12-15 23:06:35 --> CSRF cookie sent.
INFO - 2022-12-15 23:06:35 --> Session: Class initialized using 'CodeIgniter\Session\Handlers\FileHandler' driver.
INFO - 2022-12-15 23:06:35 --> CSRF cookie sent.
INFO - 2022-12-15 23:06:35 --> Session: Class initialized using 'CodeIgniter\Session\Handlers\FileHandler' driver.
INFO - 2022-12-15 23:08:50 --> CSRF cookie sent.
INFO - 2022-12-15 23:08:50 --> Session: Class initialized using 'CodeIgniter\Session\Handlers\FileHandler' driver.
CRITICAL - 2022-12-15 23:08:51 --> syntax error, unexpected end of file
#0 /home/apdwms/public_html/system/View/View.php(231): CodeIgniter\View\View->CodeIgniter\View\{closure}()
#1 /home/apdwms/public_html/cella/Controllers/Pages/View.php(947): CodeIgniter\View\View->render()
#2 /home/apdwms/public_html/cella/Controllers/Attendance.php(61): CELLA\Controllers\Pages\View->render()
#3 /home/apdwms/public_html/cella/Controllers/BaseController.php(532): CELLA\Controllers\Attendance->records()
#4 /home/apdwms/public_html/system/CodeIgniter.php(932): CELLA\Controllers\BaseController->_remap()
#5 /home/apdwms/public_html/system/CodeIgniter.php(432): CodeIgniter\CodeIgniter->runController()
#6 /home/apdwms/public_html/system/CodeIgniter.php(333): CodeIgniter\CodeIgniter->handleRequest()
#7 /home/apdwms/public_html/index.php(48): CodeIgniter\CodeIgniter->run()
#8 {main}
INFO - 2022-12-15 23:08:51 --> CSRF cookie sent.
INFO - 2022-12-15 23:08:51 --> Session: Class initialized using 'CodeIgniter\Session\Handlers\FileHandler' driver.
INFO - 2022-12-15 23:09:02 --> CSRF cookie sent.
INFO - 2022-12-15 23:09:02 --> Session: Class initialized using 'CodeIgniter\Session\Handlers\FileHandler' driver.
INFO - 2022-12-15 23:09:03 --> CSRF cookie sent.
INFO - 2022-12-15 23:09:03 --> Session: Class initialized using 'CodeIgniter\Session\Handlers\FileHandler' driver.
INFO - 2022-12-15 23:09:03 --> CSRF cookie sent.
INFO - 2022-12-15 23:09:03 --> Session: Class initialized using 'CodeIgniter\Session\Handlers\FileHandler' driver.
INFO - 2022-12-15 23:09:23 --> CSRF cookie sent.
INFO - 2022-12-15 23:09:23 --> Session: Class initialized using 'CodeIgniter\Session\Handlers\FileHandler' driver.
INFO - 2022-12-15 23:09:24 --> CSRF cookie sent.
INFO - 2022-12-15 23:09:24 --> Session: Class initialized using 'CodeIgniter\Session\Handlers\FileHandler' driver.
INFO - 2022-12-15 23:09:24 --> CSRF cookie sent.
INFO - 2022-12-15 23:09:24 --> Session: Class initialized using 'CodeIgniter\Session\Handlers\FileHandler' driver.
INFO - 2022-12-15 23:13:02 --> CSRF cookie sent.
INFO - 2022-12-15 23:13:02 --> Session: Class initialized using 'CodeIgniter\Session\Handlers\FileHandler' driver.
INFO - 2022-12-15 23:13:02 --> CSRF cookie sent.
INFO - 2022-12-15 23:13:02 --> Session: Class initialized using 'CodeIgniter\Session\Handlers\FileHandler' driver.
INFO - 2022-12-15 23:13:03 --> CSRF cookie sent.
INFO - 2022-12-15 23:13:03 --> Session: Class initialized using 'CodeIgniter\Session\Handlers\FileHandler' driver.
INFO - 2022-12-15 23:13:25 --> CSRF cookie sent.
INFO - 2022-12-15 23:13:25 --> Session: Class initialized using 'CodeIgniter\Session\Handlers\FileHandler' driver.
INFO - 2022-12-15 23:13:26 --> CSRF cookie sent.
INFO - 2022-12-15 23:13:26 --> Session: Class initialized using 'CodeIgniter\Session\Handlers\FileHandler' driver.
INFO - 2022-12-15 23:13:26 --> CSRF cookie sent.
INFO - 2022-12-15 23:13:26 --> Session: Class initialized using 'CodeIgniter\Session\Handlers\FileHandler' driver.
INFO - 2022-12-15 23:15:12 --> CSRF cookie sent.
INFO - 2022-12-15 23:15:12 --> Session: Class initialized using 'CodeIgniter\Session\Handlers\FileHandler' driver.
INFO - 2022-12-15 23:15:13 --> CSRF cookie sent.
INFO - 2022-12-15 23:15:13 --> Session: Class initialized using 'CodeIgniter\Session\Handlers\FileHandler' driver.
INFO - 2022-12-15 23:15:13 --> CSRF cookie sent.
INFO - 2022-12-15 23:15:14 --> Session: Class initialized using 'CodeIgniter\Session\Handlers\FileHandler' driver.
INFO - 2022-12-15 23:15:24 --> CSRF cookie sent.
INFO - 2022-12-15 23:15:24 --> Session: Class initialized using 'CodeIgniter\Session\Handlers\FileHandler' driver.
INFO - 2022-12-15 23:15:25 --> CSRF cookie sent.
INFO - 2022-12-15 23:15:25 --> Session: Class initialized using 'CodeIgniter\Session\Handlers\FileHandler' driver.
INFO - 2022-12-15 23:15:26 --> CSRF cookie sent.
INFO - 2022-12-15 23:15:26 --> Session: Class initialized using 'CodeIgniter\Session\Handlers\FileHandler' driver.
INFO - 2022-12-15 23:15:42 --> CSRF cookie sent.
INFO - 2022-12-15 23:15:42 --> Session: Class initialized using 'CodeIgniter\Session\Handlers\FileHandler' driver.
INFO - 2022-12-15 23:15:43 --> CSRF cookie sent.
INFO - 2022-12-15 23:15:43 --> Session: Class initialized using 'CodeIgniter\Session\Handlers\FileHandler' driver.
INFO - 2022-12-15 23:15:43 --> CSRF cookie sent.
INFO - 2022-12-15 23:15:43 --> Session: Class initialized using 'CodeIgniter\Session\Handlers\FileHandler' driver.
INFO - 2022-12-15 23:16:08 --> CSRF cookie sent.
INFO - 2022-12-15 23:16:08 --> Session: Class initialized using 'CodeIgniter\Session\Handlers\FileHandler' driver.
INFO - 2022-12-15 23:16:08 --> CSRF cookie sent.
INFO - 2022-12-15 23:16:08 --> Session: Class initialized using 'CodeIgniter\Session\Handlers\FileHandler' driver.
INFO - 2022-12-15 23:16:09 --> CSRF cookie sent.
INFO - 2022-12-15 23:16:09 --> Session: Class initialized using 'CodeIgniter\Session\Handlers\FileHandler' driver.
INFO - 2022-12-15 23:17:34 --> CSRF cookie sent.
INFO - 2022-12-15 23:17:34 --> Session: Class initialized using 'CodeIgniter\Session\Handlers\FileHandler' driver.
INFO - 2022-12-15 23:17:34 --> CSRF cookie sent.
INFO - 2022-12-15 23:17:34 --> Session: Class initialized using 'CodeIgniter\Session\Handlers\FileHandler' driver.
INFO - 2022-12-15 23:17:35 --> CSRF cookie sent.
INFO - 2022-12-15 23:17:35 --> Session: Class initialized using 'CodeIgniter\Session\Handlers\FileHandler' driver.
INFO - 2022-12-15 23:18:33 --> CSRF cookie sent.
INFO - 2022-12-15 23:18:33 --> Session: Class initialized using 'CodeIgniter\Session\Handlers\FileHandler' driver.
INFO - 2022-12-15 23:18:33 --> CSRF cookie sent.
INFO - 2022-12-15 23:18:33 --> Session: Class initialized using 'CodeIgniter\Session\Handlers\FileHandler' driver.
INFO - 2022-12-15 23:18:34 --> CSRF cookie sent.
INFO - 2022-12-15 23:18:34 --> Session: Class initialized using 'CodeIgniter\Session\Handlers\FileHandler' driver.
INFO - 2022-12-15 23:20:04 --> CSRF cookie sent.
INFO - 2022-12-15 23:20:04 --> Session: Class initialized using 'CodeIgniter\Session\Handlers\FileHandler' driver.
INFO - 2022-12-15 23:20:05 --> CSRF cookie sent.
INFO - 2022-12-15 23:20:05 --> Session: Class initialized using 'CodeIgniter\Session\Handlers\FileHandler' driver.
INFO - 2022-12-15 23:20:06 --> CSRF cookie sent.
INFO - 2022-12-15 23:20:06 --> Session: Class initialized using 'CodeIgniter\Session\Handlers\FileHandler' driver.
INFO - 2022-12-15 23:22:24 --> CSRF cookie sent.
INFO - 2022-12-15 23:22:24 --> Session: Class initialized using 'CodeIgniter\Session\Handlers\FileHandler' driver.
INFO - 2022-12-15 23:22:25 --> CSRF cookie sent.
INFO - 2022-12-15 23:22:25 --> Session: Class initialized using 'CodeIgniter\Session\Handlers\FileHandler' driver.
INFO - 2022-12-15 23:22:25 --> CSRF cookie sent.
INFO - 2022-12-15 23:22:25 --> Session: Class initialized using 'CodeIgniter\Session\Handlers\FileHandler' driver.
INFO - 2022-12-15 23:23:39 --> CSRF cookie sent.
INFO - 2022-12-15 23:23:39 --> Session: Class initialized using 'CodeIgniter\Session\Handlers\FileHandler' driver.
INFO - 2022-12-15 23:23:39 --> CSRF cookie sent.
INFO - 2022-12-15 23:23:39 --> Session: Class initialized using 'CodeIgniter\Session\Handlers\FileHandler' driver.
INFO - 2022-12-15 23:23:40 --> CSRF cookie sent.
INFO - 2022-12-15 23:23:40 --> Session: Class initialized using 'CodeIgniter\Session\Handlers\FileHandler' driver.
INFO - 2022-12-15 23:23:49 --> CSRF cookie sent.
INFO - 2022-12-15 23:23:49 --> Session: Class initialized using 'CodeIgniter\Session\Handlers\FileHandler' driver.
INFO - 2022-12-15 23:24:16 --> CSRF cookie sent.
INFO - 2022-12-15 23:24:16 --> Session: Class initialized using 'CodeIgniter\Session\Handlers\FileHandler' driver.
INFO - 2022-12-15 23:24:17 --> CSRF cookie sent.
INFO - 2022-12-15 23:24:17 --> Session: Class initialized using 'CodeIgniter\Session\Handlers\FileHandler' driver.
INFO - 2022-12-15 23:24:17 --> CSRF cookie sent.
INFO - 2022-12-15 23:24:17 --> Session: Class initialized using 'CodeIgniter\Session\Handlers\FileHandler' driver.
INFO - 2022-12-15 23:24:43 --> CSRF cookie sent.
INFO - 2022-12-15 23:24:43 --> Session: Class initialized using 'CodeIgniter\Session\Handlers\FileHandler' driver.
INFO - 2022-12-15 23:24:44 --> CSRF cookie sent.
INFO - 2022-12-15 23:24:44 --> Session: Class initialized using 'CodeIgniter\Session\Handlers\FileHandler' driver.
INFO - 2022-12-15 23:24:44 --> CSRF cookie sent.
INFO - 2022-12-15 23:24:44 --> Session: Class initialized using 'CodeIgniter\Session\Handlers\FileHandler' driver.
INFO - 2022-12-15 23:25:11 --> CSRF cookie sent.
INFO - 2022-12-15 23:25:11 --> Session: Class initialized using 'CodeIgniter\Session\Handlers\FileHandler' driver.
INFO - 2022-12-15 23:25:11 --> CSRF cookie sent.
INFO - 2022-12-15 23:25:11 --> Session: Class initialized using 'CodeIgniter\Session\Handlers\FileHandler' driver.
INFO - 2022-12-15 23:25:12 --> CSRF cookie sent.
INFO - 2022-12-15 23:25:12 --> Session: Class initialized using 'CodeIgniter\Session\Handlers\FileHandler' driver.
INFO - 2022-12-15 23:25:49 --> CSRF cookie sent.
INFO - 2022-12-15 23:25:49 --> Session: Class initialized using 'CodeIgniter\Session\Handlers\FileHandler' driver.
INFO - 2022-12-15 23:25:50 --> CSRF cookie sent.
INFO - 2022-12-15 23:25:50 --> Session: Class initialized using 'CodeIgniter\Session\Handlers\FileHandler' driver.
INFO - 2022-12-15 23:25:51 --> CSRF cookie sent.
INFO - 2022-12-15 23:25:51 --> Session: Class initialized using 'CodeIgniter\Session\Handlers\FileHandler' driver.
INFO - 2022-12-15 23:26:36 --> CSRF cookie sent.
INFO - 2022-12-15 23:26:36 --> Session: Class initialized using 'CodeIgniter\Session\Handlers\FileHandler' driver.
INFO - 2022-12-15 23:26:36 --> CSRF cookie sent.
INFO - 2022-12-15 23:26:36 --> Session: Class initialized using 'CodeIgniter\Session\Handlers\FileHandler' driver.
INFO - 2022-12-15 23:26:37 --> CSRF cookie sent.
INFO - 2022-12-15 23:26:37 --> Session: Class initialized using 'CodeIgniter\Session\Handlers\FileHandler' driver.
INFO - 2022-12-15 23:27:09 --> CSRF cookie sent.
INFO - 2022-12-15 23:27:09 --> Session: Class initialized using 'CodeIgniter\Session\Handlers\FileHandler' driver.
INFO - 2022-12-15 23:27:10 --> CSRF cookie sent.
INFO - 2022-12-15 23:27:10 --> Session: Class initialized using 'CodeIgniter\Session\Handlers\FileHandler' driver.
INFO - 2022-12-15 23:27:10 --> CSRF cookie sent.
INFO - 2022-12-15 23:27:10 --> Session: Class initialized using 'CodeIgniter\Session\Handlers\FileHandler' driver.
INFO - 2022-12-15 23:27:23 --> CSRF cookie sent.
INFO - 2022-12-15 23:27:23 --> Session: Class initialized using 'CodeIgniter\Session\Handlers\FileHandler' driver.
INFO - 2022-12-15 23:27:23 --> CSRF cookie sent.
INFO - 2022-12-15 23:27:23 --> Session: Class initialized using 'CodeIgniter\Session\Handlers\FileHandler' driver.
INFO - 2022-12-15 23:27:24 --> CSRF cookie sent.
INFO - 2022-12-15 23:27:24 --> Session: Class initialized using 'CodeIgniter\Session\Handlers\FileHandler' driver.
INFO - 2022-12-15 23:27:44 --> CSRF cookie sent.
INFO - 2022-12-15 23:27:44 --> Session: Class initialized using 'CodeIgniter\Session\Handlers\FileHandler' driver.
INFO - 2022-12-15 23:27:45 --> CSRF cookie sent.
INFO - 2022-12-15 23:27:45 --> Session: Class initialized using 'CodeIgniter\Session\Handlers\FileHandler' driver.
INFO - 2022-12-15 23:27:46 --> CSRF cookie sent.
INFO - 2022-12-15 23:27:46 --> Session: Class initialized using 'CodeIgniter\Session\Handlers\FileHandler' driver.
INFO - 2022-12-15 23:28:07 --> CSRF cookie sent.
INFO - 2022-12-15 23:28:07 --> Session: Class initialized using 'CodeIgniter\Session\Handlers\FileHandler' driver.
INFO - 2022-12-15 23:28:07 --> CSRF cookie sent.
INFO - 2022-12-15 23:28:07 --> Session: Class initialized using 'CodeIgniter\Session\Handlers\FileHandler' driver.
INFO - 2022-12-15 23:28:08 --> CSRF cookie sent.
INFO - 2022-12-15 23:28:08 --> Session: Class initialized using 'CodeIgniter\Session\Handlers\FileHandler' driver.
INFO - 2022-12-15 23:28:38 --> CSRF cookie sent.
INFO - 2022-12-15 23:28:38 --> Session: Class initialized using 'CodeIgniter\Session\Handlers\FileHandler' driver.
INFO - 2022-12-15 23:28:38 --> CSRF cookie sent.
INFO - 2022-12-15 23:28:38 --> Session: Class initialized using 'CodeIgniter\Session\Handlers\FileHandler' driver.
INFO - 2022-12-15 23:28:39 --> CSRF cookie sent.
INFO - 2022-12-15 23:28:39 --> Session: Class initialized using 'CodeIgniter\Session\Handlers\FileHandler' driver.
INFO - 2022-12-15 23:28:58 --> CSRF cookie sent.
INFO - 2022-12-15 23:28:58 --> Session: Class initialized using 'CodeIgniter\Session\Handlers\FileHandler' driver.
INFO - 2022-12-15 23:28:59 --> CSRF cookie sent.
INFO - 2022-12-15 23:28:59 --> Session: Class initialized using 'CodeIgniter\Session\Handlers\FileHandler' driver.
INFO - 2022-12-15 23:28:59 --> CSRF cookie sent.
INFO - 2022-12-15 23:28:59 --> Session: Class initialized using 'CodeIgniter\Session\Handlers\FileHandler' driver.
INFO - 2022-12-15 23:29:46 --> CSRF cookie sent.
INFO - 2022-12-15 23:29:46 --> Session: Class initialized using 'CodeIgniter\Session\Handlers\FileHandler' driver.
INFO - 2022-12-15 23:29:46 --> CSRF cookie sent.
INFO - 2022-12-15 23:29:46 --> Session: Class initialized using 'CodeIgniter\Session\Handlers\FileHandler' driver.
INFO - 2022-12-15 23:29:47 --> CSRF cookie sent.
INFO - 2022-12-15 23:29:47 --> Session: Class initialized using 'CodeIgniter\Session\Handlers\FileHandler' driver.
INFO - 2022-12-15 23:30:39 --> CSRF cookie sent.
INFO - 2022-12-15 23:30:39 --> Session: Class initialized using 'CodeIgniter\Session\Handlers\FileHandler' driver.
INFO - 2022-12-15 23:30:40 --> CSRF cookie sent.
INFO - 2022-12-15 23:30:40 --> Session: Class initialized using 'CodeIgniter\Session\Handlers\FileHandler' driver.
INFO - 2022-12-15 23:30:40 --> CSRF cookie sent.
INFO - 2022-12-15 23:30:40 --> Session: Class initialized using 'CodeIgniter\Session\Handlers\FileHandler' driver.
INFO - 2022-12-15 23:41:00 --> CSRF cookie sent.
INFO - 2022-12-15 23:41:00 --> Session: Class initialized using 'CodeIgniter\Session\Handlers\FileHandler' driver.
INFO - 2022-12-15 23:41:00 --> CSRF cookie sent.
INFO - 2022-12-15 23:41:00 --> Session: Class initialized using 'CodeIgniter\Session\Handlers\FileHandler' driver.
INFO - 2022-12-15 23:41:01 --> CSRF cookie sent.
INFO - 2022-12-15 23:41:01 --> Session: Class initialized using 'CodeIgniter\Session\Handlers\FileHandler' driver.
