INFO - 2022-07-22 08:19:18 --> CSRF cookie sent.
INFO - 2022-07-22 08:19:18 --> Session: Class initialized using 'CodeIgniter\Session\Handlers\FileHandler' driver.
INFO - 2022-07-22 08:19:19 --> CSRF cookie sent.
INFO - 2022-07-22 08:19:19 --> Session: Class initialized using 'CodeIgniter\Session\Handlers\FileHandler' driver.
INFO - 2022-07-22 08:19:32 --> CSRF cookie sent.
INFO - 2022-07-22 08:19:32 --> Session: Class initialized using 'CodeIgniter\Session\Handlers\FileHandler' driver.
INFO - 2022-07-22 08:19:32 --> CSRF cookie sent.
INFO - 2022-07-22 08:19:32 --> Session: Class initialized using 'CodeIgniter\Session\Handlers\FileHandler' driver.
INFO - 2022-07-22 08:19:48 --> CSRF cookie sent.
INFO - 2022-07-22 08:19:48 --> CSRF token verified.
INFO - 2022-07-22 08:19:48 --> Session: Class initialized using 'CodeIgniter\Session\Handlers\FileHandler' driver.
INFO - 2022-07-22 08:19:49 --> CSRF cookie sent.
INFO - 2022-07-22 08:19:49 --> Session: Class initialized using 'CodeIgniter\Session\Handlers\FileHandler' driver.
INFO - 2022-07-22 08:43:26 --> CSRF cookie sent.
INFO - 2022-07-22 08:43:26 --> Session: Class initialized using 'CodeIgniter\Session\Handlers\FileHandler' driver.
INFO - 2022-07-22 08:43:28 --> CSRF cookie sent.
INFO - 2022-07-22 08:43:28 --> Session: Class initialized using 'CodeIgniter\Session\Handlers\FileHandler' driver.
INFO - 2022-07-22 08:43:32 --> CSRF cookie sent.
INFO - 2022-07-22 08:43:32 --> CSRF token verified.
INFO - 2022-07-22 08:43:32 --> Session: Class initialized using 'CodeIgniter\Session\Handlers\FileHandler' driver.
INFO - 2022-07-22 08:43:33 --> CSRF cookie sent.
INFO - 2022-07-22 08:43:33 --> Session: Class initialized using 'CodeIgniter\Session\Handlers\FileHandler' driver.
INFO - 2022-07-22 08:43:34 --> CSRF cookie sent.
INFO - 2022-07-22 08:43:34 --> Session: Class initialized using 'CodeIgniter\Session\Handlers\FileHandler' driver.
INFO - 2022-07-22 08:43:41 --> CSRF cookie sent.
INFO - 2022-07-22 08:43:41 --> CSRF token verified.
INFO - 2022-07-22 08:43:41 --> Session: Class initialized using 'CodeIgniter\Session\Handlers\FileHandler' driver.
INFO - 2022-07-22 08:43:42 --> CSRF cookie sent.
INFO - 2022-07-22 08:43:42 --> Session: Class initialized using 'CodeIgniter\Session\Handlers\FileHandler' driver.
INFO - 2022-07-22 08:43:43 --> CSRF cookie sent.
INFO - 2022-07-22 08:43:43 --> Session: Class initialized using 'CodeIgniter\Session\Handlers\FileHandler' driver.
INFO - 2022-07-22 08:45:00 --> CSRF cookie sent.
INFO - 2022-07-22 08:45:00 --> CSRF token verified.
INFO - 2022-07-22 08:45:00 --> Session: Class initialized using 'CodeIgniter\Session\Handlers\FileHandler' driver.
INFO - 2022-07-22 08:45:01 --> CSRF cookie sent.
INFO - 2022-07-22 08:45:01 --> Session: Class initialized using 'CodeIgniter\Session\Handlers\FileHandler' driver.
INFO - 2022-07-22 08:45:02 --> CSRF cookie sent.
INFO - 2022-07-22 08:45:02 --> Session: Class initialized using 'CodeIgniter\Session\Handlers\FileHandler' driver.
INFO - 2022-07-22 08:45:06 --> CSRF cookie sent.
INFO - 2022-07-22 08:45:06 --> CSRF token verified.
INFO - 2022-07-22 08:45:06 --> Session: Class initialized using 'CodeIgniter\Session\Handlers\FileHandler' driver.
INFO - 2022-07-22 08:45:07 --> CSRF cookie sent.
INFO - 2022-07-22 08:45:07 --> Session: Class initialized using 'CodeIgniter\Session\Handlers\FileHandler' driver.
INFO - 2022-07-22 08:45:08 --> CSRF cookie sent.
INFO - 2022-07-22 08:45:08 --> Session: Class initialized using 'CodeIgniter\Session\Handlers\FileHandler' driver.
INFO - 2022-07-22 08:46:56 --> CSRF cookie sent.
INFO - 2022-07-22 08:46:56 --> CSRF token verified.
INFO - 2022-07-22 08:46:56 --> Session: Class initialized using 'CodeIgniter\Session\Handlers\FileHandler' driver.
INFO - 2022-07-22 08:46:56 --> CSRF cookie sent.
INFO - 2022-07-22 08:46:56 --> Session: Class initialized using 'CodeIgniter\Session\Handlers\FileHandler' driver.
INFO - 2022-07-22 08:46:57 --> CSRF cookie sent.
INFO - 2022-07-22 08:46:57 --> Session: Class initialized using 'CodeIgniter\Session\Handlers\FileHandler' driver.
INFO - 2022-07-22 08:47:01 --> CSRF cookie sent.
INFO - 2022-07-22 08:47:01 --> CSRF token verified.
INFO - 2022-07-22 08:47:01 --> Session: Class initialized using 'CodeIgniter\Session\Handlers\FileHandler' driver.
INFO - 2022-07-22 08:47:01 --> CSRF cookie sent.
INFO - 2022-07-22 08:47:01 --> Session: Class initialized using 'CodeIgniter\Session\Handlers\FileHandler' driver.
INFO - 2022-07-22 08:47:02 --> CSRF cookie sent.
INFO - 2022-07-22 08:47:02 --> Session: Class initialized using 'CodeIgniter\Session\Handlers\FileHandler' driver.
INFO - 2022-07-22 08:49:08 --> CSRF cookie sent.
INFO - 2022-07-22 08:49:08 --> CSRF token verified.
INFO - 2022-07-22 08:49:08 --> Session: Class initialized using 'CodeIgniter\Session\Handlers\FileHandler' driver.
INFO - 2022-07-22 08:49:09 --> CSRF cookie sent.
INFO - 2022-07-22 08:49:09 --> Session: Class initialized using 'CodeIgniter\Session\Handlers\FileHandler' driver.
INFO - 2022-07-22 08:49:10 --> CSRF cookie sent.
INFO - 2022-07-22 08:49:10 --> Session: Class initialized using 'CodeIgniter\Session\Handlers\FileHandler' driver.
INFO - 2022-07-22 08:49:14 --> CSRF cookie sent.
INFO - 2022-07-22 08:49:14 --> CSRF token verified.
INFO - 2022-07-22 08:49:14 --> Session: Class initialized using 'CodeIgniter\Session\Handlers\FileHandler' driver.
INFO - 2022-07-22 08:49:15 --> CSRF cookie sent.
INFO - 2022-07-22 08:49:15 --> Session: Class initialized using 'CodeIgniter\Session\Handlers\FileHandler' driver.
INFO - 2022-07-22 08:49:15 --> CSRF cookie sent.
INFO - 2022-07-22 08:49:15 --> Session: Class initialized using 'CodeIgniter\Session\Handlers\FileHandler' driver.
INFO - 2022-07-22 09:06:31 --> CSRF cookie sent.
INFO - 2022-07-22 09:06:31 --> CSRF token verified.
INFO - 2022-07-22 09:06:31 --> Session: Class initialized using 'CodeIgniter\Session\Handlers\FileHandler' driver.
INFO - 2022-07-22 09:06:31 --> CSRF cookie sent.
INFO - 2022-07-22 09:06:31 --> Session: Class initialized using 'CodeIgniter\Session\Handlers\FileHandler' driver.
INFO - 2022-07-22 09:06:33 --> CSRF cookie sent.
INFO - 2022-07-22 09:06:33 --> Session: Class initialized using 'CodeIgniter\Session\Handlers\FileHandler' driver.
INFO - 2022-07-22 09:06:36 --> CSRF cookie sent.
INFO - 2022-07-22 09:06:36 --> CSRF token verified.
INFO - 2022-07-22 09:06:36 --> Session: Class initialized using 'CodeIgniter\Session\Handlers\FileHandler' driver.
INFO - 2022-07-22 09:06:37 --> CSRF cookie sent.
INFO - 2022-07-22 09:06:37 --> Session: Class initialized using 'CodeIgniter\Session\Handlers\FileHandler' driver.
INFO - 2022-07-22 09:06:37 --> CSRF cookie sent.
INFO - 2022-07-22 09:06:37 --> Session: Class initialized using 'CodeIgniter\Session\Handlers\FileHandler' driver.
INFO - 2022-07-22 09:08:33 --> CSRF cookie sent.
INFO - 2022-07-22 09:08:33 --> CSRF token verified.
INFO - 2022-07-22 09:08:33 --> Session: Class initialized using 'CodeIgniter\Session\Handlers\FileHandler' driver.
INFO - 2022-07-22 09:08:34 --> CSRF cookie sent.
INFO - 2022-07-22 09:08:34 --> Session: Class initialized using 'CodeIgniter\Session\Handlers\FileHandler' driver.
INFO - 2022-07-22 09:08:35 --> CSRF cookie sent.
INFO - 2022-07-22 09:08:35 --> Session: Class initialized using 'CodeIgniter\Session\Handlers\FileHandler' driver.
INFO - 2022-07-22 09:09:07 --> CSRF cookie sent.
INFO - 2022-07-22 09:09:07 --> CSRF token verified.
INFO - 2022-07-22 09:09:07 --> Session: Class initialized using 'CodeIgniter\Session\Handlers\FileHandler' driver.
INFO - 2022-07-22 09:09:07 --> CSRF cookie sent.
INFO - 2022-07-22 09:09:07 --> Session: Class initialized using 'CodeIgniter\Session\Handlers\FileHandler' driver.
INFO - 2022-07-22 09:09:08 --> CSRF cookie sent.
INFO - 2022-07-22 09:09:08 --> Session: Class initialized using 'CodeIgniter\Session\Handlers\FileHandler' driver.
INFO - 2022-07-22 09:36:33 --> CSRF cookie sent.
INFO - 2022-07-22 09:36:33 --> CSRF token verified.
INFO - 2022-07-22 09:36:33 --> Session: Class initialized using 'CodeIgniter\Session\Handlers\FileHandler' driver.
INFO - 2022-07-22 09:36:35 --> CSRF cookie sent.
INFO - 2022-07-22 09:36:35 --> Session: Class initialized using 'CodeIgniter\Session\Handlers\FileHandler' driver.
INFO - 2022-07-22 09:36:36 --> CSRF cookie sent.
INFO - 2022-07-22 09:36:36 --> Session: Class initialized using 'CodeIgniter\Session\Handlers\FileHandler' driver.
INFO - 2022-07-22 09:36:42 --> CSRF cookie sent.
INFO - 2022-07-22 09:36:42 --> CSRF token verified.
INFO - 2022-07-22 09:36:42 --> Session: Class initialized using 'CodeIgniter\Session\Handlers\FileHandler' driver.
INFO - 2022-07-22 09:36:44 --> CSRF cookie sent.
INFO - 2022-07-22 09:36:44 --> Session: Class initialized using 'CodeIgniter\Session\Handlers\FileHandler' driver.
INFO - 2022-07-22 09:36:45 --> CSRF cookie sent.
INFO - 2022-07-22 09:36:45 --> Session: Class initialized using 'CodeIgniter\Session\Handlers\FileHandler' driver.
INFO - 2022-07-22 09:37:51 --> CSRF cookie sent.
INFO - 2022-07-22 09:37:51 --> CSRF token verified.
INFO - 2022-07-22 09:37:51 --> Session: Class initialized using 'CodeIgniter\Session\Handlers\FileHandler' driver.
INFO - 2022-07-22 09:37:54 --> CSRF cookie sent.
INFO - 2022-07-22 09:37:54 --> Session: Class initialized using 'CodeIgniter\Session\Handlers\FileHandler' driver.
INFO - 2022-07-22 09:37:55 --> CSRF cookie sent.
INFO - 2022-07-22 09:37:55 --> Session: Class initialized using 'CodeIgniter\Session\Handlers\FileHandler' driver.
INFO - 2022-07-22 09:38:10 --> CSRF cookie sent.
INFO - 2022-07-22 09:38:10 --> CSRF token verified.
INFO - 2022-07-22 09:38:10 --> Session: Class initialized using 'CodeIgniter\Session\Handlers\FileHandler' driver.
INFO - 2022-07-22 09:38:11 --> CSRF cookie sent.
INFO - 2022-07-22 09:38:11 --> Session: Class initialized using 'CodeIgniter\Session\Handlers\FileHandler' driver.
INFO - 2022-07-22 09:38:12 --> CSRF cookie sent.
INFO - 2022-07-22 09:38:12 --> Session: Class initialized using 'CodeIgniter\Session\Handlers\FileHandler' driver.
INFO - 2022-07-22 09:38:54 --> CSRF cookie sent.
INFO - 2022-07-22 09:38:54 --> Session: Class initialized using 'CodeIgniter\Session\Handlers\FileHandler' driver.
INFO - 2022-07-22 09:38:55 --> CSRF cookie sent.
INFO - 2022-07-22 09:38:55 --> Session: Class initialized using 'CodeIgniter\Session\Handlers\FileHandler' driver.
INFO - 2022-07-22 09:39:00 --> CSRF cookie sent.
INFO - 2022-07-22 09:39:00 --> CSRF token verified.
INFO - 2022-07-22 09:39:00 --> Session: Class initialized using 'CodeIgniter\Session\Handlers\FileHandler' driver.
INFO - 2022-07-22 09:39:01 --> CSRF cookie sent.
INFO - 2022-07-22 09:39:01 --> Session: Class initialized using 'CodeIgniter\Session\Handlers\FileHandler' driver.
INFO - 2022-07-22 09:39:01 --> CSRF cookie sent.
INFO - 2022-07-22 09:39:01 --> Session: Class initialized using 'CodeIgniter\Session\Handlers\FileHandler' driver.
INFO - 2022-07-22 09:39:02 --> CSRF cookie sent.
INFO - 2022-07-22 09:39:02 --> Session: Class initialized using 'CodeIgniter\Session\Handlers\FileHandler' driver.
INFO - 2022-07-22 09:39:10 --> CSRF cookie sent.
INFO - 2022-07-22 09:39:10 --> Session: Class initialized using 'CodeIgniter\Session\Handlers\FileHandler' driver.
INFO - 2022-07-22 09:39:11 --> CSRF cookie sent.
INFO - 2022-07-22 09:39:11 --> Session: Class initialized using 'CodeIgniter\Session\Handlers\FileHandler' driver.
INFO - 2022-07-22 09:39:11 --> CSRF cookie sent.
INFO - 2022-07-22 09:39:11 --> Session: Class initialized using 'CodeIgniter\Session\Handlers\FileHandler' driver.
INFO - 2022-07-22 09:39:15 --> CSRF cookie sent.
INFO - 2022-07-22 09:39:15 --> Session: Class initialized using 'CodeIgniter\Session\Handlers\FileHandler' driver.
INFO - 2022-07-22 09:39:16 --> CSRF cookie sent.
INFO - 2022-07-22 09:39:16 --> Session: Class initialized using 'CodeIgniter\Session\Handlers\FileHandler' driver.
INFO - 2022-07-22 09:39:16 --> CSRF cookie sent.
INFO - 2022-07-22 09:39:16 --> Session: Class initialized using 'CodeIgniter\Session\Handlers\FileHandler' driver.
INFO - 2022-07-22 09:39:19 --> CSRF cookie sent.
INFO - 2022-07-22 09:39:19 --> Session: Class initialized using 'CodeIgniter\Session\Handlers\FileHandler' driver.
INFO - 2022-07-22 09:39:19 --> CSRF cookie sent.
INFO - 2022-07-22 09:39:19 --> Session: Class initialized using 'CodeIgniter\Session\Handlers\FileHandler' driver.
INFO - 2022-07-22 09:39:20 --> CSRF cookie sent.
INFO - 2022-07-22 09:39:20 --> Session: Class initialized using 'CodeIgniter\Session\Handlers\FileHandler' driver.
INFO - 2022-07-22 09:39:22 --> CSRF cookie sent.
INFO - 2022-07-22 09:39:22 --> CSRF cookie sent.
INFO - 2022-07-22 09:39:22 --> Session: Class initialized using 'CodeIgniter\Session\Handlers\FileHandler' driver.
INFO - 2022-07-22 09:39:23 --> Session: Class initialized using 'CodeIgniter\Session\Handlers\FileHandler' driver.
INFO - 2022-07-22 09:39:55 --> CSRF cookie sent.
INFO - 2022-07-22 09:39:55 --> Session: Class initialized using 'CodeIgniter\Session\Handlers\FileHandler' driver.
INFO - 2022-07-22 09:39:57 --> CSRF cookie sent.
INFO - 2022-07-22 09:39:57 --> Session: Class initialized using 'CodeIgniter\Session\Handlers\FileHandler' driver.
INFO - 2022-07-22 09:39:57 --> CSRF cookie sent.
INFO - 2022-07-22 09:39:57 --> Session: Class initialized using 'CodeIgniter\Session\Handlers\FileHandler' driver.
INFO - 2022-07-22 09:40:01 --> CSRF cookie sent.
INFO - 2022-07-22 09:40:01 --> Session: Class initialized using 'CodeIgniter\Session\Handlers\FileHandler' driver.
INFO - 2022-07-22 09:40:02 --> CSRF cookie sent.
INFO - 2022-07-22 09:40:02 --> Session: Class initialized using 'CodeIgniter\Session\Handlers\FileHandler' driver.
INFO - 2022-07-22 09:40:03 --> CSRF cookie sent.
INFO - 2022-07-22 09:40:03 --> Session: Class initialized using 'CodeIgniter\Session\Handlers\FileHandler' driver.
INFO - 2022-07-22 09:40:04 --> CSRF cookie sent.
INFO - 2022-07-22 09:40:04 --> Session: Class initialized using 'CodeIgniter\Session\Handlers\FileHandler' driver.
INFO - 2022-07-22 09:40:04 --> CSRF cookie sent.
INFO - 2022-07-22 09:40:04 --> Session: Class initialized using 'CodeIgniter\Session\Handlers\FileHandler' driver.
INFO - 2022-07-22 09:40:05 --> CSRF cookie sent.
INFO - 2022-07-22 09:40:05 --> Session: Class initialized using 'CodeIgniter\Session\Handlers\FileHandler' driver.
INFO - 2022-07-22 09:40:07 --> CSRF cookie sent.
INFO - 2022-07-22 09:40:07 --> CSRF cookie sent.
INFO - 2022-07-22 09:40:07 --> Session: Class initialized using 'CodeIgniter\Session\Handlers\FileHandler' driver.
INFO - 2022-07-22 09:40:07 --> Session: Class initialized using 'CodeIgniter\Session\Handlers\FileHandler' driver.
INFO - 2022-07-22 09:41:05 --> CSRF cookie sent.
INFO - 2022-07-22 09:41:05 --> Session: Class initialized using 'CodeIgniter\Session\Handlers\FileHandler' driver.
INFO - 2022-07-22 09:41:06 --> CSRF cookie sent.
INFO - 2022-07-22 09:41:06 --> Session: Class initialized using 'CodeIgniter\Session\Handlers\FileHandler' driver.
INFO - 2022-07-22 09:41:07 --> CSRF cookie sent.
INFO - 2022-07-22 09:41:07 --> Session: Class initialized using 'CodeIgniter\Session\Handlers\FileHandler' driver.
INFO - 2022-07-22 09:41:10 --> CSRF cookie sent.
INFO - 2022-07-22 09:41:10 --> Session: Class initialized using 'CodeIgniter\Session\Handlers\FileHandler' driver.
INFO - 2022-07-22 09:41:11 --> CSRF cookie sent.
INFO - 2022-07-22 09:41:11 --> Session: Class initialized using 'CodeIgniter\Session\Handlers\FileHandler' driver.
INFO - 2022-07-22 09:41:12 --> CSRF cookie sent.
INFO - 2022-07-22 09:41:12 --> Session: Class initialized using 'CodeIgniter\Session\Handlers\FileHandler' driver.
INFO - 2022-07-22 09:41:12 --> CSRF cookie sent.
INFO - 2022-07-22 09:41:12 --> Session: Class initialized using 'CodeIgniter\Session\Handlers\FileHandler' driver.
INFO - 2022-07-22 09:41:13 --> CSRF cookie sent.
INFO - 2022-07-22 09:41:13 --> Session: Class initialized using 'CodeIgniter\Session\Handlers\FileHandler' driver.
INFO - 2022-07-22 09:41:14 --> CSRF cookie sent.
INFO - 2022-07-22 09:41:14 --> Session: Class initialized using 'CodeIgniter\Session\Handlers\FileHandler' driver.
INFO - 2022-07-22 09:41:15 --> CSRF cookie sent.
INFO - 2022-07-22 09:41:15 --> Session: Class initialized using 'CodeIgniter\Session\Handlers\FileHandler' driver.
INFO - 2022-07-22 09:41:15 --> CSRF cookie sent.
INFO - 2022-07-22 09:41:15 --> Session: Class initialized using 'CodeIgniter\Session\Handlers\FileHandler' driver.
INFO - 2022-07-22 09:48:44 --> Session: Class initialized using 'CodeIgniter\Session\Handlers\FileHandler' driver.
INFO - 2022-07-22 09:48:44 --> CSRF cookie sent.
INFO - 2022-07-22 09:48:44 --> Session: Class initialized using 'CodeIgniter\Session\Handlers\FileHandler' driver.
INFO - 2022-07-22 09:48:44 --> CSRF cookie sent.
INFO - 2022-07-22 09:48:44 --> Session: Class initialized using 'CodeIgniter\Session\Handlers\FileHandler' driver.
INFO - 2022-07-22 09:48:51 --> CSRF cookie sent.
INFO - 2022-07-22 09:48:51 --> CSRF token verified.
INFO - 2022-07-22 09:48:51 --> Session: Class initialized using 'CodeIgniter\Session\Handlers\FileHandler' driver.
INFO - 2022-07-22 09:48:53 --> CSRF cookie sent.
INFO - 2022-07-22 09:48:53 --> Session: Class initialized using 'CodeIgniter\Session\Handlers\FileHandler' driver.
INFO - 2022-07-22 09:48:53 --> CSRF cookie sent.
INFO - 2022-07-22 09:48:53 --> Session: Class initialized using 'CodeIgniter\Session\Handlers\FileHandler' driver.
INFO - 2022-07-22 09:48:59 --> CSRF cookie sent.
INFO - 2022-07-22 09:48:59 --> Session: Class initialized using 'CodeIgniter\Session\Handlers\FileHandler' driver.
INFO - 2022-07-22 09:49:02 --> CSRF cookie sent.
INFO - 2022-07-22 09:49:02 --> Session: Class initialized using 'CodeIgniter\Session\Handlers\FileHandler' driver.
INFO - 2022-07-22 09:49:03 --> CSRF cookie sent.
INFO - 2022-07-22 09:49:03 --> Session: Class initialized using 'CodeIgniter\Session\Handlers\FileHandler' driver.
INFO - 2022-07-22 09:49:04 --> CSRF cookie sent.
INFO - 2022-07-22 09:49:04 --> Session: Class initialized using 'CodeIgniter\Session\Handlers\FileHandler' driver.
INFO - 2022-07-22 09:49:07 --> CSRF cookie sent.
INFO - 2022-07-22 09:49:07 --> Session: Class initialized using 'CodeIgniter\Session\Handlers\FileHandler' driver.
INFO - 2022-07-22 09:49:08 --> CSRF cookie sent.
INFO - 2022-07-22 09:49:08 --> Session: Class initialized using 'CodeIgniter\Session\Handlers\FileHandler' driver.
INFO - 2022-07-22 09:49:09 --> CSRF cookie sent.
INFO - 2022-07-22 09:49:09 --> Session: Class initialized using 'CodeIgniter\Session\Handlers\FileHandler' driver.
INFO - 2022-07-22 09:54:31 --> CSRF cookie sent.
INFO - 2022-07-22 09:54:31 --> Session: Class initialized using 'CodeIgniter\Session\Handlers\FileHandler' driver.
INFO - 2022-07-22 09:54:32 --> CSRF cookie sent.
INFO - 2022-07-22 09:54:32 --> Session: Class initialized using 'CodeIgniter\Session\Handlers\FileHandler' driver.
INFO - 2022-07-22 09:54:33 --> CSRF cookie sent.
INFO - 2022-07-22 09:54:33 --> Session: Class initialized using 'CodeIgniter\Session\Handlers\FileHandler' driver.
INFO - 2022-07-22 10:00:51 --> CSRF cookie sent.
INFO - 2022-07-22 10:00:51 --> Session: Class initialized using 'CodeIgniter\Session\Handlers\FileHandler' driver.
INFO - 2022-07-22 10:00:51 --> CSRF cookie sent.
INFO - 2022-07-22 10:00:51 --> Session: Class initialized using 'CodeIgniter\Session\Handlers\FileHandler' driver.
INFO - 2022-07-22 10:00:52 --> CSRF cookie sent.
INFO - 2022-07-22 10:00:52 --> Session: Class initialized using 'CodeIgniter\Session\Handlers\FileHandler' driver.
INFO - 2022-07-22 10:00:53 --> CSRF cookie sent.
INFO - 2022-07-22 10:00:53 --> Session: Class initialized using 'CodeIgniter\Session\Handlers\FileHandler' driver.
INFO - 2022-07-22 10:00:56 --> CSRF cookie sent.
INFO - 2022-07-22 10:00:56 --> Session: Class initialized using 'CodeIgniter\Session\Handlers\FileHandler' driver.
INFO - 2022-07-22 10:00:56 --> CSRF cookie sent.
INFO - 2022-07-22 10:00:56 --> Session: Class initialized using 'CodeIgniter\Session\Handlers\FileHandler' driver.
INFO - 2022-07-22 10:00:59 --> CSRF cookie sent.
INFO - 2022-07-22 10:00:59 --> Session: Class initialized using 'CodeIgniter\Session\Handlers\FileHandler' driver.
INFO - 2022-07-22 10:01:52 --> CSRF cookie sent.
INFO - 2022-07-22 10:01:52 --> CSRF token verified.
INFO - 2022-07-22 10:01:52 --> Session: Class initialized using 'CodeIgniter\Session\Handlers\FileHandler' driver.
INFO - 2022-07-22 10:01:54 --> CSRF cookie sent.
INFO - 2022-07-22 10:01:54 --> Session: Class initialized using 'CodeIgniter\Session\Handlers\FileHandler' driver.
INFO - 2022-07-22 10:01:55 --> CSRF cookie sent.
INFO - 2022-07-22 10:01:55 --> Session: Class initialized using 'CodeIgniter\Session\Handlers\FileHandler' driver.
INFO - 2022-07-22 10:01:55 --> CSRF cookie sent.
INFO - 2022-07-22 10:01:55 --> Session: Class initialized using 'CodeIgniter\Session\Handlers\FileHandler' driver.
INFO - 2022-07-22 10:01:55 --> CSRF cookie sent.
INFO - 2022-07-22 10:01:55 --> Session: Class initialized using 'CodeIgniter\Session\Handlers\FileHandler' driver.
INFO - 2022-07-22 10:01:56 --> CSRF cookie sent.
INFO - 2022-07-22 10:01:56 --> Session: Class initialized using 'CodeIgniter\Session\Handlers\FileHandler' driver.
INFO - 2022-07-22 10:01:57 --> CSRF cookie sent.
INFO - 2022-07-22 10:01:57 --> Session: Class initialized using 'CodeIgniter\Session\Handlers\FileHandler' driver.
INFO - 2022-07-22 10:02:12 --> CSRF cookie sent.
INFO - 2022-07-22 10:02:12 --> Session: Class initialized using 'CodeIgniter\Session\Handlers\FileHandler' driver.
INFO - 2022-07-22 10:02:13 --> CSRF cookie sent.
INFO - 2022-07-22 10:02:13 --> Session: Class initialized using 'CodeIgniter\Session\Handlers\FileHandler' driver.
INFO - 2022-07-22 10:02:14 --> CSRF cookie sent.
INFO - 2022-07-22 10:02:14 --> Session: Class initialized using 'CodeIgniter\Session\Handlers\FileHandler' driver.
INFO - 2022-07-22 10:02:18 --> CSRF cookie sent.
INFO - 2022-07-22 10:02:18 --> Session: Class initialized using 'CodeIgniter\Session\Handlers\FileHandler' driver.
INFO - 2022-07-22 10:02:19 --> CSRF cookie sent.
INFO - 2022-07-22 10:02:19 --> Session: Class initialized using 'CodeIgniter\Session\Handlers\FileHandler' driver.
INFO - 2022-07-22 10:02:20 --> CSRF cookie sent.
INFO - 2022-07-22 10:02:20 --> Session: Class initialized using 'CodeIgniter\Session\Handlers\FileHandler' driver.
INFO - 2022-07-22 10:02:21 --> CSRF cookie sent.
INFO - 2022-07-22 10:02:21 --> Session: Class initialized using 'CodeIgniter\Session\Handlers\FileHandler' driver.
INFO - 2022-07-22 10:02:22 --> CSRF cookie sent.
INFO - 2022-07-22 10:02:22 --> Session: Class initialized using 'CodeIgniter\Session\Handlers\FileHandler' driver.
INFO - 2022-07-22 10:02:22 --> CSRF cookie sent.
INFO - 2022-07-22 10:02:22 --> Session: Class initialized using 'CodeIgniter\Session\Handlers\FileHandler' driver.
INFO - 2022-07-22 10:02:25 --> CSRF cookie sent.
INFO - 2022-07-22 10:02:25 --> Session: Class initialized using 'CodeIgniter\Session\Handlers\FileHandler' driver.
INFO - 2022-07-22 10:02:25 --> CSRF cookie sent.
INFO - 2022-07-22 10:02:25 --> Session: Class initialized using 'CodeIgniter\Session\Handlers\FileHandler' driver.
INFO - 2022-07-22 10:02:34 --> CSRF cookie sent.
INFO - 2022-07-22 10:02:34 --> CSRF token verified.
INFO - 2022-07-22 10:02:34 --> Session: Class initialized using 'CodeIgniter\Session\Handlers\FileHandler' driver.
INFO - 2022-07-22 10:02:37 --> CSRF cookie sent.
INFO - 2022-07-22 10:02:37 --> Session: Class initialized using 'CodeIgniter\Session\Handlers\FileHandler' driver.
INFO - 2022-07-22 10:02:38 --> CSRF cookie sent.
INFO - 2022-07-22 10:02:38 --> Session: Class initialized using 'CodeIgniter\Session\Handlers\FileHandler' driver.
INFO - 2022-07-22 10:02:38 --> CSRF cookie sent.
INFO - 2022-07-22 10:02:38 --> Session: Class initialized using 'CodeIgniter\Session\Handlers\FileHandler' driver.
INFO - 2022-07-22 10:02:38 --> CSRF cookie sent.
INFO - 2022-07-22 10:02:38 --> Session: Class initialized using 'CodeIgniter\Session\Handlers\FileHandler' driver.
INFO - 2022-07-22 10:02:40 --> CSRF cookie sent.
INFO - 2022-07-22 10:02:40 --> Session: Class initialized using 'CodeIgniter\Session\Handlers\FileHandler' driver.
INFO - 2022-07-22 10:02:41 --> CSRF cookie sent.
INFO - 2022-07-22 10:02:41 --> Session: Class initialized using 'CodeIgniter\Session\Handlers\FileHandler' driver.
INFO - 2022-07-22 10:02:52 --> CSRF cookie sent.
INFO - 2022-07-22 10:02:52 --> CSRF token verified.
INFO - 2022-07-22 10:02:52 --> Session: Class initialized using 'CodeIgniter\Session\Handlers\FileHandler' driver.
INFO - 2022-07-22 10:02:52 --> CSRF cookie sent.
INFO - 2022-07-22 10:02:52 --> Session: Class initialized using 'CodeIgniter\Session\Handlers\FileHandler' driver.
INFO - 2022-07-22 10:02:53 --> CSRF cookie sent.
INFO - 2022-07-22 10:02:53 --> Session: Class initialized using 'CodeIgniter\Session\Handlers\FileHandler' driver.
INFO - 2022-07-22 10:02:54 --> CSRF cookie sent.
INFO - 2022-07-22 10:02:54 --> Session: Class initialized using 'CodeIgniter\Session\Handlers\FileHandler' driver.
INFO - 2022-07-22 10:02:54 --> CSRF cookie sent.
INFO - 2022-07-22 10:02:54 --> Session: Class initialized using 'CodeIgniter\Session\Handlers\FileHandler' driver.
INFO - 2022-07-22 10:03:03 --> CSRF cookie sent.
INFO - 2022-07-22 10:03:03 --> CSRF token verified.
INFO - 2022-07-22 10:03:03 --> Session: Class initialized using 'CodeIgniter\Session\Handlers\FileHandler' driver.
INFO - 2022-07-22 10:03:07 --> CSRF cookie sent.
INFO - 2022-07-22 10:03:07 --> CSRF token verified.
INFO - 2022-07-22 10:03:07 --> Session: Class initialized using 'CodeIgniter\Session\Handlers\FileHandler' driver.
INFO - 2022-07-22 10:03:09 --> CSRF cookie sent.
INFO - 2022-07-22 10:03:09 --> CSRF token verified.
INFO - 2022-07-22 10:03:09 --> Session: Class initialized using 'CodeIgniter\Session\Handlers\FileHandler' driver.
INFO - 2022-07-22 10:03:11 --> CSRF cookie sent.
INFO - 2022-07-22 10:03:11 --> Session: Class initialized using 'CodeIgniter\Session\Handlers\FileHandler' driver.
INFO - 2022-07-22 10:03:12 --> CSRF cookie sent.
INFO - 2022-07-22 10:03:12 --> Session: Class initialized using 'CodeIgniter\Session\Handlers\FileHandler' driver.
INFO - 2022-07-22 10:03:18 --> CSRF cookie sent.
INFO - 2022-07-22 10:03:18 --> CSRF token verified.
INFO - 2022-07-22 10:03:18 --> Session: Class initialized using 'CodeIgniter\Session\Handlers\FileHandler' driver.
INFO - 2022-07-22 10:03:21 --> CSRF cookie sent.
INFO - 2022-07-22 10:03:21 --> Session: Class initialized using 'CodeIgniter\Session\Handlers\FileHandler' driver.
INFO - 2022-07-22 10:03:22 --> CSRF cookie sent.
INFO - 2022-07-22 10:03:22 --> Session: Class initialized using 'CodeIgniter\Session\Handlers\FileHandler' driver.
INFO - 2022-07-22 10:05:43 --> CSRF cookie sent.
INFO - 2022-07-22 10:05:43 --> Session: Class initialized using 'CodeIgniter\Session\Handlers\FileHandler' driver.
INFO - 2022-07-22 10:05:44 --> CSRF cookie sent.
INFO - 2022-07-22 10:05:44 --> Session: Class initialized using 'CodeIgniter\Session\Handlers\FileHandler' driver.
INFO - 2022-07-22 10:05:44 --> CSRF cookie sent.
INFO - 2022-07-22 10:05:44 --> Session: Class initialized using 'CodeIgniter\Session\Handlers\FileHandler' driver.
INFO - 2022-07-22 10:05:45 --> CSRF cookie sent.
INFO - 2022-07-22 10:05:45 --> Session: Class initialized using 'CodeIgniter\Session\Handlers\FileHandler' driver.
INFO - 2022-07-22 10:05:48 --> CSRF cookie sent.
INFO - 2022-07-22 10:05:48 --> Session: Class initialized using 'CodeIgniter\Session\Handlers\FileHandler' driver.
INFO - 2022-07-22 10:05:48 --> CSRF cookie sent.
INFO - 2022-07-22 10:05:48 --> Session: Class initialized using 'CodeIgniter\Session\Handlers\FileHandler' driver.
INFO - 2022-07-22 10:05:50 --> CSRF cookie sent.
INFO - 2022-07-22 10:05:50 --> Session: Class initialized using 'CodeIgniter\Session\Handlers\FileHandler' driver.
INFO - 2022-07-22 10:05:51 --> CSRF cookie sent.
INFO - 2022-07-22 10:05:51 --> Session: Class initialized using 'CodeIgniter\Session\Handlers\FileHandler' driver.
INFO - 2022-07-22 10:05:54 --> CSRF cookie sent.
INFO - 2022-07-22 10:05:54 --> Session: Class initialized using 'CodeIgniter\Session\Handlers\FileHandler' driver.
INFO - 2022-07-22 10:05:54 --> CSRF cookie sent.
INFO - 2022-07-22 10:05:54 --> Session: Class initialized using 'CodeIgniter\Session\Handlers\FileHandler' driver.
INFO - 2022-07-22 10:07:13 --> CSRF cookie sent.
INFO - 2022-07-22 10:07:13 --> CSRF token verified.
INFO - 2022-07-22 10:07:13 --> Session: Class initialized using 'CodeIgniter\Session\Handlers\FileHandler' driver.
INFO - 2022-07-22 10:07:16 --> CSRF cookie sent.
INFO - 2022-07-22 10:07:16 --> Session: Class initialized using 'CodeIgniter\Session\Handlers\FileHandler' driver.
INFO - 2022-07-22 10:07:16 --> CSRF cookie sent.
INFO - 2022-07-22 10:07:16 --> Session: Class initialized using 'CodeIgniter\Session\Handlers\FileHandler' driver.
INFO - 2022-07-22 10:07:21 --> CSRF cookie sent.
INFO - 2022-07-22 10:07:21 --> CSRF token verified.
INFO - 2022-07-22 10:07:21 --> Session: Class initialized using 'CodeIgniter\Session\Handlers\FileHandler' driver.
INFO - 2022-07-22 10:07:24 --> CSRF cookie sent.
INFO - 2022-07-22 10:07:24 --> Session: Class initialized using 'CodeIgniter\Session\Handlers\FileHandler' driver.
INFO - 2022-07-22 10:07:25 --> CSRF cookie sent.
INFO - 2022-07-22 10:07:25 --> Session: Class initialized using 'CodeIgniter\Session\Handlers\FileHandler' driver.
INFO - 2022-07-22 10:08:46 --> CSRF cookie sent.
INFO - 2022-07-22 10:08:46 --> CSRF token verified.
INFO - 2022-07-22 10:08:46 --> Session: Class initialized using 'CodeIgniter\Session\Handlers\FileHandler' driver.
INFO - 2022-07-22 10:08:49 --> CSRF cookie sent.
INFO - 2022-07-22 10:08:49 --> CSRF token verified.
INFO - 2022-07-22 10:08:49 --> Session: Class initialized using 'CodeIgniter\Session\Handlers\FileHandler' driver.
INFO - 2022-07-22 10:08:52 --> CSRF cookie sent.
INFO - 2022-07-22 10:08:52 --> Session: Class initialized using 'CodeIgniter\Session\Handlers\FileHandler' driver.
INFO - 2022-07-22 10:08:52 --> CSRF cookie sent.
INFO - 2022-07-22 10:08:52 --> Session: Class initialized using 'CodeIgniter\Session\Handlers\FileHandler' driver.
INFO - 2022-07-22 10:08:53 --> CSRF cookie sent.
INFO - 2022-07-22 10:08:53 --> Session: Class initialized using 'CodeIgniter\Session\Handlers\FileHandler' driver.
INFO - 2022-07-22 10:08:54 --> CSRF cookie sent.
INFO - 2022-07-22 10:08:54 --> Session: Class initialized using 'CodeIgniter\Session\Handlers\FileHandler' driver.
INFO - 2022-07-22 10:08:56 --> CSRF cookie sent.
INFO - 2022-07-22 10:08:56 --> Session: Class initialized using 'CodeIgniter\Session\Handlers\FileHandler' driver.
INFO - 2022-07-22 10:08:57 --> CSRF cookie sent.
INFO - 2022-07-22 10:08:57 --> Session: Class initialized using 'CodeIgniter\Session\Handlers\FileHandler' driver.
INFO - 2022-07-22 10:09:02 --> CSRF cookie sent.
INFO - 2022-07-22 10:09:02 --> CSRF token verified.
INFO - 2022-07-22 10:09:02 --> Session: Class initialized using 'CodeIgniter\Session\Handlers\FileHandler' driver.
INFO - 2022-07-22 10:09:05 --> CSRF cookie sent.
INFO - 2022-07-22 10:09:05 --> Session: Class initialized using 'CodeIgniter\Session\Handlers\FileHandler' driver.
INFO - 2022-07-22 10:09:06 --> CSRF cookie sent.
INFO - 2022-07-22 10:09:06 --> Session: Class initialized using 'CodeIgniter\Session\Handlers\FileHandler' driver.
INFO - 2022-07-22 10:11:49 --> CSRF cookie sent.
INFO - 2022-07-22 10:11:49 --> CSRF token verified.
INFO - 2022-07-22 10:11:49 --> Session: Class initialized using 'CodeIgniter\Session\Handlers\FileHandler' driver.
INFO - 2022-07-22 10:11:51 --> CSRF cookie sent.
INFO - 2022-07-22 10:11:51 --> Session: Class initialized using 'CodeIgniter\Session\Handlers\FileHandler' driver.
INFO - 2022-07-22 10:11:52 --> CSRF cookie sent.
INFO - 2022-07-22 10:11:52 --> Session: Class initialized using 'CodeIgniter\Session\Handlers\FileHandler' driver.
INFO - 2022-07-22 10:11:57 --> CSRF cookie sent.
INFO - 2022-07-22 10:11:57 --> CSRF token verified.
INFO - 2022-07-22 10:11:57 --> Session: Class initialized using 'CodeIgniter\Session\Handlers\FileHandler' driver.
INFO - 2022-07-22 10:11:58 --> CSRF cookie sent.
INFO - 2022-07-22 10:11:58 --> Session: Class initialized using 'CodeIgniter\Session\Handlers\FileHandler' driver.
INFO - 2022-07-22 10:11:59 --> CSRF cookie sent.
INFO - 2022-07-22 10:11:59 --> Session: Class initialized using 'CodeIgniter\Session\Handlers\FileHandler' driver.
INFO - 2022-07-22 10:13:40 --> CSRF cookie sent.
INFO - 2022-07-22 10:13:40 --> Session: Class initialized using 'CodeIgniter\Session\Handlers\FileHandler' driver.
INFO - 2022-07-22 10:13:41 --> CSRF cookie sent.
INFO - 2022-07-22 10:13:41 --> Session: Class initialized using 'CodeIgniter\Session\Handlers\FileHandler' driver.
INFO - 2022-07-22 10:13:41 --> CSRF cookie sent.
INFO - 2022-07-22 10:13:41 --> Session: Class initialized using 'CodeIgniter\Session\Handlers\FileHandler' driver.
INFO - 2022-07-22 10:13:43 --> CSRF cookie sent.
INFO - 2022-07-22 10:13:43 --> CSRF token verified.
INFO - 2022-07-22 10:13:43 --> Session: Class initialized using 'CodeIgniter\Session\Handlers\FileHandler' driver.
INFO - 2022-07-22 10:13:47 --> CSRF cookie sent.
INFO - 2022-07-22 10:13:47 --> Session: Class initialized using 'CodeIgniter\Session\Handlers\FileHandler' driver.
INFO - 2022-07-22 10:13:47 --> CSRF cookie sent.
INFO - 2022-07-22 10:13:47 --> Session: Class initialized using 'CodeIgniter\Session\Handlers\FileHandler' driver.
INFO - 2022-07-22 10:13:56 --> CSRF cookie sent.
INFO - 2022-07-22 10:13:56 --> CSRF token verified.
INFO - 2022-07-22 10:13:56 --> Session: Class initialized using 'CodeIgniter\Session\Handlers\FileHandler' driver.
INFO - 2022-07-22 10:13:57 --> CSRF cookie sent.
INFO - 2022-07-22 10:13:57 --> Session: Class initialized using 'CodeIgniter\Session\Handlers\FileHandler' driver.
INFO - 2022-07-22 10:13:57 --> CSRF cookie sent.
INFO - 2022-07-22 10:13:57 --> Session: Class initialized using 'CodeIgniter\Session\Handlers\FileHandler' driver.
INFO - 2022-07-22 10:16:12 --> CSRF cookie sent.
INFO - 2022-07-22 10:16:12 --> CSRF token verified.
INFO - 2022-07-22 10:16:12 --> Session: Class initialized using 'CodeIgniter\Session\Handlers\FileHandler' driver.
INFO - 2022-07-22 10:16:15 --> CSRF cookie sent.
INFO - 2022-07-22 10:16:15 --> Session: Class initialized using 'CodeIgniter\Session\Handlers\FileHandler' driver.
INFO - 2022-07-22 10:16:15 --> CSRF cookie sent.
INFO - 2022-07-22 10:16:15 --> Session: Class initialized using 'CodeIgniter\Session\Handlers\FileHandler' driver.
INFO - 2022-07-22 10:16:22 --> CSRF cookie sent.
INFO - 2022-07-22 10:16:22 --> CSRF token verified.
INFO - 2022-07-22 10:16:22 --> Session: Class initialized using 'CodeIgniter\Session\Handlers\FileHandler' driver.
INFO - 2022-07-22 10:16:24 --> CSRF cookie sent.
INFO - 2022-07-22 10:16:24 --> Session: Class initialized using 'CodeIgniter\Session\Handlers\FileHandler' driver.
INFO - 2022-07-22 10:16:25 --> CSRF cookie sent.
INFO - 2022-07-22 10:16:25 --> Session: Class initialized using 'CodeIgniter\Session\Handlers\FileHandler' driver.
INFO - 2022-07-22 10:17:51 --> CSRF cookie sent.
INFO - 2022-07-22 10:17:51 --> CSRF token verified.
INFO - 2022-07-22 10:17:51 --> Session: Class initialized using 'CodeIgniter\Session\Handlers\FileHandler' driver.
INFO - 2022-07-22 10:17:53 --> CSRF cookie sent.
INFO - 2022-07-22 10:17:53 --> Session: Class initialized using 'CodeIgniter\Session\Handlers\FileHandler' driver.
INFO - 2022-07-22 10:17:54 --> CSRF cookie sent.
INFO - 2022-07-22 10:17:54 --> Session: Class initialized using 'CodeIgniter\Session\Handlers\FileHandler' driver.
INFO - 2022-07-22 10:17:59 --> CSRF cookie sent.
INFO - 2022-07-22 10:17:59 --> CSRF token verified.
INFO - 2022-07-22 10:17:59 --> Session: Class initialized using 'CodeIgniter\Session\Handlers\FileHandler' driver.
INFO - 2022-07-22 10:18:01 --> CSRF cookie sent.
INFO - 2022-07-22 10:18:01 --> Session: Class initialized using 'CodeIgniter\Session\Handlers\FileHandler' driver.
INFO - 2022-07-22 10:18:02 --> CSRF cookie sent.
INFO - 2022-07-22 10:18:02 --> Session: Class initialized using 'CodeIgniter\Session\Handlers\FileHandler' driver.
INFO - 2022-07-22 10:18:58 --> CSRF cookie sent.
INFO - 2022-07-22 10:18:58 --> Session: Class initialized using 'CodeIgniter\Session\Handlers\FileHandler' driver.
INFO - 2022-07-22 10:18:59 --> CSRF cookie sent.
INFO - 2022-07-22 10:18:59 --> Session: Class initialized using 'CodeIgniter\Session\Handlers\FileHandler' driver.
INFO - 2022-07-22 10:19:01 --> CSRF cookie sent.
INFO - 2022-07-22 10:19:01 --> Session: Class initialized using 'CodeIgniter\Session\Handlers\FileHandler' driver.
INFO - 2022-07-22 10:19:02 --> CSRF cookie sent.
INFO - 2022-07-22 10:19:02 --> Session: Class initialized using 'CodeIgniter\Session\Handlers\FileHandler' driver.
INFO - 2022-07-22 10:19:06 --> CSRF cookie sent.
INFO - 2022-07-22 10:19:06 --> Session: Class initialized using 'CodeIgniter\Session\Handlers\FileHandler' driver.
INFO - 2022-07-22 10:19:06 --> CSRF cookie sent.
INFO - 2022-07-22 10:19:06 --> Session: Class initialized using 'CodeIgniter\Session\Handlers\FileHandler' driver.
INFO - 2022-07-22 10:19:08 --> CSRF cookie sent.
INFO - 2022-07-22 10:19:08 --> Session: Class initialized using 'CodeIgniter\Session\Handlers\FileHandler' driver.
INFO - 2022-07-22 10:19:09 --> CSRF cookie sent.
INFO - 2022-07-22 10:19:09 --> Session: Class initialized using 'CodeIgniter\Session\Handlers\FileHandler' driver.
INFO - 2022-07-22 10:20:03 --> CSRF cookie sent.
INFO - 2022-07-22 10:20:03 --> CSRF token verified.
INFO - 2022-07-22 10:20:03 --> Session: Class initialized using 'CodeIgniter\Session\Handlers\FileHandler' driver.
INFO - 2022-07-22 10:20:03 --> CSRF cookie sent.
INFO - 2022-07-22 10:20:03 --> Session: Class initialized using 'CodeIgniter\Session\Handlers\FileHandler' driver.
INFO - 2022-07-22 10:20:11 --> CSRF cookie sent.
INFO - 2022-07-22 10:20:11 --> CSRF token verified.
INFO - 2022-07-22 10:20:11 --> Session: Class initialized using 'CodeIgniter\Session\Handlers\FileHandler' driver.
CRITICAL - 2022-07-22 10:20:13 --> Argument 1 passed to CodeIgniter\HTTP\RedirectResponse::to() must be of the type string, null given, called in /home/apdwms/public_html/cella/Controllers/Pallets.php on line 592
#0 /home/apdwms/public_html/cella/Controllers/Pallets.php(592): CodeIgniter\HTTP\RedirectResponse->to()
#1 /home/apdwms/public_html/cella/Controllers/BaseController.php(532): CELLA\Controllers\Pallets->save()
#2 /home/apdwms/public_html/system/CodeIgniter.php(932): CELLA\Controllers\BaseController->_remap()
#3 /home/apdwms/public_html/system/CodeIgniter.php(432): CodeIgniter\CodeIgniter->runController()
#4 /home/apdwms/public_html/system/CodeIgniter.php(333): CodeIgniter\CodeIgniter->handleRequest()
#5 /home/apdwms/public_html/index.php(48): CodeIgniter\CodeIgniter->run()
#6 {main}
INFO - 2022-07-22 10:20:14 --> CSRF cookie sent.
INFO - 2022-07-22 10:20:14 --> Session: Class initialized using 'CodeIgniter\Session\Handlers\FileHandler' driver.
INFO - 2022-07-22 10:20:19 --> CSRF cookie sent.
INFO - 2022-07-22 10:20:19 --> Session: Class initialized using 'CodeIgniter\Session\Handlers\FileHandler' driver.
INFO - 2022-07-22 10:20:19 --> CSRF cookie sent.
INFO - 2022-07-22 10:20:19 --> Session: Class initialized using 'CodeIgniter\Session\Handlers\FileHandler' driver.
INFO - 2022-07-22 10:20:33 --> CSRF cookie sent.
INFO - 2022-07-22 10:20:33 --> Session: Class initialized using 'CodeIgniter\Session\Handlers\FileHandler' driver.
INFO - 2022-07-22 10:20:34 --> CSRF cookie sent.
INFO - 2022-07-22 10:20:34 --> Session: Class initialized using 'CodeIgniter\Session\Handlers\FileHandler' driver.
INFO - 2022-07-22 10:20:35 --> CSRF cookie sent.
INFO - 2022-07-22 10:20:35 --> Session: Class initialized using 'CodeIgniter\Session\Handlers\FileHandler' driver.
INFO - 2022-07-22 10:20:36 --> CSRF cookie sent.
INFO - 2022-07-22 10:20:36 --> Session: Class initialized using 'CodeIgniter\Session\Handlers\FileHandler' driver.
INFO - 2022-07-22 10:20:41 --> CSRF cookie sent.
INFO - 2022-07-22 10:20:41 --> CSRF token verified.
INFO - 2022-07-22 10:20:41 --> Session: Class initialized using 'CodeIgniter\Session\Handlers\FileHandler' driver.
INFO - 2022-07-22 10:20:43 --> CSRF cookie sent.
INFO - 2022-07-22 10:20:43 --> Session: Class initialized using 'CodeIgniter\Session\Handlers\FileHandler' driver.
INFO - 2022-07-22 10:20:44 --> CSRF cookie sent.
INFO - 2022-07-22 10:20:44 --> Session: Class initialized using 'CodeIgniter\Session\Handlers\FileHandler' driver.
INFO - 2022-07-22 10:20:48 --> CSRF cookie sent.
INFO - 2022-07-22 10:20:48 --> CSRF token verified.
INFO - 2022-07-22 10:20:48 --> Session: Class initialized using 'CodeIgniter\Session\Handlers\FileHandler' driver.
INFO - 2022-07-22 10:20:50 --> CSRF cookie sent.
INFO - 2022-07-22 10:20:50 --> Session: Class initialized using 'CodeIgniter\Session\Handlers\FileHandler' driver.
INFO - 2022-07-22 10:20:51 --> CSRF cookie sent.
INFO - 2022-07-22 10:20:51 --> Session: Class initialized using 'CodeIgniter\Session\Handlers\FileHandler' driver.
INFO - 2022-07-22 10:25:17 --> CSRF cookie sent.
INFO - 2022-07-22 10:25:17 --> CSRF token verified.
INFO - 2022-07-22 10:25:17 --> Session: Class initialized using 'CodeIgniter\Session\Handlers\FileHandler' driver.
INFO - 2022-07-22 10:25:19 --> CSRF cookie sent.
INFO - 2022-07-22 10:25:19 --> Session: Class initialized using 'CodeIgniter\Session\Handlers\FileHandler' driver.
INFO - 2022-07-22 10:25:20 --> CSRF cookie sent.
INFO - 2022-07-22 10:25:20 --> Session: Class initialized using 'CodeIgniter\Session\Handlers\FileHandler' driver.
INFO - 2022-07-22 10:26:23 --> CSRF cookie sent.
INFO - 2022-07-22 10:26:23 --> CSRF token verified.
INFO - 2022-07-22 10:26:23 --> Session: Class initialized using 'CodeIgniter\Session\Handlers\FileHandler' driver.
INFO - 2022-07-22 10:26:26 --> CSRF cookie sent.
INFO - 2022-07-22 10:26:26 --> Session: Class initialized using 'CodeIgniter\Session\Handlers\FileHandler' driver.
INFO - 2022-07-22 10:26:28 --> CSRF cookie sent.
INFO - 2022-07-22 10:26:28 --> Session: Class initialized using 'CodeIgniter\Session\Handlers\FileHandler' driver.
INFO - 2022-07-22 10:26:32 --> CSRF cookie sent.
INFO - 2022-07-22 10:26:32 --> CSRF token verified.
INFO - 2022-07-22 10:26:32 --> Session: Class initialized using 'CodeIgniter\Session\Handlers\FileHandler' driver.
INFO - 2022-07-22 10:26:34 --> CSRF cookie sent.
INFO - 2022-07-22 10:26:34 --> Session: Class initialized using 'CodeIgniter\Session\Handlers\FileHandler' driver.
INFO - 2022-07-22 10:26:35 --> CSRF cookie sent.
INFO - 2022-07-22 10:26:35 --> Session: Class initialized using 'CodeIgniter\Session\Handlers\FileHandler' driver.
INFO - 2022-07-22 10:27:39 --> CSRF cookie sent.
INFO - 2022-07-22 10:27:39 --> CSRF token verified.
INFO - 2022-07-22 10:27:39 --> Session: Class initialized using 'CodeIgniter\Session\Handlers\FileHandler' driver.
INFO - 2022-07-22 10:27:40 --> CSRF cookie sent.
INFO - 2022-07-22 10:27:40 --> Session: Class initialized using 'CodeIgniter\Session\Handlers\FileHandler' driver.
INFO - 2022-07-22 10:27:41 --> CSRF cookie sent.
INFO - 2022-07-22 10:27:41 --> Session: Class initialized using 'CodeIgniter\Session\Handlers\FileHandler' driver.
INFO - 2022-07-22 10:28:30 --> CSRF cookie sent.
INFO - 2022-07-22 10:28:30 --> CSRF token verified.
INFO - 2022-07-22 10:28:30 --> Session: Class initialized using 'CodeIgniter\Session\Handlers\FileHandler' driver.
INFO - 2022-07-22 10:28:32 --> CSRF cookie sent.
INFO - 2022-07-22 10:28:32 --> Session: Class initialized using 'CodeIgniter\Session\Handlers\FileHandler' driver.
INFO - 2022-07-22 10:28:33 --> CSRF cookie sent.
INFO - 2022-07-22 10:28:33 --> Session: Class initialized using 'CodeIgniter\Session\Handlers\FileHandler' driver.
INFO - 2022-07-22 10:28:38 --> CSRF cookie sent.
INFO - 2022-07-22 10:28:38 --> CSRF token verified.
INFO - 2022-07-22 10:28:38 --> Session: Class initialized using 'CodeIgniter\Session\Handlers\FileHandler' driver.
INFO - 2022-07-22 10:28:41 --> CSRF cookie sent.
INFO - 2022-07-22 10:28:41 --> Session: Class initialized using 'CodeIgniter\Session\Handlers\FileHandler' driver.
INFO - 2022-07-22 10:28:42 --> CSRF cookie sent.
INFO - 2022-07-22 10:28:42 --> Session: Class initialized using 'CodeIgniter\Session\Handlers\FileHandler' driver.
INFO - 2022-07-22 10:30:17 --> CSRF cookie sent.
INFO - 2022-07-22 10:30:17 --> CSRF token verified.
INFO - 2022-07-22 10:30:17 --> Session: Class initialized using 'CodeIgniter\Session\Handlers\FileHandler' driver.
INFO - 2022-07-22 10:30:18 --> CSRF cookie sent.
INFO - 2022-07-22 10:30:18 --> Session: Class initialized using 'CodeIgniter\Session\Handlers\FileHandler' driver.
INFO - 2022-07-22 10:30:19 --> CSRF cookie sent.
INFO - 2022-07-22 10:30:19 --> Session: Class initialized using 'CodeIgniter\Session\Handlers\FileHandler' driver.
INFO - 2022-07-22 11:37:15 --> CSRF cookie sent.
INFO - 2022-07-22 11:37:15 --> CSRF token verified.
INFO - 2022-07-22 11:37:15 --> Session: Class initialized using 'CodeIgniter\Session\Handlers\FileHandler' driver.
INFO - 2022-07-22 11:37:16 --> CSRF cookie sent.
INFO - 2022-07-22 11:37:16 --> Session: Class initialized using 'CodeIgniter\Session\Handlers\FileHandler' driver.
INFO - 2022-07-22 11:37:17 --> CSRF cookie sent.
INFO - 2022-07-22 11:37:17 --> Session: Class initialized using 'CodeIgniter\Session\Handlers\FileHandler' driver.
INFO - 2022-07-22 11:37:18 --> CSRF cookie sent.
INFO - 2022-07-22 11:37:18 --> Session: Class initialized using 'CodeIgniter\Session\Handlers\FileHandler' driver.
INFO - 2022-07-22 11:37:19 --> CSRF cookie sent.
INFO - 2022-07-22 11:37:19 --> Session: Class initialized using 'CodeIgniter\Session\Handlers\FileHandler' driver.
INFO - 2022-07-22 11:37:19 --> CSRF cookie sent.
INFO - 2022-07-22 11:37:19 --> Session: Class initialized using 'CodeIgniter\Session\Handlers\FileHandler' driver.
INFO - 2022-07-22 11:37:20 --> CSRF cookie sent.
INFO - 2022-07-22 11:37:20 --> Session: Class initialized using 'CodeIgniter\Session\Handlers\FileHandler' driver.
INFO - 2022-07-22 11:37:21 --> CSRF cookie sent.
INFO - 2022-07-22 11:37:21 --> Session: Class initialized using 'CodeIgniter\Session\Handlers\FileHandler' driver.
INFO - 2022-07-22 11:37:22 --> CSRF cookie sent.
INFO - 2022-07-22 11:37:22 --> Session: Class initialized using 'CodeIgniter\Session\Handlers\FileHandler' driver.
INFO - 2022-07-22 11:37:22 --> CSRF cookie sent.
INFO - 2022-07-22 11:37:22 --> Session: Class initialized using 'CodeIgniter\Session\Handlers\FileHandler' driver.
INFO - 2022-07-22 11:37:28 --> CSRF cookie sent.
INFO - 2022-07-22 11:37:28 --> Session: Class initialized using 'CodeIgniter\Session\Handlers\FileHandler' driver.
INFO - 2022-07-22 11:37:28 --> CSRF cookie sent.
INFO - 2022-07-22 11:37:28 --> Session: Class initialized using 'CodeIgniter\Session\Handlers\FileHandler' driver.
INFO - 2022-07-22 11:37:30 --> CSRF cookie sent.
INFO - 2022-07-22 11:37:30 --> Session: Class initialized using 'CodeIgniter\Session\Handlers\FileHandler' driver.
INFO - 2022-07-22 11:38:21 --> CSRF cookie sent.
INFO - 2022-07-22 11:38:21 --> CSRF token verified.
INFO - 2022-07-22 11:38:21 --> Session: Class initialized using 'CodeIgniter\Session\Handlers\FileHandler' driver.
INFO - 2022-07-22 11:38:24 --> CSRF cookie sent.
INFO - 2022-07-22 11:38:24 --> Session: Class initialized using 'CodeIgniter\Session\Handlers\FileHandler' driver.
INFO - 2022-07-22 11:38:25 --> CSRF cookie sent.
INFO - 2022-07-22 11:38:25 --> Session: Class initialized using 'CodeIgniter\Session\Handlers\FileHandler' driver.
INFO - 2022-07-22 11:38:25 --> CSRF cookie sent.
INFO - 2022-07-22 11:38:25 --> Session: Class initialized using 'CodeIgniter\Session\Handlers\FileHandler' driver.
INFO - 2022-07-22 11:38:26 --> CSRF cookie sent.
INFO - 2022-07-22 11:38:26 --> Session: Class initialized using 'CodeIgniter\Session\Handlers\FileHandler' driver.
INFO - 2022-07-22 11:38:26 --> CSRF cookie sent.
INFO - 2022-07-22 11:38:26 --> Session: Class initialized using 'CodeIgniter\Session\Handlers\FileHandler' driver.
INFO - 2022-07-22 11:38:28 --> CSRF cookie sent.
INFO - 2022-07-22 11:38:28 --> Session: Class initialized using 'CodeIgniter\Session\Handlers\FileHandler' driver.
INFO - 2022-07-22 11:38:50 --> CSRF cookie sent.
INFO - 2022-07-22 11:38:50 --> Session: Class initialized using 'CodeIgniter\Session\Handlers\FileHandler' driver.
INFO - 2022-07-22 11:38:52 --> CSRF cookie sent.
INFO - 2022-07-22 11:38:52 --> Session: Class initialized using 'CodeIgniter\Session\Handlers\FileHandler' driver.
INFO - 2022-07-22 11:38:52 --> CSRF cookie sent.
INFO - 2022-07-22 11:38:52 --> Session: Class initialized using 'CodeIgniter\Session\Handlers\FileHandler' driver.
INFO - 2022-07-22 11:44:53 --> CSRF cookie sent.
INFO - 2022-07-22 11:44:53 --> Session: Class initialized using 'CodeIgniter\Session\Handlers\FileHandler' driver.
INFO - 2022-07-22 11:44:54 --> CSRF cookie sent.
INFO - 2022-07-22 11:44:54 --> Session: Class initialized using 'CodeIgniter\Session\Handlers\FileHandler' driver.
INFO - 2022-07-22 11:46:04 --> CSRF cookie sent.
INFO - 2022-07-22 11:46:04 --> Session: Class initialized using 'CodeIgniter\Session\Handlers\FileHandler' driver.
INFO - 2022-07-22 11:46:05 --> CSRF cookie sent.
INFO - 2022-07-22 11:46:05 --> Session: Class initialized using 'CodeIgniter\Session\Handlers\FileHandler' driver.
INFO - 2022-07-22 12:45:28 --> CSRF cookie sent.
INFO - 2022-07-22 12:45:28 --> CSRF token verified.
INFO - 2022-07-22 12:45:28 --> Session: Class initialized using 'CodeIgniter\Session\Handlers\FileHandler' driver.
INFO - 2022-07-22 12:45:29 --> CSRF cookie sent.
INFO - 2022-07-22 12:45:29 --> Session: Class initialized using 'CodeIgniter\Session\Handlers\FileHandler' driver.
INFO - 2022-07-22 12:45:29 --> CSRF cookie sent.
INFO - 2022-07-22 12:45:29 --> Session: Class initialized using 'CodeIgniter\Session\Handlers\FileHandler' driver.
INFO - 2022-07-22 12:45:30 --> CSRF cookie sent.
INFO - 2022-07-22 12:45:30 --> Session: Class initialized using 'CodeIgniter\Session\Handlers\FileHandler' driver.
INFO - 2022-07-22 12:45:34 --> CSRF cookie sent.
INFO - 2022-07-22 12:45:34 --> Session: Class initialized using 'CodeIgniter\Session\Handlers\FileHandler' driver.
INFO - 2022-07-22 12:45:37 --> CSRF cookie sent.
INFO - 2022-07-22 12:45:37 --> Session: Class initialized using 'CodeIgniter\Session\Handlers\FileHandler' driver.
INFO - 2022-07-22 12:45:38 --> CSRF cookie sent.
INFO - 2022-07-22 12:45:38 --> Session: Class initialized using 'CodeIgniter\Session\Handlers\FileHandler' driver.
INFO - 2022-07-22 12:45:41 --> CSRF cookie sent.
INFO - 2022-07-22 12:45:41 --> Session: Class initialized using 'CodeIgniter\Session\Handlers\FileHandler' driver.
INFO - 2022-07-22 12:46:10 --> CSRF cookie sent.
INFO - 2022-07-22 12:46:10 --> CSRF token verified.
INFO - 2022-07-22 12:46:10 --> Session: Class initialized using 'CodeIgniter\Session\Handlers\FileHandler' driver.
INFO - 2022-07-22 12:46:10 --> CSRF cookie sent.
INFO - 2022-07-22 12:46:10 --> Session: Class initialized using 'CodeIgniter\Session\Handlers\FileHandler' driver.
INFO - 2022-07-22 12:46:11 --> CSRF cookie sent.
INFO - 2022-07-22 12:46:11 --> Session: Class initialized using 'CodeIgniter\Session\Handlers\FileHandler' driver.
INFO - 2022-07-22 12:46:12 --> CSRF cookie sent.
INFO - 2022-07-22 12:46:12 --> Session: Class initialized using 'CodeIgniter\Session\Handlers\FileHandler' driver.
INFO - 2022-07-22 12:46:12 --> CSRF cookie sent.
INFO - 2022-07-22 12:46:12 --> Session: Class initialized using 'CodeIgniter\Session\Handlers\FileHandler' driver.
INFO - 2022-07-22 12:46:13 --> CSRF cookie sent.
INFO - 2022-07-22 12:46:13 --> Session: Class initialized using 'CodeIgniter\Session\Handlers\FileHandler' driver.
INFO - 2022-07-22 12:46:14 --> CSRF cookie sent.
INFO - 2022-07-22 12:46:14 --> Session: Class initialized using 'CodeIgniter\Session\Handlers\FileHandler' driver.
INFO - 2022-07-22 12:56:35 --> CSRF cookie sent.
INFO - 2022-07-22 12:56:35 --> Session: Class initialized using 'CodeIgniter\Session\Handlers\FileHandler' driver.
INFO - 2022-07-22 12:56:35 --> CSRF cookie sent.
INFO - 2022-07-22 12:56:35 --> Session: Class initialized using 'CodeIgniter\Session\Handlers\FileHandler' driver.
INFO - 2022-07-22 12:56:36 --> CSRF cookie sent.
INFO - 2022-07-22 12:56:36 --> Session: Class initialized using 'CodeIgniter\Session\Handlers\FileHandler' driver.
INFO - 2022-07-22 13:31:54 --> CSRF cookie sent.
INFO - 2022-07-22 13:31:54 --> CSRF token verified.
INFO - 2022-07-22 13:31:54 --> Session: Class initialized using 'CodeIgniter\Session\Handlers\FileHandler' driver.
INFO - 2022-07-22 13:31:55 --> CSRF cookie sent.
INFO - 2022-07-22 13:31:55 --> Session: Class initialized using 'CodeIgniter\Session\Handlers\FileHandler' driver.
INFO - 2022-07-22 13:31:55 --> CSRF cookie sent.
INFO - 2022-07-22 13:31:55 --> Session: Class initialized using 'CodeIgniter\Session\Handlers\FileHandler' driver.
INFO - 2022-07-22 13:31:56 --> CSRF cookie sent.
INFO - 2022-07-22 13:31:56 --> Session: Class initialized using 'CodeIgniter\Session\Handlers\FileHandler' driver.
INFO - 2022-07-22 13:32:09 --> CSRF cookie sent.
INFO - 2022-07-22 13:32:09 --> Session: Class initialized using 'CodeIgniter\Session\Handlers\FileHandler' driver.
INFO - 2022-07-22 13:32:10 --> CSRF cookie sent.
INFO - 2022-07-22 13:32:10 --> Session: Class initialized using 'CodeIgniter\Session\Handlers\FileHandler' driver.
INFO - 2022-07-22 13:32:11 --> CSRF cookie sent.
INFO - 2022-07-22 13:32:11 --> Session: Class initialized using 'CodeIgniter\Session\Handlers\FileHandler' driver.
INFO - 2022-07-22 13:32:13 --> CSRF cookie sent.
INFO - 2022-07-22 13:32:13 --> Session: Class initialized using 'CodeIgniter\Session\Handlers\FileHandler' driver.
INFO - 2022-07-22 13:32:13 --> CSRF cookie sent.
INFO - 2022-07-22 13:32:13 --> Session: Class initialized using 'CodeIgniter\Session\Handlers\FileHandler' driver.
INFO - 2022-07-22 13:32:16 --> CSRF cookie sent.
INFO - 2022-07-22 13:32:16 --> Session: Class initialized using 'CodeIgniter\Session\Handlers\FileHandler' driver.
INFO - 2022-07-22 13:32:16 --> CSRF cookie sent.
INFO - 2022-07-22 13:32:16 --> Session: Class initialized using 'CodeIgniter\Session\Handlers\FileHandler' driver.
INFO - 2022-07-22 13:32:20 --> CSRF cookie sent.
INFO - 2022-07-22 13:32:20 --> Session: Class initialized using 'CodeIgniter\Session\Handlers\FileHandler' driver.
INFO - 2022-07-22 13:33:24 --> CSRF cookie sent.
INFO - 2022-07-22 13:33:24 --> CSRF token verified.
INFO - 2022-07-22 13:33:24 --> Session: Class initialized using 'CodeIgniter\Session\Handlers\FileHandler' driver.
INFO - 2022-07-22 13:33:26 --> CSRF cookie sent.
INFO - 2022-07-22 13:33:26 --> Session: Class initialized using 'CodeIgniter\Session\Handlers\FileHandler' driver.
INFO - 2022-07-22 13:33:27 --> CSRF cookie sent.
INFO - 2022-07-22 13:33:27 --> Session: Class initialized using 'CodeIgniter\Session\Handlers\FileHandler' driver.
INFO - 2022-07-22 13:33:27 --> CSRF cookie sent.
INFO - 2022-07-22 13:33:27 --> Session: Class initialized using 'CodeIgniter\Session\Handlers\FileHandler' driver.
INFO - 2022-07-22 13:33:28 --> CSRF cookie sent.
INFO - 2022-07-22 13:33:28 --> Session: Class initialized using 'CodeIgniter\Session\Handlers\FileHandler' driver.
INFO - 2022-07-22 13:33:28 --> CSRF cookie sent.
INFO - 2022-07-22 13:33:31 --> Session: Class initialized using 'CodeIgniter\Session\Handlers\FileHandler' driver.
INFO - 2022-07-22 13:33:31 --> CSRF cookie sent.
INFO - 2022-07-22 13:33:31 --> Session: Class initialized using 'CodeIgniter\Session\Handlers\FileHandler' driver.
INFO - 2022-07-22 13:33:50 --> CSRF cookie sent.
INFO - 2022-07-22 13:33:50 --> Session: Class initialized using 'CodeIgniter\Session\Handlers\FileHandler' driver.
INFO - 2022-07-22 13:33:50 --> CSRF cookie sent.
INFO - 2022-07-22 13:33:50 --> Session: Class initialized using 'CodeIgniter\Session\Handlers\FileHandler' driver.
INFO - 2022-07-22 13:33:50 --> CSRF cookie sent.
INFO - 2022-07-22 13:33:50 --> Session: Class initialized using 'CodeIgniter\Session\Handlers\FileHandler' driver.
INFO - 2022-07-22 13:38:07 --> CSRF cookie sent.
INFO - 2022-07-22 13:38:07 --> Session: Class initialized using 'CodeIgniter\Session\Handlers\FileHandler' driver.
INFO - 2022-07-22 13:38:08 --> CSRF cookie sent.
INFO - 2022-07-22 13:38:08 --> Session: Class initialized using 'CodeIgniter\Session\Handlers\FileHandler' driver.
INFO - 2022-07-22 13:38:13 --> CSRF cookie sent.
INFO - 2022-07-22 13:38:13 --> CSRF token verified.
INFO - 2022-07-22 13:38:13 --> Session: Class initialized using 'CodeIgniter\Session\Handlers\FileHandler' driver.
INFO - 2022-07-22 13:38:13 --> CSRF cookie sent.
INFO - 2022-07-22 13:38:13 --> Session: Class initialized using 'CodeIgniter\Session\Handlers\FileHandler' driver.
INFO - 2022-07-22 13:38:14 --> CSRF cookie sent.
INFO - 2022-07-22 13:38:14 --> Session: Class initialized using 'CodeIgniter\Session\Handlers\FileHandler' driver.
INFO - 2022-07-22 13:38:14 --> CSRF cookie sent.
INFO - 2022-07-22 13:38:14 --> Session: Class initialized using 'CodeIgniter\Session\Handlers\FileHandler' driver.
INFO - 2022-07-22 13:38:17 --> CSRF cookie sent.
INFO - 2022-07-22 13:38:17 --> Session: Class initialized using 'CodeIgniter\Session\Handlers\FileHandler' driver.
INFO - 2022-07-22 13:38:18 --> CSRF cookie sent.
INFO - 2022-07-22 13:38:18 --> Session: Class initialized using 'CodeIgniter\Session\Handlers\FileHandler' driver.
INFO - 2022-07-22 13:38:19 --> CSRF cookie sent.
INFO - 2022-07-22 13:38:19 --> Session: Class initialized using 'CodeIgniter\Session\Handlers\FileHandler' driver.
INFO - 2022-07-22 13:38:20 --> CSRF cookie sent.
INFO - 2022-07-22 13:38:20 --> Session: Class initialized using 'CodeIgniter\Session\Handlers\FileHandler' driver.
INFO - 2022-07-22 13:38:21 --> CSRF cookie sent.
INFO - 2022-07-22 13:38:21 --> Session: Class initialized using 'CodeIgniter\Session\Handlers\FileHandler' driver.
INFO - 2022-07-22 13:38:22 --> CSRF cookie sent.
INFO - 2022-07-22 13:38:22 --> Session: Class initialized using 'CodeIgniter\Session\Handlers\FileHandler' driver.
INFO - 2022-07-22 13:38:28 --> CSRF cookie sent.
INFO - 2022-07-22 13:38:28 --> Session: Class initialized using 'CodeIgniter\Session\Handlers\FileHandler' driver.
INFO - 2022-07-22 13:38:28 --> CSRF cookie sent.
INFO - 2022-07-22 13:38:28 --> Session: Class initialized using 'CodeIgniter\Session\Handlers\FileHandler' driver.
INFO - 2022-07-22 13:38:29 --> CSRF cookie sent.
INFO - 2022-07-22 13:38:29 --> Session: Class initialized using 'CodeIgniter\Session\Handlers\FileHandler' driver.
INFO - 2022-07-22 13:38:37 --> CSRF cookie sent.
INFO - 2022-07-22 13:38:37 --> Session: Class initialized using 'CodeIgniter\Session\Handlers\FileHandler' driver.
INFO - 2022-07-22 13:38:37 --> CSRF cookie sent.
INFO - 2022-07-22 13:38:37 --> Session: Class initialized using 'CodeIgniter\Session\Handlers\FileHandler' driver.
INFO - 2022-07-22 13:38:38 --> CSRF cookie sent.
INFO - 2022-07-22 13:38:38 --> Session: Class initialized using 'CodeIgniter\Session\Handlers\FileHandler' driver.
INFO - 2022-07-22 13:38:51 --> CSRF cookie sent.
INFO - 2022-07-22 13:38:51 --> Session: Class initialized using 'CodeIgniter\Session\Handlers\FileHandler' driver.
INFO - 2022-07-22 13:38:51 --> CSRF cookie sent.
INFO - 2022-07-22 13:38:51 --> Session: Class initialized using 'CodeIgniter\Session\Handlers\FileHandler' driver.
INFO - 2022-07-22 13:38:52 --> CSRF cookie sent.
INFO - 2022-07-22 13:38:52 --> Session: Class initialized using 'CodeIgniter\Session\Handlers\FileHandler' driver.
INFO - 2022-07-22 13:38:58 --> CSRF cookie sent.
INFO - 2022-07-22 13:38:58 --> Session: Class initialized using 'CodeIgniter\Session\Handlers\FileHandler' driver.
INFO - 2022-07-22 13:38:59 --> CSRF cookie sent.
INFO - 2022-07-22 13:38:59 --> Session: Class initialized using 'CodeIgniter\Session\Handlers\FileHandler' driver.
INFO - 2022-07-22 13:38:59 --> CSRF cookie sent.
INFO - 2022-07-22 13:39:00 --> Session: Class initialized using 'CodeIgniter\Session\Handlers\FileHandler' driver.
INFO - 2022-07-22 13:39:09 --> CSRF cookie sent.
INFO - 2022-07-22 13:39:09 --> Session: Class initialized using 'CodeIgniter\Session\Handlers\FileHandler' driver.
INFO - 2022-07-22 13:39:10 --> CSRF cookie sent.
INFO - 2022-07-22 13:39:10 --> Session: Class initialized using 'CodeIgniter\Session\Handlers\FileHandler' driver.
INFO - 2022-07-22 13:39:10 --> CSRF cookie sent.
INFO - 2022-07-22 13:39:10 --> Session: Class initialized using 'CodeIgniter\Session\Handlers\FileHandler' driver.
INFO - 2022-07-22 13:39:18 --> CSRF cookie sent.
INFO - 2022-07-22 13:39:18 --> Session: Class initialized using 'CodeIgniter\Session\Handlers\FileHandler' driver.
INFO - 2022-07-22 13:39:18 --> CSRF cookie sent.
INFO - 2022-07-22 13:39:18 --> Session: Class initialized using 'CodeIgniter\Session\Handlers\FileHandler' driver.
INFO - 2022-07-22 13:39:19 --> CSRF cookie sent.
INFO - 2022-07-22 13:39:19 --> Session: Class initialized using 'CodeIgniter\Session\Handlers\FileHandler' driver.
INFO - 2022-07-22 13:39:24 --> CSRF cookie sent.
INFO - 2022-07-22 13:39:24 --> Session: Class initialized using 'CodeIgniter\Session\Handlers\FileHandler' driver.
INFO - 2022-07-22 13:39:25 --> CSRF cookie sent.
INFO - 2022-07-22 13:39:25 --> Session: Class initialized using 'CodeIgniter\Session\Handlers\FileHandler' driver.
INFO - 2022-07-22 13:39:26 --> CSRF cookie sent.
INFO - 2022-07-22 13:39:26 --> Session: Class initialized using 'CodeIgniter\Session\Handlers\FileHandler' driver.
INFO - 2022-07-22 13:39:39 --> CSRF cookie sent.
INFO - 2022-07-22 13:39:39 --> Session: Class initialized using 'CodeIgniter\Session\Handlers\FileHandler' driver.
INFO - 2022-07-22 13:39:39 --> CSRF cookie sent.
INFO - 2022-07-22 13:39:39 --> Session: Class initialized using 'CodeIgniter\Session\Handlers\FileHandler' driver.
INFO - 2022-07-22 13:39:40 --> CSRF cookie sent.
INFO - 2022-07-22 13:39:40 --> Session: Class initialized using 'CodeIgniter\Session\Handlers\FileHandler' driver.
INFO - 2022-07-22 13:39:49 --> CSRF cookie sent.
INFO - 2022-07-22 13:39:49 --> Session: Class initialized using 'CodeIgniter\Session\Handlers\FileHandler' driver.
INFO - 2022-07-22 13:39:49 --> CSRF cookie sent.
INFO - 2022-07-22 13:39:49 --> Session: Class initialized using 'CodeIgniter\Session\Handlers\FileHandler' driver.
INFO - 2022-07-22 13:39:50 --> CSRF cookie sent.
INFO - 2022-07-22 13:39:50 --> Session: Class initialized using 'CodeIgniter\Session\Handlers\FileHandler' driver.
INFO - 2022-07-22 13:39:58 --> CSRF cookie sent.
INFO - 2022-07-22 13:39:58 --> Session: Class initialized using 'CodeIgniter\Session\Handlers\FileHandler' driver.
INFO - 2022-07-22 13:39:59 --> CSRF cookie sent.
INFO - 2022-07-22 13:39:59 --> Session: Class initialized using 'CodeIgniter\Session\Handlers\FileHandler' driver.
INFO - 2022-07-22 13:40:00 --> CSRF cookie sent.
INFO - 2022-07-22 13:40:00 --> Session: Class initialized using 'CodeIgniter\Session\Handlers\FileHandler' driver.
INFO - 2022-07-22 13:40:07 --> CSRF cookie sent.
INFO - 2022-07-22 13:40:07 --> Session: Class initialized using 'CodeIgniter\Session\Handlers\FileHandler' driver.
INFO - 2022-07-22 13:40:07 --> CSRF cookie sent.
INFO - 2022-07-22 13:40:07 --> Session: Class initialized using 'CodeIgniter\Session\Handlers\FileHandler' driver.
INFO - 2022-07-22 13:40:08 --> CSRF cookie sent.
INFO - 2022-07-22 13:40:08 --> Session: Class initialized using 'CodeIgniter\Session\Handlers\FileHandler' driver.
INFO - 2022-07-22 13:40:17 --> CSRF cookie sent.
INFO - 2022-07-22 13:40:17 --> Session: Class initialized using 'CodeIgniter\Session\Handlers\FileHandler' driver.
INFO - 2022-07-22 13:40:18 --> CSRF cookie sent.
INFO - 2022-07-22 13:40:18 --> Session: Class initialized using 'CodeIgniter\Session\Handlers\FileHandler' driver.
INFO - 2022-07-22 13:40:19 --> CSRF cookie sent.
INFO - 2022-07-22 13:40:19 --> Session: Class initialized using 'CodeIgniter\Session\Handlers\FileHandler' driver.
INFO - 2022-07-22 13:40:25 --> CSRF cookie sent.
INFO - 2022-07-22 13:40:25 --> Session: Class initialized using 'CodeIgniter\Session\Handlers\FileHandler' driver.
INFO - 2022-07-22 13:40:25 --> CSRF cookie sent.
INFO - 2022-07-22 13:40:25 --> Session: Class initialized using 'CodeIgniter\Session\Handlers\FileHandler' driver.
INFO - 2022-07-22 13:40:26 --> CSRF cookie sent.
INFO - 2022-07-22 13:40:26 --> Session: Class initialized using 'CodeIgniter\Session\Handlers\FileHandler' driver.
INFO - 2022-07-22 13:40:33 --> CSRF cookie sent.
INFO - 2022-07-22 13:40:33 --> Session: Class initialized using 'CodeIgniter\Session\Handlers\FileHandler' driver.
INFO - 2022-07-22 13:40:33 --> CSRF cookie sent.
INFO - 2022-07-22 13:40:33 --> Session: Class initialized using 'CodeIgniter\Session\Handlers\FileHandler' driver.
INFO - 2022-07-22 13:40:33 --> CSRF cookie sent.
INFO - 2022-07-22 13:40:33 --> Session: Class initialized using 'CodeIgniter\Session\Handlers\FileHandler' driver.
INFO - 2022-07-22 14:29:09 --> CSRF cookie sent.
INFO - 2022-07-22 14:29:09 --> CSRF token verified.
INFO - 2022-07-22 14:29:09 --> Session: Class initialized using 'CodeIgniter\Session\Handlers\FileHandler' driver.
INFO - 2022-07-22 14:29:09 --> CSRF cookie sent.
INFO - 2022-07-22 14:29:09 --> Session: Class initialized using 'CodeIgniter\Session\Handlers\FileHandler' driver.
INFO - 2022-07-22 14:29:10 --> CSRF cookie sent.
INFO - 2022-07-22 14:29:10 --> Session: Class initialized using 'CodeIgniter\Session\Handlers\FileHandler' driver.
INFO - 2022-07-22 14:29:11 --> CSRF cookie sent.
INFO - 2022-07-22 14:29:11 --> Session: Class initialized using 'CodeIgniter\Session\Handlers\FileHandler' driver.
INFO - 2022-07-22 14:29:12 --> CSRF cookie sent.
INFO - 2022-07-22 14:29:12 --> Session: Class initialized using 'CodeIgniter\Session\Handlers\FileHandler' driver.
INFO - 2022-07-22 14:29:15 --> CSRF cookie sent.
INFO - 2022-07-22 14:29:15 --> Session: Class initialized using 'CodeIgniter\Session\Handlers\FileHandler' driver.
INFO - 2022-07-22 14:29:15 --> CSRF cookie sent.
INFO - 2022-07-22 14:29:15 --> Session: Class initialized using 'CodeIgniter\Session\Handlers\FileHandler' driver.
INFO - 2022-07-22 14:29:18 --> CSRF cookie sent.
INFO - 2022-07-22 14:29:18 --> Session: Class initialized using 'CodeIgniter\Session\Handlers\FileHandler' driver.
INFO - 2022-07-22 14:30:32 --> CSRF cookie sent.
INFO - 2022-07-22 14:30:32 --> CSRF token verified.
INFO - 2022-07-22 14:30:32 --> Session: Class initialized using 'CodeIgniter\Session\Handlers\FileHandler' driver.
INFO - 2022-07-22 14:30:33 --> CSRF cookie sent.
INFO - 2022-07-22 14:30:33 --> Session: Class initialized using 'CodeIgniter\Session\Handlers\FileHandler' driver.
INFO - 2022-07-22 14:30:34 --> CSRF cookie sent.
INFO - 2022-07-22 14:30:34 --> Session: Class initialized using 'CodeIgniter\Session\Handlers\FileHandler' driver.
INFO - 2022-07-22 14:30:35 --> CSRF cookie sent.
INFO - 2022-07-22 14:30:35 --> Session: Class initialized using 'CodeIgniter\Session\Handlers\FileHandler' driver.
INFO - 2022-07-22 14:30:35 --> CSRF cookie sent.
INFO - 2022-07-22 14:30:35 --> Session: Class initialized using 'CodeIgniter\Session\Handlers\FileHandler' driver.
INFO - 2022-07-22 14:30:37 --> CSRF cookie sent.
INFO - 2022-07-22 14:30:37 --> Session: Class initialized using 'CodeIgniter\Session\Handlers\FileHandler' driver.
INFO - 2022-07-22 14:30:37 --> CSRF cookie sent.
INFO - 2022-07-22 14:30:37 --> Session: Class initialized using 'CodeIgniter\Session\Handlers\FileHandler' driver.
INFO - 2022-07-22 14:30:53 --> CSRF cookie sent.
INFO - 2022-07-22 14:30:53 --> Session: Class initialized using 'CodeIgniter\Session\Handlers\FileHandler' driver.
INFO - 2022-07-22 14:30:54 --> CSRF cookie sent.
INFO - 2022-07-22 14:30:54 --> Session: Class initialized using 'CodeIgniter\Session\Handlers\FileHandler' driver.
INFO - 2022-07-22 14:30:54 --> CSRF cookie sent.
INFO - 2022-07-22 14:30:54 --> Session: Class initialized using 'CodeIgniter\Session\Handlers\FileHandler' driver.
INFO - 2022-07-22 14:46:12 --> CSRF cookie sent.
INFO - 2022-07-22 14:46:12 --> CSRF token verified.
INFO - 2022-07-22 14:46:12 --> Session: Class initialized using 'CodeIgniter\Session\Handlers\FileHandler' driver.
INFO - 2022-07-22 14:46:13 --> CSRF cookie sent.
INFO - 2022-07-22 14:46:13 --> Session: Class initialized using 'CodeIgniter\Session\Handlers\FileHandler' driver.
INFO - 2022-07-22 14:46:15 --> CSRF cookie sent.
INFO - 2022-07-22 14:46:15 --> Session: Class initialized using 'CodeIgniter\Session\Handlers\FileHandler' driver.
INFO - 2022-07-22 14:46:16 --> CSRF cookie sent.
INFO - 2022-07-22 14:46:16 --> Session: Class initialized using 'CodeIgniter\Session\Handlers\FileHandler' driver.
INFO - 2022-07-22 14:46:16 --> CSRF cookie sent.
INFO - 2022-07-22 14:46:16 --> Session: Class initialized using 'CodeIgniter\Session\Handlers\FileHandler' driver.
INFO - 2022-07-22 14:46:16 --> CSRF cookie sent.
INFO - 2022-07-22 14:46:16 --> CSRF cookie sent.
INFO - 2022-07-22 14:46:16 --> Session: Class initialized using 'CodeIgniter\Session\Handlers\FileHandler' driver.
INFO - 2022-07-22 14:46:16 --> Session: Class initialized using 'CodeIgniter\Session\Handlers\FileHandler' driver.
INFO - 2022-07-22 14:46:17 --> CSRF cookie sent.
INFO - 2022-07-22 14:46:17 --> Session: Class initialized using 'CodeIgniter\Session\Handlers\FileHandler' driver.
INFO - 2022-07-22 14:46:17 --> CSRF cookie sent.
INFO - 2022-07-22 14:46:17 --> Session: Class initialized using 'CodeIgniter\Session\Handlers\FileHandler' driver.
INFO - 2022-07-22 14:46:18 --> CSRF cookie sent.
INFO - 2022-07-22 14:46:18 --> Session: Class initialized using 'CodeIgniter\Session\Handlers\FileHandler' driver.
INFO - 2022-07-22 14:46:18 --> CSRF cookie sent.
INFO - 2022-07-22 14:46:18 --> Session: Class initialized using 'CodeIgniter\Session\Handlers\FileHandler' driver.
INFO - 2022-07-22 14:46:20 --> CSRF cookie sent.
INFO - 2022-07-22 14:46:20 --> Session: Class initialized using 'CodeIgniter\Session\Handlers\FileHandler' driver.
INFO - 2022-07-22 14:46:21 --> CSRF cookie sent.
INFO - 2022-07-22 14:46:21 --> Session: Class initialized using 'CodeIgniter\Session\Handlers\FileHandler' driver.
INFO - 2022-07-22 14:46:22 --> CSRF cookie sent.
INFO - 2022-07-22 14:46:22 --> Session: Class initialized using 'CodeIgniter\Session\Handlers\FileHandler' driver.
INFO - 2022-07-22 14:46:26 --> CSRF cookie sent.
INFO - 2022-07-22 14:46:26 --> Session: Class initialized using 'CodeIgniter\Session\Handlers\FileHandler' driver.
INFO - 2022-07-22 14:46:27 --> CSRF cookie sent.
INFO - 2022-07-22 14:46:27 --> Session: Class initialized using 'CodeIgniter\Session\Handlers\FileHandler' driver.
INFO - 2022-07-22 14:46:27 --> CSRF cookie sent.
INFO - 2022-07-22 14:46:27 --> Session: Class initialized using 'CodeIgniter\Session\Handlers\FileHandler' driver.
INFO - 2022-07-22 14:47:45 --> CSRF cookie sent.
INFO - 2022-07-22 14:47:45 --> Session: Class initialized using 'CodeIgniter\Session\Handlers\FileHandler' driver.
INFO - 2022-07-22 14:47:45 --> CSRF cookie sent.
INFO - 2022-07-22 14:47:45 --> Session: Class initialized using 'CodeIgniter\Session\Handlers\FileHandler' driver.
INFO - 2022-07-22 14:47:45 --> CSRF cookie sent.
INFO - 2022-07-22 14:47:45 --> Session: Class initialized using 'CodeIgniter\Session\Handlers\FileHandler' driver.
INFO - 2022-07-22 15:19:33 --> CSRF cookie sent.
INFO - 2022-07-22 15:19:33 --> Session: Class initialized using 'CodeIgniter\Session\Handlers\FileHandler' driver.
INFO - 2022-07-22 15:19:33 --> CSRF cookie sent.
INFO - 2022-07-22 15:19:33 --> Session: Class initialized using 'CodeIgniter\Session\Handlers\FileHandler' driver.
INFO - 2022-07-22 15:19:35 --> CSRF cookie sent.
INFO - 2022-07-22 15:19:35 --> CSRF token verified.
INFO - 2022-07-22 15:19:35 --> Session: Class initialized using 'CodeIgniter\Session\Handlers\FileHandler' driver.
INFO - 2022-07-22 15:19:36 --> CSRF cookie sent.
INFO - 2022-07-22 15:19:36 --> Session: Class initialized using 'CodeIgniter\Session\Handlers\FileHandler' driver.
INFO - 2022-07-22 15:19:36 --> CSRF cookie sent.
INFO - 2022-07-22 15:19:36 --> Session: Class initialized using 'CodeIgniter\Session\Handlers\FileHandler' driver.
INFO - 2022-07-22 15:19:37 --> CSRF cookie sent.
INFO - 2022-07-22 15:19:37 --> Session: Class initialized using 'CodeIgniter\Session\Handlers\FileHandler' driver.
INFO - 2022-07-22 15:19:44 --> CSRF cookie sent.
INFO - 2022-07-22 15:19:44 --> Session: Class initialized using 'CodeIgniter\Session\Handlers\FileHandler' driver.
INFO - 2022-07-22 15:19:45 --> CSRF cookie sent.
INFO - 2022-07-22 15:19:45 --> Session: Class initialized using 'CodeIgniter\Session\Handlers\FileHandler' driver.
INFO - 2022-07-22 15:19:45 --> CSRF cookie sent.
INFO - 2022-07-22 15:19:45 --> Session: Class initialized using 'CodeIgniter\Session\Handlers\FileHandler' driver.
INFO - 2022-07-22 15:20:02 --> CSRF cookie sent.
INFO - 2022-07-22 15:20:02 --> Session: Class initialized using 'CodeIgniter\Session\Handlers\FileHandler' driver.
INFO - 2022-07-22 15:20:03 --> CSRF cookie sent.
INFO - 2022-07-22 15:20:03 --> Session: Class initialized using 'CodeIgniter\Session\Handlers\FileHandler' driver.
INFO - 2022-07-22 15:20:03 --> CSRF cookie sent.
INFO - 2022-07-22 15:20:03 --> Session: Class initialized using 'CodeIgniter\Session\Handlers\FileHandler' driver.
INFO - 2022-07-22 15:20:06 --> CSRF cookie sent.
INFO - 2022-07-22 15:20:06 --> Session: Class initialized using 'CodeIgniter\Session\Handlers\FileHandler' driver.
INFO - 2022-07-22 15:20:06 --> CSRF cookie sent.
INFO - 2022-07-22 15:20:06 --> Session: Class initialized using 'CodeIgniter\Session\Handlers\FileHandler' driver.
INFO - 2022-07-22 15:20:07 --> CSRF cookie sent.
INFO - 2022-07-22 15:20:07 --> Session: Class initialized using 'CodeIgniter\Session\Handlers\FileHandler' driver.
INFO - 2022-07-22 15:20:11 --> CSRF cookie sent.
INFO - 2022-07-22 15:20:11 --> Session: Class initialized using 'CodeIgniter\Session\Handlers\FileHandler' driver.
INFO - 2022-07-22 15:20:12 --> CSRF cookie sent.
INFO - 2022-07-22 15:20:12 --> Session: Class initialized using 'CodeIgniter\Session\Handlers\FileHandler' driver.
INFO - 2022-07-22 15:20:12 --> CSRF cookie sent.
INFO - 2022-07-22 15:20:12 --> Session: Class initialized using 'CodeIgniter\Session\Handlers\FileHandler' driver.
INFO - 2022-07-22 15:20:14 --> CSRF cookie sent.
INFO - 2022-07-22 15:20:14 --> Session: Class initialized using 'CodeIgniter\Session\Handlers\FileHandler' driver.
INFO - 2022-07-22 15:20:14 --> CSRF cookie sent.
INFO - 2022-07-22 15:20:14 --> Session: Class initialized using 'CodeIgniter\Session\Handlers\FileHandler' driver.
INFO - 2022-07-22 15:20:15 --> CSRF cookie sent.
INFO - 2022-07-22 15:20:15 --> Session: Class initialized using 'CodeIgniter\Session\Handlers\FileHandler' driver.
INFO - 2022-07-22 15:20:18 --> CSRF cookie sent.
INFO - 2022-07-22 15:20:18 --> Session: Class initialized using 'CodeIgniter\Session\Handlers\FileHandler' driver.
INFO - 2022-07-22 15:20:19 --> CSRF cookie sent.
INFO - 2022-07-22 15:20:19 --> Session: Class initialized using 'CodeIgniter\Session\Handlers\FileHandler' driver.
INFO - 2022-07-22 15:20:19 --> CSRF cookie sent.
INFO - 2022-07-22 15:20:19 --> Session: Class initialized using 'CodeIgniter\Session\Handlers\FileHandler' driver.
INFO - 2022-07-22 15:20:19 --> CSRF cookie sent.
INFO - 2022-07-22 15:20:19 --> Session: Class initialized using 'CodeIgniter\Session\Handlers\FileHandler' driver.
INFO - 2022-07-22 15:21:08 --> CSRF cookie sent.
INFO - 2022-07-22 15:21:08 --> CSRF token verified.
INFO - 2022-07-22 15:21:08 --> Session: Class initialized using 'CodeIgniter\Session\Handlers\FileHandler' driver.
INFO - 2022-07-22 15:21:08 --> CSRF cookie sent.
INFO - 2022-07-22 15:21:08 --> Session: Class initialized using 'CodeIgniter\Session\Handlers\FileHandler' driver.
INFO - 2022-07-22 15:21:09 --> CSRF cookie sent.
INFO - 2022-07-22 15:21:09 --> Session: Class initialized using 'CodeIgniter\Session\Handlers\FileHandler' driver.
INFO - 2022-07-22 15:21:10 --> CSRF cookie sent.
INFO - 2022-07-22 15:21:10 --> Session: Class initialized using 'CodeIgniter\Session\Handlers\FileHandler' driver.
INFO - 2022-07-22 15:21:12 --> CSRF cookie sent.
INFO - 2022-07-22 15:21:12 --> Session: Class initialized using 'CodeIgniter\Session\Handlers\FileHandler' driver.
INFO - 2022-07-22 15:21:13 --> CSRF cookie sent.
INFO - 2022-07-22 15:21:13 --> Session: Class initialized using 'CodeIgniter\Session\Handlers\FileHandler' driver.
INFO - 2022-07-22 15:21:13 --> CSRF cookie sent.
INFO - 2022-07-22 15:21:13 --> Session: Class initialized using 'CodeIgniter\Session\Handlers\FileHandler' driver.
INFO - 2022-07-22 15:21:19 --> CSRF cookie sent.
INFO - 2022-07-22 15:21:19 --> Session: Class initialized using 'CodeIgniter\Session\Handlers\FileHandler' driver.
INFO - 2022-07-22 15:21:21 --> CSRF cookie sent.
INFO - 2022-07-22 15:21:21 --> Session: Class initialized using 'CodeIgniter\Session\Handlers\FileHandler' driver.
INFO - 2022-07-22 15:21:21 --> CSRF cookie sent.
INFO - 2022-07-22 15:21:21 --> Session: Class initialized using 'CodeIgniter\Session\Handlers\FileHandler' driver.
INFO - 2022-07-22 15:21:24 --> CSRF cookie sent.
INFO - 2022-07-22 15:21:24 --> Session: Class initialized using 'CodeIgniter\Session\Handlers\FileHandler' driver.
INFO - 2022-07-22 15:21:25 --> CSRF cookie sent.
INFO - 2022-07-22 15:21:25 --> Session: Class initialized using 'CodeIgniter\Session\Handlers\FileHandler' driver.
INFO - 2022-07-22 15:21:26 --> CSRF cookie sent.
INFO - 2022-07-22 15:21:26 --> Session: Class initialized using 'CodeIgniter\Session\Handlers\FileHandler' driver.
INFO - 2022-07-22 15:21:32 --> CSRF cookie sent.
INFO - 2022-07-22 15:21:32 --> Session: Class initialized using 'CodeIgniter\Session\Handlers\FileHandler' driver.
INFO - 2022-07-22 15:21:33 --> CSRF cookie sent.
INFO - 2022-07-22 15:21:33 --> Session: Class initialized using 'CodeIgniter\Session\Handlers\FileHandler' driver.
INFO - 2022-07-22 15:21:33 --> CSRF cookie sent.
INFO - 2022-07-22 15:21:33 --> Session: Class initialized using 'CodeIgniter\Session\Handlers\FileHandler' driver.
INFO - 2022-07-22 15:21:41 --> CSRF cookie sent.
INFO - 2022-07-22 15:21:41 --> Session: Class initialized using 'CodeIgniter\Session\Handlers\FileHandler' driver.
INFO - 2022-07-22 15:21:42 --> CSRF cookie sent.
INFO - 2022-07-22 15:21:42 --> Session: Class initialized using 'CodeIgniter\Session\Handlers\FileHandler' driver.
INFO - 2022-07-22 15:21:42 --> CSRF cookie sent.
INFO - 2022-07-22 15:21:42 --> Session: Class initialized using 'CodeIgniter\Session\Handlers\FileHandler' driver.
INFO - 2022-07-22 15:21:45 --> CSRF cookie sent.
INFO - 2022-07-22 15:21:45 --> Session: Class initialized using 'CodeIgniter\Session\Handlers\FileHandler' driver.
INFO - 2022-07-22 15:21:46 --> CSRF cookie sent.
INFO - 2022-07-22 15:21:46 --> Session: Class initialized using 'CodeIgniter\Session\Handlers\FileHandler' driver.
INFO - 2022-07-22 15:21:46 --> CSRF cookie sent.
INFO - 2022-07-22 15:21:46 --> Session: Class initialized using 'CodeIgniter\Session\Handlers\FileHandler' driver.
INFO - 2022-07-22 15:23:41 --> CSRF cookie sent.
INFO - 2022-07-22 15:23:41 --> CSRF cookie sent.
INFO - 2022-07-22 15:23:41 --> Session: Class initialized using 'CodeIgniter\Session\Handlers\FileHandler' driver.
INFO - 2022-07-22 15:23:42 --> Session: Class initialized using 'CodeIgniter\Session\Handlers\FileHandler' driver.
INFO - 2022-07-22 15:23:53 --> CSRF cookie sent.
INFO - 2022-07-22 15:23:53 --> Session: Class initialized using 'CodeIgniter\Session\Handlers\FileHandler' driver.
INFO - 2022-07-22 15:23:54 --> CSRF cookie sent.
INFO - 2022-07-22 15:23:54 --> Session: Class initialized using 'CodeIgniter\Session\Handlers\FileHandler' driver.
INFO - 2022-07-22 15:23:55 --> CSRF cookie sent.
INFO - 2022-07-22 15:23:55 --> Session: Class initialized using 'CodeIgniter\Session\Handlers\FileHandler' driver.
INFO - 2022-07-22 15:23:59 --> CSRF cookie sent.
INFO - 2022-07-22 15:23:59 --> Session: Class initialized using 'CodeIgniter\Session\Handlers\FileHandler' driver.
INFO - 2022-07-22 15:24:00 --> CSRF cookie sent.
INFO - 2022-07-22 15:24:00 --> Session: Class initialized using 'CodeIgniter\Session\Handlers\FileHandler' driver.
INFO - 2022-07-22 15:24:00 --> CSRF cookie sent.
INFO - 2022-07-22 15:24:00 --> Session: Class initialized using 'CodeIgniter\Session\Handlers\FileHandler' driver.
INFO - 2022-07-22 15:24:02 --> CSRF cookie sent.
INFO - 2022-07-22 15:24:02 --> Session: Class initialized using 'CodeIgniter\Session\Handlers\FileHandler' driver.
INFO - 2022-07-22 15:24:02 --> CSRF cookie sent.
INFO - 2022-07-22 15:24:02 --> Session: Class initialized using 'CodeIgniter\Session\Handlers\FileHandler' driver.
INFO - 2022-07-22 15:24:03 --> CSRF cookie sent.
INFO - 2022-07-22 15:24:03 --> Session: Class initialized using 'CodeIgniter\Session\Handlers\FileHandler' driver.
INFO - 2022-07-22 15:24:06 --> CSRF cookie sent.
INFO - 2022-07-22 15:24:06 --> CSRF cookie sent.
INFO - 2022-07-22 15:24:06 --> Session: Class initialized using 'CodeIgniter\Session\Handlers\FileHandler' driver.
INFO - 2022-07-22 15:24:07 --> Session: Class initialized using 'CodeIgniter\Session\Handlers\FileHandler' driver.
INFO - 2022-07-22 15:24:26 --> CSRF cookie sent.
INFO - 2022-07-22 15:24:26 --> Session: Class initialized using 'CodeIgniter\Session\Handlers\FileHandler' driver.
INFO - 2022-07-22 15:24:27 --> CSRF cookie sent.
INFO - 2022-07-22 15:24:27 --> Session: Class initialized using 'CodeIgniter\Session\Handlers\FileHandler' driver.
INFO - 2022-07-22 15:24:27 --> CSRF cookie sent.
INFO - 2022-07-22 15:24:27 --> Session: Class initialized using 'CodeIgniter\Session\Handlers\FileHandler' driver.
INFO - 2022-07-22 15:24:31 --> CSRF cookie sent.
INFO - 2022-07-22 15:24:31 --> Session: Class initialized using 'CodeIgniter\Session\Handlers\FileHandler' driver.
INFO - 2022-07-22 15:24:32 --> CSRF cookie sent.
INFO - 2022-07-22 15:24:32 --> Session: Class initialized using 'CodeIgniter\Session\Handlers\FileHandler' driver.
INFO - 2022-07-22 15:24:33 --> CSRF cookie sent.
INFO - 2022-07-22 15:24:33 --> Session: Class initialized using 'CodeIgniter\Session\Handlers\FileHandler' driver.
INFO - 2022-07-22 15:24:43 --> CSRF cookie sent.
INFO - 2022-07-22 15:24:43 --> Session: Class initialized using 'CodeIgniter\Session\Handlers\FileHandler' driver.
INFO - 2022-07-22 15:24:43 --> CSRF cookie sent.
INFO - 2022-07-22 15:24:43 --> Session: Class initialized using 'CodeIgniter\Session\Handlers\FileHandler' driver.
INFO - 2022-07-22 15:24:44 --> CSRF cookie sent.
INFO - 2022-07-22 15:24:44 --> Session: Class initialized using 'CodeIgniter\Session\Handlers\FileHandler' driver.
INFO - 2022-07-22 15:24:45 --> CSRF cookie sent.
INFO - 2022-07-22 15:24:45 --> CSRF cookie sent.
INFO - 2022-07-22 15:24:45 --> Session: Class initialized using 'CodeIgniter\Session\Handlers\FileHandler' driver.
INFO - 2022-07-22 15:24:46 --> Session: Class initialized using 'CodeIgniter\Session\Handlers\FileHandler' driver.
INFO - 2022-07-22 15:26:10 --> CSRF cookie sent.
INFO - 2022-07-22 15:26:10 --> Session: Class initialized using 'CodeIgniter\Session\Handlers\FileHandler' driver.
INFO - 2022-07-22 15:26:11 --> CSRF cookie sent.
INFO - 2022-07-22 15:26:11 --> Session: Class initialized using 'CodeIgniter\Session\Handlers\FileHandler' driver.
INFO - 2022-07-22 15:26:12 --> CSRF cookie sent.
INFO - 2022-07-22 15:26:12 --> Session: Class initialized using 'CodeIgniter\Session\Handlers\FileHandler' driver.
INFO - 2022-07-22 15:26:15 --> CSRF cookie sent.
INFO - 2022-07-22 15:26:15 --> Session: Class initialized using 'CodeIgniter\Session\Handlers\FileHandler' driver.
INFO - 2022-07-22 15:26:16 --> CSRF cookie sent.
INFO - 2022-07-22 15:26:16 --> Session: Class initialized using 'CodeIgniter\Session\Handlers\FileHandler' driver.
INFO - 2022-07-22 15:26:17 --> CSRF cookie sent.
INFO - 2022-07-22 15:26:17 --> Session: Class initialized using 'CodeIgniter\Session\Handlers\FileHandler' driver.
INFO - 2022-07-22 15:26:19 --> CSRF cookie sent.
INFO - 2022-07-22 15:26:19 --> Session: Class initialized using 'CodeIgniter\Session\Handlers\FileHandler' driver.
INFO - 2022-07-22 15:26:20 --> CSRF cookie sent.
INFO - 2022-07-22 15:26:20 --> Session: Class initialized using 'CodeIgniter\Session\Handlers\FileHandler' driver.
INFO - 2022-07-22 15:26:20 --> CSRF cookie sent.
INFO - 2022-07-22 15:26:20 --> Session: Class initialized using 'CodeIgniter\Session\Handlers\FileHandler' driver.
INFO - 2022-07-22 15:26:21 --> CSRF cookie sent.
INFO - 2022-07-22 15:26:21 --> Session: Class initialized using 'CodeIgniter\Session\Handlers\FileHandler' driver.
INFO - 2022-07-22 15:26:21 --> CSRF cookie sent.
INFO - 2022-07-22 15:26:21 --> Session: Class initialized using 'CodeIgniter\Session\Handlers\FileHandler' driver.
INFO - 2022-07-22 15:26:34 --> CSRF cookie sent.
INFO - 2022-07-22 15:26:34 --> Session: Class initialized using 'CodeIgniter\Session\Handlers\FileHandler' driver.
INFO - 2022-07-22 15:26:36 --> CSRF cookie sent.
INFO - 2022-07-22 15:26:36 --> Session: Class initialized using 'CodeIgniter\Session\Handlers\FileHandler' driver.
INFO - 2022-07-22 15:26:36 --> CSRF cookie sent.
INFO - 2022-07-22 15:26:36 --> Session: Class initialized using 'CodeIgniter\Session\Handlers\FileHandler' driver.
INFO - 2022-07-22 15:26:39 --> CSRF cookie sent.
INFO - 2022-07-22 15:26:39 --> Session: Class initialized using 'CodeIgniter\Session\Handlers\FileHandler' driver.
INFO - 2022-07-22 15:26:40 --> CSRF cookie sent.
INFO - 2022-07-22 15:26:40 --> Session: Class initialized using 'CodeIgniter\Session\Handlers\FileHandler' driver.
INFO - 2022-07-22 15:26:41 --> CSRF cookie sent.
INFO - 2022-07-22 15:26:41 --> Session: Class initialized using 'CodeIgniter\Session\Handlers\FileHandler' driver.
INFO - 2022-07-22 15:26:43 --> CSRF cookie sent.
INFO - 2022-07-22 15:26:43 --> Session: Class initialized using 'CodeIgniter\Session\Handlers\FileHandler' driver.
INFO - 2022-07-22 15:26:43 --> CSRF cookie sent.
INFO - 2022-07-22 15:26:43 --> Session: Class initialized using 'CodeIgniter\Session\Handlers\FileHandler' driver.
INFO - 2022-07-22 15:26:44 --> CSRF cookie sent.
INFO - 2022-07-22 15:26:44 --> Session: Class initialized using 'CodeIgniter\Session\Handlers\FileHandler' driver.
INFO - 2022-07-22 15:26:45 --> CSRF cookie sent.
INFO - 2022-07-22 15:26:45 --> CSRF cookie sent.
INFO - 2022-07-22 15:26:45 --> Session: Class initialized using 'CodeIgniter\Session\Handlers\FileHandler' driver.
INFO - 2022-07-22 15:26:45 --> Session: Class initialized using 'CodeIgniter\Session\Handlers\FileHandler' driver.
INFO - 2022-07-22 15:39:54 --> CSRF cookie sent.
INFO - 2022-07-22 15:39:54 --> CSRF token verified.
INFO - 2022-07-22 15:39:54 --> Session: Class initialized using 'CodeIgniter\Session\Handlers\FileHandler' driver.
INFO - 2022-07-22 15:39:55 --> CSRF cookie sent.
INFO - 2022-07-22 15:39:55 --> Session: Class initialized using 'CodeIgniter\Session\Handlers\FileHandler' driver.
INFO - 2022-07-22 15:39:56 --> CSRF cookie sent.
INFO - 2022-07-22 15:39:56 --> Session: Class initialized using 'CodeIgniter\Session\Handlers\FileHandler' driver.
INFO - 2022-07-22 15:39:56 --> CSRF cookie sent.
INFO - 2022-07-22 15:39:56 --> Session: Class initialized using 'CodeIgniter\Session\Handlers\FileHandler' driver.
INFO - 2022-07-22 15:39:58 --> CSRF cookie sent.
INFO - 2022-07-22 15:39:58 --> Session: Class initialized using 'CodeIgniter\Session\Handlers\FileHandler' driver.
INFO - 2022-07-22 15:39:59 --> CSRF cookie sent.
INFO - 2022-07-22 15:39:59 --> Session: Class initialized using 'CodeIgniter\Session\Handlers\FileHandler' driver.
INFO - 2022-07-22 15:39:59 --> CSRF cookie sent.
INFO - 2022-07-22 15:39:59 --> Session: Class initialized using 'CodeIgniter\Session\Handlers\FileHandler' driver.
INFO - 2022-07-22 15:40:03 --> CSRF cookie sent.
INFO - 2022-07-22 15:40:03 --> Session: Class initialized using 'CodeIgniter\Session\Handlers\FileHandler' driver.
INFO - 2022-07-22 15:40:04 --> CSRF cookie sent.
INFO - 2022-07-22 15:40:04 --> Session: Class initialized using 'CodeIgniter\Session\Handlers\FileHandler' driver.
INFO - 2022-07-22 15:40:05 --> CSRF cookie sent.
INFO - 2022-07-22 15:40:05 --> Session: Class initialized using 'CodeIgniter\Session\Handlers\FileHandler' driver.
INFO - 2022-07-22 15:40:06 --> CSRF cookie sent.
INFO - 2022-07-22 15:40:06 --> Session: Class initialized using 'CodeIgniter\Session\Handlers\FileHandler' driver.
INFO - 2022-07-22 15:40:08 --> CSRF cookie sent.
INFO - 2022-07-22 15:40:09 --> Session: Class initialized using 'CodeIgniter\Session\Handlers\FileHandler' driver.
INFO - 2022-07-22 15:40:09 --> CSRF cookie sent.
INFO - 2022-07-22 15:40:09 --> Session: Class initialized using 'CodeIgniter\Session\Handlers\FileHandler' driver.
INFO - 2022-07-22 15:40:18 --> CSRF cookie sent.
INFO - 2022-07-22 15:40:18 --> CSRF token verified.
INFO - 2022-07-22 15:40:18 --> Session: Class initialized using 'CodeIgniter\Session\Handlers\FileHandler' driver.
INFO - 2022-07-22 15:40:19 --> CSRF cookie sent.
INFO - 2022-07-22 15:40:19 --> Session: Class initialized using 'CodeIgniter\Session\Handlers\FileHandler' driver.
INFO - 2022-07-22 15:40:19 --> CSRF cookie sent.
INFO - 2022-07-22 15:40:19 --> Session: Class initialized using 'CodeIgniter\Session\Handlers\FileHandler' driver.
INFO - 2022-07-22 15:40:20 --> CSRF cookie sent.
INFO - 2022-07-22 15:40:20 --> Session: Class initialized using 'CodeIgniter\Session\Handlers\FileHandler' driver.
INFO - 2022-07-22 15:40:21 --> CSRF cookie sent.
INFO - 2022-07-22 15:40:21 --> Session: Class initialized using 'CodeIgniter\Session\Handlers\FileHandler' driver.
INFO - 2022-07-22 15:40:21 --> CSRF cookie sent.
INFO - 2022-07-22 15:40:21 --> Session: Class initialized using 'CodeIgniter\Session\Handlers\FileHandler' driver.
INFO - 2022-07-22 15:40:22 --> CSRF cookie sent.
INFO - 2022-07-22 15:40:22 --> Session: Class initialized using 'CodeIgniter\Session\Handlers\FileHandler' driver.
INFO - 2022-07-22 15:40:41 --> CSRF cookie sent.
INFO - 2022-07-22 15:40:41 --> Session: Class initialized using 'CodeIgniter\Session\Handlers\FileHandler' driver.
INFO - 2022-07-22 15:40:42 --> CSRF cookie sent.
INFO - 2022-07-22 15:40:42 --> Session: Class initialized using 'CodeIgniter\Session\Handlers\FileHandler' driver.
INFO - 2022-07-22 15:40:42 --> CSRF cookie sent.
INFO - 2022-07-22 15:40:42 --> Session: Class initialized using 'CodeIgniter\Session\Handlers\FileHandler' driver.
INFO - 2022-07-22 15:40:45 --> CSRF cookie sent.
INFO - 2022-07-22 15:40:45 --> Session: Class initialized using 'CodeIgniter\Session\Handlers\FileHandler' driver.
INFO - 2022-07-22 15:40:46 --> CSRF cookie sent.
INFO - 2022-07-22 15:40:46 --> Session: Class initialized using 'CodeIgniter\Session\Handlers\FileHandler' driver.
INFO - 2022-07-22 15:40:46 --> CSRF cookie sent.
INFO - 2022-07-22 15:40:46 --> Session: Class initialized using 'CodeIgniter\Session\Handlers\FileHandler' driver.
INFO - 2022-07-22 15:40:49 --> CSRF cookie sent.
INFO - 2022-07-22 15:40:49 --> Session: Class initialized using 'CodeIgniter\Session\Handlers\FileHandler' driver.
INFO - 2022-07-22 15:40:49 --> CSRF cookie sent.
INFO - 2022-07-22 15:40:49 --> Session: Class initialized using 'CodeIgniter\Session\Handlers\FileHandler' driver.
INFO - 2022-07-22 15:40:50 --> CSRF cookie sent.
INFO - 2022-07-22 15:40:50 --> Session: Class initialized using 'CodeIgniter\Session\Handlers\FileHandler' driver.
INFO - 2022-07-22 15:40:52 --> CSRF cookie sent.
INFO - 2022-07-22 15:40:52 --> Session: Class initialized using 'CodeIgniter\Session\Handlers\FileHandler' driver.
INFO - 2022-07-22 15:40:52 --> CSRF cookie sent.
INFO - 2022-07-22 15:40:52 --> Session: Class initialized using 'CodeIgniter\Session\Handlers\FileHandler' driver.
INFO - 2022-07-22 15:41:32 --> CSRF cookie sent.
INFO - 2022-07-22 15:41:32 --> Session: Class initialized using 'CodeIgniter\Session\Handlers\FileHandler' driver.
INFO - 2022-07-22 15:41:32 --> CSRF cookie sent.
INFO - 2022-07-22 15:41:32 --> Session: Class initialized using 'CodeIgniter\Session\Handlers\FileHandler' driver.
INFO - 2022-07-22 15:41:32 --> CSRF cookie sent.
INFO - 2022-07-22 15:41:32 --> Session: Class initialized using 'CodeIgniter\Session\Handlers\FileHandler' driver.
INFO - 2022-07-22 15:41:51 --> CSRF cookie sent.
INFO - 2022-07-22 15:41:51 --> CSRF token verified.
INFO - 2022-07-22 15:41:51 --> Session: Class initialized using 'CodeIgniter\Session\Handlers\FileHandler' driver.
INFO - 2022-07-22 15:41:51 --> CSRF cookie sent.
INFO - 2022-07-22 15:41:51 --> Session: Class initialized using 'CodeIgniter\Session\Handlers\FileHandler' driver.
INFO - 2022-07-22 15:41:52 --> CSRF cookie sent.
INFO - 2022-07-22 15:41:52 --> Session: Class initialized using 'CodeIgniter\Session\Handlers\FileHandler' driver.
INFO - 2022-07-22 15:41:52 --> CSRF cookie sent.
INFO - 2022-07-22 15:41:52 --> Session: Class initialized using 'CodeIgniter\Session\Handlers\FileHandler' driver.
INFO - 2022-07-22 15:41:55 --> CSRF cookie sent.
INFO - 2022-07-22 15:41:55 --> CSRF token verified.
INFO - 2022-07-22 15:41:55 --> Session: Class initialized using 'CodeIgniter\Session\Handlers\FileHandler' driver.
INFO - 2022-07-22 15:41:56 --> CSRF cookie sent.
INFO - 2022-07-22 15:41:56 --> Session: Class initialized using 'CodeIgniter\Session\Handlers\FileHandler' driver.
INFO - 2022-07-22 15:41:56 --> CSRF cookie sent.
INFO - 2022-07-22 15:41:56 --> Session: Class initialized using 'CodeIgniter\Session\Handlers\FileHandler' driver.
INFO - 2022-07-22 15:41:57 --> CSRF cookie sent.
INFO - 2022-07-22 15:41:57 --> Session: Class initialized using 'CodeIgniter\Session\Handlers\FileHandler' driver.
INFO - 2022-07-22 15:41:58 --> CSRF cookie sent.
INFO - 2022-07-22 15:41:58 --> Session: Class initialized using 'CodeIgniter\Session\Handlers\FileHandler' driver.
INFO - 2022-07-22 15:41:58 --> CSRF cookie sent.
INFO - 2022-07-22 15:41:58 --> Session: Class initialized using 'CodeIgniter\Session\Handlers\FileHandler' driver.
INFO - 2022-07-22 15:42:05 --> CSRF cookie sent.
INFO - 2022-07-22 15:42:05 --> Session: Class initialized using 'CodeIgniter\Session\Handlers\FileHandler' driver.
INFO - 2022-07-22 15:42:05 --> CSRF cookie sent.
INFO - 2022-07-22 15:42:05 --> Session: Class initialized using 'CodeIgniter\Session\Handlers\FileHandler' driver.
INFO - 2022-07-22 15:42:05 --> CSRF cookie sent.
INFO - 2022-07-22 15:42:05 --> Session: Class initialized using 'CodeIgniter\Session\Handlers\FileHandler' driver.
