INFO - 2022-11-24 07:48:03 --> CSRF cookie sent.
INFO - 2022-11-24 07:48:03 --> Session: Class initialized using 'CodeIgniter\Session\Handlers\FileHandler' driver.
INFO - 2022-11-24 07:48:05 --> CSRF cookie sent.
INFO - 2022-11-24 07:48:05 --> Session: Class initialized using 'CodeIgniter\Session\Handlers\FileHandler' driver.
INFO - 2022-11-24 07:48:16 --> CSRF cookie sent.
INFO - 2022-11-24 07:48:16 --> CSRF token verified.
INFO - 2022-11-24 07:48:16 --> Session: Class initialized using 'CodeIgniter\Session\Handlers\FileHandler' driver.
INFO - 2022-11-24 07:48:18 --> CSRF cookie sent.
INFO - 2022-11-24 07:48:18 --> Session: Class initialized using 'CodeIgniter\Session\Handlers\FileHandler' driver.
INFO - 2022-11-24 07:48:20 --> CSRF cookie sent.
INFO - 2022-11-24 07:48:20 --> Session: Class initialized using 'CodeIgniter\Session\Handlers\FileHandler' driver.
INFO - 2022-11-24 07:48:27 --> CSRF cookie sent.
INFO - 2022-11-24 07:48:27 --> Session: Class initialized using 'CodeIgniter\Session\Handlers\FileHandler' driver.
INFO - 2022-11-24 07:48:27 --> CSRF cookie sent.
INFO - 2022-11-24 07:48:27 --> Session: Class initialized using 'CodeIgniter\Session\Handlers\FileHandler' driver.
INFO - 2022-11-24 07:48:28 --> CSRF cookie sent.
INFO - 2022-11-24 07:48:28 --> Session: Class initialized using 'CodeIgniter\Session\Handlers\FileHandler' driver.
INFO - 2022-11-24 07:48:34 --> CSRF cookie sent.
INFO - 2022-11-24 07:48:34 --> Session: Class initialized using 'CodeIgniter\Session\Handlers\FileHandler' driver.
INFO - 2022-11-24 07:48:35 --> CSRF cookie sent.
INFO - 2022-11-24 07:48:35 --> Session: Class initialized using 'CodeIgniter\Session\Handlers\FileHandler' driver.
INFO - 2022-11-24 07:48:51 --> CSRF cookie sent.
INFO - 2022-11-24 07:48:51 --> Session: Class initialized using 'CodeIgniter\Session\Handlers\FileHandler' driver.
INFO - 2022-11-24 07:48:51 --> CSRF cookie sent.
INFO - 2022-11-24 07:48:51 --> Session: Class initialized using 'CodeIgniter\Session\Handlers\FileHandler' driver.
INFO - 2022-11-24 07:49:05 --> CSRF cookie sent.
INFO - 2022-11-24 07:49:05 --> Session: Class initialized using 'CodeIgniter\Session\Handlers\FileHandler' driver.
INFO - 2022-11-24 07:49:06 --> CSRF cookie sent.
INFO - 2022-11-24 07:49:06 --> Session: Class initialized using 'CodeIgniter\Session\Handlers\FileHandler' driver.
INFO - 2022-11-24 07:49:14 --> CSRF cookie sent.
INFO - 2022-11-24 07:49:14 --> Session: Class initialized using 'CodeIgniter\Session\Handlers\FileHandler' driver.
INFO - 2022-11-24 07:49:15 --> CSRF cookie sent.
INFO - 2022-11-24 07:49:15 --> Session: Class initialized using 'CodeIgniter\Session\Handlers\FileHandler' driver.
INFO - 2022-11-24 07:50:00 --> CSRF cookie sent.
INFO - 2022-11-24 07:50:00 --> CSRF token verified.
INFO - 2022-11-24 07:50:00 --> Session: Class initialized using 'CodeIgniter\Session\Handlers\FileHandler' driver.
INFO - 2022-11-24 07:50:01 --> CSRF cookie sent.
INFO - 2022-11-24 07:50:01 --> Session: Class initialized using 'CodeIgniter\Session\Handlers\FileHandler' driver.
INFO - 2022-11-24 07:50:02 --> CSRF cookie sent.
INFO - 2022-11-24 07:50:02 --> Session: Class initialized using 'CodeIgniter\Session\Handlers\FileHandler' driver.
INFO - 2022-11-24 07:59:15 --> CSRF cookie sent.
INFO - 2022-11-24 07:59:15 --> CSRF token verified.
INFO - 2022-11-24 07:59:15 --> Session: Class initialized using 'CodeIgniter\Session\Handlers\FileHandler' driver.
INFO - 2022-11-24 07:59:16 --> CSRF cookie sent.
INFO - 2022-11-24 07:59:16 --> Session: Class initialized using 'CodeIgniter\Session\Handlers\FileHandler' driver.
INFO - 2022-11-24 07:59:17 --> CSRF cookie sent.
INFO - 2022-11-24 07:59:17 --> Session: Class initialized using 'CodeIgniter\Session\Handlers\FileHandler' driver.
INFO - 2022-11-24 08:02:01 --> CSRF cookie sent.
INFO - 2022-11-24 08:02:01 --> CSRF token verified.
INFO - 2022-11-24 08:02:01 --> Session: Class initialized using 'CodeIgniter\Session\Handlers\FileHandler' driver.
INFO - 2022-11-24 08:02:01 --> CSRF cookie sent.
INFO - 2022-11-24 08:02:01 --> Session: Class initialized using 'CodeIgniter\Session\Handlers\FileHandler' driver.
INFO - 2022-11-24 08:02:02 --> CSRF cookie sent.
INFO - 2022-11-24 08:02:02 --> Session: Class initialized using 'CodeIgniter\Session\Handlers\FileHandler' driver.
INFO - 2022-11-24 08:03:28 --> CSRF cookie sent.
INFO - 2022-11-24 08:03:28 --> CSRF token verified.
INFO - 2022-11-24 08:03:28 --> Session: Class initialized using 'CodeIgniter\Session\Handlers\FileHandler' driver.
INFO - 2022-11-24 08:03:29 --> CSRF cookie sent.
INFO - 2022-11-24 08:03:29 --> Session: Class initialized using 'CodeIgniter\Session\Handlers\FileHandler' driver.
INFO - 2022-11-24 08:03:30 --> CSRF cookie sent.
INFO - 2022-11-24 08:03:30 --> Session: Class initialized using 'CodeIgniter\Session\Handlers\FileHandler' driver.
INFO - 2022-11-24 08:05:57 --> CSRF cookie sent.
INFO - 2022-11-24 08:05:57 --> CSRF token verified.
INFO - 2022-11-24 08:05:57 --> Session: Class initialized using 'CodeIgniter\Session\Handlers\FileHandler' driver.
INFO - 2022-11-24 08:05:58 --> CSRF cookie sent.
INFO - 2022-11-24 08:05:58 --> Session: Class initialized using 'CodeIgniter\Session\Handlers\FileHandler' driver.
INFO - 2022-11-24 08:05:59 --> CSRF cookie sent.
INFO - 2022-11-24 08:05:59 --> Session: Class initialized using 'CodeIgniter\Session\Handlers\FileHandler' driver.
INFO - 2022-11-24 08:07:32 --> CSRF cookie sent.
INFO - 2022-11-24 08:07:32 --> CSRF token verified.
INFO - 2022-11-24 08:07:32 --> Session: Class initialized using 'CodeIgniter\Session\Handlers\FileHandler' driver.
INFO - 2022-11-24 08:07:32 --> CSRF cookie sent.
INFO - 2022-11-24 08:07:32 --> Session: Class initialized using 'CodeIgniter\Session\Handlers\FileHandler' driver.
INFO - 2022-11-24 08:07:33 --> CSRF cookie sent.
INFO - 2022-11-24 08:07:33 --> Session: Class initialized using 'CodeIgniter\Session\Handlers\FileHandler' driver.
INFO - 2022-11-24 08:09:09 --> CSRF cookie sent.
INFO - 2022-11-24 08:09:09 --> CSRF token verified.
INFO - 2022-11-24 08:09:09 --> Session: Class initialized using 'CodeIgniter\Session\Handlers\FileHandler' driver.
INFO - 2022-11-24 08:09:10 --> CSRF cookie sent.
INFO - 2022-11-24 08:09:10 --> Session: Class initialized using 'CodeIgniter\Session\Handlers\FileHandler' driver.
INFO - 2022-11-24 08:09:11 --> CSRF cookie sent.
INFO - 2022-11-24 08:09:11 --> Session: Class initialized using 'CodeIgniter\Session\Handlers\FileHandler' driver.
INFO - 2022-11-24 10:16:36 --> CSRF cookie sent.
INFO - 2022-11-24 10:16:36 --> Session: Class initialized using 'CodeIgniter\Session\Handlers\FileHandler' driver.
INFO - 2022-11-24 10:16:38 --> CSRF cookie sent.
INFO - 2022-11-24 10:16:38 --> Session: Class initialized using 'CodeIgniter\Session\Handlers\FileHandler' driver.
INFO - 2022-11-24 10:17:02 --> CSRF cookie sent.
INFO - 2022-11-24 10:17:02 --> CSRF token verified.
INFO - 2022-11-24 10:17:02 --> Session: Class initialized using 'CodeIgniter\Session\Handlers\FileHandler' driver.
INFO - 2022-11-24 10:17:04 --> CSRF cookie sent.
INFO - 2022-11-24 10:17:04 --> Session: Class initialized using 'CodeIgniter\Session\Handlers\FileHandler' driver.
INFO - 2022-11-24 10:17:59 --> CSRF cookie sent.
INFO - 2022-11-24 10:17:59 --> CSRF token verified.
INFO - 2022-11-24 10:17:59 --> Session: Class initialized using 'CodeIgniter\Session\Handlers\FileHandler' driver.
INFO - 2022-11-24 10:18:00 --> CSRF cookie sent.
INFO - 2022-11-24 10:18:00 --> Session: Class initialized using 'CodeIgniter\Session\Handlers\FileHandler' driver.
INFO - 2022-11-24 10:18:02 --> CSRF cookie sent.
INFO - 2022-11-24 10:18:02 --> Session: Class initialized using 'CodeIgniter\Session\Handlers\FileHandler' driver.
INFO - 2022-11-24 12:13:48 --> CSRF cookie sent.
INFO - 2022-11-24 12:13:48 --> Session: Class initialized using 'CodeIgniter\Session\Handlers\FileHandler' driver.
INFO - 2022-11-24 12:13:49 --> CSRF cookie sent.
INFO - 2022-11-24 12:13:49 --> Session: Class initialized using 'CodeIgniter\Session\Handlers\FileHandler' driver.
INFO - 2022-11-24 12:13:52 --> CSRF cookie sent.
INFO - 2022-11-24 12:13:52 --> CSRF token verified.
INFO - 2022-11-24 12:13:52 --> Session: Class initialized using 'CodeIgniter\Session\Handlers\FileHandler' driver.
INFO - 2022-11-24 12:13:53 --> CSRF cookie sent.
INFO - 2022-11-24 12:13:53 --> Session: Class initialized using 'CodeIgniter\Session\Handlers\FileHandler' driver.
INFO - 2022-11-24 12:13:53 --> CSRF cookie sent.
INFO - 2022-11-24 12:13:53 --> Session: Class initialized using 'CodeIgniter\Session\Handlers\FileHandler' driver.
INFO - 2022-11-24 12:13:53 --> CSRF cookie sent.
INFO - 2022-11-24 12:13:53 --> Session: Class initialized using 'CodeIgniter\Session\Handlers\FileHandler' driver.
INFO - 2022-11-24 12:13:56 --> CSRF cookie sent.
INFO - 2022-11-24 12:13:56 --> Session: Class initialized using 'CodeIgniter\Session\Handlers\FileHandler' driver.
INFO - 2022-11-24 12:13:56 --> CSRF cookie sent.
INFO - 2022-11-24 12:13:56 --> Session: Class initialized using 'CodeIgniter\Session\Handlers\FileHandler' driver.
INFO - 2022-11-24 12:13:57 --> CSRF cookie sent.
INFO - 2022-11-24 12:13:57 --> Session: Class initialized using 'CodeIgniter\Session\Handlers\FileHandler' driver.
INFO - 2022-11-24 12:13:57 --> CSRF cookie sent.
INFO - 2022-11-24 12:13:57 --> Session: Class initialized using 'CodeIgniter\Session\Handlers\FileHandler' driver.
INFO - 2022-11-24 12:14:01 --> CSRF cookie sent.
INFO - 2022-11-24 12:14:01 --> Session: Class initialized using 'CodeIgniter\Session\Handlers\FileHandler' driver.
INFO - 2022-11-24 12:14:03 --> CSRF cookie sent.
INFO - 2022-11-24 12:14:03 --> Session: Class initialized using 'CodeIgniter\Session\Handlers\FileHandler' driver.
INFO - 2022-11-24 12:14:03 --> CSRF cookie sent.
INFO - 2022-11-24 12:14:03 --> Session: Class initialized using 'CodeIgniter\Session\Handlers\FileHandler' driver.
INFO - 2022-11-24 12:14:06 --> CSRF cookie sent.
INFO - 2022-11-24 12:14:06 --> Session: Class initialized using 'CodeIgniter\Session\Handlers\FileHandler' driver.
INFO - 2022-11-24 12:14:06 --> CSRF cookie sent.
INFO - 2022-11-24 12:14:06 --> CSRF cookie sent.
INFO - 2022-11-24 12:14:06 --> Session: Class initialized using 'CodeIgniter\Session\Handlers\FileHandler' driver.
INFO - 2022-11-24 12:14:06 --> CSRF cookie sent.
INFO - 2022-11-24 12:14:06 --> Session: Class initialized using 'CodeIgniter\Session\Handlers\FileHandler' driver.
INFO - 2022-11-24 12:14:06 --> CSRF cookie sent.
INFO - 2022-11-24 12:14:07 --> Session: Class initialized using 'CodeIgniter\Session\Handlers\FileHandler' driver.
INFO - 2022-11-24 12:14:07 --> Session: Class initialized using 'CodeIgniter\Session\Handlers\FileHandler' driver.
INFO - 2022-11-24 12:14:07 --> CSRF cookie sent.
INFO - 2022-11-24 12:14:07 --> CSRF cookie sent.
INFO - 2022-11-24 12:14:07 --> Session: Class initialized using 'CodeIgniter\Session\Handlers\FileHandler' driver.
INFO - 2022-11-24 12:14:07 --> CSRF cookie sent.
INFO - 2022-11-24 12:14:07 --> CSRF token verified.
INFO - 2022-11-24 12:14:07 --> Session: Class initialized using 'CodeIgniter\Session\Handlers\FileHandler' driver.
INFO - 2022-11-24 12:14:07 --> Session: Class initialized using 'CodeIgniter\Session\Handlers\FileHandler' driver.
INFO - 2022-11-24 12:14:09 --> CSRF cookie sent.
INFO - 2022-11-24 12:14:09 --> CSRF token verified.
INFO - 2022-11-24 12:14:09 --> Session: Class initialized using 'CodeIgniter\Session\Handlers\FileHandler' driver.
INFO - 2022-11-24 12:14:10 --> CSRF cookie sent.
INFO - 2022-11-24 12:14:10 --> Session: Class initialized using 'CodeIgniter\Session\Handlers\FileHandler' driver.
ERROR - 2022-11-24 12:14:10 --> mysqli_sql_exception: Subquery returns more than 1 row in /home/apdwms/public_html/system/Database/MySQLi/Connection.php:314
Stack trace:
#0 /home/apdwms/public_html/system/Database/MySQLi/Connection.php(314): mysqli->query()
#1 /home/apdwms/public_html/system/Database/BaseConnection.php(713): CodeIgniter\Database\MySQLi\Connection->execute()
#2 /home/apdwms/public_html/system/Database/BaseConnection.php(641): CodeIgniter\Database\BaseConnection->simpleQuery()
#3 /home/apdwms/public_html/system/Database/BaseBuilder.php(1866): CodeIgniter\Database\BaseConnection->query()
#4 /home/apdwms/public_html/cella/Models/Collections/ItemsModel.php(130): CodeIgniter\Database\BaseBuilder->get()
#5 /home/apdwms/public_html/cella/Controllers/Warehouse.php(237): CELLA\Models\Collections\ItemsModel->getReadyForLoadJobs()
#6 /home/apdwms/public_html/cella/Controllers/BaseController.php(532): CELLA\Controllers\Warehouse->collection()
#7 /home/apdwms/public_html/system/CodeIgniter.php(932): CELLA\Controllers\BaseController->_remap()
#8 /home/apdwms/public_html/system/CodeIgniter.php(432): CodeIgniter\CodeIgniter->runController()
#9 /home/apdwms/public_html/system/CodeIgniter.php(333): CodeIgniter\CodeIgniter->handleRequest()
#10 /home/apdwms/public_html/index.php(48): CodeIgniter\CodeIgniter->run()
#11 {main}
ERROR - 2022-11-24 12:14:10 --> error_sql:SELECT *
FROM `vw_jobs_for_dispatched_loads`
WHERE `load` = 'TIB221107'
INFO - 2022-11-24 12:14:11 --> CSRF cookie sent.
INFO - 2022-11-24 12:14:11 --> Session: Class initialized using 'CodeIgniter\Session\Handlers\FileHandler' driver.
INFO - 2022-11-24 12:14:11 --> CSRF cookie sent.
INFO - 2022-11-24 12:14:11 --> Session: Class initialized using 'CodeIgniter\Session\Handlers\FileHandler' driver.
INFO - 2022-11-24 12:14:12 --> CSRF cookie sent.
INFO - 2022-11-24 12:14:12 --> Session: Class initialized using 'CodeIgniter\Session\Handlers\FileHandler' driver.
INFO - 2022-11-24 12:14:18 --> CSRF cookie sent.
INFO - 2022-11-24 12:14:18 --> Session: Class initialized using 'CodeIgniter\Session\Handlers\FileHandler' driver.
INFO - 2022-11-24 12:14:19 --> CSRF cookie sent.
INFO - 2022-11-24 12:14:19 --> Session: Class initialized using 'CodeIgniter\Session\Handlers\FileHandler' driver.
INFO - 2022-11-24 12:14:19 --> CSRF cookie sent.
INFO - 2022-11-24 12:14:19 --> Session: Class initialized using 'CodeIgniter\Session\Handlers\FileHandler' driver.
INFO - 2022-11-24 12:14:20 --> CSRF cookie sent.
INFO - 2022-11-24 12:14:20 --> Session: Class initialized using 'CodeIgniter\Session\Handlers\FileHandler' driver.
INFO - 2022-11-24 12:14:23 --> CSRF cookie sent.
INFO - 2022-11-24 12:14:23 --> Session: Class initialized using 'CodeIgniter\Session\Handlers\FileHandler' driver.
INFO - 2022-11-24 12:14:24 --> CSRF cookie sent.
INFO - 2022-11-24 12:14:24 --> Session: Class initialized using 'CodeIgniter\Session\Handlers\FileHandler' driver.
INFO - 2022-11-24 12:14:26 --> CSRF cookie sent.
INFO - 2022-11-24 12:14:26 --> CSRF token verified.
INFO - 2022-11-24 12:14:26 --> Session: Class initialized using 'CodeIgniter\Session\Handlers\FileHandler' driver.
INFO - 2022-11-24 12:14:26 --> CSRF cookie sent.
INFO - 2022-11-24 12:14:26 --> Session: Class initialized using 'CodeIgniter\Session\Handlers\FileHandler' driver.
INFO - 2022-11-24 12:14:27 --> CSRF cookie sent.
INFO - 2022-11-24 12:14:27 --> Session: Class initialized using 'CodeIgniter\Session\Handlers\FileHandler' driver.
INFO - 2022-11-24 12:14:49 --> CSRF cookie sent.
INFO - 2022-11-24 12:14:49 --> Session: Class initialized using 'CodeIgniter\Session\Handlers\FileHandler' driver.
INFO - 2022-11-24 12:14:50 --> CSRF cookie sent.
INFO - 2022-11-24 12:14:50 --> Session: Class initialized using 'CodeIgniter\Session\Handlers\FileHandler' driver.
INFO - 2022-11-24 12:14:54 --> CSRF cookie sent.
INFO - 2022-11-24 12:14:54 --> CSRF token verified.
INFO - 2022-11-24 12:14:54 --> Session: Class initialized using 'CodeIgniter\Session\Handlers\FileHandler' driver.
INFO - 2022-11-24 12:14:55 --> CSRF cookie sent.
INFO - 2022-11-24 12:14:55 --> Session: Class initialized using 'CodeIgniter\Session\Handlers\FileHandler' driver.
INFO - 2022-11-24 12:14:56 --> CSRF cookie sent.
INFO - 2022-11-24 12:14:56 --> Session: Class initialized using 'CodeIgniter\Session\Handlers\FileHandler' driver.
INFO - 2022-11-24 12:14:58 --> CSRF cookie sent.
INFO - 2022-11-24 12:14:58 --> Session: Class initialized using 'CodeIgniter\Session\Handlers\FileHandler' driver.
INFO - 2022-11-24 12:14:59 --> CSRF cookie sent.
INFO - 2022-11-24 12:14:59 --> Session: Class initialized using 'CodeIgniter\Session\Handlers\FileHandler' driver.
INFO - 2022-11-24 12:15:03 --> CSRF cookie sent.
INFO - 2022-11-24 12:15:03 --> CSRF token verified.
INFO - 2022-11-24 12:15:03 --> Session: Class initialized using 'CodeIgniter\Session\Handlers\FileHandler' driver.
INFO - 2022-11-24 12:15:03 --> CSRF cookie sent.
INFO - 2022-11-24 12:15:03 --> Session: Class initialized using 'CodeIgniter\Session\Handlers\FileHandler' driver.
INFO - 2022-11-24 12:15:04 --> CSRF cookie sent.
INFO - 2022-11-24 12:15:04 --> Session: Class initialized using 'CodeIgniter\Session\Handlers\FileHandler' driver.
INFO - 2022-11-24 12:16:12 --> CSRF cookie sent.
INFO - 2022-11-24 12:16:12 --> Session: Class initialized using 'CodeIgniter\Session\Handlers\FileHandler' driver.
INFO - 2022-11-24 12:16:13 --> CSRF cookie sent.
INFO - 2022-11-24 12:16:13 --> Session: Class initialized using 'CodeIgniter\Session\Handlers\FileHandler' driver.
INFO - 2022-11-24 12:16:19 --> CSRF cookie sent.
INFO - 2022-11-24 12:16:19 --> CSRF token verified.
INFO - 2022-11-24 12:16:19 --> Session: Class initialized using 'CodeIgniter\Session\Handlers\FileHandler' driver.
INFO - 2022-11-24 12:16:19 --> CSRF cookie sent.
INFO - 2022-11-24 12:16:19 --> Session: Class initialized using 'CodeIgniter\Session\Handlers\FileHandler' driver.
INFO - 2022-11-24 12:16:20 --> CSRF cookie sent.
INFO - 2022-11-24 12:16:20 --> Session: Class initialized using 'CodeIgniter\Session\Handlers\FileHandler' driver.
INFO - 2022-11-24 12:16:22 --> CSRF cookie sent.
INFO - 2022-11-24 12:16:22 --> Session: Class initialized using 'CodeIgniter\Session\Handlers\FileHandler' driver.
INFO - 2022-11-24 12:16:23 --> CSRF cookie sent.
INFO - 2022-11-24 12:16:23 --> Session: Class initialized using 'CodeIgniter\Session\Handlers\FileHandler' driver.
INFO - 2022-11-24 12:16:25 --> CSRF cookie sent.
INFO - 2022-11-24 12:16:25 --> CSRF token verified.
INFO - 2022-11-24 12:16:25 --> Session: Class initialized using 'CodeIgniter\Session\Handlers\FileHandler' driver.
INFO - 2022-11-24 12:16:26 --> CSRF cookie sent.
INFO - 2022-11-24 12:16:26 --> Session: Class initialized using 'CodeIgniter\Session\Handlers\FileHandler' driver.
INFO - 2022-11-24 12:16:26 --> CSRF cookie sent.
INFO - 2022-11-24 12:16:26 --> Session: Class initialized using 'CodeIgniter\Session\Handlers\FileHandler' driver.
INFO - 2022-11-24 13:34:08 --> CSRF cookie sent.
INFO - 2022-11-24 13:34:08 --> Session: Class initialized using 'CodeIgniter\Session\Handlers\FileHandler' driver.
INFO - 2022-11-24 13:34:09 --> CSRF cookie sent.
INFO - 2022-11-24 13:34:09 --> Session: Class initialized using 'CodeIgniter\Session\Handlers\FileHandler' driver.
INFO - 2022-11-24 13:34:14 --> CSRF cookie sent.
INFO - 2022-11-24 13:34:14 --> CSRF token verified.
INFO - 2022-11-24 13:34:14 --> Session: Class initialized using 'CodeIgniter\Session\Handlers\FileHandler' driver.
INFO - 2022-11-24 13:34:15 --> CSRF cookie sent.
INFO - 2022-11-24 13:34:15 --> Session: Class initialized using 'CodeIgniter\Session\Handlers\FileHandler' driver.
INFO - 2022-11-24 13:34:16 --> CSRF cookie sent.
INFO - 2022-11-24 13:34:16 --> Session: Class initialized using 'CodeIgniter\Session\Handlers\FileHandler' driver.
INFO - 2022-11-24 13:34:19 --> CSRF cookie sent.
INFO - 2022-11-24 13:34:19 --> Session: Class initialized using 'CodeIgniter\Session\Handlers\FileHandler' driver.
INFO - 2022-11-24 13:34:19 --> CSRF cookie sent.
INFO - 2022-11-24 13:34:19 --> Session: Class initialized using 'CodeIgniter\Session\Handlers\FileHandler' driver.
INFO - 2022-11-24 13:34:25 --> CSRF cookie sent.
INFO - 2022-11-24 13:34:25 --> CSRF token verified.
INFO - 2022-11-24 13:34:25 --> Session: Class initialized using 'CodeIgniter\Session\Handlers\FileHandler' driver.
INFO - 2022-11-24 13:34:25 --> CSRF cookie sent.
INFO - 2022-11-24 13:34:25 --> Session: Class initialized using 'CodeIgniter\Session\Handlers\FileHandler' driver.
INFO - 2022-11-24 13:34:26 --> CSRF cookie sent.
INFO - 2022-11-24 13:34:26 --> Session: Class initialized using 'CodeIgniter\Session\Handlers\FileHandler' driver.
INFO - 2022-11-24 13:36:17 --> CSRF cookie sent.
INFO - 2022-11-24 13:36:17 --> Session: Class initialized using 'CodeIgniter\Session\Handlers\FileHandler' driver.
INFO - 2022-11-24 13:36:19 --> CSRF cookie sent.
INFO - 2022-11-24 13:36:19 --> Session: Class initialized using 'CodeIgniter\Session\Handlers\FileHandler' driver.
INFO - 2022-11-24 13:36:24 --> CSRF cookie sent.
INFO - 2022-11-24 13:36:24 --> CSRF token verified.
INFO - 2022-11-24 13:36:24 --> Session: Class initialized using 'CodeIgniter\Session\Handlers\FileHandler' driver.
INFO - 2022-11-24 13:36:25 --> CSRF cookie sent.
INFO - 2022-11-24 13:36:25 --> Session: Class initialized using 'CodeIgniter\Session\Handlers\FileHandler' driver.
INFO - 2022-11-24 13:36:25 --> CSRF cookie sent.
INFO - 2022-11-24 13:36:25 --> Session: Class initialized using 'CodeIgniter\Session\Handlers\FileHandler' driver.
INFO - 2022-11-24 13:36:27 --> CSRF cookie sent.
INFO - 2022-11-24 13:36:27 --> Session: Class initialized using 'CodeIgniter\Session\Handlers\FileHandler' driver.
INFO - 2022-11-24 13:36:28 --> CSRF cookie sent.
INFO - 2022-11-24 13:36:28 --> Session: Class initialized using 'CodeIgniter\Session\Handlers\FileHandler' driver.
INFO - 2022-11-24 13:36:32 --> CSRF cookie sent.
INFO - 2022-11-24 13:36:32 --> CSRF token verified.
INFO - 2022-11-24 13:36:32 --> Session: Class initialized using 'CodeIgniter\Session\Handlers\FileHandler' driver.
INFO - 2022-11-24 13:36:33 --> CSRF cookie sent.
INFO - 2022-11-24 13:36:33 --> Session: Class initialized using 'CodeIgniter\Session\Handlers\FileHandler' driver.
INFO - 2022-11-24 13:36:33 --> CSRF cookie sent.
INFO - 2022-11-24 13:36:33 --> Session: Class initialized using 'CodeIgniter\Session\Handlers\FileHandler' driver.
INFO - 2022-11-24 13:43:37 --> Session: Class initialized using 'CodeIgniter\Session\Handlers\FileHandler' driver.
INFO - 2022-11-24 13:43:37 --> CSRF cookie sent.
INFO - 2022-11-24 13:43:37 --> Session: Class initialized using 'CodeIgniter\Session\Handlers\FileHandler' driver.
INFO - 2022-11-24 13:43:38 --> CSRF cookie sent.
INFO - 2022-11-24 13:43:38 --> Session: Class initialized using 'CodeIgniter\Session\Handlers\FileHandler' driver.
INFO - 2022-11-24 13:43:48 --> CSRF cookie sent.
INFO - 2022-11-24 13:43:48 --> CSRF token verified.
INFO - 2022-11-24 13:43:48 --> Session: Class initialized using 'CodeIgniter\Session\Handlers\FileHandler' driver.
INFO - 2022-11-24 13:43:48 --> CSRF cookie sent.
INFO - 2022-11-24 13:43:48 --> Session: Class initialized using 'CodeIgniter\Session\Handlers\FileHandler' driver.
INFO - 2022-11-24 13:43:59 --> CSRF cookie sent.
INFO - 2022-11-24 13:43:59 --> CSRF token verified.
INFO - 2022-11-24 13:43:59 --> Session: Class initialized using 'CodeIgniter\Session\Handlers\FileHandler' driver.
INFO - 2022-11-24 13:43:59 --> CSRF cookie sent.
INFO - 2022-11-24 13:43:59 --> Session: Class initialized using 'CodeIgniter\Session\Handlers\FileHandler' driver.
INFO - 2022-11-24 13:44:10 --> CSRF cookie sent.
INFO - 2022-11-24 13:44:10 --> CSRF token verified.
INFO - 2022-11-24 13:44:10 --> Session: Class initialized using 'CodeIgniter\Session\Handlers\FileHandler' driver.
INFO - 2022-11-24 13:44:11 --> CSRF cookie sent.
INFO - 2022-11-24 13:44:11 --> Session: Class initialized using 'CodeIgniter\Session\Handlers\FileHandler' driver.
INFO - 2022-11-24 13:44:23 --> CSRF cookie sent.
INFO - 2022-11-24 13:44:23 --> CSRF token verified.
INFO - 2022-11-24 13:44:23 --> Session: Class initialized using 'CodeIgniter\Session\Handlers\FileHandler' driver.
INFO - 2022-11-24 13:44:24 --> CSRF cookie sent.
INFO - 2022-11-24 13:44:24 --> Session: Class initialized using 'CodeIgniter\Session\Handlers\FileHandler' driver.
INFO - 2022-11-24 13:44:53 --> CSRF cookie sent.
INFO - 2022-11-24 13:44:53 --> CSRF token verified.
INFO - 2022-11-24 13:44:53 --> Session: Class initialized using 'CodeIgniter\Session\Handlers\FileHandler' driver.
INFO - 2022-11-24 13:44:53 --> CSRF cookie sent.
INFO - 2022-11-24 13:44:53 --> Session: Class initialized using 'CodeIgniter\Session\Handlers\FileHandler' driver.
INFO - 2022-11-24 13:44:54 --> CSRF cookie sent.
INFO - 2022-11-24 13:44:54 --> Session: Class initialized using 'CodeIgniter\Session\Handlers\FileHandler' driver.
INFO - 2022-11-24 13:44:55 --> CSRF cookie sent.
INFO - 2022-11-24 13:44:55 --> Session: Class initialized using 'CodeIgniter\Session\Handlers\FileHandler' driver.
INFO - 2022-11-24 13:44:58 --> CSRF cookie sent.
INFO - 2022-11-24 13:44:58 --> Session: Class initialized using 'CodeIgniter\Session\Handlers\FileHandler' driver.
INFO - 2022-11-24 13:45:03 --> CSRF cookie sent.
INFO - 2022-11-24 13:45:03 --> Session: Class initialized using 'CodeIgniter\Session\Handlers\FileHandler' driver.
INFO - 2022-11-24 13:45:04 --> CSRF cookie sent.
INFO - 2022-11-24 13:45:04 --> Session: Class initialized using 'CodeIgniter\Session\Handlers\FileHandler' driver.
INFO - 2022-11-24 13:45:04 --> CSRF cookie sent.
INFO - 2022-11-24 13:45:04 --> Session: Class initialized using 'CodeIgniter\Session\Handlers\FileHandler' driver.
INFO - 2022-11-24 13:45:05 --> CSRF cookie sent.
INFO - 2022-11-24 13:45:05 --> Session: Class initialized using 'CodeIgniter\Session\Handlers\FileHandler' driver.
INFO - 2022-11-24 13:45:05 --> CSRF cookie sent.
INFO - 2022-11-24 13:45:05 --> Session: Class initialized using 'CodeIgniter\Session\Handlers\FileHandler' driver.
INFO - 2022-11-24 13:45:10 --> CSRF cookie sent.
INFO - 2022-11-24 13:45:10 --> Session: Class initialized using 'CodeIgniter\Session\Handlers\FileHandler' driver.
INFO - 2022-11-24 13:45:10 --> CSRF cookie sent.
INFO - 2022-11-24 13:45:10 --> Session: Class initialized using 'CodeIgniter\Session\Handlers\FileHandler' driver.
INFO - 2022-11-24 13:45:11 --> CSRF cookie sent.
INFO - 2022-11-24 13:45:11 --> Session: Class initialized using 'CodeIgniter\Session\Handlers\FileHandler' driver.
INFO - 2022-11-24 13:45:17 --> CSRF cookie sent.
INFO - 2022-11-24 13:45:17 --> Session: Class initialized using 'CodeIgniter\Session\Handlers\FileHandler' driver.
INFO - 2022-11-24 13:45:18 --> CSRF cookie sent.
INFO - 2022-11-24 13:45:18 --> Session: Class initialized using 'CodeIgniter\Session\Handlers\FileHandler' driver.
INFO - 2022-11-24 13:45:18 --> CSRF cookie sent.
INFO - 2022-11-24 13:45:18 --> Session: Class initialized using 'CodeIgniter\Session\Handlers\FileHandler' driver.
INFO - 2022-11-24 13:45:21 --> CSRF cookie sent.
INFO - 2022-11-24 13:45:21 --> Session: Class initialized using 'CodeIgniter\Session\Handlers\FileHandler' driver.
INFO - 2022-11-24 13:45:26 --> CSRF cookie sent.
INFO - 2022-11-24 13:45:27 --> Session: Class initialized using 'CodeIgniter\Session\Handlers\FileHandler' driver.
INFO - 2022-11-24 13:45:27 --> CSRF cookie sent.
INFO - 2022-11-24 13:45:27 --> Session: Class initialized using 'CodeIgniter\Session\Handlers\FileHandler' driver.
INFO - 2022-11-24 13:45:53 --> CSRF cookie sent.
INFO - 2022-11-24 13:45:53 --> CSRF token verified.
INFO - 2022-11-24 13:45:53 --> Session: Class initialized using 'CodeIgniter\Session\Handlers\FileHandler' driver.
INFO - 2022-11-24 13:45:54 --> CSRF cookie sent.
INFO - 2022-11-24 13:45:54 --> Session: Class initialized using 'CodeIgniter\Session\Handlers\FileHandler' driver.
INFO - 2022-11-24 13:45:54 --> CSRF cookie sent.
INFO - 2022-11-24 13:45:54 --> Session: Class initialized using 'CodeIgniter\Session\Handlers\FileHandler' driver.
INFO - 2022-11-24 13:45:55 --> CSRF cookie sent.
INFO - 2022-11-24 13:45:55 --> Session: Class initialized using 'CodeIgniter\Session\Handlers\FileHandler' driver.
INFO - 2022-11-24 13:45:55 --> CSRF cookie sent.
INFO - 2022-11-24 13:45:55 --> Session: Class initialized using 'CodeIgniter\Session\Handlers\FileHandler' driver.
INFO - 2022-11-24 13:45:58 --> CSRF cookie sent.
INFO - 2022-11-24 13:45:58 --> Session: Class initialized using 'CodeIgniter\Session\Handlers\FileHandler' driver.
INFO - 2022-11-24 13:46:00 --> CSRF cookie sent.
INFO - 2022-11-24 13:46:00 --> Session: Class initialized using 'CodeIgniter\Session\Handlers\FileHandler' driver.
INFO - 2022-11-24 13:46:00 --> CSRF cookie sent.
INFO - 2022-11-24 13:46:00 --> Session: Class initialized using 'CodeIgniter\Session\Handlers\FileHandler' driver.
INFO - 2022-11-24 13:46:01 --> CSRF cookie sent.
INFO - 2022-11-24 13:46:01 --> Session: Class initialized using 'CodeIgniter\Session\Handlers\FileHandler' driver.
INFO - 2022-11-24 13:46:09 --> CSRF cookie sent.
INFO - 2022-11-24 13:46:09 --> CSRF token verified.
INFO - 2022-11-24 13:46:09 --> Session: Class initialized using 'CodeIgniter\Session\Handlers\FileHandler' driver.
INFO - 2022-11-24 13:46:09 --> CSRF cookie sent.
INFO - 2022-11-24 13:46:09 --> Session: Class initialized using 'CodeIgniter\Session\Handlers\FileHandler' driver.
INFO - 2022-11-24 13:46:10 --> CSRF cookie sent.
INFO - 2022-11-24 13:46:10 --> Session: Class initialized using 'CodeIgniter\Session\Handlers\FileHandler' driver.
INFO - 2022-11-24 13:46:11 --> CSRF cookie sent.
INFO - 2022-11-24 13:46:11 --> Session: Class initialized using 'CodeIgniter\Session\Handlers\FileHandler' driver.
INFO - 2022-11-24 13:46:12 --> CSRF cookie sent.
INFO - 2022-11-24 13:46:12 --> Session: Class initialized using 'CodeIgniter\Session\Handlers\FileHandler' driver.
INFO - 2022-11-24 13:46:20 --> CSRF cookie sent.
INFO - 2022-11-24 13:46:20 --> CSRF token verified.
INFO - 2022-11-24 13:46:20 --> Session: Class initialized using 'CodeIgniter\Session\Handlers\FileHandler' driver.
INFO - 2022-11-24 13:46:20 --> CSRF cookie sent.
INFO - 2022-11-24 13:46:20 --> Session: Class initialized using 'CodeIgniter\Session\Handlers\FileHandler' driver.
INFO - 2022-11-24 13:46:21 --> CSRF cookie sent.
INFO - 2022-11-24 13:46:21 --> Session: Class initialized using 'CodeIgniter\Session\Handlers\FileHandler' driver.
INFO - 2022-11-24 13:46:23 --> CSRF cookie sent.
INFO - 2022-11-24 13:46:23 --> Session: Class initialized using 'CodeIgniter\Session\Handlers\FileHandler' driver.
INFO - 2022-11-24 13:46:24 --> CSRF cookie sent.
INFO - 2022-11-24 13:46:24 --> Session: Class initialized using 'CodeIgniter\Session\Handlers\FileHandler' driver.
INFO - 2022-11-24 13:46:33 --> CSRF cookie sent.
INFO - 2022-11-24 13:46:33 --> CSRF token verified.
INFO - 2022-11-24 13:46:33 --> Session: Class initialized using 'CodeIgniter\Session\Handlers\FileHandler' driver.
INFO - 2022-11-24 13:46:34 --> CSRF cookie sent.
INFO - 2022-11-24 13:46:34 --> Session: Class initialized using 'CodeIgniter\Session\Handlers\FileHandler' driver.
INFO - 2022-11-24 13:46:35 --> CSRF cookie sent.
INFO - 2022-11-24 13:46:35 --> Session: Class initialized using 'CodeIgniter\Session\Handlers\FileHandler' driver.
INFO - 2022-11-24 13:50:03 --> CSRF cookie sent.
INFO - 2022-11-24 13:50:03 --> Session: Class initialized using 'CodeIgniter\Session\Handlers\FileHandler' driver.
INFO - 2022-11-24 13:50:04 --> CSRF cookie sent.
INFO - 2022-11-24 13:50:04 --> Session: Class initialized using 'CodeIgniter\Session\Handlers\FileHandler' driver.
INFO - 2022-11-24 13:50:07 --> CSRF cookie sent.
INFO - 2022-11-24 13:50:07 --> CSRF token verified.
INFO - 2022-11-24 13:50:07 --> Session: Class initialized using 'CodeIgniter\Session\Handlers\FileHandler' driver.
INFO - 2022-11-24 13:50:08 --> CSRF cookie sent.
INFO - 2022-11-24 13:50:08 --> Session: Class initialized using 'CodeIgniter\Session\Handlers\FileHandler' driver.
INFO - 2022-11-24 13:50:08 --> CSRF cookie sent.
INFO - 2022-11-24 13:50:08 --> Session: Class initialized using 'CodeIgniter\Session\Handlers\FileHandler' driver.
INFO - 2022-11-24 13:50:10 --> CSRF cookie sent.
INFO - 2022-11-24 13:50:10 --> Session: Class initialized using 'CodeIgniter\Session\Handlers\FileHandler' driver.
INFO - 2022-11-24 13:50:11 --> CSRF cookie sent.
INFO - 2022-11-24 13:50:11 --> Session: Class initialized using 'CodeIgniter\Session\Handlers\FileHandler' driver.
INFO - 2022-11-24 13:50:14 --> CSRF cookie sent.
INFO - 2022-11-24 13:50:14 --> CSRF token verified.
INFO - 2022-11-24 13:50:14 --> Session: Class initialized using 'CodeIgniter\Session\Handlers\FileHandler' driver.
INFO - 2022-11-24 13:50:15 --> CSRF cookie sent.
INFO - 2022-11-24 13:50:15 --> Session: Class initialized using 'CodeIgniter\Session\Handlers\FileHandler' driver.
INFO - 2022-11-24 13:50:15 --> CSRF cookie sent.
INFO - 2022-11-24 13:50:15 --> Session: Class initialized using 'CodeIgniter\Session\Handlers\FileHandler' driver.
INFO - 2022-11-24 13:50:17 --> CSRF cookie sent.
INFO - 2022-11-24 13:50:17 --> Session: Class initialized using 'CodeIgniter\Session\Handlers\FileHandler' driver.
INFO - 2022-11-24 13:50:18 --> CSRF cookie sent.
INFO - 2022-11-24 13:50:18 --> Session: Class initialized using 'CodeIgniter\Session\Handlers\FileHandler' driver.
INFO - 2022-11-24 13:50:20 --> CSRF cookie sent.
INFO - 2022-11-24 13:50:20 --> CSRF token verified.
INFO - 2022-11-24 13:50:20 --> Session: Class initialized using 'CodeIgniter\Session\Handlers\FileHandler' driver.
INFO - 2022-11-24 13:50:21 --> CSRF cookie sent.
INFO - 2022-11-24 13:50:21 --> Session: Class initialized using 'CodeIgniter\Session\Handlers\FileHandler' driver.
INFO - 2022-11-24 13:50:21 --> CSRF cookie sent.
INFO - 2022-11-24 13:50:21 --> Session: Class initialized using 'CodeIgniter\Session\Handlers\FileHandler' driver.
INFO - 2022-11-24 13:54:15 --> CSRF cookie sent.
INFO - 2022-11-24 13:54:15 --> Session: Class initialized using 'CodeIgniter\Session\Handlers\FileHandler' driver.
INFO - 2022-11-24 13:54:16 --> CSRF cookie sent.
INFO - 2022-11-24 13:54:16 --> Session: Class initialized using 'CodeIgniter\Session\Handlers\FileHandler' driver.
INFO - 2022-11-24 13:54:20 --> CSRF cookie sent.
INFO - 2022-11-24 13:54:20 --> CSRF token verified.
INFO - 2022-11-24 13:54:20 --> Session: Class initialized using 'CodeIgniter\Session\Handlers\FileHandler' driver.
INFO - 2022-11-24 13:54:21 --> CSRF cookie sent.
INFO - 2022-11-24 13:54:21 --> Session: Class initialized using 'CodeIgniter\Session\Handlers\FileHandler' driver.
INFO - 2022-11-24 13:54:21 --> CSRF cookie sent.
INFO - 2022-11-24 13:54:21 --> Session: Class initialized using 'CodeIgniter\Session\Handlers\FileHandler' driver.
INFO - 2022-11-24 13:54:23 --> CSRF cookie sent.
INFO - 2022-11-24 13:54:23 --> Session: Class initialized using 'CodeIgniter\Session\Handlers\FileHandler' driver.
INFO - 2022-11-24 13:54:24 --> CSRF cookie sent.
INFO - 2022-11-24 13:54:24 --> Session: Class initialized using 'CodeIgniter\Session\Handlers\FileHandler' driver.
INFO - 2022-11-24 13:54:27 --> CSRF cookie sent.
INFO - 2022-11-24 13:54:27 --> CSRF token verified.
INFO - 2022-11-24 13:54:27 --> Session: Class initialized using 'CodeIgniter\Session\Handlers\FileHandler' driver.
INFO - 2022-11-24 13:54:27 --> CSRF cookie sent.
INFO - 2022-11-24 13:54:27 --> Session: Class initialized using 'CodeIgniter\Session\Handlers\FileHandler' driver.
INFO - 2022-11-24 13:54:28 --> CSRF cookie sent.
INFO - 2022-11-24 13:54:28 --> Session: Class initialized using 'CodeIgniter\Session\Handlers\FileHandler' driver.
INFO - 2022-11-24 13:54:29 --> CSRF cookie sent.
INFO - 2022-11-24 13:54:29 --> Session: Class initialized using 'CodeIgniter\Session\Handlers\FileHandler' driver.
INFO - 2022-11-24 13:54:30 --> CSRF cookie sent.
INFO - 2022-11-24 13:54:30 --> Session: Class initialized using 'CodeIgniter\Session\Handlers\FileHandler' driver.
INFO - 2022-11-24 13:54:34 --> CSRF cookie sent.
INFO - 2022-11-24 13:54:34 --> CSRF token verified.
INFO - 2022-11-24 13:54:34 --> Session: Class initialized using 'CodeIgniter\Session\Handlers\FileHandler' driver.
INFO - 2022-11-24 13:54:35 --> CSRF cookie sent.
INFO - 2022-11-24 13:54:35 --> Session: Class initialized using 'CodeIgniter\Session\Handlers\FileHandler' driver.
INFO - 2022-11-24 13:54:35 --> CSRF cookie sent.
INFO - 2022-11-24 13:54:35 --> Session: Class initialized using 'CodeIgniter\Session\Handlers\FileHandler' driver.
INFO - 2022-11-24 13:56:42 --> CSRF cookie sent.
INFO - 2022-11-24 13:56:42 --> Session: Class initialized using 'CodeIgniter\Session\Handlers\FileHandler' driver.
INFO - 2022-11-24 13:56:42 --> CSRF cookie sent.
INFO - 2022-11-24 13:56:42 --> Session: Class initialized using 'CodeIgniter\Session\Handlers\FileHandler' driver.
INFO - 2022-11-24 13:56:43 --> CSRF cookie sent.
INFO - 2022-11-24 13:56:43 --> Session: Class initialized using 'CodeIgniter\Session\Handlers\FileHandler' driver.
INFO - 2022-11-24 14:16:55 --> CSRF cookie sent.
INFO - 2022-11-24 14:16:55 --> CSRF token verified.
INFO - 2022-11-24 14:16:55 --> Session: Class initialized using 'CodeIgniter\Session\Handlers\FileHandler' driver.
INFO - 2022-11-24 14:16:56 --> CSRF cookie sent.
INFO - 2022-11-24 14:16:56 --> Session: Class initialized using 'CodeIgniter\Session\Handlers\FileHandler' driver.
INFO - 2022-11-24 14:16:57 --> CSRF cookie sent.
INFO - 2022-11-24 14:16:57 --> Session: Class initialized using 'CodeIgniter\Session\Handlers\FileHandler' driver.
INFO - 2022-11-24 14:16:58 --> CSRF cookie sent.
INFO - 2022-11-24 14:16:58 --> Session: Class initialized using 'CodeIgniter\Session\Handlers\FileHandler' driver.
INFO - 2022-11-24 14:17:01 --> CSRF cookie sent.
INFO - 2022-11-24 14:17:01 --> Session: Class initialized using 'CodeIgniter\Session\Handlers\FileHandler' driver.
INFO - 2022-11-24 14:17:05 --> CSRF cookie sent.
INFO - 2022-11-24 14:17:05 --> Session: Class initialized using 'CodeIgniter\Session\Handlers\FileHandler' driver.
INFO - 2022-11-24 14:17:06 --> CSRF cookie sent.
INFO - 2022-11-24 14:17:06 --> Session: Class initialized using 'CodeIgniter\Session\Handlers\FileHandler' driver.
INFO - 2022-11-24 14:17:11 --> CSRF cookie sent.
INFO - 2022-11-24 14:17:11 --> Session: Class initialized using 'CodeIgniter\Session\Handlers\FileHandler' driver.
INFO - 2022-11-24 14:18:02 --> CSRF cookie sent.
INFO - 2022-11-24 14:18:02 --> CSRF token verified.
INFO - 2022-11-24 14:18:02 --> Session: Class initialized using 'CodeIgniter\Session\Handlers\FileHandler' driver.
INFO - 2022-11-24 14:18:03 --> CSRF cookie sent.
INFO - 2022-11-24 14:18:03 --> Session: Class initialized using 'CodeIgniter\Session\Handlers\FileHandler' driver.
INFO - 2022-11-24 14:18:05 --> CSRF cookie sent.
INFO - 2022-11-24 14:18:05 --> Session: Class initialized using 'CodeIgniter\Session\Handlers\FileHandler' driver.
INFO - 2022-11-24 14:18:05 --> CSRF cookie sent.
INFO - 2022-11-24 14:18:05 --> Session: Class initialized using 'CodeIgniter\Session\Handlers\FileHandler' driver.
INFO - 2022-11-24 14:18:06 --> CSRF cookie sent.
INFO - 2022-11-24 14:18:06 --> Session: Class initialized using 'CodeIgniter\Session\Handlers\FileHandler' driver.
INFO - 2022-11-24 14:18:07 --> CSRF cookie sent.
INFO - 2022-11-24 14:18:07 --> Session: Class initialized using 'CodeIgniter\Session\Handlers\FileHandler' driver.
INFO - 2022-11-24 14:18:08 --> CSRF cookie sent.
INFO - 2022-11-24 14:18:08 --> Session: Class initialized using 'CodeIgniter\Session\Handlers\FileHandler' driver.
INFO - 2022-11-24 14:18:40 --> CSRF cookie sent.
INFO - 2022-11-24 14:18:40 --> Session: Class initialized using 'CodeIgniter\Session\Handlers\FileHandler' driver.
INFO - 2022-11-24 14:18:41 --> CSRF cookie sent.
INFO - 2022-11-24 14:18:41 --> Session: Class initialized using 'CodeIgniter\Session\Handlers\FileHandler' driver.
INFO - 2022-11-24 14:18:41 --> CSRF cookie sent.
INFO - 2022-11-24 14:18:41 --> Session: Class initialized using 'CodeIgniter\Session\Handlers\FileHandler' driver.
INFO - 2022-11-24 14:46:04 --> CSRF cookie sent.
INFO - 2022-11-24 14:46:04 --> CSRF token verified.
INFO - 2022-11-24 14:46:04 --> Session: Class initialized using 'CodeIgniter\Session\Handlers\FileHandler' driver.
INFO - 2022-11-24 14:46:04 --> CSRF cookie sent.
INFO - 2022-11-24 14:46:04 --> Session: Class initialized using 'CodeIgniter\Session\Handlers\FileHandler' driver.
INFO - 2022-11-24 14:46:05 --> CSRF cookie sent.
INFO - 2022-11-24 14:46:05 --> Session: Class initialized using 'CodeIgniter\Session\Handlers\FileHandler' driver.
INFO - 2022-11-24 14:46:06 --> CSRF cookie sent.
INFO - 2022-11-24 14:46:06 --> Session: Class initialized using 'CodeIgniter\Session\Handlers\FileHandler' driver.
INFO - 2022-11-24 14:46:06 --> CSRF cookie sent.
INFO - 2022-11-24 14:46:06 --> Session: Class initialized using 'CodeIgniter\Session\Handlers\FileHandler' driver.
INFO - 2022-11-24 14:46:11 --> CSRF cookie sent.
INFO - 2022-11-24 14:46:11 --> Session: Class initialized using 'CodeIgniter\Session\Handlers\FileHandler' driver.
INFO - 2022-11-24 14:46:11 --> CSRF cookie sent.
INFO - 2022-11-24 14:46:11 --> Session: Class initialized using 'CodeIgniter\Session\Handlers\FileHandler' driver.
INFO - 2022-11-24 14:46:14 --> CSRF cookie sent.
INFO - 2022-11-24 14:46:14 --> Session: Class initialized using 'CodeIgniter\Session\Handlers\FileHandler' driver.
INFO - 2022-11-24 14:46:44 --> CSRF cookie sent.
INFO - 2022-11-24 14:46:44 --> CSRF token verified.
INFO - 2022-11-24 14:46:44 --> Session: Class initialized using 'CodeIgniter\Session\Handlers\FileHandler' driver.
INFO - 2022-11-24 14:46:45 --> CSRF cookie sent.
INFO - 2022-11-24 14:46:45 --> Session: Class initialized using 'CodeIgniter\Session\Handlers\FileHandler' driver.
INFO - 2022-11-24 14:46:46 --> CSRF cookie sent.
INFO - 2022-11-24 14:46:46 --> Session: Class initialized using 'CodeIgniter\Session\Handlers\FileHandler' driver.
INFO - 2022-11-24 14:46:46 --> CSRF cookie sent.
INFO - 2022-11-24 14:46:46 --> Session: Class initialized using 'CodeIgniter\Session\Handlers\FileHandler' driver.
INFO - 2022-11-24 14:46:47 --> CSRF cookie sent.
INFO - 2022-11-24 14:46:47 --> Session: Class initialized using 'CodeIgniter\Session\Handlers\FileHandler' driver.
INFO - 2022-11-24 14:46:48 --> CSRF cookie sent.
INFO - 2022-11-24 14:46:48 --> Session: Class initialized using 'CodeIgniter\Session\Handlers\FileHandler' driver.
INFO - 2022-11-24 14:46:49 --> CSRF cookie sent.
INFO - 2022-11-24 14:46:49 --> Session: Class initialized using 'CodeIgniter\Session\Handlers\FileHandler' driver.
INFO - 2022-11-24 14:47:59 --> CSRF cookie sent.
INFO - 2022-11-24 14:47:59 --> Session: Class initialized using 'CodeIgniter\Session\Handlers\FileHandler' driver.
INFO - 2022-11-24 14:48:02 --> CSRF cookie sent.
INFO - 2022-11-24 14:48:02 --> Session: Class initialized using 'CodeIgniter\Session\Handlers\FileHandler' driver.
INFO - 2022-11-24 14:48:02 --> CSRF cookie sent.
INFO - 2022-11-24 14:48:02 --> Session: Class initialized using 'CodeIgniter\Session\Handlers\FileHandler' driver.
INFO - 2022-11-24 14:48:05 --> CSRF cookie sent.
INFO - 2022-11-24 14:48:05 --> Session: Class initialized using 'CodeIgniter\Session\Handlers\FileHandler' driver.
INFO - 2022-11-24 14:48:06 --> CSRF cookie sent.
INFO - 2022-11-24 14:48:06 --> Session: Class initialized using 'CodeIgniter\Session\Handlers\FileHandler' driver.
INFO - 2022-11-24 14:48:07 --> CSRF cookie sent.
INFO - 2022-11-24 14:48:07 --> Session: Class initialized using 'CodeIgniter\Session\Handlers\FileHandler' driver.
INFO - 2022-11-24 14:52:37 --> CSRF cookie sent.
INFO - 2022-11-24 14:52:37 --> Session: Class initialized using 'CodeIgniter\Session\Handlers\FileHandler' driver.
INFO - 2022-11-24 14:52:38 --> CSRF cookie sent.
INFO - 2022-11-24 14:52:38 --> Session: Class initialized using 'CodeIgniter\Session\Handlers\FileHandler' driver.
INFO - 2022-11-24 14:52:38 --> CSRF cookie sent.
INFO - 2022-11-24 14:52:38 --> Session: Class initialized using 'CodeIgniter\Session\Handlers\FileHandler' driver.
INFO - 2022-11-24 15:17:46 --> CSRF cookie sent.
INFO - 2022-11-24 15:17:46 --> Session: Class initialized using 'CodeIgniter\Session\Handlers\FileHandler' driver.
INFO - 2022-11-24 15:17:47 --> CSRF cookie sent.
INFO - 2022-11-24 15:17:47 --> Session: Class initialized using 'CodeIgniter\Session\Handlers\FileHandler' driver.
INFO - 2022-11-24 15:23:54 --> CSRF cookie sent.
INFO - 2022-11-24 15:23:54 --> CSRF token verified.
INFO - 2022-11-24 15:23:54 --> Session: Class initialized using 'CodeIgniter\Session\Handlers\FileHandler' driver.
INFO - 2022-11-24 15:23:55 --> CSRF cookie sent.
INFO - 2022-11-24 15:23:55 --> Session: Class initialized using 'CodeIgniter\Session\Handlers\FileHandler' driver.
INFO - 2022-11-24 15:23:56 --> CSRF cookie sent.
INFO - 2022-11-24 15:23:56 --> Session: Class initialized using 'CodeIgniter\Session\Handlers\FileHandler' driver.
INFO - 2022-11-24 15:23:57 --> CSRF cookie sent.
INFO - 2022-11-24 15:23:57 --> Session: Class initialized using 'CodeIgniter\Session\Handlers\FileHandler' driver.
INFO - 2022-11-24 15:23:57 --> CSRF cookie sent.
INFO - 2022-11-24 15:23:57 --> Session: Class initialized using 'CodeIgniter\Session\Handlers\FileHandler' driver.
INFO - 2022-11-24 15:23:58 --> CSRF cookie sent.
INFO - 2022-11-24 15:23:58 --> Session: Class initialized using 'CodeIgniter\Session\Handlers\FileHandler' driver.
INFO - 2022-11-24 15:23:58 --> CSRF cookie sent.
INFO - 2022-11-24 15:23:58 --> Session: Class initialized using 'CodeIgniter\Session\Handlers\FileHandler' driver.
INFO - 2022-11-24 15:24:00 --> CSRF cookie sent.
INFO - 2022-11-24 15:24:00 --> Session: Class initialized using 'CodeIgniter\Session\Handlers\FileHandler' driver.
INFO - 2022-11-24 15:24:01 --> CSRF cookie sent.
INFO - 2022-11-24 15:24:01 --> Session: Class initialized using 'CodeIgniter\Session\Handlers\FileHandler' driver.
INFO - 2022-11-24 15:24:02 --> CSRF cookie sent.
INFO - 2022-11-24 15:24:02 --> Session: Class initialized using 'CodeIgniter\Session\Handlers\FileHandler' driver.
INFO - 2022-11-24 15:24:05 --> CSRF cookie sent.
INFO - 2022-11-24 15:24:05 --> Session: Class initialized using 'CodeIgniter\Session\Handlers\FileHandler' driver.
INFO - 2022-11-24 15:24:07 --> CSRF cookie sent.
INFO - 2022-11-24 15:24:07 --> Session: Class initialized using 'CodeIgniter\Session\Handlers\FileHandler' driver.
INFO - 2022-11-24 15:24:08 --> CSRF cookie sent.
INFO - 2022-11-24 15:24:08 --> Session: Class initialized using 'CodeIgniter\Session\Handlers\FileHandler' driver.
INFO - 2022-11-24 15:24:10 --> CSRF cookie sent.
INFO - 2022-11-24 15:24:10 --> Session: Class initialized using 'CodeIgniter\Session\Handlers\FileHandler' driver.
INFO - 2022-11-24 15:24:10 --> CSRF cookie sent.
INFO - 2022-11-24 15:24:10 --> Session: Class initialized using 'CodeIgniter\Session\Handlers\FileHandler' driver.
INFO - 2022-11-24 15:24:10 --> CSRF cookie sent.
INFO - 2022-11-24 15:24:10 --> Session: Class initialized using 'CodeIgniter\Session\Handlers\FileHandler' driver.
INFO - 2022-11-24 15:41:43 --> CSRF cookie sent.
INFO - 2022-11-24 15:41:43 --> CSRF token verified.
INFO - 2022-11-24 15:41:43 --> Session: Class initialized using 'CodeIgniter\Session\Handlers\FileHandler' driver.
INFO - 2022-11-24 15:41:44 --> CSRF cookie sent.
INFO - 2022-11-24 15:41:44 --> Session: Class initialized using 'CodeIgniter\Session\Handlers\FileHandler' driver.
INFO - 2022-11-24 15:41:44 --> CSRF cookie sent.
INFO - 2022-11-24 15:41:44 --> Session: Class initialized using 'CodeIgniter\Session\Handlers\FileHandler' driver.
INFO - 2022-11-24 15:41:45 --> CSRF cookie sent.
INFO - 2022-11-24 15:41:45 --> Session: Class initialized using 'CodeIgniter\Session\Handlers\FileHandler' driver.
INFO - 2022-11-24 15:41:46 --> CSRF cookie sent.
INFO - 2022-11-24 15:41:46 --> Session: Class initialized using 'CodeIgniter\Session\Handlers\FileHandler' driver.
INFO - 2022-11-24 15:41:52 --> CSRF cookie sent.
INFO - 2022-11-24 15:41:52 --> Session: Class initialized using 'CodeIgniter\Session\Handlers\FileHandler' driver.
INFO - 2022-11-24 15:42:00 --> CSRF cookie sent.
INFO - 2022-11-24 15:42:00 --> Session: Class initialized using 'CodeIgniter\Session\Handlers\FileHandler' driver.
INFO - 2022-11-24 15:42:02 --> CSRF cookie sent.
INFO - 2022-11-24 15:42:02 --> Session: Class initialized using 'CodeIgniter\Session\Handlers\FileHandler' driver.
INFO - 2022-11-24 15:42:07 --> CSRF cookie sent.
INFO - 2022-11-24 15:42:07 --> Session: Class initialized using 'CodeIgniter\Session\Handlers\FileHandler' driver.
INFO - 2022-11-24 15:42:36 --> CSRF cookie sent.
INFO - 2022-11-24 15:42:36 --> CSRF token verified.
INFO - 2022-11-24 15:42:36 --> Session: Class initialized using 'CodeIgniter\Session\Handlers\FileHandler' driver.
INFO - 2022-11-24 15:42:37 --> CSRF cookie sent.
INFO - 2022-11-24 15:42:37 --> Session: Class initialized using 'CodeIgniter\Session\Handlers\FileHandler' driver.
INFO - 2022-11-24 15:42:38 --> CSRF cookie sent.
INFO - 2022-11-24 15:42:38 --> Session: Class initialized using 'CodeIgniter\Session\Handlers\FileHandler' driver.
INFO - 2022-11-24 15:42:38 --> CSRF cookie sent.
INFO - 2022-11-24 15:42:38 --> Session: Class initialized using 'CodeIgniter\Session\Handlers\FileHandler' driver.
INFO - 2022-11-24 15:42:39 --> CSRF cookie sent.
INFO - 2022-11-24 15:42:39 --> Session: Class initialized using 'CodeIgniter\Session\Handlers\FileHandler' driver.
INFO - 2022-11-24 15:42:40 --> CSRF cookie sent.
INFO - 2022-11-24 15:42:40 --> Session: Class initialized using 'CodeIgniter\Session\Handlers\FileHandler' driver.
INFO - 2022-11-24 15:42:42 --> CSRF cookie sent.
INFO - 2022-11-24 15:42:42 --> Session: Class initialized using 'CodeIgniter\Session\Handlers\FileHandler' driver.
INFO - 2022-11-24 15:42:53 --> CSRF cookie sent.
INFO - 2022-11-24 15:42:53 --> Session: Class initialized using 'CodeIgniter\Session\Handlers\FileHandler' driver.
INFO - 2022-11-24 15:42:54 --> CSRF cookie sent.
INFO - 2022-11-24 15:42:54 --> Session: Class initialized using 'CodeIgniter\Session\Handlers\FileHandler' driver.
INFO - 2022-11-24 15:42:55 --> CSRF cookie sent.
INFO - 2022-11-24 15:42:55 --> Session: Class initialized using 'CodeIgniter\Session\Handlers\FileHandler' driver.
INFO - 2022-11-24 15:42:56 --> CSRF cookie sent.
INFO - 2022-11-24 15:42:56 --> Session: Class initialized using 'CodeIgniter\Session\Handlers\FileHandler' driver.
INFO - 2022-11-24 15:42:58 --> CSRF cookie sent.
INFO - 2022-11-24 15:42:58 --> Session: Class initialized using 'CodeIgniter\Session\Handlers\FileHandler' driver.
INFO - 2022-11-24 15:42:59 --> CSRF cookie sent.
INFO - 2022-11-24 15:42:59 --> Session: Class initialized using 'CodeIgniter\Session\Handlers\FileHandler' driver.
INFO - 2022-11-24 15:42:59 --> CSRF cookie sent.
INFO - 2022-11-24 15:42:59 --> Session: Class initialized using 'CodeIgniter\Session\Handlers\FileHandler' driver.
INFO - 2022-11-24 15:43:01 --> CSRF cookie sent.
INFO - 2022-11-24 15:43:01 --> Session: Class initialized using 'CodeIgniter\Session\Handlers\FileHandler' driver.
INFO - 2022-11-24 15:43:02 --> CSRF cookie sent.
INFO - 2022-11-24 15:43:02 --> Session: Class initialized using 'CodeIgniter\Session\Handlers\FileHandler' driver.
INFO - 2022-11-24 15:43:05 --> CSRF cookie sent.
INFO - 2022-11-24 15:43:05 --> CSRF cookie sent.
INFO - 2022-11-24 15:43:05 --> Session: Class initialized using 'CodeIgniter\Session\Handlers\FileHandler' driver.
INFO - 2022-11-24 15:43:06 --> Session: Class initialized using 'CodeIgniter\Session\Handlers\FileHandler' driver.
INFO - 2022-11-24 15:43:13 --> CSRF cookie sent.
INFO - 2022-11-24 15:43:13 --> CSRF token verified.
INFO - 2022-11-24 15:43:13 --> Session: Class initialized using 'CodeIgniter\Session\Handlers\FileHandler' driver.
INFO - 2022-11-24 15:43:14 --> CSRF cookie sent.
INFO - 2022-11-24 15:43:14 --> Session: Class initialized using 'CodeIgniter\Session\Handlers\FileHandler' driver.
INFO - 2022-11-24 15:43:15 --> CSRF cookie sent.
INFO - 2022-11-24 15:43:15 --> Session: Class initialized using 'CodeIgniter\Session\Handlers\FileHandler' driver.
INFO - 2022-11-24 15:43:15 --> CSRF cookie sent.
INFO - 2022-11-24 15:43:15 --> Session: Class initialized using 'CodeIgniter\Session\Handlers\FileHandler' driver.
INFO - 2022-11-24 15:43:15 --> CSRF cookie sent.
INFO - 2022-11-24 15:43:15 --> Session: Class initialized using 'CodeIgniter\Session\Handlers\FileHandler' driver.
INFO - 2022-11-24 15:43:18 --> CSRF cookie sent.
INFO - 2022-11-24 15:43:18 --> Session: Class initialized using 'CodeIgniter\Session\Handlers\FileHandler' driver.
INFO - 2022-11-24 15:43:19 --> CSRF cookie sent.
INFO - 2022-11-24 15:43:19 --> Session: Class initialized using 'CodeIgniter\Session\Handlers\FileHandler' driver.
INFO - 2022-11-24 15:53:42 --> CSRF cookie sent.
INFO - 2022-11-24 15:53:42 --> Session: Class initialized using 'CodeIgniter\Session\Handlers\FileHandler' driver.
INFO - 2022-11-24 15:53:42 --> CSRF cookie sent.
INFO - 2022-11-24 15:53:42 --> Session: Class initialized using 'CodeIgniter\Session\Handlers\FileHandler' driver.
INFO - 2022-11-24 15:53:43 --> CSRF cookie sent.
INFO - 2022-11-24 15:53:43 --> Session: Class initialized using 'CodeIgniter\Session\Handlers\FileHandler' driver.
