INFO - 2022-07-29 07:56:50 --> CSRF cookie sent.
INFO - 2022-07-29 07:56:50 --> Session: Class initialized using 'CodeIgniter\Session\Handlers\FileHandler' driver.
INFO - 2022-07-29 07:56:52 --> CSRF cookie sent.
INFO - 2022-07-29 07:56:52 --> Session: Class initialized using 'CodeIgniter\Session\Handlers\FileHandler' driver.
INFO - 2022-07-29 07:57:03 --> CSRF cookie sent.
INFO - 2022-07-29 07:57:03 --> CSRF token verified.
INFO - 2022-07-29 07:57:03 --> Session: Class initialized using 'CodeIgniter\Session\Handlers\FileHandler' driver.
INFO - 2022-07-29 07:57:06 --> CSRF cookie sent.
INFO - 2022-07-29 07:57:06 --> Session: Class initialized using 'CodeIgniter\Session\Handlers\FileHandler' driver.
INFO - 2022-07-29 07:59:25 --> CSRF cookie sent.
INFO - 2022-07-29 07:59:25 --> Session: Class initialized using 'CodeIgniter\Session\Handlers\FileHandler' driver.
INFO - 2022-07-29 07:59:28 --> CSRF cookie sent.
INFO - 2022-07-29 07:59:28 --> Session: Class initialized using 'CodeIgniter\Session\Handlers\FileHandler' driver.
INFO - 2022-07-29 07:59:33 --> CSRF cookie sent.
INFO - 2022-07-29 07:59:33 --> CSRF token verified.
INFO - 2022-07-29 07:59:33 --> Session: Class initialized using 'CodeIgniter\Session\Handlers\FileHandler' driver.
INFO - 2022-07-29 07:59:34 --> CSRF cookie sent.
INFO - 2022-07-29 07:59:34 --> Session: Class initialized using 'CodeIgniter\Session\Handlers\FileHandler' driver.
INFO - 2022-07-29 07:59:35 --> CSRF cookie sent.
INFO - 2022-07-29 07:59:35 --> Session: Class initialized using 'CodeIgniter\Session\Handlers\FileHandler' driver.
INFO - 2022-07-29 07:59:39 --> CSRF cookie sent.
INFO - 2022-07-29 07:59:39 --> Session: Class initialized using 'CodeIgniter\Session\Handlers\FileHandler' driver.
INFO - 2022-07-29 07:59:40 --> CSRF cookie sent.
INFO - 2022-07-29 07:59:40 --> Session: Class initialized using 'CodeIgniter\Session\Handlers\FileHandler' driver.
INFO - 2022-07-29 07:59:44 --> CSRF cookie sent.
INFO - 2022-07-29 07:59:44 --> CSRF token verified.
INFO - 2022-07-29 07:59:44 --> Session: Class initialized using 'CodeIgniter\Session\Handlers\FileHandler' driver.
INFO - 2022-07-29 07:59:45 --> CSRF cookie sent.
INFO - 2022-07-29 07:59:45 --> Session: Class initialized using 'CodeIgniter\Session\Handlers\FileHandler' driver.
INFO - 2022-07-29 07:59:45 --> CSRF cookie sent.
INFO - 2022-07-29 07:59:45 --> Session: Class initialized using 'CodeIgniter\Session\Handlers\FileHandler' driver.
INFO - 2022-07-29 08:01:27 --> CSRF cookie sent.
INFO - 2022-07-29 08:01:27 --> Session: Class initialized using 'CodeIgniter\Session\Handlers\FileHandler' driver.
INFO - 2022-07-29 08:01:28 --> CSRF cookie sent.
INFO - 2022-07-29 08:01:28 --> Session: Class initialized using 'CodeIgniter\Session\Handlers\FileHandler' driver.
INFO - 2022-07-29 08:01:33 --> CSRF cookie sent.
INFO - 2022-07-29 08:01:33 --> CSRF token verified.
INFO - 2022-07-29 08:01:33 --> Session: Class initialized using 'CodeIgniter\Session\Handlers\FileHandler' driver.
INFO - 2022-07-29 08:01:33 --> CSRF cookie sent.
INFO - 2022-07-29 08:01:33 --> Session: Class initialized using 'CodeIgniter\Session\Handlers\FileHandler' driver.
INFO - 2022-07-29 08:01:35 --> CSRF cookie sent.
INFO - 2022-07-29 08:01:35 --> Session: Class initialized using 'CodeIgniter\Session\Handlers\FileHandler' driver.
INFO - 2022-07-29 08:03:53 --> CSRF cookie sent.
INFO - 2022-07-29 08:03:53 --> Session: Class initialized using 'CodeIgniter\Session\Handlers\FileHandler' driver.
INFO - 2022-07-29 08:03:54 --> CSRF cookie sent.
INFO - 2022-07-29 08:03:54 --> Session: Class initialized using 'CodeIgniter\Session\Handlers\FileHandler' driver.
INFO - 2022-07-29 08:03:58 --> CSRF cookie sent.
INFO - 2022-07-29 08:03:58 --> CSRF token verified.
INFO - 2022-07-29 08:03:58 --> Session: Class initialized using 'CodeIgniter\Session\Handlers\FileHandler' driver.
INFO - 2022-07-29 08:03:59 --> CSRF cookie sent.
INFO - 2022-07-29 08:03:59 --> Session: Class initialized using 'CodeIgniter\Session\Handlers\FileHandler' driver.
INFO - 2022-07-29 08:03:59 --> CSRF cookie sent.
INFO - 2022-07-29 08:03:59 --> Session: Class initialized using 'CodeIgniter\Session\Handlers\FileHandler' driver.
INFO - 2022-07-29 08:05:36 --> CSRF cookie sent.
INFO - 2022-07-29 08:05:36 --> Session: Class initialized using 'CodeIgniter\Session\Handlers\FileHandler' driver.
INFO - 2022-07-29 08:05:37 --> CSRF cookie sent.
INFO - 2022-07-29 08:05:37 --> Session: Class initialized using 'CodeIgniter\Session\Handlers\FileHandler' driver.
INFO - 2022-07-29 08:05:40 --> CSRF cookie sent.
INFO - 2022-07-29 08:05:40 --> Session: Class initialized using 'CodeIgniter\Session\Handlers\FileHandler' driver.
INFO - 2022-07-29 08:05:41 --> CSRF cookie sent.
INFO - 2022-07-29 08:05:41 --> Session: Class initialized using 'CodeIgniter\Session\Handlers\FileHandler' driver.
INFO - 2022-07-29 08:05:47 --> CSRF cookie sent.
INFO - 2022-07-29 08:05:47 --> CSRF token verified.
INFO - 2022-07-29 08:05:47 --> Session: Class initialized using 'CodeIgniter\Session\Handlers\FileHandler' driver.
INFO - 2022-07-29 08:05:47 --> CSRF cookie sent.
INFO - 2022-07-29 08:05:47 --> Session: Class initialized using 'CodeIgniter\Session\Handlers\FileHandler' driver.
INFO - 2022-07-29 08:05:48 --> CSRF cookie sent.
INFO - 2022-07-29 08:05:48 --> Session: Class initialized using 'CodeIgniter\Session\Handlers\FileHandler' driver.
INFO - 2022-07-29 08:07:31 --> CSRF cookie sent.
INFO - 2022-07-29 08:07:31 --> Session: Class initialized using 'CodeIgniter\Session\Handlers\FileHandler' driver.
INFO - 2022-07-29 08:07:32 --> CSRF cookie sent.
INFO - 2022-07-29 08:07:32 --> Session: Class initialized using 'CodeIgniter\Session\Handlers\FileHandler' driver.
INFO - 2022-07-29 08:07:37 --> CSRF cookie sent.
INFO - 2022-07-29 08:07:37 --> CSRF token verified.
INFO - 2022-07-29 08:07:37 --> Session: Class initialized using 'CodeIgniter\Session\Handlers\FileHandler' driver.
INFO - 2022-07-29 08:07:38 --> CSRF cookie sent.
INFO - 2022-07-29 08:07:38 --> Session: Class initialized using 'CodeIgniter\Session\Handlers\FileHandler' driver.
INFO - 2022-07-29 08:07:39 --> CSRF cookie sent.
INFO - 2022-07-29 08:07:39 --> Session: Class initialized using 'CodeIgniter\Session\Handlers\FileHandler' driver.
INFO - 2022-07-29 08:09:49 --> CSRF cookie sent.
INFO - 2022-07-29 08:09:49 --> Session: Class initialized using 'CodeIgniter\Session\Handlers\FileHandler' driver.
INFO - 2022-07-29 08:09:50 --> CSRF cookie sent.
INFO - 2022-07-29 08:09:50 --> Session: Class initialized using 'CodeIgniter\Session\Handlers\FileHandler' driver.
INFO - 2022-07-29 08:09:56 --> CSRF cookie sent.
INFO - 2022-07-29 08:09:56 --> CSRF token verified.
INFO - 2022-07-29 08:09:56 --> Session: Class initialized using 'CodeIgniter\Session\Handlers\FileHandler' driver.
INFO - 2022-07-29 08:09:56 --> CSRF cookie sent.
INFO - 2022-07-29 08:09:56 --> Session: Class initialized using 'CodeIgniter\Session\Handlers\FileHandler' driver.
INFO - 2022-07-29 08:09:57 --> CSRF cookie sent.
INFO - 2022-07-29 08:09:57 --> Session: Class initialized using 'CodeIgniter\Session\Handlers\FileHandler' driver.
INFO - 2022-07-29 08:13:25 --> CSRF cookie sent.
INFO - 2022-07-29 08:13:25 --> Session: Class initialized using 'CodeIgniter\Session\Handlers\FileHandler' driver.
INFO - 2022-07-29 08:13:26 --> CSRF cookie sent.
INFO - 2022-07-29 08:13:26 --> Session: Class initialized using 'CodeIgniter\Session\Handlers\FileHandler' driver.
INFO - 2022-07-29 08:13:30 --> CSRF cookie sent.
INFO - 2022-07-29 08:13:30 --> CSRF token verified.
INFO - 2022-07-29 08:13:30 --> Session: Class initialized using 'CodeIgniter\Session\Handlers\FileHandler' driver.
INFO - 2022-07-29 08:13:31 --> CSRF cookie sent.
INFO - 2022-07-29 08:13:31 --> Session: Class initialized using 'CodeIgniter\Session\Handlers\FileHandler' driver.
INFO - 2022-07-29 08:13:32 --> CSRF cookie sent.
INFO - 2022-07-29 08:13:32 --> Session: Class initialized using 'CodeIgniter\Session\Handlers\FileHandler' driver.
INFO - 2022-07-29 08:17:11 --> CSRF cookie sent.
INFO - 2022-07-29 08:17:11 --> Session: Class initialized using 'CodeIgniter\Session\Handlers\FileHandler' driver.
INFO - 2022-07-29 08:17:12 --> CSRF cookie sent.
INFO - 2022-07-29 08:17:12 --> Session: Class initialized using 'CodeIgniter\Session\Handlers\FileHandler' driver.
INFO - 2022-07-29 08:17:16 --> CSRF cookie sent.
INFO - 2022-07-29 08:17:16 --> CSRF token verified.
INFO - 2022-07-29 08:17:16 --> Session: Class initialized using 'CodeIgniter\Session\Handlers\FileHandler' driver.
INFO - 2022-07-29 08:17:17 --> CSRF cookie sent.
INFO - 2022-07-29 08:17:17 --> Session: Class initialized using 'CodeIgniter\Session\Handlers\FileHandler' driver.
INFO - 2022-07-29 08:17:18 --> CSRF cookie sent.
INFO - 2022-07-29 08:17:18 --> Session: Class initialized using 'CodeIgniter\Session\Handlers\FileHandler' driver.
INFO - 2022-07-29 08:17:20 --> CSRF cookie sent.
INFO - 2022-07-29 08:17:20 --> Session: Class initialized using 'CodeIgniter\Session\Handlers\FileHandler' driver.
INFO - 2022-07-29 08:17:21 --> CSRF cookie sent.
INFO - 2022-07-29 08:17:21 --> Session: Class initialized using 'CodeIgniter\Session\Handlers\FileHandler' driver.
INFO - 2022-07-29 08:17:25 --> CSRF cookie sent.
INFO - 2022-07-29 08:17:25 --> CSRF token verified.
INFO - 2022-07-29 08:17:25 --> Session: Class initialized using 'CodeIgniter\Session\Handlers\FileHandler' driver.
INFO - 2022-07-29 08:17:26 --> CSRF cookie sent.
INFO - 2022-07-29 08:17:26 --> Session: Class initialized using 'CodeIgniter\Session\Handlers\FileHandler' driver.
INFO - 2022-07-29 08:17:26 --> CSRF cookie sent.
INFO - 2022-07-29 08:17:26 --> Session: Class initialized using 'CodeIgniter\Session\Handlers\FileHandler' driver.
INFO - 2022-07-29 08:18:52 --> CSRF cookie sent.
INFO - 2022-07-29 08:18:52 --> Session: Class initialized using 'CodeIgniter\Session\Handlers\FileHandler' driver.
INFO - 2022-07-29 08:18:53 --> CSRF cookie sent.
INFO - 2022-07-29 08:18:53 --> Session: Class initialized using 'CodeIgniter\Session\Handlers\FileHandler' driver.
INFO - 2022-07-29 08:19:16 --> CSRF cookie sent.
INFO - 2022-07-29 08:19:16 --> CSRF token verified.
INFO - 2022-07-29 08:19:16 --> Session: Class initialized using 'CodeIgniter\Session\Handlers\FileHandler' driver.
INFO - 2022-07-29 08:19:17 --> CSRF cookie sent.
INFO - 2022-07-29 08:19:17 --> Session: Class initialized using 'CodeIgniter\Session\Handlers\FileHandler' driver.
INFO - 2022-07-29 08:19:18 --> CSRF cookie sent.
INFO - 2022-07-29 08:19:18 --> Session: Class initialized using 'CodeIgniter\Session\Handlers\FileHandler' driver.
INFO - 2022-07-29 08:22:36 --> CSRF cookie sent.
INFO - 2022-07-29 08:22:36 --> Session: Class initialized using 'CodeIgniter\Session\Handlers\FileHandler' driver.
INFO - 2022-07-29 08:22:37 --> CSRF cookie sent.
INFO - 2022-07-29 08:22:37 --> Session: Class initialized using 'CodeIgniter\Session\Handlers\FileHandler' driver.
INFO - 2022-07-29 08:22:47 --> CSRF cookie sent.
INFO - 2022-07-29 08:22:47 --> CSRF token verified.
INFO - 2022-07-29 08:22:47 --> Session: Class initialized using 'CodeIgniter\Session\Handlers\FileHandler' driver.
INFO - 2022-07-29 08:22:48 --> CSRF cookie sent.
INFO - 2022-07-29 08:22:48 --> Session: Class initialized using 'CodeIgniter\Session\Handlers\FileHandler' driver.
INFO - 2022-07-29 08:22:49 --> CSRF cookie sent.
INFO - 2022-07-29 08:22:49 --> Session: Class initialized using 'CodeIgniter\Session\Handlers\FileHandler' driver.
INFO - 2022-07-29 08:24:49 --> CSRF cookie sent.
INFO - 2022-07-29 08:24:49 --> Session: Class initialized using 'CodeIgniter\Session\Handlers\FileHandler' driver.
INFO - 2022-07-29 08:24:50 --> CSRF cookie sent.
INFO - 2022-07-29 08:24:50 --> Session: Class initialized using 'CodeIgniter\Session\Handlers\FileHandler' driver.
INFO - 2022-07-29 08:25:01 --> CSRF cookie sent.
INFO - 2022-07-29 08:25:01 --> CSRF token verified.
INFO - 2022-07-29 08:25:01 --> Session: Class initialized using 'CodeIgniter\Session\Handlers\FileHandler' driver.
INFO - 2022-07-29 08:25:01 --> CSRF cookie sent.
INFO - 2022-07-29 08:25:01 --> Session: Class initialized using 'CodeIgniter\Session\Handlers\FileHandler' driver.
INFO - 2022-07-29 08:25:02 --> CSRF cookie sent.
INFO - 2022-07-29 08:25:02 --> Session: Class initialized using 'CodeIgniter\Session\Handlers\FileHandler' driver.
INFO - 2022-07-29 08:27:12 --> CSRF cookie sent.
INFO - 2022-07-29 08:27:12 --> Session: Class initialized using 'CodeIgniter\Session\Handlers\FileHandler' driver.
INFO - 2022-07-29 08:27:13 --> CSRF cookie sent.
INFO - 2022-07-29 08:27:13 --> Session: Class initialized using 'CodeIgniter\Session\Handlers\FileHandler' driver.
INFO - 2022-07-29 08:27:18 --> CSRF cookie sent.
INFO - 2022-07-29 08:27:18 --> CSRF token verified.
INFO - 2022-07-29 08:27:18 --> Session: Class initialized using 'CodeIgniter\Session\Handlers\FileHandler' driver.
INFO - 2022-07-29 08:27:19 --> CSRF cookie sent.
INFO - 2022-07-29 08:27:19 --> Session: Class initialized using 'CodeIgniter\Session\Handlers\FileHandler' driver.
INFO - 2022-07-29 08:27:20 --> CSRF cookie sent.
INFO - 2022-07-29 08:27:20 --> Session: Class initialized using 'CodeIgniter\Session\Handlers\FileHandler' driver.
INFO - 2022-07-29 08:27:21 --> CSRF cookie sent.
INFO - 2022-07-29 08:27:21 --> Session: Class initialized using 'CodeIgniter\Session\Handlers\FileHandler' driver.
INFO - 2022-07-29 08:27:22 --> CSRF cookie sent.
INFO - 2022-07-29 08:27:22 --> Session: Class initialized using 'CodeIgniter\Session\Handlers\FileHandler' driver.
INFO - 2022-07-29 08:27:35 --> CSRF cookie sent.
INFO - 2022-07-29 08:27:35 --> CSRF token verified.
INFO - 2022-07-29 08:27:35 --> Session: Class initialized using 'CodeIgniter\Session\Handlers\FileHandler' driver.
INFO - 2022-07-29 08:27:36 --> CSRF cookie sent.
INFO - 2022-07-29 08:27:36 --> Session: Class initialized using 'CodeIgniter\Session\Handlers\FileHandler' driver.
INFO - 2022-07-29 08:27:36 --> CSRF cookie sent.
INFO - 2022-07-29 08:27:36 --> Session: Class initialized using 'CodeIgniter\Session\Handlers\FileHandler' driver.
INFO - 2022-07-29 08:29:28 --> CSRF cookie sent.
INFO - 2022-07-29 08:29:28 --> Session: Class initialized using 'CodeIgniter\Session\Handlers\FileHandler' driver.
INFO - 2022-07-29 08:29:29 --> CSRF cookie sent.
INFO - 2022-07-29 08:29:29 --> Session: Class initialized using 'CodeIgniter\Session\Handlers\FileHandler' driver.
INFO - 2022-07-29 08:29:38 --> CSRF cookie sent.
INFO - 2022-07-29 08:29:38 --> CSRF token verified.
INFO - 2022-07-29 08:29:38 --> Session: Class initialized using 'CodeIgniter\Session\Handlers\FileHandler' driver.
INFO - 2022-07-29 08:29:39 --> CSRF cookie sent.
INFO - 2022-07-29 08:29:39 --> Session: Class initialized using 'CodeIgniter\Session\Handlers\FileHandler' driver.
INFO - 2022-07-29 08:29:39 --> CSRF cookie sent.
INFO - 2022-07-29 08:29:39 --> Session: Class initialized using 'CodeIgniter\Session\Handlers\FileHandler' driver.
INFO - 2022-07-29 08:29:41 --> CSRF cookie sent.
INFO - 2022-07-29 08:29:41 --> Session: Class initialized using 'CodeIgniter\Session\Handlers\FileHandler' driver.
INFO - 2022-07-29 08:29:42 --> CSRF cookie sent.
INFO - 2022-07-29 08:29:42 --> Session: Class initialized using 'CodeIgniter\Session\Handlers\FileHandler' driver.
INFO - 2022-07-29 08:29:51 --> CSRF cookie sent.
INFO - 2022-07-29 08:29:51 --> CSRF token verified.
INFO - 2022-07-29 08:29:51 --> Session: Class initialized using 'CodeIgniter\Session\Handlers\FileHandler' driver.
INFO - 2022-07-29 08:29:51 --> CSRF cookie sent.
INFO - 2022-07-29 08:29:51 --> Session: Class initialized using 'CodeIgniter\Session\Handlers\FileHandler' driver.
INFO - 2022-07-29 08:29:52 --> CSRF cookie sent.
INFO - 2022-07-29 08:29:52 --> Session: Class initialized using 'CodeIgniter\Session\Handlers\FileHandler' driver.
INFO - 2022-07-29 08:32:41 --> CSRF cookie sent.
INFO - 2022-07-29 08:32:41 --> Session: Class initialized using 'CodeIgniter\Session\Handlers\FileHandler' driver.
INFO - 2022-07-29 08:32:42 --> CSRF cookie sent.
INFO - 2022-07-29 08:32:42 --> Session: Class initialized using 'CodeIgniter\Session\Handlers\FileHandler' driver.
INFO - 2022-07-29 08:32:46 --> CSRF cookie sent.
INFO - 2022-07-29 08:32:46 --> CSRF token verified.
INFO - 2022-07-29 08:32:46 --> Session: Class initialized using 'CodeIgniter\Session\Handlers\FileHandler' driver.
INFO - 2022-07-29 08:32:47 --> CSRF cookie sent.
INFO - 2022-07-29 08:32:47 --> Session: Class initialized using 'CodeIgniter\Session\Handlers\FileHandler' driver.
INFO - 2022-07-29 08:32:47 --> CSRF cookie sent.
INFO - 2022-07-29 08:32:47 --> Session: Class initialized using 'CodeIgniter\Session\Handlers\FileHandler' driver.
INFO - 2022-07-29 08:34:11 --> CSRF cookie sent.
INFO - 2022-07-29 08:34:11 --> Session: Class initialized using 'CodeIgniter\Session\Handlers\FileHandler' driver.
INFO - 2022-07-29 08:34:12 --> CSRF cookie sent.
INFO - 2022-07-29 08:34:12 --> Session: Class initialized using 'CodeIgniter\Session\Handlers\FileHandler' driver.
INFO - 2022-07-29 08:34:16 --> CSRF cookie sent.
INFO - 2022-07-29 08:34:16 --> CSRF token verified.
INFO - 2022-07-29 08:34:16 --> Session: Class initialized using 'CodeIgniter\Session\Handlers\FileHandler' driver.
INFO - 2022-07-29 08:34:17 --> CSRF cookie sent.
INFO - 2022-07-29 08:34:17 --> Session: Class initialized using 'CodeIgniter\Session\Handlers\FileHandler' driver.
INFO - 2022-07-29 08:34:18 --> CSRF cookie sent.
INFO - 2022-07-29 08:34:18 --> Session: Class initialized using 'CodeIgniter\Session\Handlers\FileHandler' driver.
INFO - 2022-07-29 08:34:23 --> CSRF cookie sent.
INFO - 2022-07-29 08:34:23 --> Session: Class initialized using 'CodeIgniter\Session\Handlers\FileHandler' driver.
INFO - 2022-07-29 08:34:23 --> CSRF cookie sent.
INFO - 2022-07-29 08:34:23 --> Session: Class initialized using 'CodeIgniter\Session\Handlers\FileHandler' driver.
INFO - 2022-07-29 09:35:45 --> Session: Class initialized using 'CodeIgniter\Session\Handlers\FileHandler' driver.
INFO - 2022-07-29 09:35:45 --> CSRF cookie sent.
INFO - 2022-07-29 09:35:45 --> Session: Class initialized using 'CodeIgniter\Session\Handlers\FileHandler' driver.
INFO - 2022-07-29 09:35:46 --> CSRF cookie sent.
INFO - 2022-07-29 09:35:46 --> Session: Class initialized using 'CodeIgniter\Session\Handlers\FileHandler' driver.
INFO - 2022-07-29 09:35:51 --> CSRF cookie sent.
INFO - 2022-07-29 09:35:51 --> CSRF token verified.
INFO - 2022-07-29 09:35:51 --> Session: Class initialized using 'CodeIgniter\Session\Handlers\FileHandler' driver.
INFO - 2022-07-29 09:35:51 --> CSRF cookie sent.
INFO - 2022-07-29 09:35:51 --> Session: Class initialized using 'CodeIgniter\Session\Handlers\FileHandler' driver.
INFO - 2022-07-29 09:35:53 --> CSRF cookie sent.
INFO - 2022-07-29 09:35:53 --> Session: Class initialized using 'CodeIgniter\Session\Handlers\FileHandler' driver.
INFO - 2022-07-29 09:35:53 --> CSRF cookie sent.
INFO - 2022-07-29 09:35:53 --> Session: Class initialized using 'CodeIgniter\Session\Handlers\FileHandler' driver.
INFO - 2022-07-29 09:35:55 --> CSRF cookie sent.
INFO - 2022-07-29 09:35:55 --> Session: Class initialized using 'CodeIgniter\Session\Handlers\FileHandler' driver.
INFO - 2022-07-29 09:35:56 --> CSRF cookie sent.
INFO - 2022-07-29 09:35:56 --> Session: Class initialized using 'CodeIgniter\Session\Handlers\FileHandler' driver.
INFO - 2022-07-29 09:35:57 --> CSRF cookie sent.
INFO - 2022-07-29 09:35:57 --> Session: Class initialized using 'CodeIgniter\Session\Handlers\FileHandler' driver.
INFO - 2022-07-29 09:35:59 --> CSRF cookie sent.
INFO - 2022-07-29 09:35:59 --> Session: Class initialized using 'CodeIgniter\Session\Handlers\FileHandler' driver.
INFO - 2022-07-29 09:36:00 --> CSRF cookie sent.
INFO - 2022-07-29 09:36:00 --> Session: Class initialized using 'CodeIgniter\Session\Handlers\FileHandler' driver.
INFO - 2022-07-29 09:36:01 --> CSRF cookie sent.
INFO - 2022-07-29 09:36:01 --> Session: Class initialized using 'CodeIgniter\Session\Handlers\FileHandler' driver.
INFO - 2022-07-29 09:38:02 --> CSRF cookie sent.
INFO - 2022-07-29 09:38:02 --> Session: Class initialized using 'CodeIgniter\Session\Handlers\FileHandler' driver.
INFO - 2022-07-29 09:38:02 --> CSRF cookie sent.
INFO - 2022-07-29 09:38:02 --> Session: Class initialized using 'CodeIgniter\Session\Handlers\FileHandler' driver.
INFO - 2022-07-29 09:38:02 --> CSRF cookie sent.
INFO - 2022-07-29 09:38:02 --> Session: Class initialized using 'CodeIgniter\Session\Handlers\FileHandler' driver.
INFO - 2022-07-29 10:16:47 --> CSRF cookie sent.
INFO - 2022-07-29 10:16:47 --> CSRF token verified.
INFO - 2022-07-29 10:16:47 --> Session: Class initialized using 'CodeIgniter\Session\Handlers\FileHandler' driver.
INFO - 2022-07-29 10:16:47 --> CSRF cookie sent.
INFO - 2022-07-29 10:16:47 --> Session: Class initialized using 'CodeIgniter\Session\Handlers\FileHandler' driver.
INFO - 2022-07-29 10:16:48 --> CSRF cookie sent.
INFO - 2022-07-29 10:16:48 --> Session: Class initialized using 'CodeIgniter\Session\Handlers\FileHandler' driver.
INFO - 2022-07-29 10:16:49 --> CSRF cookie sent.
INFO - 2022-07-29 10:16:49 --> Session: Class initialized using 'CodeIgniter\Session\Handlers\FileHandler' driver.
INFO - 2022-07-29 10:30:36 --> CSRF cookie sent.
INFO - 2022-07-29 10:30:36 --> Session: Class initialized using 'CodeIgniter\Session\Handlers\FileHandler' driver.
INFO - 2022-07-29 10:30:36 --> CSRF cookie sent.
INFO - 2022-07-29 10:30:36 --> Session: Class initialized using 'CodeIgniter\Session\Handlers\FileHandler' driver.
INFO - 2022-07-29 10:30:37 --> CSRF cookie sent.
INFO - 2022-07-29 10:30:37 --> Session: Class initialized using 'CodeIgniter\Session\Handlers\FileHandler' driver.
INFO - 2022-07-29 11:43:40 --> CSRF cookie sent.
INFO - 2022-07-29 11:43:40 --> CSRF token verified.
INFO - 2022-07-29 11:43:40 --> Session: Class initialized using 'CodeIgniter\Session\Handlers\FileHandler' driver.
INFO - 2022-07-29 11:43:41 --> CSRF cookie sent.
INFO - 2022-07-29 11:43:41 --> Session: Class initialized using 'CodeIgniter\Session\Handlers\FileHandler' driver.
INFO - 2022-07-29 11:43:41 --> CSRF cookie sent.
INFO - 2022-07-29 11:43:41 --> Session: Class initialized using 'CodeIgniter\Session\Handlers\FileHandler' driver.
INFO - 2022-07-29 11:43:42 --> CSRF cookie sent.
INFO - 2022-07-29 11:43:42 --> Session: Class initialized using 'CodeIgniter\Session\Handlers\FileHandler' driver.
INFO - 2022-07-29 11:43:45 --> CSRF cookie sent.
INFO - 2022-07-29 11:43:45 --> Session: Class initialized using 'CodeIgniter\Session\Handlers\FileHandler' driver.
INFO - 2022-07-29 11:43:46 --> CSRF cookie sent.
INFO - 2022-07-29 11:43:46 --> Session: Class initialized using 'CodeIgniter\Session\Handlers\FileHandler' driver.
INFO - 2022-07-29 11:43:47 --> CSRF cookie sent.
INFO - 2022-07-29 11:43:47 --> Session: Class initialized using 'CodeIgniter\Session\Handlers\FileHandler' driver.
INFO - 2022-07-29 11:43:49 --> CSRF cookie sent.
INFO - 2022-07-29 11:43:49 --> Session: Class initialized using 'CodeIgniter\Session\Handlers\FileHandler' driver.
INFO - 2022-07-29 11:43:50 --> CSRF cookie sent.
INFO - 2022-07-29 11:43:50 --> Session: Class initialized using 'CodeIgniter\Session\Handlers\FileHandler' driver.
INFO - 2022-07-29 11:43:51 --> CSRF cookie sent.
INFO - 2022-07-29 11:43:51 --> Session: Class initialized using 'CodeIgniter\Session\Handlers\FileHandler' driver.
INFO - 2022-07-29 11:54:01 --> CSRF cookie sent.
INFO - 2022-07-29 11:54:01 --> Session: Class initialized using 'CodeIgniter\Session\Handlers\FileHandler' driver.
INFO - 2022-07-29 11:54:02 --> CSRF cookie sent.
INFO - 2022-07-29 11:54:02 --> Session: Class initialized using 'CodeIgniter\Session\Handlers\FileHandler' driver.
INFO - 2022-07-29 11:54:02 --> CSRF cookie sent.
INFO - 2022-07-29 11:54:02 --> Session: Class initialized using 'CodeIgniter\Session\Handlers\FileHandler' driver.
INFO - 2022-07-29 12:23:10 --> CSRF cookie sent.
INFO - 2022-07-29 12:23:10 --> Session: Class initialized using 'CodeIgniter\Session\Handlers\FileHandler' driver.
INFO - 2022-07-29 12:23:11 --> CSRF cookie sent.
INFO - 2022-07-29 12:23:11 --> Session: Class initialized using 'CodeIgniter\Session\Handlers\FileHandler' driver.
INFO - 2022-07-29 12:23:13 --> CSRF cookie sent.
INFO - 2022-07-29 12:23:13 --> CSRF token verified.
INFO - 2022-07-29 12:23:13 --> Session: Class initialized using 'CodeIgniter\Session\Handlers\FileHandler' driver.
INFO - 2022-07-29 12:23:14 --> CSRF cookie sent.
INFO - 2022-07-29 12:23:14 --> Session: Class initialized using 'CodeIgniter\Session\Handlers\FileHandler' driver.
INFO - 2022-07-29 12:23:14 --> CSRF cookie sent.
INFO - 2022-07-29 12:23:14 --> Session: Class initialized using 'CodeIgniter\Session\Handlers\FileHandler' driver.
INFO - 2022-07-29 12:23:15 --> CSRF cookie sent.
INFO - 2022-07-29 12:23:15 --> Session: Class initialized using 'CodeIgniter\Session\Handlers\FileHandler' driver.
INFO - 2022-07-29 12:23:36 --> CSRF cookie sent.
INFO - 2022-07-29 12:23:36 --> Session: Class initialized using 'CodeIgniter\Session\Handlers\FileHandler' driver.
INFO - 2022-07-29 12:23:37 --> CSRF cookie sent.
INFO - 2022-07-29 12:23:37 --> Session: Class initialized using 'CodeIgniter\Session\Handlers\FileHandler' driver.
INFO - 2022-07-29 12:23:38 --> CSRF cookie sent.
INFO - 2022-07-29 12:23:38 --> Session: Class initialized using 'CodeIgniter\Session\Handlers\FileHandler' driver.
INFO - 2022-07-29 12:23:39 --> CSRF cookie sent.
INFO - 2022-07-29 12:23:39 --> Session: Class initialized using 'CodeIgniter\Session\Handlers\FileHandler' driver.
ERROR - 2022-07-29 12:23:40 --> mysqli_sql_exception: Expression #1 of SELECT list is not in GROUP BY clause and contains nonaggregated column 'apdwms.ord.reference' which is not functionally dependent on columns in GROUP BY clause; this is incompatible with sql_mode=only_full_group_by in /home/apdwms/public_html/system/Database/MySQLi/Connection.php:314
Stack trace:
#0 /home/apdwms/public_html/system/Database/MySQLi/Connection.php(314): mysqli->query()
#1 /home/apdwms/public_html/system/Database/BaseConnection.php(713): CodeIgniter\Database\MySQLi\Connection->execute()
#2 /home/apdwms/public_html/system/Database/BaseConnection.php(641): CodeIgniter\Database\BaseConnection->simpleQuery()
#3 /home/apdwms/public_html/system/Database/BaseBuilder.php(1866): CodeIgniter\Database\BaseConnection->query()
#4 /home/apdwms/public_html/cella/Models/Collections/ItemsModel.php(130): CodeIgniter\Database\BaseBuilder->get()
#5 /home/apdwms/public_html/cella/Controllers/Warehouse.php(237): CELLA\Models\Collections\ItemsModel->getReadyForLoadJobs()
#6 /home/apdwms/public_html/cella/Controllers/BaseController.php(532): CELLA\Controllers\Warehouse->collection()
#7 /home/apdwms/public_html/system/CodeIgniter.php(932): CELLA\Controllers\BaseController->_remap()
#8 /home/apdwms/public_html/system/CodeIgniter.php(432): CodeIgniter\CodeIgniter->runController()
#9 /home/apdwms/public_html/system/CodeIgniter.php(333): CodeIgniter\CodeIgniter->handleRequest()
#10 /home/apdwms/public_html/index.php(48): CodeIgniter\CodeIgniter->run()
#11 {main}
ERROR - 2022-07-29 12:23:40 --> error_sql:SELECT *
FROM `vw_jobs_for_load`
INFO - 2022-07-29 12:23:41 --> CSRF cookie sent.
INFO - 2022-07-29 12:23:41 --> Session: Class initialized using 'CodeIgniter\Session\Handlers\FileHandler' driver.
INFO - 2022-07-29 12:23:42 --> CSRF cookie sent.
INFO - 2022-07-29 12:23:42 --> Session: Class initialized using 'CodeIgniter\Session\Handlers\FileHandler' driver.
INFO - 2022-07-29 12:35:45 --> CSRF cookie sent.
INFO - 2022-07-29 12:35:45 --> Session: Class initialized using 'CodeIgniter\Session\Handlers\FileHandler' driver.
INFO - 2022-07-29 12:35:45 --> CSRF cookie sent.
INFO - 2022-07-29 12:35:45 --> Session: Class initialized using 'CodeIgniter\Session\Handlers\FileHandler' driver.
INFO - 2022-07-29 12:35:47 --> CSRF cookie sent.
INFO - 2022-07-29 12:35:47 --> Session: Class initialized using 'CodeIgniter\Session\Handlers\FileHandler' driver.
INFO - 2022-07-29 13:23:10 --> CSRF cookie sent.
INFO - 2022-07-29 13:23:10 --> CSRF token verified.
INFO - 2022-07-29 13:23:10 --> Session: Class initialized using 'CodeIgniter\Session\Handlers\FileHandler' driver.
INFO - 2022-07-29 13:23:11 --> CSRF cookie sent.
INFO - 2022-07-29 13:23:11 --> Session: Class initialized using 'CodeIgniter\Session\Handlers\FileHandler' driver.
INFO - 2022-07-29 13:23:11 --> CSRF cookie sent.
INFO - 2022-07-29 13:23:11 --> Session: Class initialized using 'CodeIgniter\Session\Handlers\FileHandler' driver.
INFO - 2022-07-29 13:23:12 --> CSRF cookie sent.
INFO - 2022-07-29 13:23:12 --> Session: Class initialized using 'CodeIgniter\Session\Handlers\FileHandler' driver.
INFO - 2022-07-29 13:33:12 --> CSRF cookie sent.
INFO - 2022-07-29 13:33:12 --> Session: Class initialized using 'CodeIgniter\Session\Handlers\FileHandler' driver.
INFO - 2022-07-29 13:33:13 --> CSRF cookie sent.
INFO - 2022-07-29 13:33:13 --> Session: Class initialized using 'CodeIgniter\Session\Handlers\FileHandler' driver.
INFO - 2022-07-29 13:33:13 --> CSRF cookie sent.
INFO - 2022-07-29 13:33:13 --> Session: Class initialized using 'CodeIgniter\Session\Handlers\FileHandler' driver.
INFO - 2022-07-29 13:58:15 --> Session: Class initialized using 'CodeIgniter\Session\Handlers\FileHandler' driver.
INFO - 2022-07-29 13:58:15 --> CSRF cookie sent.
INFO - 2022-07-29 13:58:15 --> Session: Class initialized using 'CodeIgniter\Session\Handlers\FileHandler' driver.
INFO - 2022-07-29 13:58:16 --> CSRF cookie sent.
INFO - 2022-07-29 13:58:16 --> Session: Class initialized using 'CodeIgniter\Session\Handlers\FileHandler' driver.
INFO - 2022-07-29 13:58:21 --> CSRF cookie sent.
INFO - 2022-07-29 13:58:21 --> CSRF token verified.
INFO - 2022-07-29 13:58:21 --> Session: Class initialized using 'CodeIgniter\Session\Handlers\FileHandler' driver.
INFO - 2022-07-29 13:58:22 --> CSRF cookie sent.
INFO - 2022-07-29 13:58:22 --> Session: Class initialized using 'CodeIgniter\Session\Handlers\FileHandler' driver.
INFO - 2022-07-29 13:58:22 --> CSRF cookie sent.
INFO - 2022-07-29 13:58:22 --> Session: Class initialized using 'CodeIgniter\Session\Handlers\FileHandler' driver.
INFO - 2022-07-29 13:58:23 --> CSRF cookie sent.
INFO - 2022-07-29 13:58:23 --> Session: Class initialized using 'CodeIgniter\Session\Handlers\FileHandler' driver.
INFO - 2022-07-29 13:58:23 --> CSRF cookie sent.
INFO - 2022-07-29 13:58:23 --> Session: Class initialized using 'CodeIgniter\Session\Handlers\FileHandler' driver.
INFO - 2022-07-29 13:58:27 --> CSRF cookie sent.
INFO - 2022-07-29 13:58:27 --> Session: Class initialized using 'CodeIgniter\Session\Handlers\FileHandler' driver.
INFO - 2022-07-29 13:58:27 --> CSRF cookie sent.
INFO - 2022-07-29 13:58:27 --> Session: Class initialized using 'CodeIgniter\Session\Handlers\FileHandler' driver.
INFO - 2022-07-29 13:58:29 --> CSRF cookie sent.
INFO - 2022-07-29 13:58:29 --> Session: Class initialized using 'CodeIgniter\Session\Handlers\FileHandler' driver.
INFO - 2022-07-29 14:02:53 --> CSRF cookie sent.
INFO - 2022-07-29 14:02:53 --> CSRF token verified.
INFO - 2022-07-29 14:02:53 --> Session: Class initialized using 'CodeIgniter\Session\Handlers\FileHandler' driver.
INFO - 2022-07-29 14:02:54 --> CSRF cookie sent.
INFO - 2022-07-29 14:02:54 --> Session: Class initialized using 'CodeIgniter\Session\Handlers\FileHandler' driver.
INFO - 2022-07-29 14:02:55 --> CSRF cookie sent.
INFO - 2022-07-29 14:02:55 --> Session: Class initialized using 'CodeIgniter\Session\Handlers\FileHandler' driver.
INFO - 2022-07-29 14:02:55 --> CSRF cookie sent.
INFO - 2022-07-29 14:02:55 --> Session: Class initialized using 'CodeIgniter\Session\Handlers\FileHandler' driver.
INFO - 2022-07-29 14:02:56 --> CSRF cookie sent.
INFO - 2022-07-29 14:02:56 --> Session: Class initialized using 'CodeIgniter\Session\Handlers\FileHandler' driver.
INFO - 2022-07-29 14:02:57 --> CSRF cookie sent.
INFO - 2022-07-29 14:02:57 --> Session: Class initialized using 'CodeIgniter\Session\Handlers\FileHandler' driver.
INFO - 2022-07-29 14:03:00 --> CSRF cookie sent.
INFO - 2022-07-29 14:03:00 --> Session: Class initialized using 'CodeIgniter\Session\Handlers\FileHandler' driver.
INFO - 2022-07-29 14:07:19 --> CSRF cookie sent.
INFO - 2022-07-29 14:07:19 --> Session: Class initialized using 'CodeIgniter\Session\Handlers\FileHandler' driver.
INFO - 2022-07-29 14:07:20 --> CSRF cookie sent.
INFO - 2022-07-29 14:07:20 --> Session: Class initialized using 'CodeIgniter\Session\Handlers\FileHandler' driver.
INFO - 2022-07-29 14:07:21 --> CSRF cookie sent.
INFO - 2022-07-29 14:07:21 --> Session: Class initialized using 'CodeIgniter\Session\Handlers\FileHandler' driver.
INFO - 2022-07-29 14:07:24 --> CSRF cookie sent.
INFO - 2022-07-29 14:07:24 --> Session: Class initialized using 'CodeIgniter\Session\Handlers\FileHandler' driver.
INFO - 2022-07-29 14:07:25 --> CSRF cookie sent.
INFO - 2022-07-29 14:07:25 --> Session: Class initialized using 'CodeIgniter\Session\Handlers\FileHandler' driver.
INFO - 2022-07-29 14:07:27 --> CSRF cookie sent.
INFO - 2022-07-29 14:07:27 --> Session: Class initialized using 'CodeIgniter\Session\Handlers\FileHandler' driver.
INFO - 2022-07-29 14:07:43 --> CSRF cookie sent.
INFO - 2022-07-29 14:07:43 --> CSRF token verified.
INFO - 2022-07-29 14:07:43 --> Session: Class initialized using 'CodeIgniter\Session\Handlers\FileHandler' driver.
INFO - 2022-07-29 14:07:44 --> CSRF cookie sent.
INFO - 2022-07-29 14:07:44 --> Session: Class initialized using 'CodeIgniter\Session\Handlers\FileHandler' driver.
INFO - 2022-07-29 14:07:45 --> CSRF cookie sent.
INFO - 2022-07-29 14:07:45 --> Session: Class initialized using 'CodeIgniter\Session\Handlers\FileHandler' driver.
INFO - 2022-07-29 14:07:45 --> CSRF cookie sent.
INFO - 2022-07-29 14:07:45 --> Session: Class initialized using 'CodeIgniter\Session\Handlers\FileHandler' driver.
INFO - 2022-07-29 14:07:45 --> CSRF cookie sent.
INFO - 2022-07-29 14:07:45 --> Session: Class initialized using 'CodeIgniter\Session\Handlers\FileHandler' driver.
INFO - 2022-07-29 14:07:46 --> CSRF cookie sent.
INFO - 2022-07-29 14:07:46 --> Session: Class initialized using 'CodeIgniter\Session\Handlers\FileHandler' driver.
INFO - 2022-07-29 14:07:47 --> CSRF cookie sent.
INFO - 2022-07-29 14:07:47 --> Session: Class initialized using 'CodeIgniter\Session\Handlers\FileHandler' driver.
INFO - 2022-07-29 14:07:51 --> CSRF cookie sent.
INFO - 2022-07-29 14:07:51 --> Session: Class initialized using 'CodeIgniter\Session\Handlers\FileHandler' driver.
INFO - 2022-07-29 14:07:52 --> CSRF cookie sent.
INFO - 2022-07-29 14:07:52 --> Session: Class initialized using 'CodeIgniter\Session\Handlers\FileHandler' driver.
INFO - 2022-07-29 14:07:52 --> CSRF cookie sent.
INFO - 2022-07-29 14:07:52 --> Session: Class initialized using 'CodeIgniter\Session\Handlers\FileHandler' driver.
INFO - 2022-07-29 14:07:53 --> CSRF cookie sent.
INFO - 2022-07-29 14:07:53 --> Session: Class initialized using 'CodeIgniter\Session\Handlers\FileHandler' driver.
INFO - 2022-07-29 14:07:56 --> CSRF cookie sent.
INFO - 2022-07-29 14:07:56 --> Session: Class initialized using 'CodeIgniter\Session\Handlers\FileHandler' driver.
INFO - 2022-07-29 14:07:56 --> CSRF cookie sent.
INFO - 2022-07-29 14:07:56 --> Session: Class initialized using 'CodeIgniter\Session\Handlers\FileHandler' driver.
INFO - 2022-07-29 14:07:58 --> CSRF cookie sent.
INFO - 2022-07-29 14:07:58 --> Session: Class initialized using 'CodeIgniter\Session\Handlers\FileHandler' driver.
INFO - 2022-07-29 14:08:22 --> CSRF cookie sent.
INFO - 2022-07-29 14:08:22 --> CSRF token verified.
INFO - 2022-07-29 14:08:22 --> Session: Class initialized using 'CodeIgniter\Session\Handlers\FileHandler' driver.
INFO - 2022-07-29 14:08:23 --> CSRF cookie sent.
INFO - 2022-07-29 14:08:23 --> Session: Class initialized using 'CodeIgniter\Session\Handlers\FileHandler' driver.
INFO - 2022-07-29 14:08:34 --> Session: Class initialized using 'CodeIgniter\Session\Handlers\FileHandler' driver.
INFO - 2022-07-29 14:08:34 --> CSRF cookie sent.
INFO - 2022-07-29 14:08:34 --> Session: Class initialized using 'CodeIgniter\Session\Handlers\FileHandler' driver.
CRITICAL - 2022-07-29 14:08:34 --> implode(): Invalid arguments passed
#0 [internal function]: CodeIgniter\Debug\Exceptions->errorHandler()
#1 /home/apdwms/public_html/cella/Controllers/Orders.php(1075): implode()
#2 /home/apdwms/public_html/cella/Controllers/BaseController.php(532): CELLA\Controllers\Orders->autoGenerateCustomerPallets()
#3 /home/apdwms/public_html/system/CodeIgniter.php(932): CELLA\Controllers\BaseController->_remap()
#4 /home/apdwms/public_html/system/CodeIgniter.php(432): CodeIgniter\CodeIgniter->runController()
#5 /home/apdwms/public_html/system/CodeIgniter.php(333): CodeIgniter\CodeIgniter->handleRequest()
#6 /home/apdwms/public_html/index.php(48): CodeIgniter\CodeIgniter->run()
#7 {main}
INFO - 2022-07-29 14:09:33 --> CSRF cookie sent.
INFO - 2022-07-29 14:09:33 --> Session: Class initialized using 'CodeIgniter\Session\Handlers\FileHandler' driver.
INFO - 2022-07-29 14:09:40 --> CSRF cookie sent.
INFO - 2022-07-29 14:09:40 --> Session: Class initialized using 'CodeIgniter\Session\Handlers\FileHandler' driver.
CRITICAL - 2022-07-29 14:09:40 --> implode(): Invalid arguments passed
#0 [internal function]: CodeIgniter\Debug\Exceptions->errorHandler()
#1 /home/apdwms/public_html/cella/Controllers/Orders.php(1075): implode()
#2 /home/apdwms/public_html/cella/Controllers/BaseController.php(532): CELLA\Controllers\Orders->autoGenerateCustomerPallets()
#3 /home/apdwms/public_html/system/CodeIgniter.php(932): CELLA\Controllers\BaseController->_remap()
#4 /home/apdwms/public_html/system/CodeIgniter.php(432): CodeIgniter\CodeIgniter->runController()
#5 /home/apdwms/public_html/system/CodeIgniter.php(333): CodeIgniter\CodeIgniter->handleRequest()
#6 /home/apdwms/public_html/index.php(48): CodeIgniter\CodeIgniter->run()
#7 {main}
INFO - 2022-07-29 14:09:40 --> CSRF cookie sent.
INFO - 2022-07-29 14:09:40 --> Session: Class initialized using 'CodeIgniter\Session\Handlers\FileHandler' driver.
INFO - 2022-07-29 14:09:44 --> CSRF cookie sent.
INFO - 2022-07-29 14:09:44 --> Session: Class initialized using 'CodeIgniter\Session\Handlers\FileHandler' driver.
INFO - 2022-07-29 14:09:44 --> CSRF cookie sent.
INFO - 2022-07-29 14:09:44 --> Session: Class initialized using 'CodeIgniter\Session\Handlers\FileHandler' driver.
INFO - 2022-07-29 14:09:45 --> CSRF cookie sent.
INFO - 2022-07-29 14:09:45 --> Session: Class initialized using 'CodeIgniter\Session\Handlers\FileHandler' driver.
INFO - 2022-07-29 14:09:45 --> CSRF cookie sent.
INFO - 2022-07-29 14:09:45 --> Session: Class initialized using 'CodeIgniter\Session\Handlers\FileHandler' driver.
INFO - 2022-07-29 14:09:48 --> CSRF cookie sent.
INFO - 2022-07-29 14:09:48 --> Session: Class initialized using 'CodeIgniter\Session\Handlers\FileHandler' driver.
INFO - 2022-07-29 14:09:49 --> CSRF cookie sent.
INFO - 2022-07-29 14:09:49 --> Session: Class initialized using 'CodeIgniter\Session\Handlers\FileHandler' driver.
INFO - 2022-07-29 14:09:50 --> CSRF cookie sent.
INFO - 2022-07-29 14:09:50 --> Session: Class initialized using 'CodeIgniter\Session\Handlers\FileHandler' driver.
INFO - 2022-07-29 14:09:59 --> CSRF cookie sent.
INFO - 2022-07-29 14:09:59 --> Session: Class initialized using 'CodeIgniter\Session\Handlers\FileHandler' driver.
INFO - 2022-07-29 14:10:02 --> CSRF cookie sent.
INFO - 2022-07-29 14:10:02 --> Session: Class initialized using 'CodeIgniter\Session\Handlers\FileHandler' driver.
INFO - 2022-07-29 14:10:03 --> CSRF cookie sent.
INFO - 2022-07-29 14:10:03 --> Session: Class initialized using 'CodeIgniter\Session\Handlers\FileHandler' driver.
INFO - 2022-07-29 14:10:06 --> CSRF cookie sent.
INFO - 2022-07-29 14:10:06 --> Session: Class initialized using 'CodeIgniter\Session\Handlers\FileHandler' driver.
INFO - 2022-07-29 14:10:07 --> CSRF cookie sent.
INFO - 2022-07-29 14:10:07 --> Session: Class initialized using 'CodeIgniter\Session\Handlers\FileHandler' driver.
INFO - 2022-07-29 14:10:17 --> CSRF cookie sent.
INFO - 2022-07-29 14:10:17 --> Session: Class initialized using 'CodeIgniter\Session\Handlers\FileHandler' driver.
INFO - 2022-07-29 14:10:17 --> CSRF cookie sent.
INFO - 2022-07-29 14:10:17 --> Session: Class initialized using 'CodeIgniter\Session\Handlers\FileHandler' driver.
INFO - 2022-07-29 14:10:17 --> CSRF cookie sent.
INFO - 2022-07-29 14:10:17 --> Session: Class initialized using 'CodeIgniter\Session\Handlers\FileHandler' driver.
