INFO - 2022-06-30 07:41:53 --> Session: Class initialized using 'CodeIgniter\Session\Handlers\FileHandler' driver.
INFO - 2022-06-30 07:41:53 --> CSRF cookie sent.
INFO - 2022-06-30 07:41:53 --> Session: Class initialized using 'CodeIgniter\Session\Handlers\FileHandler' driver.
INFO - 2022-06-30 07:41:54 --> CSRF cookie sent.
INFO - 2022-06-30 07:41:54 --> Session: Class initialized using 'CodeIgniter\Session\Handlers\FileHandler' driver.
INFO - 2022-06-30 07:42:43 --> CSRF cookie sent.
INFO - 2022-06-30 07:42:43 --> CSRF token verified.
INFO - 2022-06-30 07:42:43 --> Session: Class initialized using 'CodeIgniter\Session\Handlers\FileHandler' driver.
INFO - 2022-06-30 07:42:44 --> CSRF cookie sent.
INFO - 2022-06-30 07:42:44 --> Session: Class initialized using 'CodeIgniter\Session\Handlers\FileHandler' driver.
INFO - 2022-06-30 07:42:45 --> CSRF cookie sent.
INFO - 2022-06-30 07:42:45 --> Session: Class initialized using 'CodeIgniter\Session\Handlers\FileHandler' driver.
INFO - 2022-06-30 07:42:45 --> CSRF cookie sent.
INFO - 2022-06-30 07:42:45 --> Session: Class initialized using 'CodeIgniter\Session\Handlers\FileHandler' driver.
INFO - 2022-06-30 07:42:49 --> CSRF cookie sent.
INFO - 2022-06-30 07:42:49 --> Session: Class initialized using 'CodeIgniter\Session\Handlers\FileHandler' driver.
INFO - 2022-06-30 07:42:50 --> CSRF cookie sent.
INFO - 2022-06-30 07:42:50 --> Session: Class initialized using 'CodeIgniter\Session\Handlers\FileHandler' driver.
INFO - 2022-06-30 07:42:51 --> CSRF cookie sent.
INFO - 2022-06-30 07:42:51 --> Session: Class initialized using 'CodeIgniter\Session\Handlers\FileHandler' driver.
INFO - 2022-06-30 07:42:57 --> CSRF cookie sent.
INFO - 2022-06-30 07:42:57 --> Session: Class initialized using 'CodeIgniter\Session\Handlers\FileHandler' driver.
INFO - 2022-06-30 07:42:58 --> CSRF cookie sent.
INFO - 2022-06-30 07:42:58 --> Session: Class initialized using 'CodeIgniter\Session\Handlers\FileHandler' driver.
INFO - 2022-06-30 07:42:58 --> CSRF cookie sent.
INFO - 2022-06-30 07:42:58 --> Session: Class initialized using 'CodeIgniter\Session\Handlers\FileHandler' driver.
INFO - 2022-06-30 07:43:05 --> CSRF cookie sent.
INFO - 2022-06-30 07:43:05 --> Session: Class initialized using 'CodeIgniter\Session\Handlers\FileHandler' driver.
INFO - 2022-06-30 07:43:06 --> CSRF cookie sent.
INFO - 2022-06-30 07:43:06 --> Session: Class initialized using 'CodeIgniter\Session\Handlers\FileHandler' driver.
INFO - 2022-06-30 07:43:06 --> CSRF cookie sent.
INFO - 2022-06-30 07:43:06 --> Session: Class initialized using 'CodeIgniter\Session\Handlers\FileHandler' driver.
INFO - 2022-06-30 07:44:05 --> CSRF cookie sent.
INFO - 2022-06-30 07:44:05 --> CSRF cookie sent.
INFO - 2022-06-30 07:44:05 --> Session: Class initialized using 'CodeIgniter\Session\Handlers\FileHandler' driver.
INFO - 2022-06-30 07:44:05 --> Session: Class initialized using 'CodeIgniter\Session\Handlers\FileHandler' driver.
INFO - 2022-06-30 07:44:37 --> CSRF cookie sent.
INFO - 2022-06-30 07:44:37 --> Session: Class initialized using 'CodeIgniter\Session\Handlers\FileHandler' driver.
INFO - 2022-06-30 07:44:38 --> CSRF cookie sent.
INFO - 2022-06-30 07:44:38 --> Session: Class initialized using 'CodeIgniter\Session\Handlers\FileHandler' driver.
INFO - 2022-06-30 07:44:39 --> CSRF cookie sent.
INFO - 2022-06-30 07:44:39 --> Session: Class initialized using 'CodeIgniter\Session\Handlers\FileHandler' driver.
INFO - 2022-06-30 07:44:42 --> CSRF cookie sent.
INFO - 2022-06-30 07:44:42 --> Session: Class initialized using 'CodeIgniter\Session\Handlers\FileHandler' driver.
INFO - 2022-06-30 07:44:43 --> CSRF cookie sent.
INFO - 2022-06-30 07:44:43 --> Session: Class initialized using 'CodeIgniter\Session\Handlers\FileHandler' driver.
INFO - 2022-06-30 07:44:44 --> CSRF cookie sent.
INFO - 2022-06-30 07:44:44 --> Session: Class initialized using 'CodeIgniter\Session\Handlers\FileHandler' driver.
INFO - 2022-06-30 07:44:47 --> CSRF cookie sent.
INFO - 2022-06-30 07:44:47 --> Session: Class initialized using 'CodeIgniter\Session\Handlers\FileHandler' driver.
INFO - 2022-06-30 07:44:48 --> CSRF cookie sent.
INFO - 2022-06-30 07:44:48 --> Session: Class initialized using 'CodeIgniter\Session\Handlers\FileHandler' driver.
INFO - 2022-06-30 07:55:04 --> CSRF cookie sent.
INFO - 2022-06-30 07:55:04 --> Session: Class initialized using 'CodeIgniter\Session\Handlers\FileHandler' driver.
INFO - 2022-06-30 07:55:05 --> CSRF cookie sent.
INFO - 2022-06-30 07:55:05 --> Session: Class initialized using 'CodeIgniter\Session\Handlers\FileHandler' driver.
INFO - 2022-06-30 07:55:05 --> CSRF cookie sent.
INFO - 2022-06-30 07:55:05 --> Session: Class initialized using 'CodeIgniter\Session\Handlers\FileHandler' driver.
INFO - 2022-06-30 08:15:33 --> CSRF cookie sent.
INFO - 2022-06-30 08:15:33 --> Session: Class initialized using 'CodeIgniter\Session\Handlers\FileHandler' driver.
INFO - 2022-06-30 08:15:35 --> CSRF cookie sent.
INFO - 2022-06-30 08:15:35 --> Session: Class initialized using 'CodeIgniter\Session\Handlers\FileHandler' driver.
INFO - 2022-06-30 08:15:47 --> CSRF cookie sent.
INFO - 2022-06-30 08:15:47 --> CSRF token verified.
INFO - 2022-06-30 08:15:47 --> Session: Class initialized using 'CodeIgniter\Session\Handlers\FileHandler' driver.
INFO - 2022-06-30 08:15:48 --> CSRF cookie sent.
INFO - 2022-06-30 08:15:48 --> Session: Class initialized using 'CodeIgniter\Session\Handlers\FileHandler' driver.
INFO - 2022-06-30 08:15:51 --> CSRF cookie sent.
INFO - 2022-06-30 08:15:51 --> Session: Class initialized using 'CodeIgniter\Session\Handlers\FileHandler' driver.
INFO - 2022-06-30 08:15:52 --> CSRF cookie sent.
INFO - 2022-06-30 08:15:52 --> Session: Class initialized using 'CodeIgniter\Session\Handlers\FileHandler' driver.
INFO - 2022-06-30 08:15:52 --> CSRF cookie sent.
INFO - 2022-06-30 08:15:52 --> Session: Class initialized using 'CodeIgniter\Session\Handlers\FileHandler' driver.
INFO - 2022-06-30 08:15:53 --> CSRF cookie sent.
INFO - 2022-06-30 08:15:53 --> Session: Class initialized using 'CodeIgniter\Session\Handlers\FileHandler' driver.
INFO - 2022-06-30 08:15:55 --> CSRF cookie sent.
INFO - 2022-06-30 08:15:55 --> Session: Class initialized using 'CodeIgniter\Session\Handlers\FileHandler' driver.
INFO - 2022-06-30 08:15:56 --> CSRF cookie sent.
INFO - 2022-06-30 08:15:56 --> Session: Class initialized using 'CodeIgniter\Session\Handlers\FileHandler' driver.
INFO - 2022-06-30 08:16:37 --> CSRF cookie sent.
INFO - 2022-06-30 08:16:37 --> CSRF token verified.
INFO - 2022-06-30 08:16:37 --> Session: Class initialized using 'CodeIgniter\Session\Handlers\FileHandler' driver.
INFO - 2022-06-30 08:16:38 --> CSRF cookie sent.
INFO - 2022-06-30 08:16:38 --> Session: Class initialized using 'CodeIgniter\Session\Handlers\FileHandler' driver.
INFO - 2022-06-30 08:16:39 --> CSRF cookie sent.
INFO - 2022-06-30 08:16:39 --> Session: Class initialized using 'CodeIgniter\Session\Handlers\FileHandler' driver.
INFO - 2022-06-30 08:18:04 --> CSRF cookie sent.
INFO - 2022-06-30 08:18:04 --> CSRF token verified.
INFO - 2022-06-30 08:18:04 --> Session: Class initialized using 'CodeIgniter\Session\Handlers\FileHandler' driver.
INFO - 2022-06-30 08:18:05 --> CSRF cookie sent.
INFO - 2022-06-30 08:18:05 --> Session: Class initialized using 'CodeIgniter\Session\Handlers\FileHandler' driver.
INFO - 2022-06-30 08:18:05 --> CSRF cookie sent.
INFO - 2022-06-30 08:18:05 --> Session: Class initialized using 'CodeIgniter\Session\Handlers\FileHandler' driver.
INFO - 2022-06-30 08:20:24 --> CSRF cookie sent.
INFO - 2022-06-30 08:20:24 --> CSRF token verified.
INFO - 2022-06-30 08:20:24 --> Session: Class initialized using 'CodeIgniter\Session\Handlers\FileHandler' driver.
INFO - 2022-06-30 08:20:24 --> CSRF cookie sent.
INFO - 2022-06-30 08:20:24 --> Session: Class initialized using 'CodeIgniter\Session\Handlers\FileHandler' driver.
INFO - 2022-06-30 08:20:25 --> CSRF cookie sent.
INFO - 2022-06-30 08:20:25 --> Session: Class initialized using 'CodeIgniter\Session\Handlers\FileHandler' driver.
INFO - 2022-06-30 08:20:32 --> CSRF cookie sent.
INFO - 2022-06-30 08:20:32 --> CSRF token verified.
INFO - 2022-06-30 08:20:32 --> Session: Class initialized using 'CodeIgniter\Session\Handlers\FileHandler' driver.
INFO - 2022-06-30 08:20:33 --> CSRF cookie sent.
INFO - 2022-06-30 08:20:33 --> Session: Class initialized using 'CodeIgniter\Session\Handlers\FileHandler' driver.
INFO - 2022-06-30 08:20:33 --> CSRF cookie sent.
INFO - 2022-06-30 08:20:33 --> Session: Class initialized using 'CodeIgniter\Session\Handlers\FileHandler' driver.
INFO - 2022-06-30 08:22:21 --> CSRF cookie sent.
INFO - 2022-06-30 08:22:21 --> Session: Class initialized using 'CodeIgniter\Session\Handlers\FileHandler' driver.
INFO - 2022-06-30 08:22:22 --> CSRF cookie sent.
INFO - 2022-06-30 08:22:22 --> Session: Class initialized using 'CodeIgniter\Session\Handlers\FileHandler' driver.
INFO - 2022-06-30 08:22:31 --> CSRF cookie sent.
INFO - 2022-06-30 08:22:31 --> CSRF token verified.
INFO - 2022-06-30 08:22:31 --> Session: Class initialized using 'CodeIgniter\Session\Handlers\FileHandler' driver.
INFO - 2022-06-30 08:22:32 --> CSRF cookie sent.
INFO - 2022-06-30 08:22:32 --> Session: Class initialized using 'CodeIgniter\Session\Handlers\FileHandler' driver.
INFO - 2022-06-30 08:22:36 --> CSRF cookie sent.
INFO - 2022-06-30 08:22:36 --> CSRF token verified.
INFO - 2022-06-30 08:22:36 --> Session: Class initialized using 'CodeIgniter\Session\Handlers\FileHandler' driver.
INFO - 2022-06-30 08:22:37 --> CSRF cookie sent.
INFO - 2022-06-30 08:22:37 --> Session: Class initialized using 'CodeIgniter\Session\Handlers\FileHandler' driver.
INFO - 2022-06-30 08:22:37 --> CSRF cookie sent.
INFO - 2022-06-30 08:22:37 --> Session: Class initialized using 'CodeIgniter\Session\Handlers\FileHandler' driver.
INFO - 2022-06-30 08:22:37 --> CSRF cookie sent.
INFO - 2022-06-30 08:22:37 --> Session: Class initialized using 'CodeIgniter\Session\Handlers\FileHandler' driver.
INFO - 2022-06-30 08:22:38 --> CSRF cookie sent.
INFO - 2022-06-30 08:22:38 --> Session: Class initialized using 'CodeIgniter\Session\Handlers\FileHandler' driver.
INFO - 2022-06-30 08:22:46 --> CSRF cookie sent.
INFO - 2022-06-30 08:22:46 --> CSRF token verified.
INFO - 2022-06-30 08:22:46 --> Session: Class initialized using 'CodeIgniter\Session\Handlers\FileHandler' driver.
INFO - 2022-06-30 08:22:47 --> CSRF cookie sent.
INFO - 2022-06-30 08:22:47 --> Session: Class initialized using 'CodeIgniter\Session\Handlers\FileHandler' driver.
INFO - 2022-06-30 08:22:47 --> CSRF cookie sent.
INFO - 2022-06-30 08:22:47 --> Session: Class initialized using 'CodeIgniter\Session\Handlers\FileHandler' driver.
INFO - 2022-06-30 08:24:28 --> CSRF cookie sent.
INFO - 2022-06-30 08:24:28 --> CSRF token verified.
INFO - 2022-06-30 08:24:28 --> Session: Class initialized using 'CodeIgniter\Session\Handlers\FileHandler' driver.
INFO - 2022-06-30 08:24:29 --> CSRF cookie sent.
INFO - 2022-06-30 08:24:29 --> Session: Class initialized using 'CodeIgniter\Session\Handlers\FileHandler' driver.
INFO - 2022-06-30 08:24:30 --> CSRF cookie sent.
INFO - 2022-06-30 08:24:30 --> Session: Class initialized using 'CodeIgniter\Session\Handlers\FileHandler' driver.
INFO - 2022-06-30 08:27:15 --> CSRF cookie sent.
INFO - 2022-06-30 08:27:15 --> CSRF token verified.
INFO - 2022-06-30 08:27:15 --> Session: Class initialized using 'CodeIgniter\Session\Handlers\FileHandler' driver.
INFO - 2022-06-30 08:27:16 --> CSRF cookie sent.
INFO - 2022-06-30 08:27:16 --> Session: Class initialized using 'CodeIgniter\Session\Handlers\FileHandler' driver.
INFO - 2022-06-30 08:27:17 --> CSRF cookie sent.
INFO - 2022-06-30 08:27:17 --> Session: Class initialized using 'CodeIgniter\Session\Handlers\FileHandler' driver.
INFO - 2022-06-30 08:36:22 --> CSRF cookie sent.
INFO - 2022-06-30 08:36:22 --> CSRF token verified.
INFO - 2022-06-30 08:36:22 --> Session: Class initialized using 'CodeIgniter\Session\Handlers\FileHandler' driver.
INFO - 2022-06-30 08:36:22 --> CSRF cookie sent.
INFO - 2022-06-30 08:36:22 --> Session: Class initialized using 'CodeIgniter\Session\Handlers\FileHandler' driver.
INFO - 2022-06-30 08:36:24 --> CSRF cookie sent.
INFO - 2022-06-30 08:36:24 --> Session: Class initialized using 'CodeIgniter\Session\Handlers\FileHandler' driver.
INFO - 2022-06-30 08:36:28 --> CSRF cookie sent.
INFO - 2022-06-30 08:36:28 --> CSRF token verified.
INFO - 2022-06-30 08:36:28 --> Session: Class initialized using 'CodeIgniter\Session\Handlers\FileHandler' driver.
INFO - 2022-06-30 08:36:29 --> CSRF cookie sent.
INFO - 2022-06-30 08:36:29 --> Session: Class initialized using 'CodeIgniter\Session\Handlers\FileHandler' driver.
INFO - 2022-06-30 08:36:30 --> CSRF cookie sent.
INFO - 2022-06-30 08:36:30 --> Session: Class initialized using 'CodeIgniter\Session\Handlers\FileHandler' driver.
INFO - 2022-06-30 08:36:34 --> CSRF cookie sent.
INFO - 2022-06-30 08:36:34 --> CSRF token verified.
INFO - 2022-06-30 08:36:34 --> Session: Class initialized using 'CodeIgniter\Session\Handlers\FileHandler' driver.
INFO - 2022-06-30 08:36:35 --> CSRF cookie sent.
INFO - 2022-06-30 08:36:35 --> Session: Class initialized using 'CodeIgniter\Session\Handlers\FileHandler' driver.
INFO - 2022-06-30 08:36:36 --> CSRF cookie sent.
INFO - 2022-06-30 08:36:36 --> Session: Class initialized using 'CodeIgniter\Session\Handlers\FileHandler' driver.
INFO - 2022-06-30 08:36:38 --> CSRF cookie sent.
INFO - 2022-06-30 08:36:38 --> CSRF token verified.
INFO - 2022-06-30 08:36:38 --> Session: Class initialized using 'CodeIgniter\Session\Handlers\FileHandler' driver.
INFO - 2022-06-30 08:36:39 --> CSRF cookie sent.
INFO - 2022-06-30 08:36:39 --> Session: Class initialized using 'CodeIgniter\Session\Handlers\FileHandler' driver.
INFO - 2022-06-30 08:36:40 --> CSRF cookie sent.
INFO - 2022-06-30 08:36:40 --> Session: Class initialized using 'CodeIgniter\Session\Handlers\FileHandler' driver.
INFO - 2022-06-30 08:36:45 --> CSRF cookie sent.
INFO - 2022-06-30 08:36:45 --> CSRF token verified.
INFO - 2022-06-30 08:36:45 --> Session: Class initialized using 'CodeIgniter\Session\Handlers\FileHandler' driver.
INFO - 2022-06-30 08:36:45 --> CSRF cookie sent.
INFO - 2022-06-30 08:36:45 --> Session: Class initialized using 'CodeIgniter\Session\Handlers\FileHandler' driver.
INFO - 2022-06-30 08:36:46 --> CSRF cookie sent.
INFO - 2022-06-30 08:36:46 --> Session: Class initialized using 'CodeIgniter\Session\Handlers\FileHandler' driver.
INFO - 2022-06-30 08:36:50 --> CSRF cookie sent.
INFO - 2022-06-30 08:36:50 --> CSRF token verified.
INFO - 2022-06-30 08:36:50 --> Session: Class initialized using 'CodeIgniter\Session\Handlers\FileHandler' driver.
INFO - 2022-06-30 08:36:51 --> CSRF cookie sent.
INFO - 2022-06-30 08:36:51 --> Session: Class initialized using 'CodeIgniter\Session\Handlers\FileHandler' driver.
INFO - 2022-06-30 08:36:52 --> CSRF cookie sent.
INFO - 2022-06-30 08:36:52 --> Session: Class initialized using 'CodeIgniter\Session\Handlers\FileHandler' driver.
INFO - 2022-06-30 08:36:54 --> CSRF cookie sent.
INFO - 2022-06-30 08:36:54 --> CSRF token verified.
INFO - 2022-06-30 08:36:54 --> Session: Class initialized using 'CodeIgniter\Session\Handlers\FileHandler' driver.
INFO - 2022-06-30 08:36:55 --> CSRF cookie sent.
INFO - 2022-06-30 08:36:55 --> Session: Class initialized using 'CodeIgniter\Session\Handlers\FileHandler' driver.
INFO - 2022-06-30 08:36:55 --> CSRF cookie sent.
INFO - 2022-06-30 08:36:55 --> CSRF token verified.
INFO - 2022-06-30 08:36:55 --> CSRF cookie sent.
INFO - 2022-06-30 08:36:55 --> Session: Class initialized using 'CodeIgniter\Session\Handlers\FileHandler' driver.
INFO - 2022-06-30 08:36:55 --> Session: Class initialized using 'CodeIgniter\Session\Handlers\FileHandler' driver.
INFO - 2022-06-30 08:36:56 --> CSRF cookie sent.
INFO - 2022-06-30 08:36:56 --> Session: Class initialized using 'CodeIgniter\Session\Handlers\FileHandler' driver.
INFO - 2022-06-30 08:36:57 --> CSRF cookie sent.
INFO - 2022-06-30 08:36:57 --> Session: Class initialized using 'CodeIgniter\Session\Handlers\FileHandler' driver.
INFO - 2022-06-30 08:37:01 --> CSRF cookie sent.
INFO - 2022-06-30 08:37:01 --> CSRF token verified.
INFO - 2022-06-30 08:37:01 --> Session: Class initialized using 'CodeIgniter\Session\Handlers\FileHandler' driver.
INFO - 2022-06-30 08:37:01 --> CSRF cookie sent.
INFO - 2022-06-30 08:37:01 --> Session: Class initialized using 'CodeIgniter\Session\Handlers\FileHandler' driver.
INFO - 2022-06-30 08:37:02 --> CSRF cookie sent.
INFO - 2022-06-30 08:37:02 --> Session: Class initialized using 'CodeIgniter\Session\Handlers\FileHandler' driver.
INFO - 2022-06-30 08:37:06 --> CSRF cookie sent.
INFO - 2022-06-30 08:37:06 --> CSRF token verified.
INFO - 2022-06-30 08:37:06 --> Session: Class initialized using 'CodeIgniter\Session\Handlers\FileHandler' driver.
INFO - 2022-06-30 08:37:07 --> CSRF cookie sent.
INFO - 2022-06-30 08:37:07 --> Session: Class initialized using 'CodeIgniter\Session\Handlers\FileHandler' driver.
INFO - 2022-06-30 08:37:08 --> CSRF cookie sent.
INFO - 2022-06-30 08:37:08 --> Session: Class initialized using 'CodeIgniter\Session\Handlers\FileHandler' driver.
INFO - 2022-06-30 08:37:11 --> CSRF cookie sent.
INFO - 2022-06-30 08:37:11 --> CSRF token verified.
INFO - 2022-06-30 08:37:11 --> Session: Class initialized using 'CodeIgniter\Session\Handlers\FileHandler' driver.
INFO - 2022-06-30 08:37:11 --> CSRF cookie sent.
INFO - 2022-06-30 08:37:11 --> Session: Class initialized using 'CodeIgniter\Session\Handlers\FileHandler' driver.
INFO - 2022-06-30 08:37:12 --> CSRF cookie sent.
INFO - 2022-06-30 08:37:12 --> Session: Class initialized using 'CodeIgniter\Session\Handlers\FileHandler' driver.
INFO - 2022-06-30 08:37:14 --> CSRF cookie sent.
INFO - 2022-06-30 08:37:14 --> CSRF token verified.
INFO - 2022-06-30 08:37:14 --> Session: Class initialized using 'CodeIgniter\Session\Handlers\FileHandler' driver.
INFO - 2022-06-30 08:37:15 --> CSRF cookie sent.
INFO - 2022-06-30 08:37:15 --> Session: Class initialized using 'CodeIgniter\Session\Handlers\FileHandler' driver.
INFO - 2022-06-30 08:37:16 --> CSRF cookie sent.
INFO - 2022-06-30 08:37:16 --> Session: Class initialized using 'CodeIgniter\Session\Handlers\FileHandler' driver.
INFO - 2022-06-30 08:37:18 --> CSRF cookie sent.
INFO - 2022-06-30 08:37:18 --> CSRF token verified.
INFO - 2022-06-30 08:37:18 --> Session: Class initialized using 'CodeIgniter\Session\Handlers\FileHandler' driver.
INFO - 2022-06-30 08:37:19 --> CSRF cookie sent.
INFO - 2022-06-30 08:37:19 --> Session: Class initialized using 'CodeIgniter\Session\Handlers\FileHandler' driver.
INFO - 2022-06-30 08:37:20 --> CSRF cookie sent.
INFO - 2022-06-30 08:37:20 --> Session: Class initialized using 'CodeIgniter\Session\Handlers\FileHandler' driver.
INFO - 2022-06-30 08:37:23 --> CSRF cookie sent.
INFO - 2022-06-30 08:37:23 --> CSRF token verified.
INFO - 2022-06-30 08:37:23 --> Session: Class initialized using 'CodeIgniter\Session\Handlers\FileHandler' driver.
INFO - 2022-06-30 08:37:24 --> CSRF cookie sent.
INFO - 2022-06-30 08:37:24 --> Session: Class initialized using 'CodeIgniter\Session\Handlers\FileHandler' driver.
INFO - 2022-06-30 08:37:25 --> CSRF cookie sent.
INFO - 2022-06-30 08:37:25 --> Session: Class initialized using 'CodeIgniter\Session\Handlers\FileHandler' driver.
INFO - 2022-06-30 08:37:27 --> CSRF cookie sent.
INFO - 2022-06-30 08:37:27 --> CSRF token verified.
INFO - 2022-06-30 08:37:27 --> Session: Class initialized using 'CodeIgniter\Session\Handlers\FileHandler' driver.
INFO - 2022-06-30 08:37:28 --> CSRF cookie sent.
INFO - 2022-06-30 08:37:28 --> Session: Class initialized using 'CodeIgniter\Session\Handlers\FileHandler' driver.
INFO - 2022-06-30 08:37:28 --> CSRF cookie sent.
INFO - 2022-06-30 08:37:28 --> Session: Class initialized using 'CodeIgniter\Session\Handlers\FileHandler' driver.
INFO - 2022-06-30 08:37:33 --> CSRF cookie sent.
INFO - 2022-06-30 08:37:33 --> CSRF token verified.
INFO - 2022-06-30 08:37:33 --> Session: Class initialized using 'CodeIgniter\Session\Handlers\FileHandler' driver.
INFO - 2022-06-30 08:37:33 --> CSRF cookie sent.
INFO - 2022-06-30 08:37:33 --> Session: Class initialized using 'CodeIgniter\Session\Handlers\FileHandler' driver.
INFO - 2022-06-30 08:37:34 --> CSRF cookie sent.
INFO - 2022-06-30 08:37:34 --> Session: Class initialized using 'CodeIgniter\Session\Handlers\FileHandler' driver.
INFO - 2022-06-30 08:37:37 --> CSRF cookie sent.
INFO - 2022-06-30 08:37:37 --> CSRF token verified.
INFO - 2022-06-30 08:37:37 --> Session: Class initialized using 'CodeIgniter\Session\Handlers\FileHandler' driver.
INFO - 2022-06-30 08:37:38 --> CSRF cookie sent.
INFO - 2022-06-30 08:37:38 --> Session: Class initialized using 'CodeIgniter\Session\Handlers\FileHandler' driver.
INFO - 2022-06-30 08:37:39 --> CSRF cookie sent.
INFO - 2022-06-30 08:37:39 --> Session: Class initialized using 'CodeIgniter\Session\Handlers\FileHandler' driver.
INFO - 2022-06-30 08:37:43 --> CSRF cookie sent.
INFO - 2022-06-30 08:37:43 --> CSRF token verified.
INFO - 2022-06-30 08:37:43 --> Session: Class initialized using 'CodeIgniter\Session\Handlers\FileHandler' driver.
INFO - 2022-06-30 08:37:44 --> CSRF cookie sent.
INFO - 2022-06-30 08:37:44 --> Session: Class initialized using 'CodeIgniter\Session\Handlers\FileHandler' driver.
INFO - 2022-06-30 08:37:45 --> Session: Class initialized using 'CodeIgniter\Session\Handlers\FileHandler' driver.
INFO - 2022-06-30 08:37:45 --> CSRF cookie sent.
INFO - 2022-06-30 08:37:45 --> Session: Class initialized using 'CodeIgniter\Session\Handlers\FileHandler' driver.
CRITICAL - 2022-06-30 08:37:45 --> Argument 1 passed to CodeIgniter\HTTP\RedirectResponse::to() must be of the type string, null given, called in /home/apdwms/public_html/cella/Controllers/Pallets.php on line 592
#0 /home/apdwms/public_html/cella/Controllers/Pallets.php(592): CodeIgniter\HTTP\RedirectResponse->to()
#1 /home/apdwms/public_html/cella/Controllers/BaseController.php(532): CELLA\Controllers\Pallets->save()
#2 /home/apdwms/public_html/system/CodeIgniter.php(932): CELLA\Controllers\BaseController->_remap()
#3 /home/apdwms/public_html/system/CodeIgniter.php(432): CodeIgniter\CodeIgniter->runController()
#4 /home/apdwms/public_html/system/CodeIgniter.php(333): CodeIgniter\CodeIgniter->handleRequest()
#5 /home/apdwms/public_html/index.php(48): CodeIgniter\CodeIgniter->run()
#6 {main}
INFO - 2022-06-30 08:37:47 --> Session: Class initialized using 'CodeIgniter\Session\Handlers\FileHandler' driver.
INFO - 2022-06-30 08:37:47 --> CSRF cookie sent.
INFO - 2022-06-30 08:37:47 --> Session: Class initialized using 'CodeIgniter\Session\Handlers\FileHandler' driver.
CRITICAL - 2022-06-30 08:37:47 --> Argument 1 passed to CodeIgniter\HTTP\RedirectResponse::to() must be of the type string, null given, called in /home/apdwms/public_html/cella/Controllers/Pallets.php on line 592
#0 /home/apdwms/public_html/cella/Controllers/Pallets.php(592): CodeIgniter\HTTP\RedirectResponse->to()
#1 /home/apdwms/public_html/cella/Controllers/BaseController.php(532): CELLA\Controllers\Pallets->save()
#2 /home/apdwms/public_html/system/CodeIgniter.php(932): CELLA\Controllers\BaseController->_remap()
#3 /home/apdwms/public_html/system/CodeIgniter.php(432): CodeIgniter\CodeIgniter->runController()
#4 /home/apdwms/public_html/system/CodeIgniter.php(333): CodeIgniter\CodeIgniter->handleRequest()
#5 /home/apdwms/public_html/index.php(48): CodeIgniter\CodeIgniter->run()
#6 {main}
INFO - 2022-06-30 08:37:49 --> Session: Class initialized using 'CodeIgniter\Session\Handlers\FileHandler' driver.
INFO - 2022-06-30 08:37:52 --> Session: Class initialized using 'CodeIgniter\Session\Handlers\FileHandler' driver.
INFO - 2022-06-30 08:37:52 --> CSRF cookie sent.
INFO - 2022-06-30 08:37:52 --> Session: Class initialized using 'CodeIgniter\Session\Handlers\FileHandler' driver.
CRITICAL - 2022-06-30 08:37:52 --> Argument 1 passed to CodeIgniter\HTTP\RedirectResponse::to() must be of the type string, null given, called in /home/apdwms/public_html/cella/Controllers/Pallets.php on line 592
#0 /home/apdwms/public_html/cella/Controllers/Pallets.php(592): CodeIgniter\HTTP\RedirectResponse->to()
#1 /home/apdwms/public_html/cella/Controllers/BaseController.php(532): CELLA\Controllers\Pallets->save()
#2 /home/apdwms/public_html/system/CodeIgniter.php(932): CELLA\Controllers\BaseController->_remap()
#3 /home/apdwms/public_html/system/CodeIgniter.php(432): CodeIgniter\CodeIgniter->runController()
#4 /home/apdwms/public_html/system/CodeIgniter.php(333): CodeIgniter\CodeIgniter->handleRequest()
#5 /home/apdwms/public_html/index.php(48): CodeIgniter\CodeIgniter->run()
#6 {main}
INFO - 2022-06-30 08:37:53 --> Session: Class initialized using 'CodeIgniter\Session\Handlers\FileHandler' driver.
INFO - 2022-06-30 08:37:53 --> CSRF cookie sent.
INFO - 2022-06-30 08:37:53 --> Session: Class initialized using 'CodeIgniter\Session\Handlers\FileHandler' driver.
CRITICAL - 2022-06-30 08:37:53 --> Argument 1 passed to CodeIgniter\HTTP\RedirectResponse::to() must be of the type string, null given, called in /home/apdwms/public_html/cella/Controllers/Pallets.php on line 592
#0 /home/apdwms/public_html/cella/Controllers/Pallets.php(592): CodeIgniter\HTTP\RedirectResponse->to()
#1 /home/apdwms/public_html/cella/Controllers/BaseController.php(532): CELLA\Controllers\Pallets->save()
#2 /home/apdwms/public_html/system/CodeIgniter.php(932): CELLA\Controllers\BaseController->_remap()
#3 /home/apdwms/public_html/system/CodeIgniter.php(432): CodeIgniter\CodeIgniter->runController()
#4 /home/apdwms/public_html/system/CodeIgniter.php(333): CodeIgniter\CodeIgniter->handleRequest()
#5 /home/apdwms/public_html/index.php(48): CodeIgniter\CodeIgniter->run()
#6 {main}
INFO - 2022-06-30 08:37:54 --> CSRF cookie sent.
INFO - 2022-06-30 08:37:54 --> Session: Class initialized using 'CodeIgniter\Session\Handlers\FileHandler' driver.
INFO - 2022-06-30 08:37:57 --> CSRF cookie sent.
INFO - 2022-06-30 08:37:57 --> Session: Class initialized using 'CodeIgniter\Session\Handlers\FileHandler' driver.
INFO - 2022-06-30 08:37:58 --> CSRF cookie sent.
INFO - 2022-06-30 08:37:58 --> Session: Class initialized using 'CodeIgniter\Session\Handlers\FileHandler' driver.
INFO - 2022-06-30 08:38:00 --> CSRF cookie sent.
INFO - 2022-06-30 08:38:00 --> Session: Class initialized using 'CodeIgniter\Session\Handlers\FileHandler' driver.
INFO - 2022-06-30 08:38:01 --> CSRF cookie sent.
INFO - 2022-06-30 08:38:01 --> Session: Class initialized using 'CodeIgniter\Session\Handlers\FileHandler' driver.
INFO - 2022-06-30 08:38:03 --> CSRF cookie sent.
INFO - 2022-06-30 08:38:03 --> Session: Class initialized using 'CodeIgniter\Session\Handlers\FileHandler' driver.
INFO - 2022-06-30 08:38:04 --> CSRF cookie sent.
INFO - 2022-06-30 08:38:04 --> Session: Class initialized using 'CodeIgniter\Session\Handlers\FileHandler' driver.
INFO - 2022-06-30 08:38:10 --> CSRF cookie sent.
INFO - 2022-06-30 08:38:10 --> CSRF token verified.
INFO - 2022-06-30 08:38:10 --> Session: Class initialized using 'CodeIgniter\Session\Handlers\FileHandler' driver.
INFO - 2022-06-30 08:38:11 --> CSRF cookie sent.
INFO - 2022-06-30 08:38:11 --> Session: Class initialized using 'CodeIgniter\Session\Handlers\FileHandler' driver.
INFO - 2022-06-30 08:38:12 --> CSRF cookie sent.
INFO - 2022-06-30 08:38:12 --> Session: Class initialized using 'CodeIgniter\Session\Handlers\FileHandler' driver.
INFO - 2022-06-30 08:38:16 --> CSRF cookie sent.
INFO - 2022-06-30 08:38:16 --> CSRF token verified.
INFO - 2022-06-30 08:38:16 --> Session: Class initialized using 'CodeIgniter\Session\Handlers\FileHandler' driver.
INFO - 2022-06-30 08:38:17 --> CSRF cookie sent.
INFO - 2022-06-30 08:38:17 --> Session: Class initialized using 'CodeIgniter\Session\Handlers\FileHandler' driver.
INFO - 2022-06-30 08:38:18 --> CSRF cookie sent.
INFO - 2022-06-30 08:38:18 --> Session: Class initialized using 'CodeIgniter\Session\Handlers\FileHandler' driver.
INFO - 2022-06-30 08:38:22 --> CSRF cookie sent.
INFO - 2022-06-30 08:38:22 --> CSRF token verified.
INFO - 2022-06-30 08:38:22 --> Session: Class initialized using 'CodeIgniter\Session\Handlers\FileHandler' driver.
INFO - 2022-06-30 08:38:23 --> CSRF cookie sent.
INFO - 2022-06-30 08:38:23 --> Session: Class initialized using 'CodeIgniter\Session\Handlers\FileHandler' driver.
INFO - 2022-06-30 08:38:23 --> CSRF cookie sent.
INFO - 2022-06-30 08:38:23 --> Session: Class initialized using 'CodeIgniter\Session\Handlers\FileHandler' driver.
INFO - 2022-06-30 08:38:27 --> CSRF cookie sent.
INFO - 2022-06-30 08:38:27 --> CSRF token verified.
INFO - 2022-06-30 08:38:27 --> Session: Class initialized using 'CodeIgniter\Session\Handlers\FileHandler' driver.
INFO - 2022-06-30 08:38:28 --> CSRF cookie sent.
INFO - 2022-06-30 08:38:28 --> Session: Class initialized using 'CodeIgniter\Session\Handlers\FileHandler' driver.
INFO - 2022-06-30 08:38:28 --> CSRF cookie sent.
INFO - 2022-06-30 08:38:28 --> Session: Class initialized using 'CodeIgniter\Session\Handlers\FileHandler' driver.
INFO - 2022-06-30 08:38:33 --> CSRF cookie sent.
INFO - 2022-06-30 08:38:33 --> CSRF token verified.
INFO - 2022-06-30 08:38:33 --> Session: Class initialized using 'CodeIgniter\Session\Handlers\FileHandler' driver.
INFO - 2022-06-30 08:38:34 --> CSRF cookie sent.
INFO - 2022-06-30 08:38:34 --> Session: Class initialized using 'CodeIgniter\Session\Handlers\FileHandler' driver.
INFO - 2022-06-30 08:38:35 --> CSRF cookie sent.
INFO - 2022-06-30 08:38:35 --> Session: Class initialized using 'CodeIgniter\Session\Handlers\FileHandler' driver.
INFO - 2022-06-30 08:38:38 --> CSRF cookie sent.
INFO - 2022-06-30 08:38:38 --> CSRF token verified.
INFO - 2022-06-30 08:38:38 --> Session: Class initialized using 'CodeIgniter\Session\Handlers\FileHandler' driver.
INFO - 2022-06-30 08:38:39 --> CSRF cookie sent.
INFO - 2022-06-30 08:38:39 --> Session: Class initialized using 'CodeIgniter\Session\Handlers\FileHandler' driver.
INFO - 2022-06-30 08:38:40 --> CSRF cookie sent.
INFO - 2022-06-30 08:38:40 --> Session: Class initialized using 'CodeIgniter\Session\Handlers\FileHandler' driver.
INFO - 2022-06-30 08:38:45 --> CSRF cookie sent.
INFO - 2022-06-30 08:38:45 --> CSRF token verified.
INFO - 2022-06-30 08:38:45 --> Session: Class initialized using 'CodeIgniter\Session\Handlers\FileHandler' driver.
INFO - 2022-06-30 08:38:45 --> CSRF cookie sent.
INFO - 2022-06-30 08:38:45 --> Session: Class initialized using 'CodeIgniter\Session\Handlers\FileHandler' driver.
INFO - 2022-06-30 08:38:46 --> CSRF cookie sent.
INFO - 2022-06-30 08:38:46 --> Session: Class initialized using 'CodeIgniter\Session\Handlers\FileHandler' driver.
INFO - 2022-06-30 08:38:50 --> CSRF cookie sent.
INFO - 2022-06-30 08:38:50 --> CSRF token verified.
INFO - 2022-06-30 08:38:50 --> Session: Class initialized using 'CodeIgniter\Session\Handlers\FileHandler' driver.
INFO - 2022-06-30 08:38:51 --> CSRF cookie sent.
INFO - 2022-06-30 08:38:51 --> Session: Class initialized using 'CodeIgniter\Session\Handlers\FileHandler' driver.
INFO - 2022-06-30 08:38:51 --> CSRF cookie sent.
INFO - 2022-06-30 08:38:51 --> Session: Class initialized using 'CodeIgniter\Session\Handlers\FileHandler' driver.
INFO - 2022-06-30 08:38:55 --> CSRF cookie sent.
INFO - 2022-06-30 08:38:55 --> CSRF token verified.
INFO - 2022-06-30 08:38:55 --> Session: Class initialized using 'CodeIgniter\Session\Handlers\FileHandler' driver.
INFO - 2022-06-30 08:38:56 --> CSRF cookie sent.
INFO - 2022-06-30 08:38:56 --> Session: Class initialized using 'CodeIgniter\Session\Handlers\FileHandler' driver.
INFO - 2022-06-30 08:38:57 --> CSRF cookie sent.
INFO - 2022-06-30 08:38:57 --> Session: Class initialized using 'CodeIgniter\Session\Handlers\FileHandler' driver.
INFO - 2022-06-30 08:39:02 --> CSRF cookie sent.
INFO - 2022-06-30 08:39:02 --> CSRF token verified.
INFO - 2022-06-30 08:39:02 --> Session: Class initialized using 'CodeIgniter\Session\Handlers\FileHandler' driver.
INFO - 2022-06-30 08:39:03 --> CSRF cookie sent.
INFO - 2022-06-30 08:39:03 --> Session: Class initialized using 'CodeIgniter\Session\Handlers\FileHandler' driver.
INFO - 2022-06-30 08:39:03 --> CSRF cookie sent.
INFO - 2022-06-30 08:39:03 --> Session: Class initialized using 'CodeIgniter\Session\Handlers\FileHandler' driver.
INFO - 2022-06-30 08:39:08 --> CSRF cookie sent.
INFO - 2022-06-30 08:39:08 --> CSRF token verified.
INFO - 2022-06-30 08:39:08 --> Session: Class initialized using 'CodeIgniter\Session\Handlers\FileHandler' driver.
INFO - 2022-06-30 08:39:08 --> CSRF cookie sent.
INFO - 2022-06-30 08:39:08 --> Session: Class initialized using 'CodeIgniter\Session\Handlers\FileHandler' driver.
INFO - 2022-06-30 08:39:09 --> CSRF cookie sent.
INFO - 2022-06-30 08:39:09 --> Session: Class initialized using 'CodeIgniter\Session\Handlers\FileHandler' driver.
INFO - 2022-06-30 08:45:42 --> CSRF cookie sent.
INFO - 2022-06-30 08:45:42 --> Session: Class initialized using 'CodeIgniter\Session\Handlers\FileHandler' driver.
INFO - 2022-06-30 08:45:43 --> CSRF cookie sent.
INFO - 2022-06-30 08:45:43 --> Session: Class initialized using 'CodeIgniter\Session\Handlers\FileHandler' driver.
INFO - 2022-06-30 08:49:29 --> CSRF cookie sent.
INFO - 2022-06-30 08:49:29 --> CSRF token verified.
INFO - 2022-06-30 08:49:29 --> Session: Class initialized using 'CodeIgniter\Session\Handlers\FileHandler' driver.
INFO - 2022-06-30 08:49:30 --> CSRF cookie sent.
INFO - 2022-06-30 08:49:30 --> Session: Class initialized using 'CodeIgniter\Session\Handlers\FileHandler' driver.
INFO - 2022-06-30 08:49:31 --> CSRF cookie sent.
INFO - 2022-06-30 08:49:31 --> Session: Class initialized using 'CodeIgniter\Session\Handlers\FileHandler' driver.
INFO - 2022-06-30 08:49:54 --> CSRF cookie sent.
INFO - 2022-06-30 08:49:54 --> CSRF token verified.
INFO - 2022-06-30 08:49:54 --> Session: Class initialized using 'CodeIgniter\Session\Handlers\FileHandler' driver.
INFO - 2022-06-30 08:49:55 --> CSRF cookie sent.
INFO - 2022-06-30 08:49:55 --> Session: Class initialized using 'CodeIgniter\Session\Handlers\FileHandler' driver.
INFO - 2022-06-30 08:49:56 --> CSRF cookie sent.
INFO - 2022-06-30 08:49:56 --> Session: Class initialized using 'CodeIgniter\Session\Handlers\FileHandler' driver.
INFO - 2022-06-30 08:51:25 --> CSRF cookie sent.
INFO - 2022-06-30 08:51:25 --> Session: Class initialized using 'CodeIgniter\Session\Handlers\FileHandler' driver.
INFO - 2022-06-30 08:51:26 --> CSRF cookie sent.
INFO - 2022-06-30 08:51:26 --> Session: Class initialized using 'CodeIgniter\Session\Handlers\FileHandler' driver.
INFO - 2022-06-30 08:51:40 --> CSRF cookie sent.
INFO - 2022-06-30 08:51:40 --> CSRF token verified.
INFO - 2022-06-30 08:51:40 --> Session: Class initialized using 'CodeIgniter\Session\Handlers\FileHandler' driver.
INFO - 2022-06-30 08:51:41 --> CSRF cookie sent.
INFO - 2022-06-30 08:51:41 --> Session: Class initialized using 'CodeIgniter\Session\Handlers\FileHandler' driver.
INFO - 2022-06-30 08:51:42 --> CSRF cookie sent.
INFO - 2022-06-30 08:51:42 --> Session: Class initialized using 'CodeIgniter\Session\Handlers\FileHandler' driver.
INFO - 2022-06-30 08:53:00 --> CSRF cookie sent.
INFO - 2022-06-30 08:53:00 --> CSRF token verified.
INFO - 2022-06-30 08:53:00 --> Session: Class initialized using 'CodeIgniter\Session\Handlers\FileHandler' driver.
INFO - 2022-06-30 08:53:01 --> CSRF cookie sent.
INFO - 2022-06-30 08:53:01 --> Session: Class initialized using 'CodeIgniter\Session\Handlers\FileHandler' driver.
INFO - 2022-06-30 08:53:02 --> CSRF cookie sent.
INFO - 2022-06-30 08:53:02 --> Session: Class initialized using 'CodeIgniter\Session\Handlers\FileHandler' driver.
INFO - 2022-06-30 08:53:05 --> CSRF cookie sent.
INFO - 2022-06-30 08:53:05 --> CSRF token verified.
INFO - 2022-06-30 08:53:05 --> Session: Class initialized using 'CodeIgniter\Session\Handlers\FileHandler' driver.
INFO - 2022-06-30 08:53:06 --> CSRF cookie sent.
INFO - 2022-06-30 08:53:06 --> Session: Class initialized using 'CodeIgniter\Session\Handlers\FileHandler' driver.
INFO - 2022-06-30 08:53:07 --> CSRF cookie sent.
INFO - 2022-06-30 08:53:07 --> Session: Class initialized using 'CodeIgniter\Session\Handlers\FileHandler' driver.
INFO - 2022-06-30 08:55:41 --> CSRF cookie sent.
INFO - 2022-06-30 08:55:41 --> CSRF token verified.
INFO - 2022-06-30 08:55:41 --> Session: Class initialized using 'CodeIgniter\Session\Handlers\FileHandler' driver.
INFO - 2022-06-30 08:55:42 --> CSRF cookie sent.
INFO - 2022-06-30 08:55:42 --> Session: Class initialized using 'CodeIgniter\Session\Handlers\FileHandler' driver.
INFO - 2022-06-30 08:55:43 --> CSRF cookie sent.
INFO - 2022-06-30 08:55:43 --> Session: Class initialized using 'CodeIgniter\Session\Handlers\FileHandler' driver.
INFO - 2022-06-30 08:56:46 --> CSRF cookie sent.
INFO - 2022-06-30 08:56:46 --> CSRF token verified.
INFO - 2022-06-30 08:56:46 --> Session: Class initialized using 'CodeIgniter\Session\Handlers\FileHandler' driver.
INFO - 2022-06-30 08:56:47 --> CSRF cookie sent.
INFO - 2022-06-30 08:56:47 --> Session: Class initialized using 'CodeIgniter\Session\Handlers\FileHandler' driver.
INFO - 2022-06-30 08:56:47 --> CSRF cookie sent.
INFO - 2022-06-30 08:56:47 --> Session: Class initialized using 'CodeIgniter\Session\Handlers\FileHandler' driver.
INFO - 2022-06-30 08:58:25 --> CSRF cookie sent.
INFO - 2022-06-30 08:58:25 --> CSRF token verified.
INFO - 2022-06-30 08:58:25 --> Session: Class initialized using 'CodeIgniter\Session\Handlers\FileHandler' driver.
INFO - 2022-06-30 08:58:25 --> CSRF cookie sent.
INFO - 2022-06-30 08:58:25 --> Session: Class initialized using 'CodeIgniter\Session\Handlers\FileHandler' driver.
INFO - 2022-06-30 08:58:26 --> CSRF cookie sent.
INFO - 2022-06-30 08:58:26 --> Session: Class initialized using 'CodeIgniter\Session\Handlers\FileHandler' driver.
INFO - 2022-06-30 09:00:34 --> CSRF cookie sent.
INFO - 2022-06-30 09:00:34 --> CSRF token verified.
INFO - 2022-06-30 09:00:34 --> Session: Class initialized using 'CodeIgniter\Session\Handlers\FileHandler' driver.
INFO - 2022-06-30 09:00:34 --> CSRF cookie sent.
INFO - 2022-06-30 09:00:34 --> Session: Class initialized using 'CodeIgniter\Session\Handlers\FileHandler' driver.
INFO - 2022-06-30 09:00:35 --> CSRF cookie sent.
INFO - 2022-06-30 09:00:35 --> Session: Class initialized using 'CodeIgniter\Session\Handlers\FileHandler' driver.
INFO - 2022-06-30 09:04:21 --> CSRF cookie sent.
INFO - 2022-06-30 09:04:21 --> CSRF token verified.
INFO - 2022-06-30 09:04:21 --> Session: Class initialized using 'CodeIgniter\Session\Handlers\FileHandler' driver.
INFO - 2022-06-30 09:04:21 --> CSRF cookie sent.
INFO - 2022-06-30 09:04:21 --> Session: Class initialized using 'CodeIgniter\Session\Handlers\FileHandler' driver.
INFO - 2022-06-30 09:04:22 --> CSRF cookie sent.
INFO - 2022-06-30 09:04:22 --> Session: Class initialized using 'CodeIgniter\Session\Handlers\FileHandler' driver.
INFO - 2022-06-30 09:04:49 --> CSRF cookie sent.
INFO - 2022-06-30 09:04:49 --> CSRF token verified.
INFO - 2022-06-30 09:04:49 --> Session: Class initialized using 'CodeIgniter\Session\Handlers\FileHandler' driver.
INFO - 2022-06-30 09:04:50 --> CSRF cookie sent.
INFO - 2022-06-30 09:04:50 --> Session: Class initialized using 'CodeIgniter\Session\Handlers\FileHandler' driver.
INFO - 2022-06-30 09:04:51 --> CSRF cookie sent.
INFO - 2022-06-30 09:04:51 --> Session: Class initialized using 'CodeIgniter\Session\Handlers\FileHandler' driver.
INFO - 2022-06-30 09:38:31 --> CSRF cookie sent.
INFO - 2022-06-30 09:38:31 --> CSRF token verified.
INFO - 2022-06-30 09:38:31 --> Session: Class initialized using 'CodeIgniter\Session\Handlers\FileHandler' driver.
INFO - 2022-06-30 09:38:31 --> CSRF cookie sent.
INFO - 2022-06-30 09:38:31 --> Session: Class initialized using 'CodeIgniter\Session\Handlers\FileHandler' driver.
INFO - 2022-06-30 09:38:33 --> CSRF cookie sent.
INFO - 2022-06-30 09:38:33 --> Session: Class initialized using 'CodeIgniter\Session\Handlers\FileHandler' driver.
INFO - 2022-06-30 09:39:40 --> CSRF cookie sent.
INFO - 2022-06-30 09:39:40 --> CSRF token verified.
INFO - 2022-06-30 09:39:40 --> Session: Class initialized using 'CodeIgniter\Session\Handlers\FileHandler' driver.
INFO - 2022-06-30 09:39:41 --> CSRF cookie sent.
INFO - 2022-06-30 09:39:41 --> Session: Class initialized using 'CodeIgniter\Session\Handlers\FileHandler' driver.
INFO - 2022-06-30 09:39:42 --> CSRF cookie sent.
INFO - 2022-06-30 09:39:42 --> Session: Class initialized using 'CodeIgniter\Session\Handlers\FileHandler' driver.
INFO - 2022-06-30 09:39:46 --> CSRF cookie sent.
INFO - 2022-06-30 09:39:46 --> CSRF token verified.
INFO - 2022-06-30 09:39:46 --> Session: Class initialized using 'CodeIgniter\Session\Handlers\FileHandler' driver.
INFO - 2022-06-30 09:39:46 --> CSRF cookie sent.
INFO - 2022-06-30 09:39:46 --> Session: Class initialized using 'CodeIgniter\Session\Handlers\FileHandler' driver.
INFO - 2022-06-30 09:39:47 --> CSRF cookie sent.
INFO - 2022-06-30 09:39:47 --> Session: Class initialized using 'CodeIgniter\Session\Handlers\FileHandler' driver.
INFO - 2022-06-30 09:40:42 --> CSRF cookie sent.
INFO - 2022-06-30 09:40:42 --> CSRF token verified.
INFO - 2022-06-30 09:40:42 --> Session: Class initialized using 'CodeIgniter\Session\Handlers\FileHandler' driver.
INFO - 2022-06-30 09:40:43 --> CSRF cookie sent.
INFO - 2022-06-30 09:40:43 --> Session: Class initialized using 'CodeIgniter\Session\Handlers\FileHandler' driver.
INFO - 2022-06-30 09:40:43 --> CSRF cookie sent.
INFO - 2022-06-30 09:40:43 --> Session: Class initialized using 'CodeIgniter\Session\Handlers\FileHandler' driver.
INFO - 2022-06-30 09:41:43 --> CSRF cookie sent.
INFO - 2022-06-30 09:41:43 --> CSRF token verified.
INFO - 2022-06-30 09:41:43 --> Session: Class initialized using 'CodeIgniter\Session\Handlers\FileHandler' driver.
INFO - 2022-06-30 09:41:44 --> CSRF cookie sent.
INFO - 2022-06-30 09:41:44 --> Session: Class initialized using 'CodeIgniter\Session\Handlers\FileHandler' driver.
INFO - 2022-06-30 09:41:44 --> CSRF cookie sent.
INFO - 2022-06-30 09:41:44 --> Session: Class initialized using 'CodeIgniter\Session\Handlers\FileHandler' driver.
INFO - 2022-06-30 09:42:36 --> CSRF cookie sent.
INFO - 2022-06-30 09:42:36 --> CSRF token verified.
INFO - 2022-06-30 09:42:36 --> Session: Class initialized using 'CodeIgniter\Session\Handlers\FileHandler' driver.
INFO - 2022-06-30 09:42:37 --> CSRF cookie sent.
INFO - 2022-06-30 09:42:37 --> Session: Class initialized using 'CodeIgniter\Session\Handlers\FileHandler' driver.
INFO - 2022-06-30 09:42:38 --> CSRF cookie sent.
INFO - 2022-06-30 09:42:38 --> Session: Class initialized using 'CodeIgniter\Session\Handlers\FileHandler' driver.
INFO - 2022-06-30 09:44:02 --> CSRF cookie sent.
INFO - 2022-06-30 09:44:02 --> CSRF token verified.
INFO - 2022-06-30 09:44:02 --> Session: Class initialized using 'CodeIgniter\Session\Handlers\FileHandler' driver.
INFO - 2022-06-30 09:44:02 --> CSRF cookie sent.
INFO - 2022-06-30 09:44:02 --> Session: Class initialized using 'CodeIgniter\Session\Handlers\FileHandler' driver.
INFO - 2022-06-30 09:44:04 --> CSRF cookie sent.
INFO - 2022-06-30 09:44:04 --> Session: Class initialized using 'CodeIgniter\Session\Handlers\FileHandler' driver.
INFO - 2022-06-30 09:45:22 --> CSRF cookie sent.
INFO - 2022-06-30 09:45:22 --> CSRF token verified.
INFO - 2022-06-30 09:45:22 --> Session: Class initialized using 'CodeIgniter\Session\Handlers\FileHandler' driver.
INFO - 2022-06-30 09:45:23 --> CSRF cookie sent.
INFO - 2022-06-30 09:45:23 --> Session: Class initialized using 'CodeIgniter\Session\Handlers\FileHandler' driver.
INFO - 2022-06-30 09:45:23 --> CSRF cookie sent.
INFO - 2022-06-30 09:45:23 --> Session: Class initialized using 'CodeIgniter\Session\Handlers\FileHandler' driver.
INFO - 2022-06-30 11:25:46 --> Session: Class initialized using 'CodeIgniter\Session\Handlers\FileHandler' driver.
INFO - 2022-06-30 11:25:46 --> CSRF cookie sent.
INFO - 2022-06-30 11:25:46 --> Session: Class initialized using 'CodeIgniter\Session\Handlers\FileHandler' driver.
INFO - 2022-06-30 11:25:46 --> CSRF cookie sent.
INFO - 2022-06-30 11:25:46 --> Session: Class initialized using 'CodeIgniter\Session\Handlers\FileHandler' driver.
INFO - 2022-06-30 13:26:23 --> Session: Class initialized using 'CodeIgniter\Session\Handlers\FileHandler' driver.
INFO - 2022-06-30 13:26:23 --> CSRF cookie sent.
INFO - 2022-06-30 13:26:23 --> Session: Class initialized using 'CodeIgniter\Session\Handlers\FileHandler' driver.
INFO - 2022-06-30 13:26:24 --> CSRF cookie sent.
INFO - 2022-06-30 13:26:24 --> Session: Class initialized using 'CodeIgniter\Session\Handlers\FileHandler' driver.
INFO - 2022-06-30 13:26:36 --> CSRF cookie sent.
INFO - 2022-06-30 13:26:36 --> CSRF token verified.
INFO - 2022-06-30 13:26:36 --> Session: Class initialized using 'CodeIgniter\Session\Handlers\FileHandler' driver.
INFO - 2022-06-30 13:26:36 --> CSRF cookie sent.
INFO - 2022-06-30 13:26:36 --> Session: Class initialized using 'CodeIgniter\Session\Handlers\FileHandler' driver.
INFO - 2022-06-30 13:26:37 --> CSRF cookie sent.
INFO - 2022-06-30 13:26:37 --> Session: Class initialized using 'CodeIgniter\Session\Handlers\FileHandler' driver.
INFO - 2022-06-30 13:26:37 --> CSRF cookie sent.
INFO - 2022-06-30 13:26:37 --> Session: Class initialized using 'CodeIgniter\Session\Handlers\FileHandler' driver.
INFO - 2022-06-30 13:26:55 --> CSRF cookie sent.
INFO - 2022-06-30 13:26:55 --> Session: Class initialized using 'CodeIgniter\Session\Handlers\FileHandler' driver.
INFO - 2022-06-30 13:26:55 --> CSRF cookie sent.
INFO - 2022-06-30 13:26:55 --> Session: Class initialized using 'CodeIgniter\Session\Handlers\FileHandler' driver.
INFO - 2022-06-30 13:26:56 --> CSRF cookie sent.
INFO - 2022-06-30 13:26:56 --> Session: Class initialized using 'CodeIgniter\Session\Handlers\FileHandler' driver.
INFO - 2022-06-30 13:27:00 --> CSRF cookie sent.
INFO - 2022-06-30 13:27:00 --> Session: Class initialized using 'CodeIgniter\Session\Handlers\FileHandler' driver.
INFO - 2022-06-30 13:27:00 --> CSRF cookie sent.
INFO - 2022-06-30 13:27:00 --> Session: Class initialized using 'CodeIgniter\Session\Handlers\FileHandler' driver.
INFO - 2022-06-30 13:27:04 --> CSRF cookie sent.
INFO - 2022-06-30 13:27:04 --> Session: Class initialized using 'CodeIgniter\Session\Handlers\FileHandler' driver.
INFO - 2022-06-30 13:27:04 --> CSRF cookie sent.
INFO - 2022-06-30 13:27:04 --> Session: Class initialized using 'CodeIgniter\Session\Handlers\FileHandler' driver.
INFO - 2022-06-30 13:27:08 --> CSRF cookie sent.
INFO - 2022-06-30 13:27:08 --> Session: Class initialized using 'CodeIgniter\Session\Handlers\FileHandler' driver.
INFO - 2022-06-30 13:27:37 --> CSRF cookie sent.
INFO - 2022-06-30 13:27:37 --> CSRF token verified.
INFO - 2022-06-30 13:27:37 --> Session: Class initialized using 'CodeIgniter\Session\Handlers\FileHandler' driver.
INFO - 2022-06-30 13:27:38 --> CSRF cookie sent.
INFO - 2022-06-30 13:27:38 --> Session: Class initialized using 'CodeIgniter\Session\Handlers\FileHandler' driver.
INFO - 2022-06-30 13:27:39 --> CSRF cookie sent.
INFO - 2022-06-30 13:27:39 --> Session: Class initialized using 'CodeIgniter\Session\Handlers\FileHandler' driver.
INFO - 2022-06-30 13:27:40 --> CSRF cookie sent.
INFO - 2022-06-30 13:27:40 --> Session: Class initialized using 'CodeIgniter\Session\Handlers\FileHandler' driver.
INFO - 2022-06-30 13:27:40 --> CSRF cookie sent.
INFO - 2022-06-30 13:27:40 --> Session: Class initialized using 'CodeIgniter\Session\Handlers\FileHandler' driver.
INFO - 2022-06-30 13:27:41 --> CSRF cookie sent.
INFO - 2022-06-30 13:27:41 --> Session: Class initialized using 'CodeIgniter\Session\Handlers\FileHandler' driver.
INFO - 2022-06-30 13:27:42 --> CSRF cookie sent.
INFO - 2022-06-30 13:27:42 --> Session: Class initialized using 'CodeIgniter\Session\Handlers\FileHandler' driver.
INFO - 2022-06-30 13:27:54 --> CSRF cookie sent.
INFO - 2022-06-30 13:27:54 --> Session: Class initialized using 'CodeIgniter\Session\Handlers\FileHandler' driver.
INFO - 2022-06-30 13:27:55 --> CSRF cookie sent.
INFO - 2022-06-30 13:27:55 --> Session: Class initialized using 'CodeIgniter\Session\Handlers\FileHandler' driver.
INFO - 2022-06-30 13:27:55 --> CSRF cookie sent.
INFO - 2022-06-30 13:27:55 --> Session: Class initialized using 'CodeIgniter\Session\Handlers\FileHandler' driver.
INFO - 2022-06-30 13:28:01 --> CSRF cookie sent.
INFO - 2022-06-30 13:28:01 --> CSRF token verified.
INFO - 2022-06-30 13:28:01 --> Session: Class initialized using 'CodeIgniter\Session\Handlers\FileHandler' driver.
INFO - 2022-06-30 13:28:02 --> CSRF cookie sent.
INFO - 2022-06-30 13:28:02 --> Session: Class initialized using 'CodeIgniter\Session\Handlers\FileHandler' driver.
INFO - 2022-06-30 13:28:02 --> CSRF cookie sent.
INFO - 2022-06-30 13:28:02 --> Session: Class initialized using 'CodeIgniter\Session\Handlers\FileHandler' driver.
INFO - 2022-06-30 13:28:03 --> CSRF cookie sent.
INFO - 2022-06-30 13:28:03 --> Session: Class initialized using 'CodeIgniter\Session\Handlers\FileHandler' driver.
INFO - 2022-06-30 13:28:06 --> CSRF cookie sent.
INFO - 2022-06-30 13:28:06 --> Session: Class initialized using 'CodeIgniter\Session\Handlers\FileHandler' driver.
INFO - 2022-06-30 13:28:07 --> CSRF cookie sent.
INFO - 2022-06-30 13:28:07 --> Session: Class initialized using 'CodeIgniter\Session\Handlers\FileHandler' driver.
INFO - 2022-06-30 13:28:07 --> CSRF cookie sent.
INFO - 2022-06-30 13:28:07 --> Session: Class initialized using 'CodeIgniter\Session\Handlers\FileHandler' driver.
INFO - 2022-06-30 13:28:13 --> CSRF cookie sent.
INFO - 2022-06-30 13:28:13 --> Session: Class initialized using 'CodeIgniter\Session\Handlers\FileHandler' driver.
INFO - 2022-06-30 13:28:13 --> CSRF cookie sent.
INFO - 2022-06-30 13:28:13 --> Session: Class initialized using 'CodeIgniter\Session\Handlers\FileHandler' driver.
INFO - 2022-06-30 13:28:14 --> CSRF cookie sent.
INFO - 2022-06-30 13:28:14 --> Session: Class initialized using 'CodeIgniter\Session\Handlers\FileHandler' driver.
INFO - 2022-06-30 13:28:17 --> CSRF cookie sent.
INFO - 2022-06-30 13:28:17 --> Session: Class initialized using 'CodeIgniter\Session\Handlers\FileHandler' driver.
INFO - 2022-06-30 13:28:20 --> CSRF cookie sent.
INFO - 2022-06-30 13:28:20 --> Session: Class initialized using 'CodeIgniter\Session\Handlers\FileHandler' driver.
INFO - 2022-06-30 13:28:20 --> CSRF cookie sent.
INFO - 2022-06-30 13:28:20 --> Session: Class initialized using 'CodeIgniter\Session\Handlers\FileHandler' driver.
INFO - 2022-06-30 13:29:17 --> CSRF cookie sent.
INFO - 2022-06-30 13:29:17 --> CSRF token verified.
INFO - 2022-06-30 13:29:17 --> Session: Class initialized using 'CodeIgniter\Session\Handlers\FileHandler' driver.
INFO - 2022-06-30 13:29:17 --> CSRF cookie sent.
INFO - 2022-06-30 13:29:17 --> Session: Class initialized using 'CodeIgniter\Session\Handlers\FileHandler' driver.
INFO - 2022-06-30 13:29:18 --> CSRF cookie sent.
INFO - 2022-06-30 13:29:18 --> Session: Class initialized using 'CodeIgniter\Session\Handlers\FileHandler' driver.
INFO - 2022-06-30 13:29:18 --> CSRF cookie sent.
INFO - 2022-06-30 13:29:18 --> Session: Class initialized using 'CodeIgniter\Session\Handlers\FileHandler' driver.
INFO - 2022-06-30 13:29:19 --> CSRF cookie sent.
INFO - 2022-06-30 13:29:19 --> Session: Class initialized using 'CodeIgniter\Session\Handlers\FileHandler' driver.
INFO - 2022-06-30 13:29:19 --> CSRF cookie sent.
INFO - 2022-06-30 13:29:19 --> Session: Class initialized using 'CodeIgniter\Session\Handlers\FileHandler' driver.
INFO - 2022-06-30 13:29:20 --> CSRF cookie sent.
INFO - 2022-06-30 13:29:20 --> Session: Class initialized using 'CodeIgniter\Session\Handlers\FileHandler' driver.
INFO - 2022-06-30 13:29:31 --> CSRF cookie sent.
INFO - 2022-06-30 13:29:31 --> Session: Class initialized using 'CodeIgniter\Session\Handlers\FileHandler' driver.
INFO - 2022-06-30 13:29:31 --> CSRF cookie sent.
INFO - 2022-06-30 13:29:31 --> Session: Class initialized using 'CodeIgniter\Session\Handlers\FileHandler' driver.
INFO - 2022-06-30 13:29:32 --> CSRF cookie sent.
INFO - 2022-06-30 13:29:32 --> Session: Class initialized using 'CodeIgniter\Session\Handlers\FileHandler' driver.
INFO - 2022-06-30 13:34:24 --> CSRF cookie sent.
INFO - 2022-06-30 13:34:24 --> CSRF token verified.
INFO - 2022-06-30 13:34:24 --> Session: Class initialized using 'CodeIgniter\Session\Handlers\FileHandler' driver.
INFO - 2022-06-30 13:34:25 --> CSRF cookie sent.
INFO - 2022-06-30 13:34:25 --> Session: Class initialized using 'CodeIgniter\Session\Handlers\FileHandler' driver.
INFO - 2022-06-30 13:34:26 --> CSRF cookie sent.
INFO - 2022-06-30 13:34:26 --> Session: Class initialized using 'CodeIgniter\Session\Handlers\FileHandler' driver.
INFO - 2022-06-30 13:34:26 --> CSRF cookie sent.
INFO - 2022-06-30 13:34:26 --> Session: Class initialized using 'CodeIgniter\Session\Handlers\FileHandler' driver.
INFO - 2022-06-30 13:34:28 --> CSRF cookie sent.
INFO - 2022-06-30 13:34:28 --> Session: Class initialized using 'CodeIgniter\Session\Handlers\FileHandler' driver.
INFO - 2022-06-30 13:34:28 --> CSRF cookie sent.
INFO - 2022-06-30 13:34:28 --> Session: Class initialized using 'CodeIgniter\Session\Handlers\FileHandler' driver.
INFO - 2022-06-30 13:34:29 --> CSRF cookie sent.
INFO - 2022-06-30 13:34:29 --> Session: Class initialized using 'CodeIgniter\Session\Handlers\FileHandler' driver.
INFO - 2022-06-30 13:34:32 --> CSRF cookie sent.
INFO - 2022-06-30 13:34:32 --> Session: Class initialized using 'CodeIgniter\Session\Handlers\FileHandler' driver.
INFO - 2022-06-30 13:34:32 --> CSRF cookie sent.
INFO - 2022-06-30 13:34:32 --> Session: Class initialized using 'CodeIgniter\Session\Handlers\FileHandler' driver.
INFO - 2022-06-30 13:34:35 --> CSRF cookie sent.
INFO - 2022-06-30 13:34:35 --> Session: Class initialized using 'CodeIgniter\Session\Handlers\FileHandler' driver.
INFO - 2022-06-30 13:34:35 --> CSRF cookie sent.
INFO - 2022-06-30 13:34:35 --> Session: Class initialized using 'CodeIgniter\Session\Handlers\FileHandler' driver.
INFO - 2022-06-30 13:34:44 --> CSRF cookie sent.
INFO - 2022-06-30 13:34:44 --> Session: Class initialized using 'CodeIgniter\Session\Handlers\FileHandler' driver.
INFO - 2022-06-30 13:41:19 --> CSRF cookie sent.
INFO - 2022-06-30 13:41:19 --> CSRF token verified.
INFO - 2022-06-30 13:41:19 --> Session: Class initialized using 'CodeIgniter\Session\Handlers\FileHandler' driver.
INFO - 2022-06-30 13:41:20 --> CSRF cookie sent.
INFO - 2022-06-30 13:41:20 --> Session: Class initialized using 'CodeIgniter\Session\Handlers\FileHandler' driver.
INFO - 2022-06-30 13:41:21 --> CSRF cookie sent.
INFO - 2022-06-30 13:41:21 --> Session: Class initialized using 'CodeIgniter\Session\Handlers\FileHandler' driver.
INFO - 2022-06-30 13:41:22 --> CSRF cookie sent.
INFO - 2022-06-30 13:41:22 --> Session: Class initialized using 'CodeIgniter\Session\Handlers\FileHandler' driver.
INFO - 2022-06-30 13:41:22 --> CSRF cookie sent.
INFO - 2022-06-30 13:41:22 --> Session: Class initialized using 'CodeIgniter\Session\Handlers\FileHandler' driver.
INFO - 2022-06-30 13:41:24 --> CSRF cookie sent.
INFO - 2022-06-30 13:41:24 --> Session: Class initialized using 'CodeIgniter\Session\Handlers\FileHandler' driver.
INFO - 2022-06-30 13:41:25 --> CSRF cookie sent.
INFO - 2022-06-30 13:41:25 --> Session: Class initialized using 'CodeIgniter\Session\Handlers\FileHandler' driver.
INFO - 2022-06-30 13:41:40 --> CSRF cookie sent.
INFO - 2022-06-30 13:41:40 --> Session: Class initialized using 'CodeIgniter\Session\Handlers\FileHandler' driver.
INFO - 2022-06-30 13:41:41 --> CSRF cookie sent.
INFO - 2022-06-30 13:41:41 --> Session: Class initialized using 'CodeIgniter\Session\Handlers\FileHandler' driver.
INFO - 2022-06-30 13:41:41 --> CSRF cookie sent.
INFO - 2022-06-30 13:41:41 --> Session: Class initialized using 'CodeIgniter\Session\Handlers\FileHandler' driver.
INFO - 2022-06-30 13:41:42 --> CSRF cookie sent.
INFO - 2022-06-30 13:41:42 --> Session: Class initialized using 'CodeIgniter\Session\Handlers\FileHandler' driver.
INFO - 2022-06-30 13:41:42 --> CSRF cookie sent.
INFO - 2022-06-30 13:41:42 --> Session: Class initialized using 'CodeIgniter\Session\Handlers\FileHandler' driver.
INFO - 2022-06-30 13:41:43 --> CSRF cookie sent.
INFO - 2022-06-30 13:41:43 --> Session: Class initialized using 'CodeIgniter\Session\Handlers\FileHandler' driver.
INFO - 2022-06-30 13:45:40 --> CSRF cookie sent.
INFO - 2022-06-30 13:45:40 --> CSRF token verified.
INFO - 2022-06-30 13:45:40 --> Session: Class initialized using 'CodeIgniter\Session\Handlers\FileHandler' driver.
INFO - 2022-06-30 13:45:40 --> CSRF cookie sent.
INFO - 2022-06-30 13:45:40 --> Session: Class initialized using 'CodeIgniter\Session\Handlers\FileHandler' driver.
INFO - 2022-06-30 13:45:41 --> CSRF cookie sent.
INFO - 2022-06-30 13:45:41 --> Session: Class initialized using 'CodeIgniter\Session\Handlers\FileHandler' driver.
INFO - 2022-06-30 13:45:41 --> CSRF cookie sent.
INFO - 2022-06-30 13:45:41 --> Session: Class initialized using 'CodeIgniter\Session\Handlers\FileHandler' driver.
INFO - 2022-06-30 13:45:43 --> CSRF cookie sent.
INFO - 2022-06-30 13:45:43 --> Session: Class initialized using 'CodeIgniter\Session\Handlers\FileHandler' driver.
INFO - 2022-06-30 13:45:43 --> CSRF cookie sent.
INFO - 2022-06-30 13:45:43 --> Session: Class initialized using 'CodeIgniter\Session\Handlers\FileHandler' driver.
INFO - 2022-06-30 13:45:44 --> CSRF cookie sent.
INFO - 2022-06-30 13:45:44 --> Session: Class initialized using 'CodeIgniter\Session\Handlers\FileHandler' driver.
INFO - 2022-06-30 13:45:46 --> CSRF cookie sent.
INFO - 2022-06-30 13:45:46 --> Session: Class initialized using 'CodeIgniter\Session\Handlers\FileHandler' driver.
INFO - 2022-06-30 13:45:46 --> CSRF cookie sent.
INFO - 2022-06-30 13:45:46 --> Session: Class initialized using 'CodeIgniter\Session\Handlers\FileHandler' driver.
INFO - 2022-06-30 13:45:48 --> CSRF cookie sent.
INFO - 2022-06-30 13:45:48 --> Session: Class initialized using 'CodeIgniter\Session\Handlers\FileHandler' driver.
INFO - 2022-06-30 13:45:49 --> CSRF cookie sent.
INFO - 2022-06-30 13:45:49 --> Session: Class initialized using 'CodeIgniter\Session\Handlers\FileHandler' driver.
INFO - 2022-06-30 13:45:55 --> CSRF cookie sent.
INFO - 2022-06-30 13:45:55 --> Session: Class initialized using 'CodeIgniter\Session\Handlers\FileHandler' driver.
INFO - 2022-06-30 13:46:36 --> CSRF cookie sent.
INFO - 2022-06-30 13:46:36 --> CSRF token verified.
INFO - 2022-06-30 13:46:36 --> Session: Class initialized using 'CodeIgniter\Session\Handlers\FileHandler' driver.
INFO - 2022-06-30 13:46:37 --> CSRF cookie sent.
INFO - 2022-06-30 13:46:37 --> Session: Class initialized using 'CodeIgniter\Session\Handlers\FileHandler' driver.
INFO - 2022-06-30 13:46:38 --> CSRF cookie sent.
INFO - 2022-06-30 13:46:38 --> Session: Class initialized using 'CodeIgniter\Session\Handlers\FileHandler' driver.
INFO - 2022-06-30 13:46:38 --> CSRF cookie sent.
INFO - 2022-06-30 13:46:38 --> Session: Class initialized using 'CodeIgniter\Session\Handlers\FileHandler' driver.
INFO - 2022-06-30 13:46:38 --> CSRF cookie sent.
INFO - 2022-06-30 13:46:38 --> Session: Class initialized using 'CodeIgniter\Session\Handlers\FileHandler' driver.
INFO - 2022-06-30 13:46:40 --> CSRF cookie sent.
INFO - 2022-06-30 13:46:40 --> Session: Class initialized using 'CodeIgniter\Session\Handlers\FileHandler' driver.
INFO - 2022-06-30 13:46:41 --> CSRF cookie sent.
INFO - 2022-06-30 13:46:41 --> Session: Class initialized using 'CodeIgniter\Session\Handlers\FileHandler' driver.
INFO - 2022-06-30 13:47:05 --> CSRF cookie sent.
INFO - 2022-06-30 13:47:05 --> Session: Class initialized using 'CodeIgniter\Session\Handlers\FileHandler' driver.
INFO - 2022-06-30 13:47:05 --> CSRF cookie sent.
INFO - 2022-06-30 13:47:05 --> Session: Class initialized using 'CodeIgniter\Session\Handlers\FileHandler' driver.
INFO - 2022-06-30 13:47:06 --> CSRF cookie sent.
INFO - 2022-06-30 13:47:06 --> Session: Class initialized using 'CodeIgniter\Session\Handlers\FileHandler' driver.
INFO - 2022-06-30 13:55:10 --> CSRF cookie sent.
INFO - 2022-06-30 13:55:10 --> CSRF token verified.
INFO - 2022-06-30 13:55:10 --> Session: Class initialized using 'CodeIgniter\Session\Handlers\FileHandler' driver.
INFO - 2022-06-30 13:55:11 --> CSRF cookie sent.
INFO - 2022-06-30 13:55:11 --> Session: Class initialized using 'CodeIgniter\Session\Handlers\FileHandler' driver.
INFO - 2022-06-30 13:55:12 --> CSRF cookie sent.
INFO - 2022-06-30 13:55:12 --> Session: Class initialized using 'CodeIgniter\Session\Handlers\FileHandler' driver.
INFO - 2022-06-30 13:55:12 --> CSRF cookie sent.
INFO - 2022-06-30 13:55:12 --> Session: Class initialized using 'CodeIgniter\Session\Handlers\FileHandler' driver.
INFO - 2022-06-30 13:55:14 --> CSRF cookie sent.
INFO - 2022-06-30 13:55:14 --> Session: Class initialized using 'CodeIgniter\Session\Handlers\FileHandler' driver.
INFO - 2022-06-30 13:55:16 --> CSRF cookie sent.
INFO - 2022-06-30 13:55:16 --> Session: Class initialized using 'CodeIgniter\Session\Handlers\FileHandler' driver.
INFO - 2022-06-30 13:55:16 --> CSRF cookie sent.
INFO - 2022-06-30 13:55:16 --> Session: Class initialized using 'CodeIgniter\Session\Handlers\FileHandler' driver.
INFO - 2022-06-30 13:55:18 --> CSRF cookie sent.
INFO - 2022-06-30 13:55:18 --> Session: Class initialized using 'CodeIgniter\Session\Handlers\FileHandler' driver.
INFO - 2022-06-30 13:56:38 --> CSRF cookie sent.
INFO - 2022-06-30 13:56:38 --> CSRF token verified.
INFO - 2022-06-30 13:56:38 --> Session: Class initialized using 'CodeIgniter\Session\Handlers\FileHandler' driver.
INFO - 2022-06-30 13:56:39 --> CSRF cookie sent.
INFO - 2022-06-30 13:56:39 --> Session: Class initialized using 'CodeIgniter\Session\Handlers\FileHandler' driver.
INFO - 2022-06-30 13:56:40 --> CSRF cookie sent.
INFO - 2022-06-30 13:56:40 --> Session: Class initialized using 'CodeIgniter\Session\Handlers\FileHandler' driver.
INFO - 2022-06-30 13:56:40 --> CSRF cookie sent.
INFO - 2022-06-30 13:56:40 --> Session: Class initialized using 'CodeIgniter\Session\Handlers\FileHandler' driver.
INFO - 2022-06-30 13:56:41 --> CSRF cookie sent.
INFO - 2022-06-30 13:56:41 --> Session: Class initialized using 'CodeIgniter\Session\Handlers\FileHandler' driver.
INFO - 2022-06-30 13:56:44 --> CSRF cookie sent.
INFO - 2022-06-30 13:56:44 --> Session: Class initialized using 'CodeIgniter\Session\Handlers\FileHandler' driver.
INFO - 2022-06-30 13:56:45 --> CSRF cookie sent.
INFO - 2022-06-30 13:56:45 --> Session: Class initialized using 'CodeIgniter\Session\Handlers\FileHandler' driver.
INFO - 2022-06-30 13:56:51 --> CSRF cookie sent.
INFO - 2022-06-30 13:56:51 --> Session: Class initialized using 'CodeIgniter\Session\Handlers\FileHandler' driver.
INFO - 2022-06-30 13:56:52 --> CSRF cookie sent.
INFO - 2022-06-30 13:56:52 --> Session: Class initialized using 'CodeIgniter\Session\Handlers\FileHandler' driver.
INFO - 2022-06-30 13:56:53 --> CSRF cookie sent.
INFO - 2022-06-30 13:56:53 --> Session: Class initialized using 'CodeIgniter\Session\Handlers\FileHandler' driver.
INFO - 2022-06-30 13:56:58 --> CSRF cookie sent.
INFO - 2022-06-30 13:56:58 --> Session: Class initialized using 'CodeIgniter\Session\Handlers\FileHandler' driver.
INFO - 2022-06-30 13:57:01 --> CSRF cookie sent.
INFO - 2022-06-30 13:57:01 --> Session: Class initialized using 'CodeIgniter\Session\Handlers\FileHandler' driver.
INFO - 2022-06-30 13:57:01 --> CSRF cookie sent.
INFO - 2022-06-30 13:57:01 --> Session: Class initialized using 'CodeIgniter\Session\Handlers\FileHandler' driver.
INFO - 2022-06-30 13:57:14 --> CSRF cookie sent.
INFO - 2022-06-30 13:57:14 --> CSRF token verified.
INFO - 2022-06-30 13:57:14 --> Session: Class initialized using 'CodeIgniter\Session\Handlers\FileHandler' driver.
INFO - 2022-06-30 13:57:14 --> CSRF cookie sent.
INFO - 2022-06-30 13:57:14 --> Session: Class initialized using 'CodeIgniter\Session\Handlers\FileHandler' driver.
INFO - 2022-06-30 13:57:15 --> CSRF cookie sent.
INFO - 2022-06-30 13:57:15 --> Session: Class initialized using 'CodeIgniter\Session\Handlers\FileHandler' driver.
INFO - 2022-06-30 13:57:15 --> CSRF cookie sent.
INFO - 2022-06-30 13:57:15 --> Session: Class initialized using 'CodeIgniter\Session\Handlers\FileHandler' driver.
INFO - 2022-06-30 13:57:16 --> CSRF cookie sent.
INFO - 2022-06-30 13:57:16 --> Session: Class initialized using 'CodeIgniter\Session\Handlers\FileHandler' driver.
INFO - 2022-06-30 13:57:18 --> CSRF cookie sent.
INFO - 2022-06-30 13:57:18 --> Session: Class initialized using 'CodeIgniter\Session\Handlers\FileHandler' driver.
INFO - 2022-06-30 13:57:18 --> CSRF cookie sent.
INFO - 2022-06-30 13:57:18 --> Session: Class initialized using 'CodeIgniter\Session\Handlers\FileHandler' driver.
INFO - 2022-06-30 13:57:18 --> CSRF cookie sent.
INFO - 2022-06-30 13:57:18 --> Session: Class initialized using 'CodeIgniter\Session\Handlers\FileHandler' driver.
INFO - 2022-06-30 14:13:42 --> CSRF cookie sent.
INFO - 2022-06-30 14:13:42 --> CSRF token verified.
INFO - 2022-06-30 14:13:42 --> Session: Class initialized using 'CodeIgniter\Session\Handlers\FileHandler' driver.
INFO - 2022-06-30 14:13:43 --> CSRF cookie sent.
INFO - 2022-06-30 14:13:43 --> Session: Class initialized using 'CodeIgniter\Session\Handlers\FileHandler' driver.
INFO - 2022-06-30 14:13:46 --> CSRF cookie sent.
INFO - 2022-06-30 14:13:46 --> Session: Class initialized using 'CodeIgniter\Session\Handlers\FileHandler' driver.
INFO - 2022-06-30 14:13:46 --> CSRF cookie sent.
INFO - 2022-06-30 14:13:46 --> Session: Class initialized using 'CodeIgniter\Session\Handlers\FileHandler' driver.
INFO - 2022-06-30 14:13:46 --> CSRF cookie sent.
INFO - 2022-06-30 14:13:46 --> Session: Class initialized using 'CodeIgniter\Session\Handlers\FileHandler' driver.
INFO - 2022-06-30 14:13:47 --> CSRF cookie sent.
INFO - 2022-06-30 14:13:47 --> Session: Class initialized using 'CodeIgniter\Session\Handlers\FileHandler' driver.
INFO - 2022-06-30 14:13:47 --> CSRF cookie sent.
INFO - 2022-06-30 14:13:47 --> Session: Class initialized using 'CodeIgniter\Session\Handlers\FileHandler' driver.
INFO - 2022-06-30 14:13:48 --> CSRF cookie sent.
INFO - 2022-06-30 14:13:48 --> Session: Class initialized using 'CodeIgniter\Session\Handlers\FileHandler' driver.
INFO - 2022-06-30 14:13:51 --> CSRF cookie sent.
INFO - 2022-06-30 14:13:51 --> Session: Class initialized using 'CodeIgniter\Session\Handlers\FileHandler' driver.
INFO - 2022-06-30 14:13:51 --> CSRF cookie sent.
INFO - 2022-06-30 14:13:51 --> Session: Class initialized using 'CodeIgniter\Session\Handlers\FileHandler' driver.
INFO - 2022-06-30 14:13:54 --> CSRF cookie sent.
INFO - 2022-06-30 14:13:54 --> Session: Class initialized using 'CodeIgniter\Session\Handlers\FileHandler' driver.
INFO - 2022-06-30 14:13:54 --> CSRF cookie sent.
INFO - 2022-06-30 14:13:54 --> Session: Class initialized using 'CodeIgniter\Session\Handlers\FileHandler' driver.
INFO - 2022-06-30 14:14:31 --> CSRF cookie sent.
INFO - 2022-06-30 14:14:31 --> CSRF token verified.
INFO - 2022-06-30 14:14:31 --> Session: Class initialized using 'CodeIgniter\Session\Handlers\FileHandler' driver.
INFO - 2022-06-30 14:14:31 --> CSRF cookie sent.
INFO - 2022-06-30 14:14:31 --> Session: Class initialized using 'CodeIgniter\Session\Handlers\FileHandler' driver.
INFO - 2022-06-30 14:14:32 --> CSRF cookie sent.
INFO - 2022-06-30 14:14:32 --> Session: Class initialized using 'CodeIgniter\Session\Handlers\FileHandler' driver.
INFO - 2022-06-30 14:14:33 --> CSRF cookie sent.
INFO - 2022-06-30 14:14:33 --> Session: Class initialized using 'CodeIgniter\Session\Handlers\FileHandler' driver.
INFO - 2022-06-30 14:14:33 --> CSRF cookie sent.
INFO - 2022-06-30 14:14:33 --> Session: Class initialized using 'CodeIgniter\Session\Handlers\FileHandler' driver.
INFO - 2022-06-30 14:14:36 --> CSRF cookie sent.
INFO - 2022-06-30 14:14:36 --> Session: Class initialized using 'CodeIgniter\Session\Handlers\FileHandler' driver.
INFO - 2022-06-30 14:14:36 --> CSRF cookie sent.
INFO - 2022-06-30 14:14:36 --> Session: Class initialized using 'CodeIgniter\Session\Handlers\FileHandler' driver.
INFO - 2022-06-30 14:15:09 --> CSRF cookie sent.
INFO - 2022-06-30 14:15:09 --> Session: Class initialized using 'CodeIgniter\Session\Handlers\FileHandler' driver.
INFO - 2022-06-30 14:15:09 --> CSRF cookie sent.
INFO - 2022-06-30 14:15:09 --> Session: Class initialized using 'CodeIgniter\Session\Handlers\FileHandler' driver.
INFO - 2022-06-30 14:15:10 --> CSRF cookie sent.
INFO - 2022-06-30 14:15:10 --> Session: Class initialized using 'CodeIgniter\Session\Handlers\FileHandler' driver.
INFO - 2022-06-30 14:15:11 --> CSRF cookie sent.
INFO - 2022-06-30 14:15:11 --> Session: Class initialized using 'CodeIgniter\Session\Handlers\FileHandler' driver.
INFO - 2022-06-30 14:15:13 --> CSRF cookie sent.
INFO - 2022-06-30 14:15:13 --> Session: Class initialized using 'CodeIgniter\Session\Handlers\FileHandler' driver.
INFO - 2022-06-30 14:15:14 --> CSRF cookie sent.
INFO - 2022-06-30 14:15:14 --> Session: Class initialized using 'CodeIgniter\Session\Handlers\FileHandler' driver.
INFO - 2022-06-30 14:15:18 --> CSRF cookie sent.
INFO - 2022-06-30 14:15:18 --> Session: Class initialized using 'CodeIgniter\Session\Handlers\FileHandler' driver.
INFO - 2022-06-30 14:15:52 --> CSRF cookie sent.
INFO - 2022-06-30 14:15:52 --> CSRF token verified.
INFO - 2022-06-30 14:15:52 --> Session: Class initialized using 'CodeIgniter\Session\Handlers\FileHandler' driver.
INFO - 2022-06-30 14:15:52 --> CSRF cookie sent.
INFO - 2022-06-30 14:15:52 --> Session: Class initialized using 'CodeIgniter\Session\Handlers\FileHandler' driver.
INFO - 2022-06-30 14:15:54 --> CSRF cookie sent.
INFO - 2022-06-30 14:15:54 --> Session: Class initialized using 'CodeIgniter\Session\Handlers\FileHandler' driver.
INFO - 2022-06-30 14:15:54 --> CSRF cookie sent.
INFO - 2022-06-30 14:15:54 --> Session: Class initialized using 'CodeIgniter\Session\Handlers\FileHandler' driver.
INFO - 2022-06-30 14:15:55 --> CSRF cookie sent.
INFO - 2022-06-30 14:15:55 --> Session: Class initialized using 'CodeIgniter\Session\Handlers\FileHandler' driver.
INFO - 2022-06-30 14:15:56 --> CSRF cookie sent.
INFO - 2022-06-30 14:15:56 --> Session: Class initialized using 'CodeIgniter\Session\Handlers\FileHandler' driver.
INFO - 2022-06-30 14:16:19 --> CSRF cookie sent.
INFO - 2022-06-30 14:16:19 --> Session: Class initialized using 'CodeIgniter\Session\Handlers\FileHandler' driver.
INFO - 2022-06-30 14:16:20 --> CSRF cookie sent.
INFO - 2022-06-30 14:16:20 --> Session: Class initialized using 'CodeIgniter\Session\Handlers\FileHandler' driver.
INFO - 2022-06-30 14:16:21 --> CSRF cookie sent.
INFO - 2022-06-30 14:16:21 --> Session: Class initialized using 'CodeIgniter\Session\Handlers\FileHandler' driver.
INFO - 2022-06-30 14:16:21 --> CSRF cookie sent.
INFO - 2022-06-30 14:16:21 --> Session: Class initialized using 'CodeIgniter\Session\Handlers\FileHandler' driver.
INFO - 2022-06-30 14:16:24 --> CSRF cookie sent.
INFO - 2022-06-30 14:16:24 --> Session: Class initialized using 'CodeIgniter\Session\Handlers\FileHandler' driver.
INFO - 2022-06-30 14:16:24 --> CSRF cookie sent.
INFO - 2022-06-30 14:16:24 --> Session: Class initialized using 'CodeIgniter\Session\Handlers\FileHandler' driver.
INFO - 2022-06-30 14:16:28 --> CSRF cookie sent.
INFO - 2022-06-30 14:16:28 --> Session: Class initialized using 'CodeIgniter\Session\Handlers\FileHandler' driver.
INFO - 2022-06-30 14:17:30 --> CSRF cookie sent.
INFO - 2022-06-30 14:17:30 --> CSRF token verified.
INFO - 2022-06-30 14:17:30 --> Session: Class initialized using 'CodeIgniter\Session\Handlers\FileHandler' driver.
INFO - 2022-06-30 14:17:30 --> CSRF cookie sent.
INFO - 2022-06-30 14:17:30 --> Session: Class initialized using 'CodeIgniter\Session\Handlers\FileHandler' driver.
INFO - 2022-06-30 14:17:32 --> CSRF cookie sent.
INFO - 2022-06-30 14:17:32 --> Session: Class initialized using 'CodeIgniter\Session\Handlers\FileHandler' driver.
INFO - 2022-06-30 14:17:32 --> CSRF cookie sent.
INFO - 2022-06-30 14:17:32 --> Session: Class initialized using 'CodeIgniter\Session\Handlers\FileHandler' driver.
INFO - 2022-06-30 14:17:36 --> CSRF cookie sent.
INFO - 2022-06-30 14:17:36 --> Session: Class initialized using 'CodeIgniter\Session\Handlers\FileHandler' driver.
INFO - 2022-06-30 14:17:37 --> CSRF cookie sent.
INFO - 2022-06-30 14:17:37 --> Session: Class initialized using 'CodeIgniter\Session\Handlers\FileHandler' driver.
INFO - 2022-06-30 14:18:20 --> CSRF cookie sent.
INFO - 2022-06-30 14:18:20 --> Session: Class initialized using 'CodeIgniter\Session\Handlers\FileHandler' driver.
INFO - 2022-06-30 14:18:21 --> CSRF cookie sent.
INFO - 2022-06-30 14:18:21 --> Session: Class initialized using 'CodeIgniter\Session\Handlers\FileHandler' driver.
INFO - 2022-06-30 14:18:21 --> CSRF cookie sent.
INFO - 2022-06-30 14:18:21 --> Session: Class initialized using 'CodeIgniter\Session\Handlers\FileHandler' driver.
INFO - 2022-06-30 14:28:05 --> Session: Class initialized using 'CodeIgniter\Session\Handlers\FileHandler' driver.
INFO - 2022-06-30 14:28:05 --> CSRF cookie sent.
INFO - 2022-06-30 14:28:05 --> Session: Class initialized using 'CodeIgniter\Session\Handlers\FileHandler' driver.
INFO - 2022-06-30 14:28:06 --> CSRF cookie sent.
INFO - 2022-06-30 14:28:06 --> Session: Class initialized using 'CodeIgniter\Session\Handlers\FileHandler' driver.
INFO - 2022-06-30 14:28:10 --> CSRF cookie sent.
INFO - 2022-06-30 14:28:10 --> CSRF token verified.
INFO - 2022-06-30 14:28:10 --> Session: Class initialized using 'CodeIgniter\Session\Handlers\FileHandler' driver.
INFO - 2022-06-30 14:28:11 --> CSRF cookie sent.
INFO - 2022-06-30 14:28:11 --> Session: Class initialized using 'CodeIgniter\Session\Handlers\FileHandler' driver.
INFO - 2022-06-30 14:28:11 --> CSRF cookie sent.
INFO - 2022-06-30 14:28:11 --> Session: Class initialized using 'CodeIgniter\Session\Handlers\FileHandler' driver.
INFO - 2022-06-30 14:28:12 --> CSRF cookie sent.
INFO - 2022-06-30 14:28:12 --> Session: Class initialized using 'CodeIgniter\Session\Handlers\FileHandler' driver.
INFO - 2022-06-30 14:28:15 --> CSRF cookie sent.
INFO - 2022-06-30 14:28:15 --> Session: Class initialized using 'CodeIgniter\Session\Handlers\FileHandler' driver.
INFO - 2022-06-30 14:28:16 --> CSRF cookie sent.
INFO - 2022-06-30 14:28:16 --> Session: Class initialized using 'CodeIgniter\Session\Handlers\FileHandler' driver.
INFO - 2022-06-30 14:28:17 --> CSRF cookie sent.
INFO - 2022-06-30 14:28:17 --> Session: Class initialized using 'CodeIgniter\Session\Handlers\FileHandler' driver.
INFO - 2022-06-30 14:28:19 --> CSRF cookie sent.
INFO - 2022-06-30 14:28:19 --> Session: Class initialized using 'CodeIgniter\Session\Handlers\FileHandler' driver.
INFO - 2022-06-30 14:28:20 --> CSRF cookie sent.
INFO - 2022-06-30 14:28:20 --> Session: Class initialized using 'CodeIgniter\Session\Handlers\FileHandler' driver.
INFO - 2022-06-30 14:28:21 --> CSRF cookie sent.
INFO - 2022-06-30 14:28:21 --> Session: Class initialized using 'CodeIgniter\Session\Handlers\FileHandler' driver.
INFO - 2022-06-30 14:39:57 --> CSRF cookie sent.
INFO - 2022-06-30 14:39:57 --> Session: Class initialized using 'CodeIgniter\Session\Handlers\FileHandler' driver.
INFO - 2022-06-30 14:39:57 --> CSRF cookie sent.
INFO - 2022-06-30 14:39:57 --> Session: Class initialized using 'CodeIgniter\Session\Handlers\FileHandler' driver.
INFO - 2022-06-30 14:39:57 --> CSRF cookie sent.
INFO - 2022-06-30 14:39:57 --> Session: Class initialized using 'CodeIgniter\Session\Handlers\FileHandler' driver.
INFO - 2022-06-30 15:25:31 --> CSRF cookie sent.
INFO - 2022-06-30 15:25:31 --> CSRF token verified.
INFO - 2022-06-30 15:25:31 --> Session: Class initialized using 'CodeIgniter\Session\Handlers\FileHandler' driver.
INFO - 2022-06-30 15:25:31 --> CSRF cookie sent.
INFO - 2022-06-30 15:25:31 --> Session: Class initialized using 'CodeIgniter\Session\Handlers\FileHandler' driver.
INFO - 2022-06-30 15:25:32 --> CSRF cookie sent.
INFO - 2022-06-30 15:25:32 --> Session: Class initialized using 'CodeIgniter\Session\Handlers\FileHandler' driver.
INFO - 2022-06-30 15:25:33 --> CSRF cookie sent.
INFO - 2022-06-30 15:25:33 --> Session: Class initialized using 'CodeIgniter\Session\Handlers\FileHandler' driver.
INFO - 2022-06-30 15:25:33 --> CSRF cookie sent.
INFO - 2022-06-30 15:25:33 --> Session: Class initialized using 'CodeIgniter\Session\Handlers\FileHandler' driver.
INFO - 2022-06-30 15:25:36 --> CSRF cookie sent.
INFO - 2022-06-30 15:25:36 --> Session: Class initialized using 'CodeIgniter\Session\Handlers\FileHandler' driver.
INFO - 2022-06-30 15:25:36 --> CSRF cookie sent.
INFO - 2022-06-30 15:25:36 --> Session: Class initialized using 'CodeIgniter\Session\Handlers\FileHandler' driver.
INFO - 2022-06-30 15:25:40 --> CSRF cookie sent.
INFO - 2022-06-30 15:25:40 --> Session: Class initialized using 'CodeIgniter\Session\Handlers\FileHandler' driver.
INFO - 2022-06-30 15:25:42 --> CSRF cookie sent.
INFO - 2022-06-30 15:25:42 --> Session: Class initialized using 'CodeIgniter\Session\Handlers\FileHandler' driver.
INFO - 2022-06-30 15:28:06 --> CSRF cookie sent.
INFO - 2022-06-30 15:28:06 --> CSRF token verified.
INFO - 2022-06-30 15:28:06 --> Session: Class initialized using 'CodeIgniter\Session\Handlers\FileHandler' driver.
INFO - 2022-06-30 15:28:07 --> CSRF cookie sent.
INFO - 2022-06-30 15:28:07 --> Session: Class initialized using 'CodeIgniter\Session\Handlers\FileHandler' driver.
INFO - 2022-06-30 15:28:08 --> CSRF cookie sent.
INFO - 2022-06-30 15:28:08 --> Session: Class initialized using 'CodeIgniter\Session\Handlers\FileHandler' driver.
INFO - 2022-06-30 15:28:09 --> CSRF cookie sent.
INFO - 2022-06-30 15:28:09 --> Session: Class initialized using 'CodeIgniter\Session\Handlers\FileHandler' driver.
INFO - 2022-06-30 15:28:09 --> CSRF cookie sent.
INFO - 2022-06-30 15:28:09 --> Session: Class initialized using 'CodeIgniter\Session\Handlers\FileHandler' driver.
INFO - 2022-06-30 15:28:11 --> CSRF cookie sent.
INFO - 2022-06-30 15:28:11 --> Session: Class initialized using 'CodeIgniter\Session\Handlers\FileHandler' driver.
INFO - 2022-06-30 15:28:14 --> CSRF cookie sent.
INFO - 2022-06-30 15:28:14 --> Session: Class initialized using 'CodeIgniter\Session\Handlers\FileHandler' driver.
INFO - 2022-06-30 15:35:58 --> CSRF cookie sent.
INFO - 2022-06-30 15:35:58 --> Session: Class initialized using 'CodeIgniter\Session\Handlers\FileHandler' driver.
INFO - 2022-06-30 15:35:58 --> CSRF cookie sent.
INFO - 2022-06-30 15:35:58 --> Session: Class initialized using 'CodeIgniter\Session\Handlers\FileHandler' driver.
INFO - 2022-06-30 15:35:59 --> CSRF cookie sent.
INFO - 2022-06-30 15:35:59 --> Session: Class initialized using 'CodeIgniter\Session\Handlers\FileHandler' driver.
INFO - 2022-06-30 15:35:59 --> CSRF cookie sent.
INFO - 2022-06-30 15:35:59 --> Session: Class initialized using 'CodeIgniter\Session\Handlers\FileHandler' driver.
INFO - 2022-06-30 15:36:02 --> CSRF cookie sent.
INFO - 2022-06-30 15:36:02 --> Session: Class initialized using 'CodeIgniter\Session\Handlers\FileHandler' driver.
INFO - 2022-06-30 15:36:04 --> CSRF cookie sent.
INFO - 2022-06-30 15:36:04 --> Session: Class initialized using 'CodeIgniter\Session\Handlers\FileHandler' driver.
INFO - 2022-06-30 15:36:05 --> CSRF cookie sent.
INFO - 2022-06-30 15:36:05 --> Session: Class initialized using 'CodeIgniter\Session\Handlers\FileHandler' driver.
INFO - 2022-06-30 15:36:05 --> CSRF cookie sent.
INFO - 2022-06-30 15:36:05 --> Session: Class initialized using 'CodeIgniter\Session\Handlers\FileHandler' driver.
INFO - 2022-06-30 15:36:06 --> CSRF cookie sent.
INFO - 2022-06-30 15:36:06 --> Session: Class initialized using 'CodeIgniter\Session\Handlers\FileHandler' driver.
INFO - 2022-06-30 15:36:09 --> CSRF cookie sent.
INFO - 2022-06-30 15:36:09 --> Session: Class initialized using 'CodeIgniter\Session\Handlers\FileHandler' driver.
INFO - 2022-06-30 15:36:09 --> CSRF cookie sent.
INFO - 2022-06-30 15:36:09 --> Session: Class initialized using 'CodeIgniter\Session\Handlers\FileHandler' driver.
INFO - 2022-06-30 15:36:12 --> CSRF cookie sent.
INFO - 2022-06-30 15:36:12 --> Session: Class initialized using 'CodeIgniter\Session\Handlers\FileHandler' driver.
INFO - 2022-06-30 15:42:09 --> CSRF cookie sent.
INFO - 2022-06-30 15:42:09 --> CSRF token verified.
INFO - 2022-06-30 15:42:09 --> Session: Class initialized using 'CodeIgniter\Session\Handlers\FileHandler' driver.
INFO - 2022-06-30 15:42:10 --> CSRF cookie sent.
INFO - 2022-06-30 15:42:10 --> Session: Class initialized using 'CodeIgniter\Session\Handlers\FileHandler' driver.
INFO - 2022-06-30 15:42:11 --> CSRF cookie sent.
INFO - 2022-06-30 15:42:11 --> Session: Class initialized using 'CodeIgniter\Session\Handlers\FileHandler' driver.
INFO - 2022-06-30 15:42:12 --> CSRF cookie sent.
INFO - 2022-06-30 15:42:12 --> Session: Class initialized using 'CodeIgniter\Session\Handlers\FileHandler' driver.
INFO - 2022-06-30 15:42:12 --> CSRF cookie sent.
INFO - 2022-06-30 15:42:12 --> Session: Class initialized using 'CodeIgniter\Session\Handlers\FileHandler' driver.
INFO - 2022-06-30 15:42:13 --> CSRF cookie sent.
INFO - 2022-06-30 15:42:13 --> Session: Class initialized using 'CodeIgniter\Session\Handlers\FileHandler' driver.
INFO - 2022-06-30 15:42:19 --> CSRF cookie sent.
INFO - 2022-06-30 15:42:19 --> Session: Class initialized using 'CodeIgniter\Session\Handlers\FileHandler' driver.
INFO - 2022-06-30 15:43:08 --> CSRF cookie sent.
INFO - 2022-06-30 15:43:08 --> Session: Class initialized using 'CodeIgniter\Session\Handlers\FileHandler' driver.
INFO - 2022-06-30 15:43:08 --> CSRF cookie sent.
INFO - 2022-06-30 15:43:08 --> Session: Class initialized using 'CodeIgniter\Session\Handlers\FileHandler' driver.
INFO - 2022-06-30 15:43:08 --> CSRF cookie sent.
INFO - 2022-06-30 15:43:08 --> Session: Class initialized using 'CodeIgniter\Session\Handlers\FileHandler' driver.
