INFO - 2022-10-10 08:49:06 --> Session: Class initialized using 'CodeIgniter\Session\Handlers\FileHandler' driver.
INFO - 2022-10-10 08:49:06 --> CSRF cookie sent.
INFO - 2022-10-10 08:49:06 --> Session: Class initialized using 'CodeIgniter\Session\Handlers\FileHandler' driver.
INFO - 2022-10-10 08:49:06 --> CSRF cookie sent.
INFO - 2022-10-10 08:49:06 --> Session: Class initialized using 'CodeIgniter\Session\Handlers\FileHandler' driver.
INFO - 2022-10-10 08:49:26 --> CSRF cookie sent.
INFO - 2022-10-10 08:49:26 --> CSRF token verified.
INFO - 2022-10-10 08:49:26 --> Session: Class initialized using 'CodeIgniter\Session\Handlers\FileHandler' driver.
INFO - 2022-10-10 08:49:27 --> CSRF cookie sent.
INFO - 2022-10-10 08:49:27 --> Session: Class initialized using 'CodeIgniter\Session\Handlers\FileHandler' driver.
INFO - 2022-10-10 08:49:28 --> CSRF cookie sent.
INFO - 2022-10-10 08:49:28 --> Session: Class initialized using 'CodeIgniter\Session\Handlers\FileHandler' driver.
INFO - 2022-10-10 08:49:29 --> CSRF cookie sent.
INFO - 2022-10-10 08:49:29 --> Session: Class initialized using 'CodeIgniter\Session\Handlers\FileHandler' driver.
INFO - 2022-10-10 08:49:29 --> CSRF cookie sent.
INFO - 2022-10-10 08:49:29 --> Session: Class initialized using 'CodeIgniter\Session\Handlers\FileHandler' driver.
INFO - 2022-10-10 08:49:34 --> CSRF cookie sent.
INFO - 2022-10-10 08:49:34 --> Session: Class initialized using 'CodeIgniter\Session\Handlers\FileHandler' driver.
INFO - 2022-10-10 08:49:34 --> CSRF cookie sent.
INFO - 2022-10-10 08:49:34 --> Session: Class initialized using 'CodeIgniter\Session\Handlers\FileHandler' driver.
INFO - 2022-10-10 08:49:43 --> CSRF cookie sent.
INFO - 2022-10-10 08:49:43 --> Session: Class initialized using 'CodeIgniter\Session\Handlers\FileHandler' driver.
INFO - 2022-10-10 08:50:24 --> CSRF cookie sent.
INFO - 2022-10-10 08:50:24 --> CSRF token verified.
INFO - 2022-10-10 08:50:24 --> Session: Class initialized using 'CodeIgniter\Session\Handlers\FileHandler' driver.
INFO - 2022-10-10 08:50:24 --> CSRF cookie sent.
INFO - 2022-10-10 08:50:24 --> Session: Class initialized using 'CodeIgniter\Session\Handlers\FileHandler' driver.
INFO - 2022-10-10 08:50:25 --> CSRF cookie sent.
INFO - 2022-10-10 08:50:25 --> Session: Class initialized using 'CodeIgniter\Session\Handlers\FileHandler' driver.
INFO - 2022-10-10 08:50:26 --> CSRF cookie sent.
INFO - 2022-10-10 08:50:26 --> Session: Class initialized using 'CodeIgniter\Session\Handlers\FileHandler' driver.
INFO - 2022-10-10 08:50:26 --> CSRF cookie sent.
INFO - 2022-10-10 08:50:26 --> Session: Class initialized using 'CodeIgniter\Session\Handlers\FileHandler' driver.
INFO - 2022-10-10 08:50:33 --> CSRF cookie sent.
INFO - 2022-10-10 08:50:33 --> Session: Class initialized using 'CodeIgniter\Session\Handlers\FileHandler' driver.
INFO - 2022-10-10 08:50:35 --> CSRF cookie sent.
INFO - 2022-10-10 08:50:35 --> Session: Class initialized using 'CodeIgniter\Session\Handlers\FileHandler' driver.
INFO - 2022-10-10 09:01:19 --> CSRF cookie sent.
INFO - 2022-10-10 09:01:19 --> Session: Class initialized using 'CodeIgniter\Session\Handlers\FileHandler' driver.
INFO - 2022-10-10 09:01:20 --> CSRF cookie sent.
INFO - 2022-10-10 09:01:20 --> Session: Class initialized using 'CodeIgniter\Session\Handlers\FileHandler' driver.
INFO - 2022-10-10 09:01:20 --> CSRF cookie sent.
INFO - 2022-10-10 09:01:20 --> Session: Class initialized using 'CodeIgniter\Session\Handlers\FileHandler' driver.
INFO - 2022-10-10 10:17:23 --> CSRF cookie sent.
INFO - 2022-10-10 10:17:23 --> Session: Class initialized using 'CodeIgniter\Session\Handlers\FileHandler' driver.
INFO - 2022-10-10 10:17:24 --> CSRF cookie sent.
INFO - 2022-10-10 10:17:24 --> Session: Class initialized using 'CodeIgniter\Session\Handlers\FileHandler' driver.
INFO - 2022-10-10 10:17:34 --> CSRF cookie sent.
INFO - 2022-10-10 10:17:34 --> CSRF token verified.
INFO - 2022-10-10 10:17:34 --> Session: Class initialized using 'CodeIgniter\Session\Handlers\FileHandler' driver.
INFO - 2022-10-10 10:17:34 --> CSRF cookie sent.
INFO - 2022-10-10 10:17:34 --> Session: Class initialized using 'CodeIgniter\Session\Handlers\FileHandler' driver.
INFO - 2022-10-10 10:17:35 --> CSRF cookie sent.
INFO - 2022-10-10 10:17:35 --> Session: Class initialized using 'CodeIgniter\Session\Handlers\FileHandler' driver.
INFO - 2022-10-10 10:17:35 --> CSRF cookie sent.
INFO - 2022-10-10 10:17:35 --> Session: Class initialized using 'CodeIgniter\Session\Handlers\FileHandler' driver.
INFO - 2022-10-10 10:17:37 --> CSRF cookie sent.
INFO - 2022-10-10 10:17:37 --> Session: Class initialized using 'CodeIgniter\Session\Handlers\FileHandler' driver.
INFO - 2022-10-10 10:17:41 --> CSRF cookie sent.
INFO - 2022-10-10 10:17:41 --> Session: Class initialized using 'CodeIgniter\Session\Handlers\FileHandler' driver.
INFO - 2022-10-10 10:17:42 --> CSRF cookie sent.
INFO - 2022-10-10 10:17:42 --> Session: Class initialized using 'CodeIgniter\Session\Handlers\FileHandler' driver.
INFO - 2022-10-10 10:17:49 --> CSRF cookie sent.
INFO - 2022-10-10 10:17:49 --> Session: Class initialized using 'CodeIgniter\Session\Handlers\FileHandler' driver.
INFO - 2022-10-10 10:18:40 --> CSRF cookie sent.
INFO - 2022-10-10 10:18:40 --> CSRF token verified.
INFO - 2022-10-10 10:18:40 --> Session: Class initialized using 'CodeIgniter\Session\Handlers\FileHandler' driver.
INFO - 2022-10-10 10:18:41 --> CSRF cookie sent.
INFO - 2022-10-10 10:18:41 --> Session: Class initialized using 'CodeIgniter\Session\Handlers\FileHandler' driver.
INFO - 2022-10-10 10:18:42 --> CSRF cookie sent.
INFO - 2022-10-10 10:18:42 --> Session: Class initialized using 'CodeIgniter\Session\Handlers\FileHandler' driver.
INFO - 2022-10-10 10:18:43 --> CSRF cookie sent.
INFO - 2022-10-10 10:18:43 --> Session: Class initialized using 'CodeIgniter\Session\Handlers\FileHandler' driver.
INFO - 2022-10-10 10:18:43 --> CSRF cookie sent.
INFO - 2022-10-10 10:18:43 --> Session: Class initialized using 'CodeIgniter\Session\Handlers\FileHandler' driver.
INFO - 2022-10-10 10:18:44 --> CSRF cookie sent.
INFO - 2022-10-10 10:18:44 --> Session: Class initialized using 'CodeIgniter\Session\Handlers\FileHandler' driver.
INFO - 2022-10-10 10:18:45 --> CSRF cookie sent.
INFO - 2022-10-10 10:18:45 --> Session: Class initialized using 'CodeIgniter\Session\Handlers\FileHandler' driver.
INFO - 2022-10-10 10:19:30 --> CSRF cookie sent.
INFO - 2022-10-10 10:19:30 --> Session: Class initialized using 'CodeIgniter\Session\Handlers\FileHandler' driver.
INFO - 2022-10-10 10:19:31 --> CSRF cookie sent.
INFO - 2022-10-10 10:19:31 --> Session: Class initialized using 'CodeIgniter\Session\Handlers\FileHandler' driver.
INFO - 2022-10-10 10:19:31 --> CSRF cookie sent.
INFO - 2022-10-10 10:19:31 --> Session: Class initialized using 'CodeIgniter\Session\Handlers\FileHandler' driver.
INFO - 2022-10-10 10:20:13 --> CSRF cookie sent.
INFO - 2022-10-10 10:20:13 --> CSRF token verified.
INFO - 2022-10-10 10:20:13 --> Session: Class initialized using 'CodeIgniter\Session\Handlers\FileHandler' driver.
INFO - 2022-10-10 10:20:13 --> CSRF cookie sent.
INFO - 2022-10-10 10:20:13 --> Session: Class initialized using 'CodeIgniter\Session\Handlers\FileHandler' driver.
INFO - 2022-10-10 10:20:14 --> CSRF cookie sent.
INFO - 2022-10-10 10:20:14 --> Session: Class initialized using 'CodeIgniter\Session\Handlers\FileHandler' driver.
INFO - 2022-10-10 10:20:14 --> CSRF cookie sent.
INFO - 2022-10-10 10:20:14 --> Session: Class initialized using 'CodeIgniter\Session\Handlers\FileHandler' driver.
INFO - 2022-10-10 10:20:18 --> CSRF cookie sent.
INFO - 2022-10-10 10:20:18 --> Session: Class initialized using 'CodeIgniter\Session\Handlers\FileHandler' driver.
INFO - 2022-10-10 10:20:19 --> CSRF cookie sent.
INFO - 2022-10-10 10:20:19 --> Session: Class initialized using 'CodeIgniter\Session\Handlers\FileHandler' driver.
INFO - 2022-10-10 10:20:19 --> CSRF cookie sent.
INFO - 2022-10-10 10:20:19 --> Session: Class initialized using 'CodeIgniter\Session\Handlers\FileHandler' driver.
INFO - 2022-10-10 10:20:22 --> CSRF cookie sent.
INFO - 2022-10-10 10:20:22 --> Session: Class initialized using 'CodeIgniter\Session\Handlers\FileHandler' driver.
INFO - 2022-10-10 10:20:23 --> CSRF cookie sent.
INFO - 2022-10-10 10:20:23 --> Session: Class initialized using 'CodeIgniter\Session\Handlers\FileHandler' driver.
INFO - 2022-10-10 10:20:23 --> CSRF cookie sent.
INFO - 2022-10-10 10:20:23 --> Session: Class initialized using 'CodeIgniter\Session\Handlers\FileHandler' driver.
INFO - 2022-10-10 10:20:25 --> CSRF cookie sent.
INFO - 2022-10-10 10:20:25 --> Session: Class initialized using 'CodeIgniter\Session\Handlers\FileHandler' driver.
INFO - 2022-10-10 10:20:26 --> CSRF cookie sent.
INFO - 2022-10-10 10:20:26 --> Session: Class initialized using 'CodeIgniter\Session\Handlers\FileHandler' driver.
INFO - 2022-10-10 10:20:26 --> CSRF cookie sent.
INFO - 2022-10-10 10:20:26 --> Session: Class initialized using 'CodeIgniter\Session\Handlers\FileHandler' driver.
INFO - 2022-10-10 10:20:27 --> CSRF cookie sent.
INFO - 2022-10-10 10:20:27 --> CSRF cookie sent.
INFO - 2022-10-10 10:20:27 --> Session: Class initialized using 'CodeIgniter\Session\Handlers\FileHandler' driver.
INFO - 2022-10-10 10:20:28 --> Session: Class initialized using 'CodeIgniter\Session\Handlers\FileHandler' driver.
INFO - 2022-10-10 10:20:33 --> CSRF cookie sent.
INFO - 2022-10-10 10:20:33 --> CSRF token verified.
INFO - 2022-10-10 10:20:33 --> Session: Class initialized using 'CodeIgniter\Session\Handlers\FileHandler' driver.
INFO - 2022-10-10 10:20:34 --> CSRF cookie sent.
INFO - 2022-10-10 10:20:34 --> Session: Class initialized using 'CodeIgniter\Session\Handlers\FileHandler' driver.
INFO - 2022-10-10 10:20:35 --> CSRF cookie sent.
INFO - 2022-10-10 10:20:35 --> Session: Class initialized using 'CodeIgniter\Session\Handlers\FileHandler' driver.
INFO - 2022-10-10 10:20:36 --> CSRF cookie sent.
INFO - 2022-10-10 10:20:36 --> Session: Class initialized using 'CodeIgniter\Session\Handlers\FileHandler' driver.
INFO - 2022-10-10 10:20:38 --> CSRF cookie sent.
INFO - 2022-10-10 10:20:38 --> Session: Class initialized using 'CodeIgniter\Session\Handlers\FileHandler' driver.
INFO - 2022-10-10 10:20:39 --> CSRF cookie sent.
INFO - 2022-10-10 10:20:39 --> Session: Class initialized using 'CodeIgniter\Session\Handlers\FileHandler' driver.
INFO - 2022-10-10 10:20:39 --> CSRF cookie sent.
INFO - 2022-10-10 10:20:39 --> Session: Class initialized using 'CodeIgniter\Session\Handlers\FileHandler' driver.
INFO - 2022-10-10 10:26:08 --> CSRF cookie sent.
INFO - 2022-10-10 10:26:08 --> Session: Class initialized using 'CodeIgniter\Session\Handlers\FileHandler' driver.
INFO - 2022-10-10 10:26:09 --> CSRF cookie sent.
INFO - 2022-10-10 10:26:09 --> Session: Class initialized using 'CodeIgniter\Session\Handlers\FileHandler' driver.
INFO - 2022-10-10 10:26:27 --> CSRF cookie sent.
INFO - 2022-10-10 10:26:27 --> CSRF token verified.
INFO - 2022-10-10 10:26:27 --> Session: Class initialized using 'CodeIgniter\Session\Handlers\FileHandler' driver.
ERROR - 2022-10-10 10:26:29 --> mysqli_sql_exception: Subquery returns more than 1 row in /home/apdwms/public_html/system/Database/MySQLi/Connection.php:314
Stack trace:
#0 /home/apdwms/public_html/system/Database/MySQLi/Connection.php(314): mysqli->query()
#1 /home/apdwms/public_html/system/Database/BaseConnection.php(713): CodeIgniter\Database\MySQLi\Connection->execute()
#2 /home/apdwms/public_html/system/Database/BaseConnection.php(641): CodeIgniter\Database\BaseConnection->simpleQuery()
#3 /home/apdwms/public_html/system/Database/BaseBuilder.php(1866): CodeIgniter\Database\BaseConnection->query()
#4 /home/apdwms/public_html/cella/Models/Collections/ItemsModel.php(130): CodeIgniter\Database\BaseBuilder->get()
#5 /home/apdwms/public_html/cella/Controllers/Warehouse.php(237): CELLA\Models\Collections\ItemsModel->getReadyForLoadJobs()
#6 /home/apdwms/public_html/cella/Controllers/BaseController.php(532): CELLA\Controllers\Warehouse->collection()
#7 /home/apdwms/public_html/system/CodeIgniter.php(932): CELLA\Controllers\BaseController->_remap()
#8 /home/apdwms/public_html/system/CodeIgniter.php(432): CodeIgniter\CodeIgniter->runController()
#9 /home/apdwms/public_html/system/CodeIgniter.php(333): CodeIgniter\CodeIgniter->handleRequest()
#10 /home/apdwms/public_html/index.php(48): CodeIgniter\CodeIgniter->run()
#11 {main}
ERROR - 2022-10-10 10:26:29 --> error_sql:SELECT *
FROM `vw_jobs_for_dispatched_loads`
WHERE `load` = 'COL2022106_1'
INFO - 2022-10-10 10:26:30 --> CSRF cookie sent.
INFO - 2022-10-10 10:26:30 --> Session: Class initialized using 'CodeIgniter\Session\Handlers\FileHandler' driver.
INFO - 2022-10-10 10:26:35 --> CSRF cookie sent.
INFO - 2022-10-10 10:26:35 --> Session: Class initialized using 'CodeIgniter\Session\Handlers\FileHandler' driver.
INFO - 2022-10-10 10:26:41 --> CSRF cookie sent.
INFO - 2022-10-10 10:26:41 --> Session: Class initialized using 'CodeIgniter\Session\Handlers\FileHandler' driver.
INFO - 2022-10-10 10:26:41 --> CSRF cookie sent.
INFO - 2022-10-10 10:26:41 --> Session: Class initialized using 'CodeIgniter\Session\Handlers\FileHandler' driver.
INFO - 2022-10-10 10:26:43 --> CSRF cookie sent.
INFO - 2022-10-10 10:26:43 --> Session: Class initialized using 'CodeIgniter\Session\Handlers\FileHandler' driver.
INFO - 2022-10-10 10:27:00 --> CSRF cookie sent.
INFO - 2022-10-10 10:27:00 --> Session: Class initialized using 'CodeIgniter\Session\Handlers\FileHandler' driver.
INFO - 2022-10-10 10:27:01 --> CSRF cookie sent.
INFO - 2022-10-10 10:27:01 --> Session: Class initialized using 'CodeIgniter\Session\Handlers\FileHandler' driver.
INFO - 2022-10-10 10:27:34 --> CSRF cookie sent.
INFO - 2022-10-10 10:27:34 --> CSRF token verified.
INFO - 2022-10-10 10:27:34 --> Session: Class initialized using 'CodeIgniter\Session\Handlers\FileHandler' driver.
INFO - 2022-10-10 10:27:35 --> CSRF cookie sent.
INFO - 2022-10-10 10:27:35 --> Session: Class initialized using 'CodeIgniter\Session\Handlers\FileHandler' driver.
INFO - 2022-10-10 10:27:35 --> CSRF cookie sent.
INFO - 2022-10-10 10:27:35 --> Session: Class initialized using 'CodeIgniter\Session\Handlers\FileHandler' driver.
INFO - 2022-10-10 10:27:40 --> CSRF cookie sent.
INFO - 2022-10-10 10:27:40 --> CSRF token verified.
INFO - 2022-10-10 10:27:40 --> Session: Class initialized using 'CodeIgniter\Session\Handlers\FileHandler' driver.
INFO - 2022-10-10 10:27:41 --> CSRF cookie sent.
INFO - 2022-10-10 10:27:41 --> Session: Class initialized using 'CodeIgniter\Session\Handlers\FileHandler' driver.
INFO - 2022-10-10 10:27:42 --> CSRF cookie sent.
INFO - 2022-10-10 10:27:42 --> Session: Class initialized using 'CodeIgniter\Session\Handlers\FileHandler' driver.
INFO - 2022-10-10 10:42:05 --> CSRF cookie sent.
INFO - 2022-10-10 10:42:05 --> Session: Class initialized using 'CodeIgniter\Session\Handlers\FileHandler' driver.
INFO - 2022-10-10 10:42:06 --> CSRF cookie sent.
INFO - 2022-10-10 10:42:06 --> Session: Class initialized using 'CodeIgniter\Session\Handlers\FileHandler' driver.
INFO - 2022-10-10 10:42:12 --> CSRF cookie sent.
INFO - 2022-10-10 10:42:12 --> CSRF token verified.
INFO - 2022-10-10 10:42:12 --> Session: Class initialized using 'CodeIgniter\Session\Handlers\FileHandler' driver.
INFO - 2022-10-10 10:42:14 --> CSRF cookie sent.
INFO - 2022-10-10 10:42:14 --> Session: Class initialized using 'CodeIgniter\Session\Handlers\FileHandler' driver.
INFO - 2022-10-10 10:42:15 --> CSRF cookie sent.
INFO - 2022-10-10 10:42:15 --> Session: Class initialized using 'CodeIgniter\Session\Handlers\FileHandler' driver.
INFO - 2022-10-10 10:42:19 --> CSRF cookie sent.
INFO - 2022-10-10 10:42:19 --> Session: Class initialized using 'CodeIgniter\Session\Handlers\FileHandler' driver.
INFO - 2022-10-10 10:42:20 --> CSRF cookie sent.
INFO - 2022-10-10 10:42:20 --> Session: Class initialized using 'CodeIgniter\Session\Handlers\FileHandler' driver.
INFO - 2022-10-10 10:42:21 --> CSRF cookie sent.
INFO - 2022-10-10 10:42:21 --> Session: Class initialized using 'CodeIgniter\Session\Handlers\FileHandler' driver.
INFO - 2022-10-10 10:43:50 --> CSRF cookie sent.
INFO - 2022-10-10 10:43:50 --> Session: Class initialized using 'CodeIgniter\Session\Handlers\FileHandler' driver.
INFO - 2022-10-10 10:43:51 --> CSRF cookie sent.
INFO - 2022-10-10 10:43:51 --> Session: Class initialized using 'CodeIgniter\Session\Handlers\FileHandler' driver.
INFO - 2022-10-10 10:43:51 --> CSRF cookie sent.
INFO - 2022-10-10 10:43:51 --> Session: Class initialized using 'CodeIgniter\Session\Handlers\FileHandler' driver.
INFO - 2022-10-10 10:44:08 --> CSRF cookie sent.
INFO - 2022-10-10 10:44:08 --> Session: Class initialized using 'CodeIgniter\Session\Handlers\FileHandler' driver.
INFO - 2022-10-10 10:44:09 --> CSRF cookie sent.
INFO - 2022-10-10 10:44:09 --> Session: Class initialized using 'CodeIgniter\Session\Handlers\FileHandler' driver.
INFO - 2022-10-10 10:44:09 --> CSRF cookie sent.
INFO - 2022-10-10 10:44:09 --> Session: Class initialized using 'CodeIgniter\Session\Handlers\FileHandler' driver.
INFO - 2022-10-10 10:44:10 --> CSRF cookie sent.
INFO - 2022-10-10 10:44:10 --> Session: Class initialized using 'CodeIgniter\Session\Handlers\FileHandler' driver.
INFO - 2022-10-10 10:44:15 --> CSRF cookie sent.
INFO - 2022-10-10 10:44:15 --> Session: Class initialized using 'CodeIgniter\Session\Handlers\FileHandler' driver.
INFO - 2022-10-10 10:44:16 --> CSRF cookie sent.
INFO - 2022-10-10 10:44:16 --> Session: Class initialized using 'CodeIgniter\Session\Handlers\FileHandler' driver.
INFO - 2022-10-10 10:44:17 --> CSRF cookie sent.
INFO - 2022-10-10 10:44:17 --> Session: Class initialized using 'CodeIgniter\Session\Handlers\FileHandler' driver.
INFO - 2022-10-10 10:44:18 --> CSRF cookie sent.
INFO - 2022-10-10 10:44:18 --> CSRF cookie sent.
INFO - 2022-10-10 10:44:18 --> CSRF cookie sent.
INFO - 2022-10-10 10:44:18 --> Session: Class initialized using 'CodeIgniter\Session\Handlers\FileHandler' driver.
INFO - 2022-10-10 10:44:18 --> Session: Class initialized using 'CodeIgniter\Session\Handlers\FileHandler' driver.
INFO - 2022-10-10 10:44:19 --> Session: Class initialized using 'CodeIgniter\Session\Handlers\FileHandler' driver.
INFO - 2022-10-10 10:44:19 --> CSRF cookie sent.
INFO - 2022-10-10 10:44:19 --> Session: Class initialized using 'CodeIgniter\Session\Handlers\FileHandler' driver.
INFO - 2022-10-10 10:44:21 --> CSRF cookie sent.
INFO - 2022-10-10 10:44:21 --> CSRF cookie sent.
INFO - 2022-10-10 10:44:21 --> Session: Class initialized using 'CodeIgniter\Session\Handlers\FileHandler' driver.
INFO - 2022-10-10 10:44:21 --> Session: Class initialized using 'CodeIgniter\Session\Handlers\FileHandler' driver.
INFO - 2022-10-10 10:44:57 --> CSRF cookie sent.
INFO - 2022-10-10 10:44:57 --> CSRF token verified.
INFO - 2022-10-10 10:44:57 --> Session: Class initialized using 'CodeIgniter\Session\Handlers\FileHandler' driver.
INFO - 2022-10-10 10:44:57 --> CSRF cookie sent.
INFO - 2022-10-10 10:44:57 --> Session: Class initialized using 'CodeIgniter\Session\Handlers\FileHandler' driver.
INFO - 2022-10-10 10:44:59 --> CSRF cookie sent.
INFO - 2022-10-10 10:44:59 --> Session: Class initialized using 'CodeIgniter\Session\Handlers\FileHandler' driver.
INFO - 2022-10-10 10:45:00 --> CSRF cookie sent.
INFO - 2022-10-10 10:45:00 --> Session: Class initialized using 'CodeIgniter\Session\Handlers\FileHandler' driver.
INFO - 2022-10-10 10:45:19 --> CSRF cookie sent.
INFO - 2022-10-10 10:45:19 --> CSRF token verified.
INFO - 2022-10-10 10:45:19 --> Session: Class initialized using 'CodeIgniter\Session\Handlers\FileHandler' driver.
INFO - 2022-10-10 10:45:19 --> CSRF cookie sent.
INFO - 2022-10-10 10:45:19 --> Session: Class initialized using 'CodeIgniter\Session\Handlers\FileHandler' driver.
INFO - 2022-10-10 10:45:20 --> CSRF cookie sent.
INFO - 2022-10-10 10:45:20 --> Session: Class initialized using 'CodeIgniter\Session\Handlers\FileHandler' driver.
INFO - 2022-10-10 10:45:21 --> CSRF cookie sent.
INFO - 2022-10-10 10:45:21 --> Session: Class initialized using 'CodeIgniter\Session\Handlers\FileHandler' driver.
INFO - 2022-10-10 10:46:36 --> CSRF cookie sent.
INFO - 2022-10-10 10:46:36 --> CSRF token verified.
INFO - 2022-10-10 10:46:36 --> Session: Class initialized using 'CodeIgniter\Session\Handlers\FileHandler' driver.
INFO - 2022-10-10 10:46:36 --> CSRF cookie sent.
INFO - 2022-10-10 10:46:36 --> Session: Class initialized using 'CodeIgniter\Session\Handlers\FileHandler' driver.
INFO - 2022-10-10 10:46:38 --> CSRF cookie sent.
INFO - 2022-10-10 10:46:38 --> Session: Class initialized using 'CodeIgniter\Session\Handlers\FileHandler' driver.
INFO - 2022-10-10 10:46:38 --> CSRF cookie sent.
INFO - 2022-10-10 10:46:38 --> Session: Class initialized using 'CodeIgniter\Session\Handlers\FileHandler' driver.
INFO - 2022-10-10 12:40:19 --> CSRF cookie sent.
INFO - 2022-10-10 12:40:19 --> Session: Class initialized using 'CodeIgniter\Session\Handlers\FileHandler' driver.
INFO - 2022-10-10 12:40:19 --> CSRF cookie sent.
INFO - 2022-10-10 12:40:19 --> Session: Class initialized using 'CodeIgniter\Session\Handlers\FileHandler' driver.
INFO - 2022-10-10 12:40:23 --> CSRF cookie sent.
INFO - 2022-10-10 12:40:23 --> CSRF token verified.
INFO - 2022-10-10 12:40:23 --> Session: Class initialized using 'CodeIgniter\Session\Handlers\FileHandler' driver.
INFO - 2022-10-10 12:40:23 --> CSRF cookie sent.
INFO - 2022-10-10 12:40:23 --> Session: Class initialized using 'CodeIgniter\Session\Handlers\FileHandler' driver.
INFO - 2022-10-10 12:40:24 --> CSRF cookie sent.
INFO - 2022-10-10 12:40:24 --> Session: Class initialized using 'CodeIgniter\Session\Handlers\FileHandler' driver.
INFO - 2022-10-10 12:40:24 --> CSRF cookie sent.
INFO - 2022-10-10 12:40:24 --> Session: Class initialized using 'CodeIgniter\Session\Handlers\FileHandler' driver.
INFO - 2022-10-10 12:40:39 --> Session: Class initialized using 'CodeIgniter\Session\Handlers\FileHandler' driver.
INFO - 2022-10-10 12:40:39 --> CSRF cookie sent.
INFO - 2022-10-10 12:40:39 --> Session: Class initialized using 'CodeIgniter\Session\Handlers\FileHandler' driver.
INFO - 2022-10-10 12:40:41 --> CSRF cookie sent.
INFO - 2022-10-10 12:40:41 --> Session: Class initialized using 'CodeIgniter\Session\Handlers\FileHandler' driver.
INFO - 2022-10-10 12:40:48 --> CSRF cookie sent.
INFO - 2022-10-10 12:40:48 --> CSRF token verified.
INFO - 2022-10-10 12:40:48 --> Session: Class initialized using 'CodeIgniter\Session\Handlers\FileHandler' driver.
INFO - 2022-10-10 12:40:49 --> CSRF cookie sent.
INFO - 2022-10-10 12:40:49 --> Session: Class initialized using 'CodeIgniter\Session\Handlers\FileHandler' driver.
INFO - 2022-10-10 12:40:51 --> CSRF cookie sent.
INFO - 2022-10-10 12:40:51 --> Session: Class initialized using 'CodeIgniter\Session\Handlers\FileHandler' driver.
INFO - 2022-10-10 12:40:52 --> CSRF cookie sent.
INFO - 2022-10-10 12:40:52 --> Session: Class initialized using 'CodeIgniter\Session\Handlers\FileHandler' driver.
INFO - 2022-10-10 12:40:52 --> CSRF cookie sent.
INFO - 2022-10-10 12:40:52 --> Session: Class initialized using 'CodeIgniter\Session\Handlers\FileHandler' driver.
INFO - 2022-10-10 12:40:53 --> CSRF cookie sent.
INFO - 2022-10-10 12:40:53 --> Session: Class initialized using 'CodeIgniter\Session\Handlers\FileHandler' driver.
INFO - 2022-10-10 12:41:01 --> CSRF cookie sent.
INFO - 2022-10-10 12:41:01 --> Session: Class initialized using 'CodeIgniter\Session\Handlers\FileHandler' driver.
INFO - 2022-10-10 12:41:03 --> CSRF cookie sent.
INFO - 2022-10-10 12:41:03 --> Session: Class initialized using 'CodeIgniter\Session\Handlers\FileHandler' driver.
INFO - 2022-10-10 12:41:03 --> CSRF cookie sent.
INFO - 2022-10-10 12:41:03 --> Session: Class initialized using 'CodeIgniter\Session\Handlers\FileHandler' driver.
INFO - 2022-10-10 12:41:07 --> CSRF cookie sent.
INFO - 2022-10-10 12:41:07 --> Session: Class initialized using 'CodeIgniter\Session\Handlers\FileHandler' driver.
INFO - 2022-10-10 12:41:08 --> CSRF cookie sent.
INFO - 2022-10-10 12:41:08 --> Session: Class initialized using 'CodeIgniter\Session\Handlers\FileHandler' driver.
INFO - 2022-10-10 12:41:08 --> CSRF cookie sent.
INFO - 2022-10-10 12:41:08 --> Session: Class initialized using 'CodeIgniter\Session\Handlers\FileHandler' driver.
INFO - 2022-10-10 12:41:15 --> CSRF cookie sent.
INFO - 2022-10-10 12:41:15 --> Session: Class initialized using 'CodeIgniter\Session\Handlers\FileHandler' driver.
INFO - 2022-10-10 12:41:16 --> CSRF cookie sent.
INFO - 2022-10-10 12:41:16 --> Session: Class initialized using 'CodeIgniter\Session\Handlers\FileHandler' driver.
INFO - 2022-10-10 12:41:17 --> CSRF cookie sent.
INFO - 2022-10-10 12:41:17 --> Session: Class initialized using 'CodeIgniter\Session\Handlers\FileHandler' driver.
INFO - 2022-10-10 12:41:18 --> CSRF cookie sent.
INFO - 2022-10-10 12:41:18 --> Session: Class initialized using 'CodeIgniter\Session\Handlers\FileHandler' driver.
INFO - 2022-10-10 12:41:18 --> CSRF cookie sent.
INFO - 2022-10-10 12:41:18 --> Session: Class initialized using 'CodeIgniter\Session\Handlers\FileHandler' driver.
INFO - 2022-10-10 12:41:28 --> CSRF cookie sent.
INFO - 2022-10-10 12:41:28 --> Session: Class initialized using 'CodeIgniter\Session\Handlers\FileHandler' driver.
INFO - 2022-10-10 12:41:28 --> CSRF cookie sent.
INFO - 2022-10-10 12:41:28 --> Session: Class initialized using 'CodeIgniter\Session\Handlers\FileHandler' driver.
INFO - 2022-10-10 12:41:29 --> CSRF cookie sent.
INFO - 2022-10-10 12:41:29 --> Session: Class initialized using 'CodeIgniter\Session\Handlers\FileHandler' driver.
INFO - 2022-10-10 12:41:29 --> CSRF cookie sent.
INFO - 2022-10-10 12:41:29 --> Session: Class initialized using 'CodeIgniter\Session\Handlers\FileHandler' driver.
INFO - 2022-10-10 12:41:31 --> CSRF cookie sent.
INFO - 2022-10-10 12:41:31 --> Session: Class initialized using 'CodeIgniter\Session\Handlers\FileHandler' driver.
INFO - 2022-10-10 12:41:32 --> CSRF cookie sent.
INFO - 2022-10-10 12:41:32 --> Session: Class initialized using 'CodeIgniter\Session\Handlers\FileHandler' driver.
INFO - 2022-10-10 12:41:33 --> CSRF cookie sent.
INFO - 2022-10-10 12:41:33 --> Session: Class initialized using 'CodeIgniter\Session\Handlers\FileHandler' driver.
INFO - 2022-10-10 12:41:36 --> CSRF cookie sent.
INFO - 2022-10-10 12:41:36 --> Session: Class initialized using 'CodeIgniter\Session\Handlers\FileHandler' driver.
INFO - 2022-10-10 12:41:37 --> CSRF cookie sent.
INFO - 2022-10-10 12:41:37 --> Session: Class initialized using 'CodeIgniter\Session\Handlers\FileHandler' driver.
INFO - 2022-10-10 12:41:38 --> CSRF cookie sent.
INFO - 2022-10-10 12:41:38 --> Session: Class initialized using 'CodeIgniter\Session\Handlers\FileHandler' driver.
INFO - 2022-10-10 12:41:45 --> CSRF cookie sent.
INFO - 2022-10-10 12:41:45 --> Session: Class initialized using 'CodeIgniter\Session\Handlers\FileHandler' driver.
INFO - 2022-10-10 12:41:45 --> CSRF cookie sent.
INFO - 2022-10-10 12:41:45 --> Session: Class initialized using 'CodeIgniter\Session\Handlers\FileHandler' driver.
INFO - 2022-10-10 12:41:46 --> CSRF cookie sent.
INFO - 2022-10-10 12:41:46 --> Session: Class initialized using 'CodeIgniter\Session\Handlers\FileHandler' driver.
INFO - 2022-10-10 12:41:47 --> CSRF cookie sent.
INFO - 2022-10-10 12:41:47 --> CSRF cookie sent.
INFO - 2022-10-10 12:41:47 --> Session: Class initialized using 'CodeIgniter\Session\Handlers\FileHandler' driver.
INFO - 2022-10-10 12:41:47 --> Session: Class initialized using 'CodeIgniter\Session\Handlers\FileHandler' driver.
INFO - 2022-10-10 12:41:48 --> CSRF cookie sent.
INFO - 2022-10-10 12:41:48 --> CSRF token verified.
INFO - 2022-10-10 12:41:48 --> Session: Class initialized using 'CodeIgniter\Session\Handlers\FileHandler' driver.
INFO - 2022-10-10 12:41:49 --> CSRF cookie sent.
INFO - 2022-10-10 12:41:49 --> Session: Class initialized using 'CodeIgniter\Session\Handlers\FileHandler' driver.
INFO - 2022-10-10 12:41:49 --> CSRF cookie sent.
INFO - 2022-10-10 12:41:49 --> Session: Class initialized using 'CodeIgniter\Session\Handlers\FileHandler' driver.
INFO - 2022-10-10 12:41:51 --> CSRF cookie sent.
INFO - 2022-10-10 12:41:51 --> CSRF token verified.
INFO - 2022-10-10 12:41:51 --> Session: Class initialized using 'CodeIgniter\Session\Handlers\FileHandler' driver.
INFO - 2022-10-10 12:41:51 --> CSRF cookie sent.
INFO - 2022-10-10 12:41:51 --> Session: Class initialized using 'CodeIgniter\Session\Handlers\FileHandler' driver.
INFO - 2022-10-10 12:41:52 --> CSRF cookie sent.
INFO - 2022-10-10 12:41:52 --> Session: Class initialized using 'CodeIgniter\Session\Handlers\FileHandler' driver.
INFO - 2022-10-10 12:41:53 --> CSRF cookie sent.
INFO - 2022-10-10 12:41:53 --> Session: Class initialized using 'CodeIgniter\Session\Handlers\FileHandler' driver.
INFO - 2022-10-10 12:41:53 --> CSRF cookie sent.
INFO - 2022-10-10 12:41:53 --> CSRF cookie sent.
INFO - 2022-10-10 12:41:53 --> CSRF token verified.
INFO - 2022-10-10 12:41:53 --> Session: Class initialized using 'CodeIgniter\Session\Handlers\FileHandler' driver.
INFO - 2022-10-10 12:41:53 --> Session: Class initialized using 'CodeIgniter\Session\Handlers\FileHandler' driver.
INFO - 2022-10-10 12:41:53 --> CSRF cookie sent.
INFO - 2022-10-10 12:41:53 --> Session: Class initialized using 'CodeIgniter\Session\Handlers\FileHandler' driver.
INFO - 2022-10-10 12:41:54 --> CSRF cookie sent.
INFO - 2022-10-10 12:41:54 --> Session: Class initialized using 'CodeIgniter\Session\Handlers\FileHandler' driver.
INFO - 2022-10-10 12:41:54 --> CSRF cookie sent.
INFO - 2022-10-10 12:41:54 --> Session: Class initialized using 'CodeIgniter\Session\Handlers\FileHandler' driver.
INFO - 2022-10-10 12:41:55 --> CSRF cookie sent.
INFO - 2022-10-10 12:41:55 --> Session: Class initialized using 'CodeIgniter\Session\Handlers\FileHandler' driver.
INFO - 2022-10-10 12:41:56 --> CSRF cookie sent.
INFO - 2022-10-10 12:41:56 --> Session: Class initialized using 'CodeIgniter\Session\Handlers\FileHandler' driver.
INFO - 2022-10-10 12:41:57 --> CSRF cookie sent.
INFO - 2022-10-10 12:41:57 --> Session: Class initialized using 'CodeIgniter\Session\Handlers\FileHandler' driver.
INFO - 2022-10-10 12:42:13 --> CSRF cookie sent.
INFO - 2022-10-10 12:42:13 --> Session: Class initialized using 'CodeIgniter\Session\Handlers\FileHandler' driver.
INFO - 2022-10-10 12:42:21 --> CSRF cookie sent.
INFO - 2022-10-10 12:42:21 --> Session: Class initialized using 'CodeIgniter\Session\Handlers\FileHandler' driver.
INFO - 2022-10-10 12:42:21 --> CSRF cookie sent.
INFO - 2022-10-10 12:42:21 --> Session: Class initialized using 'CodeIgniter\Session\Handlers\FileHandler' driver.
INFO - 2022-10-10 12:42:22 --> CSRF cookie sent.
INFO - 2022-10-10 12:42:22 --> Session: Class initialized using 'CodeIgniter\Session\Handlers\FileHandler' driver.
INFO - 2022-10-10 12:46:33 --> CSRF cookie sent.
INFO - 2022-10-10 12:46:33 --> CSRF cookie sent.
INFO - 2022-10-10 12:46:33 --> Session: Class initialized using 'CodeIgniter\Session\Handlers\FileHandler' driver.
INFO - 2022-10-10 12:46:33 --> Session: Class initialized using 'CodeIgniter\Session\Handlers\FileHandler' driver.
INFO - 2022-10-10 12:46:36 --> CSRF cookie sent.
INFO - 2022-10-10 12:46:36 --> CSRF token verified.
INFO - 2022-10-10 12:46:36 --> Session: Class initialized using 'CodeIgniter\Session\Handlers\FileHandler' driver.
INFO - 2022-10-10 12:46:36 --> CSRF cookie sent.
INFO - 2022-10-10 12:46:36 --> Session: Class initialized using 'CodeIgniter\Session\Handlers\FileHandler' driver.
INFO - 2022-10-10 12:46:37 --> CSRF cookie sent.
INFO - 2022-10-10 12:46:37 --> Session: Class initialized using 'CodeIgniter\Session\Handlers\FileHandler' driver.
INFO - 2022-10-10 12:46:37 --> CSRF cookie sent.
INFO - 2022-10-10 12:46:37 --> Session: Class initialized using 'CodeIgniter\Session\Handlers\FileHandler' driver.
INFO - 2022-10-10 12:46:38 --> CSRF cookie sent.
INFO - 2022-10-10 12:46:38 --> Session: Class initialized using 'CodeIgniter\Session\Handlers\FileHandler' driver.
INFO - 2022-10-10 12:46:39 --> CSRF cookie sent.
INFO - 2022-10-10 12:46:39 --> Session: Class initialized using 'CodeIgniter\Session\Handlers\FileHandler' driver.
INFO - 2022-10-10 12:46:40 --> CSRF cookie sent.
INFO - 2022-10-10 12:46:40 --> Session: Class initialized using 'CodeIgniter\Session\Handlers\FileHandler' driver.
INFO - 2022-10-10 12:56:55 --> CSRF cookie sent.
INFO - 2022-10-10 12:56:55 --> Session: Class initialized using 'CodeIgniter\Session\Handlers\FileHandler' driver.
INFO - 2022-10-10 12:56:55 --> CSRF cookie sent.
INFO - 2022-10-10 12:56:55 --> Session: Class initialized using 'CodeIgniter\Session\Handlers\FileHandler' driver.
INFO - 2022-10-10 12:56:56 --> CSRF cookie sent.
INFO - 2022-10-10 12:56:56 --> Session: Class initialized using 'CodeIgniter\Session\Handlers\FileHandler' driver.
INFO - 2022-10-10 13:02:31 --> CSRF cookie sent.
INFO - 2022-10-10 13:02:31 --> Session: Class initialized using 'CodeIgniter\Session\Handlers\FileHandler' driver.
INFO - 2022-10-10 13:02:32 --> CSRF cookie sent.
INFO - 2022-10-10 13:02:32 --> Session: Class initialized using 'CodeIgniter\Session\Handlers\FileHandler' driver.
INFO - 2022-10-10 13:35:12 --> CSRF cookie sent.
INFO - 2022-10-10 13:35:12 --> CSRF token verified.
INFO - 2022-10-10 13:35:12 --> Session: Class initialized using 'CodeIgniter\Session\Handlers\FileHandler' driver.
INFO - 2022-10-10 13:35:14 --> CSRF cookie sent.
INFO - 2022-10-10 13:35:14 --> Session: Class initialized using 'CodeIgniter\Session\Handlers\FileHandler' driver.
INFO - 2022-10-10 13:35:16 --> CSRF cookie sent.
INFO - 2022-10-10 13:35:16 --> Session: Class initialized using 'CodeIgniter\Session\Handlers\FileHandler' driver.
INFO - 2022-10-10 13:35:19 --> CSRF cookie sent.
INFO - 2022-10-10 13:35:19 --> Session: Class initialized using 'CodeIgniter\Session\Handlers\FileHandler' driver.
INFO - 2022-10-10 13:35:20 --> CSRF cookie sent.
INFO - 2022-10-10 13:35:20 --> Session: Class initialized using 'CodeIgniter\Session\Handlers\FileHandler' driver.
INFO - 2022-10-10 13:35:21 --> CSRF cookie sent.
INFO - 2022-10-10 13:35:21 --> Session: Class initialized using 'CodeIgniter\Session\Handlers\FileHandler' driver.
INFO - 2022-10-10 13:35:27 --> CSRF cookie sent.
INFO - 2022-10-10 13:35:27 --> Session: Class initialized using 'CodeIgniter\Session\Handlers\FileHandler' driver.
INFO - 2022-10-10 13:35:27 --> CSRF cookie sent.
INFO - 2022-10-10 13:35:27 --> Session: Class initialized using 'CodeIgniter\Session\Handlers\FileHandler' driver.
INFO - 2022-10-10 13:35:34 --> CSRF cookie sent.
INFO - 2022-10-10 13:35:34 --> Session: Class initialized using 'CodeIgniter\Session\Handlers\FileHandler' driver.
INFO - 2022-10-10 13:35:35 --> CSRF cookie sent.
INFO - 2022-10-10 13:35:35 --> Session: Class initialized using 'CodeIgniter\Session\Handlers\FileHandler' driver.
INFO - 2022-10-10 13:36:06 --> CSRF cookie sent.
INFO - 2022-10-10 13:36:06 --> CSRF token verified.
INFO - 2022-10-10 13:36:06 --> Session: Class initialized using 'CodeIgniter\Session\Handlers\FileHandler' driver.
INFO - 2022-10-10 13:36:06 --> CSRF cookie sent.
INFO - 2022-10-10 13:36:06 --> Session: Class initialized using 'CodeIgniter\Session\Handlers\FileHandler' driver.
INFO - 2022-10-10 13:36:07 --> CSRF cookie sent.
INFO - 2022-10-10 13:36:07 --> Session: Class initialized using 'CodeIgniter\Session\Handlers\FileHandler' driver.
INFO - 2022-10-10 13:36:11 --> CSRF cookie sent.
INFO - 2022-10-10 13:36:11 --> CSRF token verified.
INFO - 2022-10-10 13:36:11 --> Session: Class initialized using 'CodeIgniter\Session\Handlers\FileHandler' driver.
INFO - 2022-10-10 13:36:12 --> CSRF cookie sent.
INFO - 2022-10-10 13:36:12 --> Session: Class initialized using 'CodeIgniter\Session\Handlers\FileHandler' driver.
INFO - 2022-10-10 13:36:13 --> CSRF cookie sent.
INFO - 2022-10-10 13:36:13 --> Session: Class initialized using 'CodeIgniter\Session\Handlers\FileHandler' driver.
INFO - 2022-10-10 13:36:56 --> CSRF cookie sent.
INFO - 2022-10-10 13:36:56 --> CSRF token verified.
INFO - 2022-10-10 13:36:56 --> Session: Class initialized using 'CodeIgniter\Session\Handlers\FileHandler' driver.
INFO - 2022-10-10 13:36:59 --> CSRF cookie sent.
INFO - 2022-10-10 13:36:59 --> Session: Class initialized using 'CodeIgniter\Session\Handlers\FileHandler' driver.
INFO - 2022-10-10 13:37:03 --> CSRF cookie sent.
INFO - 2022-10-10 13:37:03 --> Session: Class initialized using 'CodeIgniter\Session\Handlers\FileHandler' driver.
INFO - 2022-10-10 13:37:03 --> CSRF cookie sent.
INFO - 2022-10-10 13:37:03 --> Session: Class initialized using 'CodeIgniter\Session\Handlers\FileHandler' driver.
INFO - 2022-10-10 13:37:04 --> CSRF cookie sent.
INFO - 2022-10-10 13:37:04 --> Session: Class initialized using 'CodeIgniter\Session\Handlers\FileHandler' driver.
INFO - 2022-10-10 13:37:05 --> CSRF cookie sent.
INFO - 2022-10-10 13:37:05 --> Session: Class initialized using 'CodeIgniter\Session\Handlers\FileHandler' driver.
INFO - 2022-10-10 13:37:05 --> CSRF cookie sent.
INFO - 2022-10-10 13:37:05 --> Session: Class initialized using 'CodeIgniter\Session\Handlers\FileHandler' driver.
INFO - 2022-10-10 13:37:05 --> CSRF cookie sent.
INFO - 2022-10-10 13:37:05 --> Session: Class initialized using 'CodeIgniter\Session\Handlers\FileHandler' driver.
INFO - 2022-10-10 13:37:06 --> CSRF cookie sent.
INFO - 2022-10-10 13:37:06 --> Session: Class initialized using 'CodeIgniter\Session\Handlers\FileHandler' driver.
INFO - 2022-10-10 13:37:07 --> CSRF cookie sent.
INFO - 2022-10-10 13:37:07 --> Session: Class initialized using 'CodeIgniter\Session\Handlers\FileHandler' driver.
INFO - 2022-10-10 13:37:30 --> CSRF cookie sent.
INFO - 2022-10-10 13:37:30 --> Session: Class initialized using 'CodeIgniter\Session\Handlers\FileHandler' driver.
INFO - 2022-10-10 13:37:31 --> CSRF cookie sent.
INFO - 2022-10-10 13:37:31 --> Session: Class initialized using 'CodeIgniter\Session\Handlers\FileHandler' driver.
INFO - 2022-10-10 13:37:31 --> CSRF cookie sent.
INFO - 2022-10-10 13:37:31 --> Session: Class initialized using 'CodeIgniter\Session\Handlers\FileHandler' driver.
INFO - 2022-10-10 13:37:36 --> CSRF cookie sent.
INFO - 2022-10-10 13:37:36 --> Session: Class initialized using 'CodeIgniter\Session\Handlers\FileHandler' driver.
INFO - 2022-10-10 13:37:36 --> CSRF cookie sent.
INFO - 2022-10-10 13:37:36 --> Session: Class initialized using 'CodeIgniter\Session\Handlers\FileHandler' driver.
INFO - 2022-10-10 13:37:36 --> CSRF cookie sent.
INFO - 2022-10-10 13:37:36 --> Session: Class initialized using 'CodeIgniter\Session\Handlers\FileHandler' driver.
INFO - 2022-10-10 13:37:37 --> CSRF cookie sent.
INFO - 2022-10-10 13:37:37 --> Session: Class initialized using 'CodeIgniter\Session\Handlers\FileHandler' driver.
INFO - 2022-10-10 13:37:38 --> CSRF cookie sent.
INFO - 2022-10-10 13:37:38 --> Session: Class initialized using 'CodeIgniter\Session\Handlers\FileHandler' driver.
INFO - 2022-10-10 13:37:39 --> CSRF cookie sent.
INFO - 2022-10-10 13:37:39 --> Session: Class initialized using 'CodeIgniter\Session\Handlers\FileHandler' driver.
INFO - 2022-10-10 13:37:45 --> CSRF cookie sent.
INFO - 2022-10-10 13:37:45 --> Session: Class initialized using 'CodeIgniter\Session\Handlers\FileHandler' driver.
INFO - 2022-10-10 13:37:45 --> CSRF cookie sent.
INFO - 2022-10-10 13:37:45 --> Session: Class initialized using 'CodeIgniter\Session\Handlers\FileHandler' driver.
INFO - 2022-10-10 13:39:41 --> CSRF cookie sent.
INFO - 2022-10-10 13:39:41 --> Session: Class initialized using 'CodeIgniter\Session\Handlers\FileHandler' driver.
INFO - 2022-10-10 13:40:09 --> CSRF cookie sent.
INFO - 2022-10-10 13:40:09 --> CSRF token verified.
INFO - 2022-10-10 13:40:09 --> Session: Class initialized using 'CodeIgniter\Session\Handlers\FileHandler' driver.
INFO - 2022-10-10 13:40:10 --> CSRF cookie sent.
INFO - 2022-10-10 13:40:10 --> Session: Class initialized using 'CodeIgniter\Session\Handlers\FileHandler' driver.
INFO - 2022-10-10 13:40:11 --> CSRF cookie sent.
INFO - 2022-10-10 13:40:11 --> Session: Class initialized using 'CodeIgniter\Session\Handlers\FileHandler' driver.
INFO - 2022-10-10 13:40:12 --> CSRF cookie sent.
INFO - 2022-10-10 13:40:12 --> Session: Class initialized using 'CodeIgniter\Session\Handlers\FileHandler' driver.
INFO - 2022-10-10 13:40:12 --> CSRF cookie sent.
INFO - 2022-10-10 13:40:12 --> Session: Class initialized using 'CodeIgniter\Session\Handlers\FileHandler' driver.
INFO - 2022-10-10 13:40:20 --> CSRF cookie sent.
INFO - 2022-10-10 13:40:20 --> CSRF token verified.
INFO - 2022-10-10 13:40:20 --> Session: Class initialized using 'CodeIgniter\Session\Handlers\FileHandler' driver.
INFO - 2022-10-10 13:40:20 --> CSRF cookie sent.
INFO - 2022-10-10 13:40:20 --> Session: Class initialized using 'CodeIgniter\Session\Handlers\FileHandler' driver.
INFO - 2022-10-10 13:40:21 --> CSRF cookie sent.
INFO - 2022-10-10 13:40:21 --> Session: Class initialized using 'CodeIgniter\Session\Handlers\FileHandler' driver.
INFO - 2022-10-10 13:40:21 --> CSRF cookie sent.
INFO - 2022-10-10 13:40:21 --> Session: Class initialized using 'CodeIgniter\Session\Handlers\FileHandler' driver.
INFO - 2022-10-10 13:40:22 --> CSRF cookie sent.
INFO - 2022-10-10 13:40:22 --> Session: Class initialized using 'CodeIgniter\Session\Handlers\FileHandler' driver.
INFO - 2022-10-10 13:40:49 --> CSRF cookie sent.
INFO - 2022-10-10 13:40:49 --> Session: Class initialized using 'CodeIgniter\Session\Handlers\FileHandler' driver.
INFO - 2022-10-10 13:40:50 --> CSRF cookie sent.
INFO - 2022-10-10 13:40:50 --> Session: Class initialized using 'CodeIgniter\Session\Handlers\FileHandler' driver.
INFO - 2022-10-10 13:40:51 --> CSRF cookie sent.
INFO - 2022-10-10 13:40:51 --> Session: Class initialized using 'CodeIgniter\Session\Handlers\FileHandler' driver.
INFO - 2022-10-10 13:40:52 --> CSRF cookie sent.
INFO - 2022-10-10 13:40:52 --> Session: Class initialized using 'CodeIgniter\Session\Handlers\FileHandler' driver.
INFO - 2022-10-10 13:40:56 --> CSRF cookie sent.
INFO - 2022-10-10 13:40:56 --> Session: Class initialized using 'CodeIgniter\Session\Handlers\FileHandler' driver.
INFO - 2022-10-10 13:40:57 --> CSRF cookie sent.
INFO - 2022-10-10 13:40:57 --> Session: Class initialized using 'CodeIgniter\Session\Handlers\FileHandler' driver.
INFO - 2022-10-10 13:41:00 --> CSRF cookie sent.
INFO - 2022-10-10 13:41:00 --> Session: Class initialized using 'CodeIgniter\Session\Handlers\FileHandler' driver.
INFO - 2022-10-10 13:41:23 --> CSRF cookie sent.
INFO - 2022-10-10 13:41:23 --> Session: Class initialized using 'CodeIgniter\Session\Handlers\FileHandler' driver.
INFO - 2022-10-10 13:41:25 --> CSRF cookie sent.
INFO - 2022-10-10 13:41:25 --> Session: Class initialized using 'CodeIgniter\Session\Handlers\FileHandler' driver.
INFO - 2022-10-10 13:41:26 --> CSRF cookie sent.
INFO - 2022-10-10 13:41:26 --> Session: Class initialized using 'CodeIgniter\Session\Handlers\FileHandler' driver.
INFO - 2022-10-10 13:41:39 --> CSRF cookie sent.
INFO - 2022-10-10 13:41:39 --> CSRF token verified.
INFO - 2022-10-10 13:41:39 --> Session: Class initialized using 'CodeIgniter\Session\Handlers\FileHandler' driver.
INFO - 2022-10-10 13:41:39 --> CSRF cookie sent.
INFO - 2022-10-10 13:41:39 --> Session: Class initialized using 'CodeIgniter\Session\Handlers\FileHandler' driver.
INFO - 2022-10-10 13:41:41 --> CSRF cookie sent.
INFO - 2022-10-10 13:41:41 --> Session: Class initialized using 'CodeIgniter\Session\Handlers\FileHandler' driver.
INFO - 2022-10-10 13:41:41 --> CSRF cookie sent.
INFO - 2022-10-10 13:41:41 --> Session: Class initialized using 'CodeIgniter\Session\Handlers\FileHandler' driver.
INFO - 2022-10-10 13:41:42 --> CSRF cookie sent.
INFO - 2022-10-10 13:41:42 --> Session: Class initialized using 'CodeIgniter\Session\Handlers\FileHandler' driver.
INFO - 2022-10-10 13:41:44 --> CSRF cookie sent.
INFO - 2022-10-10 13:41:44 --> Session: Class initialized using 'CodeIgniter\Session\Handlers\FileHandler' driver.
INFO - 2022-10-10 13:42:11 --> CSRF cookie sent.
INFO - 2022-10-10 13:42:11 --> Session: Class initialized using 'CodeIgniter\Session\Handlers\FileHandler' driver.
INFO - 2022-10-10 13:42:12 --> CSRF cookie sent.
INFO - 2022-10-10 13:42:12 --> Session: Class initialized using 'CodeIgniter\Session\Handlers\FileHandler' driver.
INFO - 2022-10-10 13:42:12 --> CSRF cookie sent.
INFO - 2022-10-10 13:42:12 --> Session: Class initialized using 'CodeIgniter\Session\Handlers\FileHandler' driver.
INFO - 2022-10-10 13:42:14 --> CSRF cookie sent.
INFO - 2022-10-10 13:42:14 --> Session: Class initialized using 'CodeIgniter\Session\Handlers\FileHandler' driver.
INFO - 2022-10-10 13:42:18 --> CSRF cookie sent.
INFO - 2022-10-10 13:42:18 --> Session: Class initialized using 'CodeIgniter\Session\Handlers\FileHandler' driver.
INFO - 2022-10-10 13:42:19 --> CSRF cookie sent.
INFO - 2022-10-10 13:42:19 --> Session: Class initialized using 'CodeIgniter\Session\Handlers\FileHandler' driver.
INFO - 2022-10-10 13:42:23 --> CSRF cookie sent.
INFO - 2022-10-10 13:42:23 --> Session: Class initialized using 'CodeIgniter\Session\Handlers\FileHandler' driver.
INFO - 2022-10-10 13:43:02 --> CSRF cookie sent.
INFO - 2022-10-10 13:43:02 --> CSRF token verified.
INFO - 2022-10-10 13:43:02 --> Session: Class initialized using 'CodeIgniter\Session\Handlers\FileHandler' driver.
INFO - 2022-10-10 13:43:03 --> CSRF cookie sent.
INFO - 2022-10-10 13:43:03 --> Session: Class initialized using 'CodeIgniter\Session\Handlers\FileHandler' driver.
INFO - 2022-10-10 13:43:05 --> CSRF cookie sent.
INFO - 2022-10-10 13:43:05 --> Session: Class initialized using 'CodeIgniter\Session\Handlers\FileHandler' driver.
INFO - 2022-10-10 13:43:06 --> CSRF cookie sent.
INFO - 2022-10-10 13:43:06 --> Session: Class initialized using 'CodeIgniter\Session\Handlers\FileHandler' driver.
INFO - 2022-10-10 13:43:06 --> CSRF cookie sent.
INFO - 2022-10-10 13:43:06 --> Session: Class initialized using 'CodeIgniter\Session\Handlers\FileHandler' driver.
INFO - 2022-10-10 13:43:37 --> CSRF cookie sent.
INFO - 2022-10-10 13:43:37 --> Session: Class initialized using 'CodeIgniter\Session\Handlers\FileHandler' driver.
INFO - 2022-10-10 13:44:23 --> CSRF cookie sent.
INFO - 2022-10-10 13:44:23 --> Session: Class initialized using 'CodeIgniter\Session\Handlers\FileHandler' driver.
INFO - 2022-10-10 13:44:23 --> CSRF cookie sent.
INFO - 2022-10-10 13:44:23 --> Session: Class initialized using 'CodeIgniter\Session\Handlers\FileHandler' driver.
INFO - 2022-10-10 13:44:23 --> CSRF cookie sent.
INFO - 2022-10-10 13:44:23 --> Session: Class initialized using 'CodeIgniter\Session\Handlers\FileHandler' driver.
INFO - 2022-10-10 14:43:12 --> CSRF cookie sent.
INFO - 2022-10-10 14:43:12 --> CSRF token verified.
INFO - 2022-10-10 14:43:12 --> Session: Class initialized using 'CodeIgniter\Session\Handlers\FileHandler' driver.
INFO - 2022-10-10 14:43:13 --> CSRF cookie sent.
INFO - 2022-10-10 14:43:13 --> Session: Class initialized using 'CodeIgniter\Session\Handlers\FileHandler' driver.
INFO - 2022-10-10 14:43:14 --> CSRF cookie sent.
INFO - 2022-10-10 14:43:14 --> Session: Class initialized using 'CodeIgniter\Session\Handlers\FileHandler' driver.
INFO - 2022-10-10 14:43:15 --> CSRF cookie sent.
INFO - 2022-10-10 14:43:15 --> Session: Class initialized using 'CodeIgniter\Session\Handlers\FileHandler' driver.
INFO - 2022-10-10 14:43:22 --> CSRF cookie sent.
INFO - 2022-10-10 14:43:22 --> Session: Class initialized using 'CodeIgniter\Session\Handlers\FileHandler' driver.
INFO - 2022-10-10 14:43:50 --> CSRF cookie sent.
INFO - 2022-10-10 14:43:50 --> Session: Class initialized using 'CodeIgniter\Session\Handlers\FileHandler' driver.
INFO - 2022-10-10 14:43:50 --> CSRF cookie sent.
INFO - 2022-10-10 14:43:50 --> Session: Class initialized using 'CodeIgniter\Session\Handlers\FileHandler' driver.
INFO - 2022-10-10 14:44:39 --> CSRF cookie sent.
INFO - 2022-10-10 14:44:39 --> Session: Class initialized using 'CodeIgniter\Session\Handlers\FileHandler' driver.
INFO - 2022-10-10 14:45:17 --> CSRF cookie sent.
INFO - 2022-10-10 14:45:17 --> CSRF token verified.
INFO - 2022-10-10 14:45:17 --> Session: Class initialized using 'CodeIgniter\Session\Handlers\FileHandler' driver.
INFO - 2022-10-10 14:45:18 --> CSRF cookie sent.
INFO - 2022-10-10 14:45:18 --> Session: Class initialized using 'CodeIgniter\Session\Handlers\FileHandler' driver.
INFO - 2022-10-10 14:45:19 --> CSRF cookie sent.
INFO - 2022-10-10 14:45:19 --> Session: Class initialized using 'CodeIgniter\Session\Handlers\FileHandler' driver.
INFO - 2022-10-10 14:45:19 --> CSRF cookie sent.
INFO - 2022-10-10 14:45:19 --> Session: Class initialized using 'CodeIgniter\Session\Handlers\FileHandler' driver.
INFO - 2022-10-10 14:45:20 --> CSRF cookie sent.
INFO - 2022-10-10 14:45:20 --> Session: Class initialized using 'CodeIgniter\Session\Handlers\FileHandler' driver.
INFO - 2022-10-10 14:45:21 --> CSRF cookie sent.
INFO - 2022-10-10 14:45:21 --> Session: Class initialized using 'CodeIgniter\Session\Handlers\FileHandler' driver.
INFO - 2022-10-10 14:45:22 --> CSRF cookie sent.
INFO - 2022-10-10 14:45:22 --> Session: Class initialized using 'CodeIgniter\Session\Handlers\FileHandler' driver.
INFO - 2022-10-10 14:45:57 --> CSRF cookie sent.
INFO - 2022-10-10 14:45:57 --> Session: Class initialized using 'CodeIgniter\Session\Handlers\FileHandler' driver.
INFO - 2022-10-10 14:45:57 --> CSRF cookie sent.
INFO - 2022-10-10 14:45:57 --> Session: Class initialized using 'CodeIgniter\Session\Handlers\FileHandler' driver.
INFO - 2022-10-10 14:45:57 --> CSRF cookie sent.
INFO - 2022-10-10 14:45:57 --> Session: Class initialized using 'CodeIgniter\Session\Handlers\FileHandler' driver.
INFO - 2022-10-10 15:04:57 --> CSRF cookie sent.
INFO - 2022-10-10 15:04:57 --> Session: Class initialized using 'CodeIgniter\Session\Handlers\FileHandler' driver.
INFO - 2022-10-10 15:04:58 --> CSRF cookie sent.
INFO - 2022-10-10 15:04:58 --> Session: Class initialized using 'CodeIgniter\Session\Handlers\FileHandler' driver.
INFO - 2022-10-10 15:05:01 --> CSRF cookie sent.
INFO - 2022-10-10 15:05:01 --> CSRF token verified.
INFO - 2022-10-10 15:05:01 --> Session: Class initialized using 'CodeIgniter\Session\Handlers\FileHandler' driver.
INFO - 2022-10-10 15:05:03 --> CSRF cookie sent.
INFO - 2022-10-10 15:05:03 --> Session: Class initialized using 'CodeIgniter\Session\Handlers\FileHandler' driver.
INFO - 2022-10-10 15:05:03 --> CSRF cookie sent.
INFO - 2022-10-10 15:05:03 --> Session: Class initialized using 'CodeIgniter\Session\Handlers\FileHandler' driver.
INFO - 2022-10-10 15:05:06 --> CSRF cookie sent.
INFO - 2022-10-10 15:05:06 --> Session: Class initialized using 'CodeIgniter\Session\Handlers\FileHandler' driver.
INFO - 2022-10-10 15:05:07 --> CSRF cookie sent.
INFO - 2022-10-10 15:05:07 --> Session: Class initialized using 'CodeIgniter\Session\Handlers\FileHandler' driver.
INFO - 2022-10-10 15:05:08 --> CSRF cookie sent.
INFO - 2022-10-10 15:05:08 --> Session: Class initialized using 'CodeIgniter\Session\Handlers\FileHandler' driver.
INFO - 2022-10-10 15:05:09 --> CSRF cookie sent.
INFO - 2022-10-10 15:05:09 --> Session: Class initialized using 'CodeIgniter\Session\Handlers\FileHandler' driver.
INFO - 2022-10-10 15:05:10 --> CSRF cookie sent.
INFO - 2022-10-10 15:05:10 --> Session: Class initialized using 'CodeIgniter\Session\Handlers\FileHandler' driver.
INFO - 2022-10-10 15:05:11 --> CSRF cookie sent.
INFO - 2022-10-10 15:05:11 --> Session: Class initialized using 'CodeIgniter\Session\Handlers\FileHandler' driver.
INFO - 2022-10-10 15:05:12 --> CSRF cookie sent.
INFO - 2022-10-10 15:05:12 --> CSRF cookie sent.
INFO - 2022-10-10 15:05:12 --> CSRF cookie sent.
INFO - 2022-10-10 15:05:12 --> Session: Class initialized using 'CodeIgniter\Session\Handlers\FileHandler' driver.
INFO - 2022-10-10 15:05:13 --> Session: Class initialized using 'CodeIgniter\Session\Handlers\FileHandler' driver.
INFO - 2022-10-10 15:05:13 --> Session: Class initialized using 'CodeIgniter\Session\Handlers\FileHandler' driver.
INFO - 2022-10-10 15:05:13 --> CSRF cookie sent.
INFO - 2022-10-10 15:05:13 --> Session: Class initialized using 'CodeIgniter\Session\Handlers\FileHandler' driver.
INFO - 2022-10-10 15:05:14 --> CSRF cookie sent.
INFO - 2022-10-10 15:05:14 --> CSRF cookie sent.
INFO - 2022-10-10 15:05:14 --> Session: Class initialized using 'CodeIgniter\Session\Handlers\FileHandler' driver.
INFO - 2022-10-10 15:05:14 --> Session: Class initialized using 'CodeIgniter\Session\Handlers\FileHandler' driver.
INFO - 2022-10-10 15:05:27 --> CSRF cookie sent.
INFO - 2022-10-10 15:05:27 --> CSRF token verified.
INFO - 2022-10-10 15:05:27 --> Session: Class initialized using 'CodeIgniter\Session\Handlers\FileHandler' driver.
INFO - 2022-10-10 15:05:28 --> CSRF cookie sent.
INFO - 2022-10-10 15:05:28 --> Session: Class initialized using 'CodeIgniter\Session\Handlers\FileHandler' driver.
INFO - 2022-10-10 15:05:29 --> CSRF cookie sent.
INFO - 2022-10-10 15:05:29 --> Session: Class initialized using 'CodeIgniter\Session\Handlers\FileHandler' driver.
INFO - 2022-10-10 15:05:30 --> CSRF cookie sent.
INFO - 2022-10-10 15:05:30 --> Session: Class initialized using 'CodeIgniter\Session\Handlers\FileHandler' driver.
INFO - 2022-10-10 15:05:33 --> CSRF cookie sent.
INFO - 2022-10-10 15:05:33 --> CSRF token verified.
INFO - 2022-10-10 15:05:33 --> Session: Class initialized using 'CodeIgniter\Session\Handlers\FileHandler' driver.
INFO - 2022-10-10 15:05:34 --> CSRF cookie sent.
INFO - 2022-10-10 15:05:34 --> Session: Class initialized using 'CodeIgniter\Session\Handlers\FileHandler' driver.
INFO - 2022-10-10 15:05:35 --> CSRF cookie sent.
INFO - 2022-10-10 15:05:35 --> Session: Class initialized using 'CodeIgniter\Session\Handlers\FileHandler' driver.
INFO - 2022-10-10 15:05:35 --> CSRF cookie sent.
INFO - 2022-10-10 15:05:35 --> Session: Class initialized using 'CodeIgniter\Session\Handlers\FileHandler' driver.
INFO - 2022-10-10 15:39:10 --> CSRF cookie sent.
INFO - 2022-10-10 15:39:10 --> Session: Class initialized using 'CodeIgniter\Session\Handlers\FileHandler' driver.
INFO - 2022-10-10 15:39:11 --> CSRF cookie sent.
INFO - 2022-10-10 15:39:11 --> Session: Class initialized using 'CodeIgniter\Session\Handlers\FileHandler' driver.
INFO - 2022-10-10 15:39:12 --> CSRF cookie sent.
INFO - 2022-10-10 15:39:12 --> Session: Class initialized using 'CodeIgniter\Session\Handlers\FileHandler' driver.
INFO - 2022-10-10 15:39:18 --> CSRF cookie sent.
INFO - 2022-10-10 15:39:18 --> Session: Class initialized using 'CodeIgniter\Session\Handlers\FileHandler' driver.
INFO - 2022-10-10 15:39:19 --> CSRF cookie sent.
INFO - 2022-10-10 15:39:19 --> Session: Class initialized using 'CodeIgniter\Session\Handlers\FileHandler' driver.
INFO - 2022-10-10 15:39:21 --> CSRF cookie sent.
INFO - 2022-10-10 15:39:21 --> Session: Class initialized using 'CodeIgniter\Session\Handlers\FileHandler' driver.
INFO - 2022-10-10 15:39:27 --> CSRF cookie sent.
INFO - 2022-10-10 15:39:27 --> Session: Class initialized using 'CodeIgniter\Session\Handlers\FileHandler' driver.
INFO - 2022-10-10 15:39:27 --> CSRF cookie sent.
INFO - 2022-10-10 15:39:27 --> Session: Class initialized using 'CodeIgniter\Session\Handlers\FileHandler' driver.
INFO - 2022-10-10 15:39:28 --> CSRF cookie sent.
INFO - 2022-10-10 15:39:28 --> Session: Class initialized using 'CodeIgniter\Session\Handlers\FileHandler' driver.
