INFO - 2021-12-03 07:43:52 --> CSRF cookie sent.
INFO - 2021-12-03 07:43:52 --> Session: Class initialized using 'CodeIgniter\Session\Handlers\FileHandler' driver.
INFO - 2021-12-03 07:43:52 --> CSRF cookie sent.
INFO - 2021-12-03 07:43:52 --> Session: Class initialized using 'CodeIgniter\Session\Handlers\FileHandler' driver.
INFO - 2021-12-03 07:44:01 --> CSRF cookie sent.
INFO - 2021-12-03 07:44:01 --> CSRF token verified.
INFO - 2021-12-03 07:44:01 --> Session: Class initialized using 'CodeIgniter\Session\Handlers\FileHandler' driver.
INFO - 2021-12-03 07:44:01 --> CSRF cookie sent.
INFO - 2021-12-03 07:44:01 --> Session: Class initialized using 'CodeIgniter\Session\Handlers\FileHandler' driver.
INFO - 2021-12-03 07:44:02 --> CSRF cookie sent.
INFO - 2021-12-03 07:44:02 --> Session: Class initialized using 'CodeIgniter\Session\Handlers\FileHandler' driver.
INFO - 2021-12-03 07:44:03 --> CSRF cookie sent.
INFO - 2021-12-03 07:44:03 --> Session: Class initialized using 'CodeIgniter\Session\Handlers\FileHandler' driver.
INFO - 2021-12-03 07:44:04 --> CSRF cookie sent.
INFO - 2021-12-03 07:44:04 --> Session: Class initialized using 'CodeIgniter\Session\Handlers\FileHandler' driver.
INFO - 2021-12-03 07:44:05 --> CSRF cookie sent.
INFO - 2021-12-03 07:44:05 --> Session: Class initialized using 'CodeIgniter\Session\Handlers\FileHandler' driver.
INFO - 2021-12-03 07:44:06 --> CSRF cookie sent.
INFO - 2021-12-03 07:44:06 --> Session: Class initialized using 'CodeIgniter\Session\Handlers\FileHandler' driver.
INFO - 2021-12-03 07:44:09 --> CSRF cookie sent.
INFO - 2021-12-03 07:44:09 --> Session: Class initialized using 'CodeIgniter\Session\Handlers\FileHandler' driver.
INFO - 2021-12-03 07:44:10 --> CSRF cookie sent.
INFO - 2021-12-03 07:44:10 --> Session: Class initialized using 'CodeIgniter\Session\Handlers\FileHandler' driver.
INFO - 2021-12-03 07:44:10 --> CSRF cookie sent.
INFO - 2021-12-03 07:44:10 --> Session: Class initialized using 'CodeIgniter\Session\Handlers\FileHandler' driver.
INFO - 2021-12-03 07:44:11 --> CSRF cookie sent.
INFO - 2021-12-03 07:44:11 --> Session: Class initialized using 'CodeIgniter\Session\Handlers\FileHandler' driver.
INFO - 2021-12-03 07:44:12 --> CSRF cookie sent.
INFO - 2021-12-03 07:44:12 --> Session: Class initialized using 'CodeIgniter\Session\Handlers\FileHandler' driver.
INFO - 2021-12-03 07:44:35 --> CSRF cookie sent.
INFO - 2021-12-03 07:44:35 --> Session: Class initialized using 'CodeIgniter\Session\Handlers\FileHandler' driver.
INFO - 2021-12-03 07:44:36 --> CSRF cookie sent.
INFO - 2021-12-03 07:44:36 --> Session: Class initialized using 'CodeIgniter\Session\Handlers\FileHandler' driver.
INFO - 2021-12-03 07:44:37 --> CSRF cookie sent.
INFO - 2021-12-03 07:44:37 --> Session: Class initialized using 'CodeIgniter\Session\Handlers\FileHandler' driver.
INFO - 2021-12-03 07:44:39 --> CSRF cookie sent.
INFO - 2021-12-03 07:44:39 --> Session: Class initialized using 'CodeIgniter\Session\Handlers\FileHandler' driver.
INFO - 2021-12-03 07:44:40 --> CSRF cookie sent.
INFO - 2021-12-03 07:44:40 --> Session: Class initialized using 'CodeIgniter\Session\Handlers\FileHandler' driver.
INFO - 2021-12-03 07:44:40 --> CSRF cookie sent.
INFO - 2021-12-03 07:44:40 --> Session: Class initialized using 'CodeIgniter\Session\Handlers\FileHandler' driver.
INFO - 2021-12-03 07:44:43 --> CSRF cookie sent.
INFO - 2021-12-03 07:44:43 --> Session: Class initialized using 'CodeIgniter\Session\Handlers\FileHandler' driver.
INFO - 2021-12-03 07:44:44 --> CSRF cookie sent.
INFO - 2021-12-03 07:44:44 --> Session: Class initialized using 'CodeIgniter\Session\Handlers\FileHandler' driver.
INFO - 2021-12-03 07:44:44 --> CSRF cookie sent.
INFO - 2021-12-03 07:44:44 --> Session: Class initialized using 'CodeIgniter\Session\Handlers\FileHandler' driver.
INFO - 2021-12-03 07:44:47 --> CSRF cookie sent.
INFO - 2021-12-03 07:44:47 --> Session: Class initialized using 'CodeIgniter\Session\Handlers\FileHandler' driver.
INFO - 2021-12-03 07:44:48 --> CSRF cookie sent.
INFO - 2021-12-03 07:44:48 --> Session: Class initialized using 'CodeIgniter\Session\Handlers\FileHandler' driver.
INFO - 2021-12-03 07:44:48 --> CSRF cookie sent.
INFO - 2021-12-03 07:44:48 --> Session: Class initialized using 'CodeIgniter\Session\Handlers\FileHandler' driver.
INFO - 2021-12-03 07:55:08 --> CSRF cookie sent.
INFO - 2021-12-03 07:55:08 --> Session: Class initialized using 'CodeIgniter\Session\Handlers\FileHandler' driver.
INFO - 2021-12-03 07:55:08 --> CSRF cookie sent.
INFO - 2021-12-03 07:55:08 --> Session: Class initialized using 'CodeIgniter\Session\Handlers\FileHandler' driver.
INFO - 2021-12-03 07:55:08 --> CSRF cookie sent.
INFO - 2021-12-03 07:55:08 --> Session: Class initialized using 'CodeIgniter\Session\Handlers\FileHandler' driver.
INFO - 2021-12-03 08:06:47 --> CSRF cookie sent.
INFO - 2021-12-03 08:06:47 --> Session: Class initialized using 'CodeIgniter\Session\Handlers\FileHandler' driver.
INFO - 2021-12-03 08:06:49 --> CSRF cookie sent.
INFO - 2021-12-03 08:06:49 --> Session: Class initialized using 'CodeIgniter\Session\Handlers\FileHandler' driver.
INFO - 2021-12-03 08:07:01 --> CSRF cookie sent.
INFO - 2021-12-03 08:07:01 --> CSRF token verified.
INFO - 2021-12-03 08:07:01 --> Session: Class initialized using 'CodeIgniter\Session\Handlers\FileHandler' driver.
INFO - 2021-12-03 08:07:03 --> CSRF cookie sent.
INFO - 2021-12-03 08:07:03 --> Session: Class initialized using 'CodeIgniter\Session\Handlers\FileHandler' driver.
INFO - 2021-12-03 08:07:05 --> CSRF cookie sent.
INFO - 2021-12-03 08:07:05 --> Session: Class initialized using 'CodeIgniter\Session\Handlers\FileHandler' driver.
INFO - 2021-12-03 08:07:06 --> CSRF cookie sent.
INFO - 2021-12-03 08:07:06 --> Session: Class initialized using 'CodeIgniter\Session\Handlers\FileHandler' driver.
INFO - 2021-12-03 08:07:18 --> CSRF cookie sent.
INFO - 2021-12-03 08:07:18 --> CSRF token verified.
INFO - 2021-12-03 08:07:18 --> Session: Class initialized using 'CodeIgniter\Session\Handlers\FileHandler' driver.
INFO - 2021-12-03 08:07:19 --> CSRF cookie sent.
INFO - 2021-12-03 08:07:19 --> Session: Class initialized using 'CodeIgniter\Session\Handlers\FileHandler' driver.
INFO - 2021-12-03 08:07:21 --> CSRF cookie sent.
INFO - 2021-12-03 08:07:21 --> Session: Class initialized using 'CodeIgniter\Session\Handlers\FileHandler' driver.
INFO - 2021-12-03 08:10:52 --> CSRF cookie sent.
INFO - 2021-12-03 08:10:52 --> Session: Class initialized using 'CodeIgniter\Session\Handlers\FileHandler' driver.
INFO - 2021-12-03 08:10:52 --> CSRF cookie sent.
INFO - 2021-12-03 08:10:52 --> Session: Class initialized using 'CodeIgniter\Session\Handlers\FileHandler' driver.
INFO - 2021-12-03 08:11:03 --> CSRF cookie sent.
INFO - 2021-12-03 08:11:03 --> CSRF token verified.
INFO - 2021-12-03 08:11:03 --> Session: Class initialized using 'CodeIgniter\Session\Handlers\FileHandler' driver.
INFO - 2021-12-03 08:11:03 --> CSRF cookie sent.
INFO - 2021-12-03 08:11:03 --> Session: Class initialized using 'CodeIgniter\Session\Handlers\FileHandler' driver.
INFO - 2021-12-03 08:11:04 --> CSRF cookie sent.
INFO - 2021-12-03 08:11:04 --> Session: Class initialized using 'CodeIgniter\Session\Handlers\FileHandler' driver.
INFO - 2021-12-03 08:14:48 --> CSRF cookie sent.
INFO - 2021-12-03 08:14:48 --> Session: Class initialized using 'CodeIgniter\Session\Handlers\FileHandler' driver.
INFO - 2021-12-03 08:14:49 --> CSRF cookie sent.
INFO - 2021-12-03 08:14:49 --> Session: Class initialized using 'CodeIgniter\Session\Handlers\FileHandler' driver.
INFO - 2021-12-03 08:14:54 --> CSRF cookie sent.
INFO - 2021-12-03 08:14:54 --> CSRF token verified.
INFO - 2021-12-03 08:14:54 --> Session: Class initialized using 'CodeIgniter\Session\Handlers\FileHandler' driver.
INFO - 2021-12-03 08:14:54 --> CSRF cookie sent.
INFO - 2021-12-03 08:14:54 --> Session: Class initialized using 'CodeIgniter\Session\Handlers\FileHandler' driver.
INFO - 2021-12-03 08:14:55 --> CSRF cookie sent.
INFO - 2021-12-03 08:14:55 --> Session: Class initialized using 'CodeIgniter\Session\Handlers\FileHandler' driver.
INFO - 2021-12-03 08:14:55 --> CSRF cookie sent.
INFO - 2021-12-03 08:14:55 --> Session: Class initialized using 'CodeIgniter\Session\Handlers\FileHandler' driver.
INFO - 2021-12-03 08:14:56 --> CSRF cookie sent.
INFO - 2021-12-03 08:14:56 --> Session: Class initialized using 'CodeIgniter\Session\Handlers\FileHandler' driver.
INFO - 2021-12-03 08:14:57 --> CSRF cookie sent.
INFO - 2021-12-03 08:14:57 --> Session: Class initialized using 'CodeIgniter\Session\Handlers\FileHandler' driver.
INFO - 2021-12-03 08:14:57 --> CSRF cookie sent.
INFO - 2021-12-03 08:14:57 --> Session: Class initialized using 'CodeIgniter\Session\Handlers\FileHandler' driver.
INFO - 2021-12-03 08:15:00 --> CSRF cookie sent.
INFO - 2021-12-03 08:15:00 --> Session: Class initialized using 'CodeIgniter\Session\Handlers\FileHandler' driver.
INFO - 2021-12-03 08:15:01 --> CSRF cookie sent.
INFO - 2021-12-03 08:15:01 --> Session: Class initialized using 'CodeIgniter\Session\Handlers\FileHandler' driver.
INFO - 2021-12-03 08:15:02 --> CSRF cookie sent.
INFO - 2021-12-03 08:15:02 --> Session: Class initialized using 'CodeIgniter\Session\Handlers\FileHandler' driver.
INFO - 2021-12-03 08:15:04 --> CSRF cookie sent.
INFO - 2021-12-03 08:15:04 --> Session: Class initialized using 'CodeIgniter\Session\Handlers\FileHandler' driver.
INFO - 2021-12-03 08:15:05 --> CSRF cookie sent.
INFO - 2021-12-03 08:15:05 --> Session: Class initialized using 'CodeIgniter\Session\Handlers\FileHandler' driver.
INFO - 2021-12-03 08:15:06 --> CSRF cookie sent.
INFO - 2021-12-03 08:15:06 --> Session: Class initialized using 'CodeIgniter\Session\Handlers\FileHandler' driver.
INFO - 2021-12-03 08:15:13 --> CSRF cookie sent.
INFO - 2021-12-03 08:15:13 --> Session: Class initialized using 'CodeIgniter\Session\Handlers\FileHandler' driver.
INFO - 2021-12-03 08:15:13 --> CSRF cookie sent.
INFO - 2021-12-03 08:15:13 --> Session: Class initialized using 'CodeIgniter\Session\Handlers\FileHandler' driver.
INFO - 2021-12-03 08:15:14 --> CSRF cookie sent.
INFO - 2021-12-03 08:15:14 --> Session: Class initialized using 'CodeIgniter\Session\Handlers\FileHandler' driver.
INFO - 2021-12-03 08:16:58 --> CSRF cookie sent.
INFO - 2021-12-03 08:16:58 --> Session: Class initialized using 'CodeIgniter\Session\Handlers\FileHandler' driver.
INFO - 2021-12-03 08:16:58 --> CSRF cookie sent.
INFO - 2021-12-03 08:16:58 --> Session: Class initialized using 'CodeIgniter\Session\Handlers\FileHandler' driver.
INFO - 2021-12-03 08:17:05 --> CSRF cookie sent.
INFO - 2021-12-03 08:17:05 --> CSRF token verified.
INFO - 2021-12-03 08:17:05 --> Session: Class initialized using 'CodeIgniter\Session\Handlers\FileHandler' driver.
INFO - 2021-12-03 08:17:06 --> CSRF cookie sent.
INFO - 2021-12-03 08:17:06 --> Session: Class initialized using 'CodeIgniter\Session\Handlers\FileHandler' driver.
INFO - 2021-12-03 08:17:06 --> CSRF cookie sent.
INFO - 2021-12-03 08:17:06 --> Session: Class initialized using 'CodeIgniter\Session\Handlers\FileHandler' driver.
INFO - 2021-12-03 08:23:58 --> CSRF cookie sent.
INFO - 2021-12-03 08:23:58 --> Session: Class initialized using 'CodeIgniter\Session\Handlers\FileHandler' driver.
INFO - 2021-12-03 08:23:59 --> CSRF cookie sent.
INFO - 2021-12-03 08:23:59 --> Session: Class initialized using 'CodeIgniter\Session\Handlers\FileHandler' driver.
INFO - 2021-12-03 08:23:59 --> CSRF cookie sent.
INFO - 2021-12-03 08:23:59 --> Session: Class initialized using 'CodeIgniter\Session\Handlers\FileHandler' driver.
INFO - 2021-12-03 08:24:17 --> CSRF cookie sent.
INFO - 2021-12-03 08:24:17 --> CSRF token verified.
INFO - 2021-12-03 08:24:17 --> Session: Class initialized using 'CodeIgniter\Session\Handlers\FileHandler' driver.
INFO - 2021-12-03 08:24:17 --> CSRF cookie sent.
INFO - 2021-12-03 08:24:17 --> Session: Class initialized using 'CodeIgniter\Session\Handlers\FileHandler' driver.
INFO - 2021-12-03 08:24:18 --> CSRF cookie sent.
INFO - 2021-12-03 08:24:18 --> Session: Class initialized using 'CodeIgniter\Session\Handlers\FileHandler' driver.
INFO - 2021-12-03 08:24:18 --> CSRF cookie sent.
INFO - 2021-12-03 08:24:18 --> Session: Class initialized using 'CodeIgniter\Session\Handlers\FileHandler' driver.
INFO - 2021-12-03 08:24:18 --> CSRF cookie sent.
INFO - 2021-12-03 08:24:18 --> Session: Class initialized using 'CodeIgniter\Session\Handlers\FileHandler' driver.
INFO - 2021-12-03 08:24:19 --> CSRF cookie sent.
INFO - 2021-12-03 08:24:19 --> Session: Class initialized using 'CodeIgniter\Session\Handlers\FileHandler' driver.
INFO - 2021-12-03 08:24:19 --> CSRF cookie sent.
INFO - 2021-12-03 08:24:19 --> Session: Class initialized using 'CodeIgniter\Session\Handlers\FileHandler' driver.
INFO - 2021-12-03 08:25:02 --> CSRF cookie sent.
INFO - 2021-12-03 08:25:02 --> Session: Class initialized using 'CodeIgniter\Session\Handlers\FileHandler' driver.
INFO - 2021-12-03 08:25:03 --> CSRF cookie sent.
INFO - 2021-12-03 08:25:03 --> Session: Class initialized using 'CodeIgniter\Session\Handlers\FileHandler' driver.
INFO - 2021-12-03 08:25:04 --> CSRF cookie sent.
INFO - 2021-12-03 08:25:04 --> Session: Class initialized using 'CodeIgniter\Session\Handlers\FileHandler' driver.
INFO - 2021-12-03 08:25:07 --> CSRF cookie sent.
INFO - 2021-12-03 08:25:07 --> Session: Class initialized using 'CodeIgniter\Session\Handlers\FileHandler' driver.
INFO - 2021-12-03 08:25:08 --> CSRF cookie sent.
INFO - 2021-12-03 08:25:08 --> Session: Class initialized using 'CodeIgniter\Session\Handlers\FileHandler' driver.
INFO - 2021-12-03 08:25:08 --> CSRF cookie sent.
INFO - 2021-12-03 08:25:08 --> Session: Class initialized using 'CodeIgniter\Session\Handlers\FileHandler' driver.
INFO - 2021-12-03 08:36:27 --> CSRF cookie sent.
INFO - 2021-12-03 08:36:27 --> Session: Class initialized using 'CodeIgniter\Session\Handlers\FileHandler' driver.
INFO - 2021-12-03 08:36:27 --> CSRF cookie sent.
INFO - 2021-12-03 08:36:27 --> Session: Class initialized using 'CodeIgniter\Session\Handlers\FileHandler' driver.
INFO - 2021-12-03 08:36:28 --> CSRF cookie sent.
INFO - 2021-12-03 08:36:28 --> Session: Class initialized using 'CodeIgniter\Session\Handlers\FileHandler' driver.
INFO - 2021-12-03 08:36:28 --> CSRF cookie sent.
INFO - 2021-12-03 08:36:28 --> Session: Class initialized using 'CodeIgniter\Session\Handlers\FileHandler' driver.
INFO - 2021-12-03 08:36:30 --> CSRF cookie sent.
INFO - 2021-12-03 08:36:30 --> Session: Class initialized using 'CodeIgniter\Session\Handlers\FileHandler' driver.
INFO - 2021-12-03 08:36:30 --> CSRF cookie sent.
INFO - 2021-12-03 08:36:30 --> Session: Class initialized using 'CodeIgniter\Session\Handlers\FileHandler' driver.
INFO - 2021-12-03 08:36:31 --> CSRF cookie sent.
INFO - 2021-12-03 08:36:31 --> Session: Class initialized using 'CodeIgniter\Session\Handlers\FileHandler' driver.
INFO - 2021-12-03 08:36:37 --> CSRF cookie sent.
INFO - 2021-12-03 08:36:37 --> CSRF token verified.
INFO - 2021-12-03 08:36:37 --> Session: Class initialized using 'CodeIgniter\Session\Handlers\FileHandler' driver.
INFO - 2021-12-03 08:36:37 --> CSRF cookie sent.
INFO - 2021-12-03 08:36:37 --> Session: Class initialized using 'CodeIgniter\Session\Handlers\FileHandler' driver.
INFO - 2021-12-03 08:36:44 --> CSRF cookie sent.
INFO - 2021-12-03 08:36:44 --> CSRF token verified.
INFO - 2021-12-03 08:36:44 --> Session: Class initialized using 'CodeIgniter\Session\Handlers\FileHandler' driver.
INFO - 2021-12-03 08:36:44 --> CSRF cookie sent.
INFO - 2021-12-03 08:36:44 --> Session: Class initialized using 'CodeIgniter\Session\Handlers\FileHandler' driver.
INFO - 2021-12-03 08:36:45 --> CSRF cookie sent.
INFO - 2021-12-03 08:36:45 --> Session: Class initialized using 'CodeIgniter\Session\Handlers\FileHandler' driver.
INFO - 2021-12-03 08:36:45 --> CSRF cookie sent.
INFO - 2021-12-03 08:36:45 --> Session: Class initialized using 'CodeIgniter\Session\Handlers\FileHandler' driver.
INFO - 2021-12-03 08:36:46 --> CSRF cookie sent.
INFO - 2021-12-03 08:36:46 --> Session: Class initialized using 'CodeIgniter\Session\Handlers\FileHandler' driver.
INFO - 2021-12-03 08:36:47 --> CSRF cookie sent.
INFO - 2021-12-03 08:36:47 --> Session: Class initialized using 'CodeIgniter\Session\Handlers\FileHandler' driver.
INFO - 2021-12-03 08:36:48 --> CSRF cookie sent.
INFO - 2021-12-03 08:36:48 --> Session: Class initialized using 'CodeIgniter\Session\Handlers\FileHandler' driver.
INFO - 2021-12-03 08:36:50 --> CSRF cookie sent.
INFO - 2021-12-03 08:36:50 --> Session: Class initialized using 'CodeIgniter\Session\Handlers\FileHandler' driver.
INFO - 2021-12-03 08:38:15 --> CSRF cookie sent.
INFO - 2021-12-03 08:38:15 --> CSRF token verified.
INFO - 2021-12-03 08:38:15 --> Session: Class initialized using 'CodeIgniter\Session\Handlers\FileHandler' driver.
INFO - 2021-12-03 08:38:15 --> CSRF cookie sent.
INFO - 2021-12-03 08:38:15 --> Session: Class initialized using 'CodeIgniter\Session\Handlers\FileHandler' driver.
INFO - 2021-12-03 08:38:16 --> CSRF cookie sent.
INFO - 2021-12-03 08:38:16 --> Session: Class initialized using 'CodeIgniter\Session\Handlers\FileHandler' driver.
INFO - 2021-12-03 08:38:17 --> CSRF cookie sent.
INFO - 2021-12-03 08:38:17 --> Session: Class initialized using 'CodeIgniter\Session\Handlers\FileHandler' driver.
INFO - 2021-12-03 08:38:17 --> CSRF cookie sent.
INFO - 2021-12-03 08:38:17 --> Session: Class initialized using 'CodeIgniter\Session\Handlers\FileHandler' driver.
INFO - 2021-12-03 08:38:20 --> CSRF cookie sent.
INFO - 2021-12-03 08:38:20 --> Session: Class initialized using 'CodeIgniter\Session\Handlers\FileHandler' driver.
INFO - 2021-12-03 08:38:20 --> CSRF cookie sent.
INFO - 2021-12-03 08:38:20 --> Session: Class initialized using 'CodeIgniter\Session\Handlers\FileHandler' driver.
INFO - 2021-12-03 08:39:02 --> CSRF cookie sent.
INFO - 2021-12-03 08:39:02 --> Session: Class initialized using 'CodeIgniter\Session\Handlers\FileHandler' driver.
INFO - 2021-12-03 08:39:04 --> CSRF cookie sent.
INFO - 2021-12-03 08:39:04 --> Session: Class initialized using 'CodeIgniter\Session\Handlers\FileHandler' driver.
INFO - 2021-12-03 08:39:15 --> CSRF cookie sent.
INFO - 2021-12-03 08:39:15 --> Session: Class initialized using 'CodeIgniter\Session\Handlers\FileHandler' driver.
INFO - 2021-12-03 08:39:15 --> CSRF cookie sent.
INFO - 2021-12-03 08:39:15 --> Session: Class initialized using 'CodeIgniter\Session\Handlers\FileHandler' driver.
INFO - 2021-12-03 08:39:16 --> CSRF cookie sent.
INFO - 2021-12-03 08:39:16 --> Session: Class initialized using 'CodeIgniter\Session\Handlers\FileHandler' driver.
INFO - 2021-12-03 08:40:43 --> CSRF cookie sent.
INFO - 2021-12-03 08:40:43 --> CSRF token verified.
INFO - 2021-12-03 08:40:43 --> Session: Class initialized using 'CodeIgniter\Session\Handlers\FileHandler' driver.
INFO - 2021-12-03 08:40:43 --> CSRF cookie sent.
INFO - 2021-12-03 08:40:43 --> Session: Class initialized using 'CodeIgniter\Session\Handlers\FileHandler' driver.
INFO - 2021-12-03 08:40:44 --> CSRF cookie sent.
INFO - 2021-12-03 08:40:44 --> Session: Class initialized using 'CodeIgniter\Session\Handlers\FileHandler' driver.
INFO - 2021-12-03 08:41:43 --> CSRF cookie sent.
INFO - 2021-12-03 08:41:43 --> Session: Class initialized using 'CodeIgniter\Session\Handlers\FileHandler' driver.
INFO - 2021-12-03 08:41:43 --> CSRF cookie sent.
INFO - 2021-12-03 08:41:43 --> Session: Class initialized using 'CodeIgniter\Session\Handlers\FileHandler' driver.
INFO - 2021-12-03 08:41:50 --> CSRF cookie sent.
INFO - 2021-12-03 08:41:50 --> CSRF token verified.
INFO - 2021-12-03 08:41:50 --> Session: Class initialized using 'CodeIgniter\Session\Handlers\FileHandler' driver.
INFO - 2021-12-03 08:41:50 --> CSRF cookie sent.
INFO - 2021-12-03 08:41:50 --> Session: Class initialized using 'CodeIgniter\Session\Handlers\FileHandler' driver.
INFO - 2021-12-03 08:41:51 --> CSRF cookie sent.
INFO - 2021-12-03 08:41:51 --> Session: Class initialized using 'CodeIgniter\Session\Handlers\FileHandler' driver.
INFO - 2021-12-03 08:42:18 --> CSRF cookie sent.
INFO - 2021-12-03 08:42:18 --> Session: Class initialized using 'CodeIgniter\Session\Handlers\FileHandler' driver.
INFO - 2021-12-03 08:42:19 --> CSRF cookie sent.
INFO - 2021-12-03 08:42:19 --> Session: Class initialized using 'CodeIgniter\Session\Handlers\FileHandler' driver.
INFO - 2021-12-03 08:44:10 --> CSRF cookie sent.
INFO - 2021-12-03 08:44:10 --> CSRF token verified.
INFO - 2021-12-03 08:44:10 --> Session: Class initialized using 'CodeIgniter\Session\Handlers\FileHandler' driver.
INFO - 2021-12-03 08:44:10 --> CSRF cookie sent.
INFO - 2021-12-03 08:44:10 --> Session: Class initialized using 'CodeIgniter\Session\Handlers\FileHandler' driver.
INFO - 2021-12-03 08:44:11 --> CSRF cookie sent.
INFO - 2021-12-03 08:44:11 --> Session: Class initialized using 'CodeIgniter\Session\Handlers\FileHandler' driver.
INFO - 2021-12-03 08:46:00 --> CSRF cookie sent.
INFO - 2021-12-03 08:46:00 --> Session: Class initialized using 'CodeIgniter\Session\Handlers\FileHandler' driver.
INFO - 2021-12-03 08:46:01 --> CSRF cookie sent.
INFO - 2021-12-03 08:46:01 --> Session: Class initialized using 'CodeIgniter\Session\Handlers\FileHandler' driver.
INFO - 2021-12-03 08:46:06 --> CSRF cookie sent.
INFO - 2021-12-03 08:46:06 --> CSRF token verified.
INFO - 2021-12-03 08:46:06 --> Session: Class initialized using 'CodeIgniter\Session\Handlers\FileHandler' driver.
INFO - 2021-12-03 08:46:06 --> CSRF cookie sent.
INFO - 2021-12-03 08:46:06 --> Session: Class initialized using 'CodeIgniter\Session\Handlers\FileHandler' driver.
INFO - 2021-12-03 08:46:07 --> CSRF cookie sent.
INFO - 2021-12-03 08:46:07 --> Session: Class initialized using 'CodeIgniter\Session\Handlers\FileHandler' driver.
INFO - 2021-12-03 09:12:08 --> CSRF cookie sent.
INFO - 2021-12-03 09:12:08 --> Session: Class initialized using 'CodeIgniter\Session\Handlers\FileHandler' driver.
INFO - 2021-12-03 09:12:09 --> CSRF cookie sent.
INFO - 2021-12-03 09:12:09 --> Session: Class initialized using 'CodeIgniter\Session\Handlers\FileHandler' driver.
INFO - 2021-12-03 09:13:19 --> CSRF cookie sent.
INFO - 2021-12-03 09:13:19 --> Session: Class initialized using 'CodeIgniter\Session\Handlers\FileHandler' driver.
INFO - 2021-12-03 09:13:20 --> CSRF cookie sent.
INFO - 2021-12-03 09:13:20 --> Session: Class initialized using 'CodeIgniter\Session\Handlers\FileHandler' driver.
INFO - 2021-12-03 09:15:51 --> CSRF cookie sent.
INFO - 2021-12-03 09:15:51 --> CSRF token verified.
INFO - 2021-12-03 09:15:51 --> Session: Class initialized using 'CodeIgniter\Session\Handlers\FileHandler' driver.
INFO - 2021-12-03 09:15:51 --> CSRF cookie sent.
INFO - 2021-12-03 09:15:51 --> Session: Class initialized using 'CodeIgniter\Session\Handlers\FileHandler' driver.
INFO - 2021-12-03 09:15:52 --> CSRF cookie sent.
INFO - 2021-12-03 09:15:52 --> Session: Class initialized using 'CodeIgniter\Session\Handlers\FileHandler' driver.
INFO - 2021-12-03 09:17:19 --> CSRF cookie sent.
INFO - 2021-12-03 09:17:19 --> Session: Class initialized using 'CodeIgniter\Session\Handlers\FileHandler' driver.
INFO - 2021-12-03 09:17:20 --> CSRF cookie sent.
INFO - 2021-12-03 09:17:20 --> Session: Class initialized using 'CodeIgniter\Session\Handlers\FileHandler' driver.
INFO - 2021-12-03 09:20:04 --> CSRF cookie sent.
INFO - 2021-12-03 09:20:04 --> CSRF token verified.
INFO - 2021-12-03 09:20:04 --> Session: Class initialized using 'CodeIgniter\Session\Handlers\FileHandler' driver.
INFO - 2021-12-03 09:20:04 --> CSRF cookie sent.
INFO - 2021-12-03 09:20:04 --> Session: Class initialized using 'CodeIgniter\Session\Handlers\FileHandler' driver.
INFO - 2021-12-03 09:20:04 --> CSRF cookie sent.
INFO - 2021-12-03 09:20:04 --> Session: Class initialized using 'CodeIgniter\Session\Handlers\FileHandler' driver.
INFO - 2021-12-03 09:28:33 --> CSRF cookie sent.
INFO - 2021-12-03 09:28:33 --> Session: Class initialized using 'CodeIgniter\Session\Handlers\FileHandler' driver.
INFO - 2021-12-03 09:28:34 --> CSRF cookie sent.
INFO - 2021-12-03 09:28:34 --> Session: Class initialized using 'CodeIgniter\Session\Handlers\FileHandler' driver.
INFO - 2021-12-03 09:54:10 --> CSRF cookie sent.
INFO - 2021-12-03 09:54:10 --> Session: Class initialized using 'CodeIgniter\Session\Handlers\FileHandler' driver.
INFO - 2021-12-03 09:54:10 --> CSRF cookie sent.
INFO - 2021-12-03 09:54:10 --> Session: Class initialized using 'CodeIgniter\Session\Handlers\FileHandler' driver.
INFO - 2021-12-03 09:54:16 --> CSRF cookie sent.
INFO - 2021-12-03 09:54:16 --> CSRF token verified.
INFO - 2021-12-03 09:54:16 --> Session: Class initialized using 'CodeIgniter\Session\Handlers\FileHandler' driver.
INFO - 2021-12-03 09:54:16 --> CSRF cookie sent.
INFO - 2021-12-03 09:54:16 --> Session: Class initialized using 'CodeIgniter\Session\Handlers\FileHandler' driver.
INFO - 2021-12-03 09:54:17 --> CSRF cookie sent.
INFO - 2021-12-03 09:54:17 --> Session: Class initialized using 'CodeIgniter\Session\Handlers\FileHandler' driver.
INFO - 2021-12-03 09:54:17 --> CSRF cookie sent.
INFO - 2021-12-03 09:54:17 --> Session: Class initialized using 'CodeIgniter\Session\Handlers\FileHandler' driver.
INFO - 2021-12-03 09:54:25 --> CSRF cookie sent.
INFO - 2021-12-03 09:54:25 --> Session: Class initialized using 'CodeIgniter\Session\Handlers\FileHandler' driver.
INFO - 2021-12-03 09:54:26 --> CSRF cookie sent.
INFO - 2021-12-03 09:54:26 --> Session: Class initialized using 'CodeIgniter\Session\Handlers\FileHandler' driver.
INFO - 2021-12-03 09:54:27 --> CSRF cookie sent.
INFO - 2021-12-03 09:54:27 --> Session: Class initialized using 'CodeIgniter\Session\Handlers\FileHandler' driver.
INFO - 2021-12-03 09:54:30 --> CSRF cookie sent.
INFO - 2021-12-03 09:54:30 --> Session: Class initialized using 'CodeIgniter\Session\Handlers\FileHandler' driver.
INFO - 2021-12-03 09:54:30 --> CSRF cookie sent.
INFO - 2021-12-03 09:54:30 --> Session: Class initialized using 'CodeIgniter\Session\Handlers\FileHandler' driver.
INFO - 2021-12-03 09:54:31 --> CSRF cookie sent.
INFO - 2021-12-03 09:54:31 --> Session: Class initialized using 'CodeIgniter\Session\Handlers\FileHandler' driver.
INFO - 2021-12-03 09:54:31 --> CSRF cookie sent.
INFO - 2021-12-03 09:54:31 --> Session: Class initialized using 'CodeIgniter\Session\Handlers\FileHandler' driver.
INFO - 2021-12-03 10:16:01 --> CSRF cookie sent.
INFO - 2021-12-03 10:16:01 --> Session: Class initialized using 'CodeIgniter\Session\Handlers\FileHandler' driver.
INFO - 2021-12-03 10:16:01 --> CSRF cookie sent.
INFO - 2021-12-03 10:16:01 --> Session: Class initialized using 'CodeIgniter\Session\Handlers\FileHandler' driver.
INFO - 2021-12-03 10:16:02 --> CSRF cookie sent.
INFO - 2021-12-03 10:16:02 --> Session: Class initialized using 'CodeIgniter\Session\Handlers\FileHandler' driver.
INFO - 2021-12-03 10:35:54 --> CSRF cookie sent.
INFO - 2021-12-03 10:35:54 --> CSRF token verified.
INFO - 2021-12-03 10:35:54 --> Session: Class initialized using 'CodeIgniter\Session\Handlers\FileHandler' driver.
INFO - 2021-12-03 10:35:55 --> CSRF cookie sent.
INFO - 2021-12-03 10:35:55 --> Session: Class initialized using 'CodeIgniter\Session\Handlers\FileHandler' driver.
INFO - 2021-12-03 10:36:09 --> CSRF cookie sent.
INFO - 2021-12-03 10:36:09 --> CSRF token verified.
INFO - 2021-12-03 10:36:09 --> Session: Class initialized using 'CodeIgniter\Session\Handlers\FileHandler' driver.
INFO - 2021-12-03 10:36:10 --> CSRF cookie sent.
INFO - 2021-12-03 10:36:10 --> Session: Class initialized using 'CodeIgniter\Session\Handlers\FileHandler' driver.
INFO - 2021-12-03 10:36:20 --> CSRF cookie sent.
INFO - 2021-12-03 10:36:20 --> CSRF token verified.
INFO - 2021-12-03 10:36:20 --> Session: Class initialized using 'CodeIgniter\Session\Handlers\FileHandler' driver.
CRITICAL - 2021-12-03 10:36:20 --> Argument 1 passed to CodeIgniter\HTTP\RedirectResponse::to() must be of the type string, null given, called in /home/apdwms/public_html/cella/Controllers/Pallets.php on line 583
#0 /home/apdwms/public_html/cella/Controllers/Pallets.php(583): CodeIgniter\HTTP\RedirectResponse->to()
#1 /home/apdwms/public_html/cella/Controllers/BaseController.php(456): CELLA\Controllers\Pallets->save()
#2 /home/apdwms/public_html/system/CodeIgniter.php(932): CELLA\Controllers\BaseController->_remap()
#3 /home/apdwms/public_html/system/CodeIgniter.php(432): CodeIgniter\CodeIgniter->runController()
#4 /home/apdwms/public_html/system/CodeIgniter.php(333): CodeIgniter\CodeIgniter->handleRequest()
#5 /home/apdwms/public_html/index.php(48): CodeIgniter\CodeIgniter->run()
#6 {main}
INFO - 2021-12-03 10:36:20 --> CSRF cookie sent.
INFO - 2021-12-03 10:36:20 --> Session: Class initialized using 'CodeIgniter\Session\Handlers\FileHandler' driver.
INFO - 2021-12-03 10:36:32 --> CSRF cookie sent.
INFO - 2021-12-03 10:36:32 --> Session: Class initialized using 'CodeIgniter\Session\Handlers\FileHandler' driver.
CRITICAL - 2021-12-03 10:36:32 --> Argument 1 passed to CodeIgniter\HTTP\RedirectResponse::to() must be of the type string, null given, called in /home/apdwms/public_html/cella/Controllers/Pallets.php on line 583
#0 /home/apdwms/public_html/cella/Controllers/Pallets.php(583): CodeIgniter\HTTP\RedirectResponse->to()
#1 /home/apdwms/public_html/cella/Controllers/BaseController.php(456): CELLA\Controllers\Pallets->save()
#2 /home/apdwms/public_html/system/CodeIgniter.php(932): CELLA\Controllers\BaseController->_remap()
#3 /home/apdwms/public_html/system/CodeIgniter.php(432): CodeIgniter\CodeIgniter->runController()
#4 /home/apdwms/public_html/system/CodeIgniter.php(333): CodeIgniter\CodeIgniter->handleRequest()
#5 /home/apdwms/public_html/index.php(48): CodeIgniter\CodeIgniter->run()
#6 {main}
INFO - 2021-12-03 10:36:32 --> CSRF cookie sent.
INFO - 2021-12-03 10:36:32 --> Session: Class initialized using 'CodeIgniter\Session\Handlers\FileHandler' driver.
INFO - 2021-12-03 10:36:35 --> CSRF cookie sent.
INFO - 2021-12-03 10:36:35 --> Session: Class initialized using 'CodeIgniter\Session\Handlers\FileHandler' driver.
INFO - 2021-12-03 10:36:35 --> CSRF cookie sent.
INFO - 2021-12-03 10:36:35 --> Session: Class initialized using 'CodeIgniter\Session\Handlers\FileHandler' driver.
INFO - 2021-12-03 10:36:38 --> CSRF cookie sent.
INFO - 2021-12-03 10:36:38 --> Session: Class initialized using 'CodeIgniter\Session\Handlers\FileHandler' driver.
INFO - 2021-12-03 10:36:39 --> CSRF cookie sent.
INFO - 2021-12-03 10:36:39 --> Session: Class initialized using 'CodeIgniter\Session\Handlers\FileHandler' driver.
INFO - 2021-12-03 10:37:01 --> CSRF cookie sent.
INFO - 2021-12-03 10:37:01 --> CSRF token verified.
INFO - 2021-12-03 10:37:01 --> Session: Class initialized using 'CodeIgniter\Session\Handlers\FileHandler' driver.
INFO - 2021-12-03 10:37:01 --> CSRF cookie sent.
INFO - 2021-12-03 10:37:01 --> Session: Class initialized using 'CodeIgniter\Session\Handlers\FileHandler' driver.
INFO - 2021-12-03 10:37:02 --> CSRF cookie sent.
INFO - 2021-12-03 10:37:02 --> Session: Class initialized using 'CodeIgniter\Session\Handlers\FileHandler' driver.
INFO - 2021-12-03 10:37:59 --> CSRF cookie sent.
INFO - 2021-12-03 10:37:59 --> Session: Class initialized using 'CodeIgniter\Session\Handlers\FileHandler' driver.
INFO - 2021-12-03 10:37:59 --> CSRF cookie sent.
INFO - 2021-12-03 10:37:59 --> Session: Class initialized using 'CodeIgniter\Session\Handlers\FileHandler' driver.
INFO - 2021-12-03 10:44:32 --> CSRF cookie sent.
INFO - 2021-12-03 10:44:32 --> CSRF token verified.
INFO - 2021-12-03 10:44:32 --> Session: Class initialized using 'CodeIgniter\Session\Handlers\FileHandler' driver.
INFO - 2021-12-03 10:44:32 --> CSRF cookie sent.
INFO - 2021-12-03 10:44:32 --> Session: Class initialized using 'CodeIgniter\Session\Handlers\FileHandler' driver.
INFO - 2021-12-03 10:44:33 --> CSRF cookie sent.
INFO - 2021-12-03 10:44:33 --> Session: Class initialized using 'CodeIgniter\Session\Handlers\FileHandler' driver.
INFO - 2021-12-03 10:45:22 --> CSRF cookie sent.
INFO - 2021-12-03 10:45:22 --> Session: Class initialized using 'CodeIgniter\Session\Handlers\FileHandler' driver.
INFO - 2021-12-03 10:45:23 --> CSRF cookie sent.
INFO - 2021-12-03 10:45:23 --> Session: Class initialized using 'CodeIgniter\Session\Handlers\FileHandler' driver.
INFO - 2021-12-03 10:52:09 --> CSRF cookie sent.
INFO - 2021-12-03 10:52:09 --> CSRF token verified.
INFO - 2021-12-03 10:52:09 --> Session: Class initialized using 'CodeIgniter\Session\Handlers\FileHandler' driver.
INFO - 2021-12-03 10:52:09 --> CSRF cookie sent.
INFO - 2021-12-03 10:52:09 --> Session: Class initialized using 'CodeIgniter\Session\Handlers\FileHandler' driver.
INFO - 2021-12-03 10:52:10 --> CSRF cookie sent.
INFO - 2021-12-03 10:52:10 --> Session: Class initialized using 'CodeIgniter\Session\Handlers\FileHandler' driver.
INFO - 2021-12-03 10:55:42 --> CSRF cookie sent.
INFO - 2021-12-03 10:55:42 --> Session: Class initialized using 'CodeIgniter\Session\Handlers\FileHandler' driver.
INFO - 2021-12-03 10:55:43 --> CSRF cookie sent.
INFO - 2021-12-03 10:55:43 --> Session: Class initialized using 'CodeIgniter\Session\Handlers\FileHandler' driver.
INFO - 2021-12-03 10:55:54 --> CSRF cookie sent.
INFO - 2021-12-03 10:55:54 --> CSRF token verified.
INFO - 2021-12-03 10:55:54 --> Session: Class initialized using 'CodeIgniter\Session\Handlers\FileHandler' driver.
INFO - 2021-12-03 10:55:54 --> CSRF cookie sent.
INFO - 2021-12-03 10:55:54 --> Session: Class initialized using 'CodeIgniter\Session\Handlers\FileHandler' driver.
INFO - 2021-12-03 10:55:55 --> CSRF cookie sent.
INFO - 2021-12-03 10:55:55 --> Session: Class initialized using 'CodeIgniter\Session\Handlers\FileHandler' driver.
INFO - 2021-12-03 10:58:17 --> CSRF cookie sent.
INFO - 2021-12-03 10:58:17 --> Session: Class initialized using 'CodeIgniter\Session\Handlers\FileHandler' driver.
INFO - 2021-12-03 10:58:18 --> CSRF cookie sent.
INFO - 2021-12-03 10:58:18 --> Session: Class initialized using 'CodeIgniter\Session\Handlers\FileHandler' driver.
INFO - 2021-12-03 11:26:22 --> CSRF cookie sent.
INFO - 2021-12-03 11:26:22 --> Session: Class initialized using 'CodeIgniter\Session\Handlers\FileHandler' driver.
INFO - 2021-12-03 11:26:23 --> CSRF cookie sent.
INFO - 2021-12-03 11:26:23 --> Session: Class initialized using 'CodeIgniter\Session\Handlers\FileHandler' driver.
INFO - 2021-12-03 11:26:26 --> CSRF cookie sent.
INFO - 2021-12-03 11:26:26 --> Session: Class initialized using 'CodeIgniter\Session\Handlers\FileHandler' driver.
INFO - 2021-12-03 11:26:26 --> CSRF cookie sent.
INFO - 2021-12-03 11:26:26 --> Session: Class initialized using 'CodeIgniter\Session\Handlers\FileHandler' driver.
INFO - 2021-12-03 11:27:47 --> CSRF cookie sent.
INFO - 2021-12-03 11:27:47 --> CSRF token verified.
INFO - 2021-12-03 11:27:47 --> Session: Class initialized using 'CodeIgniter\Session\Handlers\FileHandler' driver.
INFO - 2021-12-03 11:27:48 --> CSRF cookie sent.
INFO - 2021-12-03 11:27:48 --> Session: Class initialized using 'CodeIgniter\Session\Handlers\FileHandler' driver.
INFO - 2021-12-03 11:27:48 --> CSRF cookie sent.
INFO - 2021-12-03 11:27:48 --> Session: Class initialized using 'CodeIgniter\Session\Handlers\FileHandler' driver.
INFO - 2021-12-03 12:11:43 --> CSRF cookie sent.
INFO - 2021-12-03 12:11:43 --> Session: Class initialized using 'CodeIgniter\Session\Handlers\FileHandler' driver.
INFO - 2021-12-03 12:11:44 --> CSRF cookie sent.
INFO - 2021-12-03 12:11:44 --> Session: Class initialized using 'CodeIgniter\Session\Handlers\FileHandler' driver.
INFO - 2021-12-03 12:11:53 --> CSRF cookie sent.
INFO - 2021-12-03 12:11:53 --> CSRF token verified.
INFO - 2021-12-03 12:11:53 --> Session: Class initialized using 'CodeIgniter\Session\Handlers\FileHandler' driver.
INFO - 2021-12-03 12:11:54 --> CSRF cookie sent.
INFO - 2021-12-03 12:11:54 --> Session: Class initialized using 'CodeIgniter\Session\Handlers\FileHandler' driver.
INFO - 2021-12-03 12:12:03 --> CSRF cookie sent.
INFO - 2021-12-03 12:12:03 --> CSRF token verified.
INFO - 2021-12-03 12:12:03 --> Session: Class initialized using 'CodeIgniter\Session\Handlers\FileHandler' driver.
INFO - 2021-12-03 12:12:03 --> CSRF cookie sent.
INFO - 2021-12-03 12:12:03 --> Session: Class initialized using 'CodeIgniter\Session\Handlers\FileHandler' driver.
INFO - 2021-12-03 12:12:04 --> CSRF cookie sent.
INFO - 2021-12-03 12:12:04 --> Session: Class initialized using 'CodeIgniter\Session\Handlers\FileHandler' driver.
INFO - 2021-12-03 12:12:08 --> CSRF cookie sent.
INFO - 2021-12-03 12:12:08 --> Session: Class initialized using 'CodeIgniter\Session\Handlers\FileHandler' driver.
INFO - 2021-12-03 12:12:09 --> CSRF cookie sent.
INFO - 2021-12-03 12:12:09 --> Session: Class initialized using 'CodeIgniter\Session\Handlers\FileHandler' driver.
INFO - 2021-12-03 12:14:29 --> CSRF cookie sent.
INFO - 2021-12-03 12:14:29 --> Session: Class initialized using 'CodeIgniter\Session\Handlers\FileHandler' driver.
INFO - 2021-12-03 12:14:30 --> CSRF cookie sent.
INFO - 2021-12-03 12:14:30 --> Session: Class initialized using 'CodeIgniter\Session\Handlers\FileHandler' driver.
INFO - 2021-12-03 12:14:34 --> CSRF cookie sent.
INFO - 2021-12-03 12:14:34 --> CSRF token verified.
INFO - 2021-12-03 12:14:34 --> Session: Class initialized using 'CodeIgniter\Session\Handlers\FileHandler' driver.
INFO - 2021-12-03 12:14:35 --> CSRF cookie sent.
INFO - 2021-12-03 12:14:35 --> Session: Class initialized using 'CodeIgniter\Session\Handlers\FileHandler' driver.
INFO - 2021-12-03 12:14:39 --> CSRF cookie sent.
INFO - 2021-12-03 12:14:39 --> Session: Class initialized using 'CodeIgniter\Session\Handlers\FileHandler' driver.
INFO - 2021-12-03 12:14:39 --> CSRF cookie sent.
INFO - 2021-12-03 12:14:39 --> Session: Class initialized using 'CodeIgniter\Session\Handlers\FileHandler' driver.
INFO - 2021-12-03 12:14:47 --> CSRF cookie sent.
INFO - 2021-12-03 12:14:47 --> Session: Class initialized using 'CodeIgniter\Session\Handlers\FileHandler' driver.
INFO - 2021-12-03 12:14:48 --> CSRF cookie sent.
INFO - 2021-12-03 12:14:48 --> Session: Class initialized using 'CodeIgniter\Session\Handlers\FileHandler' driver.
INFO - 2021-12-03 12:14:55 --> CSRF cookie sent.
INFO - 2021-12-03 12:14:55 --> Session: Class initialized using 'CodeIgniter\Session\Handlers\FileHandler' driver.
INFO - 2021-12-03 12:14:56 --> CSRF cookie sent.
INFO - 2021-12-03 12:14:56 --> Session: Class initialized using 'CodeIgniter\Session\Handlers\FileHandler' driver.
INFO - 2021-12-03 12:14:56 --> CSRF cookie sent.
INFO - 2021-12-03 12:14:56 --> Session: Class initialized using 'CodeIgniter\Session\Handlers\FileHandler' driver.
INFO - 2021-12-03 12:14:56 --> CSRF cookie sent.
INFO - 2021-12-03 12:14:56 --> Session: Class initialized using 'CodeIgniter\Session\Handlers\FileHandler' driver.
INFO - 2021-12-03 12:14:57 --> CSRF cookie sent.
INFO - 2021-12-03 12:14:57 --> Session: Class initialized using 'CodeIgniter\Session\Handlers\FileHandler' driver.
INFO - 2021-12-03 12:14:59 --> CSRF cookie sent.
INFO - 2021-12-03 12:14:59 --> Session: Class initialized using 'CodeIgniter\Session\Handlers\FileHandler' driver.
INFO - 2021-12-03 12:14:59 --> CSRF cookie sent.
INFO - 2021-12-03 12:14:59 --> Session: Class initialized using 'CodeIgniter\Session\Handlers\FileHandler' driver.
INFO - 2021-12-03 12:15:01 --> CSRF cookie sent.
INFO - 2021-12-03 12:15:01 --> Session: Class initialized using 'CodeIgniter\Session\Handlers\FileHandler' driver.
INFO - 2021-12-03 12:15:02 --> CSRF cookie sent.
INFO - 2021-12-03 12:15:02 --> Session: Class initialized using 'CodeIgniter\Session\Handlers\FileHandler' driver.
INFO - 2021-12-03 12:15:03 --> CSRF cookie sent.
INFO - 2021-12-03 12:15:03 --> Session: Class initialized using 'CodeIgniter\Session\Handlers\FileHandler' driver.
INFO - 2021-12-03 12:15:05 --> CSRF cookie sent.
INFO - 2021-12-03 12:15:05 --> Session: Class initialized using 'CodeIgniter\Session\Handlers\FileHandler' driver.
INFO - 2021-12-03 12:15:06 --> CSRF cookie sent.
INFO - 2021-12-03 12:15:06 --> CSRF cookie sent.
INFO - 2021-12-03 12:15:06 --> Session: Class initialized using 'CodeIgniter\Session\Handlers\FileHandler' driver.
INFO - 2021-12-03 12:15:06 --> CSRF cookie sent.
INFO - 2021-12-03 12:15:06 --> Session: Class initialized using 'CodeIgniter\Session\Handlers\FileHandler' driver.
INFO - 2021-12-03 12:15:07 --> Session: Class initialized using 'CodeIgniter\Session\Handlers\FileHandler' driver.
INFO - 2021-12-03 12:15:18 --> CSRF cookie sent.
INFO - 2021-12-03 12:15:18 --> CSRF cookie sent.
INFO - 2021-12-03 12:15:18 --> Session: Class initialized using 'CodeIgniter\Session\Handlers\FileHandler' driver.
INFO - 2021-12-03 12:15:19 --> Session: Class initialized using 'CodeIgniter\Session\Handlers\FileHandler' driver.
INFO - 2021-12-03 12:15:42 --> CSRF cookie sent.
INFO - 2021-12-03 12:15:42 --> Session: Class initialized using 'CodeIgniter\Session\Handlers\FileHandler' driver.
INFO - 2021-12-03 12:15:42 --> CSRF cookie sent.
INFO - 2021-12-03 12:15:42 --> Session: Class initialized using 'CodeIgniter\Session\Handlers\FileHandler' driver.
INFO - 2021-12-03 12:15:45 --> CSRF cookie sent.
INFO - 2021-12-03 12:15:45 --> Session: Class initialized using 'CodeIgniter\Session\Handlers\FileHandler' driver.
INFO - 2021-12-03 12:15:46 --> CSRF cookie sent.
INFO - 2021-12-03 12:15:46 --> Session: Class initialized using 'CodeIgniter\Session\Handlers\FileHandler' driver.
INFO - 2021-12-03 12:15:48 --> CSRF cookie sent.
INFO - 2021-12-03 12:15:48 --> Session: Class initialized using 'CodeIgniter\Session\Handlers\FileHandler' driver.
INFO - 2021-12-03 12:15:49 --> CSRF cookie sent.
INFO - 2021-12-03 12:15:49 --> Session: Class initialized using 'CodeIgniter\Session\Handlers\FileHandler' driver.
INFO - 2021-12-03 12:17:15 --> CSRF cookie sent.
INFO - 2021-12-03 12:17:15 --> CSRF token verified.
INFO - 2021-12-03 12:17:15 --> Session: Class initialized using 'CodeIgniter\Session\Handlers\FileHandler' driver.
INFO - 2021-12-03 12:17:16 --> CSRF cookie sent.
INFO - 2021-12-03 12:17:16 --> Session: Class initialized using 'CodeIgniter\Session\Handlers\FileHandler' driver.
INFO - 2021-12-03 12:17:16 --> CSRF cookie sent.
INFO - 2021-12-03 12:17:16 --> Session: Class initialized using 'CodeIgniter\Session\Handlers\FileHandler' driver.
INFO - 2021-12-03 12:17:17 --> CSRF cookie sent.
INFO - 2021-12-03 12:17:17 --> Session: Class initialized using 'CodeIgniter\Session\Handlers\FileHandler' driver.
INFO - 2021-12-03 12:17:21 --> CSRF cookie sent.
INFO - 2021-12-03 12:17:21 --> Session: Class initialized using 'CodeIgniter\Session\Handlers\FileHandler' driver.
INFO - 2021-12-03 12:17:22 --> CSRF cookie sent.
INFO - 2021-12-03 12:17:22 --> Session: Class initialized using 'CodeIgniter\Session\Handlers\FileHandler' driver.
INFO - 2021-12-03 12:17:22 --> CSRF cookie sent.
INFO - 2021-12-03 12:17:22 --> Session: Class initialized using 'CodeIgniter\Session\Handlers\FileHandler' driver.
INFO - 2021-12-03 12:19:51 --> CSRF cookie sent.
INFO - 2021-12-03 12:19:51 --> CSRF token verified.
INFO - 2021-12-03 12:19:51 --> Session: Class initialized using 'CodeIgniter\Session\Handlers\FileHandler' driver.
INFO - 2021-12-03 12:19:52 --> CSRF cookie sent.
INFO - 2021-12-03 12:19:52 --> Session: Class initialized using 'CodeIgniter\Session\Handlers\FileHandler' driver.
INFO - 2021-12-03 12:19:53 --> CSRF cookie sent.
INFO - 2021-12-03 12:19:53 --> Session: Class initialized using 'CodeIgniter\Session\Handlers\FileHandler' driver.
INFO - 2021-12-03 12:19:54 --> CSRF cookie sent.
INFO - 2021-12-03 12:19:54 --> Session: Class initialized using 'CodeIgniter\Session\Handlers\FileHandler' driver.
INFO - 2021-12-03 12:19:57 --> CSRF cookie sent.
INFO - 2021-12-03 12:19:57 --> Session: Class initialized using 'CodeIgniter\Session\Handlers\FileHandler' driver.
INFO - 2021-12-03 12:19:58 --> CSRF cookie sent.
INFO - 2021-12-03 12:19:58 --> Session: Class initialized using 'CodeIgniter\Session\Handlers\FileHandler' driver.
INFO - 2021-12-03 12:19:59 --> CSRF cookie sent.
INFO - 2021-12-03 12:19:59 --> Session: Class initialized using 'CodeIgniter\Session\Handlers\FileHandler' driver.
INFO - 2021-12-03 12:20:07 --> CSRF cookie sent.
INFO - 2021-12-03 12:20:07 --> Session: Class initialized using 'CodeIgniter\Session\Handlers\FileHandler' driver.
INFO - 2021-12-03 12:20:07 --> CSRF cookie sent.
INFO - 2021-12-03 12:20:07 --> Session: Class initialized using 'CodeIgniter\Session\Handlers\FileHandler' driver.
INFO - 2021-12-03 12:20:59 --> CSRF cookie sent.
INFO - 2021-12-03 12:20:59 --> CSRF token verified.
INFO - 2021-12-03 12:20:59 --> Session: Class initialized using 'CodeIgniter\Session\Handlers\FileHandler' driver.
INFO - 2021-12-03 12:21:00 --> CSRF cookie sent.
INFO - 2021-12-03 12:21:00 --> Session: Class initialized using 'CodeIgniter\Session\Handlers\FileHandler' driver.
INFO - 2021-12-03 12:21:00 --> CSRF cookie sent.
INFO - 2021-12-03 12:21:00 --> Session: Class initialized using 'CodeIgniter\Session\Handlers\FileHandler' driver.
INFO - 2021-12-03 12:21:02 --> CSRF cookie sent.
INFO - 2021-12-03 12:21:02 --> Session: Class initialized using 'CodeIgniter\Session\Handlers\FileHandler' driver.
INFO - 2021-12-03 12:21:03 --> CSRF cookie sent.
INFO - 2021-12-03 12:21:03 --> Session: Class initialized using 'CodeIgniter\Session\Handlers\FileHandler' driver.
INFO - 2021-12-03 12:21:55 --> CSRF cookie sent.
INFO - 2021-12-03 12:21:55 --> CSRF token verified.
INFO - 2021-12-03 12:21:56 --> Session: Class initialized using 'CodeIgniter\Session\Handlers\FileHandler' driver.
INFO - 2021-12-03 12:21:56 --> CSRF cookie sent.
INFO - 2021-12-03 12:21:56 --> Session: Class initialized using 'CodeIgniter\Session\Handlers\FileHandler' driver.
INFO - 2021-12-03 12:21:56 --> CSRF cookie sent.
INFO - 2021-12-03 12:21:56 --> Session: Class initialized using 'CodeIgniter\Session\Handlers\FileHandler' driver.
INFO - 2021-12-03 12:22:01 --> CSRF cookie sent.
INFO - 2021-12-03 12:22:01 --> Session: Class initialized using 'CodeIgniter\Session\Handlers\FileHandler' driver.
INFO - 2021-12-03 12:22:01 --> CSRF cookie sent.
INFO - 2021-12-03 12:22:01 --> Session: Class initialized using 'CodeIgniter\Session\Handlers\FileHandler' driver.
INFO - 2021-12-03 12:22:54 --> CSRF cookie sent.
INFO - 2021-12-03 12:22:54 --> CSRF token verified.
INFO - 2021-12-03 12:22:54 --> Session: Class initialized using 'CodeIgniter\Session\Handlers\FileHandler' driver.
INFO - 2021-12-03 12:22:54 --> CSRF cookie sent.
INFO - 2021-12-03 12:22:54 --> Session: Class initialized using 'CodeIgniter\Session\Handlers\FileHandler' driver.
INFO - 2021-12-03 12:22:55 --> CSRF cookie sent.
INFO - 2021-12-03 12:22:55 --> Session: Class initialized using 'CodeIgniter\Session\Handlers\FileHandler' driver.
INFO - 2021-12-03 12:23:43 --> CSRF cookie sent.
INFO - 2021-12-03 12:23:43 --> Session: Class initialized using 'CodeIgniter\Session\Handlers\FileHandler' driver.
INFO - 2021-12-03 12:23:43 --> CSRF cookie sent.
INFO - 2021-12-03 12:23:43 --> Session: Class initialized using 'CodeIgniter\Session\Handlers\FileHandler' driver.
INFO - 2021-12-03 12:23:50 --> CSRF cookie sent.
INFO - 2021-12-03 12:23:50 --> CSRF token verified.
INFO - 2021-12-03 12:23:50 --> Session: Class initialized using 'CodeIgniter\Session\Handlers\FileHandler' driver.
INFO - 2021-12-03 12:23:50 --> CSRF cookie sent.
INFO - 2021-12-03 12:23:50 --> CSRF token verified.
INFO - 2021-12-03 12:23:50 --> Session: Class initialized using 'CodeIgniter\Session\Handlers\FileHandler' driver.
INFO - 2021-12-03 12:23:50 --> CSRF cookie sent.
INFO - 2021-12-03 12:23:50 --> Session: Class initialized using 'CodeIgniter\Session\Handlers\FileHandler' driver.
INFO - 2021-12-03 12:23:50 --> CSRF cookie sent.
INFO - 2021-12-03 12:23:50 --> Session: Class initialized using 'CodeIgniter\Session\Handlers\FileHandler' driver.
INFO - 2021-12-03 12:23:51 --> CSRF cookie sent.
INFO - 2021-12-03 12:23:51 --> Session: Class initialized using 'CodeIgniter\Session\Handlers\FileHandler' driver.
INFO - 2021-12-03 12:23:51 --> CSRF cookie sent.
INFO - 2021-12-03 12:23:51 --> Session: Class initialized using 'CodeIgniter\Session\Handlers\FileHandler' driver.
INFO - 2021-12-03 12:23:52 --> CSRF cookie sent.
INFO - 2021-12-03 12:23:52 --> Session: Class initialized using 'CodeIgniter\Session\Handlers\FileHandler' driver.
INFO - 2021-12-03 12:23:54 --> CSRF cookie sent.
INFO - 2021-12-03 12:23:54 --> Session: Class initialized using 'CodeIgniter\Session\Handlers\FileHandler' driver.
INFO - 2021-12-03 12:23:54 --> CSRF cookie sent.
INFO - 2021-12-03 12:23:54 --> Session: Class initialized using 'CodeIgniter\Session\Handlers\FileHandler' driver.
INFO - 2021-12-03 12:23:57 --> CSRF cookie sent.
INFO - 2021-12-03 12:23:57 --> CSRF token verified.
INFO - 2021-12-03 12:23:57 --> Session: Class initialized using 'CodeIgniter\Session\Handlers\FileHandler' driver.
INFO - 2021-12-03 12:23:57 --> CSRF cookie sent.
INFO - 2021-12-03 12:23:57 --> Session: Class initialized using 'CodeIgniter\Session\Handlers\FileHandler' driver.
INFO - 2021-12-03 12:23:57 --> CSRF cookie sent.
INFO - 2021-12-03 12:23:57 --> Session: Class initialized using 'CodeIgniter\Session\Handlers\FileHandler' driver.
INFO - 2021-12-03 12:25:00 --> CSRF cookie sent.
INFO - 2021-12-03 12:25:00 --> Session: Class initialized using 'CodeIgniter\Session\Handlers\FileHandler' driver.
INFO - 2021-12-03 12:25:01 --> CSRF cookie sent.
INFO - 2021-12-03 12:25:01 --> Session: Class initialized using 'CodeIgniter\Session\Handlers\FileHandler' driver.
INFO - 2021-12-03 12:25:19 --> CSRF cookie sent.
INFO - 2021-12-03 12:25:19 --> CSRF token verified.
INFO - 2021-12-03 12:25:19 --> Session: Class initialized using 'CodeIgniter\Session\Handlers\FileHandler' driver.
INFO - 2021-12-03 12:25:19 --> CSRF cookie sent.
INFO - 2021-12-03 12:25:19 --> Session: Class initialized using 'CodeIgniter\Session\Handlers\FileHandler' driver.
INFO - 2021-12-03 12:25:20 --> CSRF cookie sent.
INFO - 2021-12-03 12:25:20 --> Session: Class initialized using 'CodeIgniter\Session\Handlers\FileHandler' driver.
INFO - 2021-12-03 12:30:01 --> CSRF cookie sent.
INFO - 2021-12-03 12:30:01 --> Session: Class initialized using 'CodeIgniter\Session\Handlers\FileHandler' driver.
INFO - 2021-12-03 12:30:02 --> CSRF cookie sent.
INFO - 2021-12-03 12:30:02 --> Session: Class initialized using 'CodeIgniter\Session\Handlers\FileHandler' driver.
INFO - 2021-12-03 12:30:04 --> CSRF cookie sent.
INFO - 2021-12-03 12:30:04 --> Session: Class initialized using 'CodeIgniter\Session\Handlers\FileHandler' driver.
INFO - 2021-12-03 12:30:09 --> CSRF cookie sent.
INFO - 2021-12-03 12:30:09 --> Session: Class initialized using 'CodeIgniter\Session\Handlers\FileHandler' driver.
INFO - 2021-12-03 12:30:10 --> CSRF cookie sent.
INFO - 2021-12-03 12:30:10 --> Session: Class initialized using 'CodeIgniter\Session\Handlers\FileHandler' driver.
INFO - 2021-12-03 12:30:13 --> CSRF cookie sent.
INFO - 2021-12-03 12:30:13 --> Session: Class initialized using 'CodeIgniter\Session\Handlers\FileHandler' driver.
INFO - 2021-12-03 12:30:13 --> CSRF cookie sent.
INFO - 2021-12-03 12:30:13 --> Session: Class initialized using 'CodeIgniter\Session\Handlers\FileHandler' driver.
INFO - 2021-12-03 12:30:19 --> CSRF cookie sent.
INFO - 2021-12-03 12:30:19 --> CSRF token verified.
INFO - 2021-12-03 12:30:19 --> Session: Class initialized using 'CodeIgniter\Session\Handlers\FileHandler' driver.
INFO - 2021-12-03 12:30:19 --> CSRF cookie sent.
INFO - 2021-12-03 12:30:19 --> Session: Class initialized using 'CodeIgniter\Session\Handlers\FileHandler' driver.
INFO - 2021-12-03 12:30:20 --> CSRF cookie sent.
INFO - 2021-12-03 12:30:20 --> Session: Class initialized using 'CodeIgniter\Session\Handlers\FileHandler' driver.
INFO - 2021-12-03 12:30:22 --> CSRF cookie sent.
INFO - 2021-12-03 12:30:22 --> Session: Class initialized using 'CodeIgniter\Session\Handlers\FileHandler' driver.
INFO - 2021-12-03 12:30:23 --> CSRF cookie sent.
INFO - 2021-12-03 12:30:23 --> Session: Class initialized using 'CodeIgniter\Session\Handlers\FileHandler' driver.
INFO - 2021-12-03 12:30:30 --> CSRF cookie sent.
INFO - 2021-12-03 12:30:30 --> CSRF token verified.
INFO - 2021-12-03 12:30:30 --> Session: Class initialized using 'CodeIgniter\Session\Handlers\FileHandler' driver.
INFO - 2021-12-03 12:30:30 --> CSRF cookie sent.
INFO - 2021-12-03 12:30:30 --> Session: Class initialized using 'CodeIgniter\Session\Handlers\FileHandler' driver.
INFO - 2021-12-03 12:30:31 --> CSRF cookie sent.
INFO - 2021-12-03 12:30:31 --> Session: Class initialized using 'CodeIgniter\Session\Handlers\FileHandler' driver.
INFO - 2021-12-03 12:32:14 --> CSRF cookie sent.
INFO - 2021-12-03 12:32:14 --> Session: Class initialized using 'CodeIgniter\Session\Handlers\FileHandler' driver.
INFO - 2021-12-03 12:32:15 --> CSRF cookie sent.
INFO - 2021-12-03 12:32:15 --> Session: Class initialized using 'CodeIgniter\Session\Handlers\FileHandler' driver.
INFO - 2021-12-03 12:32:20 --> CSRF cookie sent.
INFO - 2021-12-03 12:32:20 --> CSRF token verified.
INFO - 2021-12-03 12:32:20 --> Session: Class initialized using 'CodeIgniter\Session\Handlers\FileHandler' driver.
INFO - 2021-12-03 12:32:20 --> CSRF cookie sent.
INFO - 2021-12-03 12:32:20 --> Session: Class initialized using 'CodeIgniter\Session\Handlers\FileHandler' driver.
INFO - 2021-12-03 12:32:21 --> CSRF cookie sent.
INFO - 2021-12-03 12:32:21 --> Session: Class initialized using 'CodeIgniter\Session\Handlers\FileHandler' driver.
INFO - 2021-12-03 12:33:01 --> CSRF cookie sent.
INFO - 2021-12-03 12:33:01 --> Session: Class initialized using 'CodeIgniter\Session\Handlers\FileHandler' driver.
INFO - 2021-12-03 12:33:02 --> CSRF cookie sent.
INFO - 2021-12-03 12:33:02 --> Session: Class initialized using 'CodeIgniter\Session\Handlers\FileHandler' driver.
INFO - 2021-12-03 12:33:35 --> CSRF cookie sent.
INFO - 2021-12-03 12:33:35 --> CSRF token verified.
INFO - 2021-12-03 12:33:35 --> Session: Class initialized using 'CodeIgniter\Session\Handlers\FileHandler' driver.
INFO - 2021-12-03 12:33:36 --> CSRF cookie sent.
INFO - 2021-12-03 12:33:36 --> Session: Class initialized using 'CodeIgniter\Session\Handlers\FileHandler' driver.
INFO - 2021-12-03 12:33:36 --> CSRF cookie sent.
INFO - 2021-12-03 12:33:36 --> Session: Class initialized using 'CodeIgniter\Session\Handlers\FileHandler' driver.
INFO - 2021-12-03 12:35:37 --> CSRF cookie sent.
INFO - 2021-12-03 12:35:37 --> Session: Class initialized using 'CodeIgniter\Session\Handlers\FileHandler' driver.
INFO - 2021-12-03 12:35:37 --> CSRF cookie sent.
INFO - 2021-12-03 12:35:37 --> Session: Class initialized using 'CodeIgniter\Session\Handlers\FileHandler' driver.
INFO - 2021-12-03 12:35:38 --> CSRF cookie sent.
INFO - 2021-12-03 12:35:38 --> Session: Class initialized using 'CodeIgniter\Session\Handlers\FileHandler' driver.
INFO - 2021-12-03 12:42:07 --> CSRF cookie sent.
INFO - 2021-12-03 12:42:07 --> Session: Class initialized using 'CodeIgniter\Session\Handlers\FileHandler' driver.
INFO - 2021-12-03 12:42:08 --> CSRF cookie sent.
INFO - 2021-12-03 12:42:08 --> Session: Class initialized using 'CodeIgniter\Session\Handlers\FileHandler' driver.
INFO - 2021-12-03 12:42:19 --> CSRF cookie sent.
INFO - 2021-12-03 12:42:19 --> CSRF token verified.
INFO - 2021-12-03 12:42:19 --> Session: Class initialized using 'CodeIgniter\Session\Handlers\FileHandler' driver.
INFO - 2021-12-03 12:42:20 --> CSRF cookie sent.
INFO - 2021-12-03 12:42:20 --> Session: Class initialized using 'CodeIgniter\Session\Handlers\FileHandler' driver.
INFO - 2021-12-03 12:42:20 --> CSRF cookie sent.
INFO - 2021-12-03 12:42:20 --> Session: Class initialized using 'CodeIgniter\Session\Handlers\FileHandler' driver.
INFO - 2021-12-03 12:42:22 --> CSRF cookie sent.
INFO - 2021-12-03 12:42:22 --> Session: Class initialized using 'CodeIgniter\Session\Handlers\FileHandler' driver.
INFO - 2021-12-03 12:42:23 --> CSRF cookie sent.
INFO - 2021-12-03 12:42:23 --> Session: Class initialized using 'CodeIgniter\Session\Handlers\FileHandler' driver.
INFO - 2021-12-03 12:42:28 --> CSRF cookie sent.
INFO - 2021-12-03 12:42:28 --> CSRF token verified.
INFO - 2021-12-03 12:42:28 --> Session: Class initialized using 'CodeIgniter\Session\Handlers\FileHandler' driver.
INFO - 2021-12-03 12:42:28 --> CSRF cookie sent.
INFO - 2021-12-03 12:42:28 --> Session: Class initialized using 'CodeIgniter\Session\Handlers\FileHandler' driver.
INFO - 2021-12-03 12:42:29 --> CSRF cookie sent.
INFO - 2021-12-03 12:42:29 --> Session: Class initialized using 'CodeIgniter\Session\Handlers\FileHandler' driver.
INFO - 2021-12-03 12:44:28 --> CSRF cookie sent.
INFO - 2021-12-03 12:44:28 --> Session: Class initialized using 'CodeIgniter\Session\Handlers\FileHandler' driver.
INFO - 2021-12-03 12:44:29 --> CSRF cookie sent.
INFO - 2021-12-03 12:44:29 --> Session: Class initialized using 'CodeIgniter\Session\Handlers\FileHandler' driver.
INFO - 2021-12-03 13:25:59 --> CSRF cookie sent.
INFO - 2021-12-03 13:25:59 --> Session: Class initialized using 'CodeIgniter\Session\Handlers\FileHandler' driver.
INFO - 2021-12-03 13:26:00 --> CSRF cookie sent.
INFO - 2021-12-03 13:26:00 --> Session: Class initialized using 'CodeIgniter\Session\Handlers\FileHandler' driver.
INFO - 2021-12-03 13:28:50 --> Session: Class initialized using 'CodeIgniter\Session\Handlers\FileHandler' driver.
INFO - 2021-12-03 13:28:50 --> CSRF cookie sent.
INFO - 2021-12-03 13:28:50 --> Session: Class initialized using 'CodeIgniter\Session\Handlers\FileHandler' driver.
INFO - 2021-12-03 13:28:50 --> CSRF cookie sent.
INFO - 2021-12-03 13:28:50 --> Session: Class initialized using 'CodeIgniter\Session\Handlers\FileHandler' driver.
INFO - 2021-12-03 13:28:59 --> CSRF cookie sent.
INFO - 2021-12-03 13:28:59 --> CSRF token verified.
INFO - 2021-12-03 13:28:59 --> Session: Class initialized using 'CodeIgniter\Session\Handlers\FileHandler' driver.
INFO - 2021-12-03 13:28:59 --> CSRF cookie sent.
INFO - 2021-12-03 13:28:59 --> Session: Class initialized using 'CodeIgniter\Session\Handlers\FileHandler' driver.
INFO - 2021-12-03 13:29:01 --> CSRF cookie sent.
INFO - 2021-12-03 13:29:01 --> Session: Class initialized using 'CodeIgniter\Session\Handlers\FileHandler' driver.
INFO - 2021-12-03 13:29:02 --> CSRF cookie sent.
INFO - 2021-12-03 13:29:02 --> Session: Class initialized using 'CodeIgniter\Session\Handlers\FileHandler' driver.
INFO - 2021-12-03 13:29:02 --> CSRF cookie sent.
INFO - 2021-12-03 13:29:02 --> Session: Class initialized using 'CodeIgniter\Session\Handlers\FileHandler' driver.
INFO - 2021-12-03 13:29:02 --> CSRF cookie sent.
INFO - 2021-12-03 13:29:02 --> Session: Class initialized using 'CodeIgniter\Session\Handlers\FileHandler' driver.
INFO - 2021-12-03 13:29:03 --> CSRF cookie sent.
INFO - 2021-12-03 13:29:03 --> Session: Class initialized using 'CodeIgniter\Session\Handlers\FileHandler' driver.
INFO - 2021-12-03 13:29:08 --> CSRF cookie sent.
INFO - 2021-12-03 13:29:08 --> Session: Class initialized using 'CodeIgniter\Session\Handlers\FileHandler' driver.
INFO - 2021-12-03 13:29:09 --> CSRF cookie sent.
INFO - 2021-12-03 13:29:09 --> Session: Class initialized using 'CodeIgniter\Session\Handlers\FileHandler' driver.
INFO - 2021-12-03 13:29:09 --> CSRF cookie sent.
INFO - 2021-12-03 13:29:09 --> Session: Class initialized using 'CodeIgniter\Session\Handlers\FileHandler' driver.
INFO - 2021-12-03 13:29:54 --> CSRF cookie sent.
INFO - 2021-12-03 13:29:54 --> Session: Class initialized using 'CodeIgniter\Session\Handlers\FileHandler' driver.
INFO - 2021-12-03 13:30:20 --> CSRF cookie sent.
INFO - 2021-12-03 13:30:20 --> CSRF token verified.
INFO - 2021-12-03 13:30:20 --> Session: Class initialized using 'CodeIgniter\Session\Handlers\FileHandler' driver.
INFO - 2021-12-03 13:30:20 --> CSRF cookie sent.
INFO - 2021-12-03 13:30:20 --> Session: Class initialized using 'CodeIgniter\Session\Handlers\FileHandler' driver.
INFO - 2021-12-03 13:30:21 --> CSRF cookie sent.
INFO - 2021-12-03 13:30:21 --> Session: Class initialized using 'CodeIgniter\Session\Handlers\FileHandler' driver.
INFO - 2021-12-03 13:30:21 --> CSRF cookie sent.
INFO - 2021-12-03 13:30:21 --> Session: Class initialized using 'CodeIgniter\Session\Handlers\FileHandler' driver.
INFO - 2021-12-03 13:30:22 --> CSRF cookie sent.
INFO - 2021-12-03 13:30:22 --> Session: Class initialized using 'CodeIgniter\Session\Handlers\FileHandler' driver.
INFO - 2021-12-03 13:30:22 --> CSRF cookie sent.
INFO - 2021-12-03 13:30:22 --> Session: Class initialized using 'CodeIgniter\Session\Handlers\FileHandler' driver.
INFO - 2021-12-03 13:30:24 --> CSRF cookie sent.
INFO - 2021-12-03 13:30:24 --> Session: Class initialized using 'CodeIgniter\Session\Handlers\FileHandler' driver.
INFO - 2021-12-03 13:30:44 --> CSRF cookie sent.
INFO - 2021-12-03 13:30:44 --> Session: Class initialized using 'CodeIgniter\Session\Handlers\FileHandler' driver.
INFO - 2021-12-03 13:30:44 --> CSRF cookie sent.
INFO - 2021-12-03 13:30:45 --> Session: Class initialized using 'CodeIgniter\Session\Handlers\FileHandler' driver.
INFO - 2021-12-03 13:30:45 --> CSRF cookie sent.
INFO - 2021-12-03 13:30:45 --> Session: Class initialized using 'CodeIgniter\Session\Handlers\FileHandler' driver.
INFO - 2021-12-03 13:35:21 --> CSRF cookie sent.
INFO - 2021-12-03 13:35:21 --> Session: Class initialized using 'CodeIgniter\Session\Handlers\FileHandler' driver.
INFO - 2021-12-03 13:35:21 --> CSRF cookie sent.
INFO - 2021-12-03 13:35:21 --> Session: Class initialized using 'CodeIgniter\Session\Handlers\FileHandler' driver.
INFO - 2021-12-03 13:35:25 --> CSRF cookie sent.
INFO - 2021-12-03 13:35:25 --> Session: Class initialized using 'CodeIgniter\Session\Handlers\FileHandler' driver.
INFO - 2021-12-03 13:35:28 --> CSRF cookie sent.
INFO - 2021-12-03 13:35:28 --> Session: Class initialized using 'CodeIgniter\Session\Handlers\FileHandler' driver.
INFO - 2021-12-03 13:35:28 --> CSRF cookie sent.
INFO - 2021-12-03 13:35:28 --> Session: Class initialized using 'CodeIgniter\Session\Handlers\FileHandler' driver.
INFO - 2021-12-03 13:35:29 --> CSRF cookie sent.
INFO - 2021-12-03 13:35:29 --> Session: Class initialized using 'CodeIgniter\Session\Handlers\FileHandler' driver.
INFO - 2021-12-03 13:35:30 --> CSRF cookie sent.
INFO - 2021-12-03 13:35:30 --> Session: Class initialized using 'CodeIgniter\Session\Handlers\FileHandler' driver.
INFO - 2021-12-03 13:35:32 --> CSRF cookie sent.
INFO - 2021-12-03 13:35:32 --> Session: Class initialized using 'CodeIgniter\Session\Handlers\FileHandler' driver.
INFO - 2021-12-03 13:35:32 --> CSRF cookie sent.
INFO - 2021-12-03 13:35:32 --> Session: Class initialized using 'CodeIgniter\Session\Handlers\FileHandler' driver.
INFO - 2021-12-03 13:35:33 --> CSRF cookie sent.
INFO - 2021-12-03 13:35:33 --> Session: Class initialized using 'CodeIgniter\Session\Handlers\FileHandler' driver.
INFO - 2021-12-03 13:35:35 --> CSRF cookie sent.
INFO - 2021-12-03 13:35:35 --> Session: Class initialized using 'CodeIgniter\Session\Handlers\FileHandler' driver.
INFO - 2021-12-03 13:35:36 --> CSRF cookie sent.
INFO - 2021-12-03 13:35:36 --> Session: Class initialized using 'CodeIgniter\Session\Handlers\FileHandler' driver.
INFO - 2021-12-03 13:35:38 --> CSRF cookie sent.
INFO - 2021-12-03 13:35:38 --> CSRF token verified.
INFO - 2021-12-03 13:35:38 --> Session: Class initialized using 'CodeIgniter\Session\Handlers\FileHandler' driver.
INFO - 2021-12-03 13:35:38 --> CSRF cookie sent.
INFO - 2021-12-03 13:35:38 --> Session: Class initialized using 'CodeIgniter\Session\Handlers\FileHandler' driver.
INFO - 2021-12-03 13:35:38 --> CSRF cookie sent.
INFO - 2021-12-03 13:35:38 --> Session: Class initialized using 'CodeIgniter\Session\Handlers\FileHandler' driver.
INFO - 2021-12-03 13:35:40 --> CSRF cookie sent.
INFO - 2021-12-03 13:35:40 --> Session: Class initialized using 'CodeIgniter\Session\Handlers\FileHandler' driver.
INFO - 2021-12-03 13:35:41 --> CSRF cookie sent.
INFO - 2021-12-03 13:35:41 --> Session: Class initialized using 'CodeIgniter\Session\Handlers\FileHandler' driver.
INFO - 2021-12-03 13:35:51 --> CSRF cookie sent.
INFO - 2021-12-03 13:35:51 --> CSRF token verified.
INFO - 2021-12-03 13:35:51 --> Session: Class initialized using 'CodeIgniter\Session\Handlers\FileHandler' driver.
INFO - 2021-12-03 13:35:51 --> CSRF cookie sent.
INFO - 2021-12-03 13:35:51 --> Session: Class initialized using 'CodeIgniter\Session\Handlers\FileHandler' driver.
INFO - 2021-12-03 13:35:52 --> CSRF cookie sent.
INFO - 2021-12-03 13:35:52 --> Session: Class initialized using 'CodeIgniter\Session\Handlers\FileHandler' driver.
INFO - 2021-12-03 13:35:54 --> CSRF cookie sent.
INFO - 2021-12-03 13:35:54 --> Session: Class initialized using 'CodeIgniter\Session\Handlers\FileHandler' driver.
INFO - 2021-12-03 13:35:55 --> CSRF cookie sent.
INFO - 2021-12-03 13:35:55 --> Session: Class initialized using 'CodeIgniter\Session\Handlers\FileHandler' driver.
INFO - 2021-12-03 13:36:04 --> CSRF cookie sent.
INFO - 2021-12-03 13:36:04 --> CSRF token verified.
INFO - 2021-12-03 13:36:04 --> Session: Class initialized using 'CodeIgniter\Session\Handlers\FileHandler' driver.
INFO - 2021-12-03 13:36:04 --> CSRF cookie sent.
INFO - 2021-12-03 13:36:04 --> Session: Class initialized using 'CodeIgniter\Session\Handlers\FileHandler' driver.
INFO - 2021-12-03 13:36:05 --> CSRF cookie sent.
INFO - 2021-12-03 13:36:05 --> Session: Class initialized using 'CodeIgniter\Session\Handlers\FileHandler' driver.
INFO - 2021-12-03 13:36:10 --> CSRF cookie sent.
INFO - 2021-12-03 13:36:10 --> Session: Class initialized using 'CodeIgniter\Session\Handlers\FileHandler' driver.
INFO - 2021-12-03 13:36:10 --> CSRF cookie sent.
INFO - 2021-12-03 13:36:10 --> Session: Class initialized using 'CodeIgniter\Session\Handlers\FileHandler' driver.
INFO - 2021-12-03 14:18:07 --> CSRF cookie sent.
INFO - 2021-12-03 14:18:07 --> CSRF token verified.
INFO - 2021-12-03 14:18:07 --> Session: Class initialized using 'CodeIgniter\Session\Handlers\FileHandler' driver.
INFO - 2021-12-03 14:18:08 --> CSRF cookie sent.
INFO - 2021-12-03 14:18:08 --> Session: Class initialized using 'CodeIgniter\Session\Handlers\FileHandler' driver.
INFO - 2021-12-03 14:18:09 --> CSRF cookie sent.
INFO - 2021-12-03 14:18:09 --> Session: Class initialized using 'CodeIgniter\Session\Handlers\FileHandler' driver.
INFO - 2021-12-03 14:18:09 --> CSRF cookie sent.
INFO - 2021-12-03 14:18:09 --> Session: Class initialized using 'CodeIgniter\Session\Handlers\FileHandler' driver.
INFO - 2021-12-03 14:18:12 --> CSRF cookie sent.
INFO - 2021-12-03 14:18:12 --> Session: Class initialized using 'CodeIgniter\Session\Handlers\FileHandler' driver.
INFO - 2021-12-03 14:18:13 --> CSRF cookie sent.
INFO - 2021-12-03 14:18:13 --> Session: Class initialized using 'CodeIgniter\Session\Handlers\FileHandler' driver.
INFO - 2021-12-03 14:18:14 --> CSRF cookie sent.
INFO - 2021-12-03 14:18:14 --> Session: Class initialized using 'CodeIgniter\Session\Handlers\FileHandler' driver.
INFO - 2021-12-03 14:18:21 --> CSRF cookie sent.
INFO - 2021-12-03 14:18:21 --> Session: Class initialized using 'CodeIgniter\Session\Handlers\FileHandler' driver.
INFO - 2021-12-03 14:18:21 --> CSRF cookie sent.
INFO - 2021-12-03 14:18:21 --> Session: Class initialized using 'CodeIgniter\Session\Handlers\FileHandler' driver.
INFO - 2021-12-03 14:18:21 --> CSRF cookie sent.
INFO - 2021-12-03 14:18:21 --> Session: Class initialized using 'CodeIgniter\Session\Handlers\FileHandler' driver.
INFO - 2021-12-03 14:18:22 --> CSRF cookie sent.
INFO - 2021-12-03 14:18:22 --> Session: Class initialized using 'CodeIgniter\Session\Handlers\FileHandler' driver.
INFO - 2021-12-03 14:19:10 --> CSRF cookie sent.
INFO - 2021-12-03 14:19:10 --> Session: Class initialized using 'CodeIgniter\Session\Handlers\FileHandler' driver.
INFO - 2021-12-03 14:19:41 --> CSRF cookie sent.
INFO - 2021-12-03 14:19:41 --> CSRF token verified.
INFO - 2021-12-03 14:19:41 --> Session: Class initialized using 'CodeIgniter\Session\Handlers\FileHandler' driver.
INFO - 2021-12-03 14:19:41 --> CSRF cookie sent.
INFO - 2021-12-03 14:19:41 --> Session: Class initialized using 'CodeIgniter\Session\Handlers\FileHandler' driver.
INFO - 2021-12-03 14:19:42 --> CSRF cookie sent.
INFO - 2021-12-03 14:19:42 --> Session: Class initialized using 'CodeIgniter\Session\Handlers\FileHandler' driver.
INFO - 2021-12-03 14:19:42 --> CSRF cookie sent.
INFO - 2021-12-03 14:19:42 --> Session: Class initialized using 'CodeIgniter\Session\Handlers\FileHandler' driver.
INFO - 2021-12-03 14:19:43 --> CSRF cookie sent.
INFO - 2021-12-03 14:19:43 --> Session: Class initialized using 'CodeIgniter\Session\Handlers\FileHandler' driver.
INFO - 2021-12-03 14:19:45 --> CSRF cookie sent.
INFO - 2021-12-03 14:19:45 --> Session: Class initialized using 'CodeIgniter\Session\Handlers\FileHandler' driver.
INFO - 2021-12-03 14:19:46 --> CSRF cookie sent.
INFO - 2021-12-03 14:19:46 --> Session: Class initialized using 'CodeIgniter\Session\Handlers\FileHandler' driver.
INFO - 2021-12-03 14:19:46 --> CSRF cookie sent.
INFO - 2021-12-03 14:19:46 --> Session: Class initialized using 'CodeIgniter\Session\Handlers\FileHandler' driver.
INFO - 2021-12-03 14:19:49 --> CSRF cookie sent.
INFO - 2021-12-03 14:19:49 --> Session: Class initialized using 'CodeIgniter\Session\Handlers\FileHandler' driver.
INFO - 2021-12-03 14:19:50 --> CSRF cookie sent.
INFO - 2021-12-03 14:19:50 --> Session: Class initialized using 'CodeIgniter\Session\Handlers\FileHandler' driver.
INFO - 2021-12-03 14:19:51 --> CSRF cookie sent.
INFO - 2021-12-03 14:19:51 --> Session: Class initialized using 'CodeIgniter\Session\Handlers\FileHandler' driver.
INFO - 2021-12-03 14:19:54 --> CSRF cookie sent.
INFO - 2021-12-03 14:19:54 --> Session: Class initialized using 'CodeIgniter\Session\Handlers\FileHandler' driver.
INFO - 2021-12-03 14:19:55 --> CSRF cookie sent.
INFO - 2021-12-03 14:19:55 --> Session: Class initialized using 'CodeIgniter\Session\Handlers\FileHandler' driver.
INFO - 2021-12-03 14:19:56 --> CSRF cookie sent.
INFO - 2021-12-03 14:19:56 --> Session: Class initialized using 'CodeIgniter\Session\Handlers\FileHandler' driver.
INFO - 2021-12-03 14:19:59 --> CSRF cookie sent.
INFO - 2021-12-03 14:19:59 --> Session: Class initialized using 'CodeIgniter\Session\Handlers\FileHandler' driver.
INFO - 2021-12-03 14:20:00 --> CSRF cookie sent.
INFO - 2021-12-03 14:20:00 --> Session: Class initialized using 'CodeIgniter\Session\Handlers\FileHandler' driver.
INFO - 2021-12-03 14:20:01 --> CSRF cookie sent.
INFO - 2021-12-03 14:20:01 --> Session: Class initialized using 'CodeIgniter\Session\Handlers\FileHandler' driver.
INFO - 2021-12-03 14:20:04 --> CSRF cookie sent.
INFO - 2021-12-03 14:20:04 --> CSRF token verified.
INFO - 2021-12-03 14:20:04 --> Session: Class initialized using 'CodeIgniter\Session\Handlers\FileHandler' driver.
INFO - 2021-12-03 14:20:05 --> CSRF cookie sent.
INFO - 2021-12-03 14:20:05 --> Session: Class initialized using 'CodeIgniter\Session\Handlers\FileHandler' driver.
INFO - 2021-12-03 14:20:05 --> CSRF cookie sent.
INFO - 2021-12-03 14:20:05 --> Session: Class initialized using 'CodeIgniter\Session\Handlers\FileHandler' driver.
INFO - 2021-12-03 14:20:06 --> CSRF cookie sent.
INFO - 2021-12-03 14:20:06 --> Session: Class initialized using 'CodeIgniter\Session\Handlers\FileHandler' driver.
INFO - 2021-12-03 14:20:06 --> CSRF cookie sent.
INFO - 2021-12-03 14:20:06 --> Session: Class initialized using 'CodeIgniter\Session\Handlers\FileHandler' driver.
INFO - 2021-12-03 14:20:07 --> CSRF cookie sent.
INFO - 2021-12-03 14:20:07 --> Session: Class initialized using 'CodeIgniter\Session\Handlers\FileHandler' driver.
INFO - 2021-12-03 14:20:18 --> CSRF cookie sent.
INFO - 2021-12-03 14:20:18 --> Session: Class initialized using 'CodeIgniter\Session\Handlers\FileHandler' driver.
INFO - 2021-12-03 14:20:18 --> CSRF cookie sent.
INFO - 2021-12-03 14:20:18 --> Session: Class initialized using 'CodeIgniter\Session\Handlers\FileHandler' driver.
INFO - 2021-12-03 14:20:19 --> CSRF cookie sent.
INFO - 2021-12-03 14:20:19 --> Session: Class initialized using 'CodeIgniter\Session\Handlers\FileHandler' driver.
INFO - 2021-12-03 14:20:22 --> CSRF cookie sent.
INFO - 2021-12-03 14:20:22 --> CSRF token verified.
INFO - 2021-12-03 14:20:22 --> Session: Class initialized using 'CodeIgniter\Session\Handlers\FileHandler' driver.
INFO - 2021-12-03 14:20:22 --> CSRF cookie sent.
INFO - 2021-12-03 14:20:22 --> Session: Class initialized using 'CodeIgniter\Session\Handlers\FileHandler' driver.
INFO - 2021-12-03 14:20:23 --> CSRF cookie sent.
INFO - 2021-12-03 14:20:23 --> Session: Class initialized using 'CodeIgniter\Session\Handlers\FileHandler' driver.
INFO - 2021-12-03 14:20:23 --> CSRF cookie sent.
INFO - 2021-12-03 14:20:23 --> Session: Class initialized using 'CodeIgniter\Session\Handlers\FileHandler' driver.
INFO - 2021-12-03 14:20:24 --> CSRF cookie sent.
INFO - 2021-12-03 14:20:24 --> Session: Class initialized using 'CodeIgniter\Session\Handlers\FileHandler' driver.
INFO - 2021-12-03 14:20:24 --> CSRF cookie sent.
INFO - 2021-12-03 14:20:24 --> Session: Class initialized using 'CodeIgniter\Session\Handlers\FileHandler' driver.
INFO - 2021-12-03 14:20:43 --> CSRF cookie sent.
INFO - 2021-12-03 14:20:43 --> Session: Class initialized using 'CodeIgniter\Session\Handlers\FileHandler' driver.
INFO - 2021-12-03 14:20:43 --> CSRF cookie sent.
INFO - 2021-12-03 14:20:43 --> Session: Class initialized using 'CodeIgniter\Session\Handlers\FileHandler' driver.
INFO - 2021-12-03 14:20:56 --> CSRF cookie sent.
INFO - 2021-12-03 14:20:56 --> Session: Class initialized using 'CodeIgniter\Session\Handlers\FileHandler' driver.
INFO - 2021-12-03 14:20:57 --> CSRF cookie sent.
INFO - 2021-12-03 14:20:57 --> Session: Class initialized using 'CodeIgniter\Session\Handlers\FileHandler' driver.
INFO - 2021-12-03 14:21:14 --> CSRF cookie sent.
INFO - 2021-12-03 14:21:14 --> Session: Class initialized using 'CodeIgniter\Session\Handlers\FileHandler' driver.
INFO - 2021-12-03 14:21:14 --> CSRF cookie sent.
INFO - 2021-12-03 14:21:14 --> Session: Class initialized using 'CodeIgniter\Session\Handlers\FileHandler' driver.
INFO - 2021-12-03 14:21:14 --> CSRF cookie sent.
INFO - 2021-12-03 14:21:14 --> Session: Class initialized using 'CodeIgniter\Session\Handlers\FileHandler' driver.
INFO - 2021-12-03 14:22:03 --> CSRF cookie sent.
INFO - 2021-12-03 14:22:03 --> CSRF token verified.
INFO - 2021-12-03 14:22:03 --> Session: Class initialized using 'CodeIgniter\Session\Handlers\FileHandler' driver.
INFO - 2021-12-03 14:22:03 --> CSRF cookie sent.
INFO - 2021-12-03 14:22:03 --> Session: Class initialized using 'CodeIgniter\Session\Handlers\FileHandler' driver.
INFO - 2021-12-03 14:22:04 --> CSRF cookie sent.
INFO - 2021-12-03 14:22:04 --> Session: Class initialized using 'CodeIgniter\Session\Handlers\FileHandler' driver.
INFO - 2021-12-03 14:22:04 --> CSRF cookie sent.
INFO - 2021-12-03 14:22:04 --> Session: Class initialized using 'CodeIgniter\Session\Handlers\FileHandler' driver.
INFO - 2021-12-03 14:22:07 --> CSRF cookie sent.
INFO - 2021-12-03 14:22:07 --> Session: Class initialized using 'CodeIgniter\Session\Handlers\FileHandler' driver.
INFO - 2021-12-03 14:22:08 --> CSRF cookie sent.
INFO - 2021-12-03 14:22:08 --> Session: Class initialized using 'CodeIgniter\Session\Handlers\FileHandler' driver.
INFO - 2021-12-03 14:22:08 --> CSRF cookie sent.
INFO - 2021-12-03 14:22:08 --> Session: Class initialized using 'CodeIgniter\Session\Handlers\FileHandler' driver.
INFO - 2021-12-03 14:22:12 --> CSRF cookie sent.
INFO - 2021-12-03 14:22:12 --> Session: Class initialized using 'CodeIgniter\Session\Handlers\FileHandler' driver.
INFO - 2021-12-03 14:22:29 --> CSRF cookie sent.
INFO - 2021-12-03 14:22:29 --> CSRF token verified.
INFO - 2021-12-03 14:22:29 --> Session: Class initialized using 'CodeIgniter\Session\Handlers\FileHandler' driver.
INFO - 2021-12-03 14:22:30 --> CSRF cookie sent.
INFO - 2021-12-03 14:22:30 --> Session: Class initialized using 'CodeIgniter\Session\Handlers\FileHandler' driver.
INFO - 2021-12-03 14:22:30 --> CSRF cookie sent.
INFO - 2021-12-03 14:22:30 --> Session: Class initialized using 'CodeIgniter\Session\Handlers\FileHandler' driver.
INFO - 2021-12-03 14:22:31 --> CSRF cookie sent.
INFO - 2021-12-03 14:22:31 --> Session: Class initialized using 'CodeIgniter\Session\Handlers\FileHandler' driver.
INFO - 2021-12-03 14:22:32 --> CSRF cookie sent.
INFO - 2021-12-03 14:22:32 --> Session: Class initialized using 'CodeIgniter\Session\Handlers\FileHandler' driver.
INFO - 2021-12-03 14:22:33 --> CSRF cookie sent.
INFO - 2021-12-03 14:22:33 --> Session: Class initialized using 'CodeIgniter\Session\Handlers\FileHandler' driver.
INFO - 2021-12-03 14:23:19 --> CSRF cookie sent.
INFO - 2021-12-03 14:23:19 --> Session: Class initialized using 'CodeIgniter\Session\Handlers\FileHandler' driver.
INFO - 2021-12-03 14:23:20 --> CSRF cookie sent.
INFO - 2021-12-03 14:23:20 --> Session: Class initialized using 'CodeIgniter\Session\Handlers\FileHandler' driver.
INFO - 2021-12-03 14:23:20 --> CSRF cookie sent.
INFO - 2021-12-03 14:23:20 --> Session: Class initialized using 'CodeIgniter\Session\Handlers\FileHandler' driver.
INFO - 2021-12-03 14:23:21 --> CSRF cookie sent.
INFO - 2021-12-03 14:23:21 --> Session: Class initialized using 'CodeIgniter\Session\Handlers\FileHandler' driver.
INFO - 2021-12-03 14:23:22 --> CSRF cookie sent.
INFO - 2021-12-03 14:23:22 --> Session: Class initialized using 'CodeIgniter\Session\Handlers\FileHandler' driver.
INFO - 2021-12-03 14:23:22 --> CSRF cookie sent.
INFO - 2021-12-03 14:23:22 --> Session: Class initialized using 'CodeIgniter\Session\Handlers\FileHandler' driver.
INFO - 2021-12-03 14:23:25 --> CSRF cookie sent.
INFO - 2021-12-03 14:23:25 --> Session: Class initialized using 'CodeIgniter\Session\Handlers\FileHandler' driver.
INFO - 2021-12-03 14:24:23 --> CSRF cookie sent.
INFO - 2021-12-03 14:24:23 --> CSRF token verified.
INFO - 2021-12-03 14:24:23 --> Session: Class initialized using 'CodeIgniter\Session\Handlers\FileHandler' driver.
INFO - 2021-12-03 14:24:23 --> CSRF cookie sent.
INFO - 2021-12-03 14:24:23 --> Session: Class initialized using 'CodeIgniter\Session\Handlers\FileHandler' driver.
INFO - 2021-12-03 14:24:24 --> CSRF cookie sent.
INFO - 2021-12-03 14:24:24 --> Session: Class initialized using 'CodeIgniter\Session\Handlers\FileHandler' driver.
INFO - 2021-12-03 14:24:25 --> CSRF cookie sent.
INFO - 2021-12-03 14:24:25 --> Session: Class initialized using 'CodeIgniter\Session\Handlers\FileHandler' driver.
INFO - 2021-12-03 14:24:26 --> CSRF cookie sent.
INFO - 2021-12-03 14:24:26 --> Session: Class initialized using 'CodeIgniter\Session\Handlers\FileHandler' driver.
INFO - 2021-12-03 14:24:28 --> CSRF cookie sent.
INFO - 2021-12-03 14:24:28 --> Session: Class initialized using 'CodeIgniter\Session\Handlers\FileHandler' driver.
INFO - 2021-12-03 14:24:44 --> CSRF cookie sent.
INFO - 2021-12-03 14:24:44 --> Session: Class initialized using 'CodeIgniter\Session\Handlers\FileHandler' driver.
INFO - 2021-12-03 14:24:44 --> CSRF cookie sent.
INFO - 2021-12-03 14:24:44 --> Session: Class initialized using 'CodeIgniter\Session\Handlers\FileHandler' driver.
INFO - 2021-12-03 14:24:45 --> CSRF cookie sent.
INFO - 2021-12-03 14:24:45 --> Session: Class initialized using 'CodeIgniter\Session\Handlers\FileHandler' driver.
INFO - 2021-12-03 14:25:27 --> CSRF cookie sent.
INFO - 2021-12-03 14:25:27 --> CSRF token verified.
INFO - 2021-12-03 14:25:27 --> Session: Class initialized using 'CodeIgniter\Session\Handlers\FileHandler' driver.
INFO - 2021-12-03 14:25:27 --> CSRF cookie sent.
INFO - 2021-12-03 14:25:27 --> Session: Class initialized using 'CodeIgniter\Session\Handlers\FileHandler' driver.
INFO - 2021-12-03 14:25:28 --> CSRF cookie sent.
INFO - 2021-12-03 14:25:28 --> Session: Class initialized using 'CodeIgniter\Session\Handlers\FileHandler' driver.
INFO - 2021-12-03 14:25:28 --> CSRF cookie sent.
INFO - 2021-12-03 14:25:28 --> Session: Class initialized using 'CodeIgniter\Session\Handlers\FileHandler' driver.
INFO - 2021-12-03 14:26:59 --> CSRF cookie sent.
INFO - 2021-12-03 14:26:59 --> Session: Class initialized using 'CodeIgniter\Session\Handlers\FileHandler' driver.
INFO - 2021-12-03 14:26:59 --> CSRF cookie sent.
INFO - 2021-12-03 14:26:59 --> Session: Class initialized using 'CodeIgniter\Session\Handlers\FileHandler' driver.
INFO - 2021-12-03 14:27:00 --> CSRF cookie sent.
INFO - 2021-12-03 14:27:00 --> Session: Class initialized using 'CodeIgniter\Session\Handlers\FileHandler' driver.
INFO - 2021-12-03 14:27:04 --> CSRF cookie sent.
INFO - 2021-12-03 14:27:04 --> Session: Class initialized using 'CodeIgniter\Session\Handlers\FileHandler' driver.
INFO - 2021-12-03 14:27:04 --> CSRF cookie sent.
INFO - 2021-12-03 14:27:04 --> Session: Class initialized using 'CodeIgniter\Session\Handlers\FileHandler' driver.
INFO - 2021-12-03 14:27:05 --> CSRF cookie sent.
INFO - 2021-12-03 14:27:05 --> Session: Class initialized using 'CodeIgniter\Session\Handlers\FileHandler' driver.
INFO - 2021-12-03 14:27:06 --> CSRF cookie sent.
INFO - 2021-12-03 14:27:06 --> Session: Class initialized using 'CodeIgniter\Session\Handlers\FileHandler' driver.
INFO - 2021-12-03 14:27:13 --> CSRF cookie sent.
INFO - 2021-12-03 14:27:13 --> Session: Class initialized using 'CodeIgniter\Session\Handlers\FileHandler' driver.
INFO - 2021-12-03 14:27:44 --> CSRF cookie sent.
INFO - 2021-12-03 14:27:44 --> CSRF token verified.
INFO - 2021-12-03 14:27:44 --> Session: Class initialized using 'CodeIgniter\Session\Handlers\FileHandler' driver.
INFO - 2021-12-03 14:27:45 --> CSRF cookie sent.
INFO - 2021-12-03 14:27:45 --> Session: Class initialized using 'CodeIgniter\Session\Handlers\FileHandler' driver.
INFO - 2021-12-03 14:27:46 --> CSRF cookie sent.
INFO - 2021-12-03 14:27:46 --> Session: Class initialized using 'CodeIgniter\Session\Handlers\FileHandler' driver.
INFO - 2021-12-03 14:27:46 --> CSRF cookie sent.
INFO - 2021-12-03 14:27:46 --> Session: Class initialized using 'CodeIgniter\Session\Handlers\FileHandler' driver.
INFO - 2021-12-03 14:27:46 --> CSRF cookie sent.
INFO - 2021-12-03 14:27:47 --> Session: Class initialized using 'CodeIgniter\Session\Handlers\FileHandler' driver.
INFO - 2021-12-03 14:27:48 --> CSRF cookie sent.
INFO - 2021-12-03 14:27:48 --> Session: Class initialized using 'CodeIgniter\Session\Handlers\FileHandler' driver.
INFO - 2021-12-03 14:28:09 --> CSRF cookie sent.
INFO - 2021-12-03 14:28:09 --> Session: Class initialized using 'CodeIgniter\Session\Handlers\FileHandler' driver.
INFO - 2021-12-03 14:28:10 --> CSRF cookie sent.
INFO - 2021-12-03 14:28:10 --> Session: Class initialized using 'CodeIgniter\Session\Handlers\FileHandler' driver.
INFO - 2021-12-03 14:28:10 --> CSRF cookie sent.
INFO - 2021-12-03 14:28:10 --> Session: Class initialized using 'CodeIgniter\Session\Handlers\FileHandler' driver.
INFO - 2021-12-03 14:28:12 --> CSRF cookie sent.
INFO - 2021-12-03 14:28:12 --> Session: Class initialized using 'CodeIgniter\Session\Handlers\FileHandler' driver.
INFO - 2021-12-03 14:28:12 --> CSRF cookie sent.
INFO - 2021-12-03 14:28:12 --> Session: Class initialized using 'CodeIgniter\Session\Handlers\FileHandler' driver.
INFO - 2021-12-03 14:28:13 --> CSRF cookie sent.
INFO - 2021-12-03 14:28:13 --> Session: Class initialized using 'CodeIgniter\Session\Handlers\FileHandler' driver.
INFO - 2021-12-03 14:28:13 --> CSRF cookie sent.
INFO - 2021-12-03 14:28:13 --> Session: Class initialized using 'CodeIgniter\Session\Handlers\FileHandler' driver.
INFO - 2021-12-03 14:28:16 --> CSRF cookie sent.
INFO - 2021-12-03 14:28:16 --> Session: Class initialized using 'CodeIgniter\Session\Handlers\FileHandler' driver.
INFO - 2021-12-03 14:28:44 --> CSRF cookie sent.
INFO - 2021-12-03 14:28:44 --> CSRF token verified.
INFO - 2021-12-03 14:28:44 --> Session: Class initialized using 'CodeIgniter\Session\Handlers\FileHandler' driver.
INFO - 2021-12-03 14:28:45 --> CSRF cookie sent.
INFO - 2021-12-03 14:28:45 --> Session: Class initialized using 'CodeIgniter\Session\Handlers\FileHandler' driver.
INFO - 2021-12-03 14:28:45 --> CSRF cookie sent.
INFO - 2021-12-03 14:28:45 --> Session: Class initialized using 'CodeIgniter\Session\Handlers\FileHandler' driver.
INFO - 2021-12-03 14:28:46 --> CSRF cookie sent.
INFO - 2021-12-03 14:28:46 --> Session: Class initialized using 'CodeIgniter\Session\Handlers\FileHandler' driver.
INFO - 2021-12-03 14:28:46 --> CSRF cookie sent.
INFO - 2021-12-03 14:28:46 --> Session: Class initialized using 'CodeIgniter\Session\Handlers\FileHandler' driver.
INFO - 2021-12-03 14:28:47 --> CSRF cookie sent.
INFO - 2021-12-03 14:28:47 --> Session: Class initialized using 'CodeIgniter\Session\Handlers\FileHandler' driver.
INFO - 2021-12-03 14:35:43 --> CSRF cookie sent.
INFO - 2021-12-03 14:35:43 --> Session: Class initialized using 'CodeIgniter\Session\Handlers\FileHandler' driver.
INFO - 2021-12-03 14:35:43 --> CSRF cookie sent.
INFO - 2021-12-03 14:35:43 --> Session: Class initialized using 'CodeIgniter\Session\Handlers\FileHandler' driver.
INFO - 2021-12-03 14:35:43 --> CSRF cookie sent.
INFO - 2021-12-03 14:35:43 --> Session: Class initialized using 'CodeIgniter\Session\Handlers\FileHandler' driver.
