INFO - 2022-08-26 07:57:52 --> Session: Class initialized using 'CodeIgniter\Session\Handlers\FileHandler' driver.
INFO - 2022-08-26 07:57:52 --> CSRF cookie sent.
INFO - 2022-08-26 07:57:52 --> Session: Class initialized using 'CodeIgniter\Session\Handlers\FileHandler' driver.
INFO - 2022-08-26 07:57:52 --> CSRF cookie sent.
INFO - 2022-08-26 07:57:52 --> Session: Class initialized using 'CodeIgniter\Session\Handlers\FileHandler' driver.
INFO - 2022-08-26 07:57:58 --> CSRF cookie sent.
INFO - 2022-08-26 07:57:58 --> CSRF token verified.
INFO - 2022-08-26 07:57:58 --> Session: Class initialized using 'CodeIgniter\Session\Handlers\FileHandler' driver.
INFO - 2022-08-26 07:58:02 --> CSRF cookie sent.
INFO - 2022-08-26 07:58:02 --> Session: Class initialized using 'CodeIgniter\Session\Handlers\FileHandler' driver.
INFO - 2022-08-26 07:58:03 --> CSRF cookie sent.
INFO - 2022-08-26 07:58:03 --> Session: Class initialized using 'CodeIgniter\Session\Handlers\FileHandler' driver.
INFO - 2022-08-26 07:58:03 --> CSRF cookie sent.
INFO - 2022-08-26 07:58:03 --> Session: Class initialized using 'CodeIgniter\Session\Handlers\FileHandler' driver.
INFO - 2022-08-26 07:58:06 --> CSRF cookie sent.
INFO - 2022-08-26 07:58:06 --> Session: Class initialized using 'CodeIgniter\Session\Handlers\FileHandler' driver.
INFO - 2022-08-26 07:58:11 --> CSRF cookie sent.
INFO - 2022-08-26 07:58:11 --> Session: Class initialized using 'CodeIgniter\Session\Handlers\FileHandler' driver.
INFO - 2022-08-26 07:58:13 --> CSRF cookie sent.
INFO - 2022-08-26 07:58:13 --> Session: Class initialized using 'CodeIgniter\Session\Handlers\FileHandler' driver.
INFO - 2022-08-26 07:58:25 --> CSRF cookie sent.
INFO - 2022-08-26 07:58:25 --> Session: Class initialized using 'CodeIgniter\Session\Handlers\FileHandler' driver.
INFO - 2022-08-26 08:01:08 --> CSRF cookie sent.
INFO - 2022-08-26 08:01:08 --> CSRF token verified.
INFO - 2022-08-26 08:01:08 --> Session: Class initialized using 'CodeIgniter\Session\Handlers\FileHandler' driver.
INFO - 2022-08-26 08:01:16 --> CSRF cookie sent.
INFO - 2022-08-26 08:01:16 --> Session: Class initialized using 'CodeIgniter\Session\Handlers\FileHandler' driver.
INFO - 2022-08-26 08:01:17 --> CSRF cookie sent.
INFO - 2022-08-26 08:01:17 --> Session: Class initialized using 'CodeIgniter\Session\Handlers\FileHandler' driver.
INFO - 2022-08-26 08:01:18 --> CSRF cookie sent.
INFO - 2022-08-26 08:01:19 --> CSRF cookie sent.
INFO - 2022-08-26 08:01:29 --> Session: Class initialized using 'CodeIgniter\Session\Handlers\FileHandler' driver.
INFO - 2022-08-26 08:01:29 --> Session: Class initialized using 'CodeIgniter\Session\Handlers\FileHandler' driver.
INFO - 2022-08-26 08:01:29 --> CSRF cookie sent.
INFO - 2022-08-26 08:01:47 --> Session: Class initialized using 'CodeIgniter\Session\Handlers\FileHandler' driver.
INFO - 2022-08-26 08:01:48 --> CSRF cookie sent.
INFO - 2022-08-26 08:01:48 --> Session: Class initialized using 'CodeIgniter\Session\Handlers\FileHandler' driver.
INFO - 2022-08-26 08:11:24 --> CSRF cookie sent.
INFO - 2022-08-26 08:11:24 --> Session: Class initialized using 'CodeIgniter\Session\Handlers\FileHandler' driver.
INFO - 2022-08-26 08:11:26 --> CSRF cookie sent.
INFO - 2022-08-26 08:11:26 --> Session: Class initialized using 'CodeIgniter\Session\Handlers\FileHandler' driver.
INFO - 2022-08-26 08:11:26 --> CSRF cookie sent.
INFO - 2022-08-26 08:11:26 --> Session: Class initialized using 'CodeIgniter\Session\Handlers\FileHandler' driver.
INFO - 2022-08-26 08:11:33 --> CSRF cookie sent.
INFO - 2022-08-26 08:11:33 --> Session: Class initialized using 'CodeIgniter\Session\Handlers\FileHandler' driver.
INFO - 2022-08-26 08:11:34 --> CSRF cookie sent.
INFO - 2022-08-26 08:11:34 --> Session: Class initialized using 'CodeIgniter\Session\Handlers\FileHandler' driver.
INFO - 2022-08-26 08:11:35 --> CSRF cookie sent.
INFO - 2022-08-26 08:11:35 --> Session: Class initialized using 'CodeIgniter\Session\Handlers\FileHandler' driver.
INFO - 2022-08-26 08:11:36 --> CSRF cookie sent.
INFO - 2022-08-26 08:11:36 --> CSRF cookie sent.
INFO - 2022-08-26 08:11:36 --> Session: Class initialized using 'CodeIgniter\Session\Handlers\FileHandler' driver.
INFO - 2022-08-26 08:11:36 --> Session: Class initialized using 'CodeIgniter\Session\Handlers\FileHandler' driver.
INFO - 2022-08-26 08:15:46 --> CSRF cookie sent.
INFO - 2022-08-26 08:15:46 --> CSRF token verified.
INFO - 2022-08-26 08:15:46 --> Session: Class initialized using 'CodeIgniter\Session\Handlers\FileHandler' driver.
INFO - 2022-08-26 08:15:50 --> CSRF cookie sent.
INFO - 2022-08-26 08:15:50 --> Session: Class initialized using 'CodeIgniter\Session\Handlers\FileHandler' driver.
INFO - 2022-08-26 08:15:51 --> CSRF cookie sent.
INFO - 2022-08-26 08:15:51 --> Session: Class initialized using 'CodeIgniter\Session\Handlers\FileHandler' driver.
INFO - 2022-08-26 08:15:51 --> CSRF cookie sent.
INFO - 2022-08-26 08:15:51 --> Session: Class initialized using 'CodeIgniter\Session\Handlers\FileHandler' driver.
INFO - 2022-08-26 08:15:53 --> CSRF cookie sent.
INFO - 2022-08-26 08:15:53 --> CSRF cookie sent.
INFO - 2022-08-26 08:15:53 --> Session: Class initialized using 'CodeIgniter\Session\Handlers\FileHandler' driver.
INFO - 2022-08-26 08:15:53 --> Session: Class initialized using 'CodeIgniter\Session\Handlers\FileHandler' driver.
INFO - 2022-08-26 08:16:15 --> CSRF cookie sent.
INFO - 2022-08-26 08:16:15 --> CSRF token verified.
INFO - 2022-08-26 08:16:15 --> Session: Class initialized using 'CodeIgniter\Session\Handlers\FileHandler' driver.
INFO - 2022-08-26 08:16:16 --> CSRF cookie sent.
INFO - 2022-08-26 08:16:16 --> Session: Class initialized using 'CodeIgniter\Session\Handlers\FileHandler' driver.
INFO - 2022-08-26 08:16:17 --> CSRF cookie sent.
INFO - 2022-08-26 08:16:17 --> Session: Class initialized using 'CodeIgniter\Session\Handlers\FileHandler' driver.
INFO - 2022-08-26 08:16:18 --> CSRF cookie sent.
INFO - 2022-08-26 08:16:18 --> Session: Class initialized using 'CodeIgniter\Session\Handlers\FileHandler' driver.
INFO - 2022-08-26 08:26:28 --> CSRF cookie sent.
INFO - 2022-08-26 08:26:28 --> Session: Class initialized using 'CodeIgniter\Session\Handlers\FileHandler' driver.
INFO - 2022-08-26 08:26:30 --> CSRF cookie sent.
INFO - 2022-08-26 08:26:30 --> Session: Class initialized using 'CodeIgniter\Session\Handlers\FileHandler' driver.
INFO - 2022-08-26 08:26:31 --> CSRF cookie sent.
INFO - 2022-08-26 08:26:31 --> Session: Class initialized using 'CodeIgniter\Session\Handlers\FileHandler' driver.
INFO - 2022-08-26 10:35:52 --> Session: Class initialized using 'CodeIgniter\Session\Handlers\FileHandler' driver.
INFO - 2022-08-26 10:35:52 --> CSRF cookie sent.
INFO - 2022-08-26 10:35:52 --> Session: Class initialized using 'CodeIgniter\Session\Handlers\FileHandler' driver.
INFO - 2022-08-26 10:35:52 --> CSRF cookie sent.
INFO - 2022-08-26 10:35:52 --> Session: Class initialized using 'CodeIgniter\Session\Handlers\FileHandler' driver.
INFO - 2022-08-26 10:35:57 --> CSRF cookie sent.
INFO - 2022-08-26 10:35:57 --> CSRF token verified.
INFO - 2022-08-26 10:35:57 --> Session: Class initialized using 'CodeIgniter\Session\Handlers\FileHandler' driver.
INFO - 2022-08-26 10:35:58 --> CSRF cookie sent.
INFO - 2022-08-26 10:35:58 --> Session: Class initialized using 'CodeIgniter\Session\Handlers\FileHandler' driver.
INFO - 2022-08-26 10:36:01 --> Session: Class initialized using 'CodeIgniter\Session\Handlers\FileHandler' driver.
INFO - 2022-08-26 10:36:01 --> CSRF cookie sent.
INFO - 2022-08-26 10:36:01 --> Session: Class initialized using 'CodeIgniter\Session\Handlers\FileHandler' driver.
INFO - 2022-08-26 10:36:01 --> CSRF cookie sent.
INFO - 2022-08-26 10:36:01 --> Session: Class initialized using 'CodeIgniter\Session\Handlers\FileHandler' driver.
INFO - 2022-08-26 10:36:02 --> CSRF cookie sent.
INFO - 2022-08-26 10:36:02 --> Session: Class initialized using 'CodeIgniter\Session\Handlers\FileHandler' driver.
INFO - 2022-08-26 10:36:02 --> CSRF cookie sent.
INFO - 2022-08-26 10:36:02 --> Session: Class initialized using 'CodeIgniter\Session\Handlers\FileHandler' driver.
INFO - 2022-08-26 10:36:04 --> CSRF cookie sent.
INFO - 2022-08-26 10:36:04 --> Session: Class initialized using 'CodeIgniter\Session\Handlers\FileHandler' driver.
INFO - 2022-08-26 10:36:05 --> CSRF cookie sent.
INFO - 2022-08-26 10:36:05 --> Session: Class initialized using 'CodeIgniter\Session\Handlers\FileHandler' driver.
INFO - 2022-08-26 10:36:06 --> CSRF cookie sent.
INFO - 2022-08-26 10:36:06 --> Session: Class initialized using 'CodeIgniter\Session\Handlers\FileHandler' driver.
INFO - 2022-08-26 10:36:10 --> CSRF cookie sent.
INFO - 2022-08-26 10:36:10 --> Session: Class initialized using 'CodeIgniter\Session\Handlers\FileHandler' driver.
INFO - 2022-08-26 10:36:11 --> CSRF cookie sent.
INFO - 2022-08-26 10:36:11 --> Session: Class initialized using 'CodeIgniter\Session\Handlers\FileHandler' driver.
INFO - 2022-08-26 10:36:12 --> CSRF cookie sent.
INFO - 2022-08-26 10:36:12 --> Session: Class initialized using 'CodeIgniter\Session\Handlers\FileHandler' driver.
INFO - 2022-08-26 10:36:13 --> CSRF cookie sent.
INFO - 2022-08-26 10:36:13 --> Session: Class initialized using 'CodeIgniter\Session\Handlers\FileHandler' driver.
INFO - 2022-08-26 10:36:14 --> CSRF cookie sent.
INFO - 2022-08-26 10:36:14 --> Session: Class initialized using 'CodeIgniter\Session\Handlers\FileHandler' driver.
INFO - 2022-08-26 10:36:15 --> CSRF cookie sent.
INFO - 2022-08-26 10:36:15 --> Session: Class initialized using 'CodeIgniter\Session\Handlers\FileHandler' driver.
INFO - 2022-08-26 10:36:27 --> CSRF cookie sent.
INFO - 2022-08-26 10:36:27 --> CSRF token verified.
INFO - 2022-08-26 10:36:27 --> Session: Class initialized using 'CodeIgniter\Session\Handlers\FileHandler' driver.
INFO - 2022-08-26 10:36:28 --> CSRF cookie sent.
INFO - 2022-08-26 10:36:28 --> Session: Class initialized using 'CodeIgniter\Session\Handlers\FileHandler' driver.
INFO - 2022-08-26 10:36:29 --> CSRF cookie sent.
INFO - 2022-08-26 10:36:29 --> Session: Class initialized using 'CodeIgniter\Session\Handlers\FileHandler' driver.
INFO - 2022-08-26 10:36:30 --> CSRF cookie sent.
INFO - 2022-08-26 10:36:30 --> Session: Class initialized using 'CodeIgniter\Session\Handlers\FileHandler' driver.
INFO - 2022-08-26 10:40:00 --> CSRF cookie sent.
INFO - 2022-08-26 10:40:00 --> Session: Class initialized using 'CodeIgniter\Session\Handlers\FileHandler' driver.
INFO - 2022-08-26 10:40:02 --> CSRF cookie sent.
INFO - 2022-08-26 10:40:02 --> Session: Class initialized using 'CodeIgniter\Session\Handlers\FileHandler' driver.
INFO - 2022-08-26 10:40:03 --> CSRF cookie sent.
INFO - 2022-08-26 10:40:03 --> Session: Class initialized using 'CodeIgniter\Session\Handlers\FileHandler' driver.
INFO - 2022-08-26 10:53:43 --> CSRF cookie sent.
INFO - 2022-08-26 10:53:43 --> Session: Class initialized using 'CodeIgniter\Session\Handlers\FileHandler' driver.
INFO - 2022-08-26 10:53:44 --> CSRF cookie sent.
INFO - 2022-08-26 10:53:44 --> Session: Class initialized using 'CodeIgniter\Session\Handlers\FileHandler' driver.
INFO - 2022-08-26 11:23:51 --> CSRF cookie sent.
INFO - 2022-08-26 11:23:51 --> CSRF token verified.
INFO - 2022-08-26 11:23:51 --> Session: Class initialized using 'CodeIgniter\Session\Handlers\FileHandler' driver.
INFO - 2022-08-26 11:23:51 --> CSRF cookie sent.
INFO - 2022-08-26 11:23:51 --> Session: Class initialized using 'CodeIgniter\Session\Handlers\FileHandler' driver.
INFO - 2022-08-26 11:23:52 --> CSRF cookie sent.
INFO - 2022-08-26 11:23:52 --> Session: Class initialized using 'CodeIgniter\Session\Handlers\FileHandler' driver.
INFO - 2022-08-26 11:23:53 --> CSRF cookie sent.
INFO - 2022-08-26 11:23:53 --> Session: Class initialized using 'CodeIgniter\Session\Handlers\FileHandler' driver.
INFO - 2022-08-26 11:23:54 --> CSRF cookie sent.
INFO - 2022-08-26 11:23:54 --> Session: Class initialized using 'CodeIgniter\Session\Handlers\FileHandler' driver.
INFO - 2022-08-26 11:23:58 --> CSRF cookie sent.
INFO - 2022-08-26 11:23:58 --> Session: Class initialized using 'CodeIgniter\Session\Handlers\FileHandler' driver.
INFO - 2022-08-26 11:23:59 --> CSRF cookie sent.
INFO - 2022-08-26 11:23:59 --> Session: Class initialized using 'CodeIgniter\Session\Handlers\FileHandler' driver.
INFO - 2022-08-26 11:24:04 --> CSRF cookie sent.
INFO - 2022-08-26 11:24:04 --> Session: Class initialized using 'CodeIgniter\Session\Handlers\FileHandler' driver.
INFO - 2022-08-26 11:24:04 --> CSRF cookie sent.
INFO - 2022-08-26 11:24:04 --> Session: Class initialized using 'CodeIgniter\Session\Handlers\FileHandler' driver.
INFO - 2022-08-26 11:24:45 --> CSRF cookie sent.
INFO - 2022-08-26 11:24:45 --> CSRF token verified.
INFO - 2022-08-26 11:24:45 --> Session: Class initialized using 'CodeIgniter\Session\Handlers\FileHandler' driver.
INFO - 2022-08-26 11:24:46 --> CSRF cookie sent.
INFO - 2022-08-26 11:24:46 --> Session: Class initialized using 'CodeIgniter\Session\Handlers\FileHandler' driver.
INFO - 2022-08-26 11:24:47 --> CSRF cookie sent.
INFO - 2022-08-26 11:24:47 --> Session: Class initialized using 'CodeIgniter\Session\Handlers\FileHandler' driver.
INFO - 2022-08-26 11:24:48 --> CSRF cookie sent.
INFO - 2022-08-26 11:24:48 --> Session: Class initialized using 'CodeIgniter\Session\Handlers\FileHandler' driver.
INFO - 2022-08-26 11:24:48 --> CSRF cookie sent.
INFO - 2022-08-26 11:24:48 --> Session: Class initialized using 'CodeIgniter\Session\Handlers\FileHandler' driver.
INFO - 2022-08-26 11:24:50 --> CSRF cookie sent.
INFO - 2022-08-26 11:24:50 --> Session: Class initialized using 'CodeIgniter\Session\Handlers\FileHandler' driver.
INFO - 2022-08-26 11:24:52 --> CSRF cookie sent.
INFO - 2022-08-26 11:24:52 --> Session: Class initialized using 'CodeIgniter\Session\Handlers\FileHandler' driver.
INFO - 2022-08-26 11:25:55 --> CSRF cookie sent.
INFO - 2022-08-26 11:25:55 --> Session: Class initialized using 'CodeIgniter\Session\Handlers\FileHandler' driver.
INFO - 2022-08-26 11:25:56 --> CSRF cookie sent.
INFO - 2022-08-26 11:25:56 --> Session: Class initialized using 'CodeIgniter\Session\Handlers\FileHandler' driver.
INFO - 2022-08-26 11:25:56 --> CSRF cookie sent.
INFO - 2022-08-26 11:25:56 --> Session: Class initialized using 'CodeIgniter\Session\Handlers\FileHandler' driver.
INFO - 2022-08-26 11:26:01 --> CSRF cookie sent.
INFO - 2022-08-26 11:26:01 --> Session: Class initialized using 'CodeIgniter\Session\Handlers\FileHandler' driver.
INFO - 2022-08-26 11:26:02 --> CSRF cookie sent.
INFO - 2022-08-26 11:26:02 --> Session: Class initialized using 'CodeIgniter\Session\Handlers\FileHandler' driver.
INFO - 2022-08-26 11:26:03 --> CSRF cookie sent.
INFO - 2022-08-26 11:26:03 --> Session: Class initialized using 'CodeIgniter\Session\Handlers\FileHandler' driver.
INFO - 2022-08-26 11:26:05 --> CSRF cookie sent.
INFO - 2022-08-26 11:26:05 --> Session: Class initialized using 'CodeIgniter\Session\Handlers\FileHandler' driver.
INFO - 2022-08-26 11:26:05 --> CSRF cookie sent.
INFO - 2022-08-26 11:26:05 --> Session: Class initialized using 'CodeIgniter\Session\Handlers\FileHandler' driver.
INFO - 2022-08-26 11:26:06 --> CSRF cookie sent.
INFO - 2022-08-26 11:26:06 --> Session: Class initialized using 'CodeIgniter\Session\Handlers\FileHandler' driver.
INFO - 2022-08-26 11:26:06 --> CSRF cookie sent.
INFO - 2022-08-26 11:26:06 --> Session: Class initialized using 'CodeIgniter\Session\Handlers\FileHandler' driver.
INFO - 2022-08-26 11:26:06 --> CSRF cookie sent.
INFO - 2022-08-26 11:26:07 --> Session: Class initialized using 'CodeIgniter\Session\Handlers\FileHandler' driver.
INFO - 2022-08-26 11:27:24 --> CSRF cookie sent.
INFO - 2022-08-26 11:27:24 --> CSRF token verified.
INFO - 2022-08-26 11:27:24 --> Session: Class initialized using 'CodeIgniter\Session\Handlers\FileHandler' driver.
INFO - 2022-08-26 11:27:26 --> CSRF cookie sent.
INFO - 2022-08-26 11:27:26 --> Session: Class initialized using 'CodeIgniter\Session\Handlers\FileHandler' driver.
INFO - 2022-08-26 11:27:28 --> CSRF cookie sent.
INFO - 2022-08-26 11:27:28 --> Session: Class initialized using 'CodeIgniter\Session\Handlers\FileHandler' driver.
INFO - 2022-08-26 11:27:28 --> CSRF cookie sent.
INFO - 2022-08-26 11:27:28 --> Session: Class initialized using 'CodeIgniter\Session\Handlers\FileHandler' driver.
INFO - 2022-08-26 11:27:38 --> CSRF cookie sent.
INFO - 2022-08-26 11:27:38 --> CSRF token verified.
INFO - 2022-08-26 11:27:38 --> Session: Class initialized using 'CodeIgniter\Session\Handlers\FileHandler' driver.
INFO - 2022-08-26 11:27:39 --> CSRF cookie sent.
INFO - 2022-08-26 11:27:39 --> Session: Class initialized using 'CodeIgniter\Session\Handlers\FileHandler' driver.
INFO - 2022-08-26 11:27:40 --> CSRF cookie sent.
INFO - 2022-08-26 11:27:40 --> Session: Class initialized using 'CodeIgniter\Session\Handlers\FileHandler' driver.
INFO - 2022-08-26 11:27:40 --> CSRF cookie sent.
INFO - 2022-08-26 11:27:40 --> Session: Class initialized using 'CodeIgniter\Session\Handlers\FileHandler' driver.
INFO - 2022-08-26 11:27:48 --> CSRF cookie sent.
INFO - 2022-08-26 11:27:48 --> CSRF token verified.
INFO - 2022-08-26 11:27:48 --> Session: Class initialized using 'CodeIgniter\Session\Handlers\FileHandler' driver.
INFO - 2022-08-26 11:27:51 --> CSRF cookie sent.
INFO - 2022-08-26 11:27:51 --> Session: Class initialized using 'CodeIgniter\Session\Handlers\FileHandler' driver.
INFO - 2022-08-26 11:27:52 --> CSRF cookie sent.
INFO - 2022-08-26 11:27:52 --> Session: Class initialized using 'CodeIgniter\Session\Handlers\FileHandler' driver.
INFO - 2022-08-26 11:27:52 --> CSRF cookie sent.
INFO - 2022-08-26 11:27:52 --> Session: Class initialized using 'CodeIgniter\Session\Handlers\FileHandler' driver.
INFO - 2022-08-26 11:27:52 --> CSRF cookie sent.
INFO - 2022-08-26 11:27:52 --> Session: Class initialized using 'CodeIgniter\Session\Handlers\FileHandler' driver.
INFO - 2022-08-26 11:27:53 --> CSRF cookie sent.
INFO - 2022-08-26 11:27:53 --> Session: Class initialized using 'CodeIgniter\Session\Handlers\FileHandler' driver.
INFO - 2022-08-26 11:27:54 --> CSRF cookie sent.
INFO - 2022-08-26 11:27:54 --> Session: Class initialized using 'CodeIgniter\Session\Handlers\FileHandler' driver.
INFO - 2022-08-26 11:28:11 --> CSRF cookie sent.
INFO - 2022-08-26 11:28:11 --> Session: Class initialized using 'CodeIgniter\Session\Handlers\FileHandler' driver.
INFO - 2022-08-26 11:28:13 --> CSRF cookie sent.
INFO - 2022-08-26 11:28:13 --> Session: Class initialized using 'CodeIgniter\Session\Handlers\FileHandler' driver.
INFO - 2022-08-26 11:28:13 --> CSRF cookie sent.
INFO - 2022-08-26 11:28:13 --> Session: Class initialized using 'CodeIgniter\Session\Handlers\FileHandler' driver.
INFO - 2022-08-26 11:50:29 --> CSRF cookie sent.
INFO - 2022-08-26 11:50:29 --> Session: Class initialized using 'CodeIgniter\Session\Handlers\FileHandler' driver.
INFO - 2022-08-26 11:50:30 --> CSRF cookie sent.
INFO - 2022-08-26 11:50:30 --> Session: Class initialized using 'CodeIgniter\Session\Handlers\FileHandler' driver.
INFO - 2022-08-26 11:50:48 --> CSRF cookie sent.
INFO - 2022-08-26 11:50:48 --> CSRF token verified.
INFO - 2022-08-26 11:50:48 --> Session: Class initialized using 'CodeIgniter\Session\Handlers\FileHandler' driver.
INFO - 2022-08-26 11:50:50 --> CSRF cookie sent.
INFO - 2022-08-26 11:50:50 --> Session: Class initialized using 'CodeIgniter\Session\Handlers\FileHandler' driver.
INFO - 2022-08-26 11:50:52 --> CSRF cookie sent.
INFO - 2022-08-26 11:50:52 --> Session: Class initialized using 'CodeIgniter\Session\Handlers\FileHandler' driver.
INFO - 2022-08-26 11:51:01 --> CSRF cookie sent.
INFO - 2022-08-26 11:51:01 --> Session: Class initialized using 'CodeIgniter\Session\Handlers\FileHandler' driver.
INFO - 2022-08-26 11:51:01 --> CSRF cookie sent.
INFO - 2022-08-26 11:51:01 --> Session: Class initialized using 'CodeIgniter\Session\Handlers\FileHandler' driver.
INFO - 2022-08-26 11:51:02 --> CSRF cookie sent.
INFO - 2022-08-26 11:51:02 --> Session: Class initialized using 'CodeIgniter\Session\Handlers\FileHandler' driver.
INFO - 2022-08-26 11:51:05 --> CSRF cookie sent.
INFO - 2022-08-26 11:51:05 --> Session: Class initialized using 'CodeIgniter\Session\Handlers\FileHandler' driver.
INFO - 2022-08-26 11:51:05 --> CSRF cookie sent.
INFO - 2022-08-26 11:51:05 --> Session: Class initialized using 'CodeIgniter\Session\Handlers\FileHandler' driver.
INFO - 2022-08-26 11:51:29 --> CSRF cookie sent.
INFO - 2022-08-26 11:51:29 --> CSRF token verified.
INFO - 2022-08-26 11:51:29 --> Session: Class initialized using 'CodeIgniter\Session\Handlers\FileHandler' driver.
INFO - 2022-08-26 11:51:30 --> CSRF cookie sent.
INFO - 2022-08-26 11:51:30 --> Session: Class initialized using 'CodeIgniter\Session\Handlers\FileHandler' driver.
INFO - 2022-08-26 11:51:31 --> CSRF cookie sent.
INFO - 2022-08-26 11:51:31 --> Session: Class initialized using 'CodeIgniter\Session\Handlers\FileHandler' driver.
INFO - 2022-08-26 11:51:40 --> CSRF cookie sent.
INFO - 2022-08-26 11:51:40 --> CSRF token verified.
INFO - 2022-08-26 11:51:40 --> Session: Class initialized using 'CodeIgniter\Session\Handlers\FileHandler' driver.
INFO - 2022-08-26 11:51:41 --> CSRF cookie sent.
INFO - 2022-08-26 11:51:41 --> Session: Class initialized using 'CodeIgniter\Session\Handlers\FileHandler' driver.
INFO - 2022-08-26 11:51:44 --> Session: Class initialized using 'CodeIgniter\Session\Handlers\FileHandler' driver.
INFO - 2022-08-26 11:51:54 --> CSRF cookie sent.
INFO - 2022-08-26 11:51:54 --> Session: Class initialized using 'CodeIgniter\Session\Handlers\FileHandler' driver.
CRITICAL - 2022-08-26 11:51:55 --> Argument 1 passed to CodeIgniter\HTTP\RedirectResponse::to() must be of the type string, null given, called in /home/apdwms/public_html/cella/Controllers/Pallets.php on line 592
#0 /home/apdwms/public_html/cella/Controllers/Pallets.php(592): CodeIgniter\HTTP\RedirectResponse->to()
#1 /home/apdwms/public_html/cella/Controllers/BaseController.php(532): CELLA\Controllers\Pallets->save()
#2 /home/apdwms/public_html/system/CodeIgniter.php(932): CELLA\Controllers\BaseController->_remap()
#3 /home/apdwms/public_html/system/CodeIgniter.php(432): CodeIgniter\CodeIgniter->runController()
#4 /home/apdwms/public_html/system/CodeIgniter.php(333): CodeIgniter\CodeIgniter->handleRequest()
#5 /home/apdwms/public_html/index.php(48): CodeIgniter\CodeIgniter->run()
#6 {main}
INFO - 2022-08-26 11:51:56 --> CSRF cookie sent.
INFO - 2022-08-26 11:51:56 --> Session: Class initialized using 'CodeIgniter\Session\Handlers\FileHandler' driver.
INFO - 2022-08-26 11:51:57 --> CSRF cookie sent.
INFO - 2022-08-26 11:51:57 --> Session: Class initialized using 'CodeIgniter\Session\Handlers\FileHandler' driver.
INFO - 2022-08-26 11:51:58 --> CSRF cookie sent.
INFO - 2022-08-26 11:51:58 --> Session: Class initialized using 'CodeIgniter\Session\Handlers\FileHandler' driver.
INFO - 2022-08-26 11:52:01 --> CSRF cookie sent.
INFO - 2022-08-26 11:52:01 --> Session: Class initialized using 'CodeIgniter\Session\Handlers\FileHandler' driver.
INFO - 2022-08-26 11:52:01 --> CSRF cookie sent.
INFO - 2022-08-26 11:52:01 --> Session: Class initialized using 'CodeIgniter\Session\Handlers\FileHandler' driver.
INFO - 2022-08-26 11:52:04 --> CSRF cookie sent.
INFO - 2022-08-26 11:52:04 --> Session: Class initialized using 'CodeIgniter\Session\Handlers\FileHandler' driver.
INFO - 2022-08-26 11:52:05 --> CSRF cookie sent.
INFO - 2022-08-26 11:52:05 --> Session: Class initialized using 'CodeIgniter\Session\Handlers\FileHandler' driver.
INFO - 2022-08-26 11:52:06 --> CSRF cookie sent.
INFO - 2022-08-26 11:52:06 --> Session: Class initialized using 'CodeIgniter\Session\Handlers\FileHandler' driver.
INFO - 2022-08-26 11:52:07 --> CSRF cookie sent.
INFO - 2022-08-26 11:52:07 --> Session: Class initialized using 'CodeIgniter\Session\Handlers\FileHandler' driver.
INFO - 2022-08-26 11:52:13 --> CSRF cookie sent.
INFO - 2022-08-26 11:52:13 --> CSRF token verified.
INFO - 2022-08-26 11:52:13 --> Session: Class initialized using 'CodeIgniter\Session\Handlers\FileHandler' driver.
INFO - 2022-08-26 11:52:13 --> CSRF cookie sent.
INFO - 2022-08-26 11:52:13 --> Session: Class initialized using 'CodeIgniter\Session\Handlers\FileHandler' driver.
INFO - 2022-08-26 11:52:14 --> CSRF cookie sent.
INFO - 2022-08-26 11:52:14 --> Session: Class initialized using 'CodeIgniter\Session\Handlers\FileHandler' driver.
INFO - 2022-08-26 11:52:19 --> CSRF cookie sent.
INFO - 2022-08-26 11:52:19 --> CSRF token verified.
INFO - 2022-08-26 11:52:19 --> Session: Class initialized using 'CodeIgniter\Session\Handlers\FileHandler' driver.
INFO - 2022-08-26 11:52:20 --> CSRF cookie sent.
INFO - 2022-08-26 11:52:20 --> Session: Class initialized using 'CodeIgniter\Session\Handlers\FileHandler' driver.
INFO - 2022-08-26 11:52:21 --> CSRF cookie sent.
INFO - 2022-08-26 11:52:21 --> Session: Class initialized using 'CodeIgniter\Session\Handlers\FileHandler' driver.
INFO - 2022-08-26 11:53:13 --> CSRF cookie sent.
INFO - 2022-08-26 11:53:13 --> CSRF token verified.
INFO - 2022-08-26 11:53:13 --> Session: Class initialized using 'CodeIgniter\Session\Handlers\FileHandler' driver.
INFO - 2022-08-26 11:53:14 --> CSRF cookie sent.
INFO - 2022-08-26 11:53:14 --> Session: Class initialized using 'CodeIgniter\Session\Handlers\FileHandler' driver.
INFO - 2022-08-26 11:53:15 --> CSRF cookie sent.
INFO - 2022-08-26 11:53:15 --> Session: Class initialized using 'CodeIgniter\Session\Handlers\FileHandler' driver.
INFO - 2022-08-26 11:53:19 --> CSRF cookie sent.
INFO - 2022-08-26 11:53:19 --> CSRF token verified.
INFO - 2022-08-26 11:53:19 --> Session: Class initialized using 'CodeIgniter\Session\Handlers\FileHandler' driver.
INFO - 2022-08-26 11:53:19 --> CSRF cookie sent.
INFO - 2022-08-26 11:53:19 --> Session: Class initialized using 'CodeIgniter\Session\Handlers\FileHandler' driver.
INFO - 2022-08-26 11:53:20 --> CSRF cookie sent.
INFO - 2022-08-26 11:53:20 --> Session: Class initialized using 'CodeIgniter\Session\Handlers\FileHandler' driver.
INFO - 2022-08-26 11:53:24 --> CSRF cookie sent.
INFO - 2022-08-26 11:53:24 --> CSRF token verified.
INFO - 2022-08-26 11:53:24 --> Session: Class initialized using 'CodeIgniter\Session\Handlers\FileHandler' driver.
INFO - 2022-08-26 11:53:25 --> CSRF cookie sent.
INFO - 2022-08-26 11:53:25 --> Session: Class initialized using 'CodeIgniter\Session\Handlers\FileHandler' driver.
INFO - 2022-08-26 11:53:25 --> CSRF cookie sent.
INFO - 2022-08-26 11:53:25 --> Session: Class initialized using 'CodeIgniter\Session\Handlers\FileHandler' driver.
INFO - 2022-08-26 11:54:12 --> CSRF cookie sent.
INFO - 2022-08-26 11:54:12 --> CSRF token verified.
INFO - 2022-08-26 11:54:12 --> Session: Class initialized using 'CodeIgniter\Session\Handlers\FileHandler' driver.
INFO - 2022-08-26 11:54:13 --> CSRF cookie sent.
INFO - 2022-08-26 11:54:13 --> Session: Class initialized using 'CodeIgniter\Session\Handlers\FileHandler' driver.
INFO - 2022-08-26 11:54:14 --> CSRF cookie sent.
INFO - 2022-08-26 11:54:14 --> Session: Class initialized using 'CodeIgniter\Session\Handlers\FileHandler' driver.
INFO - 2022-08-26 11:54:22 --> CSRF cookie sent.
INFO - 2022-08-26 11:54:22 --> CSRF token verified.
INFO - 2022-08-26 11:54:22 --> Session: Class initialized using 'CodeIgniter\Session\Handlers\FileHandler' driver.
INFO - 2022-08-26 11:54:22 --> CSRF cookie sent.
INFO - 2022-08-26 11:54:22 --> Session: Class initialized using 'CodeIgniter\Session\Handlers\FileHandler' driver.
INFO - 2022-08-26 11:54:23 --> CSRF cookie sent.
INFO - 2022-08-26 11:54:23 --> Session: Class initialized using 'CodeIgniter\Session\Handlers\FileHandler' driver.
INFO - 2022-08-26 11:54:28 --> CSRF cookie sent.
INFO - 2022-08-26 11:54:28 --> CSRF token verified.
INFO - 2022-08-26 11:54:28 --> Session: Class initialized using 'CodeIgniter\Session\Handlers\FileHandler' driver.
INFO - 2022-08-26 11:54:29 --> CSRF cookie sent.
INFO - 2022-08-26 11:54:29 --> Session: Class initialized using 'CodeIgniter\Session\Handlers\FileHandler' driver.
INFO - 2022-08-26 11:54:29 --> CSRF cookie sent.
INFO - 2022-08-26 11:54:29 --> Session: Class initialized using 'CodeIgniter\Session\Handlers\FileHandler' driver.
INFO - 2022-08-26 11:54:34 --> CSRF cookie sent.
INFO - 2022-08-26 11:54:34 --> CSRF token verified.
INFO - 2022-08-26 11:54:34 --> Session: Class initialized using 'CodeIgniter\Session\Handlers\FileHandler' driver.
INFO - 2022-08-26 11:54:35 --> CSRF cookie sent.
INFO - 2022-08-26 11:54:35 --> Session: Class initialized using 'CodeIgniter\Session\Handlers\FileHandler' driver.
INFO - 2022-08-26 11:54:36 --> CSRF cookie sent.
INFO - 2022-08-26 11:54:36 --> Session: Class initialized using 'CodeIgniter\Session\Handlers\FileHandler' driver.
INFO - 2022-08-26 11:55:49 --> CSRF cookie sent.
INFO - 2022-08-26 11:55:49 --> CSRF token verified.
INFO - 2022-08-26 11:55:49 --> Session: Class initialized using 'CodeIgniter\Session\Handlers\FileHandler' driver.
INFO - 2022-08-26 11:55:49 --> CSRF cookie sent.
INFO - 2022-08-26 11:55:49 --> Session: Class initialized using 'CodeIgniter\Session\Handlers\FileHandler' driver.
INFO - 2022-08-26 11:55:50 --> CSRF cookie sent.
INFO - 2022-08-26 11:55:50 --> Session: Class initialized using 'CodeIgniter\Session\Handlers\FileHandler' driver.
INFO - 2022-08-26 12:24:35 --> CSRF cookie sent.
INFO - 2022-08-26 12:24:35 --> CSRF token verified.
INFO - 2022-08-26 12:24:35 --> Session: Class initialized using 'CodeIgniter\Session\Handlers\FileHandler' driver.
INFO - 2022-08-26 12:24:35 --> CSRF cookie sent.
INFO - 2022-08-26 12:24:35 --> Session: Class initialized using 'CodeIgniter\Session\Handlers\FileHandler' driver.
INFO - 2022-08-26 12:24:36 --> CSRF cookie sent.
INFO - 2022-08-26 12:24:36 --> Session: Class initialized using 'CodeIgniter\Session\Handlers\FileHandler' driver.
INFO - 2022-08-26 12:24:36 --> CSRF cookie sent.
INFO - 2022-08-26 12:24:36 --> Session: Class initialized using 'CodeIgniter\Session\Handlers\FileHandler' driver.
INFO - 2022-08-26 12:24:38 --> CSRF cookie sent.
INFO - 2022-08-26 12:24:38 --> Session: Class initialized using 'CodeIgniter\Session\Handlers\FileHandler' driver.
INFO - 2022-08-26 12:24:39 --> CSRF cookie sent.
INFO - 2022-08-26 12:24:39 --> Session: Class initialized using 'CodeIgniter\Session\Handlers\FileHandler' driver.
INFO - 2022-08-26 12:24:40 --> CSRF cookie sent.
INFO - 2022-08-26 12:24:40 --> Session: Class initialized using 'CodeIgniter\Session\Handlers\FileHandler' driver.
INFO - 2022-08-26 12:24:41 --> CSRF cookie sent.
INFO - 2022-08-26 12:24:41 --> Session: Class initialized using 'CodeIgniter\Session\Handlers\FileHandler' driver.
INFO - 2022-08-26 12:24:42 --> CSRF cookie sent.
INFO - 2022-08-26 12:24:42 --> Session: Class initialized using 'CodeIgniter\Session\Handlers\FileHandler' driver.
INFO - 2022-08-26 12:24:42 --> CSRF cookie sent.
INFO - 2022-08-26 12:24:42 --> Session: Class initialized using 'CodeIgniter\Session\Handlers\FileHandler' driver.
INFO - 2022-08-26 12:24:43 --> CSRF cookie sent.
INFO - 2022-08-26 12:24:43 --> Session: Class initialized using 'CodeIgniter\Session\Handlers\FileHandler' driver.
INFO - 2022-08-26 12:24:46 --> CSRF cookie sent.
INFO - 2022-08-26 12:24:46 --> Session: Class initialized using 'CodeIgniter\Session\Handlers\FileHandler' driver.
INFO - 2022-08-26 12:24:47 --> CSRF cookie sent.
INFO - 2022-08-26 12:24:47 --> Session: Class initialized using 'CodeIgniter\Session\Handlers\FileHandler' driver.
INFO - 2022-08-26 12:24:54 --> CSRF cookie sent.
INFO - 2022-08-26 12:24:54 --> Session: Class initialized using 'CodeIgniter\Session\Handlers\FileHandler' driver.
INFO - 2022-08-26 12:25:45 --> CSRF cookie sent.
INFO - 2022-08-26 12:25:45 --> CSRF token verified.
INFO - 2022-08-26 12:25:45 --> Session: Class initialized using 'CodeIgniter\Session\Handlers\FileHandler' driver.
INFO - 2022-08-26 12:25:46 --> CSRF cookie sent.
INFO - 2022-08-26 12:25:46 --> Session: Class initialized using 'CodeIgniter\Session\Handlers\FileHandler' driver.
INFO - 2022-08-26 12:25:47 --> CSRF cookie sent.
INFO - 2022-08-26 12:25:47 --> Session: Class initialized using 'CodeIgniter\Session\Handlers\FileHandler' driver.
INFO - 2022-08-26 12:25:47 --> CSRF cookie sent.
INFO - 2022-08-26 12:25:47 --> Session: Class initialized using 'CodeIgniter\Session\Handlers\FileHandler' driver.
INFO - 2022-08-26 12:25:48 --> CSRF cookie sent.
INFO - 2022-08-26 12:25:48 --> Session: Class initialized using 'CodeIgniter\Session\Handlers\FileHandler' driver.
INFO - 2022-08-26 12:25:48 --> CSRF cookie sent.
INFO - 2022-08-26 12:25:48 --> Session: Class initialized using 'CodeIgniter\Session\Handlers\FileHandler' driver.
INFO - 2022-08-26 12:25:51 --> CSRF cookie sent.
INFO - 2022-08-26 12:25:51 --> Session: Class initialized using 'CodeIgniter\Session\Handlers\FileHandler' driver.
INFO - 2022-08-26 12:26:37 --> CSRF cookie sent.
INFO - 2022-08-26 12:26:37 --> Session: Class initialized using 'CodeIgniter\Session\Handlers\FileHandler' driver.
INFO - 2022-08-26 12:26:37 --> CSRF cookie sent.
INFO - 2022-08-26 12:26:37 --> Session: Class initialized using 'CodeIgniter\Session\Handlers\FileHandler' driver.
INFO - 2022-08-26 12:26:38 --> CSRF cookie sent.
INFO - 2022-08-26 12:26:38 --> Session: Class initialized using 'CodeIgniter\Session\Handlers\FileHandler' driver.
INFO - 2022-08-26 12:26:38 --> CSRF cookie sent.
INFO - 2022-08-26 12:26:38 --> Session: Class initialized using 'CodeIgniter\Session\Handlers\FileHandler' driver.
INFO - 2022-08-26 12:26:42 --> CSRF cookie sent.
INFO - 2022-08-26 12:26:42 --> Session: Class initialized using 'CodeIgniter\Session\Handlers\FileHandler' driver.
INFO - 2022-08-26 12:26:42 --> CSRF cookie sent.
INFO - 2022-08-26 12:26:42 --> Session: Class initialized using 'CodeIgniter\Session\Handlers\FileHandler' driver.
INFO - 2022-08-26 12:26:44 --> CSRF cookie sent.
INFO - 2022-08-26 12:26:44 --> Session: Class initialized using 'CodeIgniter\Session\Handlers\FileHandler' driver.
INFO - 2022-08-26 12:27:03 --> CSRF cookie sent.
INFO - 2022-08-26 12:27:03 --> CSRF token verified.
INFO - 2022-08-26 12:27:03 --> Session: Class initialized using 'CodeIgniter\Session\Handlers\FileHandler' driver.
INFO - 2022-08-26 12:27:04 --> CSRF cookie sent.
INFO - 2022-08-26 12:27:04 --> Session: Class initialized using 'CodeIgniter\Session\Handlers\FileHandler' driver.
INFO - 2022-08-26 12:27:05 --> CSRF cookie sent.
INFO - 2022-08-26 12:27:05 --> Session: Class initialized using 'CodeIgniter\Session\Handlers\FileHandler' driver.
INFO - 2022-08-26 12:27:05 --> CSRF cookie sent.
INFO - 2022-08-26 12:27:05 --> Session: Class initialized using 'CodeIgniter\Session\Handlers\FileHandler' driver.
INFO - 2022-08-26 12:27:06 --> CSRF cookie sent.
INFO - 2022-08-26 12:27:06 --> Session: Class initialized using 'CodeIgniter\Session\Handlers\FileHandler' driver.
INFO - 2022-08-26 12:27:07 --> CSRF cookie sent.
INFO - 2022-08-26 12:27:07 --> Session: Class initialized using 'CodeIgniter\Session\Handlers\FileHandler' driver.
INFO - 2022-08-26 12:27:08 --> CSRF cookie sent.
INFO - 2022-08-26 12:27:08 --> Session: Class initialized using 'CodeIgniter\Session\Handlers\FileHandler' driver.
INFO - 2022-08-26 12:27:32 --> CSRF cookie sent.
INFO - 2022-08-26 12:27:32 --> Session: Class initialized using 'CodeIgniter\Session\Handlers\FileHandler' driver.
INFO - 2022-08-26 12:27:32 --> CSRF cookie sent.
INFO - 2022-08-26 12:27:32 --> Session: Class initialized using 'CodeIgniter\Session\Handlers\FileHandler' driver.
INFO - 2022-08-26 12:27:33 --> CSRF cookie sent.
INFO - 2022-08-26 12:27:33 --> Session: Class initialized using 'CodeIgniter\Session\Handlers\FileHandler' driver.
INFO - 2022-08-26 12:27:34 --> CSRF cookie sent.
INFO - 2022-08-26 12:27:34 --> Session: Class initialized using 'CodeIgniter\Session\Handlers\FileHandler' driver.
INFO - 2022-08-26 12:27:37 --> CSRF cookie sent.
INFO - 2022-08-26 12:27:37 --> Session: Class initialized using 'CodeIgniter\Session\Handlers\FileHandler' driver.
INFO - 2022-08-26 12:27:38 --> CSRF cookie sent.
INFO - 2022-08-26 12:27:38 --> Session: Class initialized using 'CodeIgniter\Session\Handlers\FileHandler' driver.
INFO - 2022-08-26 12:27:51 --> CSRF cookie sent.
INFO - 2022-08-26 12:27:51 --> CSRF token verified.
INFO - 2022-08-26 12:27:51 --> Session: Class initialized using 'CodeIgniter\Session\Handlers\FileHandler' driver.
INFO - 2022-08-26 12:27:53 --> CSRF cookie sent.
INFO - 2022-08-26 12:27:53 --> Session: Class initialized using 'CodeIgniter\Session\Handlers\FileHandler' driver.
INFO - 2022-08-26 12:27:53 --> CSRF cookie sent.
INFO - 2022-08-26 12:27:53 --> Session: Class initialized using 'CodeIgniter\Session\Handlers\FileHandler' driver.
INFO - 2022-08-26 12:27:54 --> CSRF cookie sent.
INFO - 2022-08-26 12:27:54 --> Session: Class initialized using 'CodeIgniter\Session\Handlers\FileHandler' driver.
INFO - 2022-08-26 12:27:54 --> CSRF cookie sent.
INFO - 2022-08-26 12:27:54 --> Session: Class initialized using 'CodeIgniter\Session\Handlers\FileHandler' driver.
INFO - 2022-08-26 12:27:55 --> CSRF cookie sent.
INFO - 2022-08-26 12:27:55 --> Session: Class initialized using 'CodeIgniter\Session\Handlers\FileHandler' driver.
INFO - 2022-08-26 12:27:56 --> CSRF cookie sent.
INFO - 2022-08-26 12:27:56 --> Session: Class initialized using 'CodeIgniter\Session\Handlers\FileHandler' driver.
INFO - 2022-08-26 12:27:56 --> CSRF cookie sent.
INFO - 2022-08-26 12:27:56 --> Session: Class initialized using 'CodeIgniter\Session\Handlers\FileHandler' driver.
INFO - 2022-08-26 12:27:57 --> CSRF cookie sent.
INFO - 2022-08-26 12:27:57 --> Session: Class initialized using 'CodeIgniter\Session\Handlers\FileHandler' driver.
INFO - 2022-08-26 12:28:01 --> CSRF cookie sent.
INFO - 2022-08-26 12:28:01 --> Session: Class initialized using 'CodeIgniter\Session\Handlers\FileHandler' driver.
INFO - 2022-08-26 12:28:01 --> CSRF cookie sent.
INFO - 2022-08-26 12:28:01 --> Session: Class initialized using 'CodeIgniter\Session\Handlers\FileHandler' driver.
INFO - 2022-08-26 12:28:03 --> CSRF cookie sent.
INFO - 2022-08-26 12:28:03 --> Session: Class initialized using 'CodeIgniter\Session\Handlers\FileHandler' driver.
INFO - 2022-08-26 12:28:31 --> CSRF cookie sent.
INFO - 2022-08-26 12:28:31 --> CSRF token verified.
INFO - 2022-08-26 12:28:31 --> Session: Class initialized using 'CodeIgniter\Session\Handlers\FileHandler' driver.
INFO - 2022-08-26 12:28:31 --> CSRF cookie sent.
INFO - 2022-08-26 12:28:31 --> Session: Class initialized using 'CodeIgniter\Session\Handlers\FileHandler' driver.
INFO - 2022-08-26 12:28:33 --> CSRF cookie sent.
INFO - 2022-08-26 12:28:33 --> Session: Class initialized using 'CodeIgniter\Session\Handlers\FileHandler' driver.
INFO - 2022-08-26 12:28:33 --> CSRF cookie sent.
INFO - 2022-08-26 12:28:33 --> Session: Class initialized using 'CodeIgniter\Session\Handlers\FileHandler' driver.
INFO - 2022-08-26 12:28:33 --> CSRF cookie sent.
INFO - 2022-08-26 12:28:33 --> Session: Class initialized using 'CodeIgniter\Session\Handlers\FileHandler' driver.
INFO - 2022-08-26 12:28:38 --> CSRF cookie sent.
INFO - 2022-08-26 12:28:38 --> Session: Class initialized using 'CodeIgniter\Session\Handlers\FileHandler' driver.
INFO - 2022-08-26 12:28:40 --> CSRF cookie sent.
INFO - 2022-08-26 12:28:40 --> Session: Class initialized using 'CodeIgniter\Session\Handlers\FileHandler' driver.
INFO - 2022-08-26 12:28:49 --> CSRF cookie sent.
INFO - 2022-08-26 12:28:49 --> Session: Class initialized using 'CodeIgniter\Session\Handlers\FileHandler' driver.
INFO - 2022-08-26 12:28:52 --> CSRF cookie sent.
INFO - 2022-08-26 12:28:52 --> Session: Class initialized using 'CodeIgniter\Session\Handlers\FileHandler' driver.
INFO - 2022-08-26 12:28:52 --> CSRF cookie sent.
INFO - 2022-08-26 12:28:52 --> Session: Class initialized using 'CodeIgniter\Session\Handlers\FileHandler' driver.
INFO - 2022-08-26 12:28:57 --> CSRF cookie sent.
INFO - 2022-08-26 12:28:57 --> CSRF token verified.
INFO - 2022-08-26 12:28:57 --> Session: Class initialized using 'CodeIgniter\Session\Handlers\FileHandler' driver.
INFO - 2022-08-26 12:28:59 --> CSRF cookie sent.
INFO - 2022-08-26 12:28:59 --> Session: Class initialized using 'CodeIgniter\Session\Handlers\FileHandler' driver.
INFO - 2022-08-26 12:28:59 --> CSRF cookie sent.
INFO - 2022-08-26 12:28:59 --> Session: Class initialized using 'CodeIgniter\Session\Handlers\FileHandler' driver.
INFO - 2022-08-26 12:28:59 --> CSRF cookie sent.
INFO - 2022-08-26 12:28:59 --> Session: Class initialized using 'CodeIgniter\Session\Handlers\FileHandler' driver.
INFO - 2022-08-26 12:29:00 --> CSRF cookie sent.
INFO - 2022-08-26 12:29:00 --> Session: Class initialized using 'CodeIgniter\Session\Handlers\FileHandler' driver.
INFO - 2022-08-26 12:29:06 --> CSRF cookie sent.
INFO - 2022-08-26 12:29:06 --> Session: Class initialized using 'CodeIgniter\Session\Handlers\FileHandler' driver.
INFO - 2022-08-26 12:29:06 --> CSRF cookie sent.
INFO - 2022-08-26 12:29:06 --> Session: Class initialized using 'CodeIgniter\Session\Handlers\FileHandler' driver.
INFO - 2022-08-26 12:29:07 --> CSRF cookie sent.
INFO - 2022-08-26 12:29:07 --> Session: Class initialized using 'CodeIgniter\Session\Handlers\FileHandler' driver.
INFO - 2022-08-26 12:29:07 --> CSRF cookie sent.
INFO - 2022-08-26 12:29:07 --> Session: Class initialized using 'CodeIgniter\Session\Handlers\FileHandler' driver.
INFO - 2022-08-26 12:29:10 --> CSRF cookie sent.
INFO - 2022-08-26 12:29:10 --> Session: Class initialized using 'CodeIgniter\Session\Handlers\FileHandler' driver.
INFO - 2022-08-26 12:29:11 --> CSRF cookie sent.
INFO - 2022-08-26 12:29:11 --> Session: Class initialized using 'CodeIgniter\Session\Handlers\FileHandler' driver.
INFO - 2022-08-26 12:29:13 --> CSRF cookie sent.
INFO - 2022-08-26 12:29:13 --> Session: Class initialized using 'CodeIgniter\Session\Handlers\FileHandler' driver.
INFO - 2022-08-26 12:29:34 --> CSRF cookie sent.
INFO - 2022-08-26 12:29:34 --> CSRF token verified.
INFO - 2022-08-26 12:29:34 --> Session: Class initialized using 'CodeIgniter\Session\Handlers\FileHandler' driver.
INFO - 2022-08-26 12:29:34 --> CSRF cookie sent.
INFO - 2022-08-26 12:29:34 --> Session: Class initialized using 'CodeIgniter\Session\Handlers\FileHandler' driver.
INFO - 2022-08-26 12:29:35 --> CSRF cookie sent.
INFO - 2022-08-26 12:29:35 --> Session: Class initialized using 'CodeIgniter\Session\Handlers\FileHandler' driver.
INFO - 2022-08-26 12:29:36 --> CSRF cookie sent.
INFO - 2022-08-26 12:29:36 --> Session: Class initialized using 'CodeIgniter\Session\Handlers\FileHandler' driver.
INFO - 2022-08-26 12:29:36 --> CSRF cookie sent.
INFO - 2022-08-26 12:29:36 --> Session: Class initialized using 'CodeIgniter\Session\Handlers\FileHandler' driver.
INFO - 2022-08-26 12:29:37 --> CSRF cookie sent.
INFO - 2022-08-26 12:29:37 --> Session: Class initialized using 'CodeIgniter\Session\Handlers\FileHandler' driver.
INFO - 2022-08-26 12:29:37 --> CSRF cookie sent.
INFO - 2022-08-26 12:29:37 --> Session: Class initialized using 'CodeIgniter\Session\Handlers\FileHandler' driver.
INFO - 2022-08-26 12:40:22 --> CSRF cookie sent.
INFO - 2022-08-26 12:40:22 --> Session: Class initialized using 'CodeIgniter\Session\Handlers\FileHandler' driver.
INFO - 2022-08-26 12:40:22 --> CSRF cookie sent.
INFO - 2022-08-26 12:40:22 --> Session: Class initialized using 'CodeIgniter\Session\Handlers\FileHandler' driver.
INFO - 2022-08-26 12:40:23 --> CSRF cookie sent.
INFO - 2022-08-26 12:40:23 --> Session: Class initialized using 'CodeIgniter\Session\Handlers\FileHandler' driver.
INFO - 2022-08-26 13:05:40 --> Session: Class initialized using 'CodeIgniter\Session\Handlers\FileHandler' driver.
INFO - 2022-08-26 13:05:40 --> CSRF cookie sent.
INFO - 2022-08-26 13:05:40 --> Session: Class initialized using 'CodeIgniter\Session\Handlers\FileHandler' driver.
INFO - 2022-08-26 13:05:41 --> CSRF cookie sent.
INFO - 2022-08-26 13:05:41 --> Session: Class initialized using 'CodeIgniter\Session\Handlers\FileHandler' driver.
INFO - 2022-08-26 13:05:49 --> CSRF cookie sent.
INFO - 2022-08-26 13:05:49 --> CSRF token verified.
INFO - 2022-08-26 13:05:49 --> Session: Class initialized using 'CodeIgniter\Session\Handlers\FileHandler' driver.
ERROR - 2022-08-26 13:05:51 --> mysqli_sql_exception: Subquery returns more than 1 row in /home/apdwms/public_html/system/Database/MySQLi/Connection.php:314
Stack trace:
#0 /home/apdwms/public_html/system/Database/MySQLi/Connection.php(314): mysqli->query()
#1 /home/apdwms/public_html/system/Database/BaseConnection.php(713): CodeIgniter\Database\MySQLi\Connection->execute()
#2 /home/apdwms/public_html/system/Database/BaseConnection.php(641): CodeIgniter\Database\BaseConnection->simpleQuery()
#3 /home/apdwms/public_html/system/Database/BaseBuilder.php(1866): CodeIgniter\Database\BaseConnection->query()
#4 /home/apdwms/public_html/cella/Models/Collections/ItemsModel.php(130): CodeIgniter\Database\BaseBuilder->get()
#5 /home/apdwms/public_html/cella/Controllers/Warehouse.php(237): CELLA\Models\Collections\ItemsModel->getReadyForLoadJobs()
#6 /home/apdwms/public_html/cella/Controllers/BaseController.php(532): CELLA\Controllers\Warehouse->collection()
#7 /home/apdwms/public_html/system/CodeIgniter.php(932): CELLA\Controllers\BaseController->_remap()
#8 /home/apdwms/public_html/system/CodeIgniter.php(432): CodeIgniter\CodeIgniter->runController()
#9 /home/apdwms/public_html/system/CodeIgniter.php(333): CodeIgniter\CodeIgniter->handleRequest()
#10 /home/apdwms/public_html/index.php(48): CodeIgniter\CodeIgniter->run()
#11 {main}
ERROR - 2022-08-26 13:05:51 --> error_sql:SELECT *
FROM `vw_jobs_for_dispatched_loads`
WHERE `load` = 'COL2022825'
INFO - 2022-08-26 13:05:53 --> CSRF cookie sent.
INFO - 2022-08-26 13:05:53 --> Session: Class initialized using 'CodeIgniter\Session\Handlers\FileHandler' driver.
INFO - 2022-08-26 13:05:53 --> CSRF cookie sent.
INFO - 2022-08-26 13:05:53 --> Session: Class initialized using 'CodeIgniter\Session\Handlers\FileHandler' driver.
INFO - 2022-08-26 13:05:58 --> CSRF cookie sent.
INFO - 2022-08-26 13:05:58 --> Session: Class initialized using 'CodeIgniter\Session\Handlers\FileHandler' driver.
INFO - 2022-08-26 13:05:59 --> CSRF cookie sent.
INFO - 2022-08-26 13:05:59 --> Session: Class initialized using 'CodeIgniter\Session\Handlers\FileHandler' driver.
INFO - 2022-08-26 13:05:59 --> CSRF cookie sent.
INFO - 2022-08-26 13:05:59 --> Session: Class initialized using 'CodeIgniter\Session\Handlers\FileHandler' driver.
INFO - 2022-08-26 13:06:03 --> CSRF cookie sent.
INFO - 2022-08-26 13:06:03 --> Session: Class initialized using 'CodeIgniter\Session\Handlers\FileHandler' driver.
INFO - 2022-08-26 13:06:04 --> CSRF cookie sent.
INFO - 2022-08-26 13:06:04 --> Session: Class initialized using 'CodeIgniter\Session\Handlers\FileHandler' driver.
INFO - 2022-08-26 13:06:05 --> CSRF cookie sent.
INFO - 2022-08-26 13:06:05 --> Session: Class initialized using 'CodeIgniter\Session\Handlers\FileHandler' driver.
INFO - 2022-08-26 13:06:07 --> CSRF cookie sent.
INFO - 2022-08-26 13:06:07 --> Session: Class initialized using 'CodeIgniter\Session\Handlers\FileHandler' driver.
INFO - 2022-08-26 13:06:07 --> CSRF cookie sent.
INFO - 2022-08-26 13:06:07 --> Session: Class initialized using 'CodeIgniter\Session\Handlers\FileHandler' driver.
INFO - 2022-08-26 13:06:08 --> CSRF cookie sent.
INFO - 2022-08-26 13:06:08 --> Session: Class initialized using 'CodeIgniter\Session\Handlers\FileHandler' driver.
INFO - 2022-08-26 13:06:09 --> CSRF cookie sent.
INFO - 2022-08-26 13:06:09 --> CSRF cookie sent.
INFO - 2022-08-26 13:06:09 --> Session: Class initialized using 'CodeIgniter\Session\Handlers\FileHandler' driver.
INFO - 2022-08-26 13:06:09 --> Session: Class initialized using 'CodeIgniter\Session\Handlers\FileHandler' driver.
INFO - 2022-08-26 13:06:16 --> CSRF cookie sent.
INFO - 2022-08-26 13:06:16 --> Session: Class initialized using 'CodeIgniter\Session\Handlers\FileHandler' driver.
INFO - 2022-08-26 13:06:17 --> CSRF cookie sent.
INFO - 2022-08-26 13:06:17 --> Session: Class initialized using 'CodeIgniter\Session\Handlers\FileHandler' driver.
INFO - 2022-08-26 13:06:17 --> CSRF cookie sent.
INFO - 2022-08-26 13:06:17 --> Session: Class initialized using 'CodeIgniter\Session\Handlers\FileHandler' driver.
INFO - 2022-08-26 13:06:22 --> CSRF cookie sent.
INFO - 2022-08-26 13:06:22 --> Session: Class initialized using 'CodeIgniter\Session\Handlers\FileHandler' driver.
INFO - 2022-08-26 13:06:23 --> CSRF cookie sent.
INFO - 2022-08-26 13:06:23 --> Session: Class initialized using 'CodeIgniter\Session\Handlers\FileHandler' driver.
INFO - 2022-08-26 13:06:23 --> CSRF cookie sent.
INFO - 2022-08-26 13:06:23 --> Session: Class initialized using 'CodeIgniter\Session\Handlers\FileHandler' driver.
INFO - 2022-08-26 13:06:24 --> CSRF cookie sent.
INFO - 2022-08-26 13:06:24 --> Session: Class initialized using 'CodeIgniter\Session\Handlers\FileHandler' driver.
INFO - 2022-08-26 13:06:27 --> CSRF cookie sent.
INFO - 2022-08-26 13:06:27 --> Session: Class initialized using 'CodeIgniter\Session\Handlers\FileHandler' driver.
INFO - 2022-08-26 13:06:33 --> CSRF cookie sent.
INFO - 2022-08-26 13:06:33 --> Session: Class initialized using 'CodeIgniter\Session\Handlers\FileHandler' driver.
INFO - 2022-08-26 13:06:33 --> CSRF cookie sent.
INFO - 2022-08-26 13:06:33 --> Session: Class initialized using 'CodeIgniter\Session\Handlers\FileHandler' driver.
INFO - 2022-08-26 13:06:34 --> CSRF cookie sent.
INFO - 2022-08-26 13:06:34 --> Session: Class initialized using 'CodeIgniter\Session\Handlers\FileHandler' driver.
INFO - 2022-08-26 13:06:36 --> CSRF cookie sent.
INFO - 2022-08-26 13:06:36 --> CSRF cookie sent.
INFO - 2022-08-26 13:06:36 --> Session: Class initialized using 'CodeIgniter\Session\Handlers\FileHandler' driver.
INFO - 2022-08-26 13:06:36 --> Session: Class initialized using 'CodeIgniter\Session\Handlers\FileHandler' driver.
INFO - 2022-08-26 13:16:44 --> CSRF cookie sent.
INFO - 2022-08-26 13:16:44 --> Session: Class initialized using 'CodeIgniter\Session\Handlers\FileHandler' driver.
INFO - 2022-08-26 13:16:44 --> CSRF cookie sent.
INFO - 2022-08-26 13:16:44 --> Session: Class initialized using 'CodeIgniter\Session\Handlers\FileHandler' driver.
INFO - 2022-08-26 13:16:45 --> CSRF cookie sent.
INFO - 2022-08-26 13:16:45 --> Session: Class initialized using 'CodeIgniter\Session\Handlers\FileHandler' driver.
INFO - 2022-08-26 14:49:19 --> CSRF cookie sent.
INFO - 2022-08-26 14:49:19 --> Session: Class initialized using 'CodeIgniter\Session\Handlers\FileHandler' driver.
INFO - 2022-08-26 14:49:19 --> CSRF cookie sent.
INFO - 2022-08-26 14:49:19 --> Session: Class initialized using 'CodeIgniter\Session\Handlers\FileHandler' driver.
INFO - 2022-08-26 15:37:23 --> CSRF cookie sent.
INFO - 2022-08-26 15:37:23 --> Session: Class initialized using 'CodeIgniter\Session\Handlers\FileHandler' driver.
INFO - 2022-08-26 15:37:25 --> CSRF cookie sent.
INFO - 2022-08-26 15:37:25 --> Session: Class initialized using 'CodeIgniter\Session\Handlers\FileHandler' driver.
INFO - 2022-08-26 16:04:43 --> CSRF cookie sent.
INFO - 2022-08-26 16:04:43 --> CSRF token verified.
INFO - 2022-08-26 16:04:43 --> Session: Class initialized using 'CodeIgniter\Session\Handlers\FileHandler' driver.
INFO - 2022-08-26 16:04:44 --> CSRF cookie sent.
INFO - 2022-08-26 16:04:44 --> Session: Class initialized using 'CodeIgniter\Session\Handlers\FileHandler' driver.
INFO - 2022-08-26 16:04:45 --> CSRF cookie sent.
INFO - 2022-08-26 16:04:45 --> Session: Class initialized using 'CodeIgniter\Session\Handlers\FileHandler' driver.
INFO - 2022-08-26 16:05:40 --> CSRF cookie sent.
INFO - 2022-08-26 16:05:40 --> Session: Class initialized using 'CodeIgniter\Session\Handlers\FileHandler' driver.
INFO - 2022-08-26 16:05:41 --> CSRF cookie sent.
INFO - 2022-08-26 16:05:41 --> Session: Class initialized using 'CodeIgniter\Session\Handlers\FileHandler' driver.
INFO - 2022-08-26 16:05:42 --> CSRF cookie sent.
INFO - 2022-08-26 16:05:42 --> Session: Class initialized using 'CodeIgniter\Session\Handlers\FileHandler' driver.
INFO - 2022-08-26 16:05:47 --> CSRF cookie sent.
INFO - 2022-08-26 16:05:47 --> Session: Class initialized using 'CodeIgniter\Session\Handlers\FileHandler' driver.
INFO - 2022-08-26 16:05:49 --> CSRF cookie sent.
INFO - 2022-08-26 16:05:49 --> Session: Class initialized using 'CodeIgniter\Session\Handlers\FileHandler' driver.
INFO - 2022-08-26 16:05:50 --> CSRF cookie sent.
INFO - 2022-08-26 16:05:50 --> Session: Class initialized using 'CodeIgniter\Session\Handlers\FileHandler' driver.
INFO - 2022-08-26 16:05:51 --> CSRF cookie sent.
INFO - 2022-08-26 16:05:51 --> Session: Class initialized using 'CodeIgniter\Session\Handlers\FileHandler' driver.
INFO - 2022-08-26 16:05:51 --> CSRF cookie sent.
INFO - 2022-08-26 16:05:51 --> CSRF cookie sent.
INFO - 2022-08-26 16:05:52 --> Session: Class initialized using 'CodeIgniter\Session\Handlers\FileHandler' driver.
INFO - 2022-08-26 16:05:52 --> Session: Class initialized using 'CodeIgniter\Session\Handlers\FileHandler' driver.
INFO - 2022-08-26 16:05:52 --> CSRF cookie sent.
INFO - 2022-08-26 16:05:52 --> Session: Class initialized using 'CodeIgniter\Session\Handlers\FileHandler' driver.
INFO - 2022-08-26 16:05:54 --> CSRF cookie sent.
INFO - 2022-08-26 16:05:54 --> Session: Class initialized using 'CodeIgniter\Session\Handlers\FileHandler' driver.
INFO - 2022-08-26 16:05:54 --> CSRF cookie sent.
INFO - 2022-08-26 16:05:54 --> Session: Class initialized using 'CodeIgniter\Session\Handlers\FileHandler' driver.
INFO - 2022-08-26 16:09:02 --> CSRF cookie sent.
INFO - 2022-08-26 16:09:02 --> CSRF token verified.
INFO - 2022-08-26 16:09:02 --> Session: Class initialized using 'CodeIgniter\Session\Handlers\FileHandler' driver.
INFO - 2022-08-26 16:09:05 --> CSRF cookie sent.
INFO - 2022-08-26 16:09:05 --> Session: Class initialized using 'CodeIgniter\Session\Handlers\FileHandler' driver.
INFO - 2022-08-26 16:09:06 --> CSRF cookie sent.
INFO - 2022-08-26 16:09:06 --> Session: Class initialized using 'CodeIgniter\Session\Handlers\FileHandler' driver.
INFO - 2022-08-26 16:09:07 --> CSRF cookie sent.
INFO - 2022-08-26 16:09:07 --> Session: Class initialized using 'CodeIgniter\Session\Handlers\FileHandler' driver.
INFO - 2022-08-26 16:12:41 --> CSRF cookie sent.
INFO - 2022-08-26 16:12:41 --> Session: Class initialized using 'CodeIgniter\Session\Handlers\FileHandler' driver.
INFO - 2022-08-26 16:12:41 --> CSRF cookie sent.
INFO - 2022-08-26 16:12:41 --> Session: Class initialized using 'CodeIgniter\Session\Handlers\FileHandler' driver.
INFO - 2022-08-26 16:12:42 --> CSRF cookie sent.
INFO - 2022-08-26 16:12:42 --> Session: Class initialized using 'CodeIgniter\Session\Handlers\FileHandler' driver.
INFO - 2022-08-26 16:16:15 --> CSRF cookie sent.
INFO - 2022-08-26 16:16:15 --> Session: Class initialized using 'CodeIgniter\Session\Handlers\FileHandler' driver.
INFO - 2022-08-26 16:16:15 --> CSRF cookie sent.
INFO - 2022-08-26 16:16:15 --> Session: Class initialized using 'CodeIgniter\Session\Handlers\FileHandler' driver.
INFO - 2022-08-26 16:16:17 --> CSRF cookie sent.
INFO - 2022-08-26 16:16:17 --> CSRF token verified.
INFO - 2022-08-26 16:16:17 --> Session: Class initialized using 'CodeIgniter\Session\Handlers\FileHandler' driver.
INFO - 2022-08-26 16:16:18 --> CSRF cookie sent.
INFO - 2022-08-26 16:16:18 --> Session: Class initialized using 'CodeIgniter\Session\Handlers\FileHandler' driver.
INFO - 2022-08-26 16:16:18 --> CSRF cookie sent.
INFO - 2022-08-26 16:16:18 --> Session: Class initialized using 'CodeIgniter\Session\Handlers\FileHandler' driver.
INFO - 2022-08-26 16:16:19 --> CSRF cookie sent.
INFO - 2022-08-26 16:16:19 --> Session: Class initialized using 'CodeIgniter\Session\Handlers\FileHandler' driver.
INFO - 2022-08-26 16:16:39 --> CSRF cookie sent.
INFO - 2022-08-26 16:16:39 --> Session: Class initialized using 'CodeIgniter\Session\Handlers\FileHandler' driver.
INFO - 2022-08-26 16:16:40 --> CSRF cookie sent.
INFO - 2022-08-26 16:16:40 --> Session: Class initialized using 'CodeIgniter\Session\Handlers\FileHandler' driver.
INFO - 2022-08-26 16:16:41 --> CSRF cookie sent.
INFO - 2022-08-26 16:16:41 --> Session: Class initialized using 'CodeIgniter\Session\Handlers\FileHandler' driver.
INFO - 2022-08-26 16:16:42 --> CSRF cookie sent.
INFO - 2022-08-26 16:16:42 --> Session: Class initialized using 'CodeIgniter\Session\Handlers\FileHandler' driver.
INFO - 2022-08-26 16:16:44 --> CSRF cookie sent.
INFO - 2022-08-26 16:16:44 --> Session: Class initialized using 'CodeIgniter\Session\Handlers\FileHandler' driver.
INFO - 2022-08-26 16:16:44 --> CSRF cookie sent.
INFO - 2022-08-26 16:16:44 --> Session: Class initialized using 'CodeIgniter\Session\Handlers\FileHandler' driver.
INFO - 2022-08-26 16:30:37 --> CSRF cookie sent.
INFO - 2022-08-26 16:30:37 --> CSRF token verified.
INFO - 2022-08-26 16:30:37 --> Session: Class initialized using 'CodeIgniter\Session\Handlers\FileHandler' driver.
INFO - 2022-08-26 16:30:39 --> CSRF cookie sent.
INFO - 2022-08-26 16:30:39 --> Session: Class initialized using 'CodeIgniter\Session\Handlers\FileHandler' driver.
INFO - 2022-08-26 16:30:44 --> CSRF cookie sent.
INFO - 2022-08-26 16:30:44 --> Session: Class initialized using 'CodeIgniter\Session\Handlers\FileHandler' driver.
INFO - 2022-08-26 16:30:45 --> CSRF cookie sent.
INFO - 2022-08-26 16:30:45 --> Session: Class initialized using 'CodeIgniter\Session\Handlers\FileHandler' driver.
INFO - 2022-08-26 16:31:10 --> CSRF cookie sent.
INFO - 2022-08-26 16:31:10 --> CSRF token verified.
INFO - 2022-08-26 16:31:10 --> Session: Class initialized using 'CodeIgniter\Session\Handlers\FileHandler' driver.
INFO - 2022-08-26 16:31:10 --> CSRF cookie sent.
INFO - 2022-08-26 16:31:10 --> Session: Class initialized using 'CodeIgniter\Session\Handlers\FileHandler' driver.
INFO - 2022-08-26 16:31:11 --> CSRF cookie sent.
INFO - 2022-08-26 16:31:11 --> Session: Class initialized using 'CodeIgniter\Session\Handlers\FileHandler' driver.
INFO - 2022-08-26 16:31:12 --> CSRF cookie sent.
INFO - 2022-08-26 16:31:12 --> Session: Class initialized using 'CodeIgniter\Session\Handlers\FileHandler' driver.
INFO - 2022-08-26 16:41:22 --> CSRF cookie sent.
INFO - 2022-08-26 16:41:22 --> Session: Class initialized using 'CodeIgniter\Session\Handlers\FileHandler' driver.
INFO - 2022-08-26 16:41:23 --> CSRF cookie sent.
INFO - 2022-08-26 16:41:23 --> Session: Class initialized using 'CodeIgniter\Session\Handlers\FileHandler' driver.
INFO - 2022-08-26 16:41:23 --> CSRF cookie sent.
INFO - 2022-08-26 16:41:23 --> Session: Class initialized using 'CodeIgniter\Session\Handlers\FileHandler' driver.
