INFO - 2023-01-10 07:49:00 --> Session: Class initialized using 'CodeIgniter\Session\Handlers\FileHandler' driver.
INFO - 2023-01-10 07:49:00 --> CSRF cookie sent.
INFO - 2023-01-10 07:49:00 --> Session: Class initialized using 'CodeIgniter\Session\Handlers\FileHandler' driver.
INFO - 2023-01-10 07:49:01 --> CSRF cookie sent.
INFO - 2023-01-10 07:49:01 --> Session: Class initialized using 'CodeIgniter\Session\Handlers\FileHandler' driver.
INFO - 2023-01-10 07:49:09 --> CSRF cookie sent.
INFO - 2023-01-10 07:49:09 --> CSRF token verified.
INFO - 2023-01-10 07:49:09 --> Session: Class initialized using 'CodeIgniter\Session\Handlers\FileHandler' driver.
INFO - 2023-01-10 07:49:10 --> CSRF cookie sent.
INFO - 2023-01-10 07:49:10 --> Session: Class initialized using 'CodeIgniter\Session\Handlers\FileHandler' driver.
INFO - 2023-01-10 07:49:11 --> CSRF cookie sent.
INFO - 2023-01-10 07:49:11 --> Session: Class initialized using 'CodeIgniter\Session\Handlers\FileHandler' driver.
INFO - 2023-01-10 07:49:12 --> CSRF cookie sent.
INFO - 2023-01-10 07:49:12 --> Session: Class initialized using 'CodeIgniter\Session\Handlers\FileHandler' driver.
INFO - 2023-01-10 07:49:12 --> CSRF cookie sent.
INFO - 2023-01-10 07:49:12 --> Session: Class initialized using 'CodeIgniter\Session\Handlers\FileHandler' driver.
INFO - 2023-01-10 07:49:13 --> CSRF cookie sent.
INFO - 2023-01-10 07:49:13 --> Session: Class initialized using 'CodeIgniter\Session\Handlers\FileHandler' driver.
INFO - 2023-01-10 07:49:13 --> CSRF cookie sent.
INFO - 2023-01-10 07:49:13 --> Session: Class initialized using 'CodeIgniter\Session\Handlers\FileHandler' driver.
INFO - 2023-01-10 07:49:14 --> CSRF cookie sent.
INFO - 2023-01-10 07:49:14 --> Session: Class initialized using 'CodeIgniter\Session\Handlers\FileHandler' driver.
INFO - 2023-01-10 07:49:16 --> CSRF cookie sent.
INFO - 2023-01-10 07:49:16 --> Session: Class initialized using 'CodeIgniter\Session\Handlers\FileHandler' driver.
INFO - 2023-01-10 07:49:17 --> CSRF cookie sent.
INFO - 2023-01-10 07:49:17 --> Session: Class initialized using 'CodeIgniter\Session\Handlers\FileHandler' driver.
INFO - 2023-01-10 07:49:20 --> CSRF cookie sent.
INFO - 2023-01-10 07:49:20 --> Session: Class initialized using 'CodeIgniter\Session\Handlers\FileHandler' driver.
INFO - 2023-01-10 07:49:22 --> CSRF cookie sent.
INFO - 2023-01-10 07:49:22 --> Session: Class initialized using 'CodeIgniter\Session\Handlers\FileHandler' driver.
INFO - 2023-01-10 07:49:22 --> CSRF cookie sent.
INFO - 2023-01-10 07:49:22 --> Session: Class initialized using 'CodeIgniter\Session\Handlers\FileHandler' driver.
INFO - 2023-01-10 07:49:26 --> CSRF cookie sent.
INFO - 2023-01-10 07:49:26 --> Session: Class initialized using 'CodeIgniter\Session\Handlers\FileHandler' driver.
INFO - 2023-01-10 07:49:27 --> CSRF cookie sent.
INFO - 2023-01-10 07:49:27 --> Session: Class initialized using 'CodeIgniter\Session\Handlers\FileHandler' driver.
INFO - 2023-01-10 07:49:27 --> CSRF cookie sent.
INFO - 2023-01-10 07:49:27 --> Session: Class initialized using 'CodeIgniter\Session\Handlers\FileHandler' driver.
INFO - 2023-01-10 07:49:29 --> CSRF cookie sent.
INFO - 2023-01-10 07:49:29 --> Session: Class initialized using 'CodeIgniter\Session\Handlers\FileHandler' driver.
INFO - 2023-01-10 07:49:29 --> CSRF cookie sent.
INFO - 2023-01-10 07:49:29 --> Session: Class initialized using 'CodeIgniter\Session\Handlers\FileHandler' driver.
INFO - 2023-01-10 07:49:38 --> CSRF cookie sent.
INFO - 2023-01-10 07:49:38 --> Session: Class initialized using 'CodeIgniter\Session\Handlers\FileHandler' driver.
INFO - 2023-01-10 07:49:39 --> CSRF cookie sent.
INFO - 2023-01-10 07:49:39 --> Session: Class initialized using 'CodeIgniter\Session\Handlers\FileHandler' driver.
INFO - 2023-01-10 07:49:40 --> CSRF cookie sent.
INFO - 2023-01-10 07:49:40 --> Session: Class initialized using 'CodeIgniter\Session\Handlers\FileHandler' driver.
INFO - 2023-01-10 07:50:09 --> CSRF cookie sent.
INFO - 2023-01-10 07:50:09 --> Session: Class initialized using 'CodeIgniter\Session\Handlers\FileHandler' driver.
INFO - 2023-01-10 07:50:09 --> CSRF cookie sent.
INFO - 2023-01-10 07:50:09 --> Session: Class initialized using 'CodeIgniter\Session\Handlers\FileHandler' driver.
INFO - 2023-01-10 07:50:10 --> CSRF cookie sent.
INFO - 2023-01-10 07:50:10 --> Session: Class initialized using 'CodeIgniter\Session\Handlers\FileHandler' driver.
INFO - 2023-01-10 07:50:11 --> CSRF cookie sent.
INFO - 2023-01-10 07:50:11 --> Session: Class initialized using 'CodeIgniter\Session\Handlers\FileHandler' driver.
INFO - 2023-01-10 07:50:11 --> CSRF cookie sent.
INFO - 2023-01-10 07:50:12 --> Session: Class initialized using 'CodeIgniter\Session\Handlers\FileHandler' driver.
INFO - 2023-01-10 07:50:22 --> CSRF cookie sent.
INFO - 2023-01-10 07:50:22 --> Session: Class initialized using 'CodeIgniter\Session\Handlers\FileHandler' driver.
INFO - 2023-01-10 07:50:23 --> CSRF cookie sent.
INFO - 2023-01-10 07:50:23 --> Session: Class initialized using 'CodeIgniter\Session\Handlers\FileHandler' driver.
INFO - 2023-01-10 07:50:23 --> CSRF cookie sent.
INFO - 2023-01-10 07:50:23 --> Session: Class initialized using 'CodeIgniter\Session\Handlers\FileHandler' driver.
INFO - 2023-01-10 08:23:47 --> Session: Class initialized using 'CodeIgniter\Session\Handlers\FileHandler' driver.
INFO - 2023-01-10 08:23:47 --> CSRF cookie sent.
INFO - 2023-01-10 08:23:47 --> Session: Class initialized using 'CodeIgniter\Session\Handlers\FileHandler' driver.
INFO - 2023-01-10 08:23:47 --> CSRF cookie sent.
INFO - 2023-01-10 08:23:48 --> Session: Class initialized using 'CodeIgniter\Session\Handlers\FileHandler' driver.
INFO - 2023-01-10 08:23:55 --> CSRF cookie sent.
INFO - 2023-01-10 08:23:55 --> CSRF token verified.
INFO - 2023-01-10 08:23:55 --> Session: Class initialized using 'CodeIgniter\Session\Handlers\FileHandler' driver.
INFO - 2023-01-10 08:23:55 --> CSRF cookie sent.
INFO - 2023-01-10 08:23:55 --> Session: Class initialized using 'CodeIgniter\Session\Handlers\FileHandler' driver.
INFO - 2023-01-10 08:23:56 --> CSRF cookie sent.
INFO - 2023-01-10 08:23:56 --> Session: Class initialized using 'CodeIgniter\Session\Handlers\FileHandler' driver.
INFO - 2023-01-10 08:23:56 --> CSRF cookie sent.
INFO - 2023-01-10 08:23:56 --> Session: Class initialized using 'CodeIgniter\Session\Handlers\FileHandler' driver.
INFO - 2023-01-10 08:23:57 --> CSRF cookie sent.
INFO - 2023-01-10 08:23:57 --> Session: Class initialized using 'CodeIgniter\Session\Handlers\FileHandler' driver.
INFO - 2023-01-10 08:24:03 --> CSRF cookie sent.
INFO - 2023-01-10 08:24:03 --> Session: Class initialized using 'CodeIgniter\Session\Handlers\FileHandler' driver.
INFO - 2023-01-10 08:24:04 --> CSRF cookie sent.
INFO - 2023-01-10 08:24:04 --> Session: Class initialized using 'CodeIgniter\Session\Handlers\FileHandler' driver.
INFO - 2023-01-10 08:24:07 --> CSRF cookie sent.
INFO - 2023-01-10 08:24:07 --> Session: Class initialized using 'CodeIgniter\Session\Handlers\FileHandler' driver.
INFO - 2023-01-10 08:28:05 --> CSRF cookie sent.
INFO - 2023-01-10 08:28:05 --> CSRF token verified.
INFO - 2023-01-10 08:28:05 --> Session: Class initialized using 'CodeIgniter\Session\Handlers\FileHandler' driver.
INFO - 2023-01-10 08:28:07 --> CSRF cookie sent.
INFO - 2023-01-10 08:28:07 --> Session: Class initialized using 'CodeIgniter\Session\Handlers\FileHandler' driver.
INFO - 2023-01-10 08:28:09 --> CSRF cookie sent.
INFO - 2023-01-10 08:28:09 --> Session: Class initialized using 'CodeIgniter\Session\Handlers\FileHandler' driver.
INFO - 2023-01-10 08:28:09 --> CSRF cookie sent.
INFO - 2023-01-10 08:28:09 --> Session: Class initialized using 'CodeIgniter\Session\Handlers\FileHandler' driver.
INFO - 2023-01-10 08:28:10 --> CSRF cookie sent.
INFO - 2023-01-10 08:28:10 --> Session: Class initialized using 'CodeIgniter\Session\Handlers\FileHandler' driver.
INFO - 2023-01-10 08:28:10 --> CSRF cookie sent.
INFO - 2023-01-10 08:28:10 --> Session: Class initialized using 'CodeIgniter\Session\Handlers\FileHandler' driver.
INFO - 2023-01-10 08:28:17 --> CSRF cookie sent.
INFO - 2023-01-10 08:28:17 --> Session: Class initialized using 'CodeIgniter\Session\Handlers\FileHandler' driver.
INFO - 2023-01-10 08:28:39 --> CSRF cookie sent.
INFO - 2023-01-10 08:28:39 --> Session: Class initialized using 'CodeIgniter\Session\Handlers\FileHandler' driver.
INFO - 2023-01-10 08:28:41 --> CSRF cookie sent.
INFO - 2023-01-10 08:28:41 --> Session: Class initialized using 'CodeIgniter\Session\Handlers\FileHandler' driver.
INFO - 2023-01-10 08:28:41 --> CSRF cookie sent.
INFO - 2023-01-10 08:28:41 --> Session: Class initialized using 'CodeIgniter\Session\Handlers\FileHandler' driver.
INFO - 2023-01-10 08:28:45 --> CSRF cookie sent.
INFO - 2023-01-10 08:28:45 --> Session: Class initialized using 'CodeIgniter\Session\Handlers\FileHandler' driver.
INFO - 2023-01-10 08:28:46 --> CSRF cookie sent.
INFO - 2023-01-10 08:28:46 --> Session: Class initialized using 'CodeIgniter\Session\Handlers\FileHandler' driver.
INFO - 2023-01-10 08:28:47 --> CSRF cookie sent.
INFO - 2023-01-10 08:28:47 --> Session: Class initialized using 'CodeIgniter\Session\Handlers\FileHandler' driver.
INFO - 2023-01-10 08:28:51 --> CSRF cookie sent.
INFO - 2023-01-10 08:28:51 --> Session: Class initialized using 'CodeIgniter\Session\Handlers\FileHandler' driver.
INFO - 2023-01-10 08:28:51 --> CSRF cookie sent.
INFO - 2023-01-10 08:28:51 --> Session: Class initialized using 'CodeIgniter\Session\Handlers\FileHandler' driver.
INFO - 2023-01-10 08:28:52 --> CSRF cookie sent.
INFO - 2023-01-10 08:28:52 --> Session: Class initialized using 'CodeIgniter\Session\Handlers\FileHandler' driver.
INFO - 2023-01-10 08:28:55 --> CSRF cookie sent.
INFO - 2023-01-10 08:28:55 --> CSRF cookie sent.
INFO - 2023-01-10 08:28:55 --> Session: Class initialized using 'CodeIgniter\Session\Handlers\FileHandler' driver.
INFO - 2023-01-10 08:28:56 --> Session: Class initialized using 'CodeIgniter\Session\Handlers\FileHandler' driver.
INFO - 2023-01-10 08:29:04 --> CSRF cookie sent.
INFO - 2023-01-10 08:29:04 --> Session: Class initialized using 'CodeIgniter\Session\Handlers\FileHandler' driver.
INFO - 2023-01-10 08:29:05 --> CSRF cookie sent.
INFO - 2023-01-10 08:29:05 --> Session: Class initialized using 'CodeIgniter\Session\Handlers\FileHandler' driver.
INFO - 2023-01-10 08:30:01 --> CSRF cookie sent.
INFO - 2023-01-10 08:30:01 --> Session: Class initialized using 'CodeIgniter\Session\Handlers\FileHandler' driver.
INFO - 2023-01-10 08:30:03 --> CSRF cookie sent.
INFO - 2023-01-10 08:30:03 --> Session: Class initialized using 'CodeIgniter\Session\Handlers\FileHandler' driver.
INFO - 2023-01-10 08:30:03 --> CSRF cookie sent.
INFO - 2023-01-10 08:30:03 --> Session: Class initialized using 'CodeIgniter\Session\Handlers\FileHandler' driver.
INFO - 2023-01-10 08:30:06 --> CSRF cookie sent.
INFO - 2023-01-10 08:30:06 --> Session: Class initialized using 'CodeIgniter\Session\Handlers\FileHandler' driver.
INFO - 2023-01-10 08:30:07 --> CSRF cookie sent.
INFO - 2023-01-10 08:30:07 --> Session: Class initialized using 'CodeIgniter\Session\Handlers\FileHandler' driver.
INFO - 2023-01-10 08:30:08 --> CSRF cookie sent.
INFO - 2023-01-10 08:30:08 --> Session: Class initialized using 'CodeIgniter\Session\Handlers\FileHandler' driver.
INFO - 2023-01-10 08:30:09 --> CSRF cookie sent.
INFO - 2023-01-10 08:30:09 --> Session: Class initialized using 'CodeIgniter\Session\Handlers\FileHandler' driver.
INFO - 2023-01-10 08:30:10 --> CSRF cookie sent.
INFO - 2023-01-10 08:30:10 --> Session: Class initialized using 'CodeIgniter\Session\Handlers\FileHandler' driver.
INFO - 2023-01-10 08:30:11 --> CSRF cookie sent.
INFO - 2023-01-10 08:30:11 --> Session: Class initialized using 'CodeIgniter\Session\Handlers\FileHandler' driver.
INFO - 2023-01-10 08:30:12 --> CSRF cookie sent.
INFO - 2023-01-10 08:30:12 --> CSRF cookie sent.
INFO - 2023-01-10 08:30:12 --> Session: Class initialized using 'CodeIgniter\Session\Handlers\FileHandler' driver.
INFO - 2023-01-10 08:30:12 --> Session: Class initialized using 'CodeIgniter\Session\Handlers\FileHandler' driver.
INFO - 2023-01-10 08:31:47 --> CSRF cookie sent.
INFO - 2023-01-10 08:31:47 --> CSRF token verified.
INFO - 2023-01-10 08:31:47 --> Session: Class initialized using 'CodeIgniter\Session\Handlers\FileHandler' driver.
INFO - 2023-01-10 08:31:48 --> CSRF cookie sent.
INFO - 2023-01-10 08:31:48 --> Session: Class initialized using 'CodeIgniter\Session\Handlers\FileHandler' driver.
INFO - 2023-01-10 08:31:48 --> CSRF cookie sent.
INFO - 2023-01-10 08:31:48 --> Session: Class initialized using 'CodeIgniter\Session\Handlers\FileHandler' driver.
INFO - 2023-01-10 08:31:49 --> CSRF cookie sent.
INFO - 2023-01-10 08:31:49 --> Session: Class initialized using 'CodeIgniter\Session\Handlers\FileHandler' driver.
INFO - 2023-01-10 08:31:50 --> CSRF cookie sent.
INFO - 2023-01-10 08:31:50 --> CSRF cookie sent.
INFO - 2023-01-10 08:31:50 --> Session: Class initialized using 'CodeIgniter\Session\Handlers\FileHandler' driver.
INFO - 2023-01-10 08:31:51 --> Session: Class initialized using 'CodeIgniter\Session\Handlers\FileHandler' driver.
INFO - 2023-01-10 08:42:26 --> CSRF cookie sent.
INFO - 2023-01-10 08:42:26 --> Session: Class initialized using 'CodeIgniter\Session\Handlers\FileHandler' driver.
INFO - 2023-01-10 08:42:27 --> CSRF cookie sent.
INFO - 2023-01-10 08:42:27 --> Session: Class initialized using 'CodeIgniter\Session\Handlers\FileHandler' driver.
INFO - 2023-01-10 08:42:27 --> CSRF cookie sent.
INFO - 2023-01-10 08:42:27 --> Session: Class initialized using 'CodeIgniter\Session\Handlers\FileHandler' driver.
INFO - 2023-01-10 08:49:56 --> CSRF cookie sent.
INFO - 2023-01-10 08:49:56 --> CSRF token verified.
INFO - 2023-01-10 08:49:56 --> Session: Class initialized using 'CodeIgniter\Session\Handlers\FileHandler' driver.
INFO - 2023-01-10 08:49:56 --> CSRF cookie sent.
INFO - 2023-01-10 08:49:56 --> Session: Class initialized using 'CodeIgniter\Session\Handlers\FileHandler' driver.
INFO - 2023-01-10 08:49:57 --> CSRF cookie sent.
INFO - 2023-01-10 08:49:57 --> Session: Class initialized using 'CodeIgniter\Session\Handlers\FileHandler' driver.
INFO - 2023-01-10 08:49:57 --> CSRF cookie sent.
INFO - 2023-01-10 08:49:57 --> Session: Class initialized using 'CodeIgniter\Session\Handlers\FileHandler' driver.
INFO - 2023-01-10 08:49:59 --> CSRF cookie sent.
INFO - 2023-01-10 08:49:59 --> Session: Class initialized using 'CodeIgniter\Session\Handlers\FileHandler' driver.
INFO - 2023-01-10 08:50:00 --> CSRF cookie sent.
INFO - 2023-01-10 08:50:00 --> Session: Class initialized using 'CodeIgniter\Session\Handlers\FileHandler' driver.
INFO - 2023-01-10 08:50:01 --> CSRF cookie sent.
INFO - 2023-01-10 08:50:01 --> Session: Class initialized using 'CodeIgniter\Session\Handlers\FileHandler' driver.
INFO - 2023-01-10 08:50:03 --> CSRF cookie sent.
INFO - 2023-01-10 08:50:03 --> Session: Class initialized using 'CodeIgniter\Session\Handlers\FileHandler' driver.
INFO - 2023-01-10 08:50:04 --> CSRF cookie sent.
INFO - 2023-01-10 08:50:04 --> Session: Class initialized using 'CodeIgniter\Session\Handlers\FileHandler' driver.
INFO - 2023-01-10 08:50:05 --> CSRF cookie sent.
INFO - 2023-01-10 08:50:05 --> Session: Class initialized using 'CodeIgniter\Session\Handlers\FileHandler' driver.
INFO - 2023-01-10 08:50:07 --> CSRF cookie sent.
INFO - 2023-01-10 08:50:07 --> Session: Class initialized using 'CodeIgniter\Session\Handlers\FileHandler' driver.
INFO - 2023-01-10 08:50:07 --> CSRF cookie sent.
INFO - 2023-01-10 08:50:07 --> Session: Class initialized using 'CodeIgniter\Session\Handlers\FileHandler' driver.
INFO - 2023-01-10 08:50:08 --> CSRF cookie sent.
INFO - 2023-01-10 08:50:08 --> Session: Class initialized using 'CodeIgniter\Session\Handlers\FileHandler' driver.
INFO - 2023-01-10 08:50:10 --> CSRF cookie sent.
INFO - 2023-01-10 08:50:10 --> Session: Class initialized using 'CodeIgniter\Session\Handlers\FileHandler' driver.
INFO - 2023-01-10 08:50:10 --> CSRF cookie sent.
INFO - 2023-01-10 08:50:10 --> Session: Class initialized using 'CodeIgniter\Session\Handlers\FileHandler' driver.
INFO - 2023-01-10 08:54:23 --> CSRF cookie sent.
INFO - 2023-01-10 08:54:23 --> Session: Class initialized using 'CodeIgniter\Session\Handlers\FileHandler' driver.
INFO - 2023-01-10 08:54:24 --> CSRF cookie sent.
INFO - 2023-01-10 08:54:24 --> Session: Class initialized using 'CodeIgniter\Session\Handlers\FileHandler' driver.
INFO - 2023-01-10 08:54:24 --> CSRF cookie sent.
INFO - 2023-01-10 08:54:24 --> Session: Class initialized using 'CodeIgniter\Session\Handlers\FileHandler' driver.
INFO - 2023-01-10 08:54:25 --> CSRF cookie sent.
INFO - 2023-01-10 08:54:25 --> Session: Class initialized using 'CodeIgniter\Session\Handlers\FileHandler' driver.
INFO - 2023-01-10 08:54:25 --> CSRF cookie sent.
INFO - 2023-01-10 08:54:25 --> Session: Class initialized using 'CodeIgniter\Session\Handlers\FileHandler' driver.
INFO - 2023-01-10 08:54:26 --> CSRF cookie sent.
INFO - 2023-01-10 08:54:26 --> Session: Class initialized using 'CodeIgniter\Session\Handlers\FileHandler' driver.
INFO - 2023-01-10 08:54:32 --> CSRF cookie sent.
INFO - 2023-01-10 08:54:32 --> Session: Class initialized using 'CodeIgniter\Session\Handlers\FileHandler' driver.
INFO - 2023-01-10 08:54:32 --> CSRF cookie sent.
INFO - 2023-01-10 08:54:32 --> Session: Class initialized using 'CodeIgniter\Session\Handlers\FileHandler' driver.
INFO - 2023-01-10 08:54:35 --> CSRF cookie sent.
INFO - 2023-01-10 08:54:35 --> Session: Class initialized using 'CodeIgniter\Session\Handlers\FileHandler' driver.
INFO - 2023-01-10 08:55:28 --> CSRF cookie sent.
INFO - 2023-01-10 08:55:28 --> CSRF token verified.
INFO - 2023-01-10 08:55:28 --> Session: Class initialized using 'CodeIgniter\Session\Handlers\FileHandler' driver.
INFO - 2023-01-10 08:55:29 --> CSRF cookie sent.
INFO - 2023-01-10 08:55:29 --> Session: Class initialized using 'CodeIgniter\Session\Handlers\FileHandler' driver.
INFO - 2023-01-10 08:55:30 --> CSRF cookie sent.
INFO - 2023-01-10 08:55:30 --> Session: Class initialized using 'CodeIgniter\Session\Handlers\FileHandler' driver.
INFO - 2023-01-10 08:55:31 --> CSRF cookie sent.
INFO - 2023-01-10 08:55:31 --> Session: Class initialized using 'CodeIgniter\Session\Handlers\FileHandler' driver.
INFO - 2023-01-10 08:55:31 --> CSRF cookie sent.
INFO - 2023-01-10 08:55:31 --> Session: Class initialized using 'CodeIgniter\Session\Handlers\FileHandler' driver.
INFO - 2023-01-10 08:55:32 --> CSRF cookie sent.
INFO - 2023-01-10 08:55:32 --> Session: Class initialized using 'CodeIgniter\Session\Handlers\FileHandler' driver.
INFO - 2023-01-10 08:55:33 --> CSRF cookie sent.
INFO - 2023-01-10 08:55:33 --> Session: Class initialized using 'CodeIgniter\Session\Handlers\FileHandler' driver.
INFO - 2023-01-10 08:55:56 --> CSRF cookie sent.
INFO - 2023-01-10 08:55:56 --> Session: Class initialized using 'CodeIgniter\Session\Handlers\FileHandler' driver.
INFO - 2023-01-10 08:55:58 --> CSRF cookie sent.
INFO - 2023-01-10 08:55:58 --> Session: Class initialized using 'CodeIgniter\Session\Handlers\FileHandler' driver.
INFO - 2023-01-10 08:55:59 --> CSRF cookie sent.
INFO - 2023-01-10 08:55:59 --> Session: Class initialized using 'CodeIgniter\Session\Handlers\FileHandler' driver.
INFO - 2023-01-10 08:56:02 --> CSRF cookie sent.
INFO - 2023-01-10 08:56:02 --> Session: Class initialized using 'CodeIgniter\Session\Handlers\FileHandler' driver.
INFO - 2023-01-10 08:56:04 --> CSRF cookie sent.
INFO - 2023-01-10 08:56:04 --> Session: Class initialized using 'CodeIgniter\Session\Handlers\FileHandler' driver.
INFO - 2023-01-10 08:56:04 --> CSRF cookie sent.
INFO - 2023-01-10 08:56:04 --> Session: Class initialized using 'CodeIgniter\Session\Handlers\FileHandler' driver.
INFO - 2023-01-10 08:56:12 --> CSRF cookie sent.
INFO - 2023-01-10 08:56:12 --> Session: Class initialized using 'CodeIgniter\Session\Handlers\FileHandler' driver.
INFO - 2023-01-10 08:56:13 --> CSRF cookie sent.
INFO - 2023-01-10 08:56:13 --> Session: Class initialized using 'CodeIgniter\Session\Handlers\FileHandler' driver.
INFO - 2023-01-10 08:56:13 --> CSRF cookie sent.
INFO - 2023-01-10 08:56:13 --> Session: Class initialized using 'CodeIgniter\Session\Handlers\FileHandler' driver.
INFO - 2023-01-10 08:56:17 --> CSRF cookie sent.
INFO - 2023-01-10 08:56:17 --> CSRF cookie sent.
INFO - 2023-01-10 08:56:17 --> Session: Class initialized using 'CodeIgniter\Session\Handlers\FileHandler' driver.
INFO - 2023-01-10 08:56:17 --> Session: Class initialized using 'CodeIgniter\Session\Handlers\FileHandler' driver.
INFO - 2023-01-10 08:56:37 --> CSRF cookie sent.
INFO - 2023-01-10 08:56:37 --> CSRF token verified.
INFO - 2023-01-10 08:56:37 --> Session: Class initialized using 'CodeIgniter\Session\Handlers\FileHandler' driver.
INFO - 2023-01-10 08:56:38 --> CSRF cookie sent.
INFO - 2023-01-10 08:56:38 --> Session: Class initialized using 'CodeIgniter\Session\Handlers\FileHandler' driver.
INFO - 2023-01-10 08:56:38 --> CSRF cookie sent.
INFO - 2023-01-10 08:56:38 --> Session: Class initialized using 'CodeIgniter\Session\Handlers\FileHandler' driver.
INFO - 2023-01-10 08:56:39 --> CSRF cookie sent.
INFO - 2023-01-10 08:56:39 --> Session: Class initialized using 'CodeIgniter\Session\Handlers\FileHandler' driver.
INFO - 2023-01-10 09:03:59 --> CSRF cookie sent.
INFO - 2023-01-10 09:03:59 --> CSRF cookie sent.
INFO - 2023-01-10 09:03:59 --> Session: Class initialized using 'CodeIgniter\Session\Handlers\FileHandler' driver.
INFO - 2023-01-10 09:03:59 --> Session: Class initialized using 'CodeIgniter\Session\Handlers\FileHandler' driver.
INFO - 2023-01-10 09:04:19 --> CSRF cookie sent.
INFO - 2023-01-10 09:04:19 --> Session: Class initialized using 'CodeIgniter\Session\Handlers\FileHandler' driver.
INFO - 2023-01-10 09:04:21 --> CSRF cookie sent.
INFO - 2023-01-10 09:04:21 --> Session: Class initialized using 'CodeIgniter\Session\Handlers\FileHandler' driver.
INFO - 2023-01-10 09:04:21 --> CSRF cookie sent.
INFO - 2023-01-10 09:04:21 --> Session: Class initialized using 'CodeIgniter\Session\Handlers\FileHandler' driver.
INFO - 2023-01-10 09:04:24 --> CSRF cookie sent.
INFO - 2023-01-10 09:04:24 --> Session: Class initialized using 'CodeIgniter\Session\Handlers\FileHandler' driver.
INFO - 2023-01-10 09:04:26 --> CSRF cookie sent.
INFO - 2023-01-10 09:04:26 --> Session: Class initialized using 'CodeIgniter\Session\Handlers\FileHandler' driver.
INFO - 2023-01-10 09:04:26 --> CSRF cookie sent.
INFO - 2023-01-10 09:04:26 --> Session: Class initialized using 'CodeIgniter\Session\Handlers\FileHandler' driver.
INFO - 2023-01-10 09:04:28 --> CSRF cookie sent.
INFO - 2023-01-10 09:04:28 --> Session: Class initialized using 'CodeIgniter\Session\Handlers\FileHandler' driver.
INFO - 2023-01-10 09:04:28 --> CSRF cookie sent.
INFO - 2023-01-10 09:04:28 --> Session: Class initialized using 'CodeIgniter\Session\Handlers\FileHandler' driver.
INFO - 2023-01-10 09:04:29 --> CSRF cookie sent.
INFO - 2023-01-10 09:04:29 --> Session: Class initialized using 'CodeIgniter\Session\Handlers\FileHandler' driver.
INFO - 2023-01-10 09:04:30 --> CSRF cookie sent.
INFO - 2023-01-10 09:04:30 --> CSRF cookie sent.
INFO - 2023-01-10 09:04:30 --> Session: Class initialized using 'CodeIgniter\Session\Handlers\FileHandler' driver.
INFO - 2023-01-10 09:04:31 --> Session: Class initialized using 'CodeIgniter\Session\Handlers\FileHandler' driver.
INFO - 2023-01-10 09:16:43 --> CSRF cookie sent.
INFO - 2023-01-10 09:16:43 --> CSRF token verified.
INFO - 2023-01-10 09:16:43 --> Session: Class initialized using 'CodeIgniter\Session\Handlers\FileHandler' driver.
INFO - 2023-01-10 09:16:43 --> CSRF cookie sent.
INFO - 2023-01-10 09:16:43 --> Session: Class initialized using 'CodeIgniter\Session\Handlers\FileHandler' driver.
INFO - 2023-01-10 09:16:44 --> CSRF cookie sent.
INFO - 2023-01-10 09:16:44 --> Session: Class initialized using 'CodeIgniter\Session\Handlers\FileHandler' driver.
INFO - 2023-01-10 09:16:44 --> CSRF cookie sent.
INFO - 2023-01-10 09:16:44 --> Session: Class initialized using 'CodeIgniter\Session\Handlers\FileHandler' driver.
INFO - 2023-01-10 09:17:19 --> CSRF cookie sent.
INFO - 2023-01-10 09:17:19 --> Session: Class initialized using 'CodeIgniter\Session\Handlers\FileHandler' driver.
INFO - 2023-01-10 09:17:21 --> CSRF cookie sent.
INFO - 2023-01-10 09:17:21 --> Session: Class initialized using 'CodeIgniter\Session\Handlers\FileHandler' driver.
INFO - 2023-01-10 09:17:21 --> CSRF cookie sent.
INFO - 2023-01-10 09:17:21 --> Session: Class initialized using 'CodeIgniter\Session\Handlers\FileHandler' driver.
INFO - 2023-01-10 09:17:24 --> CSRF cookie sent.
INFO - 2023-01-10 09:17:24 --> Session: Class initialized using 'CodeIgniter\Session\Handlers\FileHandler' driver.
INFO - 2023-01-10 09:17:25 --> CSRF cookie sent.
INFO - 2023-01-10 09:17:25 --> Session: Class initialized using 'CodeIgniter\Session\Handlers\FileHandler' driver.
INFO - 2023-01-10 09:17:25 --> CSRF cookie sent.
INFO - 2023-01-10 09:17:25 --> Session: Class initialized using 'CodeIgniter\Session\Handlers\FileHandler' driver.
INFO - 2023-01-10 09:17:57 --> CSRF cookie sent.
INFO - 2023-01-10 09:17:57 --> Session: Class initialized using 'CodeIgniter\Session\Handlers\FileHandler' driver.
INFO - 2023-01-10 09:17:58 --> CSRF cookie sent.
INFO - 2023-01-10 09:17:58 --> Session: Class initialized using 'CodeIgniter\Session\Handlers\FileHandler' driver.
INFO - 2023-01-10 09:17:58 --> CSRF cookie sent.
INFO - 2023-01-10 09:17:58 --> Session: Class initialized using 'CodeIgniter\Session\Handlers\FileHandler' driver.
INFO - 2023-01-10 09:18:02 --> CSRF cookie sent.
INFO - 2023-01-10 09:18:02 --> CSRF token verified.
INFO - 2023-01-10 09:18:02 --> Session: Class initialized using 'CodeIgniter\Session\Handlers\FileHandler' driver.
INFO - 2023-01-10 09:18:03 --> CSRF cookie sent.
INFO - 2023-01-10 09:18:03 --> Session: Class initialized using 'CodeIgniter\Session\Handlers\FileHandler' driver.
INFO - 2023-01-10 09:18:03 --> Session: Class initialized using 'CodeIgniter\Session\Handlers\FileHandler' driver.
INFO - 2023-01-10 09:18:03 --> CSRF cookie sent.
INFO - 2023-01-10 09:18:03 --> Session: Class initialized using 'CodeIgniter\Session\Handlers\FileHandler' driver.
INFO - 2023-01-10 09:18:04 --> CSRF cookie sent.
INFO - 2023-01-10 09:18:04 --> Session: Class initialized using 'CodeIgniter\Session\Handlers\FileHandler' driver.
CRITICAL - 2023-01-10 09:18:04 --> Argument 1 passed to lang() must be of the type string, null given, called in /home/apdwms/public_html/cella/Controllers/Pages/View.php on line 553
#0 /home/apdwms/public_html/cella/Controllers/Pages/View.php(553): lang()
#1 /home/apdwms/public_html/cella/Controllers/Orders.php(320): CELLA\Controllers\Pages\View->addBreadcrumb()
#2 /home/apdwms/public_html/cella/Controllers/BaseController.php(532): CELLA\Controllers\Orders->order()
#3 /home/apdwms/public_html/system/CodeIgniter.php(932): CELLA\Controllers\BaseController->_remap()
#4 /home/apdwms/public_html/system/CodeIgniter.php(432): CodeIgniter\CodeIgniter->runController()
#5 /home/apdwms/public_html/system/CodeIgniter.php(333): CodeIgniter\CodeIgniter->handleRequest()
#6 /home/apdwms/public_html/index.php(48): CodeIgniter\CodeIgniter->run()
#7 {main}
INFO - 2023-01-10 09:18:05 --> CSRF cookie sent.
INFO - 2023-01-10 09:18:05 --> Session: Class initialized using 'CodeIgniter\Session\Handlers\FileHandler' driver.
INFO - 2023-01-10 09:18:08 --> CSRF cookie sent.
INFO - 2023-01-10 09:18:08 --> Session: Class initialized using 'CodeIgniter\Session\Handlers\FileHandler' driver.
INFO - 2023-01-10 09:18:09 --> CSRF cookie sent.
INFO - 2023-01-10 09:18:09 --> Session: Class initialized using 'CodeIgniter\Session\Handlers\FileHandler' driver.
INFO - 2023-01-10 09:18:09 --> CSRF cookie sent.
INFO - 2023-01-10 09:18:09 --> Session: Class initialized using 'CodeIgniter\Session\Handlers\FileHandler' driver.
INFO - 2023-01-10 09:18:12 --> CSRF cookie sent.
INFO - 2023-01-10 09:18:12 --> CSRF token verified.
INFO - 2023-01-10 09:18:12 --> Session: Class initialized using 'CodeIgniter\Session\Handlers\FileHandler' driver.
INFO - 2023-01-10 09:18:12 --> CSRF cookie sent.
INFO - 2023-01-10 09:18:12 --> Session: Class initialized using 'CodeIgniter\Session\Handlers\FileHandler' driver.
INFO - 2023-01-10 09:18:13 --> CSRF cookie sent.
INFO - 2023-01-10 09:18:13 --> Session: Class initialized using 'CodeIgniter\Session\Handlers\FileHandler' driver.
INFO - 2023-01-10 09:18:13 --> CSRF cookie sent.
INFO - 2023-01-10 09:18:13 --> Session: Class initialized using 'CodeIgniter\Session\Handlers\FileHandler' driver.
INFO - 2023-01-10 09:28:24 --> CSRF cookie sent.
INFO - 2023-01-10 09:28:24 --> Session: Class initialized using 'CodeIgniter\Session\Handlers\FileHandler' driver.
INFO - 2023-01-10 09:28:24 --> CSRF cookie sent.
INFO - 2023-01-10 09:28:24 --> Session: Class initialized using 'CodeIgniter\Session\Handlers\FileHandler' driver.
INFO - 2023-01-10 09:28:24 --> CSRF cookie sent.
INFO - 2023-01-10 09:28:24 --> Session: Class initialized using 'CodeIgniter\Session\Handlers\FileHandler' driver.
INFO - 2023-01-10 09:52:34 --> CSRF cookie sent.
INFO - 2023-01-10 09:52:34 --> Session: Class initialized using 'CodeIgniter\Session\Handlers\FileHandler' driver.
INFO - 2023-01-10 09:52:36 --> CSRF cookie sent.
INFO - 2023-01-10 09:52:36 --> Session: Class initialized using 'CodeIgniter\Session\Handlers\FileHandler' driver.
INFO - 2023-01-10 09:52:47 --> CSRF cookie sent.
INFO - 2023-01-10 09:52:47 --> CSRF token verified.
INFO - 2023-01-10 09:52:47 --> Session: Class initialized using 'CodeIgniter\Session\Handlers\FileHandler' driver.
INFO - 2023-01-10 09:52:48 --> CSRF cookie sent.
INFO - 2023-01-10 09:52:48 --> Session: Class initialized using 'CodeIgniter\Session\Handlers\FileHandler' driver.
INFO - 2023-01-10 09:52:58 --> CSRF cookie sent.
INFO - 2023-01-10 09:52:58 --> CSRF token verified.
INFO - 2023-01-10 09:52:58 --> Session: Class initialized using 'CodeIgniter\Session\Handlers\FileHandler' driver.
INFO - 2023-01-10 09:53:00 --> CSRF cookie sent.
INFO - 2023-01-10 09:53:00 --> Session: Class initialized using 'CodeIgniter\Session\Handlers\FileHandler' driver.
INFO - 2023-01-10 09:53:03 --> CSRF cookie sent.
INFO - 2023-01-10 09:53:03 --> Session: Class initialized using 'CodeIgniter\Session\Handlers\FileHandler' driver.
INFO - 2023-01-10 09:53:04 --> CSRF cookie sent.
INFO - 2023-01-10 09:53:04 --> Session: Class initialized using 'CodeIgniter\Session\Handlers\FileHandler' driver.
INFO - 2023-01-10 09:53:05 --> CSRF cookie sent.
INFO - 2023-01-10 09:53:05 --> Session: Class initialized using 'CodeIgniter\Session\Handlers\FileHandler' driver.
INFO - 2023-01-10 09:53:05 --> CSRF cookie sent.
INFO - 2023-01-10 09:53:05 --> Session: Class initialized using 'CodeIgniter\Session\Handlers\FileHandler' driver.
INFO - 2023-01-10 09:53:10 --> CSRF cookie sent.
INFO - 2023-01-10 09:53:10 --> Session: Class initialized using 'CodeIgniter\Session\Handlers\FileHandler' driver.
INFO - 2023-01-10 09:53:11 --> CSRF cookie sent.
INFO - 2023-01-10 09:53:11 --> Session: Class initialized using 'CodeIgniter\Session\Handlers\FileHandler' driver.
INFO - 2023-01-10 09:53:52 --> CSRF cookie sent.
INFO - 2023-01-10 09:53:52 --> CSRF token verified.
INFO - 2023-01-10 09:53:52 --> Session: Class initialized using 'CodeIgniter\Session\Handlers\FileHandler' driver.
INFO - 2023-01-10 09:53:52 --> CSRF cookie sent.
INFO - 2023-01-10 09:53:52 --> Session: Class initialized using 'CodeIgniter\Session\Handlers\FileHandler' driver.
INFO - 2023-01-10 09:53:53 --> CSRF cookie sent.
INFO - 2023-01-10 09:53:53 --> Session: Class initialized using 'CodeIgniter\Session\Handlers\FileHandler' driver.
INFO - 2023-01-10 09:53:57 --> CSRF cookie sent.
INFO - 2023-01-10 09:53:57 --> CSRF token verified.
INFO - 2023-01-10 09:53:57 --> Session: Class initialized using 'CodeIgniter\Session\Handlers\FileHandler' driver.
INFO - 2023-01-10 09:53:58 --> CSRF cookie sent.
INFO - 2023-01-10 09:53:58 --> Session: Class initialized using 'CodeIgniter\Session\Handlers\FileHandler' driver.
INFO - 2023-01-10 09:53:58 --> CSRF cookie sent.
INFO - 2023-01-10 09:53:58 --> Session: Class initialized using 'CodeIgniter\Session\Handlers\FileHandler' driver.
INFO - 2023-01-10 09:54:48 --> CSRF cookie sent.
INFO - 2023-01-10 09:54:48 --> CSRF token verified.
INFO - 2023-01-10 09:54:48 --> Session: Class initialized using 'CodeIgniter\Session\Handlers\FileHandler' driver.
INFO - 2023-01-10 09:54:49 --> CSRF cookie sent.
INFO - 2023-01-10 09:54:49 --> Session: Class initialized using 'CodeIgniter\Session\Handlers\FileHandler' driver.
INFO - 2023-01-10 09:54:50 --> CSRF cookie sent.
INFO - 2023-01-10 09:54:50 --> Session: Class initialized using 'CodeIgniter\Session\Handlers\FileHandler' driver.
INFO - 2023-01-10 09:54:54 --> CSRF cookie sent.
INFO - 2023-01-10 09:54:54 --> CSRF token verified.
INFO - 2023-01-10 09:54:54 --> Session: Class initialized using 'CodeIgniter\Session\Handlers\FileHandler' driver.
INFO - 2023-01-10 09:54:55 --> CSRF cookie sent.
INFO - 2023-01-10 09:54:55 --> Session: Class initialized using 'CodeIgniter\Session\Handlers\FileHandler' driver.
INFO - 2023-01-10 09:54:56 --> CSRF cookie sent.
INFO - 2023-01-10 09:54:56 --> Session: Class initialized using 'CodeIgniter\Session\Handlers\FileHandler' driver.
INFO - 2023-01-10 09:55:48 --> CSRF cookie sent.
INFO - 2023-01-10 09:55:48 --> CSRF token verified.
INFO - 2023-01-10 09:55:48 --> Session: Class initialized using 'CodeIgniter\Session\Handlers\FileHandler' driver.
INFO - 2023-01-10 09:55:48 --> CSRF cookie sent.
INFO - 2023-01-10 09:55:48 --> Session: Class initialized using 'CodeIgniter\Session\Handlers\FileHandler' driver.
INFO - 2023-01-10 09:55:49 --> CSRF cookie sent.
INFO - 2023-01-10 09:55:49 --> Session: Class initialized using 'CodeIgniter\Session\Handlers\FileHandler' driver.
INFO - 2023-01-10 09:55:56 --> CSRF cookie sent.
INFO - 2023-01-10 09:55:56 --> CSRF token verified.
INFO - 2023-01-10 09:55:56 --> Session: Class initialized using 'CodeIgniter\Session\Handlers\FileHandler' driver.
INFO - 2023-01-10 09:55:57 --> CSRF cookie sent.
INFO - 2023-01-10 09:55:57 --> Session: Class initialized using 'CodeIgniter\Session\Handlers\FileHandler' driver.
INFO - 2023-01-10 09:55:57 --> CSRF cookie sent.
INFO - 2023-01-10 09:55:57 --> Session: Class initialized using 'CodeIgniter\Session\Handlers\FileHandler' driver.
INFO - 2023-01-10 09:57:39 --> CSRF cookie sent.
INFO - 2023-01-10 09:57:39 --> CSRF token verified.
INFO - 2023-01-10 09:57:39 --> Session: Class initialized using 'CodeIgniter\Session\Handlers\FileHandler' driver.
INFO - 2023-01-10 09:57:40 --> CSRF cookie sent.
INFO - 2023-01-10 09:57:40 --> Session: Class initialized using 'CodeIgniter\Session\Handlers\FileHandler' driver.
INFO - 2023-01-10 09:57:40 --> CSRF cookie sent.
INFO - 2023-01-10 09:57:40 --> Session: Class initialized using 'CodeIgniter\Session\Handlers\FileHandler' driver.
INFO - 2023-01-10 09:57:47 --> CSRF cookie sent.
INFO - 2023-01-10 09:57:47 --> CSRF token verified.
INFO - 2023-01-10 09:57:47 --> Session: Class initialized using 'CodeIgniter\Session\Handlers\FileHandler' driver.
INFO - 2023-01-10 09:57:48 --> CSRF cookie sent.
INFO - 2023-01-10 09:57:48 --> Session: Class initialized using 'CodeIgniter\Session\Handlers\FileHandler' driver.
INFO - 2023-01-10 09:57:48 --> CSRF cookie sent.
INFO - 2023-01-10 09:57:48 --> Session: Class initialized using 'CodeIgniter\Session\Handlers\FileHandler' driver.
INFO - 2023-01-10 09:59:06 --> CSRF cookie sent.
INFO - 2023-01-10 09:59:06 --> CSRF token verified.
INFO - 2023-01-10 09:59:06 --> Session: Class initialized using 'CodeIgniter\Session\Handlers\FileHandler' driver.
INFO - 2023-01-10 09:59:06 --> CSRF cookie sent.
INFO - 2023-01-10 09:59:06 --> Session: Class initialized using 'CodeIgniter\Session\Handlers\FileHandler' driver.
INFO - 2023-01-10 09:59:07 --> CSRF cookie sent.
INFO - 2023-01-10 09:59:07 --> Session: Class initialized using 'CodeIgniter\Session\Handlers\FileHandler' driver.
INFO - 2023-01-10 09:59:15 --> CSRF cookie sent.
INFO - 2023-01-10 09:59:15 --> CSRF token verified.
INFO - 2023-01-10 09:59:15 --> Session: Class initialized using 'CodeIgniter\Session\Handlers\FileHandler' driver.
INFO - 2023-01-10 09:59:16 --> CSRF cookie sent.
INFO - 2023-01-10 09:59:16 --> Session: Class initialized using 'CodeIgniter\Session\Handlers\FileHandler' driver.
INFO - 2023-01-10 09:59:17 --> CSRF cookie sent.
INFO - 2023-01-10 09:59:17 --> Session: Class initialized using 'CodeIgniter\Session\Handlers\FileHandler' driver.
INFO - 2023-01-10 10:00:59 --> CSRF cookie sent.
INFO - 2023-01-10 10:00:59 --> CSRF token verified.
INFO - 2023-01-10 10:00:59 --> Session: Class initialized using 'CodeIgniter\Session\Handlers\FileHandler' driver.
INFO - 2023-01-10 10:01:00 --> CSRF cookie sent.
INFO - 2023-01-10 10:01:00 --> Session: Class initialized using 'CodeIgniter\Session\Handlers\FileHandler' driver.
INFO - 2023-01-10 10:01:01 --> CSRF cookie sent.
INFO - 2023-01-10 10:01:01 --> Session: Class initialized using 'CodeIgniter\Session\Handlers\FileHandler' driver.
INFO - 2023-01-10 10:01:06 --> CSRF cookie sent.
INFO - 2023-01-10 10:01:06 --> CSRF token verified.
INFO - 2023-01-10 10:01:06 --> Session: Class initialized using 'CodeIgniter\Session\Handlers\FileHandler' driver.
INFO - 2023-01-10 10:01:07 --> CSRF cookie sent.
INFO - 2023-01-10 10:01:07 --> Session: Class initialized using 'CodeIgniter\Session\Handlers\FileHandler' driver.
INFO - 2023-01-10 10:01:08 --> CSRF cookie sent.
INFO - 2023-01-10 10:01:08 --> Session: Class initialized using 'CodeIgniter\Session\Handlers\FileHandler' driver.
INFO - 2023-01-10 10:01:39 --> CSRF cookie sent.
INFO - 2023-01-10 10:01:39 --> CSRF token verified.
INFO - 2023-01-10 10:01:39 --> Session: Class initialized using 'CodeIgniter\Session\Handlers\FileHandler' driver.
INFO - 2023-01-10 10:01:40 --> CSRF cookie sent.
INFO - 2023-01-10 10:01:40 --> Session: Class initialized using 'CodeIgniter\Session\Handlers\FileHandler' driver.
INFO - 2023-01-10 10:01:47 --> CSRF cookie sent.
INFO - 2023-01-10 10:01:47 --> CSRF token verified.
INFO - 2023-01-10 10:01:47 --> Session: Class initialized using 'CodeIgniter\Session\Handlers\FileHandler' driver.
INFO - 2023-01-10 10:01:47 --> CSRF cookie sent.
INFO - 2023-01-10 10:01:47 --> Session: Class initialized using 'CodeIgniter\Session\Handlers\FileHandler' driver.
INFO - 2023-01-10 10:01:48 --> CSRF cookie sent.
INFO - 2023-01-10 10:01:48 --> Session: Class initialized using 'CodeIgniter\Session\Handlers\FileHandler' driver.
INFO - 2023-01-10 10:01:48 --> CSRF cookie sent.
INFO - 2023-01-10 10:01:48 --> Session: Class initialized using 'CodeIgniter\Session\Handlers\FileHandler' driver.
INFO - 2023-01-10 10:01:52 --> CSRF cookie sent.
INFO - 2023-01-10 10:01:52 --> Session: Class initialized using 'CodeIgniter\Session\Handlers\FileHandler' driver.
INFO - 2023-01-10 10:01:53 --> CSRF cookie sent.
INFO - 2023-01-10 10:01:53 --> Session: Class initialized using 'CodeIgniter\Session\Handlers\FileHandler' driver.
INFO - 2023-01-10 10:01:54 --> CSRF cookie sent.
INFO - 2023-01-10 10:01:54 --> Session: Class initialized using 'CodeIgniter\Session\Handlers\FileHandler' driver.
INFO - 2023-01-10 10:01:56 --> CSRF cookie sent.
INFO - 2023-01-10 10:01:56 --> Session: Class initialized using 'CodeIgniter\Session\Handlers\FileHandler' driver.
INFO - 2023-01-10 10:01:57 --> CSRF cookie sent.
INFO - 2023-01-10 10:01:57 --> Session: Class initialized using 'CodeIgniter\Session\Handlers\FileHandler' driver.
INFO - 2023-01-10 10:01:58 --> CSRF cookie sent.
INFO - 2023-01-10 10:01:58 --> Session: Class initialized using 'CodeIgniter\Session\Handlers\FileHandler' driver.
INFO - 2023-01-10 10:01:59 --> CSRF cookie sent.
INFO - 2023-01-10 10:01:59 --> Session: Class initialized using 'CodeIgniter\Session\Handlers\FileHandler' driver.
INFO - 2023-01-10 10:02:00 --> CSRF cookie sent.
INFO - 2023-01-10 10:02:00 --> Session: Class initialized using 'CodeIgniter\Session\Handlers\FileHandler' driver.
INFO - 2023-01-10 10:02:00 --> CSRF cookie sent.
INFO - 2023-01-10 10:02:00 --> Session: Class initialized using 'CodeIgniter\Session\Handlers\FileHandler' driver.
INFO - 2023-01-10 10:02:02 --> CSRF cookie sent.
INFO - 2023-01-10 10:02:02 --> CSRF cookie sent.
INFO - 2023-01-10 10:02:02 --> Session: Class initialized using 'CodeIgniter\Session\Handlers\FileHandler' driver.
INFO - 2023-01-10 10:02:03 --> Session: Class initialized using 'CodeIgniter\Session\Handlers\FileHandler' driver.
INFO - 2023-01-10 10:02:54 --> CSRF cookie sent.
INFO - 2023-01-10 10:02:54 --> CSRF token verified.
INFO - 2023-01-10 10:02:54 --> Session: Class initialized using 'CodeIgniter\Session\Handlers\FileHandler' driver.
INFO - 2023-01-10 10:02:55 --> CSRF cookie sent.
INFO - 2023-01-10 10:02:55 --> Session: Class initialized using 'CodeIgniter\Session\Handlers\FileHandler' driver.
INFO - 2023-01-10 10:02:55 --> CSRF cookie sent.
INFO - 2023-01-10 10:02:55 --> Session: Class initialized using 'CodeIgniter\Session\Handlers\FileHandler' driver.
INFO - 2023-01-10 10:02:59 --> CSRF cookie sent.
INFO - 2023-01-10 10:02:59 --> CSRF token verified.
INFO - 2023-01-10 10:02:59 --> Session: Class initialized using 'CodeIgniter\Session\Handlers\FileHandler' driver.
INFO - 2023-01-10 10:03:00 --> CSRF cookie sent.
INFO - 2023-01-10 10:03:00 --> Session: Class initialized using 'CodeIgniter\Session\Handlers\FileHandler' driver.
INFO - 2023-01-10 10:03:01 --> CSRF cookie sent.
INFO - 2023-01-10 10:03:01 --> Session: Class initialized using 'CodeIgniter\Session\Handlers\FileHandler' driver.
INFO - 2023-01-10 10:03:53 --> CSRF cookie sent.
INFO - 2023-01-10 10:03:53 --> CSRF token verified.
INFO - 2023-01-10 10:03:53 --> Session: Class initialized using 'CodeIgniter\Session\Handlers\FileHandler' driver.
INFO - 2023-01-10 10:03:54 --> CSRF cookie sent.
INFO - 2023-01-10 10:03:54 --> Session: Class initialized using 'CodeIgniter\Session\Handlers\FileHandler' driver.
INFO - 2023-01-10 10:03:55 --> CSRF cookie sent.
INFO - 2023-01-10 10:03:55 --> Session: Class initialized using 'CodeIgniter\Session\Handlers\FileHandler' driver.
INFO - 2023-01-10 10:04:51 --> CSRF cookie sent.
INFO - 2023-01-10 10:04:51 --> CSRF token verified.
INFO - 2023-01-10 10:04:51 --> Session: Class initialized using 'CodeIgniter\Session\Handlers\FileHandler' driver.
INFO - 2023-01-10 10:04:52 --> CSRF cookie sent.
INFO - 2023-01-10 10:04:52 --> Session: Class initialized using 'CodeIgniter\Session\Handlers\FileHandler' driver.
INFO - 2023-01-10 10:04:53 --> CSRF cookie sent.
INFO - 2023-01-10 10:04:53 --> Session: Class initialized using 'CodeIgniter\Session\Handlers\FileHandler' driver.
INFO - 2023-01-10 10:06:01 --> CSRF cookie sent.
INFO - 2023-01-10 10:06:01 --> CSRF token verified.
INFO - 2023-01-10 10:06:01 --> Session: Class initialized using 'CodeIgniter\Session\Handlers\FileHandler' driver.
INFO - 2023-01-10 10:06:02 --> CSRF cookie sent.
INFO - 2023-01-10 10:06:02 --> Session: Class initialized using 'CodeIgniter\Session\Handlers\FileHandler' driver.
INFO - 2023-01-10 10:06:03 --> CSRF cookie sent.
INFO - 2023-01-10 10:06:03 --> Session: Class initialized using 'CodeIgniter\Session\Handlers\FileHandler' driver.
INFO - 2023-01-10 10:06:07 --> CSRF cookie sent.
INFO - 2023-01-10 10:06:07 --> CSRF token verified.
INFO - 2023-01-10 10:06:07 --> Session: Class initialized using 'CodeIgniter\Session\Handlers\FileHandler' driver.
INFO - 2023-01-10 10:06:07 --> CSRF cookie sent.
INFO - 2023-01-10 10:06:07 --> Session: Class initialized using 'CodeIgniter\Session\Handlers\FileHandler' driver.
INFO - 2023-01-10 10:06:08 --> CSRF cookie sent.
INFO - 2023-01-10 10:06:08 --> Session: Class initialized using 'CodeIgniter\Session\Handlers\FileHandler' driver.
INFO - 2023-01-10 10:06:12 --> CSRF cookie sent.
INFO - 2023-01-10 10:06:12 --> CSRF token verified.
INFO - 2023-01-10 10:06:12 --> Session: Class initialized using 'CodeIgniter\Session\Handlers\FileHandler' driver.
INFO - 2023-01-10 10:06:13 --> CSRF cookie sent.
INFO - 2023-01-10 10:06:13 --> Session: Class initialized using 'CodeIgniter\Session\Handlers\FileHandler' driver.
INFO - 2023-01-10 10:06:14 --> CSRF cookie sent.
INFO - 2023-01-10 10:06:14 --> Session: Class initialized using 'CodeIgniter\Session\Handlers\FileHandler' driver.
INFO - 2023-01-10 10:06:55 --> CSRF cookie sent.
INFO - 2023-01-10 10:06:55 --> CSRF token verified.
INFO - 2023-01-10 10:06:55 --> Session: Class initialized using 'CodeIgniter\Session\Handlers\FileHandler' driver.
INFO - 2023-01-10 10:06:56 --> CSRF cookie sent.
INFO - 2023-01-10 10:06:56 --> Session: Class initialized using 'CodeIgniter\Session\Handlers\FileHandler' driver.
INFO - 2023-01-10 10:06:57 --> CSRF cookie sent.
INFO - 2023-01-10 10:06:57 --> Session: Class initialized using 'CodeIgniter\Session\Handlers\FileHandler' driver.
INFO - 2023-01-10 10:07:01 --> CSRF cookie sent.
INFO - 2023-01-10 10:07:01 --> CSRF token verified.
INFO - 2023-01-10 10:07:01 --> Session: Class initialized using 'CodeIgniter\Session\Handlers\FileHandler' driver.
INFO - 2023-01-10 10:07:02 --> CSRF cookie sent.
INFO - 2023-01-10 10:07:02 --> Session: Class initialized using 'CodeIgniter\Session\Handlers\FileHandler' driver.
INFO - 2023-01-10 10:07:03 --> CSRF cookie sent.
INFO - 2023-01-10 10:07:03 --> Session: Class initialized using 'CodeIgniter\Session\Handlers\FileHandler' driver.
INFO - 2023-01-10 10:08:27 --> CSRF cookie sent.
INFO - 2023-01-10 10:08:27 --> CSRF token verified.
INFO - 2023-01-10 10:08:27 --> Session: Class initialized using 'CodeIgniter\Session\Handlers\FileHandler' driver.
INFO - 2023-01-10 10:08:28 --> CSRF cookie sent.
INFO - 2023-01-10 10:08:28 --> Session: Class initialized using 'CodeIgniter\Session\Handlers\FileHandler' driver.
INFO - 2023-01-10 10:08:29 --> CSRF cookie sent.
INFO - 2023-01-10 10:08:29 --> Session: Class initialized using 'CodeIgniter\Session\Handlers\FileHandler' driver.
INFO - 2023-01-10 10:08:34 --> CSRF cookie sent.
INFO - 2023-01-10 10:08:34 --> CSRF token verified.
INFO - 2023-01-10 10:08:34 --> Session: Class initialized using 'CodeIgniter\Session\Handlers\FileHandler' driver.
INFO - 2023-01-10 10:08:35 --> CSRF cookie sent.
INFO - 2023-01-10 10:08:35 --> Session: Class initialized using 'CodeIgniter\Session\Handlers\FileHandler' driver.
INFO - 2023-01-10 10:08:36 --> CSRF cookie sent.
INFO - 2023-01-10 10:08:36 --> Session: Class initialized using 'CodeIgniter\Session\Handlers\FileHandler' driver.
INFO - 2023-01-10 10:10:25 --> CSRF cookie sent.
INFO - 2023-01-10 10:10:25 --> CSRF token verified.
INFO - 2023-01-10 10:10:25 --> Session: Class initialized using 'CodeIgniter\Session\Handlers\FileHandler' driver.
INFO - 2023-01-10 10:10:26 --> CSRF cookie sent.
INFO - 2023-01-10 10:10:26 --> Session: Class initialized using 'CodeIgniter\Session\Handlers\FileHandler' driver.
INFO - 2023-01-10 10:10:27 --> CSRF cookie sent.
INFO - 2023-01-10 10:10:27 --> Session: Class initialized using 'CodeIgniter\Session\Handlers\FileHandler' driver.
INFO - 2023-01-10 10:10:33 --> CSRF cookie sent.
INFO - 2023-01-10 10:10:33 --> CSRF token verified.
INFO - 2023-01-10 10:10:33 --> Session: Class initialized using 'CodeIgniter\Session\Handlers\FileHandler' driver.
INFO - 2023-01-10 10:10:34 --> CSRF cookie sent.
INFO - 2023-01-10 10:10:34 --> Session: Class initialized using 'CodeIgniter\Session\Handlers\FileHandler' driver.
INFO - 2023-01-10 10:10:35 --> CSRF cookie sent.
INFO - 2023-01-10 10:10:35 --> Session: Class initialized using 'CodeIgniter\Session\Handlers\FileHandler' driver.
INFO - 2023-01-10 10:11:03 --> CSRF cookie sent.
INFO - 2023-01-10 10:11:03 --> CSRF token verified.
INFO - 2023-01-10 10:11:03 --> Session: Class initialized using 'CodeIgniter\Session\Handlers\FileHandler' driver.
INFO - 2023-01-10 10:11:04 --> CSRF cookie sent.
INFO - 2023-01-10 10:11:04 --> Session: Class initialized using 'CodeIgniter\Session\Handlers\FileHandler' driver.
INFO - 2023-01-10 10:11:05 --> CSRF cookie sent.
INFO - 2023-01-10 10:11:05 --> Session: Class initialized using 'CodeIgniter\Session\Handlers\FileHandler' driver.
INFO - 2023-01-10 10:19:21 --> CSRF cookie sent.
INFO - 2023-01-10 10:19:21 --> CSRF token verified.
INFO - 2023-01-10 10:19:21 --> Session: Class initialized using 'CodeIgniter\Session\Handlers\FileHandler' driver.
INFO - 2023-01-10 10:19:21 --> CSRF cookie sent.
INFO - 2023-01-10 10:19:21 --> Session: Class initialized using 'CodeIgniter\Session\Handlers\FileHandler' driver.
INFO - 2023-01-10 10:19:22 --> CSRF cookie sent.
INFO - 2023-01-10 10:19:22 --> Session: Class initialized using 'CodeIgniter\Session\Handlers\FileHandler' driver.
INFO - 2023-01-10 10:19:23 --> CSRF cookie sent.
INFO - 2023-01-10 10:19:23 --> Session: Class initialized using 'CodeIgniter\Session\Handlers\FileHandler' driver.
INFO - 2023-01-10 10:19:24 --> CSRF cookie sent.
INFO - 2023-01-10 10:19:24 --> Session: Class initialized using 'CodeIgniter\Session\Handlers\FileHandler' driver.
INFO - 2023-01-10 10:19:24 --> CSRF cookie sent.
INFO - 2023-01-10 10:19:24 --> Session: Class initialized using 'CodeIgniter\Session\Handlers\FileHandler' driver.
INFO - 2023-01-10 10:19:26 --> CSRF cookie sent.
INFO - 2023-01-10 10:19:26 --> Session: Class initialized using 'CodeIgniter\Session\Handlers\FileHandler' driver.
INFO - 2023-01-10 10:19:27 --> CSRF cookie sent.
INFO - 2023-01-10 10:19:27 --> Session: Class initialized using 'CodeIgniter\Session\Handlers\FileHandler' driver.
INFO - 2023-01-10 10:29:26 --> CSRF cookie sent.
INFO - 2023-01-10 10:29:26 --> Session: Class initialized using 'CodeIgniter\Session\Handlers\FileHandler' driver.
INFO - 2023-01-10 10:29:27 --> CSRF cookie sent.
INFO - 2023-01-10 10:29:27 --> Session: Class initialized using 'CodeIgniter\Session\Handlers\FileHandler' driver.
INFO - 2023-01-10 10:29:27 --> CSRF cookie sent.
INFO - 2023-01-10 10:29:27 --> Session: Class initialized using 'CodeIgniter\Session\Handlers\FileHandler' driver.
INFO - 2023-01-10 11:07:15 --> CSRF cookie sent.
INFO - 2023-01-10 11:07:15 --> Session: Class initialized using 'CodeIgniter\Session\Handlers\FileHandler' driver.
INFO - 2023-01-10 11:07:15 --> CSRF cookie sent.
INFO - 2023-01-10 11:07:15 --> Session: Class initialized using 'CodeIgniter\Session\Handlers\FileHandler' driver.
INFO - 2023-01-10 11:07:20 --> CSRF cookie sent.
INFO - 2023-01-10 11:07:20 --> CSRF token verified.
INFO - 2023-01-10 11:07:20 --> Session: Class initialized using 'CodeIgniter\Session\Handlers\FileHandler' driver.
INFO - 2023-01-10 11:07:20 --> CSRF cookie sent.
INFO - 2023-01-10 11:07:20 --> Session: Class initialized using 'CodeIgniter\Session\Handlers\FileHandler' driver.
INFO - 2023-01-10 11:07:21 --> CSRF cookie sent.
INFO - 2023-01-10 11:07:21 --> Session: Class initialized using 'CodeIgniter\Session\Handlers\FileHandler' driver.
INFO - 2023-01-10 11:07:22 --> CSRF cookie sent.
INFO - 2023-01-10 11:07:22 --> Session: Class initialized using 'CodeIgniter\Session\Handlers\FileHandler' driver.
INFO - 2023-01-10 11:07:45 --> CSRF cookie sent.
INFO - 2023-01-10 11:07:45 --> Session: Class initialized using 'CodeIgniter\Session\Handlers\FileHandler' driver.
INFO - 2023-01-10 11:07:56 --> CSRF cookie sent.
INFO - 2023-01-10 11:07:56 --> Session: Class initialized using 'CodeIgniter\Session\Handlers\FileHandler' driver.
INFO - 2023-01-10 11:07:57 --> CSRF cookie sent.
INFO - 2023-01-10 11:07:57 --> Session: Class initialized using 'CodeIgniter\Session\Handlers\FileHandler' driver.
INFO - 2023-01-10 11:07:58 --> CSRF cookie sent.
INFO - 2023-01-10 11:07:58 --> Session: Class initialized using 'CodeIgniter\Session\Handlers\FileHandler' driver.
INFO - 2023-01-10 11:08:01 --> CSRF cookie sent.
INFO - 2023-01-10 11:08:01 --> Session: Class initialized using 'CodeIgniter\Session\Handlers\FileHandler' driver.
INFO - 2023-01-10 11:08:02 --> CSRF cookie sent.
INFO - 2023-01-10 11:08:02 --> Session: Class initialized using 'CodeIgniter\Session\Handlers\FileHandler' driver.
INFO - 2023-01-10 11:08:03 --> CSRF cookie sent.
INFO - 2023-01-10 11:08:03 --> Session: Class initialized using 'CodeIgniter\Session\Handlers\FileHandler' driver.
INFO - 2023-01-10 11:08:09 --> CSRF cookie sent.
INFO - 2023-01-10 11:08:09 --> Session: Class initialized using 'CodeIgniter\Session\Handlers\FileHandler' driver.
INFO - 2023-01-10 11:08:10 --> CSRF cookie sent.
INFO - 2023-01-10 11:08:10 --> Session: Class initialized using 'CodeIgniter\Session\Handlers\FileHandler' driver.
INFO - 2023-01-10 11:08:11 --> CSRF cookie sent.
INFO - 2023-01-10 11:08:11 --> Session: Class initialized using 'CodeIgniter\Session\Handlers\FileHandler' driver.
INFO - 2023-01-10 11:08:12 --> CSRF cookie sent.
INFO - 2023-01-10 11:08:12 --> CSRF cookie sent.
INFO - 2023-01-10 11:08:12 --> Session: Class initialized using 'CodeIgniter\Session\Handlers\FileHandler' driver.
INFO - 2023-01-10 11:08:12 --> Session: Class initialized using 'CodeIgniter\Session\Handlers\FileHandler' driver.
INFO - 2023-01-10 11:10:17 --> CSRF cookie sent.
INFO - 2023-01-10 11:10:17 --> Session: Class initialized using 'CodeIgniter\Session\Handlers\FileHandler' driver.
INFO - 2023-01-10 11:22:28 --> CSRF cookie sent.
INFO - 2023-01-10 11:22:28 --> CSRF token verified.
INFO - 2023-01-10 11:22:28 --> Session: Class initialized using 'CodeIgniter\Session\Handlers\FileHandler' driver.
INFO - 2023-01-10 11:22:29 --> CSRF cookie sent.
INFO - 2023-01-10 11:22:29 --> Session: Class initialized using 'CodeIgniter\Session\Handlers\FileHandler' driver.
INFO - 2023-01-10 11:22:30 --> CSRF cookie sent.
INFO - 2023-01-10 11:22:30 --> Session: Class initialized using 'CodeIgniter\Session\Handlers\FileHandler' driver.
INFO - 2023-01-10 11:22:31 --> CSRF cookie sent.
INFO - 2023-01-10 11:22:31 --> Session: Class initialized using 'CodeIgniter\Session\Handlers\FileHandler' driver.
INFO - 2023-01-10 11:22:31 --> CSRF cookie sent.
INFO - 2023-01-10 11:22:31 --> Session: Class initialized using 'CodeIgniter\Session\Handlers\FileHandler' driver.
INFO - 2023-01-10 11:22:32 --> CSRF cookie sent.
INFO - 2023-01-10 11:22:32 --> Session: Class initialized using 'CodeIgniter\Session\Handlers\FileHandler' driver.
INFO - 2023-01-10 11:22:34 --> CSRF cookie sent.
INFO - 2023-01-10 11:22:34 --> Session: Class initialized using 'CodeIgniter\Session\Handlers\FileHandler' driver.
INFO - 2023-01-10 11:29:02 --> CSRF cookie sent.
INFO - 2023-01-10 11:29:02 --> Session: Class initialized using 'CodeIgniter\Session\Handlers\FileHandler' driver.
INFO - 2023-01-10 11:29:03 --> CSRF cookie sent.
INFO - 2023-01-10 11:29:03 --> Session: Class initialized using 'CodeIgniter\Session\Handlers\FileHandler' driver.
INFO - 2023-01-10 11:56:30 --> CSRF cookie sent.
INFO - 2023-01-10 11:56:30 --> CSRF token verified.
INFO - 2023-01-10 11:56:30 --> Session: Class initialized using 'CodeIgniter\Session\Handlers\FileHandler' driver.
INFO - 2023-01-10 11:56:32 --> CSRF cookie sent.
INFO - 2023-01-10 11:56:32 --> Session: Class initialized using 'CodeIgniter\Session\Handlers\FileHandler' driver.
INFO - 2023-01-10 11:56:34 --> CSRF cookie sent.
INFO - 2023-01-10 11:56:34 --> Session: Class initialized using 'CodeIgniter\Session\Handlers\FileHandler' driver.
INFO - 2023-01-10 11:56:35 --> CSRF cookie sent.
INFO - 2023-01-10 11:56:35 --> Session: Class initialized using 'CodeIgniter\Session\Handlers\FileHandler' driver.
INFO - 2023-01-10 11:56:35 --> CSRF cookie sent.
INFO - 2023-01-10 11:56:35 --> Session: Class initialized using 'CodeIgniter\Session\Handlers\FileHandler' driver.
INFO - 2023-01-10 11:56:36 --> CSRF cookie sent.
INFO - 2023-01-10 11:56:36 --> Session: Class initialized using 'CodeIgniter\Session\Handlers\FileHandler' driver.
INFO - 2023-01-10 11:56:36 --> CSRF cookie sent.
INFO - 2023-01-10 11:56:36 --> Session: Class initialized using 'CodeIgniter\Session\Handlers\FileHandler' driver.
INFO - 2023-01-10 11:56:38 --> CSRF cookie sent.
INFO - 2023-01-10 11:56:38 --> Session: Class initialized using 'CodeIgniter\Session\Handlers\FileHandler' driver.
INFO - 2023-01-10 11:56:45 --> CSRF cookie sent.
INFO - 2023-01-10 11:56:45 --> Session: Class initialized using 'CodeIgniter\Session\Handlers\FileHandler' driver.
INFO - 2023-01-10 11:56:45 --> CSRF cookie sent.
INFO - 2023-01-10 11:56:45 --> Session: Class initialized using 'CodeIgniter\Session\Handlers\FileHandler' driver.
INFO - 2023-01-10 11:56:49 --> CSRF cookie sent.
INFO - 2023-01-10 11:56:49 --> Session: Class initialized using 'CodeIgniter\Session\Handlers\FileHandler' driver.
INFO - 2023-01-10 11:57:08 --> CSRF cookie sent.
INFO - 2023-01-10 11:57:08 --> CSRF token verified.
INFO - 2023-01-10 11:57:08 --> Session: Class initialized using 'CodeIgniter\Session\Handlers\FileHandler' driver.
INFO - 2023-01-10 11:57:08 --> CSRF cookie sent.
INFO - 2023-01-10 11:57:08 --> Session: Class initialized using 'CodeIgniter\Session\Handlers\FileHandler' driver.
INFO - 2023-01-10 11:57:10 --> CSRF cookie sent.
INFO - 2023-01-10 11:57:10 --> Session: Class initialized using 'CodeIgniter\Session\Handlers\FileHandler' driver.
INFO - 2023-01-10 11:57:10 --> CSRF cookie sent.
INFO - 2023-01-10 11:57:11 --> Session: Class initialized using 'CodeIgniter\Session\Handlers\FileHandler' driver.
INFO - 2023-01-10 11:57:11 --> CSRF cookie sent.
INFO - 2023-01-10 11:57:11 --> Session: Class initialized using 'CodeIgniter\Session\Handlers\FileHandler' driver.
INFO - 2023-01-10 11:57:12 --> CSRF cookie sent.
INFO - 2023-01-10 11:57:12 --> Session: Class initialized using 'CodeIgniter\Session\Handlers\FileHandler' driver.
INFO - 2023-01-10 11:57:12 --> CSRF cookie sent.
INFO - 2023-01-10 11:57:12 --> Session: Class initialized using 'CodeIgniter\Session\Handlers\FileHandler' driver.
INFO - 2023-01-10 11:57:25 --> CSRF cookie sent.
INFO - 2023-01-10 11:57:25 --> Session: Class initialized using 'CodeIgniter\Session\Handlers\FileHandler' driver.
INFO - 2023-01-10 11:57:26 --> CSRF cookie sent.
INFO - 2023-01-10 11:57:26 --> Session: Class initialized using 'CodeIgniter\Session\Handlers\FileHandler' driver.
INFO - 2023-01-10 11:57:26 --> CSRF cookie sent.
INFO - 2023-01-10 11:57:26 --> Session: Class initialized using 'CodeIgniter\Session\Handlers\FileHandler' driver.
INFO - 2023-01-10 11:57:26 --> CSRF cookie sent.
INFO - 2023-01-10 11:57:27 --> Session: Class initialized using 'CodeIgniter\Session\Handlers\FileHandler' driver.
INFO - 2023-01-10 11:57:32 --> CSRF cookie sent.
INFO - 2023-01-10 11:57:32 --> Session: Class initialized using 'CodeIgniter\Session\Handlers\FileHandler' driver.
INFO - 2023-01-10 11:57:32 --> CSRF cookie sent.
INFO - 2023-01-10 11:57:32 --> Session: Class initialized using 'CodeIgniter\Session\Handlers\FileHandler' driver.
INFO - 2023-01-10 11:57:37 --> CSRF cookie sent.
INFO - 2023-01-10 11:57:37 --> Session: Class initialized using 'CodeIgniter\Session\Handlers\FileHandler' driver.
INFO - 2023-01-10 11:58:05 --> CSRF cookie sent.
INFO - 2023-01-10 11:58:05 --> CSRF token verified.
INFO - 2023-01-10 11:58:05 --> Session: Class initialized using 'CodeIgniter\Session\Handlers\FileHandler' driver.
INFO - 2023-01-10 11:58:06 --> CSRF cookie sent.
INFO - 2023-01-10 11:58:06 --> Session: Class initialized using 'CodeIgniter\Session\Handlers\FileHandler' driver.
INFO - 2023-01-10 11:58:08 --> CSRF cookie sent.
INFO - 2023-01-10 11:58:08 --> Session: Class initialized using 'CodeIgniter\Session\Handlers\FileHandler' driver.
INFO - 2023-01-10 11:58:09 --> CSRF cookie sent.
INFO - 2023-01-10 11:58:09 --> Session: Class initialized using 'CodeIgniter\Session\Handlers\FileHandler' driver.
INFO - 2023-01-10 11:58:10 --> CSRF cookie sent.
INFO - 2023-01-10 11:58:10 --> Session: Class initialized using 'CodeIgniter\Session\Handlers\FileHandler' driver.
INFO - 2023-01-10 11:58:11 --> CSRF cookie sent.
INFO - 2023-01-10 11:58:11 --> Session: Class initialized using 'CodeIgniter\Session\Handlers\FileHandler' driver.
INFO - 2023-01-10 11:58:39 --> CSRF cookie sent.
INFO - 2023-01-10 11:58:39 --> Session: Class initialized using 'CodeIgniter\Session\Handlers\FileHandler' driver.
INFO - 2023-01-10 11:58:40 --> CSRF cookie sent.
INFO - 2023-01-10 11:58:40 --> Session: Class initialized using 'CodeIgniter\Session\Handlers\FileHandler' driver.
INFO - 2023-01-10 11:58:40 --> CSRF cookie sent.
INFO - 2023-01-10 11:58:40 --> Session: Class initialized using 'CodeIgniter\Session\Handlers\FileHandler' driver.
INFO - 2023-01-10 13:02:48 --> CSRF cookie sent.
INFO - 2023-01-10 13:02:48 --> Session: Class initialized using 'CodeIgniter\Session\Handlers\FileHandler' driver.
INFO - 2023-01-10 13:02:49 --> CSRF cookie sent.
INFO - 2023-01-10 13:02:49 --> Session: Class initialized using 'CodeIgniter\Session\Handlers\FileHandler' driver.
INFO - 2023-01-10 14:03:28 --> Session: Class initialized using 'CodeIgniter\Session\Handlers\FileHandler' driver.
INFO - 2023-01-10 14:03:28 --> CSRF cookie sent.
INFO - 2023-01-10 14:03:28 --> Session: Class initialized using 'CodeIgniter\Session\Handlers\FileHandler' driver.
INFO - 2023-01-10 14:03:29 --> CSRF cookie sent.
INFO - 2023-01-10 14:03:29 --> Session: Class initialized using 'CodeIgniter\Session\Handlers\FileHandler' driver.
INFO - 2023-01-10 14:03:34 --> CSRF cookie sent.
INFO - 2023-01-10 14:03:34 --> CSRF token verified.
INFO - 2023-01-10 14:03:34 --> Session: Class initialized using 'CodeIgniter\Session\Handlers\FileHandler' driver.
INFO - 2023-01-10 14:03:34 --> CSRF cookie sent.
INFO - 2023-01-10 14:03:34 --> Session: Class initialized using 'CodeIgniter\Session\Handlers\FileHandler' driver.
INFO - 2023-01-10 14:03:35 --> CSRF cookie sent.
INFO - 2023-01-10 14:03:35 --> Session: Class initialized using 'CodeIgniter\Session\Handlers\FileHandler' driver.
INFO - 2023-01-10 14:03:35 --> CSRF cookie sent.
INFO - 2023-01-10 14:03:35 --> Session: Class initialized using 'CodeIgniter\Session\Handlers\FileHandler' driver.
INFO - 2023-01-10 14:03:36 --> CSRF cookie sent.
INFO - 2023-01-10 14:03:36 --> Session: Class initialized using 'CodeIgniter\Session\Handlers\FileHandler' driver.
INFO - 2023-01-10 14:03:42 --> CSRF cookie sent.
INFO - 2023-01-10 14:03:42 --> Session: Class initialized using 'CodeIgniter\Session\Handlers\FileHandler' driver.
INFO - 2023-01-10 14:03:42 --> CSRF cookie sent.
INFO - 2023-01-10 14:03:42 --> Session: Class initialized using 'CodeIgniter\Session\Handlers\FileHandler' driver.
INFO - 2023-01-10 14:03:46 --> CSRF cookie sent.
INFO - 2023-01-10 14:03:46 --> Session: Class initialized using 'CodeIgniter\Session\Handlers\FileHandler' driver.
INFO - 2023-01-10 14:04:58 --> CSRF cookie sent.
INFO - 2023-01-10 14:04:58 --> CSRF token verified.
INFO - 2023-01-10 14:04:58 --> Session: Class initialized using 'CodeIgniter\Session\Handlers\FileHandler' driver.
INFO - 2023-01-10 14:04:59 --> CSRF cookie sent.
INFO - 2023-01-10 14:04:59 --> Session: Class initialized using 'CodeIgniter\Session\Handlers\FileHandler' driver.
INFO - 2023-01-10 14:05:00 --> CSRF cookie sent.
INFO - 2023-01-10 14:05:00 --> Session: Class initialized using 'CodeIgniter\Session\Handlers\FileHandler' driver.
INFO - 2023-01-10 14:05:01 --> CSRF cookie sent.
INFO - 2023-01-10 14:05:01 --> Session: Class initialized using 'CodeIgniter\Session\Handlers\FileHandler' driver.
INFO - 2023-01-10 14:05:01 --> CSRF cookie sent.
INFO - 2023-01-10 14:05:01 --> Session: Class initialized using 'CodeIgniter\Session\Handlers\FileHandler' driver.
INFO - 2023-01-10 14:05:02 --> CSRF cookie sent.
INFO - 2023-01-10 14:05:02 --> Session: Class initialized using 'CodeIgniter\Session\Handlers\FileHandler' driver.
INFO - 2023-01-10 14:05:05 --> CSRF cookie sent.
INFO - 2023-01-10 14:05:05 --> Session: Class initialized using 'CodeIgniter\Session\Handlers\FileHandler' driver.
INFO - 2023-01-10 14:05:22 --> CSRF cookie sent.
INFO - 2023-01-10 14:05:22 --> Session: Class initialized using 'CodeIgniter\Session\Handlers\FileHandler' driver.
INFO - 2023-01-10 14:05:23 --> CSRF cookie sent.
INFO - 2023-01-10 14:05:23 --> Session: Class initialized using 'CodeIgniter\Session\Handlers\FileHandler' driver.
INFO - 2023-01-10 14:05:24 --> CSRF cookie sent.
INFO - 2023-01-10 14:05:24 --> Session: Class initialized using 'CodeIgniter\Session\Handlers\FileHandler' driver.
INFO - 2023-01-10 14:05:28 --> CSRF cookie sent.
INFO - 2023-01-10 14:05:28 --> Session: Class initialized using 'CodeIgniter\Session\Handlers\FileHandler' driver.
INFO - 2023-01-10 14:05:30 --> CSRF cookie sent.
INFO - 2023-01-10 14:05:30 --> Session: Class initialized using 'CodeIgniter\Session\Handlers\FileHandler' driver.
INFO - 2023-01-10 14:05:30 --> CSRF cookie sent.
INFO - 2023-01-10 14:05:30 --> Session: Class initialized using 'CodeIgniter\Session\Handlers\FileHandler' driver.
INFO - 2023-01-10 14:05:32 --> CSRF cookie sent.
INFO - 2023-01-10 14:05:32 --> Session: Class initialized using 'CodeIgniter\Session\Handlers\FileHandler' driver.
INFO - 2023-01-10 14:05:33 --> CSRF cookie sent.
INFO - 2023-01-10 14:05:33 --> Session: Class initialized using 'CodeIgniter\Session\Handlers\FileHandler' driver.
INFO - 2023-01-10 14:05:33 --> CSRF cookie sent.
INFO - 2023-01-10 14:05:33 --> Session: Class initialized using 'CodeIgniter\Session\Handlers\FileHandler' driver.
INFO - 2023-01-10 14:05:34 --> CSRF cookie sent.
INFO - 2023-01-10 14:05:34 --> Session: Class initialized using 'CodeIgniter\Session\Handlers\FileHandler' driver.
INFO - 2023-01-10 14:05:34 --> CSRF cookie sent.
INFO - 2023-01-10 14:05:34 --> Session: Class initialized using 'CodeIgniter\Session\Handlers\FileHandler' driver.
INFO - 2023-01-10 14:10:17 --> CSRF cookie sent.
INFO - 2023-01-10 14:10:17 --> CSRF token verified.
INFO - 2023-01-10 14:10:17 --> Session: Class initialized using 'CodeIgniter\Session\Handlers\FileHandler' driver.
INFO - 2023-01-10 14:10:18 --> CSRF cookie sent.
INFO - 2023-01-10 14:10:18 --> Session: Class initialized using 'CodeIgniter\Session\Handlers\FileHandler' driver.
INFO - 2023-01-10 14:10:20 --> CSRF cookie sent.
INFO - 2023-01-10 14:10:20 --> Session: Class initialized using 'CodeIgniter\Session\Handlers\FileHandler' driver.
INFO - 2023-01-10 14:10:20 --> CSRF cookie sent.
INFO - 2023-01-10 14:10:20 --> Session: Class initialized using 'CodeIgniter\Session\Handlers\FileHandler' driver.
INFO - 2023-01-10 14:10:23 --> CSRF cookie sent.
INFO - 2023-01-10 14:10:23 --> CSRF cookie sent.
INFO - 2023-01-10 14:10:23 --> Session: Class initialized using 'CodeIgniter\Session\Handlers\FileHandler' driver.
INFO - 2023-01-10 14:10:24 --> Session: Class initialized using 'CodeIgniter\Session\Handlers\FileHandler' driver.
INFO - 2023-01-10 14:10:35 --> CSRF cookie sent.
INFO - 2023-01-10 14:10:35 --> Session: Class initialized using 'CodeIgniter\Session\Handlers\FileHandler' driver.
INFO - 2023-01-10 14:10:36 --> CSRF cookie sent.
INFO - 2023-01-10 14:10:36 --> Session: Class initialized using 'CodeIgniter\Session\Handlers\FileHandler' driver.
INFO - 2023-01-10 14:10:36 --> CSRF cookie sent.
INFO - 2023-01-10 14:10:36 --> Session: Class initialized using 'CodeIgniter\Session\Handlers\FileHandler' driver.
INFO - 2023-01-10 14:20:37 --> CSRF cookie sent.
INFO - 2023-01-10 14:20:37 --> Session: Class initialized using 'CodeIgniter\Session\Handlers\FileHandler' driver.
INFO - 2023-01-10 14:20:37 --> CSRF cookie sent.
INFO - 2023-01-10 14:20:37 --> Session: Class initialized using 'CodeIgniter\Session\Handlers\FileHandler' driver.
INFO - 2023-01-10 14:20:37 --> CSRF cookie sent.
INFO - 2023-01-10 14:20:37 --> Session: Class initialized using 'CodeIgniter\Session\Handlers\FileHandler' driver.
INFO - 2023-01-10 14:42:57 --> CSRF cookie sent.
INFO - 2023-01-10 14:42:57 --> Session: Class initialized using 'CodeIgniter\Session\Handlers\FileHandler' driver.
INFO - 2023-01-10 14:42:57 --> CSRF cookie sent.
INFO - 2023-01-10 14:42:57 --> Session: Class initialized using 'CodeIgniter\Session\Handlers\FileHandler' driver.
INFO - 2023-01-10 14:43:01 --> CSRF cookie sent.
INFO - 2023-01-10 14:43:01 --> CSRF token verified.
INFO - 2023-01-10 14:43:01 --> Session: Class initialized using 'CodeIgniter\Session\Handlers\FileHandler' driver.
INFO - 2023-01-10 14:43:02 --> CSRF cookie sent.
INFO - 2023-01-10 14:43:02 --> Session: Class initialized using 'CodeIgniter\Session\Handlers\FileHandler' driver.
INFO - 2023-01-10 14:43:03 --> CSRF cookie sent.
INFO - 2023-01-10 14:43:03 --> Session: Class initialized using 'CodeIgniter\Session\Handlers\FileHandler' driver.
INFO - 2023-01-10 14:43:06 --> CSRF cookie sent.
INFO - 2023-01-10 14:43:06 --> Session: Class initialized using 'CodeIgniter\Session\Handlers\FileHandler' driver.
INFO - 2023-01-10 14:43:07 --> CSRF cookie sent.
INFO - 2023-01-10 14:43:07 --> Session: Class initialized using 'CodeIgniter\Session\Handlers\FileHandler' driver.
INFO - 2023-01-10 14:43:08 --> CSRF cookie sent.
INFO - 2023-01-10 14:43:08 --> Session: Class initialized using 'CodeIgniter\Session\Handlers\FileHandler' driver.
INFO - 2023-01-10 14:43:15 --> CSRF cookie sent.
INFO - 2023-01-10 14:43:15 --> Session: Class initialized using 'CodeIgniter\Session\Handlers\FileHandler' driver.
INFO - 2023-01-10 14:43:15 --> CSRF cookie sent.
INFO - 2023-01-10 14:43:15 --> Session: Class initialized using 'CodeIgniter\Session\Handlers\FileHandler' driver.
INFO - 2023-01-10 14:43:16 --> CSRF cookie sent.
INFO - 2023-01-10 14:43:16 --> Session: Class initialized using 'CodeIgniter\Session\Handlers\FileHandler' driver.
INFO - 2023-01-10 14:43:21 --> CSRF cookie sent.
INFO - 2023-01-10 14:43:21 --> Session: Class initialized using 'CodeIgniter\Session\Handlers\FileHandler' driver.
INFO - 2023-01-10 14:43:22 --> CSRF cookie sent.
INFO - 2023-01-10 14:43:22 --> Session: Class initialized using 'CodeIgniter\Session\Handlers\FileHandler' driver.
INFO - 2023-01-10 14:43:23 --> CSRF cookie sent.
INFO - 2023-01-10 14:43:23 --> Session: Class initialized using 'CodeIgniter\Session\Handlers\FileHandler' driver.
INFO - 2023-01-10 14:43:31 --> CSRF cookie sent.
INFO - 2023-01-10 14:43:31 --> Session: Class initialized using 'CodeIgniter\Session\Handlers\FileHandler' driver.
INFO - 2023-01-10 14:43:32 --> CSRF cookie sent.
INFO - 2023-01-10 14:43:32 --> Session: Class initialized using 'CodeIgniter\Session\Handlers\FileHandler' driver.
INFO - 2023-01-10 14:43:33 --> CSRF cookie sent.
INFO - 2023-01-10 14:43:33 --> Session: Class initialized using 'CodeIgniter\Session\Handlers\FileHandler' driver.
INFO - 2023-01-10 14:43:41 --> CSRF cookie sent.
INFO - 2023-01-10 14:43:41 --> Session: Class initialized using 'CodeIgniter\Session\Handlers\FileHandler' driver.
INFO - 2023-01-10 14:43:42 --> CSRF cookie sent.
INFO - 2023-01-10 14:43:42 --> Session: Class initialized using 'CodeIgniter\Session\Handlers\FileHandler' driver.
INFO - 2023-01-10 14:43:43 --> CSRF cookie sent.
INFO - 2023-01-10 14:43:43 --> Session: Class initialized using 'CodeIgniter\Session\Handlers\FileHandler' driver.
INFO - 2023-01-10 14:43:47 --> CSRF cookie sent.
INFO - 2023-01-10 14:43:47 --> Session: Class initialized using 'CodeIgniter\Session\Handlers\FileHandler' driver.
INFO - 2023-01-10 14:43:47 --> CSRF cookie sent.
INFO - 2023-01-10 14:43:48 --> Session: Class initialized using 'CodeIgniter\Session\Handlers\FileHandler' driver.
INFO - 2023-01-10 14:49:45 --> CSRF cookie sent.
INFO - 2023-01-10 14:49:45 --> CSRF token verified.
INFO - 2023-01-10 14:49:45 --> Session: Class initialized using 'CodeIgniter\Session\Handlers\FileHandler' driver.
INFO - 2023-01-10 14:49:46 --> CSRF cookie sent.
INFO - 2023-01-10 14:49:46 --> Session: Class initialized using 'CodeIgniter\Session\Handlers\FileHandler' driver.
INFO - 2023-01-10 14:49:46 --> CSRF cookie sent.
INFO - 2023-01-10 14:49:46 --> Session: Class initialized using 'CodeIgniter\Session\Handlers\FileHandler' driver.
INFO - 2023-01-10 14:49:47 --> CSRF cookie sent.
INFO - 2023-01-10 14:49:47 --> Session: Class initialized using 'CodeIgniter\Session\Handlers\FileHandler' driver.
INFO - 2023-01-10 14:49:48 --> CSRF cookie sent.
INFO - 2023-01-10 14:49:48 --> Session: Class initialized using 'CodeIgniter\Session\Handlers\FileHandler' driver.
INFO - 2023-01-10 14:49:53 --> CSRF cookie sent.
INFO - 2023-01-10 14:49:53 --> Session: Class initialized using 'CodeIgniter\Session\Handlers\FileHandler' driver.
INFO - 2023-01-10 14:49:54 --> CSRF cookie sent.
INFO - 2023-01-10 14:49:54 --> Session: Class initialized using 'CodeIgniter\Session\Handlers\FileHandler' driver.
INFO - 2023-01-10 14:49:58 --> CSRF cookie sent.
INFO - 2023-01-10 14:49:58 --> Session: Class initialized using 'CodeIgniter\Session\Handlers\FileHandler' driver.
INFO - 2023-01-10 14:50:28 --> CSRF cookie sent.
INFO - 2023-01-10 14:50:28 --> CSRF token verified.
INFO - 2023-01-10 14:50:28 --> Session: Class initialized using 'CodeIgniter\Session\Handlers\FileHandler' driver.
INFO - 2023-01-10 14:50:29 --> CSRF cookie sent.
INFO - 2023-01-10 14:50:29 --> Session: Class initialized using 'CodeIgniter\Session\Handlers\FileHandler' driver.
INFO - 2023-01-10 14:50:31 --> CSRF cookie sent.
INFO - 2023-01-10 14:50:31 --> Session: Class initialized using 'CodeIgniter\Session\Handlers\FileHandler' driver.
INFO - 2023-01-10 14:50:31 --> CSRF cookie sent.
INFO - 2023-01-10 14:50:31 --> Session: Class initialized using 'CodeIgniter\Session\Handlers\FileHandler' driver.
INFO - 2023-01-10 14:50:32 --> CSRF cookie sent.
INFO - 2023-01-10 14:50:32 --> Session: Class initialized using 'CodeIgniter\Session\Handlers\FileHandler' driver.
INFO - 2023-01-10 14:50:32 --> CSRF cookie sent.
INFO - 2023-01-10 14:50:32 --> Session: Class initialized using 'CodeIgniter\Session\Handlers\FileHandler' driver.
INFO - 2023-01-10 14:50:33 --> CSRF cookie sent.
INFO - 2023-01-10 14:50:33 --> Session: Class initialized using 'CodeIgniter\Session\Handlers\FileHandler' driver.
INFO - 2023-01-10 14:50:46 --> CSRF cookie sent.
INFO - 2023-01-10 14:50:46 --> Session: Class initialized using 'CodeIgniter\Session\Handlers\FileHandler' driver.
INFO - 2023-01-10 14:50:47 --> CSRF cookie sent.
INFO - 2023-01-10 14:50:47 --> Session: Class initialized using 'CodeIgniter\Session\Handlers\FileHandler' driver.
INFO - 2023-01-10 14:50:48 --> CSRF cookie sent.
INFO - 2023-01-10 14:50:48 --> Session: Class initialized using 'CodeIgniter\Session\Handlers\FileHandler' driver.
INFO - 2023-01-10 14:50:51 --> CSRF cookie sent.
INFO - 2023-01-10 14:50:51 --> Session: Class initialized using 'CodeIgniter\Session\Handlers\FileHandler' driver.
INFO - 2023-01-10 14:50:52 --> CSRF cookie sent.
INFO - 2023-01-10 14:50:52 --> Session: Class initialized using 'CodeIgniter\Session\Handlers\FileHandler' driver.
INFO - 2023-01-10 14:50:53 --> CSRF cookie sent.
INFO - 2023-01-10 14:50:53 --> Session: Class initialized using 'CodeIgniter\Session\Handlers\FileHandler' driver.
INFO - 2023-01-10 14:50:54 --> CSRF cookie sent.
INFO - 2023-01-10 14:50:54 --> Session: Class initialized using 'CodeIgniter\Session\Handlers\FileHandler' driver.
INFO - 2023-01-10 14:50:59 --> CSRF cookie sent.
INFO - 2023-01-10 14:50:59 --> Session: Class initialized using 'CodeIgniter\Session\Handlers\FileHandler' driver.
INFO - 2023-01-10 14:51:00 --> CSRF cookie sent.
INFO - 2023-01-10 14:51:00 --> Session: Class initialized using 'CodeIgniter\Session\Handlers\FileHandler' driver.
INFO - 2023-01-10 14:51:21 --> CSRF cookie sent.
INFO - 2023-01-10 14:51:21 --> CSRF token verified.
INFO - 2023-01-10 14:51:21 --> Session: Class initialized using 'CodeIgniter\Session\Handlers\FileHandler' driver.
INFO - 2023-01-10 14:51:22 --> CSRF cookie sent.
INFO - 2023-01-10 14:51:22 --> Session: Class initialized using 'CodeIgniter\Session\Handlers\FileHandler' driver.
INFO - 2023-01-10 14:51:23 --> CSRF cookie sent.
INFO - 2023-01-10 14:51:23 --> Session: Class initialized using 'CodeIgniter\Session\Handlers\FileHandler' driver.
INFO - 2023-01-10 14:51:24 --> CSRF cookie sent.
INFO - 2023-01-10 14:51:24 --> Session: Class initialized using 'CodeIgniter\Session\Handlers\FileHandler' driver.
INFO - 2023-01-10 14:51:25 --> CSRF cookie sent.
INFO - 2023-01-10 14:51:25 --> Session: Class initialized using 'CodeIgniter\Session\Handlers\FileHandler' driver.
INFO - 2023-01-10 14:51:26 --> CSRF cookie sent.
INFO - 2023-01-10 14:51:26 --> Session: Class initialized using 'CodeIgniter\Session\Handlers\FileHandler' driver.
INFO - 2023-01-10 14:51:27 --> CSRF cookie sent.
INFO - 2023-01-10 14:51:27 --> Session: Class initialized using 'CodeIgniter\Session\Handlers\FileHandler' driver.
INFO - 2023-01-10 14:51:41 --> CSRF cookie sent.
INFO - 2023-01-10 14:51:41 --> Session: Class initialized using 'CodeIgniter\Session\Handlers\FileHandler' driver.
INFO - 2023-01-10 14:51:42 --> CSRF cookie sent.
INFO - 2023-01-10 14:51:42 --> Session: Class initialized using 'CodeIgniter\Session\Handlers\FileHandler' driver.
INFO - 2023-01-10 14:51:43 --> CSRF cookie sent.
INFO - 2023-01-10 14:51:43 --> Session: Class initialized using 'CodeIgniter\Session\Handlers\FileHandler' driver.
INFO - 2023-01-10 14:51:45 --> CSRF cookie sent.
INFO - 2023-01-10 14:51:45 --> Session: Class initialized using 'CodeIgniter\Session\Handlers\FileHandler' driver.
INFO - 2023-01-10 14:51:50 --> CSRF cookie sent.
INFO - 2023-01-10 14:51:50 --> Session: Class initialized using 'CodeIgniter\Session\Handlers\FileHandler' driver.
INFO - 2023-01-10 14:51:51 --> CSRF cookie sent.
INFO - 2023-01-10 14:51:51 --> Session: Class initialized using 'CodeIgniter\Session\Handlers\FileHandler' driver.
INFO - 2023-01-10 14:52:21 --> CSRF cookie sent.
INFO - 2023-01-10 14:52:21 --> CSRF token verified.
INFO - 2023-01-10 14:52:21 --> Session: Class initialized using 'CodeIgniter\Session\Handlers\FileHandler' driver.
INFO - 2023-01-10 14:52:22 --> CSRF cookie sent.
INFO - 2023-01-10 14:52:22 --> Session: Class initialized using 'CodeIgniter\Session\Handlers\FileHandler' driver.
INFO - 2023-01-10 14:52:23 --> CSRF cookie sent.
INFO - 2023-01-10 14:52:23 --> Session: Class initialized using 'CodeIgniter\Session\Handlers\FileHandler' driver.
INFO - 2023-01-10 14:52:24 --> CSRF cookie sent.
INFO - 2023-01-10 14:52:24 --> Session: Class initialized using 'CodeIgniter\Session\Handlers\FileHandler' driver.
INFO - 2023-01-10 14:52:27 --> CSRF cookie sent.
INFO - 2023-01-10 14:52:27 --> Session: Class initialized using 'CodeIgniter\Session\Handlers\FileHandler' driver.
INFO - 2023-01-10 14:52:28 --> CSRF cookie sent.
INFO - 2023-01-10 14:52:28 --> Session: Class initialized using 'CodeIgniter\Session\Handlers\FileHandler' driver.
INFO - 2023-01-10 14:52:39 --> CSRF cookie sent.
INFO - 2023-01-10 14:52:39 --> Session: Class initialized using 'CodeIgniter\Session\Handlers\FileHandler' driver.
INFO - 2023-01-10 14:52:39 --> CSRF cookie sent.
INFO - 2023-01-10 14:52:39 --> Session: Class initialized using 'CodeIgniter\Session\Handlers\FileHandler' driver.
INFO - 2023-01-10 14:52:40 --> CSRF cookie sent.
INFO - 2023-01-10 14:52:40 --> Session: Class initialized using 'CodeIgniter\Session\Handlers\FileHandler' driver.
