INFO - 2023-04-05 08:50:18 --> CSRF cookie sent.
INFO - 2023-04-05 08:50:18 --> Session: Class initialized using 'CodeIgniter\Session\Handlers\FileHandler' driver.
INFO - 2023-04-05 08:50:19 --> CSRF cookie sent.
INFO - 2023-04-05 08:50:19 --> Session: Class initialized using 'CodeIgniter\Session\Handlers\FileHandler' driver.
INFO - 2023-04-05 08:50:23 --> CSRF cookie sent.
INFO - 2023-04-05 08:50:23 --> CSRF token verified.
INFO - 2023-04-05 08:50:23 --> Session: Class initialized using 'CodeIgniter\Session\Handlers\FileHandler' driver.
INFO - 2023-04-05 08:50:24 --> CSRF cookie sent.
INFO - 2023-04-05 08:50:24 --> Session: Class initialized using 'CodeIgniter\Session\Handlers\FileHandler' driver.
INFO - 2023-04-05 08:50:25 --> CSRF cookie sent.
INFO - 2023-04-05 08:50:25 --> Session: Class initialized using 'CodeIgniter\Session\Handlers\FileHandler' driver.
INFO - 2023-04-05 08:50:25 --> CSRF cookie sent.
INFO - 2023-04-05 08:50:25 --> Session: Class initialized using 'CodeIgniter\Session\Handlers\FileHandler' driver.
INFO - 2023-04-05 08:50:27 --> CSRF cookie sent.
INFO - 2023-04-05 08:50:27 --> Session: Class initialized using 'CodeIgniter\Session\Handlers\FileHandler' driver.
INFO - 2023-04-05 08:50:29 --> CSRF cookie sent.
INFO - 2023-04-05 08:50:29 --> Session: Class initialized using 'CodeIgniter\Session\Handlers\FileHandler' driver.
INFO - 2023-04-05 08:50:29 --> CSRF cookie sent.
INFO - 2023-04-05 08:50:29 --> Session: Class initialized using 'CodeIgniter\Session\Handlers\FileHandler' driver.
INFO - 2023-04-05 08:50:32 --> CSRF cookie sent.
INFO - 2023-04-05 08:50:32 --> Session: Class initialized using 'CodeIgniter\Session\Handlers\FileHandler' driver.
INFO - 2023-04-05 08:50:34 --> CSRF cookie sent.
INFO - 2023-04-05 08:50:34 --> Session: Class initialized using 'CodeIgniter\Session\Handlers\FileHandler' driver.
INFO - 2023-04-05 08:50:35 --> CSRF cookie sent.
INFO - 2023-04-05 08:50:35 --> Session: Class initialized using 'CodeIgniter\Session\Handlers\FileHandler' driver.
INFO - 2023-04-05 08:50:36 --> CSRF cookie sent.
INFO - 2023-04-05 08:50:36 --> Session: Class initialized using 'CodeIgniter\Session\Handlers\FileHandler' driver.
INFO - 2023-04-05 08:50:37 --> CSRF cookie sent.
INFO - 2023-04-05 08:50:37 --> Session: Class initialized using 'CodeIgniter\Session\Handlers\FileHandler' driver.
INFO - 2023-04-05 08:50:37 --> CSRF cookie sent.
INFO - 2023-04-05 08:50:37 --> Session: Class initialized using 'CodeIgniter\Session\Handlers\FileHandler' driver.
INFO - 2023-04-05 08:50:43 --> CSRF cookie sent.
INFO - 2023-04-05 08:50:43 --> Session: Class initialized using 'CodeIgniter\Session\Handlers\FileHandler' driver.
INFO - 2023-04-05 08:50:51 --> CSRF cookie sent.
INFO - 2023-04-05 08:50:51 --> Session: Class initialized using 'CodeIgniter\Session\Handlers\FileHandler' driver.
INFO - 2023-04-05 08:50:51 --> CSRF cookie sent.
INFO - 2023-04-05 08:50:51 --> Session: Class initialized using 'CodeIgniter\Session\Handlers\FileHandler' driver.
INFO - 2023-04-05 08:50:58 --> CSRF cookie sent.
INFO - 2023-04-05 08:50:58 --> CSRF token verified.
INFO - 2023-04-05 08:50:58 --> Session: Class initialized using 'CodeIgniter\Session\Handlers\FileHandler' driver.
INFO - 2023-04-05 08:50:59 --> CSRF cookie sent.
INFO - 2023-04-05 08:50:59 --> Session: Class initialized using 'CodeIgniter\Session\Handlers\FileHandler' driver.
INFO - 2023-04-05 08:51:00 --> CSRF cookie sent.
INFO - 2023-04-05 08:51:00 --> Session: Class initialized using 'CodeIgniter\Session\Handlers\FileHandler' driver.
INFO - 2023-04-05 08:51:01 --> CSRF cookie sent.
INFO - 2023-04-05 08:51:01 --> Session: Class initialized using 'CodeIgniter\Session\Handlers\FileHandler' driver.
INFO - 2023-04-05 08:51:01 --> CSRF cookie sent.
INFO - 2023-04-05 08:51:01 --> Session: Class initialized using 'CodeIgniter\Session\Handlers\FileHandler' driver.
INFO - 2023-04-05 08:51:02 --> CSRF cookie sent.
INFO - 2023-04-05 08:51:02 --> Session: Class initialized using 'CodeIgniter\Session\Handlers\FileHandler' driver.
INFO - 2023-04-05 08:51:02 --> CSRF cookie sent.
INFO - 2023-04-05 08:51:02 --> Session: Class initialized using 'CodeIgniter\Session\Handlers\FileHandler' driver.
INFO - 2023-04-05 08:51:09 --> CSRF cookie sent.
INFO - 2023-04-05 08:51:09 --> Session: Class initialized using 'CodeIgniter\Session\Handlers\FileHandler' driver.
INFO - 2023-04-05 08:51:10 --> CSRF cookie sent.
INFO - 2023-04-05 08:51:10 --> Session: Class initialized using 'CodeIgniter\Session\Handlers\FileHandler' driver.
INFO - 2023-04-05 08:51:11 --> CSRF cookie sent.
INFO - 2023-04-05 08:51:11 --> Session: Class initialized using 'CodeIgniter\Session\Handlers\FileHandler' driver.
INFO - 2023-04-05 08:52:22 --> CSRF cookie sent.
INFO - 2023-04-05 08:52:22 --> CSRF token verified.
INFO - 2023-04-05 08:52:22 --> Session: Class initialized using 'CodeIgniter\Session\Handlers\FileHandler' driver.
INFO - 2023-04-05 08:52:22 --> CSRF cookie sent.
INFO - 2023-04-05 08:52:22 --> Session: Class initialized using 'CodeIgniter\Session\Handlers\FileHandler' driver.
INFO - 2023-04-05 08:52:24 --> CSRF cookie sent.
INFO - 2023-04-05 08:52:24 --> Session: Class initialized using 'CodeIgniter\Session\Handlers\FileHandler' driver.
INFO - 2023-04-05 08:52:24 --> CSRF cookie sent.
INFO - 2023-04-05 08:52:24 --> Session: Class initialized using 'CodeIgniter\Session\Handlers\FileHandler' driver.
INFO - 2023-04-05 08:52:24 --> CSRF cookie sent.
INFO - 2023-04-05 08:52:24 --> Session: Class initialized using 'CodeIgniter\Session\Handlers\FileHandler' driver.
INFO - 2023-04-05 08:52:25 --> CSRF cookie sent.
INFO - 2023-04-05 08:52:25 --> Session: Class initialized using 'CodeIgniter\Session\Handlers\FileHandler' driver.
INFO - 2023-04-05 08:52:26 --> CSRF cookie sent.
INFO - 2023-04-05 08:52:26 --> Session: Class initialized using 'CodeIgniter\Session\Handlers\FileHandler' driver.
INFO - 2023-04-05 08:52:28 --> CSRF cookie sent.
INFO - 2023-04-05 08:52:28 --> Session: Class initialized using 'CodeIgniter\Session\Handlers\FileHandler' driver.
INFO - 2023-04-05 08:52:36 --> CSRF cookie sent.
INFO - 2023-04-05 08:52:36 --> Session: Class initialized using 'CodeIgniter\Session\Handlers\FileHandler' driver.
INFO - 2023-04-05 08:52:37 --> CSRF cookie sent.
INFO - 2023-04-05 08:52:37 --> Session: Class initialized using 'CodeIgniter\Session\Handlers\FileHandler' driver.
INFO - 2023-04-05 08:52:40 --> CSRF cookie sent.
INFO - 2023-04-05 08:52:40 --> Session: Class initialized using 'CodeIgniter\Session\Handlers\FileHandler' driver.
INFO - 2023-04-05 08:53:03 --> CSRF cookie sent.
INFO - 2023-04-05 08:53:03 --> CSRF token verified.
INFO - 2023-04-05 08:53:03 --> Session: Class initialized using 'CodeIgniter\Session\Handlers\FileHandler' driver.
INFO - 2023-04-05 08:53:04 --> CSRF cookie sent.
INFO - 2023-04-05 08:53:04 --> Session: Class initialized using 'CodeIgniter\Session\Handlers\FileHandler' driver.
INFO - 2023-04-05 08:53:06 --> CSRF cookie sent.
INFO - 2023-04-05 08:53:06 --> Session: Class initialized using 'CodeIgniter\Session\Handlers\FileHandler' driver.
INFO - 2023-04-05 08:53:06 --> CSRF cookie sent.
INFO - 2023-04-05 08:53:06 --> Session: Class initialized using 'CodeIgniter\Session\Handlers\FileHandler' driver.
INFO - 2023-04-05 08:53:08 --> CSRF cookie sent.
INFO - 2023-04-05 08:53:08 --> Session: Class initialized using 'CodeIgniter\Session\Handlers\FileHandler' driver.
INFO - 2023-04-05 08:53:08 --> CSRF cookie sent.
INFO - 2023-04-05 08:53:08 --> Session: Class initialized using 'CodeIgniter\Session\Handlers\FileHandler' driver.
INFO - 2023-04-05 08:53:35 --> CSRF cookie sent.
INFO - 2023-04-05 08:53:35 --> Session: Class initialized using 'CodeIgniter\Session\Handlers\FileHandler' driver.
INFO - 2023-04-05 08:53:36 --> CSRF cookie sent.
INFO - 2023-04-05 08:53:36 --> Session: Class initialized using 'CodeIgniter\Session\Handlers\FileHandler' driver.
INFO - 2023-04-05 08:53:37 --> CSRF cookie sent.
INFO - 2023-04-05 08:53:37 --> Session: Class initialized using 'CodeIgniter\Session\Handlers\FileHandler' driver.
INFO - 2023-04-05 08:53:38 --> CSRF cookie sent.
INFO - 2023-04-05 08:53:38 --> Session: Class initialized using 'CodeIgniter\Session\Handlers\FileHandler' driver.
INFO - 2023-04-05 08:53:46 --> CSRF cookie sent.
INFO - 2023-04-05 08:53:46 --> Session: Class initialized using 'CodeIgniter\Session\Handlers\FileHandler' driver.
INFO - 2023-04-05 08:53:47 --> CSRF cookie sent.
INFO - 2023-04-05 08:53:47 --> Session: Class initialized using 'CodeIgniter\Session\Handlers\FileHandler' driver.
INFO - 2023-04-05 08:53:49 --> CSRF cookie sent.
INFO - 2023-04-05 08:53:49 --> Session: Class initialized using 'CodeIgniter\Session\Handlers\FileHandler' driver.
INFO - 2023-04-05 08:54:32 --> CSRF cookie sent.
INFO - 2023-04-05 08:54:32 --> CSRF token verified.
INFO - 2023-04-05 08:54:32 --> Session: Class initialized using 'CodeIgniter\Session\Handlers\FileHandler' driver.
INFO - 2023-04-05 08:54:33 --> CSRF cookie sent.
INFO - 2023-04-05 08:54:33 --> Session: Class initialized using 'CodeIgniter\Session\Handlers\FileHandler' driver.
INFO - 2023-04-05 08:54:35 --> CSRF cookie sent.
INFO - 2023-04-05 08:54:35 --> Session: Class initialized using 'CodeIgniter\Session\Handlers\FileHandler' driver.
INFO - 2023-04-05 08:54:36 --> CSRF cookie sent.
INFO - 2023-04-05 08:54:36 --> Session: Class initialized using 'CodeIgniter\Session\Handlers\FileHandler' driver.
INFO - 2023-04-05 08:54:37 --> CSRF cookie sent.
INFO - 2023-04-05 08:54:37 --> Session: Class initialized using 'CodeIgniter\Session\Handlers\FileHandler' driver.
INFO - 2023-04-05 08:54:38 --> CSRF cookie sent.
INFO - 2023-04-05 08:54:38 --> Session: Class initialized using 'CodeIgniter\Session\Handlers\FileHandler' driver.
INFO - 2023-04-05 08:55:06 --> CSRF cookie sent.
INFO - 2023-04-05 08:55:06 --> Session: Class initialized using 'CodeIgniter\Session\Handlers\FileHandler' driver.
INFO - 2023-04-05 08:55:07 --> CSRF cookie sent.
INFO - 2023-04-05 08:55:07 --> Session: Class initialized using 'CodeIgniter\Session\Handlers\FileHandler' driver.
INFO - 2023-04-05 08:55:08 --> CSRF cookie sent.
INFO - 2023-04-05 08:55:08 --> Session: Class initialized using 'CodeIgniter\Session\Handlers\FileHandler' driver.
INFO - 2023-04-05 08:55:11 --> CSRF cookie sent.
INFO - 2023-04-05 08:55:11 --> Session: Class initialized using 'CodeIgniter\Session\Handlers\FileHandler' driver.
INFO - 2023-04-05 08:55:19 --> CSRF cookie sent.
INFO - 2023-04-05 08:55:19 --> Session: Class initialized using 'CodeIgniter\Session\Handlers\FileHandler' driver.
INFO - 2023-04-05 08:55:20 --> CSRF cookie sent.
INFO - 2023-04-05 08:55:20 --> Session: Class initialized using 'CodeIgniter\Session\Handlers\FileHandler' driver.
INFO - 2023-04-05 08:55:22 --> CSRF cookie sent.
INFO - 2023-04-05 08:55:22 --> Session: Class initialized using 'CodeIgniter\Session\Handlers\FileHandler' driver.
INFO - 2023-04-05 08:55:59 --> CSRF cookie sent.
INFO - 2023-04-05 08:55:59 --> CSRF token verified.
INFO - 2023-04-05 08:55:59 --> Session: Class initialized using 'CodeIgniter\Session\Handlers\FileHandler' driver.
INFO - 2023-04-05 08:56:00 --> CSRF cookie sent.
INFO - 2023-04-05 08:56:00 --> Session: Class initialized using 'CodeIgniter\Session\Handlers\FileHandler' driver.
INFO - 2023-04-05 08:56:02 --> CSRF cookie sent.
INFO - 2023-04-05 08:56:02 --> Session: Class initialized using 'CodeIgniter\Session\Handlers\FileHandler' driver.
INFO - 2023-04-05 08:56:03 --> CSRF cookie sent.
INFO - 2023-04-05 08:56:03 --> Session: Class initialized using 'CodeIgniter\Session\Handlers\FileHandler' driver.
INFO - 2023-04-05 08:56:05 --> CSRF cookie sent.
INFO - 2023-04-05 08:56:05 --> Session: Class initialized using 'CodeIgniter\Session\Handlers\FileHandler' driver.
INFO - 2023-04-05 08:56:06 --> CSRF cookie sent.
INFO - 2023-04-05 08:56:06 --> Session: Class initialized using 'CodeIgniter\Session\Handlers\FileHandler' driver.
INFO - 2023-04-05 08:56:56 --> CSRF cookie sent.
INFO - 2023-04-05 08:56:56 --> Session: Class initialized using 'CodeIgniter\Session\Handlers\FileHandler' driver.
INFO - 2023-04-05 08:56:57 --> CSRF cookie sent.
INFO - 2023-04-05 08:56:57 --> Session: Class initialized using 'CodeIgniter\Session\Handlers\FileHandler' driver.
INFO - 2023-04-05 08:56:57 --> CSRF cookie sent.
INFO - 2023-04-05 08:56:57 --> Session: Class initialized using 'CodeIgniter\Session\Handlers\FileHandler' driver.
INFO - 2023-04-05 08:56:58 --> CSRF cookie sent.
INFO - 2023-04-05 08:56:58 --> Session: Class initialized using 'CodeIgniter\Session\Handlers\FileHandler' driver.
INFO - 2023-04-05 08:57:06 --> CSRF cookie sent.
INFO - 2023-04-05 08:57:06 --> Session: Class initialized using 'CodeIgniter\Session\Handlers\FileHandler' driver.
INFO - 2023-04-05 08:57:06 --> CSRF cookie sent.
INFO - 2023-04-05 08:57:06 --> Session: Class initialized using 'CodeIgniter\Session\Handlers\FileHandler' driver.
INFO - 2023-04-05 08:57:14 --> CSRF cookie sent.
INFO - 2023-04-05 08:57:14 --> Session: Class initialized using 'CodeIgniter\Session\Handlers\FileHandler' driver.
INFO - 2023-04-05 08:57:52 --> CSRF cookie sent.
INFO - 2023-04-05 08:57:52 --> CSRF token verified.
INFO - 2023-04-05 08:57:52 --> Session: Class initialized using 'CodeIgniter\Session\Handlers\FileHandler' driver.
INFO - 2023-04-05 08:57:52 --> CSRF cookie sent.
INFO - 2023-04-05 08:57:52 --> Session: Class initialized using 'CodeIgniter\Session\Handlers\FileHandler' driver.
INFO - 2023-04-05 08:57:54 --> CSRF cookie sent.
INFO - 2023-04-05 08:57:54 --> Session: Class initialized using 'CodeIgniter\Session\Handlers\FileHandler' driver.
INFO - 2023-04-05 08:57:54 --> CSRF cookie sent.
INFO - 2023-04-05 08:57:54 --> Session: Class initialized using 'CodeIgniter\Session\Handlers\FileHandler' driver.
INFO - 2023-04-05 08:57:56 --> CSRF cookie sent.
INFO - 2023-04-05 08:57:56 --> Session: Class initialized using 'CodeIgniter\Session\Handlers\FileHandler' driver.
INFO - 2023-04-05 08:57:57 --> CSRF cookie sent.
INFO - 2023-04-05 08:57:57 --> Session: Class initialized using 'CodeIgniter\Session\Handlers\FileHandler' driver.
INFO - 2023-04-05 08:58:40 --> CSRF cookie sent.
INFO - 2023-04-05 08:58:40 --> Session: Class initialized using 'CodeIgniter\Session\Handlers\FileHandler' driver.
INFO - 2023-04-05 08:58:41 --> CSRF cookie sent.
INFO - 2023-04-05 08:58:41 --> Session: Class initialized using 'CodeIgniter\Session\Handlers\FileHandler' driver.
INFO - 2023-04-05 08:58:41 --> CSRF cookie sent.
INFO - 2023-04-05 08:58:41 --> Session: Class initialized using 'CodeIgniter\Session\Handlers\FileHandler' driver.
INFO - 2023-04-05 09:35:56 --> CSRF cookie sent.
INFO - 2023-04-05 09:35:56 --> Session: Class initialized using 'CodeIgniter\Session\Handlers\FileHandler' driver.
INFO - 2023-04-05 09:35:58 --> CSRF cookie sent.
INFO - 2023-04-05 09:35:58 --> Session: Class initialized using 'CodeIgniter\Session\Handlers\FileHandler' driver.
INFO - 2023-04-05 09:36:06 --> CSRF cookie sent.
INFO - 2023-04-05 09:36:06 --> CSRF token verified.
INFO - 2023-04-05 09:36:06 --> Session: Class initialized using 'CodeIgniter\Session\Handlers\FileHandler' driver.
INFO - 2023-04-05 09:36:09 --> CSRF cookie sent.
INFO - 2023-04-05 09:36:09 --> Session: Class initialized using 'CodeIgniter\Session\Handlers\FileHandler' driver.
INFO - 2023-04-05 09:36:13 --> CSRF cookie sent.
INFO - 2023-04-05 09:36:13 --> Session: Class initialized using 'CodeIgniter\Session\Handlers\FileHandler' driver.
INFO - 2023-04-05 09:36:13 --> CSRF cookie sent.
INFO - 2023-04-05 09:36:13 --> Session: Class initialized using 'CodeIgniter\Session\Handlers\FileHandler' driver.
INFO - 2023-04-05 09:36:14 --> CSRF cookie sent.
INFO - 2023-04-05 09:36:14 --> Session: Class initialized using 'CodeIgniter\Session\Handlers\FileHandler' driver.
INFO - 2023-04-05 09:36:15 --> CSRF cookie sent.
INFO - 2023-04-05 09:36:15 --> Session: Class initialized using 'CodeIgniter\Session\Handlers\FileHandler' driver.
INFO - 2023-04-05 09:38:37 --> Session: Class initialized using 'CodeIgniter\Session\Handlers\FileHandler' driver.
INFO - 2023-04-05 09:38:37 --> CSRF cookie sent.
INFO - 2023-04-05 09:38:37 --> Session: Class initialized using 'CodeIgniter\Session\Handlers\FileHandler' driver.
INFO - 2023-04-05 09:38:37 --> CSRF cookie sent.
INFO - 2023-04-05 09:38:37 --> Session: Class initialized using 'CodeIgniter\Session\Handlers\FileHandler' driver.
INFO - 2023-04-05 09:38:47 --> CSRF cookie sent.
INFO - 2023-04-05 09:38:47 --> CSRF token verified.
INFO - 2023-04-05 09:38:47 --> Session: Class initialized using 'CodeIgniter\Session\Handlers\FileHandler' driver.
INFO - 2023-04-05 09:38:48 --> CSRF cookie sent.
INFO - 2023-04-05 09:38:48 --> Session: Class initialized using 'CodeIgniter\Session\Handlers\FileHandler' driver.
INFO - 2023-04-05 09:38:49 --> CSRF cookie sent.
INFO - 2023-04-05 09:38:49 --> Session: Class initialized using 'CodeIgniter\Session\Handlers\FileHandler' driver.
INFO - 2023-04-05 09:38:49 --> CSRF cookie sent.
INFO - 2023-04-05 09:38:49 --> Session: Class initialized using 'CodeIgniter\Session\Handlers\FileHandler' driver.
INFO - 2023-04-05 09:39:07 --> CSRF cookie sent.
INFO - 2023-04-05 09:39:07 --> Session: Class initialized using 'CodeIgniter\Session\Handlers\FileHandler' driver.
INFO - 2023-04-05 09:39:09 --> CSRF cookie sent.
INFO - 2023-04-05 09:39:09 --> Session: Class initialized using 'CodeIgniter\Session\Handlers\FileHandler' driver.
INFO - 2023-04-05 09:39:10 --> CSRF cookie sent.
INFO - 2023-04-05 09:39:10 --> Session: Class initialized using 'CodeIgniter\Session\Handlers\FileHandler' driver.
INFO - 2023-04-05 09:39:14 --> CSRF cookie sent.
INFO - 2023-04-05 09:39:14 --> Session: Class initialized using 'CodeIgniter\Session\Handlers\FileHandler' driver.
INFO - 2023-04-05 09:39:15 --> CSRF cookie sent.
INFO - 2023-04-05 09:39:15 --> Session: Class initialized using 'CodeIgniter\Session\Handlers\FileHandler' driver.
INFO - 2023-04-05 09:39:16 --> CSRF cookie sent.
INFO - 2023-04-05 09:39:16 --> Session: Class initialized using 'CodeIgniter\Session\Handlers\FileHandler' driver.
INFO - 2023-04-05 09:39:25 --> CSRF cookie sent.
INFO - 2023-04-05 09:39:25 --> Session: Class initialized using 'CodeIgniter\Session\Handlers\FileHandler' driver.
INFO - 2023-04-05 09:39:27 --> CSRF cookie sent.
INFO - 2023-04-05 09:39:27 --> Session: Class initialized using 'CodeIgniter\Session\Handlers\FileHandler' driver.
INFO - 2023-04-05 09:39:32 --> CSRF cookie sent.
INFO - 2023-04-05 09:39:32 --> Session: Class initialized using 'CodeIgniter\Session\Handlers\FileHandler' driver.
INFO - 2023-04-05 09:39:34 --> CSRF cookie sent.
INFO - 2023-04-05 09:39:34 --> Session: Class initialized using 'CodeIgniter\Session\Handlers\FileHandler' driver.
INFO - 2023-04-05 09:39:34 --> CSRF cookie sent.
INFO - 2023-04-05 09:39:34 --> Session: Class initialized using 'CodeIgniter\Session\Handlers\FileHandler' driver.
INFO - 2023-04-05 09:39:39 --> CSRF cookie sent.
INFO - 2023-04-05 09:39:39 --> Session: Class initialized using 'CodeIgniter\Session\Handlers\FileHandler' driver.
INFO - 2023-04-05 09:39:41 --> CSRF cookie sent.
INFO - 2023-04-05 09:39:41 --> Session: Class initialized using 'CodeIgniter\Session\Handlers\FileHandler' driver.
INFO - 2023-04-05 09:39:41 --> CSRF cookie sent.
INFO - 2023-04-05 09:39:41 --> Session: Class initialized using 'CodeIgniter\Session\Handlers\FileHandler' driver.
INFO - 2023-04-05 09:39:45 --> CSRF cookie sent.
INFO - 2023-04-05 09:39:45 --> Session: Class initialized using 'CodeIgniter\Session\Handlers\FileHandler' driver.
INFO - 2023-04-05 09:39:46 --> CSRF cookie sent.
INFO - 2023-04-05 09:39:46 --> Session: Class initialized using 'CodeIgniter\Session\Handlers\FileHandler' driver.
INFO - 2023-04-05 09:39:47 --> CSRF cookie sent.
INFO - 2023-04-05 09:39:47 --> Session: Class initialized using 'CodeIgniter\Session\Handlers\FileHandler' driver.
INFO - 2023-04-05 09:39:53 --> CSRF cookie sent.
INFO - 2023-04-05 09:39:53 --> Session: Class initialized using 'CodeIgniter\Session\Handlers\FileHandler' driver.
INFO - 2023-04-05 09:39:53 --> CSRF cookie sent.
INFO - 2023-04-05 09:39:54 --> Session: Class initialized using 'CodeIgniter\Session\Handlers\FileHandler' driver.
INFO - 2023-04-05 09:40:07 --> CSRF cookie sent.
INFO - 2023-04-05 09:40:07 --> CSRF token verified.
INFO - 2023-04-05 09:40:07 --> Session: Class initialized using 'CodeIgniter\Session\Handlers\FileHandler' driver.
INFO - 2023-04-05 09:40:08 --> CSRF cookie sent.
INFO - 2023-04-05 09:40:08 --> Session: Class initialized using 'CodeIgniter\Session\Handlers\FileHandler' driver.
INFO - 2023-04-05 09:40:10 --> CSRF cookie sent.
INFO - 2023-04-05 09:40:10 --> Session: Class initialized using 'CodeIgniter\Session\Handlers\FileHandler' driver.
INFO - 2023-04-05 09:40:51 --> CSRF cookie sent.
INFO - 2023-04-05 09:40:51 --> CSRF token verified.
INFO - 2023-04-05 09:40:51 --> Session: Class initialized using 'CodeIgniter\Session\Handlers\FileHandler' driver.
INFO - 2023-04-05 09:40:52 --> CSRF cookie sent.
INFO - 2023-04-05 09:40:52 --> Session: Class initialized using 'CodeIgniter\Session\Handlers\FileHandler' driver.
INFO - 2023-04-05 09:40:54 --> CSRF cookie sent.
INFO - 2023-04-05 09:40:54 --> Session: Class initialized using 'CodeIgniter\Session\Handlers\FileHandler' driver.
INFO - 2023-04-05 09:40:55 --> CSRF cookie sent.
INFO - 2023-04-05 09:40:55 --> Session: Class initialized using 'CodeIgniter\Session\Handlers\FileHandler' driver.
INFO - 2023-04-05 09:40:56 --> CSRF cookie sent.
INFO - 2023-04-05 09:40:56 --> Session: Class initialized using 'CodeIgniter\Session\Handlers\FileHandler' driver.
INFO - 2023-04-05 09:40:57 --> CSRF cookie sent.
INFO - 2023-04-05 09:40:57 --> Session: Class initialized using 'CodeIgniter\Session\Handlers\FileHandler' driver.
INFO - 2023-04-05 09:40:57 --> CSRF cookie sent.
INFO - 2023-04-05 09:40:57 --> Session: Class initialized using 'CodeIgniter\Session\Handlers\FileHandler' driver.
INFO - 2023-04-05 10:08:31 --> CSRF cookie sent.
INFO - 2023-04-05 10:08:31 --> CSRF token verified.
INFO - 2023-04-05 10:08:31 --> Session: Class initialized using 'CodeIgniter\Session\Handlers\FileHandler' driver.
INFO - 2023-04-05 10:08:32 --> CSRF cookie sent.
INFO - 2023-04-05 10:08:32 --> Session: Class initialized using 'CodeIgniter\Session\Handlers\FileHandler' driver.
INFO - 2023-04-05 10:08:34 --> CSRF cookie sent.
INFO - 2023-04-05 10:08:34 --> Session: Class initialized using 'CodeIgniter\Session\Handlers\FileHandler' driver.
INFO - 2023-04-05 10:08:40 --> CSRF cookie sent.
INFO - 2023-04-05 10:08:40 --> CSRF token verified.
INFO - 2023-04-05 10:08:40 --> Session: Class initialized using 'CodeIgniter\Session\Handlers\FileHandler' driver.
INFO - 2023-04-05 10:08:41 --> CSRF cookie sent.
INFO - 2023-04-05 10:08:41 --> Session: Class initialized using 'CodeIgniter\Session\Handlers\FileHandler' driver.
INFO - 2023-04-05 10:08:42 --> CSRF cookie sent.
INFO - 2023-04-05 10:08:42 --> Session: Class initialized using 'CodeIgniter\Session\Handlers\FileHandler' driver.
INFO - 2023-04-05 10:10:20 --> CSRF cookie sent.
INFO - 2023-04-05 10:10:20 --> CSRF token verified.
INFO - 2023-04-05 10:10:20 --> Session: Class initialized using 'CodeIgniter\Session\Handlers\FileHandler' driver.
INFO - 2023-04-05 10:10:21 --> CSRF cookie sent.
INFO - 2023-04-05 10:10:21 --> Session: Class initialized using 'CodeIgniter\Session\Handlers\FileHandler' driver.
INFO - 2023-04-05 10:10:22 --> CSRF cookie sent.
INFO - 2023-04-05 10:10:22 --> Session: Class initialized using 'CodeIgniter\Session\Handlers\FileHandler' driver.
INFO - 2023-04-05 10:10:28 --> CSRF cookie sent.
INFO - 2023-04-05 10:10:28 --> CSRF token verified.
INFO - 2023-04-05 10:10:28 --> Session: Class initialized using 'CodeIgniter\Session\Handlers\FileHandler' driver.
INFO - 2023-04-05 10:10:29 --> CSRF cookie sent.
INFO - 2023-04-05 10:10:29 --> Session: Class initialized using 'CodeIgniter\Session\Handlers\FileHandler' driver.
INFO - 2023-04-05 10:10:31 --> CSRF cookie sent.
INFO - 2023-04-05 10:10:31 --> Session: Class initialized using 'CodeIgniter\Session\Handlers\FileHandler' driver.
INFO - 2023-04-05 10:12:45 --> CSRF cookie sent.
INFO - 2023-04-05 10:12:45 --> CSRF token verified.
INFO - 2023-04-05 10:12:45 --> Session: Class initialized using 'CodeIgniter\Session\Handlers\FileHandler' driver.
INFO - 2023-04-05 10:12:45 --> CSRF cookie sent.
INFO - 2023-04-05 10:12:45 --> Session: Class initialized using 'CodeIgniter\Session\Handlers\FileHandler' driver.
INFO - 2023-04-05 10:12:47 --> CSRF cookie sent.
INFO - 2023-04-05 10:12:47 --> Session: Class initialized using 'CodeIgniter\Session\Handlers\FileHandler' driver.
INFO - 2023-04-05 10:12:52 --> CSRF cookie sent.
INFO - 2023-04-05 10:12:52 --> CSRF token verified.
INFO - 2023-04-05 10:12:52 --> Session: Class initialized using 'CodeIgniter\Session\Handlers\FileHandler' driver.
INFO - 2023-04-05 10:12:53 --> CSRF cookie sent.
INFO - 2023-04-05 10:12:53 --> Session: Class initialized using 'CodeIgniter\Session\Handlers\FileHandler' driver.
INFO - 2023-04-05 10:12:54 --> CSRF cookie sent.
INFO - 2023-04-05 10:12:54 --> Session: Class initialized using 'CodeIgniter\Session\Handlers\FileHandler' driver.
INFO - 2023-04-05 10:17:16 --> CSRF cookie sent.
INFO - 2023-04-05 10:17:16 --> CSRF token verified.
INFO - 2023-04-05 10:17:16 --> Session: Class initialized using 'CodeIgniter\Session\Handlers\FileHandler' driver.
INFO - 2023-04-05 10:17:16 --> CSRF cookie sent.
INFO - 2023-04-05 10:17:16 --> Session: Class initialized using 'CodeIgniter\Session\Handlers\FileHandler' driver.
INFO - 2023-04-05 10:17:18 --> CSRF cookie sent.
INFO - 2023-04-05 10:17:18 --> Session: Class initialized using 'CodeIgniter\Session\Handlers\FileHandler' driver.
INFO - 2023-04-05 10:17:23 --> CSRF cookie sent.
INFO - 2023-04-05 10:17:23 --> CSRF token verified.
INFO - 2023-04-05 10:17:23 --> Session: Class initialized using 'CodeIgniter\Session\Handlers\FileHandler' driver.
INFO - 2023-04-05 10:17:24 --> CSRF cookie sent.
INFO - 2023-04-05 10:17:24 --> Session: Class initialized using 'CodeIgniter\Session\Handlers\FileHandler' driver.
INFO - 2023-04-05 10:17:26 --> CSRF cookie sent.
INFO - 2023-04-05 10:17:26 --> Session: Class initialized using 'CodeIgniter\Session\Handlers\FileHandler' driver.
INFO - 2023-04-05 10:56:59 --> CSRF cookie sent.
INFO - 2023-04-05 10:56:59 --> CSRF token verified.
INFO - 2023-04-05 10:56:59 --> Session: Class initialized using 'CodeIgniter\Session\Handlers\FileHandler' driver.
INFO - 2023-04-05 10:57:00 --> CSRF cookie sent.
INFO - 2023-04-05 10:57:00 --> Session: Class initialized using 'CodeIgniter\Session\Handlers\FileHandler' driver.
INFO - 2023-04-05 10:57:02 --> CSRF cookie sent.
INFO - 2023-04-05 10:57:02 --> Session: Class initialized using 'CodeIgniter\Session\Handlers\FileHandler' driver.
INFO - 2023-04-05 10:57:05 --> CSRF cookie sent.
INFO - 2023-04-05 10:57:05 --> CSRF token verified.
INFO - 2023-04-05 10:57:05 --> Session: Class initialized using 'CodeIgniter\Session\Handlers\FileHandler' driver.
INFO - 2023-04-05 10:57:06 --> CSRF cookie sent.
INFO - 2023-04-05 10:57:06 --> Session: Class initialized using 'CodeIgniter\Session\Handlers\FileHandler' driver.
INFO - 2023-04-05 10:57:08 --> CSRF cookie sent.
INFO - 2023-04-05 10:57:08 --> Session: Class initialized using 'CodeIgniter\Session\Handlers\FileHandler' driver.
INFO - 2023-04-05 10:57:11 --> CSRF cookie sent.
INFO - 2023-04-05 10:57:11 --> CSRF token verified.
INFO - 2023-04-05 10:57:11 --> Session: Class initialized using 'CodeIgniter\Session\Handlers\FileHandler' driver.
INFO - 2023-04-05 10:57:12 --> CSRF cookie sent.
INFO - 2023-04-05 10:57:12 --> Session: Class initialized using 'CodeIgniter\Session\Handlers\FileHandler' driver.
INFO - 2023-04-05 10:57:13 --> CSRF cookie sent.
INFO - 2023-04-05 10:57:13 --> Session: Class initialized using 'CodeIgniter\Session\Handlers\FileHandler' driver.
INFO - 2023-04-05 10:57:19 --> CSRF cookie sent.
INFO - 2023-04-05 10:57:19 --> CSRF token verified.
INFO - 2023-04-05 10:57:19 --> Session: Class initialized using 'CodeIgniter\Session\Handlers\FileHandler' driver.
INFO - 2023-04-05 10:57:20 --> CSRF cookie sent.
INFO - 2023-04-05 10:57:20 --> Session: Class initialized using 'CodeIgniter\Session\Handlers\FileHandler' driver.
INFO - 2023-04-05 10:57:21 --> CSRF cookie sent.
INFO - 2023-04-05 10:57:21 --> Session: Class initialized using 'CodeIgniter\Session\Handlers\FileHandler' driver.
INFO - 2023-04-05 11:42:16 --> CSRF cookie sent.
INFO - 2023-04-05 11:42:16 --> CSRF token verified.
INFO - 2023-04-05 11:42:16 --> Session: Class initialized using 'CodeIgniter\Session\Handlers\FileHandler' driver.
INFO - 2023-04-05 11:42:18 --> CSRF cookie sent.
INFO - 2023-04-05 11:42:18 --> Session: Class initialized using 'CodeIgniter\Session\Handlers\FileHandler' driver.
INFO - 2023-04-05 11:42:26 --> CSRF cookie sent.
INFO - 2023-04-05 11:42:26 --> CSRF token verified.
INFO - 2023-04-05 11:42:26 --> Session: Class initialized using 'CodeIgniter\Session\Handlers\FileHandler' driver.
CRITICAL - 2023-04-05 11:42:27 --> Argument 1 passed to CodeIgniter\HTTP\RedirectResponse::to() must be of the type string, null given, called in /home/apdwms/public_html/cella/Controllers/Pallets.php on line 592
#0 /home/apdwms/public_html/cella/Controllers/Pallets.php(592): CodeIgniter\HTTP\RedirectResponse->to()
#1 /home/apdwms/public_html/cella/Controllers/BaseController.php(532): CELLA\Controllers\Pallets->save()
#2 /home/apdwms/public_html/system/CodeIgniter.php(932): CELLA\Controllers\BaseController->_remap()
#3 /home/apdwms/public_html/system/CodeIgniter.php(432): CodeIgniter\CodeIgniter->runController()
#4 /home/apdwms/public_html/system/CodeIgniter.php(333): CodeIgniter\CodeIgniter->handleRequest()
#5 /home/apdwms/public_html/index.php(48): CodeIgniter\CodeIgniter->run()
#6 {main}
INFO - 2023-04-05 11:42:29 --> CSRF cookie sent.
INFO - 2023-04-05 11:42:29 --> Session: Class initialized using 'CodeIgniter\Session\Handlers\FileHandler' driver.
INFO - 2023-04-05 11:42:34 --> CSRF cookie sent.
INFO - 2023-04-05 11:42:34 --> Session: Class initialized using 'CodeIgniter\Session\Handlers\FileHandler' driver.
INFO - 2023-04-05 11:42:36 --> CSRF cookie sent.
INFO - 2023-04-05 11:42:36 --> Session: Class initialized using 'CodeIgniter\Session\Handlers\FileHandler' driver.
INFO - 2023-04-05 11:42:37 --> CSRF cookie sent.
INFO - 2023-04-05 11:42:37 --> Session: Class initialized using 'CodeIgniter\Session\Handlers\FileHandler' driver.
INFO - 2023-04-05 11:42:39 --> CSRF cookie sent.
INFO - 2023-04-05 11:42:39 --> Session: Class initialized using 'CodeIgniter\Session\Handlers\FileHandler' driver.
INFO - 2023-04-05 11:42:44 --> CSRF cookie sent.
INFO - 2023-04-05 11:42:44 --> CSRF token verified.
INFO - 2023-04-05 11:42:44 --> Session: Class initialized using 'CodeIgniter\Session\Handlers\FileHandler' driver.
INFO - 2023-04-05 11:42:45 --> CSRF cookie sent.
INFO - 2023-04-05 11:42:45 --> Session: Class initialized using 'CodeIgniter\Session\Handlers\FileHandler' driver.
INFO - 2023-04-05 11:42:46 --> CSRF cookie sent.
INFO - 2023-04-05 11:42:46 --> Session: Class initialized using 'CodeIgniter\Session\Handlers\FileHandler' driver.
INFO - 2023-04-05 11:42:52 --> CSRF cookie sent.
INFO - 2023-04-05 11:42:52 --> CSRF token verified.
INFO - 2023-04-05 11:42:52 --> Session: Class initialized using 'CodeIgniter\Session\Handlers\FileHandler' driver.
INFO - 2023-04-05 11:42:53 --> CSRF cookie sent.
INFO - 2023-04-05 11:42:53 --> Session: Class initialized using 'CodeIgniter\Session\Handlers\FileHandler' driver.
INFO - 2023-04-05 11:42:55 --> CSRF cookie sent.
INFO - 2023-04-05 11:42:55 --> Session: Class initialized using 'CodeIgniter\Session\Handlers\FileHandler' driver.
INFO - 2023-04-05 11:44:22 --> CSRF cookie sent.
INFO - 2023-04-05 11:44:22 --> CSRF token verified.
INFO - 2023-04-05 11:44:22 --> Session: Class initialized using 'CodeIgniter\Session\Handlers\FileHandler' driver.
INFO - 2023-04-05 11:44:23 --> CSRF cookie sent.
INFO - 2023-04-05 11:44:23 --> Session: Class initialized using 'CodeIgniter\Session\Handlers\FileHandler' driver.
INFO - 2023-04-05 11:44:25 --> CSRF cookie sent.
INFO - 2023-04-05 11:44:25 --> Session: Class initialized using 'CodeIgniter\Session\Handlers\FileHandler' driver.
INFO - 2023-04-05 11:44:32 --> CSRF cookie sent.
INFO - 2023-04-05 11:44:32 --> CSRF token verified.
INFO - 2023-04-05 11:44:32 --> Session: Class initialized using 'CodeIgniter\Session\Handlers\FileHandler' driver.
INFO - 2023-04-05 11:44:33 --> CSRF cookie sent.
INFO - 2023-04-05 11:44:33 --> Session: Class initialized using 'CodeIgniter\Session\Handlers\FileHandler' driver.
INFO - 2023-04-05 11:44:34 --> CSRF cookie sent.
INFO - 2023-04-05 11:44:34 --> Session: Class initialized using 'CodeIgniter\Session\Handlers\FileHandler' driver.
INFO - 2023-04-05 11:45:46 --> CSRF cookie sent.
INFO - 2023-04-05 11:45:46 --> CSRF token verified.
INFO - 2023-04-05 11:45:46 --> Session: Class initialized using 'CodeIgniter\Session\Handlers\FileHandler' driver.
INFO - 2023-04-05 11:45:47 --> CSRF cookie sent.
INFO - 2023-04-05 11:45:47 --> Session: Class initialized using 'CodeIgniter\Session\Handlers\FileHandler' driver.
INFO - 2023-04-05 11:45:48 --> CSRF cookie sent.
INFO - 2023-04-05 11:45:48 --> Session: Class initialized using 'CodeIgniter\Session\Handlers\FileHandler' driver.
INFO - 2023-04-05 11:47:54 --> CSRF cookie sent.
INFO - 2023-04-05 11:47:54 --> CSRF token verified.
INFO - 2023-04-05 11:47:54 --> Session: Class initialized using 'CodeIgniter\Session\Handlers\FileHandler' driver.
INFO - 2023-04-05 11:47:55 --> CSRF cookie sent.
INFO - 2023-04-05 11:47:55 --> Session: Class initialized using 'CodeIgniter\Session\Handlers\FileHandler' driver.
INFO - 2023-04-05 11:47:57 --> CSRF cookie sent.
INFO - 2023-04-05 11:47:57 --> Session: Class initialized using 'CodeIgniter\Session\Handlers\FileHandler' driver.
INFO - 2023-04-05 11:49:35 --> CSRF cookie sent.
INFO - 2023-04-05 11:49:35 --> CSRF token verified.
INFO - 2023-04-05 11:49:35 --> Session: Class initialized using 'CodeIgniter\Session\Handlers\FileHandler' driver.
INFO - 2023-04-05 11:49:36 --> CSRF cookie sent.
INFO - 2023-04-05 11:49:36 --> Session: Class initialized using 'CodeIgniter\Session\Handlers\FileHandler' driver.
INFO - 2023-04-05 11:49:38 --> CSRF cookie sent.
INFO - 2023-04-05 11:49:38 --> Session: Class initialized using 'CodeIgniter\Session\Handlers\FileHandler' driver.
INFO - 2023-04-05 11:50:48 --> CSRF cookie sent.
INFO - 2023-04-05 11:50:48 --> CSRF token verified.
INFO - 2023-04-05 11:50:48 --> Session: Class initialized using 'CodeIgniter\Session\Handlers\FileHandler' driver.
INFO - 2023-04-05 11:50:49 --> CSRF cookie sent.
INFO - 2023-04-05 11:50:49 --> Session: Class initialized using 'CodeIgniter\Session\Handlers\FileHandler' driver.
INFO - 2023-04-05 11:50:50 --> CSRF cookie sent.
INFO - 2023-04-05 11:50:50 --> Session: Class initialized using 'CodeIgniter\Session\Handlers\FileHandler' driver.
INFO - 2023-04-05 11:52:22 --> CSRF cookie sent.
INFO - 2023-04-05 11:52:22 --> CSRF token verified.
INFO - 2023-04-05 11:52:22 --> Session: Class initialized using 'CodeIgniter\Session\Handlers\FileHandler' driver.
INFO - 2023-04-05 11:52:23 --> CSRF cookie sent.
INFO - 2023-04-05 11:52:23 --> Session: Class initialized using 'CodeIgniter\Session\Handlers\FileHandler' driver.
INFO - 2023-04-05 11:52:24 --> CSRF cookie sent.
INFO - 2023-04-05 11:52:24 --> Session: Class initialized using 'CodeIgniter\Session\Handlers\FileHandler' driver.
INFO - 2023-04-05 11:53:42 --> CSRF cookie sent.
INFO - 2023-04-05 11:53:42 --> CSRF token verified.
INFO - 2023-04-05 11:53:42 --> Session: Class initialized using 'CodeIgniter\Session\Handlers\FileHandler' driver.
INFO - 2023-04-05 11:53:43 --> CSRF cookie sent.
INFO - 2023-04-05 11:53:43 --> Session: Class initialized using 'CodeIgniter\Session\Handlers\FileHandler' driver.
INFO - 2023-04-05 11:53:44 --> CSRF cookie sent.
INFO - 2023-04-05 11:53:44 --> Session: Class initialized using 'CodeIgniter\Session\Handlers\FileHandler' driver.
INFO - 2023-04-05 11:55:09 --> CSRF cookie sent.
INFO - 2023-04-05 11:55:09 --> CSRF token verified.
INFO - 2023-04-05 11:55:09 --> Session: Class initialized using 'CodeIgniter\Session\Handlers\FileHandler' driver.
INFO - 2023-04-05 11:55:09 --> CSRF cookie sent.
INFO - 2023-04-05 11:55:09 --> Session: Class initialized using 'CodeIgniter\Session\Handlers\FileHandler' driver.
INFO - 2023-04-05 11:55:11 --> CSRF cookie sent.
INFO - 2023-04-05 11:55:11 --> Session: Class initialized using 'CodeIgniter\Session\Handlers\FileHandler' driver.
INFO - 2023-04-05 11:56:16 --> CSRF cookie sent.
INFO - 2023-04-05 11:56:16 --> CSRF token verified.
INFO - 2023-04-05 11:56:16 --> Session: Class initialized using 'CodeIgniter\Session\Handlers\FileHandler' driver.
INFO - 2023-04-05 11:56:17 --> CSRF cookie sent.
INFO - 2023-04-05 11:56:17 --> Session: Class initialized using 'CodeIgniter\Session\Handlers\FileHandler' driver.
INFO - 2023-04-05 11:56:18 --> CSRF cookie sent.
INFO - 2023-04-05 11:56:18 --> Session: Class initialized using 'CodeIgniter\Session\Handlers\FileHandler' driver.
