INFO - 2023-04-20 07:56:32 --> CSRF cookie sent.
INFO - 2023-04-20 07:56:32 --> Session: Class initialized using 'CodeIgniter\Session\Handlers\FileHandler' driver.
INFO - 2023-04-20 07:56:33 --> CSRF cookie sent.
INFO - 2023-04-20 07:56:33 --> Session: Class initialized using 'CodeIgniter\Session\Handlers\FileHandler' driver.
INFO - 2023-04-20 07:56:40 --> CSRF cookie sent.
INFO - 2023-04-20 07:56:40 --> CSRF token verified.
INFO - 2023-04-20 07:56:40 --> Session: Class initialized using 'CodeIgniter\Session\Handlers\FileHandler' driver.
INFO - 2023-04-20 07:56:41 --> CSRF cookie sent.
INFO - 2023-04-20 07:56:41 --> Session: Class initialized using 'CodeIgniter\Session\Handlers\FileHandler' driver.
INFO - 2023-04-20 07:56:42 --> CSRF cookie sent.
INFO - 2023-04-20 07:56:42 --> Session: Class initialized using 'CodeIgniter\Session\Handlers\FileHandler' driver.
INFO - 2023-04-20 07:56:42 --> CSRF cookie sent.
INFO - 2023-04-20 07:56:42 --> Session: Class initialized using 'CodeIgniter\Session\Handlers\FileHandler' driver.
INFO - 2023-04-20 07:56:43 --> CSRF cookie sent.
INFO - 2023-04-20 07:56:43 --> Session: Class initialized using 'CodeIgniter\Session\Handlers\FileHandler' driver.
INFO - 2023-04-20 07:56:44 --> CSRF cookie sent.
INFO - 2023-04-20 07:56:44 --> Session: Class initialized using 'CodeIgniter\Session\Handlers\FileHandler' driver.
INFO - 2023-04-20 07:56:44 --> CSRF cookie sent.
INFO - 2023-04-20 07:56:44 --> Session: Class initialized using 'CodeIgniter\Session\Handlers\FileHandler' driver.
INFO - 2023-04-20 07:56:45 --> CSRF cookie sent.
INFO - 2023-04-20 07:56:45 --> Session: Class initialized using 'CodeIgniter\Session\Handlers\FileHandler' driver.
INFO - 2023-04-20 07:56:46 --> CSRF cookie sent.
INFO - 2023-04-20 07:56:46 --> Session: Class initialized using 'CodeIgniter\Session\Handlers\FileHandler' driver.
INFO - 2023-04-20 08:06:46 --> CSRF cookie sent.
INFO - 2023-04-20 08:06:46 --> Session: Class initialized using 'CodeIgniter\Session\Handlers\FileHandler' driver.
INFO - 2023-04-20 08:06:49 --> CSRF cookie sent.
INFO - 2023-04-20 08:06:49 --> Session: Class initialized using 'CodeIgniter\Session\Handlers\FileHandler' driver.
INFO - 2023-04-20 08:07:16 --> CSRF cookie sent.
INFO - 2023-04-20 08:07:16 --> CSRF token verified.
INFO - 2023-04-20 08:07:16 --> Session: Class initialized using 'CodeIgniter\Session\Handlers\FileHandler' driver.
INFO - 2023-04-20 08:07:19 --> CSRF cookie sent.
INFO - 2023-04-20 08:07:19 --> Session: Class initialized using 'CodeIgniter\Session\Handlers\FileHandler' driver.
INFO - 2023-04-20 08:08:55 --> CSRF cookie sent.
INFO - 2023-04-20 08:08:55 --> Session: Class initialized using 'CodeIgniter\Session\Handlers\FileHandler' driver.
INFO - 2023-04-20 08:08:57 --> CSRF cookie sent.
INFO - 2023-04-20 08:08:57 --> Session: Class initialized using 'CodeIgniter\Session\Handlers\FileHandler' driver.
INFO - 2023-04-20 08:08:58 --> CSRF cookie sent.
INFO - 2023-04-20 08:08:58 --> Session: Class initialized using 'CodeIgniter\Session\Handlers\FileHandler' driver.
INFO - 2023-04-20 08:09:00 --> CSRF cookie sent.
INFO - 2023-04-20 08:09:00 --> Session: Class initialized using 'CodeIgniter\Session\Handlers\FileHandler' driver.
INFO - 2023-04-20 08:09:02 --> CSRF cookie sent.
INFO - 2023-04-20 08:09:02 --> Session: Class initialized using 'CodeIgniter\Session\Handlers\FileHandler' driver.
INFO - 2023-04-20 08:09:03 --> CSRF cookie sent.
INFO - 2023-04-20 08:09:03 --> Session: Class initialized using 'CodeIgniter\Session\Handlers\FileHandler' driver.
INFO - 2023-04-20 08:09:18 --> CSRF cookie sent.
INFO - 2023-04-20 08:09:18 --> CSRF token verified.
INFO - 2023-04-20 08:09:18 --> Session: Class initialized using 'CodeIgniter\Session\Handlers\FileHandler' driver.
INFO - 2023-04-20 08:09:19 --> CSRF cookie sent.
INFO - 2023-04-20 08:09:19 --> Session: Class initialized using 'CodeIgniter\Session\Handlers\FileHandler' driver.
INFO - 2023-04-20 08:09:21 --> CSRF cookie sent.
INFO - 2023-04-20 08:09:21 --> Session: Class initialized using 'CodeIgniter\Session\Handlers\FileHandler' driver.
INFO - 2023-04-20 08:09:27 --> CSRF cookie sent.
INFO - 2023-04-20 08:09:27 --> CSRF token verified.
INFO - 2023-04-20 08:09:27 --> Session: Class initialized using 'CodeIgniter\Session\Handlers\FileHandler' driver.
INFO - 2023-04-20 08:09:28 --> CSRF cookie sent.
INFO - 2023-04-20 08:09:28 --> Session: Class initialized using 'CodeIgniter\Session\Handlers\FileHandler' driver.
INFO - 2023-04-20 08:09:29 --> CSRF cookie sent.
INFO - 2023-04-20 08:09:29 --> Session: Class initialized using 'CodeIgniter\Session\Handlers\FileHandler' driver.
INFO - 2023-04-20 08:17:46 --> CSRF cookie sent.
INFO - 2023-04-20 08:17:46 --> CSRF token verified.
INFO - 2023-04-20 08:17:46 --> Session: Class initialized using 'CodeIgniter\Session\Handlers\FileHandler' driver.
INFO - 2023-04-20 08:17:46 --> CSRF cookie sent.
INFO - 2023-04-20 08:17:46 --> Session: Class initialized using 'CodeIgniter\Session\Handlers\FileHandler' driver.
INFO - 2023-04-20 08:17:48 --> CSRF cookie sent.
INFO - 2023-04-20 08:17:48 --> Session: Class initialized using 'CodeIgniter\Session\Handlers\FileHandler' driver.
INFO - 2023-04-20 08:17:51 --> CSRF cookie sent.
INFO - 2023-04-20 08:17:51 --> CSRF token verified.
INFO - 2023-04-20 08:17:51 --> Session: Class initialized using 'CodeIgniter\Session\Handlers\FileHandler' driver.
INFO - 2023-04-20 08:17:52 --> CSRF cookie sent.
INFO - 2023-04-20 08:17:52 --> Session: Class initialized using 'CodeIgniter\Session\Handlers\FileHandler' driver.
INFO - 2023-04-20 08:17:53 --> CSRF cookie sent.
INFO - 2023-04-20 08:17:53 --> Session: Class initialized using 'CodeIgniter\Session\Handlers\FileHandler' driver.
INFO - 2023-04-20 08:17:57 --> CSRF cookie sent.
INFO - 2023-04-20 08:17:57 --> CSRF token verified.
INFO - 2023-04-20 08:17:57 --> Session: Class initialized using 'CodeIgniter\Session\Handlers\FileHandler' driver.
INFO - 2023-04-20 08:17:57 --> CSRF cookie sent.
INFO - 2023-04-20 08:17:57 --> Session: Class initialized using 'CodeIgniter\Session\Handlers\FileHandler' driver.
INFO - 2023-04-20 08:17:59 --> CSRF cookie sent.
INFO - 2023-04-20 08:17:59 --> Session: Class initialized using 'CodeIgniter\Session\Handlers\FileHandler' driver.
INFO - 2023-04-20 08:23:37 --> CSRF cookie sent.
INFO - 2023-04-20 08:23:37 --> Session: Class initialized using 'CodeIgniter\Session\Handlers\FileHandler' driver.
INFO - 2023-04-20 08:23:38 --> CSRF cookie sent.
INFO - 2023-04-20 08:23:38 --> Session: Class initialized using 'CodeIgniter\Session\Handlers\FileHandler' driver.
INFO - 2023-04-20 08:23:39 --> CSRF cookie sent.
INFO - 2023-04-20 08:23:39 --> Session: Class initialized using 'CodeIgniter\Session\Handlers\FileHandler' driver.
INFO - 2023-04-20 08:23:39 --> CSRF cookie sent.
INFO - 2023-04-20 08:23:39 --> Session: Class initialized using 'CodeIgniter\Session\Handlers\FileHandler' driver.
INFO - 2023-04-20 08:23:39 --> CSRF cookie sent.
INFO - 2023-04-20 08:23:39 --> Session: Class initialized using 'CodeIgniter\Session\Handlers\FileHandler' driver.
INFO - 2023-04-20 08:23:40 --> CSRF cookie sent.
INFO - 2023-04-20 08:23:40 --> Session: Class initialized using 'CodeIgniter\Session\Handlers\FileHandler' driver.
INFO - 2023-04-20 08:23:41 --> CSRF cookie sent.
INFO - 2023-04-20 08:23:41 --> Session: Class initialized using 'CodeIgniter\Session\Handlers\FileHandler' driver.
INFO - 2023-04-20 08:23:47 --> CSRF cookie sent.
INFO - 2023-04-20 08:23:47 --> Session: Class initialized using 'CodeIgniter\Session\Handlers\FileHandler' driver.
INFO - 2023-04-20 08:23:48 --> CSRF cookie sent.
INFO - 2023-04-20 08:23:48 --> Session: Class initialized using 'CodeIgniter\Session\Handlers\FileHandler' driver.
INFO - 2023-04-20 08:23:49 --> CSRF cookie sent.
INFO - 2023-04-20 08:23:49 --> Session: Class initialized using 'CodeIgniter\Session\Handlers\FileHandler' driver.
INFO - 2023-04-20 08:23:56 --> CSRF cookie sent.
INFO - 2023-04-20 08:23:56 --> Session: Class initialized using 'CodeIgniter\Session\Handlers\FileHandler' driver.
INFO - 2023-04-20 08:23:57 --> CSRF cookie sent.
INFO - 2023-04-20 08:23:57 --> Session: Class initialized using 'CodeIgniter\Session\Handlers\FileHandler' driver.
INFO - 2023-04-20 08:23:57 --> CSRF cookie sent.
INFO - 2023-04-20 08:23:57 --> Session: Class initialized using 'CodeIgniter\Session\Handlers\FileHandler' driver.
INFO - 2023-04-20 08:24:02 --> CSRF cookie sent.
INFO - 2023-04-20 08:24:02 --> Session: Class initialized using 'CodeIgniter\Session\Handlers\FileHandler' driver.
INFO - 2023-04-20 08:24:03 --> CSRF cookie sent.
INFO - 2023-04-20 08:24:03 --> Session: Class initialized using 'CodeIgniter\Session\Handlers\FileHandler' driver.
INFO - 2023-04-20 08:25:33 --> CSRF cookie sent.
INFO - 2023-04-20 08:25:33 --> CSRF token verified.
INFO - 2023-04-20 08:25:33 --> Session: Class initialized using 'CodeIgniter\Session\Handlers\FileHandler' driver.
INFO - 2023-04-20 08:25:34 --> CSRF cookie sent.
INFO - 2023-04-20 08:25:34 --> Session: Class initialized using 'CodeIgniter\Session\Handlers\FileHandler' driver.
INFO - 2023-04-20 08:25:35 --> CSRF cookie sent.
INFO - 2023-04-20 08:25:35 --> Session: Class initialized using 'CodeIgniter\Session\Handlers\FileHandler' driver.
INFO - 2023-04-20 08:25:37 --> CSRF cookie sent.
INFO - 2023-04-20 08:25:37 --> Session: Class initialized using 'CodeIgniter\Session\Handlers\FileHandler' driver.
INFO - 2023-04-20 08:25:37 --> CSRF cookie sent.
INFO - 2023-04-20 08:25:37 --> Session: Class initialized using 'CodeIgniter\Session\Handlers\FileHandler' driver.
INFO - 2023-04-20 08:25:38 --> CSRF cookie sent.
INFO - 2023-04-20 08:25:38 --> Session: Class initialized using 'CodeIgniter\Session\Handlers\FileHandler' driver.
INFO - 2023-04-20 08:25:39 --> CSRF cookie sent.
INFO - 2023-04-20 08:25:39 --> Session: Class initialized using 'CodeIgniter\Session\Handlers\FileHandler' driver.
INFO - 2023-04-20 08:25:41 --> CSRF cookie sent.
INFO - 2023-04-20 08:25:41 --> Session: Class initialized using 'CodeIgniter\Session\Handlers\FileHandler' driver.
INFO - 2023-04-20 08:25:43 --> CSRF cookie sent.
INFO - 2023-04-20 08:25:43 --> CSRF token verified.
INFO - 2023-04-20 08:25:43 --> Session: Class initialized using 'CodeIgniter\Session\Handlers\FileHandler' driver.
INFO - 2023-04-20 08:25:44 --> CSRF cookie sent.
INFO - 2023-04-20 08:25:44 --> Session: Class initialized using 'CodeIgniter\Session\Handlers\FileHandler' driver.
INFO - 2023-04-20 08:25:46 --> CSRF cookie sent.
INFO - 2023-04-20 08:25:46 --> Session: Class initialized using 'CodeIgniter\Session\Handlers\FileHandler' driver.
INFO - 2023-04-20 08:25:51 --> CSRF cookie sent.
INFO - 2023-04-20 08:25:51 --> CSRF token verified.
INFO - 2023-04-20 08:25:51 --> Session: Class initialized using 'CodeIgniter\Session\Handlers\FileHandler' driver.
INFO - 2023-04-20 08:25:51 --> CSRF cookie sent.
INFO - 2023-04-20 08:25:51 --> Session: Class initialized using 'CodeIgniter\Session\Handlers\FileHandler' driver.
INFO - 2023-04-20 08:25:53 --> CSRF cookie sent.
INFO - 2023-04-20 08:25:53 --> Session: Class initialized using 'CodeIgniter\Session\Handlers\FileHandler' driver.
INFO - 2023-04-20 08:28:30 --> CSRF cookie sent.
INFO - 2023-04-20 08:28:30 --> Session: Class initialized using 'CodeIgniter\Session\Handlers\FileHandler' driver.
INFO - 2023-04-20 08:28:31 --> CSRF cookie sent.
INFO - 2023-04-20 08:28:31 --> Session: Class initialized using 'CodeIgniter\Session\Handlers\FileHandler' driver.
INFO - 2023-04-20 08:28:39 --> CSRF cookie sent.
INFO - 2023-04-20 08:28:39 --> Session: Class initialized using 'CodeIgniter\Session\Handlers\FileHandler' driver.
INFO - 2023-04-20 08:28:39 --> CSRF cookie sent.
INFO - 2023-04-20 08:28:39 --> Session: Class initialized using 'CodeIgniter\Session\Handlers\FileHandler' driver.
INFO - 2023-04-20 08:29:54 --> CSRF cookie sent.
INFO - 2023-04-20 08:29:54 --> Session: Class initialized using 'CodeIgniter\Session\Handlers\FileHandler' driver.
INFO - 2023-04-20 08:29:55 --> CSRF cookie sent.
INFO - 2023-04-20 08:29:55 --> Session: Class initialized using 'CodeIgniter\Session\Handlers\FileHandler' driver.
INFO - 2023-04-20 08:30:22 --> CSRF cookie sent.
INFO - 2023-04-20 08:30:22 --> CSRF token verified.
INFO - 2023-04-20 08:30:22 --> Session: Class initialized using 'CodeIgniter\Session\Handlers\FileHandler' driver.
INFO - 2023-04-20 08:30:22 --> CSRF cookie sent.
INFO - 2023-04-20 08:30:22 --> Session: Class initialized using 'CodeIgniter\Session\Handlers\FileHandler' driver.
INFO - 2023-04-20 08:30:24 --> CSRF cookie sent.
INFO - 2023-04-20 08:30:24 --> Session: Class initialized using 'CodeIgniter\Session\Handlers\FileHandler' driver.
INFO - 2023-04-20 08:30:28 --> CSRF cookie sent.
INFO - 2023-04-20 08:30:28 --> CSRF token verified.
INFO - 2023-04-20 08:30:28 --> Session: Class initialized using 'CodeIgniter\Session\Handlers\FileHandler' driver.
INFO - 2023-04-20 08:30:28 --> CSRF cookie sent.
INFO - 2023-04-20 08:30:28 --> Session: Class initialized using 'CodeIgniter\Session\Handlers\FileHandler' driver.
INFO - 2023-04-20 08:30:30 --> CSRF cookie sent.
INFO - 2023-04-20 08:30:30 --> Session: Class initialized using 'CodeIgniter\Session\Handlers\FileHandler' driver.
INFO - 2023-04-20 08:31:09 --> CSRF cookie sent.
INFO - 2023-04-20 08:31:09 --> CSRF token verified.
INFO - 2023-04-20 08:31:09 --> Session: Class initialized using 'CodeIgniter\Session\Handlers\FileHandler' driver.
INFO - 2023-04-20 08:31:09 --> CSRF cookie sent.
INFO - 2023-04-20 08:31:09 --> Session: Class initialized using 'CodeIgniter\Session\Handlers\FileHandler' driver.
INFO - 2023-04-20 08:31:11 --> CSRF cookie sent.
INFO - 2023-04-20 08:31:11 --> Session: Class initialized using 'CodeIgniter\Session\Handlers\FileHandler' driver.
INFO - 2023-04-20 08:31:15 --> CSRF cookie sent.
INFO - 2023-04-20 08:31:15 --> CSRF token verified.
INFO - 2023-04-20 08:31:15 --> Session: Class initialized using 'CodeIgniter\Session\Handlers\FileHandler' driver.
INFO - 2023-04-20 08:31:15 --> CSRF cookie sent.
INFO - 2023-04-20 08:31:15 --> Session: Class initialized using 'CodeIgniter\Session\Handlers\FileHandler' driver.
INFO - 2023-04-20 08:31:17 --> CSRF cookie sent.
INFO - 2023-04-20 08:31:17 --> Session: Class initialized using 'CodeIgniter\Session\Handlers\FileHandler' driver.
INFO - 2023-04-20 08:31:49 --> CSRF cookie sent.
INFO - 2023-04-20 08:31:49 --> CSRF token verified.
INFO - 2023-04-20 08:31:49 --> Session: Class initialized using 'CodeIgniter\Session\Handlers\FileHandler' driver.
INFO - 2023-04-20 08:31:50 --> CSRF cookie sent.
INFO - 2023-04-20 08:31:50 --> Session: Class initialized using 'CodeIgniter\Session\Handlers\FileHandler' driver.
INFO - 2023-04-20 08:31:52 --> CSRF cookie sent.
INFO - 2023-04-20 08:31:52 --> Session: Class initialized using 'CodeIgniter\Session\Handlers\FileHandler' driver.
INFO - 2023-04-20 08:31:53 --> CSRF cookie sent.
INFO - 2023-04-20 08:31:53 --> CSRF token verified.
INFO - 2023-04-20 08:31:53 --> Session: Class initialized using 'CodeIgniter\Session\Handlers\FileHandler' driver.
INFO - 2023-04-20 08:31:54 --> CSRF cookie sent.
INFO - 2023-04-20 08:31:54 --> Session: Class initialized using 'CodeIgniter\Session\Handlers\FileHandler' driver.
INFO - 2023-04-20 08:31:56 --> CSRF cookie sent.
INFO - 2023-04-20 08:31:56 --> Session: Class initialized using 'CodeIgniter\Session\Handlers\FileHandler' driver.
INFO - 2023-04-20 08:34:38 --> CSRF cookie sent.
INFO - 2023-04-20 08:34:38 --> CSRF token verified.
INFO - 2023-04-20 08:34:38 --> Session: Class initialized using 'CodeIgniter\Session\Handlers\FileHandler' driver.
INFO - 2023-04-20 08:34:39 --> CSRF cookie sent.
INFO - 2023-04-20 08:34:39 --> Session: Class initialized using 'CodeIgniter\Session\Handlers\FileHandler' driver.
INFO - 2023-04-20 08:34:41 --> CSRF cookie sent.
INFO - 2023-04-20 08:34:41 --> Session: Class initialized using 'CodeIgniter\Session\Handlers\FileHandler' driver.
INFO - 2023-04-20 08:34:54 --> CSRF cookie sent.
INFO - 2023-04-20 08:34:54 --> CSRF token verified.
INFO - 2023-04-20 08:34:54 --> Session: Class initialized using 'CodeIgniter\Session\Handlers\FileHandler' driver.
INFO - 2023-04-20 08:34:55 --> CSRF cookie sent.
INFO - 2023-04-20 08:34:55 --> Session: Class initialized using 'CodeIgniter\Session\Handlers\FileHandler' driver.
INFO - 2023-04-20 08:34:57 --> CSRF cookie sent.
INFO - 2023-04-20 08:34:57 --> Session: Class initialized using 'CodeIgniter\Session\Handlers\FileHandler' driver.
INFO - 2023-04-20 08:35:34 --> CSRF cookie sent.
INFO - 2023-04-20 08:35:34 --> Session: Class initialized using 'CodeIgniter\Session\Handlers\FileHandler' driver.
INFO - 2023-04-20 08:35:35 --> CSRF cookie sent.
INFO - 2023-04-20 08:35:35 --> Session: Class initialized using 'CodeIgniter\Session\Handlers\FileHandler' driver.
INFO - 2023-04-20 08:35:35 --> CSRF cookie sent.
INFO - 2023-04-20 08:35:35 --> Session: Class initialized using 'CodeIgniter\Session\Handlers\FileHandler' driver.
INFO - 2023-04-20 08:35:36 --> CSRF cookie sent.
INFO - 2023-04-20 08:35:36 --> Session: Class initialized using 'CodeIgniter\Session\Handlers\FileHandler' driver.
INFO - 2023-04-20 08:37:28 --> CSRF cookie sent.
INFO - 2023-04-20 08:37:28 --> CSRF token verified.
INFO - 2023-04-20 08:37:28 --> Session: Class initialized using 'CodeIgniter\Session\Handlers\FileHandler' driver.
INFO - 2023-04-20 08:37:29 --> CSRF cookie sent.
INFO - 2023-04-20 08:37:29 --> Session: Class initialized using 'CodeIgniter\Session\Handlers\FileHandler' driver.
INFO - 2023-04-20 08:37:31 --> CSRF cookie sent.
INFO - 2023-04-20 08:37:31 --> Session: Class initialized using 'CodeIgniter\Session\Handlers\FileHandler' driver.
INFO - 2023-04-20 08:37:34 --> CSRF cookie sent.
INFO - 2023-04-20 08:37:34 --> CSRF token verified.
INFO - 2023-04-20 08:37:34 --> Session: Class initialized using 'CodeIgniter\Session\Handlers\FileHandler' driver.
INFO - 2023-04-20 08:37:35 --> CSRF cookie sent.
INFO - 2023-04-20 08:37:35 --> Session: Class initialized using 'CodeIgniter\Session\Handlers\FileHandler' driver.
INFO - 2023-04-20 08:37:37 --> CSRF cookie sent.
INFO - 2023-04-20 08:37:37 --> Session: Class initialized using 'CodeIgniter\Session\Handlers\FileHandler' driver.
INFO - 2023-04-20 08:37:38 --> CSRF cookie sent.
INFO - 2023-04-20 08:37:38 --> CSRF token verified.
INFO - 2023-04-20 08:37:38 --> Session: Class initialized using 'CodeIgniter\Session\Handlers\FileHandler' driver.
INFO - 2023-04-20 08:37:39 --> CSRF cookie sent.
INFO - 2023-04-20 08:37:39 --> Session: Class initialized using 'CodeIgniter\Session\Handlers\FileHandler' driver.
INFO - 2023-04-20 08:37:41 --> CSRF cookie sent.
INFO - 2023-04-20 08:37:41 --> Session: Class initialized using 'CodeIgniter\Session\Handlers\FileHandler' driver.
INFO - 2023-04-20 08:38:32 --> CSRF cookie sent.
INFO - 2023-04-20 08:38:32 --> CSRF token verified.
INFO - 2023-04-20 08:38:32 --> Session: Class initialized using 'CodeIgniter\Session\Handlers\FileHandler' driver.
INFO - 2023-04-20 08:38:33 --> CSRF cookie sent.
INFO - 2023-04-20 08:38:33 --> Session: Class initialized using 'CodeIgniter\Session\Handlers\FileHandler' driver.
INFO - 2023-04-20 08:38:34 --> CSRF cookie sent.
INFO - 2023-04-20 08:38:34 --> Session: Class initialized using 'CodeIgniter\Session\Handlers\FileHandler' driver.
INFO - 2023-04-20 08:38:49 --> CSRF cookie sent.
INFO - 2023-04-20 08:38:49 --> CSRF token verified.
INFO - 2023-04-20 08:38:49 --> Session: Class initialized using 'CodeIgniter\Session\Handlers\FileHandler' driver.
INFO - 2023-04-20 08:38:50 --> CSRF cookie sent.
INFO - 2023-04-20 08:38:50 --> Session: Class initialized using 'CodeIgniter\Session\Handlers\FileHandler' driver.
INFO - 2023-04-20 08:38:51 --> CSRF cookie sent.
INFO - 2023-04-20 08:38:51 --> Session: Class initialized using 'CodeIgniter\Session\Handlers\FileHandler' driver.
INFO - 2023-04-20 08:40:08 --> CSRF cookie sent.
INFO - 2023-04-20 08:40:08 --> CSRF token verified.
INFO - 2023-04-20 08:40:08 --> Session: Class initialized using 'CodeIgniter\Session\Handlers\FileHandler' driver.
INFO - 2023-04-20 08:40:09 --> CSRF cookie sent.
INFO - 2023-04-20 08:40:09 --> Session: Class initialized using 'CodeIgniter\Session\Handlers\FileHandler' driver.
INFO - 2023-04-20 08:40:11 --> CSRF cookie sent.
INFO - 2023-04-20 08:40:11 --> Session: Class initialized using 'CodeIgniter\Session\Handlers\FileHandler' driver.
INFO - 2023-04-20 08:40:13 --> CSRF cookie sent.
INFO - 2023-04-20 08:40:13 --> CSRF token verified.
INFO - 2023-04-20 08:40:13 --> Session: Class initialized using 'CodeIgniter\Session\Handlers\FileHandler' driver.
INFO - 2023-04-20 08:40:13 --> CSRF cookie sent.
INFO - 2023-04-20 08:40:13 --> Session: Class initialized using 'CodeIgniter\Session\Handlers\FileHandler' driver.
INFO - 2023-04-20 08:40:15 --> CSRF cookie sent.
INFO - 2023-04-20 08:40:15 --> Session: Class initialized using 'CodeIgniter\Session\Handlers\FileHandler' driver.
INFO - 2023-04-20 08:40:17 --> CSRF cookie sent.
INFO - 2023-04-20 08:40:17 --> CSRF token verified.
INFO - 2023-04-20 08:40:17 --> Session: Class initialized using 'CodeIgniter\Session\Handlers\FileHandler' driver.
INFO - 2023-04-20 08:40:18 --> CSRF cookie sent.
INFO - 2023-04-20 08:40:18 --> Session: Class initialized using 'CodeIgniter\Session\Handlers\FileHandler' driver.
INFO - 2023-04-20 08:40:20 --> CSRF cookie sent.
INFO - 2023-04-20 08:40:20 --> Session: Class initialized using 'CodeIgniter\Session\Handlers\FileHandler' driver.
INFO - 2023-04-20 08:41:07 --> CSRF cookie sent.
INFO - 2023-04-20 08:41:07 --> CSRF token verified.
INFO - 2023-04-20 08:41:07 --> Session: Class initialized using 'CodeIgniter\Session\Handlers\FileHandler' driver.
INFO - 2023-04-20 08:41:08 --> CSRF cookie sent.
INFO - 2023-04-20 08:41:08 --> Session: Class initialized using 'CodeIgniter\Session\Handlers\FileHandler' driver.
INFO - 2023-04-20 08:41:09 --> CSRF cookie sent.
INFO - 2023-04-20 08:41:09 --> Session: Class initialized using 'CodeIgniter\Session\Handlers\FileHandler' driver.
INFO - 2023-04-20 08:41:13 --> CSRF cookie sent.
INFO - 2023-04-20 08:41:13 --> CSRF token verified.
INFO - 2023-04-20 08:41:13 --> Session: Class initialized using 'CodeIgniter\Session\Handlers\FileHandler' driver.
INFO - 2023-04-20 08:41:13 --> CSRF cookie sent.
INFO - 2023-04-20 08:41:13 --> Session: Class initialized using 'CodeIgniter\Session\Handlers\FileHandler' driver.
INFO - 2023-04-20 08:41:15 --> CSRF cookie sent.
INFO - 2023-04-20 08:41:15 --> Session: Class initialized using 'CodeIgniter\Session\Handlers\FileHandler' driver.
INFO - 2023-04-20 08:41:18 --> CSRF cookie sent.
INFO - 2023-04-20 08:41:18 --> CSRF token verified.
INFO - 2023-04-20 08:41:18 --> Session: Class initialized using 'CodeIgniter\Session\Handlers\FileHandler' driver.
INFO - 2023-04-20 08:41:19 --> CSRF cookie sent.
INFO - 2023-04-20 08:41:19 --> Session: Class initialized using 'CodeIgniter\Session\Handlers\FileHandler' driver.
INFO - 2023-04-20 08:41:21 --> CSRF cookie sent.
INFO - 2023-04-20 08:41:21 --> Session: Class initialized using 'CodeIgniter\Session\Handlers\FileHandler' driver.
INFO - 2023-04-20 08:42:25 --> CSRF cookie sent.
INFO - 2023-04-20 08:42:25 --> CSRF token verified.
INFO - 2023-04-20 08:42:25 --> Session: Class initialized using 'CodeIgniter\Session\Handlers\FileHandler' driver.
INFO - 2023-04-20 08:42:26 --> CSRF cookie sent.
INFO - 2023-04-20 08:42:26 --> Session: Class initialized using 'CodeIgniter\Session\Handlers\FileHandler' driver.
INFO - 2023-04-20 08:42:28 --> CSRF cookie sent.
INFO - 2023-04-20 08:42:28 --> Session: Class initialized using 'CodeIgniter\Session\Handlers\FileHandler' driver.
INFO - 2023-04-20 08:42:30 --> CSRF cookie sent.
INFO - 2023-04-20 08:42:30 --> CSRF token verified.
INFO - 2023-04-20 08:42:30 --> Session: Class initialized using 'CodeIgniter\Session\Handlers\FileHandler' driver.
INFO - 2023-04-20 08:42:30 --> CSRF cookie sent.
INFO - 2023-04-20 08:42:30 --> Session: Class initialized using 'CodeIgniter\Session\Handlers\FileHandler' driver.
INFO - 2023-04-20 08:42:32 --> CSRF cookie sent.
INFO - 2023-04-20 08:42:32 --> Session: Class initialized using 'CodeIgniter\Session\Handlers\FileHandler' driver.
INFO - 2023-04-20 08:42:35 --> CSRF cookie sent.
INFO - 2023-04-20 08:42:35 --> CSRF token verified.
INFO - 2023-04-20 08:42:35 --> Session: Class initialized using 'CodeIgniter\Session\Handlers\FileHandler' driver.
INFO - 2023-04-20 08:42:36 --> CSRF cookie sent.
INFO - 2023-04-20 08:42:36 --> Session: Class initialized using 'CodeIgniter\Session\Handlers\FileHandler' driver.
INFO - 2023-04-20 08:42:38 --> CSRF cookie sent.
INFO - 2023-04-20 08:42:38 --> Session: Class initialized using 'CodeIgniter\Session\Handlers\FileHandler' driver.
INFO - 2023-04-20 08:43:56 --> CSRF cookie sent.
INFO - 2023-04-20 08:43:56 --> CSRF token verified.
INFO - 2023-04-20 08:43:56 --> Session: Class initialized using 'CodeIgniter\Session\Handlers\FileHandler' driver.
INFO - 2023-04-20 08:43:57 --> CSRF cookie sent.
INFO - 2023-04-20 08:43:57 --> Session: Class initialized using 'CodeIgniter\Session\Handlers\FileHandler' driver.
INFO - 2023-04-20 08:43:59 --> CSRF cookie sent.
INFO - 2023-04-20 08:43:59 --> Session: Class initialized using 'CodeIgniter\Session\Handlers\FileHandler' driver.
INFO - 2023-04-20 09:28:28 --> CSRF cookie sent.
INFO - 2023-04-20 09:28:28 --> CSRF token verified.
INFO - 2023-04-20 09:28:28 --> Session: Class initialized using 'CodeIgniter\Session\Handlers\FileHandler' driver.
INFO - 2023-04-20 09:28:29 --> CSRF cookie sent.
INFO - 2023-04-20 09:28:29 --> Session: Class initialized using 'CodeIgniter\Session\Handlers\FileHandler' driver.
INFO - 2023-04-20 09:28:31 --> CSRF cookie sent.
INFO - 2023-04-20 09:28:31 --> Session: Class initialized using 'CodeIgniter\Session\Handlers\FileHandler' driver.
INFO - 2023-04-20 09:29:19 --> CSRF cookie sent.
INFO - 2023-04-20 09:29:19 --> CSRF token verified.
INFO - 2023-04-20 09:29:19 --> Session: Class initialized using 'CodeIgniter\Session\Handlers\FileHandler' driver.
INFO - 2023-04-20 09:29:20 --> CSRF cookie sent.
INFO - 2023-04-20 09:29:20 --> Session: Class initialized using 'CodeIgniter\Session\Handlers\FileHandler' driver.
INFO - 2023-04-20 09:29:22 --> CSRF cookie sent.
INFO - 2023-04-20 09:29:22 --> Session: Class initialized using 'CodeIgniter\Session\Handlers\FileHandler' driver.
INFO - 2023-04-20 09:30:38 --> CSRF cookie sent.
INFO - 2023-04-20 09:30:38 --> CSRF token verified.
INFO - 2023-04-20 09:30:38 --> Session: Class initialized using 'CodeIgniter\Session\Handlers\FileHandler' driver.
INFO - 2023-04-20 09:30:39 --> CSRF cookie sent.
INFO - 2023-04-20 09:30:39 --> Session: Class initialized using 'CodeIgniter\Session\Handlers\FileHandler' driver.
INFO - 2023-04-20 09:30:41 --> CSRF cookie sent.
INFO - 2023-04-20 09:30:41 --> Session: Class initialized using 'CodeIgniter\Session\Handlers\FileHandler' driver.
INFO - 2023-04-20 10:56:46 --> CSRF cookie sent.
INFO - 2023-04-20 10:56:46 --> Session: Class initialized using 'CodeIgniter\Session\Handlers\FileHandler' driver.
INFO - 2023-04-20 10:56:47 --> CSRF cookie sent.
INFO - 2023-04-20 10:56:47 --> Session: Class initialized using 'CodeIgniter\Session\Handlers\FileHandler' driver.
INFO - 2023-04-20 10:56:50 --> CSRF cookie sent.
INFO - 2023-04-20 10:56:50 --> CSRF token verified.
INFO - 2023-04-20 10:56:50 --> Session: Class initialized using 'CodeIgniter\Session\Handlers\FileHandler' driver.
INFO - 2023-04-20 10:56:51 --> CSRF cookie sent.
INFO - 2023-04-20 10:56:51 --> Session: Class initialized using 'CodeIgniter\Session\Handlers\FileHandler' driver.
INFO - 2023-04-20 10:56:51 --> CSRF cookie sent.
INFO - 2023-04-20 10:56:51 --> Session: Class initialized using 'CodeIgniter\Session\Handlers\FileHandler' driver.
INFO - 2023-04-20 10:56:55 --> CSRF cookie sent.
INFO - 2023-04-20 10:56:55 --> Session: Class initialized using 'CodeIgniter\Session\Handlers\FileHandler' driver.
INFO - 2023-04-20 10:56:56 --> CSRF cookie sent.
INFO - 2023-04-20 10:56:56 --> Session: Class initialized using 'CodeIgniter\Session\Handlers\FileHandler' driver.
INFO - 2023-04-20 10:56:56 --> CSRF cookie sent.
INFO - 2023-04-20 10:56:56 --> Session: Class initialized using 'CodeIgniter\Session\Handlers\FileHandler' driver.
INFO - 2023-04-20 10:57:01 --> CSRF cookie sent.
INFO - 2023-04-20 10:57:01 --> Session: Class initialized using 'CodeIgniter\Session\Handlers\FileHandler' driver.
INFO - 2023-04-20 10:57:02 --> CSRF cookie sent.
INFO - 2023-04-20 10:57:02 --> Session: Class initialized using 'CodeIgniter\Session\Handlers\FileHandler' driver.
INFO - 2023-04-20 10:57:02 --> CSRF cookie sent.
INFO - 2023-04-20 10:57:02 --> Session: Class initialized using 'CodeIgniter\Session\Handlers\FileHandler' driver.
INFO - 2023-04-20 11:00:24 --> CSRF cookie sent.
INFO - 2023-04-20 11:00:24 --> Session: Class initialized using 'CodeIgniter\Session\Handlers\FileHandler' driver.
INFO - 2023-04-20 11:00:25 --> CSRF cookie sent.
INFO - 2023-04-20 11:00:25 --> Session: Class initialized using 'CodeIgniter\Session\Handlers\FileHandler' driver.
INFO - 2023-04-20 11:00:25 --> CSRF cookie sent.
INFO - 2023-04-20 11:00:25 --> Session: Class initialized using 'CodeIgniter\Session\Handlers\FileHandler' driver.
INFO - 2023-04-20 11:00:35 --> CSRF cookie sent.
INFO - 2023-04-20 11:00:35 --> Session: Class initialized using 'CodeIgniter\Session\Handlers\FileHandler' driver.
INFO - 2023-04-20 11:00:36 --> CSRF cookie sent.
INFO - 2023-04-20 11:00:36 --> Session: Class initialized using 'CodeIgniter\Session\Handlers\FileHandler' driver.
INFO - 2023-04-20 11:00:37 --> CSRF cookie sent.
INFO - 2023-04-20 11:00:37 --> Session: Class initialized using 'CodeIgniter\Session\Handlers\FileHandler' driver.
INFO - 2023-04-20 11:19:57 --> CSRF cookie sent.
INFO - 2023-04-20 11:19:57 --> CSRF token verified.
INFO - 2023-04-20 11:19:57 --> Session: Class initialized using 'CodeIgniter\Session\Handlers\FileHandler' driver.
INFO - 2023-04-20 11:19:58 --> CSRF cookie sent.
INFO - 2023-04-20 11:19:58 --> Session: Class initialized using 'CodeIgniter\Session\Handlers\FileHandler' driver.
INFO - 2023-04-20 11:20:05 --> CSRF cookie sent.
INFO - 2023-04-20 11:20:05 --> CSRF token verified.
INFO - 2023-04-20 11:20:05 --> Session: Class initialized using 'CodeIgniter\Session\Handlers\FileHandler' driver.
CRITICAL - 2023-04-20 11:20:06 --> Argument 1 passed to CodeIgniter\HTTP\RedirectResponse::to() must be of the type string, null given, called in /home/apdwms/public_html/cella/Controllers/Pallets.php on line 592
#0 /home/apdwms/public_html/cella/Controllers/Pallets.php(592): CodeIgniter\HTTP\RedirectResponse->to()
#1 /home/apdwms/public_html/cella/Controllers/BaseController.php(532): CELLA\Controllers\Pallets->save()
#2 /home/apdwms/public_html/system/CodeIgniter.php(932): CELLA\Controllers\BaseController->_remap()
#3 /home/apdwms/public_html/system/CodeIgniter.php(432): CodeIgniter\CodeIgniter->runController()
#4 /home/apdwms/public_html/system/CodeIgniter.php(333): CodeIgniter\CodeIgniter->handleRequest()
#5 /home/apdwms/public_html/index.php(48): CodeIgniter\CodeIgniter->run()
#6 {main}
INFO - 2023-04-20 11:20:08 --> CSRF cookie sent.
INFO - 2023-04-20 11:20:08 --> Session: Class initialized using 'CodeIgniter\Session\Handlers\FileHandler' driver.
INFO - 2023-04-20 11:20:11 --> CSRF cookie sent.
INFO - 2023-04-20 11:20:11 --> Session: Class initialized using 'CodeIgniter\Session\Handlers\FileHandler' driver.
INFO - 2023-04-20 11:20:13 --> CSRF cookie sent.
INFO - 2023-04-20 11:20:13 --> Session: Class initialized using 'CodeIgniter\Session\Handlers\FileHandler' driver.
INFO - 2023-04-20 11:20:15 --> CSRF cookie sent.
INFO - 2023-04-20 11:20:15 --> Session: Class initialized using 'CodeIgniter\Session\Handlers\FileHandler' driver.
INFO - 2023-04-20 11:20:16 --> CSRF cookie sent.
INFO - 2023-04-20 11:20:16 --> Session: Class initialized using 'CodeIgniter\Session\Handlers\FileHandler' driver.
INFO - 2023-04-20 11:20:17 --> CSRF cookie sent.
INFO - 2023-04-20 11:20:17 --> Session: Class initialized using 'CodeIgniter\Session\Handlers\FileHandler' driver.
INFO - 2023-04-20 11:20:18 --> CSRF cookie sent.
INFO - 2023-04-20 11:20:18 --> Session: Class initialized using 'CodeIgniter\Session\Handlers\FileHandler' driver.
INFO - 2023-04-20 11:20:22 --> CSRF cookie sent.
INFO - 2023-04-20 11:20:22 --> CSRF token verified.
INFO - 2023-04-20 11:20:22 --> Session: Class initialized using 'CodeIgniter\Session\Handlers\FileHandler' driver.
INFO - 2023-04-20 11:20:23 --> CSRF cookie sent.
INFO - 2023-04-20 11:20:23 --> Session: Class initialized using 'CodeIgniter\Session\Handlers\FileHandler' driver.
INFO - 2023-04-20 11:20:25 --> CSRF cookie sent.
INFO - 2023-04-20 11:20:25 --> Session: Class initialized using 'CodeIgniter\Session\Handlers\FileHandler' driver.
INFO - 2023-04-20 11:20:27 --> CSRF cookie sent.
INFO - 2023-04-20 11:20:27 --> Session: Class initialized using 'CodeIgniter\Session\Handlers\FileHandler' driver.
INFO - 2023-04-20 11:20:29 --> CSRF cookie sent.
INFO - 2023-04-20 11:20:29 --> Session: Class initialized using 'CodeIgniter\Session\Handlers\FileHandler' driver.
INFO - 2023-04-20 11:20:30 --> CSRF cookie sent.
INFO - 2023-04-20 11:20:30 --> Session: Class initialized using 'CodeIgniter\Session\Handlers\FileHandler' driver.
INFO - 2023-04-20 11:20:31 --> CSRF cookie sent.
INFO - 2023-04-20 11:20:31 --> Session: Class initialized using 'CodeIgniter\Session\Handlers\FileHandler' driver.
INFO - 2023-04-20 11:20:33 --> CSRF cookie sent.
INFO - 2023-04-20 11:20:33 --> CSRF token verified.
INFO - 2023-04-20 11:20:33 --> Session: Class initialized using 'CodeIgniter\Session\Handlers\FileHandler' driver.
INFO - 2023-04-20 11:20:34 --> CSRF cookie sent.
INFO - 2023-04-20 11:20:34 --> Session: Class initialized using 'CodeIgniter\Session\Handlers\FileHandler' driver.
INFO - 2023-04-20 11:20:36 --> CSRF cookie sent.
INFO - 2023-04-20 11:20:36 --> CSRF token verified.
INFO - 2023-04-20 11:20:36 --> Session: Class initialized using 'CodeIgniter\Session\Handlers\FileHandler' driver.
INFO - 2023-04-20 11:20:40 --> CSRF cookie sent.
INFO - 2023-04-20 11:20:40 --> Session: Class initialized using 'CodeIgniter\Session\Handlers\FileHandler' driver.
INFO - 2023-04-20 11:20:42 --> CSRF cookie sent.
INFO - 2023-04-20 11:20:42 --> Session: Class initialized using 'CodeIgniter\Session\Handlers\FileHandler' driver.
INFO - 2023-04-20 11:48:46 --> CSRF cookie sent.
INFO - 2023-04-20 11:48:46 --> Session: Class initialized using 'CodeIgniter\Session\Handlers\FileHandler' driver.
INFO - 2023-04-20 11:48:46 --> CSRF cookie sent.
INFO - 2023-04-20 11:48:46 --> Session: Class initialized using 'CodeIgniter\Session\Handlers\FileHandler' driver.
INFO - 2023-04-20 11:48:55 --> CSRF cookie sent.
INFO - 2023-04-20 11:48:55 --> CSRF token verified.
INFO - 2023-04-20 11:48:55 --> Session: Class initialized using 'CodeIgniter\Session\Handlers\FileHandler' driver.
INFO - 2023-04-20 11:48:56 --> CSRF cookie sent.
INFO - 2023-04-20 11:48:56 --> Session: Class initialized using 'CodeIgniter\Session\Handlers\FileHandler' driver.
INFO - 2023-04-20 11:49:04 --> CSRF cookie sent.
INFO - 2023-04-20 11:49:04 --> CSRF token verified.
INFO - 2023-04-20 11:49:04 --> Session: Class initialized using 'CodeIgniter\Session\Handlers\FileHandler' driver.
INFO - 2023-04-20 11:49:05 --> CSRF cookie sent.
INFO - 2023-04-20 11:49:05 --> Session: Class initialized using 'CodeIgniter\Session\Handlers\FileHandler' driver.
INFO - 2023-04-20 11:49:17 --> CSRF cookie sent.
INFO - 2023-04-20 11:49:17 --> CSRF token verified.
INFO - 2023-04-20 11:49:17 --> Session: Class initialized using 'CodeIgniter\Session\Handlers\FileHandler' driver.
INFO - 2023-04-20 11:49:18 --> CSRF cookie sent.
INFO - 2023-04-20 11:49:18 --> Session: Class initialized using 'CodeIgniter\Session\Handlers\FileHandler' driver.
INFO - 2023-04-20 11:49:18 --> CSRF cookie sent.
INFO - 2023-04-20 11:49:18 --> Session: Class initialized using 'CodeIgniter\Session\Handlers\FileHandler' driver.
INFO - 2023-04-20 11:49:19 --> CSRF cookie sent.
INFO - 2023-04-20 11:49:19 --> Session: Class initialized using 'CodeIgniter\Session\Handlers\FileHandler' driver.
INFO - 2023-04-20 11:49:21 --> CSRF cookie sent.
INFO - 2023-04-20 11:49:21 --> Session: Class initialized using 'CodeIgniter\Session\Handlers\FileHandler' driver.
INFO - 2023-04-20 11:49:29 --> CSRF cookie sent.
INFO - 2023-04-20 11:49:29 --> Session: Class initialized using 'CodeIgniter\Session\Handlers\FileHandler' driver.
INFO - 2023-04-20 11:49:29 --> CSRF cookie sent.
INFO - 2023-04-20 11:49:29 --> Session: Class initialized using 'CodeIgniter\Session\Handlers\FileHandler' driver.
INFO - 2023-04-20 11:49:35 --> CSRF cookie sent.
INFO - 2023-04-20 11:49:35 --> Session: Class initialized using 'CodeIgniter\Session\Handlers\FileHandler' driver.
INFO - 2023-04-20 11:50:04 --> CSRF cookie sent.
INFO - 2023-04-20 11:50:04 --> CSRF token verified.
INFO - 2023-04-20 11:50:04 --> Session: Class initialized using 'CodeIgniter\Session\Handlers\FileHandler' driver.
INFO - 2023-04-20 11:50:05 --> CSRF cookie sent.
INFO - 2023-04-20 11:50:05 --> Session: Class initialized using 'CodeIgniter\Session\Handlers\FileHandler' driver.
INFO - 2023-04-20 11:50:07 --> CSRF cookie sent.
INFO - 2023-04-20 11:50:07 --> Session: Class initialized using 'CodeIgniter\Session\Handlers\FileHandler' driver.
INFO - 2023-04-20 11:50:07 --> CSRF cookie sent.
INFO - 2023-04-20 11:50:07 --> Session: Class initialized using 'CodeIgniter\Session\Handlers\FileHandler' driver.
INFO - 2023-04-20 11:50:07 --> CSRF cookie sent.
INFO - 2023-04-20 11:50:07 --> Session: Class initialized using 'CodeIgniter\Session\Handlers\FileHandler' driver.
INFO - 2023-04-20 11:50:11 --> CSRF cookie sent.
INFO - 2023-04-20 11:50:11 --> Session: Class initialized using 'CodeIgniter\Session\Handlers\FileHandler' driver.
INFO - 2023-04-20 11:50:12 --> CSRF cookie sent.
INFO - 2023-04-20 11:50:12 --> Session: Class initialized using 'CodeIgniter\Session\Handlers\FileHandler' driver.
INFO - 2023-04-20 11:51:00 --> CSRF cookie sent.
INFO - 2023-04-20 11:51:00 --> Session: Class initialized using 'CodeIgniter\Session\Handlers\FileHandler' driver.
INFO - 2023-04-20 11:51:00 --> CSRF cookie sent.
INFO - 2023-04-20 11:51:00 --> Session: Class initialized using 'CodeIgniter\Session\Handlers\FileHandler' driver.
INFO - 2023-04-20 11:51:01 --> CSRF cookie sent.
INFO - 2023-04-20 11:51:01 --> Session: Class initialized using 'CodeIgniter\Session\Handlers\FileHandler' driver.
INFO - 2023-04-20 11:51:02 --> CSRF cookie sent.
INFO - 2023-04-20 11:51:02 --> Session: Class initialized using 'CodeIgniter\Session\Handlers\FileHandler' driver.
INFO - 2023-04-20 11:51:10 --> CSRF cookie sent.
INFO - 2023-04-20 11:51:10 --> Session: Class initialized using 'CodeIgniter\Session\Handlers\FileHandler' driver.
INFO - 2023-04-20 11:51:10 --> CSRF cookie sent.
INFO - 2023-04-20 11:51:10 --> Session: Class initialized using 'CodeIgniter\Session\Handlers\FileHandler' driver.
INFO - 2023-04-20 11:51:16 --> CSRF cookie sent.
INFO - 2023-04-20 11:51:16 --> Session: Class initialized using 'CodeIgniter\Session\Handlers\FileHandler' driver.
INFO - 2023-04-20 11:51:38 --> CSRF cookie sent.
INFO - 2023-04-20 11:51:38 --> CSRF token verified.
INFO - 2023-04-20 11:51:38 --> Session: Class initialized using 'CodeIgniter\Session\Handlers\FileHandler' driver.
INFO - 2023-04-20 11:51:39 --> CSRF cookie sent.
INFO - 2023-04-20 11:51:39 --> Session: Class initialized using 'CodeIgniter\Session\Handlers\FileHandler' driver.
INFO - 2023-04-20 11:51:41 --> CSRF cookie sent.
INFO - 2023-04-20 11:51:41 --> Session: Class initialized using 'CodeIgniter\Session\Handlers\FileHandler' driver.
INFO - 2023-04-20 11:51:41 --> CSRF cookie sent.
INFO - 2023-04-20 11:51:41 --> Session: Class initialized using 'CodeIgniter\Session\Handlers\FileHandler' driver.
INFO - 2023-04-20 11:51:43 --> CSRF cookie sent.
INFO - 2023-04-20 11:51:43 --> Session: Class initialized using 'CodeIgniter\Session\Handlers\FileHandler' driver.
INFO - 2023-04-20 11:51:44 --> CSRF cookie sent.
INFO - 2023-04-20 11:51:44 --> Session: Class initialized using 'CodeIgniter\Session\Handlers\FileHandler' driver.
INFO - 2023-04-20 11:52:19 --> CSRF cookie sent.
INFO - 2023-04-20 11:52:19 --> Session: Class initialized using 'CodeIgniter\Session\Handlers\FileHandler' driver.
INFO - 2023-04-20 11:52:20 --> CSRF cookie sent.
INFO - 2023-04-20 11:52:20 --> Session: Class initialized using 'CodeIgniter\Session\Handlers\FileHandler' driver.
INFO - 2023-04-20 11:52:20 --> CSRF cookie sent.
INFO - 2023-04-20 11:52:20 --> Session: Class initialized using 'CodeIgniter\Session\Handlers\FileHandler' driver.
INFO - 2023-04-20 11:52:21 --> CSRF cookie sent.
INFO - 2023-04-20 11:52:21 --> Session: Class initialized using 'CodeIgniter\Session\Handlers\FileHandler' driver.
INFO - 2023-04-20 11:52:28 --> CSRF cookie sent.
INFO - 2023-04-20 11:52:28 --> Session: Class initialized using 'CodeIgniter\Session\Handlers\FileHandler' driver.
INFO - 2023-04-20 11:52:29 --> CSRF cookie sent.
INFO - 2023-04-20 11:52:29 --> Session: Class initialized using 'CodeIgniter\Session\Handlers\FileHandler' driver.
INFO - 2023-04-20 11:52:34 --> CSRF cookie sent.
INFO - 2023-04-20 11:52:34 --> Session: Class initialized using 'CodeIgniter\Session\Handlers\FileHandler' driver.
INFO - 2023-04-20 11:52:56 --> CSRF cookie sent.
INFO - 2023-04-20 11:52:56 --> CSRF token verified.
INFO - 2023-04-20 11:52:56 --> Session: Class initialized using 'CodeIgniter\Session\Handlers\FileHandler' driver.
INFO - 2023-04-20 11:52:57 --> CSRF cookie sent.
INFO - 2023-04-20 11:52:57 --> Session: Class initialized using 'CodeIgniter\Session\Handlers\FileHandler' driver.
INFO - 2023-04-20 11:52:58 --> CSRF cookie sent.
INFO - 2023-04-20 11:52:58 --> Session: Class initialized using 'CodeIgniter\Session\Handlers\FileHandler' driver.
INFO - 2023-04-20 11:52:59 --> CSRF cookie sent.
INFO - 2023-04-20 11:52:59 --> Session: Class initialized using 'CodeIgniter\Session\Handlers\FileHandler' driver.
INFO - 2023-04-20 11:53:08 --> CSRF cookie sent.
INFO - 2023-04-20 11:53:08 --> Session: Class initialized using 'CodeIgniter\Session\Handlers\FileHandler' driver.
INFO - 2023-04-20 11:53:09 --> CSRF cookie sent.
INFO - 2023-04-20 11:53:09 --> Session: Class initialized using 'CodeIgniter\Session\Handlers\FileHandler' driver.
INFO - 2023-04-20 11:53:44 --> CSRF cookie sent.
INFO - 2023-04-20 11:53:44 --> Session: Class initialized using 'CodeIgniter\Session\Handlers\FileHandler' driver.
INFO - 2023-04-20 11:53:44 --> CSRF cookie sent.
INFO - 2023-04-20 11:53:44 --> Session: Class initialized using 'CodeIgniter\Session\Handlers\FileHandler' driver.
INFO - 2023-04-20 11:53:45 --> CSRF cookie sent.
INFO - 2023-04-20 11:53:45 --> Session: Class initialized using 'CodeIgniter\Session\Handlers\FileHandler' driver.
INFO - 2023-04-20 12:37:40 --> CSRF cookie sent.
INFO - 2023-04-20 12:37:40 --> CSRF token verified.
INFO - 2023-04-20 12:37:40 --> Session: Class initialized using 'CodeIgniter\Session\Handlers\FileHandler' driver.
INFO - 2023-04-20 12:37:41 --> CSRF cookie sent.
INFO - 2023-04-20 12:37:41 --> Session: Class initialized using 'CodeIgniter\Session\Handlers\FileHandler' driver.
INFO - 2023-04-20 12:37:42 --> CSRF cookie sent.
INFO - 2023-04-20 12:37:42 --> Session: Class initialized using 'CodeIgniter\Session\Handlers\FileHandler' driver.
INFO - 2023-04-20 12:37:42 --> CSRF cookie sent.
INFO - 2023-04-20 12:37:42 --> Session: Class initialized using 'CodeIgniter\Session\Handlers\FileHandler' driver.
INFO - 2023-04-20 12:37:47 --> CSRF cookie sent.
INFO - 2023-04-20 12:37:47 --> Session: Class initialized using 'CodeIgniter\Session\Handlers\FileHandler' driver.
INFO - 2023-04-20 12:37:54 --> CSRF cookie sent.
INFO - 2023-04-20 12:37:54 --> Session: Class initialized using 'CodeIgniter\Session\Handlers\FileHandler' driver.
INFO - 2023-04-20 12:37:55 --> CSRF cookie sent.
INFO - 2023-04-20 12:37:55 --> Session: Class initialized using 'CodeIgniter\Session\Handlers\FileHandler' driver.
INFO - 2023-04-20 12:37:58 --> CSRF cookie sent.
INFO - 2023-04-20 12:37:58 --> Session: Class initialized using 'CodeIgniter\Session\Handlers\FileHandler' driver.
INFO - 2023-04-20 12:38:17 --> CSRF cookie sent.
INFO - 2023-04-20 12:38:17 --> CSRF token verified.
INFO - 2023-04-20 12:38:17 --> Session: Class initialized using 'CodeIgniter\Session\Handlers\FileHandler' driver.
INFO - 2023-04-20 12:38:18 --> CSRF cookie sent.
INFO - 2023-04-20 12:38:18 --> Session: Class initialized using 'CodeIgniter\Session\Handlers\FileHandler' driver.
INFO - 2023-04-20 12:38:19 --> CSRF cookie sent.
INFO - 2023-04-20 12:38:19 --> Session: Class initialized using 'CodeIgniter\Session\Handlers\FileHandler' driver.
INFO - 2023-04-20 12:38:20 --> CSRF cookie sent.
INFO - 2023-04-20 12:38:20 --> Session: Class initialized using 'CodeIgniter\Session\Handlers\FileHandler' driver.
INFO - 2023-04-20 12:38:21 --> CSRF cookie sent.
INFO - 2023-04-20 12:38:21 --> Session: Class initialized using 'CodeIgniter\Session\Handlers\FileHandler' driver.
INFO - 2023-04-20 12:38:22 --> CSRF cookie sent.
INFO - 2023-04-20 12:38:22 --> Session: Class initialized using 'CodeIgniter\Session\Handlers\FileHandler' driver.
INFO - 2023-04-20 12:38:32 --> CSRF cookie sent.
INFO - 2023-04-20 12:38:32 --> Session: Class initialized using 'CodeIgniter\Session\Handlers\FileHandler' driver.
INFO - 2023-04-20 12:38:33 --> CSRF cookie sent.
INFO - 2023-04-20 12:38:33 --> Session: Class initialized using 'CodeIgniter\Session\Handlers\FileHandler' driver.
INFO - 2023-04-20 12:38:33 --> CSRF cookie sent.
INFO - 2023-04-20 12:38:33 --> Session: Class initialized using 'CodeIgniter\Session\Handlers\FileHandler' driver.
INFO - 2023-04-20 12:38:34 --> CSRF cookie sent.
INFO - 2023-04-20 12:38:34 --> Session: Class initialized using 'CodeIgniter\Session\Handlers\FileHandler' driver.
INFO - 2023-04-20 12:38:40 --> CSRF cookie sent.
INFO - 2023-04-20 12:38:42 --> Session: Class initialized using 'CodeIgniter\Session\Handlers\FileHandler' driver.
INFO - 2023-04-20 12:38:49 --> CSRF cookie sent.
INFO - 2023-04-20 12:38:49 --> Session: Class initialized using 'CodeIgniter\Session\Handlers\FileHandler' driver.
INFO - 2023-04-20 12:38:49 --> CSRF cookie sent.
INFO - 2023-04-20 12:38:49 --> Session: Class initialized using 'CodeIgniter\Session\Handlers\FileHandler' driver.
INFO - 2023-04-20 12:38:53 --> CSRF cookie sent.
INFO - 2023-04-20 12:38:53 --> Session: Class initialized using 'CodeIgniter\Session\Handlers\FileHandler' driver.
INFO - 2023-04-20 12:39:17 --> CSRF cookie sent.
INFO - 2023-04-20 12:39:17 --> CSRF token verified.
INFO - 2023-04-20 12:39:17 --> Session: Class initialized using 'CodeIgniter\Session\Handlers\FileHandler' driver.
INFO - 2023-04-20 12:39:17 --> CSRF cookie sent.
INFO - 2023-04-20 12:39:17 --> Session: Class initialized using 'CodeIgniter\Session\Handlers\FileHandler' driver.
INFO - 2023-04-20 12:39:20 --> CSRF cookie sent.
INFO - 2023-04-20 12:39:20 --> Session: Class initialized using 'CodeIgniter\Session\Handlers\FileHandler' driver.
INFO - 2023-04-20 12:39:21 --> CSRF cookie sent.
INFO - 2023-04-20 12:39:21 --> Session: Class initialized using 'CodeIgniter\Session\Handlers\FileHandler' driver.
INFO - 2023-04-20 12:39:22 --> CSRF cookie sent.
INFO - 2023-04-20 12:39:22 --> Session: Class initialized using 'CodeIgniter\Session\Handlers\FileHandler' driver.
INFO - 2023-04-20 12:39:23 --> CSRF cookie sent.
INFO - 2023-04-20 12:39:23 --> Session: Class initialized using 'CodeIgniter\Session\Handlers\FileHandler' driver.
INFO - 2023-04-20 12:39:33 --> CSRF cookie sent.
INFO - 2023-04-20 12:39:33 --> Session: Class initialized using 'CodeIgniter\Session\Handlers\FileHandler' driver.
INFO - 2023-04-20 12:39:34 --> CSRF cookie sent.
INFO - 2023-04-20 12:39:34 --> Session: Class initialized using 'CodeIgniter\Session\Handlers\FileHandler' driver.
INFO - 2023-04-20 12:39:34 --> CSRF cookie sent.
INFO - 2023-04-20 12:39:34 --> Session: Class initialized using 'CodeIgniter\Session\Handlers\FileHandler' driver.
INFO - 2023-04-20 13:21:54 --> CSRF cookie sent.
INFO - 2023-04-20 13:21:54 --> CSRF token verified.
INFO - 2023-04-20 13:21:54 --> Session: Class initialized using 'CodeIgniter\Session\Handlers\FileHandler' driver.
INFO - 2023-04-20 13:21:54 --> CSRF cookie sent.
INFO - 2023-04-20 13:21:54 --> Session: Class initialized using 'CodeIgniter\Session\Handlers\FileHandler' driver.
INFO - 2023-04-20 13:21:55 --> CSRF cookie sent.
INFO - 2023-04-20 13:21:55 --> Session: Class initialized using 'CodeIgniter\Session\Handlers\FileHandler' driver.
INFO - 2023-04-20 13:21:55 --> CSRF cookie sent.
INFO - 2023-04-20 13:21:55 --> Session: Class initialized using 'CodeIgniter\Session\Handlers\FileHandler' driver.
INFO - 2023-04-20 13:22:06 --> CSRF cookie sent.
INFO - 2023-04-20 13:22:06 --> Session: Class initialized using 'CodeIgniter\Session\Handlers\FileHandler' driver.
INFO - 2023-04-20 13:22:13 --> CSRF cookie sent.
INFO - 2023-04-20 13:22:14 --> Session: Class initialized using 'CodeIgniter\Session\Handlers\FileHandler' driver.
INFO - 2023-04-20 13:22:22 --> CSRF cookie sent.
INFO - 2023-04-20 13:22:22 --> Session: Class initialized using 'CodeIgniter\Session\Handlers\FileHandler' driver.
INFO - 2023-04-20 13:22:23 --> CSRF cookie sent.
INFO - 2023-04-20 13:22:23 --> Session: Class initialized using 'CodeIgniter\Session\Handlers\FileHandler' driver.
INFO - 2023-04-20 13:23:31 --> CSRF cookie sent.
INFO - 2023-04-20 13:23:31 --> Session: Class initialized using 'CodeIgniter\Session\Handlers\FileHandler' driver.
INFO - 2023-04-20 13:24:44 --> CSRF cookie sent.
INFO - 2023-04-20 13:24:44 --> CSRF token verified.
INFO - 2023-04-20 13:24:44 --> Session: Class initialized using 'CodeIgniter\Session\Handlers\FileHandler' driver.
INFO - 2023-04-20 13:24:45 --> CSRF cookie sent.
INFO - 2023-04-20 13:24:45 --> Session: Class initialized using 'CodeIgniter\Session\Handlers\FileHandler' driver.
INFO - 2023-04-20 13:24:47 --> CSRF cookie sent.
INFO - 2023-04-20 13:24:47 --> Session: Class initialized using 'CodeIgniter\Session\Handlers\FileHandler' driver.
INFO - 2023-04-20 13:24:47 --> CSRF cookie sent.
INFO - 2023-04-20 13:24:47 --> Session: Class initialized using 'CodeIgniter\Session\Handlers\FileHandler' driver.
INFO - 2023-04-20 13:24:48 --> CSRF cookie sent.
INFO - 2023-04-20 13:24:48 --> Session: Class initialized using 'CodeIgniter\Session\Handlers\FileHandler' driver.
INFO - 2023-04-20 13:24:50 --> CSRF cookie sent.
INFO - 2023-04-20 13:24:50 --> Session: Class initialized using 'CodeIgniter\Session\Handlers\FileHandler' driver.
INFO - 2023-04-20 13:25:08 --> CSRF cookie sent.
INFO - 2023-04-20 13:25:08 --> Session: Class initialized using 'CodeIgniter\Session\Handlers\FileHandler' driver.
INFO - 2023-04-20 13:25:09 --> CSRF cookie sent.
INFO - 2023-04-20 13:25:09 --> Session: Class initialized using 'CodeIgniter\Session\Handlers\FileHandler' driver.
INFO - 2023-04-20 13:25:09 --> CSRF cookie sent.
INFO - 2023-04-20 13:25:09 --> Session: Class initialized using 'CodeIgniter\Session\Handlers\FileHandler' driver.
INFO - 2023-04-20 13:25:12 --> CSRF cookie sent.
INFO - 2023-04-20 13:25:12 --> Session: Class initialized using 'CodeIgniter\Session\Handlers\FileHandler' driver.
INFO - 2023-04-20 13:25:13 --> CSRF cookie sent.
INFO - 2023-04-20 13:25:13 --> Session: Class initialized using 'CodeIgniter\Session\Handlers\FileHandler' driver.
INFO - 2023-04-20 13:25:13 --> CSRF cookie sent.
INFO - 2023-04-20 13:25:13 --> Session: Class initialized using 'CodeIgniter\Session\Handlers\FileHandler' driver.
INFO - 2023-04-20 13:25:14 --> CSRF cookie sent.
INFO - 2023-04-20 13:25:14 --> Session: Class initialized using 'CodeIgniter\Session\Handlers\FileHandler' driver.
INFO - 2023-04-20 13:25:23 --> CSRF cookie sent.
INFO - 2023-04-20 13:25:23 --> Session: Class initialized using 'CodeIgniter\Session\Handlers\FileHandler' driver.
INFO - 2023-04-20 13:25:23 --> CSRF cookie sent.
INFO - 2023-04-20 13:25:23 --> Session: Class initialized using 'CodeIgniter\Session\Handlers\FileHandler' driver.
INFO - 2023-04-20 13:25:27 --> CSRF cookie sent.
INFO - 2023-04-20 13:25:27 --> Session: Class initialized using 'CodeIgniter\Session\Handlers\FileHandler' driver.
INFO - 2023-04-20 13:25:55 --> CSRF cookie sent.
INFO - 2023-04-20 13:25:55 --> CSRF token verified.
INFO - 2023-04-20 13:25:55 --> Session: Class initialized using 'CodeIgniter\Session\Handlers\FileHandler' driver.
INFO - 2023-04-20 13:25:55 --> CSRF cookie sent.
INFO - 2023-04-20 13:25:55 --> Session: Class initialized using 'CodeIgniter\Session\Handlers\FileHandler' driver.
INFO - 2023-04-20 13:25:57 --> CSRF cookie sent.
INFO - 2023-04-20 13:25:57 --> Session: Class initialized using 'CodeIgniter\Session\Handlers\FileHandler' driver.
INFO - 2023-04-20 13:25:57 --> CSRF cookie sent.
INFO - 2023-04-20 13:25:57 --> Session: Class initialized using 'CodeIgniter\Session\Handlers\FileHandler' driver.
INFO - 2023-04-20 13:25:58 --> CSRF cookie sent.
INFO - 2023-04-20 13:25:58 --> Session: Class initialized using 'CodeIgniter\Session\Handlers\FileHandler' driver.
INFO - 2023-04-20 13:25:59 --> CSRF cookie sent.
INFO - 2023-04-20 13:25:59 --> Session: Class initialized using 'CodeIgniter\Session\Handlers\FileHandler' driver.
INFO - 2023-04-20 13:28:16 --> CSRF cookie sent.
INFO - 2023-04-20 13:28:16 --> Session: Class initialized using 'CodeIgniter\Session\Handlers\FileHandler' driver.
INFO - 2023-04-20 13:28:17 --> CSRF cookie sent.
INFO - 2023-04-20 13:28:17 --> Session: Class initialized using 'CodeIgniter\Session\Handlers\FileHandler' driver.
INFO - 2023-04-20 13:36:08 --> CSRF cookie sent.
INFO - 2023-04-20 13:36:08 --> Session: Class initialized using 'CodeIgniter\Session\Handlers\FileHandler' driver.
INFO - 2023-04-20 13:36:08 --> CSRF cookie sent.
INFO - 2023-04-20 13:36:08 --> Session: Class initialized using 'CodeIgniter\Session\Handlers\FileHandler' driver.
INFO - 2023-04-20 13:36:09 --> CSRF cookie sent.
INFO - 2023-04-20 13:36:09 --> Session: Class initialized using 'CodeIgniter\Session\Handlers\FileHandler' driver.
INFO - 2023-04-20 13:46:44 --> CSRF cookie sent.
INFO - 2023-04-20 13:46:44 --> CSRF token verified.
INFO - 2023-04-20 13:46:44 --> Session: Class initialized using 'CodeIgniter\Session\Handlers\FileHandler' driver.
INFO - 2023-04-20 13:46:44 --> CSRF cookie sent.
INFO - 2023-04-20 13:46:44 --> Session: Class initialized using 'CodeIgniter\Session\Handlers\FileHandler' driver.
INFO - 2023-04-20 13:46:45 --> CSRF cookie sent.
INFO - 2023-04-20 13:46:45 --> Session: Class initialized using 'CodeIgniter\Session\Handlers\FileHandler' driver.
INFO - 2023-04-20 13:46:45 --> CSRF cookie sent.
INFO - 2023-04-20 13:46:45 --> Session: Class initialized using 'CodeIgniter\Session\Handlers\FileHandler' driver.
INFO - 2023-04-20 13:46:47 --> CSRF cookie sent.
INFO - 2023-04-20 13:46:47 --> Session: Class initialized using 'CodeIgniter\Session\Handlers\FileHandler' driver.
INFO - 2023-04-20 13:46:55 --> CSRF cookie sent.
INFO - 2023-04-20 13:46:55 --> Session: Class initialized using 'CodeIgniter\Session\Handlers\FileHandler' driver.
INFO - 2023-04-20 13:46:55 --> CSRF cookie sent.
INFO - 2023-04-20 13:46:55 --> Session: Class initialized using 'CodeIgniter\Session\Handlers\FileHandler' driver.
INFO - 2023-04-20 13:46:58 --> CSRF cookie sent.
INFO - 2023-04-20 13:46:58 --> Session: Class initialized using 'CodeIgniter\Session\Handlers\FileHandler' driver.
INFO - 2023-04-20 13:47:27 --> CSRF cookie sent.
INFO - 2023-04-20 13:47:27 --> CSRF token verified.
INFO - 2023-04-20 13:47:27 --> Session: Class initialized using 'CodeIgniter\Session\Handlers\FileHandler' driver.
INFO - 2023-04-20 13:47:27 --> CSRF cookie sent.
INFO - 2023-04-20 13:47:27 --> Session: Class initialized using 'CodeIgniter\Session\Handlers\FileHandler' driver.
INFO - 2023-04-20 13:47:29 --> CSRF cookie sent.
INFO - 2023-04-20 13:47:29 --> Session: Class initialized using 'CodeIgniter\Session\Handlers\FileHandler' driver.
INFO - 2023-04-20 13:47:30 --> CSRF cookie sent.
INFO - 2023-04-20 13:47:30 --> Session: Class initialized using 'CodeIgniter\Session\Handlers\FileHandler' driver.
INFO - 2023-04-20 13:47:30 --> CSRF cookie sent.
INFO - 2023-04-20 13:47:30 --> Session: Class initialized using 'CodeIgniter\Session\Handlers\FileHandler' driver.
INFO - 2023-04-20 13:47:32 --> CSRF cookie sent.
INFO - 2023-04-20 13:47:32 --> Session: Class initialized using 'CodeIgniter\Session\Handlers\FileHandler' driver.
INFO - 2023-04-20 13:47:32 --> CSRF cookie sent.
INFO - 2023-04-20 13:47:32 --> Session: Class initialized using 'CodeIgniter\Session\Handlers\FileHandler' driver.
INFO - 2023-04-20 13:47:41 --> CSRF cookie sent.
INFO - 2023-04-20 13:47:41 --> Session: Class initialized using 'CodeIgniter\Session\Handlers\FileHandler' driver.
INFO - 2023-04-20 13:47:41 --> CSRF cookie sent.
INFO - 2023-04-20 13:47:41 --> Session: Class initialized using 'CodeIgniter\Session\Handlers\FileHandler' driver.
INFO - 2023-04-20 13:47:42 --> CSRF cookie sent.
INFO - 2023-04-20 13:47:42 --> Session: Class initialized using 'CodeIgniter\Session\Handlers\FileHandler' driver.
INFO - 2023-04-20 13:47:44 --> CSRF cookie sent.
INFO - 2023-04-20 13:47:44 --> Session: Class initialized using 'CodeIgniter\Session\Handlers\FileHandler' driver.
INFO - 2023-04-20 13:47:46 --> CSRF cookie sent.
INFO - 2023-04-20 13:47:46 --> Session: Class initialized using 'CodeIgniter\Session\Handlers\FileHandler' driver.
INFO - 2023-04-20 13:47:46 --> CSRF cookie sent.
INFO - 2023-04-20 13:47:46 --> Session: Class initialized using 'CodeIgniter\Session\Handlers\FileHandler' driver.
INFO - 2023-04-20 13:47:50 --> CSRF cookie sent.
INFO - 2023-04-20 13:47:50 --> Session: Class initialized using 'CodeIgniter\Session\Handlers\FileHandler' driver.
INFO - 2023-04-20 13:47:51 --> CSRF cookie sent.
INFO - 2023-04-20 13:47:51 --> Session: Class initialized using 'CodeIgniter\Session\Handlers\FileHandler' driver.
INFO - 2023-04-20 13:47:52 --> CSRF cookie sent.
INFO - 2023-04-20 13:47:52 --> Session: Class initialized using 'CodeIgniter\Session\Handlers\FileHandler' driver.
INFO - 2023-04-20 13:47:53 --> CSRF cookie sent.
INFO - 2023-04-20 13:47:53 --> Session: Class initialized using 'CodeIgniter\Session\Handlers\FileHandler' driver.
INFO - 2023-04-20 13:47:54 --> CSRF cookie sent.
INFO - 2023-04-20 13:47:54 --> Session: Class initialized using 'CodeIgniter\Session\Handlers\FileHandler' driver.
INFO - 2023-04-20 13:47:55 --> CSRF cookie sent.
INFO - 2023-04-20 13:47:55 --> Session: Class initialized using 'CodeIgniter\Session\Handlers\FileHandler' driver.
INFO - 2023-04-20 13:47:56 --> CSRF cookie sent.
INFO - 2023-04-20 13:47:56 --> CSRF cookie sent.
INFO - 2023-04-20 13:47:56 --> Session: Class initialized using 'CodeIgniter\Session\Handlers\FileHandler' driver.
INFO - 2023-04-20 13:47:56 --> Session: Class initialized using 'CodeIgniter\Session\Handlers\FileHandler' driver.
INFO - 2023-04-20 13:48:00 --> CSRF cookie sent.
INFO - 2023-04-20 13:48:00 --> CSRF token verified.
INFO - 2023-04-20 13:48:00 --> Session: Class initialized using 'CodeIgniter\Session\Handlers\FileHandler' driver.
INFO - 2023-04-20 13:48:01 --> CSRF cookie sent.
INFO - 2023-04-20 13:48:01 --> Session: Class initialized using 'CodeIgniter\Session\Handlers\FileHandler' driver.
INFO - 2023-04-20 13:48:02 --> CSRF cookie sent.
INFO - 2023-04-20 13:48:02 --> Session: Class initialized using 'CodeIgniter\Session\Handlers\FileHandler' driver.
INFO - 2023-04-20 13:48:02 --> CSRF cookie sent.
INFO - 2023-04-20 13:48:02 --> Session: Class initialized using 'CodeIgniter\Session\Handlers\FileHandler' driver.
INFO - 2023-04-20 13:48:06 --> CSRF cookie sent.
INFO - 2023-04-20 13:48:06 --> CSRF token verified.
INFO - 2023-04-20 13:48:06 --> Session: Class initialized using 'CodeIgniter\Session\Handlers\FileHandler' driver.
INFO - 2023-04-20 13:48:06 --> CSRF cookie sent.
INFO - 2023-04-20 13:48:06 --> Session: Class initialized using 'CodeIgniter\Session\Handlers\FileHandler' driver.
INFO - 2023-04-20 13:48:07 --> CSRF cookie sent.
INFO - 2023-04-20 13:48:07 --> Session: Class initialized using 'CodeIgniter\Session\Handlers\FileHandler' driver.
INFO - 2023-04-20 13:48:07 --> CSRF cookie sent.
INFO - 2023-04-20 13:48:07 --> Session: Class initialized using 'CodeIgniter\Session\Handlers\FileHandler' driver.
INFO - 2023-04-20 13:48:08 --> CSRF cookie sent.
INFO - 2023-04-20 13:48:08 --> Session: Class initialized using 'CodeIgniter\Session\Handlers\FileHandler' driver.
INFO - 2023-04-20 13:48:08 --> CSRF cookie sent.
INFO - 2023-04-20 13:48:08 --> Session: Class initialized using 'CodeIgniter\Session\Handlers\FileHandler' driver.
INFO - 2023-04-20 13:48:09 --> CSRF cookie sent.
INFO - 2023-04-20 13:48:09 --> Session: Class initialized using 'CodeIgniter\Session\Handlers\FileHandler' driver.
INFO - 2023-04-20 13:48:34 --> CSRF cookie sent.
INFO - 2023-04-20 13:48:34 --> Session: Class initialized using 'CodeIgniter\Session\Handlers\FileHandler' driver.
INFO - 2023-04-20 13:48:34 --> CSRF cookie sent.
INFO - 2023-04-20 13:48:34 --> Session: Class initialized using 'CodeIgniter\Session\Handlers\FileHandler' driver.
INFO - 2023-04-20 13:48:35 --> CSRF cookie sent.
INFO - 2023-04-20 13:48:35 --> Session: Class initialized using 'CodeIgniter\Session\Handlers\FileHandler' driver.
INFO - 2023-04-20 14:08:06 --> CSRF cookie sent.
INFO - 2023-04-20 14:08:06 --> Session: Class initialized using 'CodeIgniter\Session\Handlers\FileHandler' driver.
INFO - 2023-04-20 14:08:09 --> CSRF cookie sent.
INFO - 2023-04-20 14:08:09 --> Session: Class initialized using 'CodeIgniter\Session\Handlers\FileHandler' driver.
INFO - 2023-04-20 14:45:31 --> CSRF cookie sent.
INFO - 2023-04-20 14:45:31 --> CSRF token verified.
INFO - 2023-04-20 14:45:31 --> Session: Class initialized using 'CodeIgniter\Session\Handlers\FileHandler' driver.
INFO - 2023-04-20 14:45:32 --> CSRF cookie sent.
INFO - 2023-04-20 14:45:32 --> Session: Class initialized using 'CodeIgniter\Session\Handlers\FileHandler' driver.
INFO - 2023-04-20 14:45:34 --> CSRF cookie sent.
INFO - 2023-04-20 14:45:34 --> Session: Class initialized using 'CodeIgniter\Session\Handlers\FileHandler' driver.
INFO - 2023-04-20 14:45:35 --> CSRF cookie sent.
INFO - 2023-04-20 14:45:35 --> Session: Class initialized using 'CodeIgniter\Session\Handlers\FileHandler' driver.
INFO - 2023-04-20 14:45:36 --> CSRF cookie sent.
INFO - 2023-04-20 14:45:36 --> Session: Class initialized using 'CodeIgniter\Session\Handlers\FileHandler' driver.
INFO - 2023-04-20 14:45:37 --> CSRF cookie sent.
INFO - 2023-04-20 14:45:37 --> Session: Class initialized using 'CodeIgniter\Session\Handlers\FileHandler' driver.
INFO - 2023-04-20 14:45:38 --> CSRF cookie sent.
INFO - 2023-04-20 14:45:38 --> Session: Class initialized using 'CodeIgniter\Session\Handlers\FileHandler' driver.
INFO - 2023-04-20 14:45:39 --> CSRF cookie sent.
INFO - 2023-04-20 14:45:39 --> Session: Class initialized using 'CodeIgniter\Session\Handlers\FileHandler' driver.
INFO - 2023-04-20 14:45:40 --> CSRF cookie sent.
INFO - 2023-04-20 14:45:40 --> Session: Class initialized using 'CodeIgniter\Session\Handlers\FileHandler' driver.
INFO - 2023-04-20 14:45:41 --> CSRF cookie sent.
INFO - 2023-04-20 14:45:41 --> Session: Class initialized using 'CodeIgniter\Session\Handlers\FileHandler' driver.
INFO - 2023-04-20 14:55:51 --> CSRF cookie sent.
INFO - 2023-04-20 14:55:51 --> Session: Class initialized using 'CodeIgniter\Session\Handlers\FileHandler' driver.
INFO - 2023-04-20 14:55:52 --> CSRF cookie sent.
INFO - 2023-04-20 14:55:52 --> Session: Class initialized using 'CodeIgniter\Session\Handlers\FileHandler' driver.
INFO - 2023-04-20 14:55:53 --> CSRF cookie sent.
INFO - 2023-04-20 14:55:53 --> Session: Class initialized using 'CodeIgniter\Session\Handlers\FileHandler' driver.
INFO - 2023-04-20 15:23:14 --> CSRF cookie sent.
INFO - 2023-04-20 15:23:14 --> CSRF token verified.
INFO - 2023-04-20 15:23:14 --> Session: Class initialized using 'CodeIgniter\Session\Handlers\FileHandler' driver.
INFO - 2023-04-20 15:23:14 --> CSRF cookie sent.
INFO - 2023-04-20 15:23:14 --> Session: Class initialized using 'CodeIgniter\Session\Handlers\FileHandler' driver.
INFO - 2023-04-20 15:23:15 --> CSRF cookie sent.
INFO - 2023-04-20 15:23:15 --> Session: Class initialized using 'CodeIgniter\Session\Handlers\FileHandler' driver.
INFO - 2023-04-20 15:23:16 --> CSRF cookie sent.
INFO - 2023-04-20 15:23:16 --> Session: Class initialized using 'CodeIgniter\Session\Handlers\FileHandler' driver.
INFO - 2023-04-20 15:23:17 --> CSRF cookie sent.
INFO - 2023-04-20 15:23:17 --> Session: Class initialized using 'CodeIgniter\Session\Handlers\FileHandler' driver.
INFO - 2023-04-20 15:23:25 --> CSRF cookie sent.
INFO - 2023-04-20 15:23:25 --> Session: Class initialized using 'CodeIgniter\Session\Handlers\FileHandler' driver.
INFO - 2023-04-20 15:23:26 --> CSRF cookie sent.
INFO - 2023-04-20 15:23:26 --> Session: Class initialized using 'CodeIgniter\Session\Handlers\FileHandler' driver.
INFO - 2023-04-20 15:23:27 --> CSRF cookie sent.
INFO - 2023-04-20 15:23:27 --> Session: Class initialized using 'CodeIgniter\Session\Handlers\FileHandler' driver.
INFO - 2023-04-20 15:23:27 --> CSRF cookie sent.
INFO - 2023-04-20 15:23:27 --> Session: Class initialized using 'CodeIgniter\Session\Handlers\FileHandler' driver.
INFO - 2023-04-20 15:23:28 --> CSRF cookie sent.
INFO - 2023-04-20 15:23:28 --> Session: Class initialized using 'CodeIgniter\Session\Handlers\FileHandler' driver.
INFO - 2023-04-20 15:23:37 --> CSRF cookie sent.
INFO - 2023-04-20 15:23:37 --> Session: Class initialized using 'CodeIgniter\Session\Handlers\FileHandler' driver.
INFO - 2023-04-20 15:23:39 --> CSRF cookie sent.
INFO - 2023-04-20 15:23:39 --> Session: Class initialized using 'CodeIgniter\Session\Handlers\FileHandler' driver.
INFO - 2023-04-20 15:23:39 --> CSRF cookie sent.
INFO - 2023-04-20 15:23:39 --> Session: Class initialized using 'CodeIgniter\Session\Handlers\FileHandler' driver.
INFO - 2023-04-20 15:23:42 --> CSRF cookie sent.
INFO - 2023-04-20 15:23:42 --> Session: Class initialized using 'CodeIgniter\Session\Handlers\FileHandler' driver.
INFO - 2023-04-20 15:23:44 --> CSRF cookie sent.
INFO - 2023-04-20 15:23:44 --> Session: Class initialized using 'CodeIgniter\Session\Handlers\FileHandler' driver.
INFO - 2023-04-20 15:23:44 --> CSRF cookie sent.
INFO - 2023-04-20 15:23:44 --> Session: Class initialized using 'CodeIgniter\Session\Handlers\FileHandler' driver.
INFO - 2023-04-20 15:23:46 --> CSRF cookie sent.
INFO - 2023-04-20 15:23:46 --> Session: Class initialized using 'CodeIgniter\Session\Handlers\FileHandler' driver.
INFO - 2023-04-20 15:23:47 --> CSRF cookie sent.
INFO - 2023-04-20 15:23:47 --> Session: Class initialized using 'CodeIgniter\Session\Handlers\FileHandler' driver.
INFO - 2023-04-20 15:23:47 --> CSRF cookie sent.
INFO - 2023-04-20 15:23:47 --> Session: Class initialized using 'CodeIgniter\Session\Handlers\FileHandler' driver.
INFO - 2023-04-20 15:23:49 --> CSRF cookie sent.
INFO - 2023-04-20 15:23:49 --> CSRF cookie sent.
INFO - 2023-04-20 15:23:49 --> Session: Class initialized using 'CodeIgniter\Session\Handlers\FileHandler' driver.
INFO - 2023-04-20 15:23:50 --> Session: Class initialized using 'CodeIgniter\Session\Handlers\FileHandler' driver.
INFO - 2023-04-20 15:24:18 --> CSRF cookie sent.
INFO - 2023-04-20 15:24:18 --> CSRF token verified.
INFO - 2023-04-20 15:24:18 --> Session: Class initialized using 'CodeIgniter\Session\Handlers\FileHandler' driver.
INFO - 2023-04-20 15:24:19 --> CSRF cookie sent.
INFO - 2023-04-20 15:24:19 --> Session: Class initialized using 'CodeIgniter\Session\Handlers\FileHandler' driver.
INFO - 2023-04-20 15:24:19 --> CSRF cookie sent.
INFO - 2023-04-20 15:24:19 --> Session: Class initialized using 'CodeIgniter\Session\Handlers\FileHandler' driver.
INFO - 2023-04-20 15:24:20 --> CSRF cookie sent.
INFO - 2023-04-20 15:24:20 --> Session: Class initialized using 'CodeIgniter\Session\Handlers\FileHandler' driver.
INFO - 2023-04-20 15:34:56 --> CSRF cookie sent.
INFO - 2023-04-20 15:34:56 --> Session: Class initialized using 'CodeIgniter\Session\Handlers\FileHandler' driver.
INFO - 2023-04-20 15:34:56 --> CSRF cookie sent.
INFO - 2023-04-20 15:34:56 --> Session: Class initialized using 'CodeIgniter\Session\Handlers\FileHandler' driver.
INFO - 2023-04-20 15:34:57 --> CSRF cookie sent.
INFO - 2023-04-20 15:34:57 --> Session: Class initialized using 'CodeIgniter\Session\Handlers\FileHandler' driver.
INFO - 2023-04-20 15:37:45 --> CSRF cookie sent.
INFO - 2023-04-20 15:37:45 --> CSRF token verified.
INFO - 2023-04-20 15:37:45 --> Session: Class initialized using 'CodeIgniter\Session\Handlers\FileHandler' driver.
INFO - 2023-04-20 15:37:46 --> CSRF cookie sent.
INFO - 2023-04-20 15:37:46 --> Session: Class initialized using 'CodeIgniter\Session\Handlers\FileHandler' driver.
INFO - 2023-04-20 15:37:47 --> CSRF cookie sent.
INFO - 2023-04-20 15:37:47 --> Session: Class initialized using 'CodeIgniter\Session\Handlers\FileHandler' driver.
INFO - 2023-04-20 15:37:48 --> CSRF cookie sent.
INFO - 2023-04-20 15:37:48 --> Session: Class initialized using 'CodeIgniter\Session\Handlers\FileHandler' driver.
INFO - 2023-04-20 15:37:55 --> CSRF cookie sent.
INFO - 2023-04-20 15:37:55 --> Session: Class initialized using 'CodeIgniter\Session\Handlers\FileHandler' driver.
INFO - 2023-04-20 15:38:04 --> CSRF cookie sent.
INFO - 2023-04-20 15:38:04 --> Session: Class initialized using 'CodeIgniter\Session\Handlers\FileHandler' driver.
INFO - 2023-04-20 15:38:05 --> CSRF cookie sent.
INFO - 2023-04-20 15:38:05 --> Session: Class initialized using 'CodeIgniter\Session\Handlers\FileHandler' driver.
INFO - 2023-04-20 15:38:07 --> CSRF cookie sent.
INFO - 2023-04-20 15:38:07 --> Session: Class initialized using 'CodeIgniter\Session\Handlers\FileHandler' driver.
INFO - 2023-04-20 15:38:27 --> CSRF cookie sent.
INFO - 2023-04-20 15:38:27 --> CSRF token verified.
INFO - 2023-04-20 15:38:27 --> Session: Class initialized using 'CodeIgniter\Session\Handlers\FileHandler' driver.
INFO - 2023-04-20 15:38:28 --> CSRF cookie sent.
INFO - 2023-04-20 15:38:28 --> Session: Class initialized using 'CodeIgniter\Session\Handlers\FileHandler' driver.
INFO - 2023-04-20 15:38:30 --> CSRF cookie sent.
INFO - 2023-04-20 15:38:30 --> Session: Class initialized using 'CodeIgniter\Session\Handlers\FileHandler' driver.
INFO - 2023-04-20 15:38:30 --> CSRF cookie sent.
INFO - 2023-04-20 15:38:30 --> Session: Class initialized using 'CodeIgniter\Session\Handlers\FileHandler' driver.
INFO - 2023-04-20 15:38:30 --> CSRF cookie sent.
INFO - 2023-04-20 15:38:30 --> Session: Class initialized using 'CodeIgniter\Session\Handlers\FileHandler' driver.
INFO - 2023-04-20 15:38:31 --> CSRF cookie sent.
INFO - 2023-04-20 15:38:31 --> Session: Class initialized using 'CodeIgniter\Session\Handlers\FileHandler' driver.
INFO - 2023-04-20 15:38:32 --> CSRF cookie sent.
INFO - 2023-04-20 15:38:32 --> Session: Class initialized using 'CodeIgniter\Session\Handlers\FileHandler' driver.
INFO - 2023-04-20 15:38:45 --> CSRF cookie sent.
INFO - 2023-04-20 15:38:45 --> Session: Class initialized using 'CodeIgniter\Session\Handlers\FileHandler' driver.
INFO - 2023-04-20 15:38:46 --> CSRF cookie sent.
INFO - 2023-04-20 15:38:46 --> Session: Class initialized using 'CodeIgniter\Session\Handlers\FileHandler' driver.
INFO - 2023-04-20 15:38:46 --> CSRF cookie sent.
INFO - 2023-04-20 15:38:46 --> Session: Class initialized using 'CodeIgniter\Session\Handlers\FileHandler' driver.
INFO - 2023-04-20 15:38:52 --> CSRF cookie sent.
INFO - 2023-04-20 15:38:52 --> Session: Class initialized using 'CodeIgniter\Session\Handlers\FileHandler' driver.
INFO - 2023-04-20 15:39:00 --> CSRF cookie sent.
INFO - 2023-04-20 15:39:00 --> Session: Class initialized using 'CodeIgniter\Session\Handlers\FileHandler' driver.
INFO - 2023-04-20 15:39:01 --> CSRF cookie sent.
INFO - 2023-04-20 15:39:01 --> Session: Class initialized using 'CodeIgniter\Session\Handlers\FileHandler' driver.
INFO - 2023-04-20 15:39:03 --> CSRF cookie sent.
INFO - 2023-04-20 15:39:03 --> Session: Class initialized using 'CodeIgniter\Session\Handlers\FileHandler' driver.
INFO - 2023-04-20 15:39:23 --> CSRF cookie sent.
INFO - 2023-04-20 15:39:23 --> CSRF token verified.
INFO - 2023-04-20 15:39:23 --> Session: Class initialized using 'CodeIgniter\Session\Handlers\FileHandler' driver.
INFO - 2023-04-20 15:39:24 --> CSRF cookie sent.
INFO - 2023-04-20 15:39:24 --> Session: Class initialized using 'CodeIgniter\Session\Handlers\FileHandler' driver.
INFO - 2023-04-20 15:39:26 --> CSRF cookie sent.
INFO - 2023-04-20 15:39:26 --> Session: Class initialized using 'CodeIgniter\Session\Handlers\FileHandler' driver.
INFO - 2023-04-20 15:39:26 --> CSRF cookie sent.
INFO - 2023-04-20 15:39:26 --> Session: Class initialized using 'CodeIgniter\Session\Handlers\FileHandler' driver.
INFO - 2023-04-20 15:39:27 --> CSRF cookie sent.
INFO - 2023-04-20 15:39:27 --> Session: Class initialized using 'CodeIgniter\Session\Handlers\FileHandler' driver.
INFO - 2023-04-20 15:39:28 --> CSRF cookie sent.
INFO - 2023-04-20 15:39:28 --> Session: Class initialized using 'CodeIgniter\Session\Handlers\FileHandler' driver.
INFO - 2023-04-20 15:39:29 --> CSRF cookie sent.
INFO - 2023-04-20 15:39:29 --> Session: Class initialized using 'CodeIgniter\Session\Handlers\FileHandler' driver.
INFO - 2023-04-20 15:39:35 --> CSRF cookie sent.
INFO - 2023-04-20 15:39:35 --> Session: Class initialized using 'CodeIgniter\Session\Handlers\FileHandler' driver.
INFO - 2023-04-20 15:39:36 --> CSRF cookie sent.
INFO - 2023-04-20 15:39:36 --> Session: Class initialized using 'CodeIgniter\Session\Handlers\FileHandler' driver.
INFO - 2023-04-20 15:39:36 --> CSRF cookie sent.
INFO - 2023-04-20 15:39:36 --> Session: Class initialized using 'CodeIgniter\Session\Handlers\FileHandler' driver.
INFO - 2023-04-20 15:39:42 --> CSRF cookie sent.
INFO - 2023-04-20 15:39:42 --> Session: Class initialized using 'CodeIgniter\Session\Handlers\FileHandler' driver.
INFO - 2023-04-20 15:39:49 --> CSRF cookie sent.
INFO - 2023-04-20 15:39:49 --> Session: Class initialized using 'CodeIgniter\Session\Handlers\FileHandler' driver.
INFO - 2023-04-20 15:39:50 --> CSRF cookie sent.
INFO - 2023-04-20 15:39:50 --> Session: Class initialized using 'CodeIgniter\Session\Handlers\FileHandler' driver.
INFO - 2023-04-20 15:39:54 --> CSRF cookie sent.
INFO - 2023-04-20 15:39:54 --> Session: Class initialized using 'CodeIgniter\Session\Handlers\FileHandler' driver.
INFO - 2023-04-20 15:40:19 --> CSRF cookie sent.
INFO - 2023-04-20 15:40:19 --> CSRF token verified.
INFO - 2023-04-20 15:40:19 --> Session: Class initialized using 'CodeIgniter\Session\Handlers\FileHandler' driver.
INFO - 2023-04-20 15:40:19 --> CSRF cookie sent.
INFO - 2023-04-20 15:40:19 --> Session: Class initialized using 'CodeIgniter\Session\Handlers\FileHandler' driver.
INFO - 2023-04-20 15:40:21 --> CSRF cookie sent.
INFO - 2023-04-20 15:40:21 --> Session: Class initialized using 'CodeIgniter\Session\Handlers\FileHandler' driver.
INFO - 2023-04-20 15:40:21 --> CSRF cookie sent.
INFO - 2023-04-20 15:40:21 --> Session: Class initialized using 'CodeIgniter\Session\Handlers\FileHandler' driver.
INFO - 2023-04-20 15:40:22 --> CSRF cookie sent.
INFO - 2023-04-20 15:40:22 --> Session: Class initialized using 'CodeIgniter\Session\Handlers\FileHandler' driver.
INFO - 2023-04-20 15:40:23 --> CSRF cookie sent.
INFO - 2023-04-20 15:40:23 --> Session: Class initialized using 'CodeIgniter\Session\Handlers\FileHandler' driver.
INFO - 2023-04-20 15:40:24 --> CSRF cookie sent.
INFO - 2023-04-20 15:40:24 --> Session: Class initialized using 'CodeIgniter\Session\Handlers\FileHandler' driver.
INFO - 2023-04-20 15:40:44 --> CSRF cookie sent.
INFO - 2023-04-20 15:40:44 --> Session: Class initialized using 'CodeIgniter\Session\Handlers\FileHandler' driver.
INFO - 2023-04-20 15:40:45 --> CSRF cookie sent.
INFO - 2023-04-20 15:40:45 --> Session: Class initialized using 'CodeIgniter\Session\Handlers\FileHandler' driver.
INFO - 2023-04-20 15:40:46 --> CSRF cookie sent.
INFO - 2023-04-20 15:40:46 --> Session: Class initialized using 'CodeIgniter\Session\Handlers\FileHandler' driver.
INFO - 2023-04-20 15:40:46 --> CSRF cookie sent.
INFO - 2023-04-20 15:40:46 --> Session: Class initialized using 'CodeIgniter\Session\Handlers\FileHandler' driver.
INFO - 2023-04-20 15:40:54 --> CSRF cookie sent.
INFO - 2023-04-20 15:40:54 --> Session: Class initialized using 'CodeIgniter\Session\Handlers\FileHandler' driver.
INFO - 2023-04-20 15:40:55 --> CSRF cookie sent.
INFO - 2023-04-20 15:40:55 --> Session: Class initialized using 'CodeIgniter\Session\Handlers\FileHandler' driver.
INFO - 2023-04-20 15:40:58 --> CSRF cookie sent.
INFO - 2023-04-20 15:40:58 --> Session: Class initialized using 'CodeIgniter\Session\Handlers\FileHandler' driver.
INFO - 2023-04-20 15:41:26 --> CSRF cookie sent.
INFO - 2023-04-20 15:41:26 --> CSRF token verified.
INFO - 2023-04-20 15:41:26 --> Session: Class initialized using 'CodeIgniter\Session\Handlers\FileHandler' driver.
INFO - 2023-04-20 15:41:26 --> CSRF cookie sent.
INFO - 2023-04-20 15:41:26 --> Session: Class initialized using 'CodeIgniter\Session\Handlers\FileHandler' driver.
INFO - 2023-04-20 15:41:28 --> CSRF cookie sent.
INFO - 2023-04-20 15:41:28 --> Session: Class initialized using 'CodeIgniter\Session\Handlers\FileHandler' driver.
INFO - 2023-04-20 15:41:28 --> CSRF cookie sent.
INFO - 2023-04-20 15:41:28 --> Session: Class initialized using 'CodeIgniter\Session\Handlers\FileHandler' driver.
INFO - 2023-04-20 15:41:30 --> CSRF cookie sent.
INFO - 2023-04-20 15:41:30 --> Session: Class initialized using 'CodeIgniter\Session\Handlers\FileHandler' driver.
INFO - 2023-04-20 15:41:32 --> CSRF cookie sent.
INFO - 2023-04-20 15:41:32 --> Session: Class initialized using 'CodeIgniter\Session\Handlers\FileHandler' driver.
INFO - 2023-04-20 15:42:11 --> CSRF cookie sent.
INFO - 2023-04-20 15:42:11 --> Session: Class initialized using 'CodeIgniter\Session\Handlers\FileHandler' driver.
INFO - 2023-04-20 15:42:11 --> CSRF cookie sent.
INFO - 2023-04-20 15:42:11 --> Session: Class initialized using 'CodeIgniter\Session\Handlers\FileHandler' driver.
INFO - 2023-04-20 15:42:12 --> CSRF cookie sent.
INFO - 2023-04-20 15:42:12 --> Session: Class initialized using 'CodeIgniter\Session\Handlers\FileHandler' driver.
INFO - 2023-04-20 15:42:15 --> CSRF cookie sent.
INFO - 2023-04-20 15:42:15 --> Session: Class initialized using 'CodeIgniter\Session\Handlers\FileHandler' driver.
INFO - 2023-04-20 15:42:23 --> CSRF cookie sent.
INFO - 2023-04-20 15:42:23 --> Session: Class initialized using 'CodeIgniter\Session\Handlers\FileHandler' driver.
INFO - 2023-04-20 15:42:23 --> CSRF cookie sent.
INFO - 2023-04-20 15:42:23 --> Session: Class initialized using 'CodeIgniter\Session\Handlers\FileHandler' driver.
INFO - 2023-04-20 15:42:26 --> CSRF cookie sent.
INFO - 2023-04-20 15:42:26 --> Session: Class initialized using 'CodeIgniter\Session\Handlers\FileHandler' driver.
INFO - 2023-04-20 15:42:45 --> CSRF cookie sent.
INFO - 2023-04-20 15:42:45 --> CSRF token verified.
INFO - 2023-04-20 15:42:45 --> Session: Class initialized using 'CodeIgniter\Session\Handlers\FileHandler' driver.
INFO - 2023-04-20 15:42:46 --> CSRF cookie sent.
INFO - 2023-04-20 15:42:46 --> Session: Class initialized using 'CodeIgniter\Session\Handlers\FileHandler' driver.
INFO - 2023-04-20 15:42:48 --> CSRF cookie sent.
INFO - 2023-04-20 15:42:48 --> Session: Class initialized using 'CodeIgniter\Session\Handlers\FileHandler' driver.
INFO - 2023-04-20 15:42:48 --> CSRF cookie sent.
INFO - 2023-04-20 15:42:48 --> Session: Class initialized using 'CodeIgniter\Session\Handlers\FileHandler' driver.
INFO - 2023-04-20 15:42:50 --> CSRF cookie sent.
INFO - 2023-04-20 15:42:50 --> Session: Class initialized using 'CodeIgniter\Session\Handlers\FileHandler' driver.
INFO - 2023-04-20 15:42:50 --> CSRF cookie sent.
INFO - 2023-04-20 15:42:50 --> Session: Class initialized using 'CodeIgniter\Session\Handlers\FileHandler' driver.
INFO - 2023-04-20 15:42:56 --> CSRF cookie sent.
INFO - 2023-04-20 15:42:56 --> Session: Class initialized using 'CodeIgniter\Session\Handlers\FileHandler' driver.
INFO - 2023-04-20 15:42:57 --> CSRF cookie sent.
INFO - 2023-04-20 15:42:57 --> Session: Class initialized using 'CodeIgniter\Session\Handlers\FileHandler' driver.
INFO - 2023-04-20 15:42:58 --> CSRF cookie sent.
INFO - 2023-04-20 15:42:58 --> Session: Class initialized using 'CodeIgniter\Session\Handlers\FileHandler' driver.
INFO - 2023-04-20 15:43:05 --> CSRF cookie sent.
INFO - 2023-04-20 15:43:05 --> Session: Class initialized using 'CodeIgniter\Session\Handlers\FileHandler' driver.
INFO - 2023-04-20 15:43:15 --> CSRF cookie sent.
INFO - 2023-04-20 15:43:15 --> Session: Class initialized using 'CodeIgniter\Session\Handlers\FileHandler' driver.
INFO - 2023-04-20 15:43:16 --> CSRF cookie sent.
INFO - 2023-04-20 15:43:16 --> Session: Class initialized using 'CodeIgniter\Session\Handlers\FileHandler' driver.
INFO - 2023-04-20 15:43:18 --> CSRF cookie sent.
INFO - 2023-04-20 15:43:18 --> Session: Class initialized using 'CodeIgniter\Session\Handlers\FileHandler' driver.
INFO - 2023-04-20 15:43:23 --> CSRF cookie sent.
INFO - 2023-04-20 15:43:23 --> Session: Class initialized using 'CodeIgniter\Session\Handlers\FileHandler' driver.
INFO - 2023-04-20 15:44:12 --> CSRF cookie sent.
INFO - 2023-04-20 15:44:12 --> CSRF token verified.
INFO - 2023-04-20 15:44:12 --> Session: Class initialized using 'CodeIgniter\Session\Handlers\FileHandler' driver.
INFO - 2023-04-20 15:44:13 --> CSRF cookie sent.
INFO - 2023-04-20 15:44:13 --> Session: Class initialized using 'CodeIgniter\Session\Handlers\FileHandler' driver.
INFO - 2023-04-20 15:44:15 --> CSRF cookie sent.
INFO - 2023-04-20 15:44:15 --> Session: Class initialized using 'CodeIgniter\Session\Handlers\FileHandler' driver.
INFO - 2023-04-20 15:44:16 --> CSRF cookie sent.
INFO - 2023-04-20 15:44:16 --> Session: Class initialized using 'CodeIgniter\Session\Handlers\FileHandler' driver.
INFO - 2023-04-20 15:44:16 --> CSRF cookie sent.
INFO - 2023-04-20 15:44:16 --> Session: Class initialized using 'CodeIgniter\Session\Handlers\FileHandler' driver.
INFO - 2023-04-20 15:44:19 --> CSRF cookie sent.
INFO - 2023-04-20 15:44:19 --> Session: Class initialized using 'CodeIgniter\Session\Handlers\FileHandler' driver.
INFO - 2023-04-20 15:44:55 --> CSRF cookie sent.
INFO - 2023-04-20 15:44:55 --> Session: Class initialized using 'CodeIgniter\Session\Handlers\FileHandler' driver.
INFO - 2023-04-20 15:44:56 --> CSRF cookie sent.
INFO - 2023-04-20 15:44:56 --> Session: Class initialized using 'CodeIgniter\Session\Handlers\FileHandler' driver.
INFO - 2023-04-20 15:44:56 --> CSRF cookie sent.
INFO - 2023-04-20 15:44:56 --> Session: Class initialized using 'CodeIgniter\Session\Handlers\FileHandler' driver.
INFO - 2023-04-20 15:44:59 --> CSRF cookie sent.
INFO - 2023-04-20 15:44:59 --> Session: Class initialized using 'CodeIgniter\Session\Handlers\FileHandler' driver.
INFO - 2023-04-20 15:45:07 --> CSRF cookie sent.
INFO - 2023-04-20 15:45:07 --> Session: Class initialized using 'CodeIgniter\Session\Handlers\FileHandler' driver.
INFO - 2023-04-20 15:45:08 --> CSRF cookie sent.
INFO - 2023-04-20 15:45:08 --> Session: Class initialized using 'CodeIgniter\Session\Handlers\FileHandler' driver.
INFO - 2023-04-20 15:45:10 --> CSRF cookie sent.
INFO - 2023-04-20 15:45:10 --> Session: Class initialized using 'CodeIgniter\Session\Handlers\FileHandler' driver.
INFO - 2023-04-20 15:45:23 --> CSRF cookie sent.
INFO - 2023-04-20 15:45:23 --> CSRF token verified.
INFO - 2023-04-20 15:45:23 --> Session: Class initialized using 'CodeIgniter\Session\Handlers\FileHandler' driver.
INFO - 2023-04-20 15:45:24 --> CSRF cookie sent.
INFO - 2023-04-20 15:45:24 --> Session: Class initialized using 'CodeIgniter\Session\Handlers\FileHandler' driver.
INFO - 2023-04-20 15:45:25 --> CSRF cookie sent.
INFO - 2023-04-20 15:45:25 --> Session: Class initialized using 'CodeIgniter\Session\Handlers\FileHandler' driver.
INFO - 2023-04-20 15:45:26 --> CSRF cookie sent.
INFO - 2023-04-20 15:45:26 --> Session: Class initialized using 'CodeIgniter\Session\Handlers\FileHandler' driver.
INFO - 2023-04-20 15:45:27 --> CSRF cookie sent.
INFO - 2023-04-20 15:45:27 --> Session: Class initialized using 'CodeIgniter\Session\Handlers\FileHandler' driver.
INFO - 2023-04-20 15:45:28 --> CSRF cookie sent.
INFO - 2023-04-20 15:45:28 --> Session: Class initialized using 'CodeIgniter\Session\Handlers\FileHandler' driver.
INFO - 2023-04-20 15:45:42 --> CSRF cookie sent.
INFO - 2023-04-20 15:45:42 --> Session: Class initialized using 'CodeIgniter\Session\Handlers\FileHandler' driver.
INFO - 2023-04-20 15:45:42 --> CSRF cookie sent.
INFO - 2023-04-20 15:45:42 --> Session: Class initialized using 'CodeIgniter\Session\Handlers\FileHandler' driver.
INFO - 2023-04-20 15:45:43 --> CSRF cookie sent.
INFO - 2023-04-20 15:45:43 --> Session: Class initialized using 'CodeIgniter\Session\Handlers\FileHandler' driver.
INFO - 2023-04-20 15:45:44 --> CSRF cookie sent.
INFO - 2023-04-20 15:45:44 --> Session: Class initialized using 'CodeIgniter\Session\Handlers\FileHandler' driver.
INFO - 2023-04-20 15:45:59 --> CSRF cookie sent.
INFO - 2023-04-20 15:45:59 --> Session: Class initialized using 'CodeIgniter\Session\Handlers\FileHandler' driver.
INFO - 2023-04-20 15:46:00 --> CSRF cookie sent.
INFO - 2023-04-20 15:46:00 --> Session: Class initialized using 'CodeIgniter\Session\Handlers\FileHandler' driver.
INFO - 2023-04-20 15:46:02 --> CSRF cookie sent.
INFO - 2023-04-20 15:46:02 --> Session: Class initialized using 'CodeIgniter\Session\Handlers\FileHandler' driver.
INFO - 2023-04-20 15:46:21 --> CSRF cookie sent.
INFO - 2023-04-20 15:46:21 --> CSRF token verified.
INFO - 2023-04-20 15:46:21 --> Session: Class initialized using 'CodeIgniter\Session\Handlers\FileHandler' driver.
INFO - 2023-04-20 15:46:21 --> CSRF cookie sent.
INFO - 2023-04-20 15:46:21 --> Session: Class initialized using 'CodeIgniter\Session\Handlers\FileHandler' driver.
INFO - 2023-04-20 15:46:23 --> CSRF cookie sent.
INFO - 2023-04-20 15:46:23 --> Session: Class initialized using 'CodeIgniter\Session\Handlers\FileHandler' driver.
INFO - 2023-04-20 15:46:23 --> CSRF cookie sent.
INFO - 2023-04-20 15:46:23 --> Session: Class initialized using 'CodeIgniter\Session\Handlers\FileHandler' driver.
INFO - 2023-04-20 15:46:24 --> CSRF cookie sent.
INFO - 2023-04-20 15:46:24 --> Session: Class initialized using 'CodeIgniter\Session\Handlers\FileHandler' driver.
INFO - 2023-04-20 15:46:25 --> CSRF cookie sent.
INFO - 2023-04-20 15:46:25 --> Session: Class initialized using 'CodeIgniter\Session\Handlers\FileHandler' driver.
INFO - 2023-04-20 15:46:37 --> CSRF cookie sent.
INFO - 2023-04-20 15:46:37 --> Session: Class initialized using 'CodeIgniter\Session\Handlers\FileHandler' driver.
INFO - 2023-04-20 15:46:38 --> CSRF cookie sent.
INFO - 2023-04-20 15:46:38 --> Session: Class initialized using 'CodeIgniter\Session\Handlers\FileHandler' driver.
INFO - 2023-04-20 15:46:39 --> CSRF cookie sent.
INFO - 2023-04-20 15:46:39 --> Session: Class initialized using 'CodeIgniter\Session\Handlers\FileHandler' driver.
INFO - 2023-04-20 15:46:40 --> CSRF cookie sent.
INFO - 2023-04-20 15:46:40 --> Session: Class initialized using 'CodeIgniter\Session\Handlers\FileHandler' driver.
INFO - 2023-04-20 15:46:47 --> CSRF cookie sent.
INFO - 2023-04-20 15:46:47 --> Session: Class initialized using 'CodeIgniter\Session\Handlers\FileHandler' driver.
INFO - 2023-04-20 15:46:48 --> CSRF cookie sent.
INFO - 2023-04-20 15:46:48 --> Session: Class initialized using 'CodeIgniter\Session\Handlers\FileHandler' driver.
INFO - 2023-04-20 15:46:51 --> CSRF cookie sent.
INFO - 2023-04-20 15:46:51 --> Session: Class initialized using 'CodeIgniter\Session\Handlers\FileHandler' driver.
INFO - 2023-04-20 15:47:12 --> CSRF cookie sent.
INFO - 2023-04-20 15:47:12 --> CSRF token verified.
INFO - 2023-04-20 15:47:12 --> Session: Class initialized using 'CodeIgniter\Session\Handlers\FileHandler' driver.
INFO - 2023-04-20 15:47:12 --> CSRF cookie sent.
INFO - 2023-04-20 15:47:12 --> Session: Class initialized using 'CodeIgniter\Session\Handlers\FileHandler' driver.
INFO - 2023-04-20 15:47:14 --> CSRF cookie sent.
INFO - 2023-04-20 15:47:14 --> Session: Class initialized using 'CodeIgniter\Session\Handlers\FileHandler' driver.
INFO - 2023-04-20 15:47:14 --> CSRF cookie sent.
INFO - 2023-04-20 15:47:14 --> Session: Class initialized using 'CodeIgniter\Session\Handlers\FileHandler' driver.
INFO - 2023-04-20 15:47:15 --> CSRF cookie sent.
INFO - 2023-04-20 15:47:15 --> Session: Class initialized using 'CodeIgniter\Session\Handlers\FileHandler' driver.
INFO - 2023-04-20 15:47:16 --> CSRF cookie sent.
INFO - 2023-04-20 15:47:16 --> Session: Class initialized using 'CodeIgniter\Session\Handlers\FileHandler' driver.
INFO - 2023-04-20 15:47:33 --> CSRF cookie sent.
INFO - 2023-04-20 15:47:33 --> Session: Class initialized using 'CodeIgniter\Session\Handlers\FileHandler' driver.
INFO - 2023-04-20 15:47:33 --> CSRF cookie sent.
INFO - 2023-04-20 15:47:33 --> Session: Class initialized using 'CodeIgniter\Session\Handlers\FileHandler' driver.
INFO - 2023-04-20 15:47:33 --> CSRF cookie sent.
INFO - 2023-04-20 15:47:33 --> Session: Class initialized using 'CodeIgniter\Session\Handlers\FileHandler' driver.
