INFO - 2023-01-25 08:10:16 --> CSRF cookie sent.
INFO - 2023-01-25 08:10:16 --> Session: Class initialized using 'CodeIgniter\Session\Handlers\FileHandler' driver.
INFO - 2023-01-25 08:10:18 --> CSRF cookie sent.
INFO - 2023-01-25 08:10:18 --> Session: Class initialized using 'CodeIgniter\Session\Handlers\FileHandler' driver.
INFO - 2023-01-25 08:10:27 --> CSRF cookie sent.
INFO - 2023-01-25 08:10:27 --> CSRF token verified.
INFO - 2023-01-25 08:10:27 --> Session: Class initialized using 'CodeIgniter\Session\Handlers\FileHandler' driver.
INFO - 2023-01-25 08:10:33 --> CSRF cookie sent.
INFO - 2023-01-25 08:10:33 --> Session: Class initialized using 'CodeIgniter\Session\Handlers\FileHandler' driver.
INFO - 2023-01-25 08:10:34 --> CSRF cookie sent.
INFO - 2023-01-25 08:10:34 --> Session: Class initialized using 'CodeIgniter\Session\Handlers\FileHandler' driver.
INFO - 2023-01-25 08:10:36 --> CSRF cookie sent.
INFO - 2023-01-25 08:10:36 --> Session: Class initialized using 'CodeIgniter\Session\Handlers\FileHandler' driver.
INFO - 2023-01-25 08:10:37 --> CSRF cookie sent.
INFO - 2023-01-25 08:10:37 --> Session: Class initialized using 'CodeIgniter\Session\Handlers\FileHandler' driver.
INFO - 2023-01-25 08:10:38 --> CSRF cookie sent.
INFO - 2023-01-25 08:10:38 --> Session: Class initialized using 'CodeIgniter\Session\Handlers\FileHandler' driver.
INFO - 2023-01-25 08:10:42 --> CSRF cookie sent.
INFO - 2023-01-25 08:10:42 --> Session: Class initialized using 'CodeIgniter\Session\Handlers\FileHandler' driver.
INFO - 2023-01-25 08:10:44 --> CSRF cookie sent.
INFO - 2023-01-25 08:10:44 --> Session: Class initialized using 'CodeIgniter\Session\Handlers\FileHandler' driver.
INFO - 2023-01-25 08:10:44 --> CSRF cookie sent.
INFO - 2023-01-25 08:10:44 --> Session: Class initialized using 'CodeIgniter\Session\Handlers\FileHandler' driver.
INFO - 2023-01-25 08:10:47 --> CSRF cookie sent.
INFO - 2023-01-25 08:10:47 --> Session: Class initialized using 'CodeIgniter\Session\Handlers\FileHandler' driver.
INFO - 2023-01-25 08:10:49 --> CSRF cookie sent.
INFO - 2023-01-25 08:10:49 --> Session: Class initialized using 'CodeIgniter\Session\Handlers\FileHandler' driver.
INFO - 2023-01-25 08:10:49 --> CSRF cookie sent.
INFO - 2023-01-25 08:10:49 --> Session: Class initialized using 'CodeIgniter\Session\Handlers\FileHandler' driver.
INFO - 2023-01-25 08:21:00 --> CSRF cookie sent.
INFO - 2023-01-25 08:21:00 --> Session: Class initialized using 'CodeIgniter\Session\Handlers\FileHandler' driver.
INFO - 2023-01-25 08:21:00 --> CSRF cookie sent.
INFO - 2023-01-25 08:21:00 --> Session: Class initialized using 'CodeIgniter\Session\Handlers\FileHandler' driver.
INFO - 2023-01-25 08:21:00 --> CSRF cookie sent.
INFO - 2023-01-25 08:21:00 --> Session: Class initialized using 'CodeIgniter\Session\Handlers\FileHandler' driver.
INFO - 2023-01-25 08:35:30 --> CSRF cookie sent.
INFO - 2023-01-25 08:35:30 --> CSRF token verified.
INFO - 2023-01-25 08:35:30 --> Session: Class initialized using 'CodeIgniter\Session\Handlers\FileHandler' driver.
INFO - 2023-01-25 08:35:31 --> CSRF cookie sent.
INFO - 2023-01-25 08:35:31 --> Session: Class initialized using 'CodeIgniter\Session\Handlers\FileHandler' driver.
INFO - 2023-01-25 08:35:31 --> CSRF cookie sent.
INFO - 2023-01-25 08:35:31 --> Session: Class initialized using 'CodeIgniter\Session\Handlers\FileHandler' driver.
INFO - 2023-01-25 08:35:32 --> CSRF cookie sent.
INFO - 2023-01-25 08:35:32 --> Session: Class initialized using 'CodeIgniter\Session\Handlers\FileHandler' driver.
INFO - 2023-01-25 08:35:33 --> CSRF cookie sent.
INFO - 2023-01-25 08:35:33 --> Session: Class initialized using 'CodeIgniter\Session\Handlers\FileHandler' driver.
INFO - 2023-01-25 08:35:35 --> CSRF cookie sent.
INFO - 2023-01-25 08:35:35 --> Session: Class initialized using 'CodeIgniter\Session\Handlers\FileHandler' driver.
INFO - 2023-01-25 08:35:35 --> CSRF cookie sent.
INFO - 2023-01-25 08:35:35 --> Session: Class initialized using 'CodeIgniter\Session\Handlers\FileHandler' driver.
INFO - 2023-01-25 08:35:38 --> CSRF cookie sent.
INFO - 2023-01-25 08:35:38 --> Session: Class initialized using 'CodeIgniter\Session\Handlers\FileHandler' driver.
INFO - 2023-01-25 08:35:39 --> CSRF cookie sent.
INFO - 2023-01-25 08:35:39 --> Session: Class initialized using 'CodeIgniter\Session\Handlers\FileHandler' driver.
INFO - 2023-01-25 08:35:40 --> CSRF cookie sent.
INFO - 2023-01-25 08:35:40 --> Session: Class initialized using 'CodeIgniter\Session\Handlers\FileHandler' driver.
INFO - 2023-01-25 08:35:41 --> CSRF cookie sent.
INFO - 2023-01-25 08:35:41 --> Session: Class initialized using 'CodeIgniter\Session\Handlers\FileHandler' driver.
INFO - 2023-01-25 08:35:42 --> CSRF cookie sent.
INFO - 2023-01-25 08:35:42 --> Session: Class initialized using 'CodeIgniter\Session\Handlers\FileHandler' driver.
INFO - 2023-01-25 08:35:42 --> CSRF cookie sent.
INFO - 2023-01-25 08:35:42 --> Session: Class initialized using 'CodeIgniter\Session\Handlers\FileHandler' driver.
INFO - 2023-01-25 08:38:01 --> CSRF cookie sent.
INFO - 2023-01-25 08:38:01 --> Session: Class initialized using 'CodeIgniter\Session\Handlers\FileHandler' driver.
INFO - 2023-01-25 08:38:02 --> CSRF cookie sent.
INFO - 2023-01-25 08:38:02 --> Session: Class initialized using 'CodeIgniter\Session\Handlers\FileHandler' driver.
INFO - 2023-01-25 08:38:03 --> CSRF cookie sent.
INFO - 2023-01-25 08:38:03 --> Session: Class initialized using 'CodeIgniter\Session\Handlers\FileHandler' driver.
INFO - 2023-01-25 08:38:06 --> CSRF cookie sent.
INFO - 2023-01-25 08:38:06 --> Session: Class initialized using 'CodeIgniter\Session\Handlers\FileHandler' driver.
INFO - 2023-01-25 08:38:07 --> CSRF cookie sent.
INFO - 2023-01-25 08:38:07 --> Session: Class initialized using 'CodeIgniter\Session\Handlers\FileHandler' driver.
INFO - 2023-01-25 08:38:08 --> CSRF cookie sent.
INFO - 2023-01-25 08:38:08 --> Session: Class initialized using 'CodeIgniter\Session\Handlers\FileHandler' driver.
INFO - 2023-01-25 08:38:12 --> CSRF cookie sent.
INFO - 2023-01-25 08:38:12 --> Session: Class initialized using 'CodeIgniter\Session\Handlers\FileHandler' driver.
INFO - 2023-01-25 08:38:13 --> CSRF cookie sent.
INFO - 2023-01-25 08:38:13 --> Session: Class initialized using 'CodeIgniter\Session\Handlers\FileHandler' driver.
INFO - 2023-01-25 08:38:14 --> CSRF cookie sent.
INFO - 2023-01-25 08:38:14 --> Session: Class initialized using 'CodeIgniter\Session\Handlers\FileHandler' driver.
INFO - 2023-01-25 08:38:16 --> CSRF cookie sent.
INFO - 2023-01-25 08:38:16 --> Session: Class initialized using 'CodeIgniter\Session\Handlers\FileHandler' driver.
INFO - 2023-01-25 08:38:17 --> CSRF cookie sent.
INFO - 2023-01-25 08:38:17 --> Session: Class initialized using 'CodeIgniter\Session\Handlers\FileHandler' driver.
INFO - 2023-01-25 08:38:17 --> CSRF cookie sent.
INFO - 2023-01-25 08:38:17 --> Session: Class initialized using 'CodeIgniter\Session\Handlers\FileHandler' driver.
INFO - 2023-01-25 08:48:27 --> CSRF cookie sent.
INFO - 2023-01-25 08:48:27 --> Session: Class initialized using 'CodeIgniter\Session\Handlers\FileHandler' driver.
INFO - 2023-01-25 08:48:28 --> CSRF cookie sent.
INFO - 2023-01-25 08:48:28 --> Session: Class initialized using 'CodeIgniter\Session\Handlers\FileHandler' driver.
INFO - 2023-01-25 08:48:28 --> CSRF cookie sent.
INFO - 2023-01-25 08:48:28 --> Session: Class initialized using 'CodeIgniter\Session\Handlers\FileHandler' driver.
INFO - 2023-01-25 08:57:02 --> CSRF cookie sent.
INFO - 2023-01-25 08:57:02 --> Session: Class initialized using 'CodeIgniter\Session\Handlers\FileHandler' driver.
INFO - 2023-01-25 08:57:03 --> CSRF cookie sent.
INFO - 2023-01-25 08:57:03 --> Session: Class initialized using 'CodeIgniter\Session\Handlers\FileHandler' driver.
INFO - 2023-01-25 08:57:32 --> CSRF cookie sent.
INFO - 2023-01-25 08:57:32 --> CSRF token verified.
INFO - 2023-01-25 08:57:32 --> Session: Class initialized using 'CodeIgniter\Session\Handlers\FileHandler' driver.
INFO - 2023-01-25 08:57:32 --> CSRF cookie sent.
INFO - 2023-01-25 08:57:32 --> Session: Class initialized using 'CodeIgniter\Session\Handlers\FileHandler' driver.
INFO - 2023-01-25 08:57:33 --> CSRF cookie sent.
INFO - 2023-01-25 08:57:33 --> Session: Class initialized using 'CodeIgniter\Session\Handlers\FileHandler' driver.
INFO - 2023-01-25 08:57:33 --> CSRF cookie sent.
INFO - 2023-01-25 08:57:33 --> Session: Class initialized using 'CodeIgniter\Session\Handlers\FileHandler' driver.
INFO - 2023-01-25 08:57:34 --> CSRF cookie sent.
INFO - 2023-01-25 08:57:34 --> Session: Class initialized using 'CodeIgniter\Session\Handlers\FileHandler' driver.
INFO - 2023-01-25 08:57:39 --> CSRF cookie sent.
INFO - 2023-01-25 08:57:40 --> Session: Class initialized using 'CodeIgniter\Session\Handlers\FileHandler' driver.
INFO - 2023-01-25 08:57:41 --> CSRF cookie sent.
INFO - 2023-01-25 08:57:41 --> Session: Class initialized using 'CodeIgniter\Session\Handlers\FileHandler' driver.
INFO - 2023-01-25 08:57:42 --> CSRF cookie sent.
INFO - 2023-01-25 08:57:42 --> Session: Class initialized using 'CodeIgniter\Session\Handlers\FileHandler' driver.
INFO - 2023-01-25 08:57:49 --> CSRF cookie sent.
INFO - 2023-01-25 08:57:49 --> Session: Class initialized using 'CodeIgniter\Session\Handlers\FileHandler' driver.
INFO - 2023-01-25 08:57:50 --> CSRF cookie sent.
INFO - 2023-01-25 08:57:50 --> Session: Class initialized using 'CodeIgniter\Session\Handlers\FileHandler' driver.
INFO - 2023-01-25 08:57:51 --> CSRF cookie sent.
INFO - 2023-01-25 08:57:51 --> Session: Class initialized using 'CodeIgniter\Session\Handlers\FileHandler' driver.
INFO - 2023-01-25 08:57:52 --> CSRF cookie sent.
INFO - 2023-01-25 08:57:52 --> Session: Class initialized using 'CodeIgniter\Session\Handlers\FileHandler' driver.
INFO - 2023-01-25 08:57:58 --> CSRF cookie sent.
INFO - 2023-01-25 08:57:58 --> Session: Class initialized using 'CodeIgniter\Session\Handlers\FileHandler' driver.
INFO - 2023-01-25 08:57:59 --> CSRF cookie sent.
INFO - 2023-01-25 08:57:59 --> Session: Class initialized using 'CodeIgniter\Session\Handlers\FileHandler' driver.
INFO - 2023-01-25 08:58:31 --> CSRF cookie sent.
INFO - 2023-01-25 08:58:31 --> CSRF token verified.
INFO - 2023-01-25 08:58:31 --> Session: Class initialized using 'CodeIgniter\Session\Handlers\FileHandler' driver.
INFO - 2023-01-25 08:58:33 --> CSRF cookie sent.
INFO - 2023-01-25 08:58:33 --> Session: Class initialized using 'CodeIgniter\Session\Handlers\FileHandler' driver.
INFO - 2023-01-25 08:58:33 --> CSRF cookie sent.
INFO - 2023-01-25 08:58:33 --> Session: Class initialized using 'CodeIgniter\Session\Handlers\FileHandler' driver.
INFO - 2023-01-25 08:58:34 --> CSRF cookie sent.
INFO - 2023-01-25 08:58:34 --> Session: Class initialized using 'CodeIgniter\Session\Handlers\FileHandler' driver.
INFO - 2023-01-25 08:58:35 --> CSRF cookie sent.
INFO - 2023-01-25 08:58:35 --> Session: Class initialized using 'CodeIgniter\Session\Handlers\FileHandler' driver.
INFO - 2023-01-25 08:58:37 --> CSRF cookie sent.
INFO - 2023-01-25 08:58:37 --> Session: Class initialized using 'CodeIgniter\Session\Handlers\FileHandler' driver.
INFO - 2023-01-25 08:58:39 --> CSRF cookie sent.
INFO - 2023-01-25 08:58:39 --> Session: Class initialized using 'CodeIgniter\Session\Handlers\FileHandler' driver.
INFO - 2023-01-25 08:58:59 --> CSRF cookie sent.
INFO - 2023-01-25 08:58:59 --> Session: Class initialized using 'CodeIgniter\Session\Handlers\FileHandler' driver.
INFO - 2023-01-25 08:59:00 --> CSRF cookie sent.
INFO - 2023-01-25 08:59:00 --> Session: Class initialized using 'CodeIgniter\Session\Handlers\FileHandler' driver.
INFO - 2023-01-25 08:59:01 --> CSRF cookie sent.
INFO - 2023-01-25 08:59:01 --> Session: Class initialized using 'CodeIgniter\Session\Handlers\FileHandler' driver.
INFO - 2023-01-25 08:59:03 --> CSRF cookie sent.
INFO - 2023-01-25 08:59:03 --> Session: Class initialized using 'CodeIgniter\Session\Handlers\FileHandler' driver.
INFO - 2023-01-25 08:59:09 --> CSRF cookie sent.
INFO - 2023-01-25 08:59:09 --> Session: Class initialized using 'CodeIgniter\Session\Handlers\FileHandler' driver.
INFO - 2023-01-25 08:59:10 --> CSRF cookie sent.
INFO - 2023-01-25 08:59:10 --> Session: Class initialized using 'CodeIgniter\Session\Handlers\FileHandler' driver.
INFO - 2023-01-25 08:59:49 --> CSRF cookie sent.
INFO - 2023-01-25 08:59:49 --> CSRF token verified.
INFO - 2023-01-25 08:59:49 --> Session: Class initialized using 'CodeIgniter\Session\Handlers\FileHandler' driver.
INFO - 2023-01-25 08:59:50 --> CSRF cookie sent.
INFO - 2023-01-25 08:59:50 --> Session: Class initialized using 'CodeIgniter\Session\Handlers\FileHandler' driver.
INFO - 2023-01-25 08:59:51 --> CSRF cookie sent.
INFO - 2023-01-25 08:59:51 --> Session: Class initialized using 'CodeIgniter\Session\Handlers\FileHandler' driver.
INFO - 2023-01-25 08:59:52 --> CSRF cookie sent.
INFO - 2023-01-25 08:59:52 --> Session: Class initialized using 'CodeIgniter\Session\Handlers\FileHandler' driver.
INFO - 2023-01-25 08:59:53 --> CSRF cookie sent.
INFO - 2023-01-25 08:59:53 --> Session: Class initialized using 'CodeIgniter\Session\Handlers\FileHandler' driver.
INFO - 2023-01-25 08:59:54 --> CSRF cookie sent.
INFO - 2023-01-25 08:59:54 --> Session: Class initialized using 'CodeIgniter\Session\Handlers\FileHandler' driver.
INFO - 2023-01-25 09:10:02 --> CSRF cookie sent.
INFO - 2023-01-25 09:10:02 --> Session: Class initialized using 'CodeIgniter\Session\Handlers\FileHandler' driver.
INFO - 2023-01-25 09:10:02 --> CSRF cookie sent.
INFO - 2023-01-25 09:10:02 --> Session: Class initialized using 'CodeIgniter\Session\Handlers\FileHandler' driver.
INFO - 2023-01-25 09:10:02 --> CSRF cookie sent.
INFO - 2023-01-25 09:10:02 --> Session: Class initialized using 'CodeIgniter\Session\Handlers\FileHandler' driver.
INFO - 2023-01-25 10:33:10 --> CSRF cookie sent.
INFO - 2023-01-25 10:33:10 --> CSRF token verified.
INFO - 2023-01-25 10:33:10 --> Session: Class initialized using 'CodeIgniter\Session\Handlers\FileHandler' driver.
INFO - 2023-01-25 10:33:11 --> CSRF cookie sent.
INFO - 2023-01-25 10:33:11 --> Session: Class initialized using 'CodeIgniter\Session\Handlers\FileHandler' driver.
INFO - 2023-01-25 10:33:18 --> CSRF cookie sent.
INFO - 2023-01-25 10:33:18 --> CSRF token verified.
INFO - 2023-01-25 10:33:18 --> Session: Class initialized using 'CodeIgniter\Session\Handlers\FileHandler' driver.
INFO - 2023-01-25 10:33:19 --> CSRF cookie sent.
INFO - 2023-01-25 10:33:19 --> Session: Class initialized using 'CodeIgniter\Session\Handlers\FileHandler' driver.
INFO - 2023-01-25 10:33:20 --> CSRF cookie sent.
INFO - 2023-01-25 10:33:20 --> Session: Class initialized using 'CodeIgniter\Session\Handlers\FileHandler' driver.
INFO - 2023-01-25 10:33:20 --> CSRF cookie sent.
INFO - 2023-01-25 10:33:20 --> Session: Class initialized using 'CodeIgniter\Session\Handlers\FileHandler' driver.
INFO - 2023-01-25 10:33:22 --> CSRF cookie sent.
INFO - 2023-01-25 10:33:22 --> Session: Class initialized using 'CodeIgniter\Session\Handlers\FileHandler' driver.
INFO - 2023-01-25 10:33:24 --> CSRF cookie sent.
INFO - 2023-01-25 10:33:24 --> Session: Class initialized using 'CodeIgniter\Session\Handlers\FileHandler' driver.
INFO - 2023-01-25 10:33:24 --> CSRF cookie sent.
INFO - 2023-01-25 10:33:24 --> Session: Class initialized using 'CodeIgniter\Session\Handlers\FileHandler' driver.
INFO - 2023-01-25 10:33:27 --> CSRF cookie sent.
INFO - 2023-01-25 10:33:27 --> Session: Class initialized using 'CodeIgniter\Session\Handlers\FileHandler' driver.
INFO - 2023-01-25 10:33:28 --> CSRF cookie sent.
INFO - 2023-01-25 10:33:28 --> Session: Class initialized using 'CodeIgniter\Session\Handlers\FileHandler' driver.
INFO - 2023-01-25 10:33:28 --> CSRF cookie sent.
INFO - 2023-01-25 10:33:28 --> Session: Class initialized using 'CodeIgniter\Session\Handlers\FileHandler' driver.
INFO - 2023-01-25 10:43:39 --> CSRF cookie sent.
INFO - 2023-01-25 10:43:39 --> Session: Class initialized using 'CodeIgniter\Session\Handlers\FileHandler' driver.
INFO - 2023-01-25 10:43:39 --> CSRF cookie sent.
INFO - 2023-01-25 10:43:39 --> Session: Class initialized using 'CodeIgniter\Session\Handlers\FileHandler' driver.
INFO - 2023-01-25 10:43:39 --> CSRF cookie sent.
INFO - 2023-01-25 10:43:39 --> Session: Class initialized using 'CodeIgniter\Session\Handlers\FileHandler' driver.
INFO - 2023-01-25 10:46:54 --> CSRF cookie sent.
INFO - 2023-01-25 10:46:54 --> Session: Class initialized using 'CodeIgniter\Session\Handlers\FileHandler' driver.
INFO - 2023-01-25 10:46:54 --> CSRF cookie sent.
INFO - 2023-01-25 10:46:54 --> Session: Class initialized using 'CodeIgniter\Session\Handlers\FileHandler' driver.
INFO - 2023-01-25 11:17:58 --> CSRF cookie sent.
INFO - 2023-01-25 11:17:58 --> Session: Class initialized using 'CodeIgniter\Session\Handlers\FileHandler' driver.
INFO - 2023-01-25 11:17:58 --> CSRF cookie sent.
INFO - 2023-01-25 11:17:58 --> Session: Class initialized using 'CodeIgniter\Session\Handlers\FileHandler' driver.
INFO - 2023-01-25 11:18:09 --> CSRF cookie sent.
INFO - 2023-01-25 11:18:09 --> CSRF token verified.
INFO - 2023-01-25 11:18:09 --> Session: Class initialized using 'CodeIgniter\Session\Handlers\FileHandler' driver.
INFO - 2023-01-25 11:18:09 --> CSRF cookie sent.
INFO - 2023-01-25 11:18:09 --> Session: Class initialized using 'CodeIgniter\Session\Handlers\FileHandler' driver.
INFO - 2023-01-25 11:18:10 --> CSRF cookie sent.
INFO - 2023-01-25 11:18:10 --> Session: Class initialized using 'CodeIgniter\Session\Handlers\FileHandler' driver.
INFO - 2023-01-25 11:18:11 --> CSRF cookie sent.
INFO - 2023-01-25 11:18:11 --> Session: Class initialized using 'CodeIgniter\Session\Handlers\FileHandler' driver.
INFO - 2023-01-25 11:18:12 --> CSRF cookie sent.
INFO - 2023-01-25 11:18:12 --> Session: Class initialized using 'CodeIgniter\Session\Handlers\FileHandler' driver.
INFO - 2023-01-25 11:18:19 --> CSRF cookie sent.
INFO - 2023-01-25 11:18:19 --> Session: Class initialized using 'CodeIgniter\Session\Handlers\FileHandler' driver.
INFO - 2023-01-25 11:18:19 --> CSRF cookie sent.
INFO - 2023-01-25 11:18:19 --> Session: Class initialized using 'CodeIgniter\Session\Handlers\FileHandler' driver.
INFO - 2023-01-25 11:18:24 --> CSRF cookie sent.
INFO - 2023-01-25 11:18:24 --> Session: Class initialized using 'CodeIgniter\Session\Handlers\FileHandler' driver.
INFO - 2023-01-25 11:18:52 --> CSRF cookie sent.
INFO - 2023-01-25 11:18:52 --> CSRF token verified.
INFO - 2023-01-25 11:18:52 --> Session: Class initialized using 'CodeIgniter\Session\Handlers\FileHandler' driver.
INFO - 2023-01-25 11:18:53 --> CSRF cookie sent.
INFO - 2023-01-25 11:18:53 --> Session: Class initialized using 'CodeIgniter\Session\Handlers\FileHandler' driver.
INFO - 2023-01-25 11:18:54 --> CSRF cookie sent.
INFO - 2023-01-25 11:18:54 --> Session: Class initialized using 'CodeIgniter\Session\Handlers\FileHandler' driver.
INFO - 2023-01-25 11:18:55 --> CSRF cookie sent.
INFO - 2023-01-25 11:18:55 --> Session: Class initialized using 'CodeIgniter\Session\Handlers\FileHandler' driver.
INFO - 2023-01-25 11:18:55 --> CSRF cookie sent.
INFO - 2023-01-25 11:18:55 --> Session: Class initialized using 'CodeIgniter\Session\Handlers\FileHandler' driver.
INFO - 2023-01-25 11:18:56 --> CSRF cookie sent.
INFO - 2023-01-25 11:18:56 --> Session: Class initialized using 'CodeIgniter\Session\Handlers\FileHandler' driver.
INFO - 2023-01-25 11:18:57 --> CSRF cookie sent.
INFO - 2023-01-25 11:18:57 --> Session: Class initialized using 'CodeIgniter\Session\Handlers\FileHandler' driver.
INFO - 2023-01-25 11:28:57 --> CSRF cookie sent.
INFO - 2023-01-25 11:28:57 --> Session: Class initialized using 'CodeIgniter\Session\Handlers\FileHandler' driver.
INFO - 2023-01-25 11:28:57 --> CSRF cookie sent.
INFO - 2023-01-25 11:28:57 --> Session: Class initialized using 'CodeIgniter\Session\Handlers\FileHandler' driver.
INFO - 2023-01-25 11:28:57 --> CSRF cookie sent.
INFO - 2023-01-25 11:28:57 --> Session: Class initialized using 'CodeIgniter\Session\Handlers\FileHandler' driver.
INFO - 2023-01-25 11:41:57 --> CSRF cookie sent.
INFO - 2023-01-25 11:41:57 --> CSRF token verified.
INFO - 2023-01-25 11:41:57 --> Session: Class initialized using 'CodeIgniter\Session\Handlers\FileHandler' driver.
INFO - 2023-01-25 11:41:57 --> CSRF cookie sent.
INFO - 2023-01-25 11:41:57 --> Session: Class initialized using 'CodeIgniter\Session\Handlers\FileHandler' driver.
INFO - 2023-01-25 11:41:58 --> CSRF cookie sent.
INFO - 2023-01-25 11:41:58 --> Session: Class initialized using 'CodeIgniter\Session\Handlers\FileHandler' driver.
INFO - 2023-01-25 11:41:58 --> CSRF cookie sent.
INFO - 2023-01-25 11:41:58 --> Session: Class initialized using 'CodeIgniter\Session\Handlers\FileHandler' driver.
INFO - 2023-01-25 11:42:04 --> CSRF cookie sent.
INFO - 2023-01-25 11:42:04 --> Session: Class initialized using 'CodeIgniter\Session\Handlers\FileHandler' driver.
INFO - 2023-01-25 11:42:10 --> CSRF cookie sent.
INFO - 2023-01-25 11:42:10 --> Session: Class initialized using 'CodeIgniter\Session\Handlers\FileHandler' driver.
INFO - 2023-01-25 11:42:10 --> CSRF cookie sent.
INFO - 2023-01-25 11:42:10 --> Session: Class initialized using 'CodeIgniter\Session\Handlers\FileHandler' driver.
INFO - 2023-01-25 11:42:24 --> CSRF cookie sent.
INFO - 2023-01-25 11:42:24 --> Session: Class initialized using 'CodeIgniter\Session\Handlers\FileHandler' driver.
INFO - 2023-01-25 11:42:28 --> CSRF cookie sent.
INFO - 2023-01-25 11:42:28 --> Session: Class initialized using 'CodeIgniter\Session\Handlers\FileHandler' driver.
INFO - 2023-01-25 11:42:56 --> CSRF cookie sent.
INFO - 2023-01-25 11:42:56 --> CSRF token verified.
INFO - 2023-01-25 11:42:56 --> Session: Class initialized using 'CodeIgniter\Session\Handlers\FileHandler' driver.
INFO - 2023-01-25 11:42:57 --> CSRF cookie sent.
INFO - 2023-01-25 11:42:57 --> Session: Class initialized using 'CodeIgniter\Session\Handlers\FileHandler' driver.
INFO - 2023-01-25 11:42:59 --> CSRF cookie sent.
INFO - 2023-01-25 11:42:59 --> Session: Class initialized using 'CodeIgniter\Session\Handlers\FileHandler' driver.
INFO - 2023-01-25 11:42:59 --> CSRF cookie sent.
INFO - 2023-01-25 11:42:59 --> Session: Class initialized using 'CodeIgniter\Session\Handlers\FileHandler' driver.
INFO - 2023-01-25 11:43:00 --> CSRF cookie sent.
INFO - 2023-01-25 11:43:00 --> Session: Class initialized using 'CodeIgniter\Session\Handlers\FileHandler' driver.
INFO - 2023-01-25 11:43:00 --> CSRF cookie sent.
INFO - 2023-01-25 11:43:00 --> Session: Class initialized using 'CodeIgniter\Session\Handlers\FileHandler' driver.
INFO - 2023-01-25 11:43:01 --> CSRF cookie sent.
INFO - 2023-01-25 11:43:01 --> Session: Class initialized using 'CodeIgniter\Session\Handlers\FileHandler' driver.
INFO - 2023-01-25 11:53:58 --> CSRF cookie sent.
INFO - 2023-01-25 11:53:58 --> Session: Class initialized using 'CodeIgniter\Session\Handlers\FileHandler' driver.
INFO - 2023-01-25 11:53:59 --> CSRF cookie sent.
INFO - 2023-01-25 11:53:59 --> Session: Class initialized using 'CodeIgniter\Session\Handlers\FileHandler' driver.
INFO - 2023-01-25 11:53:59 --> CSRF cookie sent.
INFO - 2023-01-25 11:53:59 --> Session: Class initialized using 'CodeIgniter\Session\Handlers\FileHandler' driver.
INFO - 2023-01-25 12:05:08 --> CSRF cookie sent.
INFO - 2023-01-25 12:05:08 --> CSRF token verified.
INFO - 2023-01-25 12:05:08 --> Session: Class initialized using 'CodeIgniter\Session\Handlers\FileHandler' driver.
INFO - 2023-01-25 12:05:09 --> CSRF cookie sent.
INFO - 2023-01-25 12:05:09 --> Session: Class initialized using 'CodeIgniter\Session\Handlers\FileHandler' driver.
INFO - 2023-01-25 12:05:10 --> CSRF cookie sent.
INFO - 2023-01-25 12:05:10 --> Session: Class initialized using 'CodeIgniter\Session\Handlers\FileHandler' driver.
INFO - 2023-01-25 12:05:10 --> CSRF cookie sent.
INFO - 2023-01-25 12:05:10 --> Session: Class initialized using 'CodeIgniter\Session\Handlers\FileHandler' driver.
INFO - 2023-01-25 12:05:11 --> CSRF cookie sent.
INFO - 2023-01-25 12:05:11 --> Session: Class initialized using 'CodeIgniter\Session\Handlers\FileHandler' driver.
INFO - 2023-01-25 12:05:17 --> CSRF cookie sent.
INFO - 2023-01-25 12:05:17 --> Session: Class initialized using 'CodeIgniter\Session\Handlers\FileHandler' driver.
INFO - 2023-01-25 12:05:18 --> CSRF cookie sent.
INFO - 2023-01-25 12:05:18 --> Session: Class initialized using 'CodeIgniter\Session\Handlers\FileHandler' driver.
INFO - 2023-01-25 12:05:57 --> CSRF cookie sent.
INFO - 2023-01-25 12:05:57 --> Session: Class initialized using 'CodeIgniter\Session\Handlers\FileHandler' driver.
INFO - 2023-01-25 12:06:25 --> CSRF cookie sent.
INFO - 2023-01-25 12:06:25 --> CSRF token verified.
INFO - 2023-01-25 12:06:25 --> Session: Class initialized using 'CodeIgniter\Session\Handlers\FileHandler' driver.
INFO - 2023-01-25 12:06:25 --> CSRF cookie sent.
INFO - 2023-01-25 12:06:25 --> Session: Class initialized using 'CodeIgniter\Session\Handlers\FileHandler' driver.
INFO - 2023-01-25 12:06:27 --> CSRF cookie sent.
INFO - 2023-01-25 12:06:27 --> Session: Class initialized using 'CodeIgniter\Session\Handlers\FileHandler' driver.
INFO - 2023-01-25 12:06:27 --> CSRF cookie sent.
INFO - 2023-01-25 12:06:27 --> Session: Class initialized using 'CodeIgniter\Session\Handlers\FileHandler' driver.
INFO - 2023-01-25 12:06:27 --> CSRF cookie sent.
INFO - 2023-01-25 12:06:27 --> Session: Class initialized using 'CodeIgniter\Session\Handlers\FileHandler' driver.
INFO - 2023-01-25 12:06:28 --> CSRF cookie sent.
INFO - 2023-01-25 12:06:28 --> Session: Class initialized using 'CodeIgniter\Session\Handlers\FileHandler' driver.
INFO - 2023-01-25 12:06:29 --> CSRF cookie sent.
INFO - 2023-01-25 12:06:29 --> Session: Class initialized using 'CodeIgniter\Session\Handlers\FileHandler' driver.
INFO - 2023-01-25 12:16:58 --> CSRF cookie sent.
INFO - 2023-01-25 12:16:58 --> Session: Class initialized using 'CodeIgniter\Session\Handlers\FileHandler' driver.
INFO - 2023-01-25 12:16:59 --> CSRF cookie sent.
INFO - 2023-01-25 12:16:59 --> Session: Class initialized using 'CodeIgniter\Session\Handlers\FileHandler' driver.
INFO - 2023-01-25 12:16:59 --> CSRF cookie sent.
INFO - 2023-01-25 12:16:59 --> Session: Class initialized using 'CodeIgniter\Session\Handlers\FileHandler' driver.
INFO - 2023-01-25 12:29:54 --> CSRF cookie sent.
INFO - 2023-01-25 12:29:54 --> CSRF token verified.
INFO - 2023-01-25 12:29:54 --> Session: Class initialized using 'CodeIgniter\Session\Handlers\FileHandler' driver.
INFO - 2023-01-25 12:29:55 --> CSRF cookie sent.
INFO - 2023-01-25 12:29:55 --> Session: Class initialized using 'CodeIgniter\Session\Handlers\FileHandler' driver.
INFO - 2023-01-25 12:29:56 --> CSRF cookie sent.
INFO - 2023-01-25 12:29:56 --> Session: Class initialized using 'CodeIgniter\Session\Handlers\FileHandler' driver.
INFO - 2023-01-25 12:29:56 --> CSRF cookie sent.
INFO - 2023-01-25 12:29:56 --> Session: Class initialized using 'CodeIgniter\Session\Handlers\FileHandler' driver.
INFO - 2023-01-25 12:29:59 --> CSRF cookie sent.
INFO - 2023-01-25 12:29:59 --> Session: Class initialized using 'CodeIgniter\Session\Handlers\FileHandler' driver.
INFO - 2023-01-25 12:30:00 --> CSRF cookie sent.
INFO - 2023-01-25 12:30:00 --> Session: Class initialized using 'CodeIgniter\Session\Handlers\FileHandler' driver.
INFO - 2023-01-25 12:30:00 --> CSRF cookie sent.
INFO - 2023-01-25 12:30:00 --> Session: Class initialized using 'CodeIgniter\Session\Handlers\FileHandler' driver.
INFO - 2023-01-25 12:30:03 --> CSRF cookie sent.
INFO - 2023-01-25 12:30:03 --> Session: Class initialized using 'CodeIgniter\Session\Handlers\FileHandler' driver.
INFO - 2023-01-25 12:30:03 --> CSRF cookie sent.
INFO - 2023-01-25 12:30:03 --> Session: Class initialized using 'CodeIgniter\Session\Handlers\FileHandler' driver.
INFO - 2023-01-25 12:30:04 --> CSRF cookie sent.
INFO - 2023-01-25 12:30:04 --> Session: Class initialized using 'CodeIgniter\Session\Handlers\FileHandler' driver.
INFO - 2023-01-25 12:30:06 --> CSRF cookie sent.
INFO - 2023-01-25 12:30:06 --> Session: Class initialized using 'CodeIgniter\Session\Handlers\FileHandler' driver.
INFO - 2023-01-25 12:30:07 --> CSRF cookie sent.
INFO - 2023-01-25 12:30:07 --> Session: Class initialized using 'CodeIgniter\Session\Handlers\FileHandler' driver.
INFO - 2023-01-25 12:30:10 --> CSRF cookie sent.
INFO - 2023-01-25 12:30:10 --> CSRF token verified.
INFO - 2023-01-25 12:30:10 --> Session: Class initialized using 'CodeIgniter\Session\Handlers\FileHandler' driver.
INFO - 2023-01-25 12:30:11 --> CSRF cookie sent.
INFO - 2023-01-25 12:30:11 --> Session: Class initialized using 'CodeIgniter\Session\Handlers\FileHandler' driver.
INFO - 2023-01-25 12:30:12 --> CSRF cookie sent.
INFO - 2023-01-25 12:30:12 --> Session: Class initialized using 'CodeIgniter\Session\Handlers\FileHandler' driver.
INFO - 2023-01-25 12:30:14 --> CSRF cookie sent.
INFO - 2023-01-25 12:30:14 --> Session: Class initialized using 'CodeIgniter\Session\Handlers\FileHandler' driver.
INFO - 2023-01-25 12:30:14 --> CSRF cookie sent.
INFO - 2023-01-25 12:30:14 --> Session: Class initialized using 'CodeIgniter\Session\Handlers\FileHandler' driver.
INFO - 2023-01-25 12:30:15 --> CSRF cookie sent.
INFO - 2023-01-25 12:30:15 --> Session: Class initialized using 'CodeIgniter\Session\Handlers\FileHandler' driver.
INFO - 2023-01-25 12:30:16 --> CSRF cookie sent.
INFO - 2023-01-25 12:30:16 --> Session: Class initialized using 'CodeIgniter\Session\Handlers\FileHandler' driver.
INFO - 2023-01-25 12:30:17 --> CSRF cookie sent.
INFO - 2023-01-25 12:30:17 --> Session: Class initialized using 'CodeIgniter\Session\Handlers\FileHandler' driver.
INFO - 2023-01-25 12:30:19 --> CSRF cookie sent.
INFO - 2023-01-25 12:30:19 --> Session: Class initialized using 'CodeIgniter\Session\Handlers\FileHandler' driver.
INFO - 2023-01-25 12:30:32 --> CSRF cookie sent.
INFO - 2023-01-25 12:30:32 --> Session: Class initialized using 'CodeIgniter\Session\Handlers\FileHandler' driver.
INFO - 2023-01-25 12:30:33 --> CSRF cookie sent.
INFO - 2023-01-25 12:30:33 --> Session: Class initialized using 'CodeIgniter\Session\Handlers\FileHandler' driver.
INFO - 2023-01-25 12:30:34 --> CSRF cookie sent.
INFO - 2023-01-25 12:30:34 --> Session: Class initialized using 'CodeIgniter\Session\Handlers\FileHandler' driver.
INFO - 2023-01-25 12:30:52 --> CSRF cookie sent.
INFO - 2023-01-25 12:30:52 --> Session: Class initialized using 'CodeIgniter\Session\Handlers\FileHandler' driver.
INFO - 2023-01-25 12:30:52 --> CSRF cookie sent.
INFO - 2023-01-25 12:30:52 --> CSRF cookie sent.
INFO - 2023-01-25 12:30:53 --> Session: Class initialized using 'CodeIgniter\Session\Handlers\FileHandler' driver.
INFO - 2023-01-25 12:30:53 --> Session: Class initialized using 'CodeIgniter\Session\Handlers\FileHandler' driver.
INFO - 2023-01-25 12:30:53 --> CSRF cookie sent.
INFO - 2023-01-25 12:30:53 --> Session: Class initialized using 'CodeIgniter\Session\Handlers\FileHandler' driver.
INFO - 2023-01-25 12:30:55 --> CSRF cookie sent.
INFO - 2023-01-25 12:30:55 --> CSRF cookie sent.
INFO - 2023-01-25 12:30:55 --> Session: Class initialized using 'CodeIgniter\Session\Handlers\FileHandler' driver.
INFO - 2023-01-25 12:30:55 --> Session: Class initialized using 'CodeIgniter\Session\Handlers\FileHandler' driver.
INFO - 2023-01-25 12:31:10 --> CSRF cookie sent.
INFO - 2023-01-25 12:31:10 --> CSRF token verified.
INFO - 2023-01-25 12:31:10 --> Session: Class initialized using 'CodeIgniter\Session\Handlers\FileHandler' driver.
INFO - 2023-01-25 12:31:11 --> CSRF cookie sent.
INFO - 2023-01-25 12:31:11 --> Session: Class initialized using 'CodeIgniter\Session\Handlers\FileHandler' driver.
INFO - 2023-01-25 12:31:12 --> CSRF cookie sent.
INFO - 2023-01-25 12:31:12 --> Session: Class initialized using 'CodeIgniter\Session\Handlers\FileHandler' driver.
INFO - 2023-01-25 12:31:13 --> CSRF cookie sent.
INFO - 2023-01-25 12:31:13 --> Session: Class initialized using 'CodeIgniter\Session\Handlers\FileHandler' driver.
INFO - 2023-01-25 12:31:26 --> CSRF cookie sent.
INFO - 2023-01-25 12:31:26 --> CSRF token verified.
INFO - 2023-01-25 12:31:26 --> Session: Class initialized using 'CodeIgniter\Session\Handlers\FileHandler' driver.
INFO - 2023-01-25 12:31:26 --> CSRF cookie sent.
INFO - 2023-01-25 12:31:26 --> Session: Class initialized using 'CodeIgniter\Session\Handlers\FileHandler' driver.
INFO - 2023-01-25 12:31:27 --> CSRF cookie sent.
INFO - 2023-01-25 12:31:27 --> Session: Class initialized using 'CodeIgniter\Session\Handlers\FileHandler' driver.
INFO - 2023-01-25 12:31:28 --> CSRF cookie sent.
INFO - 2023-01-25 12:31:28 --> Session: Class initialized using 'CodeIgniter\Session\Handlers\FileHandler' driver.
INFO - 2023-01-25 12:31:37 --> CSRF cookie sent.
INFO - 2023-01-25 12:31:37 --> Session: Class initialized using 'CodeIgniter\Session\Handlers\FileHandler' driver.
INFO - 2023-01-25 12:31:38 --> CSRF cookie sent.
INFO - 2023-01-25 12:31:38 --> Session: Class initialized using 'CodeIgniter\Session\Handlers\FileHandler' driver.
INFO - 2023-01-25 12:31:39 --> CSRF cookie sent.
INFO - 2023-01-25 12:31:39 --> Session: Class initialized using 'CodeIgniter\Session\Handlers\FileHandler' driver.
INFO - 2023-01-25 12:42:58 --> CSRF cookie sent.
INFO - 2023-01-25 12:42:58 --> Session: Class initialized using 'CodeIgniter\Session\Handlers\FileHandler' driver.
INFO - 2023-01-25 12:42:59 --> CSRF cookie sent.
INFO - 2023-01-25 12:42:59 --> Session: Class initialized using 'CodeIgniter\Session\Handlers\FileHandler' driver.
INFO - 2023-01-25 12:42:59 --> CSRF cookie sent.
INFO - 2023-01-25 12:42:59 --> Session: Class initialized using 'CodeIgniter\Session\Handlers\FileHandler' driver.
INFO - 2023-01-25 13:08:48 --> CSRF cookie sent.
INFO - 2023-01-25 13:08:48 --> Session: Class initialized using 'CodeIgniter\Session\Handlers\FileHandler' driver.
INFO - 2023-01-25 13:08:49 --> CSRF cookie sent.
INFO - 2023-01-25 13:08:49 --> Session: Class initialized using 'CodeIgniter\Session\Handlers\FileHandler' driver.
INFO - 2023-01-25 13:08:49 --> CSRF cookie sent.
INFO - 2023-01-25 13:08:49 --> Session: Class initialized using 'CodeIgniter\Session\Handlers\FileHandler' driver.
INFO - 2023-01-25 13:08:54 --> CSRF cookie sent.
INFO - 2023-01-25 13:08:54 --> Session: Class initialized using 'CodeIgniter\Session\Handlers\FileHandler' driver.
INFO - 2023-01-25 13:08:55 --> CSRF cookie sent.
INFO - 2023-01-25 13:08:55 --> Session: Class initialized using 'CodeIgniter\Session\Handlers\FileHandler' driver.
INFO - 2023-01-25 13:08:56 --> CSRF cookie sent.
INFO - 2023-01-25 13:08:56 --> Session: Class initialized using 'CodeIgniter\Session\Handlers\FileHandler' driver.
INFO - 2023-01-25 13:09:16 --> CSRF cookie sent.
INFO - 2023-01-25 13:09:16 --> Session: Class initialized using 'CodeIgniter\Session\Handlers\FileHandler' driver.
INFO - 2023-01-25 13:09:18 --> CSRF cookie sent.
INFO - 2023-01-25 13:09:18 --> Session: Class initialized using 'CodeIgniter\Session\Handlers\FileHandler' driver.
INFO - 2023-01-25 13:09:18 --> CSRF cookie sent.
INFO - 2023-01-25 13:09:18 --> Session: Class initialized using 'CodeIgniter\Session\Handlers\FileHandler' driver.
INFO - 2023-01-25 13:09:40 --> CSRF cookie sent.
INFO - 2023-01-25 13:09:40 --> CSRF token verified.
INFO - 2023-01-25 13:09:40 --> Session: Class initialized using 'CodeIgniter\Session\Handlers\FileHandler' driver.
INFO - 2023-01-25 13:09:40 --> CSRF cookie sent.
INFO - 2023-01-25 13:09:40 --> Session: Class initialized using 'CodeIgniter\Session\Handlers\FileHandler' driver.
ERROR - 2023-01-25 13:09:41 --> mysqli_sql_exception: Subquery returns more than 1 row in /home/apdwms/public_html/system/Database/MySQLi/Connection.php:314
Stack trace:
#0 /home/apdwms/public_html/system/Database/MySQLi/Connection.php(314): mysqli->query()
#1 /home/apdwms/public_html/system/Database/BaseConnection.php(713): CodeIgniter\Database\MySQLi\Connection->execute()
#2 /home/apdwms/public_html/system/Database/BaseConnection.php(641): CodeIgniter\Database\BaseConnection->simpleQuery()
#3 /home/apdwms/public_html/system/Database/BaseBuilder.php(1866): CodeIgniter\Database\BaseConnection->query()
#4 /home/apdwms/public_html/cella/Models/Collections/ItemsModel.php(130): CodeIgniter\Database\BaseBuilder->get()
#5 /home/apdwms/public_html/cella/Controllers/Warehouse.php(237): CELLA\Models\Collections\ItemsModel->getReadyForLoadJobs()
#6 /home/apdwms/public_html/cella/Controllers/BaseController.php(532): CELLA\Controllers\Warehouse->collection()
#7 /home/apdwms/public_html/system/CodeIgniter.php(932): CELLA\Controllers\BaseController->_remap()
#8 /home/apdwms/public_html/system/CodeIgniter.php(432): CodeIgniter\CodeIgniter->runController()
#9 /home/apdwms/public_html/system/CodeIgniter.php(333): CodeIgniter\CodeIgniter->handleRequest()
#10 /home/apdwms/public_html/index.php(48): CodeIgniter\CodeIgniter->run()
#11 {main}
ERROR - 2023-01-25 13:09:41 --> error_sql:SELECT *
FROM `vw_jobs_for_dispatched_loads`
WHERE `load` = 'COL2023123'
INFO - 2023-01-25 13:09:42 --> CSRF cookie sent.
INFO - 2023-01-25 13:09:42 --> Session: Class initialized using 'CodeIgniter\Session\Handlers\FileHandler' driver.
INFO - 2023-01-25 13:09:43 --> CSRF cookie sent.
INFO - 2023-01-25 13:09:43 --> Session: Class initialized using 'CodeIgniter\Session\Handlers\FileHandler' driver.
INFO - 2023-01-25 13:09:48 --> CSRF cookie sent.
INFO - 2023-01-25 13:09:48 --> Session: Class initialized using 'CodeIgniter\Session\Handlers\FileHandler' driver.
INFO - 2023-01-25 13:09:50 --> CSRF cookie sent.
INFO - 2023-01-25 13:09:50 --> Session: Class initialized using 'CodeIgniter\Session\Handlers\FileHandler' driver.
INFO - 2023-01-25 13:09:50 --> CSRF cookie sent.
INFO - 2023-01-25 13:09:50 --> Session: Class initialized using 'CodeIgniter\Session\Handlers\FileHandler' driver.
INFO - 2023-01-25 13:09:52 --> CSRF cookie sent.
INFO - 2023-01-25 13:09:52 --> Session: Class initialized using 'CodeIgniter\Session\Handlers\FileHandler' driver.
INFO - 2023-01-25 13:09:52 --> CSRF cookie sent.
INFO - 2023-01-25 13:09:52 --> Session: Class initialized using 'CodeIgniter\Session\Handlers\FileHandler' driver.
INFO - 2023-01-25 13:09:53 --> CSRF cookie sent.
INFO - 2023-01-25 13:09:53 --> Session: Class initialized using 'CodeIgniter\Session\Handlers\FileHandler' driver.
INFO - 2023-01-25 13:59:56 --> Session: Class initialized using 'CodeIgniter\Session\Handlers\FileHandler' driver.
INFO - 2023-01-25 13:59:56 --> CSRF cookie sent.
INFO - 2023-01-25 13:59:56 --> Session: Class initialized using 'CodeIgniter\Session\Handlers\FileHandler' driver.
INFO - 2023-01-25 13:59:56 --> CSRF cookie sent.
INFO - 2023-01-25 13:59:56 --> Session: Class initialized using 'CodeIgniter\Session\Handlers\FileHandler' driver.
INFO - 2023-01-25 14:00:03 --> CSRF cookie sent.
INFO - 2023-01-25 14:00:03 --> CSRF token verified.
INFO - 2023-01-25 14:00:03 --> Session: Class initialized using 'CodeIgniter\Session\Handlers\FileHandler' driver.
INFO - 2023-01-25 14:00:04 --> CSRF cookie sent.
INFO - 2023-01-25 14:00:04 --> Session: Class initialized using 'CodeIgniter\Session\Handlers\FileHandler' driver.
INFO - 2023-01-25 14:00:05 --> CSRF cookie sent.
INFO - 2023-01-25 14:00:05 --> Session: Class initialized using 'CodeIgniter\Session\Handlers\FileHandler' driver.
INFO - 2023-01-25 14:00:05 --> CSRF cookie sent.
INFO - 2023-01-25 14:00:05 --> Session: Class initialized using 'CodeIgniter\Session\Handlers\FileHandler' driver.
INFO - 2023-01-25 14:00:08 --> CSRF cookie sent.
INFO - 2023-01-25 14:00:08 --> Session: Class initialized using 'CodeIgniter\Session\Handlers\FileHandler' driver.
INFO - 2023-01-25 14:00:09 --> CSRF cookie sent.
INFO - 2023-01-25 14:00:09 --> Session: Class initialized using 'CodeIgniter\Session\Handlers\FileHandler' driver.
INFO - 2023-01-25 14:00:10 --> CSRF cookie sent.
INFO - 2023-01-25 14:00:10 --> Session: Class initialized using 'CodeIgniter\Session\Handlers\FileHandler' driver.
INFO - 2023-01-25 14:00:12 --> CSRF cookie sent.
INFO - 2023-01-25 14:00:12 --> Session: Class initialized using 'CodeIgniter\Session\Handlers\FileHandler' driver.
INFO - 2023-01-25 14:00:13 --> CSRF cookie sent.
INFO - 2023-01-25 14:00:13 --> Session: Class initialized using 'CodeIgniter\Session\Handlers\FileHandler' driver.
INFO - 2023-01-25 14:00:14 --> CSRF cookie sent.
INFO - 2023-01-25 14:00:14 --> Session: Class initialized using 'CodeIgniter\Session\Handlers\FileHandler' driver.
INFO - 2023-01-25 14:00:15 --> CSRF cookie sent.
INFO - 2023-01-25 14:00:15 --> Session: Class initialized using 'CodeIgniter\Session\Handlers\FileHandler' driver.
INFO - 2023-01-25 14:00:16 --> CSRF cookie sent.
INFO - 2023-01-25 14:00:16 --> Session: Class initialized using 'CodeIgniter\Session\Handlers\FileHandler' driver.
INFO - 2023-01-25 14:00:16 --> CSRF cookie sent.
INFO - 2023-01-25 14:00:16 --> Session: Class initialized using 'CodeIgniter\Session\Handlers\FileHandler' driver.
INFO - 2023-01-25 14:00:18 --> CSRF cookie sent.
INFO - 2023-01-25 14:00:18 --> CSRF cookie sent.
INFO - 2023-01-25 14:00:18 --> Session: Class initialized using 'CodeIgniter\Session\Handlers\FileHandler' driver.
INFO - 2023-01-25 14:00:18 --> Session: Class initialized using 'CodeIgniter\Session\Handlers\FileHandler' driver.
INFO - 2023-01-25 14:00:51 --> CSRF cookie sent.
INFO - 2023-01-25 14:00:51 --> CSRF token verified.
INFO - 2023-01-25 14:00:51 --> Session: Class initialized using 'CodeIgniter\Session\Handlers\FileHandler' driver.
INFO - 2023-01-25 14:00:52 --> CSRF cookie sent.
INFO - 2023-01-25 14:00:52 --> Session: Class initialized using 'CodeIgniter\Session\Handlers\FileHandler' driver.
INFO - 2023-01-25 14:00:53 --> CSRF cookie sent.
INFO - 2023-01-25 14:00:53 --> Session: Class initialized using 'CodeIgniter\Session\Handlers\FileHandler' driver.
INFO - 2023-01-25 14:00:53 --> CSRF cookie sent.
INFO - 2023-01-25 14:00:53 --> Session: Class initialized using 'CodeIgniter\Session\Handlers\FileHandler' driver.
INFO - 2023-01-25 14:11:15 --> CSRF cookie sent.
INFO - 2023-01-25 14:11:15 --> Session: Class initialized using 'CodeIgniter\Session\Handlers\FileHandler' driver.
INFO - 2023-01-25 14:11:15 --> CSRF cookie sent.
INFO - 2023-01-25 14:11:15 --> Session: Class initialized using 'CodeIgniter\Session\Handlers\FileHandler' driver.
INFO - 2023-01-25 14:11:16 --> CSRF cookie sent.
INFO - 2023-01-25 14:11:16 --> Session: Class initialized using 'CodeIgniter\Session\Handlers\FileHandler' driver.
INFO - 2023-01-25 14:15:28 --> CSRF cookie sent.
INFO - 2023-01-25 14:15:28 --> CSRF token verified.
INFO - 2023-01-25 14:15:28 --> Session: Class initialized using 'CodeIgniter\Session\Handlers\FileHandler' driver.
INFO - 2023-01-25 14:15:29 --> CSRF cookie sent.
INFO - 2023-01-25 14:15:29 --> Session: Class initialized using 'CodeIgniter\Session\Handlers\FileHandler' driver.
INFO - 2023-01-25 14:15:30 --> CSRF cookie sent.
INFO - 2023-01-25 14:15:30 --> Session: Class initialized using 'CodeIgniter\Session\Handlers\FileHandler' driver.
INFO - 2023-01-25 14:15:30 --> CSRF cookie sent.
INFO - 2023-01-25 14:15:30 --> Session: Class initialized using 'CodeIgniter\Session\Handlers\FileHandler' driver.
INFO - 2023-01-25 14:15:33 --> CSRF cookie sent.
INFO - 2023-01-25 14:15:33 --> Session: Class initialized using 'CodeIgniter\Session\Handlers\FileHandler' driver.
INFO - 2023-01-25 14:15:33 --> CSRF cookie sent.
INFO - 2023-01-25 14:15:33 --> Session: Class initialized using 'CodeIgniter\Session\Handlers\FileHandler' driver.
INFO - 2023-01-25 14:15:34 --> CSRF cookie sent.
INFO - 2023-01-25 14:15:34 --> Session: Class initialized using 'CodeIgniter\Session\Handlers\FileHandler' driver.
INFO - 2023-01-25 14:15:37 --> CSRF cookie sent.
INFO - 2023-01-25 14:15:37 --> Session: Class initialized using 'CodeIgniter\Session\Handlers\FileHandler' driver.
INFO - 2023-01-25 14:15:38 --> CSRF cookie sent.
INFO - 2023-01-25 14:15:38 --> Session: Class initialized using 'CodeIgniter\Session\Handlers\FileHandler' driver.
INFO - 2023-01-25 14:15:39 --> CSRF cookie sent.
INFO - 2023-01-25 14:15:39 --> Session: Class initialized using 'CodeIgniter\Session\Handlers\FileHandler' driver.
INFO - 2023-01-25 14:15:40 --> CSRF cookie sent.
INFO - 2023-01-25 14:15:40 --> Session: Class initialized using 'CodeIgniter\Session\Handlers\FileHandler' driver.
INFO - 2023-01-25 14:15:46 --> CSRF cookie sent.
INFO - 2023-01-25 14:15:46 --> Session: Class initialized using 'CodeIgniter\Session\Handlers\FileHandler' driver.
INFO - 2023-01-25 14:15:47 --> CSRF cookie sent.
INFO - 2023-01-25 14:15:47 --> Session: Class initialized using 'CodeIgniter\Session\Handlers\FileHandler' driver.
INFO - 2023-01-25 14:16:08 --> CSRF cookie sent.
INFO - 2023-01-25 14:16:08 --> CSRF token verified.
INFO - 2023-01-25 14:16:08 --> Session: Class initialized using 'CodeIgniter\Session\Handlers\FileHandler' driver.
INFO - 2023-01-25 14:16:09 --> CSRF cookie sent.
INFO - 2023-01-25 14:16:09 --> Session: Class initialized using 'CodeIgniter\Session\Handlers\FileHandler' driver.
INFO - 2023-01-25 14:16:10 --> CSRF cookie sent.
INFO - 2023-01-25 14:16:10 --> Session: Class initialized using 'CodeIgniter\Session\Handlers\FileHandler' driver.
INFO - 2023-01-25 14:16:10 --> CSRF cookie sent.
INFO - 2023-01-25 14:16:10 --> Session: Class initialized using 'CodeIgniter\Session\Handlers\FileHandler' driver.
INFO - 2023-01-25 14:16:11 --> CSRF cookie sent.
INFO - 2023-01-25 14:16:11 --> Session: Class initialized using 'CodeIgniter\Session\Handlers\FileHandler' driver.
INFO - 2023-01-25 14:16:12 --> CSRF cookie sent.
INFO - 2023-01-25 14:16:12 --> Session: Class initialized using 'CodeIgniter\Session\Handlers\FileHandler' driver.
INFO - 2023-01-25 14:16:12 --> CSRF cookie sent.
INFO - 2023-01-25 14:16:12 --> Session: Class initialized using 'CodeIgniter\Session\Handlers\FileHandler' driver.
INFO - 2023-01-25 14:16:21 --> CSRF cookie sent.
INFO - 2023-01-25 14:16:21 --> Session: Class initialized using 'CodeIgniter\Session\Handlers\FileHandler' driver.
INFO - 2023-01-25 14:16:23 --> CSRF cookie sent.
INFO - 2023-01-25 14:16:23 --> Session: Class initialized using 'CodeIgniter\Session\Handlers\FileHandler' driver.
INFO - 2023-01-25 14:16:23 --> CSRF cookie sent.
INFO - 2023-01-25 14:16:23 --> Session: Class initialized using 'CodeIgniter\Session\Handlers\FileHandler' driver.
INFO - 2023-01-25 14:16:26 --> CSRF cookie sent.
INFO - 2023-01-25 14:16:26 --> Session: Class initialized using 'CodeIgniter\Session\Handlers\FileHandler' driver.
INFO - 2023-01-25 14:16:27 --> CSRF cookie sent.
INFO - 2023-01-25 14:16:27 --> Session: Class initialized using 'CodeIgniter\Session\Handlers\FileHandler' driver.
INFO - 2023-01-25 14:16:28 --> CSRF cookie sent.
INFO - 2023-01-25 14:16:28 --> Session: Class initialized using 'CodeIgniter\Session\Handlers\FileHandler' driver.
INFO - 2023-01-25 14:16:29 --> CSRF cookie sent.
INFO - 2023-01-25 14:16:29 --> Session: Class initialized using 'CodeIgniter\Session\Handlers\FileHandler' driver.
INFO - 2023-01-25 14:16:30 --> CSRF cookie sent.
INFO - 2023-01-25 14:16:30 --> Session: Class initialized using 'CodeIgniter\Session\Handlers\FileHandler' driver.
INFO - 2023-01-25 14:16:31 --> CSRF cookie sent.
INFO - 2023-01-25 14:16:31 --> Session: Class initialized using 'CodeIgniter\Session\Handlers\FileHandler' driver.
INFO - 2023-01-25 14:16:32 --> CSRF cookie sent.
INFO - 2023-01-25 14:16:32 --> CSRF cookie sent.
INFO - 2023-01-25 14:16:32 --> Session: Class initialized using 'CodeIgniter\Session\Handlers\FileHandler' driver.
INFO - 2023-01-25 14:16:32 --> Session: Class initialized using 'CodeIgniter\Session\Handlers\FileHandler' driver.
INFO - 2023-01-25 14:19:39 --> CSRF cookie sent.
INFO - 2023-01-25 14:19:39 --> Session: Class initialized using 'CodeIgniter\Session\Handlers\FileHandler' driver.
INFO - 2023-01-25 14:19:41 --> CSRF cookie sent.
INFO - 2023-01-25 14:19:41 --> Session: Class initialized using 'CodeIgniter\Session\Handlers\FileHandler' driver.
INFO - 2023-01-25 14:19:41 --> CSRF cookie sent.
INFO - 2023-01-25 14:19:41 --> Session: Class initialized using 'CodeIgniter\Session\Handlers\FileHandler' driver.
INFO - 2023-01-25 14:19:42 --> CSRF cookie sent.
INFO - 2023-01-25 14:19:42 --> Session: Class initialized using 'CodeIgniter\Session\Handlers\FileHandler' driver.
INFO - 2023-01-25 14:19:43 --> CSRF cookie sent.
INFO - 2023-01-25 14:19:43 --> Session: Class initialized using 'CodeIgniter\Session\Handlers\FileHandler' driver.
INFO - 2023-01-25 14:19:44 --> CSRF cookie sent.
INFO - 2023-01-25 14:19:44 --> Session: Class initialized using 'CodeIgniter\Session\Handlers\FileHandler' driver.
INFO - 2023-01-25 14:19:45 --> CSRF cookie sent.
INFO - 2023-01-25 14:19:45 --> CSRF cookie sent.
INFO - 2023-01-25 14:19:45 --> Session: Class initialized using 'CodeIgniter\Session\Handlers\FileHandler' driver.
INFO - 2023-01-25 14:19:45 --> Session: Class initialized using 'CodeIgniter\Session\Handlers\FileHandler' driver.
INFO - 2023-01-25 14:20:27 --> CSRF cookie sent.
INFO - 2023-01-25 14:20:27 --> CSRF token verified.
INFO - 2023-01-25 14:20:27 --> Session: Class initialized using 'CodeIgniter\Session\Handlers\FileHandler' driver.
INFO - 2023-01-25 14:20:27 --> CSRF cookie sent.
INFO - 2023-01-25 14:20:27 --> Session: Class initialized using 'CodeIgniter\Session\Handlers\FileHandler' driver.
INFO - 2023-01-25 14:20:28 --> CSRF cookie sent.
INFO - 2023-01-25 14:20:28 --> Session: Class initialized using 'CodeIgniter\Session\Handlers\FileHandler' driver.
INFO - 2023-01-25 14:20:28 --> CSRF cookie sent.
INFO - 2023-01-25 14:20:28 --> Session: Class initialized using 'CodeIgniter\Session\Handlers\FileHandler' driver.
INFO - 2023-01-25 14:20:30 --> CSRF cookie sent.
INFO - 2023-01-25 14:20:30 --> CSRF cookie sent.
INFO - 2023-01-25 14:20:30 --> Session: Class initialized using 'CodeIgniter\Session\Handlers\FileHandler' driver.
INFO - 2023-01-25 14:20:30 --> Session: Class initialized using 'CodeIgniter\Session\Handlers\FileHandler' driver.
INFO - 2023-01-25 14:21:33 --> CSRF cookie sent.
INFO - 2023-01-25 14:21:33 --> CSRF token verified.
INFO - 2023-01-25 14:21:33 --> Session: Class initialized using 'CodeIgniter\Session\Handlers\FileHandler' driver.
INFO - 2023-01-25 14:21:34 --> CSRF cookie sent.
INFO - 2023-01-25 14:21:34 --> Session: Class initialized using 'CodeIgniter\Session\Handlers\FileHandler' driver.
INFO - 2023-01-25 14:21:35 --> CSRF cookie sent.
INFO - 2023-01-25 14:21:35 --> Session: Class initialized using 'CodeIgniter\Session\Handlers\FileHandler' driver.
INFO - 2023-01-25 14:21:35 --> CSRF cookie sent.
INFO - 2023-01-25 14:21:35 --> Session: Class initialized using 'CodeIgniter\Session\Handlers\FileHandler' driver.
INFO - 2023-01-25 14:21:37 --> CSRF cookie sent.
INFO - 2023-01-25 14:21:37 --> Session: Class initialized using 'CodeIgniter\Session\Handlers\FileHandler' driver.
INFO - 2023-01-25 14:21:37 --> CSRF cookie sent.
INFO - 2023-01-25 14:21:37 --> Session: Class initialized using 'CodeIgniter\Session\Handlers\FileHandler' driver.
INFO - 2023-01-25 14:21:38 --> CSRF cookie sent.
INFO - 2023-01-25 14:21:38 --> Session: Class initialized using 'CodeIgniter\Session\Handlers\FileHandler' driver.
INFO - 2023-01-25 14:21:39 --> CSRF cookie sent.
INFO - 2023-01-25 14:21:39 --> Session: Class initialized using 'CodeIgniter\Session\Handlers\FileHandler' driver.
INFO - 2023-01-25 14:22:49 --> CSRF cookie sent.
INFO - 2023-01-25 14:22:49 --> CSRF token verified.
INFO - 2023-01-25 14:22:49 --> Session: Class initialized using 'CodeIgniter\Session\Handlers\FileHandler' driver.
INFO - 2023-01-25 14:22:49 --> CSRF cookie sent.
INFO - 2023-01-25 14:22:49 --> Session: Class initialized using 'CodeIgniter\Session\Handlers\FileHandler' driver.
INFO - 2023-01-25 14:22:50 --> CSRF cookie sent.
INFO - 2023-01-25 14:22:50 --> Session: Class initialized using 'CodeIgniter\Session\Handlers\FileHandler' driver.
INFO - 2023-01-25 14:22:50 --> CSRF cookie sent.
INFO - 2023-01-25 14:22:50 --> Session: Class initialized using 'CodeIgniter\Session\Handlers\FileHandler' driver.
INFO - 2023-01-25 14:22:51 --> CSRF cookie sent.
INFO - 2023-01-25 14:22:51 --> Session: Class initialized using 'CodeIgniter\Session\Handlers\FileHandler' driver.
INFO - 2023-01-25 14:34:15 --> CSRF cookie sent.
INFO - 2023-01-25 14:34:15 --> Session: Class initialized using 'CodeIgniter\Session\Handlers\FileHandler' driver.
INFO - 2023-01-25 14:34:15 --> CSRF cookie sent.
INFO - 2023-01-25 14:34:15 --> Session: Class initialized using 'CodeIgniter\Session\Handlers\FileHandler' driver.
INFO - 2023-01-25 14:34:15 --> CSRF cookie sent.
INFO - 2023-01-25 14:34:15 --> Session: Class initialized using 'CodeIgniter\Session\Handlers\FileHandler' driver.
INFO - 2023-01-25 14:54:15 --> Session: Class initialized using 'CodeIgniter\Session\Handlers\FileHandler' driver.
INFO - 2023-01-25 14:54:15 --> CSRF cookie sent.
INFO - 2023-01-25 14:54:15 --> Session: Class initialized using 'CodeIgniter\Session\Handlers\FileHandler' driver.
INFO - 2023-01-25 14:54:16 --> CSRF cookie sent.
INFO - 2023-01-25 14:54:16 --> Session: Class initialized using 'CodeIgniter\Session\Handlers\FileHandler' driver.
INFO - 2023-01-25 14:54:27 --> CSRF cookie sent.
INFO - 2023-01-25 14:54:27 --> CSRF token verified.
INFO - 2023-01-25 14:54:27 --> Session: Class initialized using 'CodeIgniter\Session\Handlers\FileHandler' driver.
INFO - 2023-01-25 14:54:28 --> CSRF cookie sent.
INFO - 2023-01-25 14:54:28 --> Session: Class initialized using 'CodeIgniter\Session\Handlers\FileHandler' driver.
INFO - 2023-01-25 14:54:28 --> CSRF cookie sent.
INFO - 2023-01-25 14:54:28 --> Session: Class initialized using 'CodeIgniter\Session\Handlers\FileHandler' driver.
INFO - 2023-01-25 14:54:46 --> CSRF cookie sent.
INFO - 2023-01-25 14:54:46 --> CSRF token verified.
INFO - 2023-01-25 14:54:46 --> Session: Class initialized using 'CodeIgniter\Session\Handlers\FileHandler' driver.
INFO - 2023-01-25 14:54:46 --> CSRF cookie sent.
INFO - 2023-01-25 14:54:46 --> Session: Class initialized using 'CodeIgniter\Session\Handlers\FileHandler' driver.
INFO - 2023-01-25 14:54:47 --> CSRF cookie sent.
INFO - 2023-01-25 14:54:47 --> Session: Class initialized using 'CodeIgniter\Session\Handlers\FileHandler' driver.
INFO - 2023-01-25 14:54:47 --> CSRF cookie sent.
INFO - 2023-01-25 14:54:47 --> Session: Class initialized using 'CodeIgniter\Session\Handlers\FileHandler' driver.
INFO - 2023-01-25 14:54:59 --> CSRF cookie sent.
INFO - 2023-01-25 14:54:59 --> Session: Class initialized using 'CodeIgniter\Session\Handlers\FileHandler' driver.
INFO - 2023-01-25 14:55:05 --> CSRF cookie sent.
INFO - 2023-01-25 14:55:05 --> Session: Class initialized using 'CodeIgniter\Session\Handlers\FileHandler' driver.
INFO - 2023-01-25 14:55:06 --> CSRF cookie sent.
INFO - 2023-01-25 14:55:06 --> Session: Class initialized using 'CodeIgniter\Session\Handlers\FileHandler' driver.
INFO - 2023-01-25 14:55:12 --> CSRF cookie sent.
INFO - 2023-01-25 14:55:12 --> Session: Class initialized using 'CodeIgniter\Session\Handlers\FileHandler' driver.
INFO - 2023-01-25 14:55:59 --> CSRF cookie sent.
INFO - 2023-01-25 14:55:59 --> CSRF token verified.
INFO - 2023-01-25 14:55:59 --> Session: Class initialized using 'CodeIgniter\Session\Handlers\FileHandler' driver.
INFO - 2023-01-25 14:56:00 --> CSRF cookie sent.
INFO - 2023-01-25 14:56:00 --> Session: Class initialized using 'CodeIgniter\Session\Handlers\FileHandler' driver.
INFO - 2023-01-25 14:56:01 --> CSRF cookie sent.
INFO - 2023-01-25 14:56:01 --> Session: Class initialized using 'CodeIgniter\Session\Handlers\FileHandler' driver.
INFO - 2023-01-25 14:56:02 --> CSRF cookie sent.
INFO - 2023-01-25 14:56:02 --> Session: Class initialized using 'CodeIgniter\Session\Handlers\FileHandler' driver.
INFO - 2023-01-25 14:56:02 --> CSRF cookie sent.
INFO - 2023-01-25 14:56:02 --> Session: Class initialized using 'CodeIgniter\Session\Handlers\FileHandler' driver.
INFO - 2023-01-25 14:56:07 --> CSRF cookie sent.
INFO - 2023-01-25 14:56:07 --> Session: Class initialized using 'CodeIgniter\Session\Handlers\FileHandler' driver.
INFO - 2023-01-25 14:56:08 --> CSRF cookie sent.
INFO - 2023-01-25 14:56:08 --> Session: Class initialized using 'CodeIgniter\Session\Handlers\FileHandler' driver.
INFO - 2023-01-25 14:56:57 --> CSRF cookie sent.
INFO - 2023-01-25 14:56:57 --> Session: Class initialized using 'CodeIgniter\Session\Handlers\FileHandler' driver.
INFO - 2023-01-25 14:56:58 --> CSRF cookie sent.
INFO - 2023-01-25 14:56:58 --> Session: Class initialized using 'CodeIgniter\Session\Handlers\FileHandler' driver.
INFO - 2023-01-25 14:56:58 --> CSRF cookie sent.
INFO - 2023-01-25 14:56:58 --> Session: Class initialized using 'CodeIgniter\Session\Handlers\FileHandler' driver.
INFO - 2023-01-25 14:56:59 --> CSRF cookie sent.
INFO - 2023-01-25 14:56:59 --> Session: Class initialized using 'CodeIgniter\Session\Handlers\FileHandler' driver.
INFO - 2023-01-25 14:57:05 --> CSRF cookie sent.
INFO - 2023-01-25 14:57:05 --> Session: Class initialized using 'CodeIgniter\Session\Handlers\FileHandler' driver.
INFO - 2023-01-25 14:57:06 --> CSRF cookie sent.
INFO - 2023-01-25 14:57:06 --> Session: Class initialized using 'CodeIgniter\Session\Handlers\FileHandler' driver.
INFO - 2023-01-25 14:57:12 --> CSRF cookie sent.
INFO - 2023-01-25 14:57:12 --> Session: Class initialized using 'CodeIgniter\Session\Handlers\FileHandler' driver.
INFO - 2023-01-25 14:59:56 --> CSRF cookie sent.
INFO - 2023-01-25 14:59:56 --> CSRF token verified.
INFO - 2023-01-25 14:59:56 --> Session: Class initialized using 'CodeIgniter\Session\Handlers\FileHandler' driver.
INFO - 2023-01-25 14:59:57 --> CSRF cookie sent.
INFO - 2023-01-25 14:59:57 --> Session: Class initialized using 'CodeIgniter\Session\Handlers\FileHandler' driver.
INFO - 2023-01-25 14:59:59 --> CSRF cookie sent.
INFO - 2023-01-25 14:59:59 --> Session: Class initialized using 'CodeIgniter\Session\Handlers\FileHandler' driver.
INFO - 2023-01-25 15:00:00 --> CSRF cookie sent.
INFO - 2023-01-25 15:00:00 --> Session: Class initialized using 'CodeIgniter\Session\Handlers\FileHandler' driver.
INFO - 2023-01-25 15:00:01 --> CSRF cookie sent.
INFO - 2023-01-25 15:00:01 --> Session: Class initialized using 'CodeIgniter\Session\Handlers\FileHandler' driver.
INFO - 2023-01-25 15:00:04 --> CSRF cookie sent.
INFO - 2023-01-25 15:00:04 --> Session: Class initialized using 'CodeIgniter\Session\Handlers\FileHandler' driver.
INFO - 2023-01-25 15:02:08 --> CSRF cookie sent.
INFO - 2023-01-25 15:02:08 --> Session: Class initialized using 'CodeIgniter\Session\Handlers\FileHandler' driver.
INFO - 2023-01-25 15:02:08 --> CSRF cookie sent.
INFO - 2023-01-25 15:02:08 --> Session: Class initialized using 'CodeIgniter\Session\Handlers\FileHandler' driver.
INFO - 2023-01-25 15:02:09 --> CSRF cookie sent.
INFO - 2023-01-25 15:02:09 --> Session: Class initialized using 'CodeIgniter\Session\Handlers\FileHandler' driver.
INFO - 2023-01-25 15:11:05 --> CSRF cookie sent.
INFO - 2023-01-25 15:11:05 --> Session: Class initialized using 'CodeIgniter\Session\Handlers\FileHandler' driver.
INFO - 2023-01-25 15:11:06 --> CSRF cookie sent.
INFO - 2023-01-25 15:11:06 --> Session: Class initialized using 'CodeIgniter\Session\Handlers\FileHandler' driver.
INFO - 2023-01-25 15:13:08 --> CSRF cookie sent.
INFO - 2023-01-25 15:13:08 --> CSRF token verified.
INFO - 2023-01-25 15:13:08 --> Session: Class initialized using 'CodeIgniter\Session\Handlers\FileHandler' driver.
INFO - 2023-01-25 15:13:10 --> CSRF cookie sent.
INFO - 2023-01-25 15:13:10 --> Session: Class initialized using 'CodeIgniter\Session\Handlers\FileHandler' driver.
INFO - 2023-01-25 15:13:11 --> CSRF cookie sent.
INFO - 2023-01-25 15:13:11 --> Session: Class initialized using 'CodeIgniter\Session\Handlers\FileHandler' driver.
INFO - 2023-01-25 15:13:17 --> CSRF cookie sent.
INFO - 2023-01-25 15:13:17 --> Session: Class initialized using 'CodeIgniter\Session\Handlers\FileHandler' driver.
INFO - 2023-01-25 15:13:19 --> CSRF cookie sent.
INFO - 2023-01-25 15:13:19 --> Session: Class initialized using 'CodeIgniter\Session\Handlers\FileHandler' driver.
INFO - 2023-01-25 15:13:19 --> CSRF cookie sent.
INFO - 2023-01-25 15:13:19 --> Session: Class initialized using 'CodeIgniter\Session\Handlers\FileHandler' driver.
INFO - 2023-01-25 15:13:27 --> CSRF cookie sent.
INFO - 2023-01-25 15:13:27 --> Session: Class initialized using 'CodeIgniter\Session\Handlers\FileHandler' driver.
INFO - 2023-01-25 15:13:28 --> CSRF cookie sent.
INFO - 2023-01-25 15:13:28 --> Session: Class initialized using 'CodeIgniter\Session\Handlers\FileHandler' driver.
INFO - 2023-01-25 15:13:29 --> CSRF cookie sent.
INFO - 2023-01-25 15:13:29 --> Session: Class initialized using 'CodeIgniter\Session\Handlers\FileHandler' driver.
INFO - 2023-01-25 15:13:32 --> CSRF cookie sent.
INFO - 2023-01-25 15:13:32 --> Session: Class initialized using 'CodeIgniter\Session\Handlers\FileHandler' driver.
INFO - 2023-01-25 15:13:33 --> CSRF cookie sent.
INFO - 2023-01-25 15:13:33 --> Session: Class initialized using 'CodeIgniter\Session\Handlers\FileHandler' driver.
INFO - 2023-01-25 15:13:34 --> CSRF cookie sent.
INFO - 2023-01-25 15:13:34 --> Session: Class initialized using 'CodeIgniter\Session\Handlers\FileHandler' driver.
INFO - 2023-01-25 15:13:42 --> CSRF cookie sent.
INFO - 2023-01-25 15:13:42 --> Session: Class initialized using 'CodeIgniter\Session\Handlers\FileHandler' driver.
INFO - 2023-01-25 15:13:43 --> CSRF cookie sent.
INFO - 2023-01-25 15:13:43 --> Session: Class initialized using 'CodeIgniter\Session\Handlers\FileHandler' driver.
INFO - 2023-01-25 15:13:44 --> CSRF cookie sent.
INFO - 2023-01-25 15:13:44 --> Session: Class initialized using 'CodeIgniter\Session\Handlers\FileHandler' driver.
INFO - 2023-01-25 15:13:48 --> CSRF cookie sent.
INFO - 2023-01-25 15:13:48 --> CSRF cookie sent.
INFO - 2023-01-25 15:13:48 --> Session: Class initialized using 'CodeIgniter\Session\Handlers\FileHandler' driver.
INFO - 2023-01-25 15:13:49 --> Session: Class initialized using 'CodeIgniter\Session\Handlers\FileHandler' driver.
INFO - 2023-01-25 15:29:06 --> CSRF cookie sent.
INFO - 2023-01-25 15:29:06 --> CSRF token verified.
INFO - 2023-01-25 15:29:06 --> Session: Class initialized using 'CodeIgniter\Session\Handlers\FileHandler' driver.
INFO - 2023-01-25 15:29:07 --> CSRF cookie sent.
INFO - 2023-01-25 15:29:07 --> Session: Class initialized using 'CodeIgniter\Session\Handlers\FileHandler' driver.
INFO - 2023-01-25 15:29:08 --> CSRF cookie sent.
INFO - 2023-01-25 15:29:08 --> Session: Class initialized using 'CodeIgniter\Session\Handlers\FileHandler' driver.
INFO - 2023-01-25 15:29:09 --> CSRF cookie sent.
INFO - 2023-01-25 15:29:09 --> Session: Class initialized using 'CodeIgniter\Session\Handlers\FileHandler' driver.
INFO - 2023-01-25 15:29:12 --> CSRF cookie sent.
INFO - 2023-01-25 15:29:12 --> Session: Class initialized using 'CodeIgniter\Session\Handlers\FileHandler' driver.
INFO - 2023-01-25 15:29:18 --> CSRF cookie sent.
INFO - 2023-01-25 15:29:18 --> Session: Class initialized using 'CodeIgniter\Session\Handlers\FileHandler' driver.
INFO - 2023-01-25 15:29:19 --> CSRF cookie sent.
INFO - 2023-01-25 15:29:19 --> Session: Class initialized using 'CodeIgniter\Session\Handlers\FileHandler' driver.
INFO - 2023-01-25 15:29:24 --> CSRF cookie sent.
INFO - 2023-01-25 15:29:24 --> Session: Class initialized using 'CodeIgniter\Session\Handlers\FileHandler' driver.
INFO - 2023-01-25 15:31:31 --> CSRF cookie sent.
INFO - 2023-01-25 15:31:31 --> CSRF token verified.
INFO - 2023-01-25 15:31:31 --> Session: Class initialized using 'CodeIgniter\Session\Handlers\FileHandler' driver.
INFO - 2023-01-25 15:31:32 --> CSRF cookie sent.
INFO - 2023-01-25 15:31:32 --> Session: Class initialized using 'CodeIgniter\Session\Handlers\FileHandler' driver.
INFO - 2023-01-25 15:31:34 --> CSRF cookie sent.
INFO - 2023-01-25 15:31:34 --> Session: Class initialized using 'CodeIgniter\Session\Handlers\FileHandler' driver.
INFO - 2023-01-25 15:31:35 --> CSRF cookie sent.
INFO - 2023-01-25 15:31:35 --> Session: Class initialized using 'CodeIgniter\Session\Handlers\FileHandler' driver.
INFO - 2023-01-25 15:31:36 --> CSRF cookie sent.
INFO - 2023-01-25 15:31:36 --> Session: Class initialized using 'CodeIgniter\Session\Handlers\FileHandler' driver.
INFO - 2023-01-25 15:31:36 --> CSRF cookie sent.
INFO - 2023-01-25 15:31:36 --> Session: Class initialized using 'CodeIgniter\Session\Handlers\FileHandler' driver.
INFO - 2023-01-25 15:31:40 --> CSRF cookie sent.
INFO - 2023-01-25 15:31:40 --> Session: Class initialized using 'CodeIgniter\Session\Handlers\FileHandler' driver.
INFO - 2023-01-25 15:32:21 --> CSRF cookie sent.
INFO - 2023-01-25 15:32:21 --> Session: Class initialized using 'CodeIgniter\Session\Handlers\FileHandler' driver.
INFO - 2023-01-25 15:32:22 --> CSRF cookie sent.
INFO - 2023-01-25 15:32:22 --> Session: Class initialized using 'CodeIgniter\Session\Handlers\FileHandler' driver.
INFO - 2023-01-25 15:32:22 --> CSRF cookie sent.
INFO - 2023-01-25 15:32:22 --> Session: Class initialized using 'CodeIgniter\Session\Handlers\FileHandler' driver.
INFO - 2023-01-25 15:34:27 --> CSRF cookie sent.
INFO - 2023-01-25 15:34:27 --> CSRF token verified.
INFO - 2023-01-25 15:34:27 --> Session: Class initialized using 'CodeIgniter\Session\Handlers\FileHandler' driver.
INFO - 2023-01-25 15:34:28 --> CSRF cookie sent.
INFO - 2023-01-25 15:34:28 --> Session: Class initialized using 'CodeIgniter\Session\Handlers\FileHandler' driver.
INFO - 2023-01-25 15:34:29 --> CSRF cookie sent.
INFO - 2023-01-25 15:34:29 --> Session: Class initialized using 'CodeIgniter\Session\Handlers\FileHandler' driver.
INFO - 2023-01-25 15:34:29 --> CSRF cookie sent.
INFO - 2023-01-25 15:34:29 --> Session: Class initialized using 'CodeIgniter\Session\Handlers\FileHandler' driver.
INFO - 2023-01-25 15:34:31 --> CSRF cookie sent.
INFO - 2023-01-25 15:34:31 --> Session: Class initialized using 'CodeIgniter\Session\Handlers\FileHandler' driver.
INFO - 2023-01-25 15:34:37 --> CSRF cookie sent.
INFO - 2023-01-25 15:34:37 --> Session: Class initialized using 'CodeIgniter\Session\Handlers\FileHandler' driver.
INFO - 2023-01-25 15:34:38 --> CSRF cookie sent.
INFO - 2023-01-25 15:34:38 --> Session: Class initialized using 'CodeIgniter\Session\Handlers\FileHandler' driver.
INFO - 2023-01-25 15:34:43 --> CSRF cookie sent.
INFO - 2023-01-25 15:34:43 --> Session: Class initialized using 'CodeIgniter\Session\Handlers\FileHandler' driver.
INFO - 2023-01-25 15:35:29 --> CSRF cookie sent.
INFO - 2023-01-25 15:35:29 --> CSRF token verified.
INFO - 2023-01-25 15:35:29 --> Session: Class initialized using 'CodeIgniter\Session\Handlers\FileHandler' driver.
INFO - 2023-01-25 15:35:30 --> CSRF cookie sent.
INFO - 2023-01-25 15:35:30 --> Session: Class initialized using 'CodeIgniter\Session\Handlers\FileHandler' driver.
INFO - 2023-01-25 15:35:32 --> CSRF cookie sent.
INFO - 2023-01-25 15:35:32 --> Session: Class initialized using 'CodeIgniter\Session\Handlers\FileHandler' driver.
INFO - 2023-01-25 15:35:32 --> CSRF cookie sent.
INFO - 2023-01-25 15:35:32 --> Session: Class initialized using 'CodeIgniter\Session\Handlers\FileHandler' driver.
INFO - 2023-01-25 15:35:33 --> CSRF cookie sent.
INFO - 2023-01-25 15:35:33 --> Session: Class initialized using 'CodeIgniter\Session\Handlers\FileHandler' driver.
INFO - 2023-01-25 15:35:34 --> CSRF cookie sent.
INFO - 2023-01-25 15:35:34 --> Session: Class initialized using 'CodeIgniter\Session\Handlers\FileHandler' driver.
INFO - 2023-01-25 15:35:35 --> CSRF cookie sent.
INFO - 2023-01-25 15:35:35 --> Session: Class initialized using 'CodeIgniter\Session\Handlers\FileHandler' driver.
INFO - 2023-01-25 15:35:50 --> CSRF cookie sent.
INFO - 2023-01-25 15:35:50 --> Session: Class initialized using 'CodeIgniter\Session\Handlers\FileHandler' driver.
INFO - 2023-01-25 15:35:50 --> CSRF cookie sent.
INFO - 2023-01-25 15:35:50 --> Session: Class initialized using 'CodeIgniter\Session\Handlers\FileHandler' driver.
INFO - 2023-01-25 15:35:50 --> CSRF cookie sent.
INFO - 2023-01-25 15:35:50 --> Session: Class initialized using 'CodeIgniter\Session\Handlers\FileHandler' driver.
INFO - 2023-01-25 15:38:39 --> CSRF cookie sent.
INFO - 2023-01-25 15:38:39 --> CSRF token verified.
INFO - 2023-01-25 15:38:39 --> Session: Class initialized using 'CodeIgniter\Session\Handlers\FileHandler' driver.
INFO - 2023-01-25 15:38:40 --> CSRF cookie sent.
INFO - 2023-01-25 15:38:40 --> Session: Class initialized using 'CodeIgniter\Session\Handlers\FileHandler' driver.
INFO - 2023-01-25 15:38:41 --> CSRF cookie sent.
INFO - 2023-01-25 15:38:41 --> Session: Class initialized using 'CodeIgniter\Session\Handlers\FileHandler' driver.
INFO - 2023-01-25 15:38:42 --> CSRF cookie sent.
INFO - 2023-01-25 15:38:42 --> Session: Class initialized using 'CodeIgniter\Session\Handlers\FileHandler' driver.
INFO - 2023-01-25 15:38:43 --> CSRF cookie sent.
INFO - 2023-01-25 15:38:43 --> Session: Class initialized using 'CodeIgniter\Session\Handlers\FileHandler' driver.
INFO - 2023-01-25 15:38:49 --> CSRF cookie sent.
INFO - 2023-01-25 15:38:49 --> Session: Class initialized using 'CodeIgniter\Session\Handlers\FileHandler' driver.
INFO - 2023-01-25 15:38:49 --> CSRF cookie sent.
INFO - 2023-01-25 15:38:49 --> Session: Class initialized using 'CodeIgniter\Session\Handlers\FileHandler' driver.
INFO - 2023-01-25 15:38:51 --> CSRF cookie sent.
INFO - 2023-01-25 15:38:51 --> Session: Class initialized using 'CodeIgniter\Session\Handlers\FileHandler' driver.
INFO - 2023-01-25 15:39:22 --> CSRF cookie sent.
INFO - 2023-01-25 15:39:22 --> CSRF token verified.
INFO - 2023-01-25 15:39:22 --> Session: Class initialized using 'CodeIgniter\Session\Handlers\FileHandler' driver.
INFO - 2023-01-25 15:39:23 --> CSRF cookie sent.
INFO - 2023-01-25 15:39:23 --> Session: Class initialized using 'CodeIgniter\Session\Handlers\FileHandler' driver.
INFO - 2023-01-25 15:39:24 --> CSRF cookie sent.
INFO - 2023-01-25 15:39:24 --> Session: Class initialized using 'CodeIgniter\Session\Handlers\FileHandler' driver.
INFO - 2023-01-25 15:39:25 --> CSRF cookie sent.
INFO - 2023-01-25 15:39:25 --> Session: Class initialized using 'CodeIgniter\Session\Handlers\FileHandler' driver.
INFO - 2023-01-25 15:39:25 --> CSRF cookie sent.
INFO - 2023-01-25 15:39:25 --> Session: Class initialized using 'CodeIgniter\Session\Handlers\FileHandler' driver.
INFO - 2023-01-25 15:39:26 --> CSRF cookie sent.
INFO - 2023-01-25 15:39:26 --> Session: Class initialized using 'CodeIgniter\Session\Handlers\FileHandler' driver.
INFO - 2023-01-25 15:39:27 --> CSRF cookie sent.
INFO - 2023-01-25 15:39:27 --> Session: Class initialized using 'CodeIgniter\Session\Handlers\FileHandler' driver.
INFO - 2023-01-25 15:39:46 --> CSRF cookie sent.
INFO - 2023-01-25 15:39:46 --> Session: Class initialized using 'CodeIgniter\Session\Handlers\FileHandler' driver.
INFO - 2023-01-25 15:39:46 --> CSRF cookie sent.
INFO - 2023-01-25 15:39:46 --> Session: Class initialized using 'CodeIgniter\Session\Handlers\FileHandler' driver.
INFO - 2023-01-25 15:39:47 --> CSRF cookie sent.
INFO - 2023-01-25 15:39:47 --> Session: Class initialized using 'CodeIgniter\Session\Handlers\FileHandler' driver.
INFO - 2023-01-25 15:39:48 --> CSRF cookie sent.
INFO - 2023-01-25 15:39:48 --> Session: Class initialized using 'CodeIgniter\Session\Handlers\FileHandler' driver.
INFO - 2023-01-25 15:39:54 --> CSRF cookie sent.
INFO - 2023-01-25 15:39:54 --> Session: Class initialized using 'CodeIgniter\Session\Handlers\FileHandler' driver.
INFO - 2023-01-25 15:39:55 --> CSRF cookie sent.
INFO - 2023-01-25 15:39:55 --> Session: Class initialized using 'CodeIgniter\Session\Handlers\FileHandler' driver.
INFO - 2023-01-25 15:39:57 --> CSRF cookie sent.
INFO - 2023-01-25 15:39:57 --> Session: Class initialized using 'CodeIgniter\Session\Handlers\FileHandler' driver.
INFO - 2023-01-25 15:43:55 --> CSRF cookie sent.
INFO - 2023-01-25 15:43:55 --> CSRF token verified.
INFO - 2023-01-25 15:43:55 --> Session: Class initialized using 'CodeIgniter\Session\Handlers\FileHandler' driver.
INFO - 2023-01-25 15:43:56 --> CSRF cookie sent.
INFO - 2023-01-25 15:43:56 --> Session: Class initialized using 'CodeIgniter\Session\Handlers\FileHandler' driver.
INFO - 2023-01-25 15:43:58 --> CSRF cookie sent.
INFO - 2023-01-25 15:43:58 --> Session: Class initialized using 'CodeIgniter\Session\Handlers\FileHandler' driver.
INFO - 2023-01-25 15:43:59 --> CSRF cookie sent.
INFO - 2023-01-25 15:43:59 --> Session: Class initialized using 'CodeIgniter\Session\Handlers\FileHandler' driver.
INFO - 2023-01-25 15:43:59 --> CSRF cookie sent.
INFO - 2023-01-25 15:43:59 --> Session: Class initialized using 'CodeIgniter\Session\Handlers\FileHandler' driver.
INFO - 2023-01-25 15:44:00 --> CSRF cookie sent.
INFO - 2023-01-25 15:44:00 --> Session: Class initialized using 'CodeIgniter\Session\Handlers\FileHandler' driver.
INFO - 2023-01-25 15:44:07 --> CSRF cookie sent.
INFO - 2023-01-25 15:44:07 --> Session: Class initialized using 'CodeIgniter\Session\Handlers\FileHandler' driver.
INFO - 2023-01-25 15:44:37 --> CSRF cookie sent.
INFO - 2023-01-25 15:44:37 --> Session: Class initialized using 'CodeIgniter\Session\Handlers\FileHandler' driver.
INFO - 2023-01-25 15:44:37 --> CSRF cookie sent.
INFO - 2023-01-25 15:44:37 --> Session: Class initialized using 'CodeIgniter\Session\Handlers\FileHandler' driver.
INFO - 2023-01-25 15:44:38 --> CSRF cookie sent.
INFO - 2023-01-25 15:44:38 --> Session: Class initialized using 'CodeIgniter\Session\Handlers\FileHandler' driver.
