INFO - 2023-03-06 09:34:12 --> CSRF cookie sent.
INFO - 2023-03-06 09:34:12 --> Session: Class initialized using 'CodeIgniter\Session\Handlers\FileHandler' driver.
INFO - 2023-03-06 09:34:13 --> CSRF cookie sent.
INFO - 2023-03-06 09:34:13 --> Session: Class initialized using 'CodeIgniter\Session\Handlers\FileHandler' driver.
INFO - 2023-03-06 09:34:20 --> CSRF cookie sent.
INFO - 2023-03-06 09:34:20 --> CSRF token verified.
INFO - 2023-03-06 09:34:20 --> Session: Class initialized using 'CodeIgniter\Session\Handlers\FileHandler' driver.
INFO - 2023-03-06 09:34:22 --> CSRF cookie sent.
INFO - 2023-03-06 09:34:22 --> Session: Class initialized using 'CodeIgniter\Session\Handlers\FileHandler' driver.
INFO - 2023-03-06 09:34:25 --> CSRF cookie sent.
INFO - 2023-03-06 09:34:25 --> Session: Class initialized using 'CodeIgniter\Session\Handlers\FileHandler' driver.
INFO - 2023-03-06 09:34:25 --> CSRF cookie sent.
INFO - 2023-03-06 09:34:25 --> Session: Class initialized using 'CodeIgniter\Session\Handlers\FileHandler' driver.
INFO - 2023-03-06 09:34:27 --> CSRF cookie sent.
INFO - 2023-03-06 09:34:27 --> Session: Class initialized using 'CodeIgniter\Session\Handlers\FileHandler' driver.
INFO - 2023-03-06 09:34:29 --> CSRF cookie sent.
INFO - 2023-03-06 09:34:29 --> Session: Class initialized using 'CodeIgniter\Session\Handlers\FileHandler' driver.
INFO - 2023-03-06 09:34:31 --> CSRF cookie sent.
INFO - 2023-03-06 09:34:31 --> Session: Class initialized using 'CodeIgniter\Session\Handlers\FileHandler' driver.
INFO - 2023-03-06 09:34:31 --> CSRF cookie sent.
INFO - 2023-03-06 09:34:31 --> CSRF token verified.
INFO - 2023-03-06 09:34:31 --> Session: Class initialized using 'CodeIgniter\Session\Handlers\FileHandler' driver.
INFO - 2023-03-06 09:34:31 --> CSRF cookie sent.
INFO - 2023-03-06 09:34:31 --> Session: Class initialized using 'CodeIgniter\Session\Handlers\FileHandler' driver.
INFO - 2023-03-06 09:34:33 --> CSRF cookie sent.
INFO - 2023-03-06 09:34:33 --> Session: Class initialized using 'CodeIgniter\Session\Handlers\FileHandler' driver.
INFO - 2023-03-06 10:33:19 --> Session: Class initialized using 'CodeIgniter\Session\Handlers\FileHandler' driver.
INFO - 2023-03-06 10:33:19 --> CSRF cookie sent.
INFO - 2023-03-06 10:33:19 --> Session: Class initialized using 'CodeIgniter\Session\Handlers\FileHandler' driver.
INFO - 2023-03-06 10:33:20 --> CSRF cookie sent.
INFO - 2023-03-06 10:33:20 --> Session: Class initialized using 'CodeIgniter\Session\Handlers\FileHandler' driver.
INFO - 2023-03-06 10:33:25 --> CSRF cookie sent.
INFO - 2023-03-06 10:33:25 --> CSRF token verified.
INFO - 2023-03-06 10:33:25 --> Session: Class initialized using 'CodeIgniter\Session\Handlers\FileHandler' driver.
INFO - 2023-03-06 10:33:26 --> CSRF cookie sent.
INFO - 2023-03-06 10:33:26 --> Session: Class initialized using 'CodeIgniter\Session\Handlers\FileHandler' driver.
INFO - 2023-03-06 10:33:27 --> CSRF cookie sent.
INFO - 2023-03-06 10:33:27 --> Session: Class initialized using 'CodeIgniter\Session\Handlers\FileHandler' driver.
INFO - 2023-03-06 10:33:27 --> CSRF cookie sent.
INFO - 2023-03-06 10:33:27 --> Session: Class initialized using 'CodeIgniter\Session\Handlers\FileHandler' driver.
INFO - 2023-03-06 10:33:29 --> CSRF cookie sent.
INFO - 2023-03-06 10:33:29 --> Session: Class initialized using 'CodeIgniter\Session\Handlers\FileHandler' driver.
INFO - 2023-03-06 10:33:30 --> CSRF cookie sent.
INFO - 2023-03-06 10:33:30 --> Session: Class initialized using 'CodeIgniter\Session\Handlers\FileHandler' driver.
INFO - 2023-03-06 10:33:30 --> CSRF cookie sent.
INFO - 2023-03-06 10:33:30 --> Session: Class initialized using 'CodeIgniter\Session\Handlers\FileHandler' driver.
INFO - 2023-03-06 10:33:33 --> CSRF cookie sent.
INFO - 2023-03-06 10:33:33 --> Session: Class initialized using 'CodeIgniter\Session\Handlers\FileHandler' driver.
INFO - 2023-03-06 10:33:34 --> CSRF cookie sent.
INFO - 2023-03-06 10:33:34 --> Session: Class initialized using 'CodeIgniter\Session\Handlers\FileHandler' driver.
INFO - 2023-03-06 10:33:35 --> CSRF cookie sent.
INFO - 2023-03-06 10:33:35 --> Session: Class initialized using 'CodeIgniter\Session\Handlers\FileHandler' driver.
INFO - 2023-03-06 10:33:37 --> CSRF cookie sent.
INFO - 2023-03-06 10:33:37 --> Session: Class initialized using 'CodeIgniter\Session\Handlers\FileHandler' driver.
INFO - 2023-03-06 10:33:38 --> CSRF cookie sent.
INFO - 2023-03-06 10:33:38 --> Session: Class initialized using 'CodeIgniter\Session\Handlers\FileHandler' driver.
INFO - 2023-03-06 10:33:38 --> CSRF cookie sent.
INFO - 2023-03-06 10:33:38 --> Session: Class initialized using 'CodeIgniter\Session\Handlers\FileHandler' driver.
INFO - 2023-03-06 10:37:15 --> CSRF cookie sent.
INFO - 2023-03-06 10:37:15 --> CSRF token verified.
INFO - 2023-03-06 10:37:15 --> Session: Class initialized using 'CodeIgniter\Session\Handlers\FileHandler' driver.
INFO - 2023-03-06 10:37:16 --> CSRF cookie sent.
INFO - 2023-03-06 10:37:16 --> Session: Class initialized using 'CodeIgniter\Session\Handlers\FileHandler' driver.
INFO - 2023-03-06 10:37:17 --> CSRF cookie sent.
INFO - 2023-03-06 10:37:17 --> Session: Class initialized using 'CodeIgniter\Session\Handlers\FileHandler' driver.
INFO - 2023-03-06 10:37:17 --> CSRF cookie sent.
INFO - 2023-03-06 10:37:17 --> Session: Class initialized using 'CodeIgniter\Session\Handlers\FileHandler' driver.
INFO - 2023-03-06 10:37:19 --> CSRF cookie sent.
INFO - 2023-03-06 10:37:19 --> Session: Class initialized using 'CodeIgniter\Session\Handlers\FileHandler' driver.
INFO - 2023-03-06 10:37:20 --> CSRF cookie sent.
INFO - 2023-03-06 10:37:20 --> Session: Class initialized using 'CodeIgniter\Session\Handlers\FileHandler' driver.
INFO - 2023-03-06 10:37:20 --> CSRF cookie sent.
INFO - 2023-03-06 10:37:20 --> Session: Class initialized using 'CodeIgniter\Session\Handlers\FileHandler' driver.
INFO - 2023-03-06 10:37:23 --> CSRF cookie sent.
INFO - 2023-03-06 10:37:23 --> Session: Class initialized using 'CodeIgniter\Session\Handlers\FileHandler' driver.
INFO - 2023-03-06 10:37:24 --> CSRF cookie sent.
INFO - 2023-03-06 10:37:24 --> Session: Class initialized using 'CodeIgniter\Session\Handlers\FileHandler' driver.
INFO - 2023-03-06 10:37:25 --> CSRF cookie sent.
INFO - 2023-03-06 10:37:25 --> Session: Class initialized using 'CodeIgniter\Session\Handlers\FileHandler' driver.
INFO - 2023-03-06 10:47:35 --> CSRF cookie sent.
INFO - 2023-03-06 10:47:35 --> Session: Class initialized using 'CodeIgniter\Session\Handlers\FileHandler' driver.
INFO - 2023-03-06 10:47:35 --> CSRF cookie sent.
INFO - 2023-03-06 10:47:35 --> Session: Class initialized using 'CodeIgniter\Session\Handlers\FileHandler' driver.
INFO - 2023-03-06 10:47:36 --> CSRF cookie sent.
INFO - 2023-03-06 10:47:36 --> Session: Class initialized using 'CodeIgniter\Session\Handlers\FileHandler' driver.
INFO - 2023-03-06 10:49:45 --> CSRF cookie sent.
INFO - 2023-03-06 10:49:45 --> Session: Class initialized using 'CodeIgniter\Session\Handlers\FileHandler' driver.
INFO - 2023-03-06 10:49:47 --> CSRF cookie sent.
INFO - 2023-03-06 10:49:47 --> Session: Class initialized using 'CodeIgniter\Session\Handlers\FileHandler' driver.
INFO - 2023-03-06 10:49:50 --> CSRF cookie sent.
INFO - 2023-03-06 10:49:50 --> CSRF token verified.
INFO - 2023-03-06 10:49:50 --> Session: Class initialized using 'CodeIgniter\Session\Handlers\FileHandler' driver.
INFO - 2023-03-06 10:49:51 --> CSRF cookie sent.
INFO - 2023-03-06 10:49:51 --> Session: Class initialized using 'CodeIgniter\Session\Handlers\FileHandler' driver.
INFO - 2023-03-06 10:49:51 --> CSRF cookie sent.
INFO - 2023-03-06 10:49:51 --> Session: Class initialized using 'CodeIgniter\Session\Handlers\FileHandler' driver.
INFO - 2023-03-06 10:50:25 --> CSRF cookie sent.
INFO - 2023-03-06 10:50:25 --> Session: Class initialized using 'CodeIgniter\Session\Handlers\FileHandler' driver.
INFO - 2023-03-06 10:50:26 --> CSRF cookie sent.
INFO - 2023-03-06 10:50:26 --> Session: Class initialized using 'CodeIgniter\Session\Handlers\FileHandler' driver.
INFO - 2023-03-06 10:50:27 --> CSRF cookie sent.
INFO - 2023-03-06 10:50:27 --> Session: Class initialized using 'CodeIgniter\Session\Handlers\FileHandler' driver.
INFO - 2023-03-06 10:50:30 --> CSRF cookie sent.
INFO - 2023-03-06 10:50:30 --> Session: Class initialized using 'CodeIgniter\Session\Handlers\FileHandler' driver.
INFO - 2023-03-06 10:50:31 --> CSRF cookie sent.
INFO - 2023-03-06 10:50:31 --> Session: Class initialized using 'CodeIgniter\Session\Handlers\FileHandler' driver.
INFO - 2023-03-06 10:50:32 --> CSRF cookie sent.
INFO - 2023-03-06 10:50:32 --> Session: Class initialized using 'CodeIgniter\Session\Handlers\FileHandler' driver.
INFO - 2023-03-06 10:50:33 --> CSRF cookie sent.
INFO - 2023-03-06 10:50:33 --> CSRF cookie sent.
INFO - 2023-03-06 10:50:33 --> Session: Class initialized using 'CodeIgniter\Session\Handlers\FileHandler' driver.
INFO - 2023-03-06 10:50:33 --> CSRF cookie sent.
INFO - 2023-03-06 10:50:34 --> Session: Class initialized using 'CodeIgniter\Session\Handlers\FileHandler' driver.
INFO - 2023-03-06 10:50:34 --> Session: Class initialized using 'CodeIgniter\Session\Handlers\FileHandler' driver.
INFO - 2023-03-06 10:50:35 --> CSRF cookie sent.
INFO - 2023-03-06 10:50:35 --> Session: Class initialized using 'CodeIgniter\Session\Handlers\FileHandler' driver.
INFO - 2023-03-06 10:50:36 --> CSRF cookie sent.
INFO - 2023-03-06 10:50:36 --> Session: Class initialized using 'CodeIgniter\Session\Handlers\FileHandler' driver.
INFO - 2023-03-06 10:50:36 --> CSRF cookie sent.
INFO - 2023-03-06 10:50:37 --> Session: Class initialized using 'CodeIgniter\Session\Handlers\FileHandler' driver.
INFO - 2023-03-06 10:50:53 --> CSRF cookie sent.
INFO - 2023-03-06 10:50:53 --> CSRF token verified.
INFO - 2023-03-06 10:50:53 --> Session: Class initialized using 'CodeIgniter\Session\Handlers\FileHandler' driver.
INFO - 2023-03-06 10:50:55 --> CSRF cookie sent.
INFO - 2023-03-06 10:50:55 --> Session: Class initialized using 'CodeIgniter\Session\Handlers\FileHandler' driver.
INFO - 2023-03-06 10:50:56 --> CSRF cookie sent.
INFO - 2023-03-06 10:50:56 --> Session: Class initialized using 'CodeIgniter\Session\Handlers\FileHandler' driver.
INFO - 2023-03-06 10:50:57 --> CSRF cookie sent.
INFO - 2023-03-06 10:50:57 --> Session: Class initialized using 'CodeIgniter\Session\Handlers\FileHandler' driver.
INFO - 2023-03-06 10:51:03 --> CSRF cookie sent.
INFO - 2023-03-06 10:51:03 --> CSRF token verified.
INFO - 2023-03-06 10:51:03 --> Session: Class initialized using 'CodeIgniter\Session\Handlers\FileHandler' driver.
INFO - 2023-03-06 10:51:04 --> CSRF cookie sent.
INFO - 2023-03-06 10:51:04 --> Session: Class initialized using 'CodeIgniter\Session\Handlers\FileHandler' driver.
INFO - 2023-03-06 10:51:05 --> CSRF cookie sent.
INFO - 2023-03-06 10:51:05 --> Session: Class initialized using 'CodeIgniter\Session\Handlers\FileHandler' driver.
INFO - 2023-03-06 10:51:06 --> CSRF cookie sent.
INFO - 2023-03-06 10:51:06 --> Session: Class initialized using 'CodeIgniter\Session\Handlers\FileHandler' driver.
INFO - 2023-03-06 10:55:36 --> CSRF cookie sent.
INFO - 2023-03-06 10:55:36 --> CSRF token verified.
INFO - 2023-03-06 10:55:36 --> Session: Class initialized using 'CodeIgniter\Session\Handlers\FileHandler' driver.
INFO - 2023-03-06 10:55:37 --> CSRF cookie sent.
INFO - 2023-03-06 10:55:37 --> Session: Class initialized using 'CodeIgniter\Session\Handlers\FileHandler' driver.
INFO - 2023-03-06 10:55:39 --> CSRF cookie sent.
INFO - 2023-03-06 10:55:39 --> Session: Class initialized using 'CodeIgniter\Session\Handlers\FileHandler' driver.
INFO - 2023-03-06 10:55:39 --> CSRF cookie sent.
INFO - 2023-03-06 10:55:39 --> Session: Class initialized using 'CodeIgniter\Session\Handlers\FileHandler' driver.
INFO - 2023-03-06 10:55:41 --> CSRF cookie sent.
INFO - 2023-03-06 10:55:41 --> CSRF token verified.
INFO - 2023-03-06 10:55:41 --> Session: Class initialized using 'CodeIgniter\Session\Handlers\FileHandler' driver.
INFO - 2023-03-06 10:55:41 --> CSRF cookie sent.
INFO - 2023-03-06 10:55:41 --> CSRF token verified.
INFO - 2023-03-06 10:55:41 --> Session: Class initialized using 'CodeIgniter\Session\Handlers\FileHandler' driver.
INFO - 2023-03-06 10:55:41 --> CSRF cookie sent.
INFO - 2023-03-06 10:55:41 --> Session: Class initialized using 'CodeIgniter\Session\Handlers\FileHandler' driver.
INFO - 2023-03-06 10:55:41 --> CSRF cookie sent.
INFO - 2023-03-06 10:55:41 --> Session: Class initialized using 'CodeIgniter\Session\Handlers\FileHandler' driver.
INFO - 2023-03-06 10:55:43 --> CSRF cookie sent.
INFO - 2023-03-06 10:55:43 --> Session: Class initialized using 'CodeIgniter\Session\Handlers\FileHandler' driver.
INFO - 2023-03-06 10:55:43 --> CSRF cookie sent.
INFO - 2023-03-06 10:55:43 --> Session: Class initialized using 'CodeIgniter\Session\Handlers\FileHandler' driver.
INFO - 2023-03-06 10:55:48 --> CSRF cookie sent.
INFO - 2023-03-06 10:55:48 --> CSRF token verified.
INFO - 2023-03-06 10:55:48 --> Session: Class initialized using 'CodeIgniter\Session\Handlers\FileHandler' driver.
INFO - 2023-03-06 10:55:49 --> CSRF cookie sent.
INFO - 2023-03-06 10:55:49 --> Session: Class initialized using 'CodeIgniter\Session\Handlers\FileHandler' driver.
INFO - 2023-03-06 10:55:50 --> CSRF cookie sent.
INFO - 2023-03-06 10:55:50 --> Session: Class initialized using 'CodeIgniter\Session\Handlers\FileHandler' driver.
INFO - 2023-03-06 10:55:51 --> CSRF cookie sent.
INFO - 2023-03-06 10:55:51 --> Session: Class initialized using 'CodeIgniter\Session\Handlers\FileHandler' driver.
INFO - 2023-03-06 10:55:52 --> CSRF cookie sent.
INFO - 2023-03-06 10:55:52 --> Session: Class initialized using 'CodeIgniter\Session\Handlers\FileHandler' driver.
INFO - 2023-03-06 10:55:58 --> CSRF cookie sent.
INFO - 2023-03-06 10:55:58 --> CSRF token verified.
INFO - 2023-03-06 10:55:58 --> Session: Class initialized using 'CodeIgniter\Session\Handlers\FileHandler' driver.
INFO - 2023-03-06 10:55:58 --> CSRF cookie sent.
INFO - 2023-03-06 10:55:59 --> Session: Class initialized using 'CodeIgniter\Session\Handlers\FileHandler' driver.
INFO - 2023-03-06 10:55:59 --> CSRF cookie sent.
INFO - 2023-03-06 10:55:59 --> Session: Class initialized using 'CodeIgniter\Session\Handlers\FileHandler' driver.
INFO - 2023-03-06 10:56:00 --> CSRF cookie sent.
INFO - 2023-03-06 10:56:00 --> Session: Class initialized using 'CodeIgniter\Session\Handlers\FileHandler' driver.
INFO - 2023-03-06 10:56:00 --> CSRF cookie sent.
INFO - 2023-03-06 10:56:00 --> Session: Class initialized using 'CodeIgniter\Session\Handlers\FileHandler' driver.
INFO - 2023-03-06 10:56:04 --> CSRF cookie sent.
INFO - 2023-03-06 10:56:04 --> CSRF token verified.
INFO - 2023-03-06 10:56:04 --> Session: Class initialized using 'CodeIgniter\Session\Handlers\FileHandler' driver.
INFO - 2023-03-06 10:56:05 --> CSRF cookie sent.
INFO - 2023-03-06 10:56:05 --> Session: Class initialized using 'CodeIgniter\Session\Handlers\FileHandler' driver.
INFO - 2023-03-06 10:56:05 --> CSRF cookie sent.
INFO - 2023-03-06 10:56:05 --> Session: Class initialized using 'CodeIgniter\Session\Handlers\FileHandler' driver.
INFO - 2023-03-06 10:56:06 --> CSRF cookie sent.
INFO - 2023-03-06 10:56:06 --> CSRF token verified.
INFO - 2023-03-06 10:56:06 --> Session: Class initialized using 'CodeIgniter\Session\Handlers\FileHandler' driver.
INFO - 2023-03-06 10:56:07 --> CSRF cookie sent.
INFO - 2023-03-06 10:56:07 --> Session: Class initialized using 'CodeIgniter\Session\Handlers\FileHandler' driver.
INFO - 2023-03-06 10:56:07 --> CSRF cookie sent.
INFO - 2023-03-06 10:56:07 --> Session: Class initialized using 'CodeIgniter\Session\Handlers\FileHandler' driver.
INFO - 2023-03-06 10:56:10 --> CSRF cookie sent.
INFO - 2023-03-06 10:56:10 --> Session: Class initialized using 'CodeIgniter\Session\Handlers\FileHandler' driver.
INFO - 2023-03-06 10:56:10 --> CSRF cookie sent.
INFO - 2023-03-06 10:56:10 --> Session: Class initialized using 'CodeIgniter\Session\Handlers\FileHandler' driver.
INFO - 2023-03-06 10:56:12 --> CSRF cookie sent.
INFO - 2023-03-06 10:56:12 --> Session: Class initialized using 'CodeIgniter\Session\Handlers\FileHandler' driver.
INFO - 2023-03-06 10:56:12 --> CSRF cookie sent.
INFO - 2023-03-06 10:56:12 --> Session: Class initialized using 'CodeIgniter\Session\Handlers\FileHandler' driver.
INFO - 2023-03-06 10:56:13 --> CSRF cookie sent.
INFO - 2023-03-06 10:56:13 --> CSRF token verified.
INFO - 2023-03-06 10:56:13 --> Session: Class initialized using 'CodeIgniter\Session\Handlers\FileHandler' driver.
INFO - 2023-03-06 10:56:14 --> CSRF cookie sent.
INFO - 2023-03-06 10:56:14 --> Session: Class initialized using 'CodeIgniter\Session\Handlers\FileHandler' driver.
INFO - 2023-03-06 10:56:16 --> CSRF cookie sent.
INFO - 2023-03-06 10:56:16 --> CSRF token verified.
INFO - 2023-03-06 10:56:16 --> Session: Class initialized using 'CodeIgniter\Session\Handlers\FileHandler' driver.
INFO - 2023-03-06 10:56:19 --> CSRF cookie sent.
INFO - 2023-03-06 10:56:19 --> Session: Class initialized using 'CodeIgniter\Session\Handlers\FileHandler' driver.
INFO - 2023-03-06 10:56:19 --> CSRF cookie sent.
INFO - 2023-03-06 10:56:19 --> Session: Class initialized using 'CodeIgniter\Session\Handlers\FileHandler' driver.
INFO - 2023-03-06 10:56:21 --> CSRF cookie sent.
INFO - 2023-03-06 10:56:21 --> Session: Class initialized using 'CodeIgniter\Session\Handlers\FileHandler' driver.
INFO - 2023-03-06 10:56:21 --> CSRF cookie sent.
INFO - 2023-03-06 10:56:21 --> Session: Class initialized using 'CodeIgniter\Session\Handlers\FileHandler' driver.
INFO - 2023-03-06 10:56:25 --> CSRF cookie sent.
INFO - 2023-03-06 10:56:25 --> Session: Class initialized using 'CodeIgniter\Session\Handlers\FileHandler' driver.
INFO - 2023-03-06 10:56:25 --> CSRF cookie sent.
INFO - 2023-03-06 10:56:25 --> Session: Class initialized using 'CodeIgniter\Session\Handlers\FileHandler' driver.
INFO - 2023-03-06 10:56:25 --> CSRF cookie sent.
INFO - 2023-03-06 10:56:25 --> Session: Class initialized using 'CodeIgniter\Session\Handlers\FileHandler' driver.
INFO - 2023-03-06 11:19:45 --> Session: Class initialized using 'CodeIgniter\Session\Handlers\FileHandler' driver.
INFO - 2023-03-06 11:19:45 --> CSRF cookie sent.
INFO - 2023-03-06 11:19:45 --> Session: Class initialized using 'CodeIgniter\Session\Handlers\FileHandler' driver.
INFO - 2023-03-06 11:19:46 --> CSRF cookie sent.
INFO - 2023-03-06 11:19:46 --> Session: Class initialized using 'CodeIgniter\Session\Handlers\FileHandler' driver.
INFO - 2023-03-06 11:19:53 --> CSRF cookie sent.
INFO - 2023-03-06 11:19:53 --> CSRF token verified.
INFO - 2023-03-06 11:19:53 --> Session: Class initialized using 'CodeIgniter\Session\Handlers\FileHandler' driver.
INFO - 2023-03-06 11:19:54 --> CSRF cookie sent.
INFO - 2023-03-06 11:19:54 --> Session: Class initialized using 'CodeIgniter\Session\Handlers\FileHandler' driver.
INFO - 2023-03-06 11:19:55 --> CSRF cookie sent.
INFO - 2023-03-06 11:19:55 --> Session: Class initialized using 'CodeIgniter\Session\Handlers\FileHandler' driver.
INFO - 2023-03-06 11:19:55 --> CSRF cookie sent.
INFO - 2023-03-06 11:19:55 --> Session: Class initialized using 'CodeIgniter\Session\Handlers\FileHandler' driver.
INFO - 2023-03-06 11:20:01 --> CSRF cookie sent.
INFO - 2023-03-06 11:20:01 --> Session: Class initialized using 'CodeIgniter\Session\Handlers\FileHandler' driver.
INFO - 2023-03-06 11:20:02 --> CSRF cookie sent.
INFO - 2023-03-06 11:20:02 --> Session: Class initialized using 'CodeIgniter\Session\Handlers\FileHandler' driver.
INFO - 2023-03-06 11:20:03 --> CSRF cookie sent.
INFO - 2023-03-06 11:20:03 --> Session: Class initialized using 'CodeIgniter\Session\Handlers\FileHandler' driver.
INFO - 2023-03-06 11:20:10 --> CSRF cookie sent.
INFO - 2023-03-06 11:20:10 --> Session: Class initialized using 'CodeIgniter\Session\Handlers\FileHandler' driver.
INFO - 2023-03-06 11:20:11 --> CSRF cookie sent.
INFO - 2023-03-06 11:20:11 --> Session: Class initialized using 'CodeIgniter\Session\Handlers\FileHandler' driver.
INFO - 2023-03-06 11:20:11 --> CSRF cookie sent.
INFO - 2023-03-06 11:20:11 --> Session: Class initialized using 'CodeIgniter\Session\Handlers\FileHandler' driver.
INFO - 2023-03-06 11:20:15 --> CSRF cookie sent.
INFO - 2023-03-06 11:20:15 --> Session: Class initialized using 'CodeIgniter\Session\Handlers\FileHandler' driver.
INFO - 2023-03-06 11:20:23 --> CSRF cookie sent.
INFO - 2023-03-06 11:20:23 --> Session: Class initialized using 'CodeIgniter\Session\Handlers\FileHandler' driver.
INFO - 2023-03-06 11:20:24 --> CSRF cookie sent.
INFO - 2023-03-06 11:20:24 --> Session: Class initialized using 'CodeIgniter\Session\Handlers\FileHandler' driver.
INFO - 2023-03-06 11:20:51 --> CSRF cookie sent.
INFO - 2023-03-06 11:20:51 --> CSRF token verified.
INFO - 2023-03-06 11:20:51 --> Session: Class initialized using 'CodeIgniter\Session\Handlers\FileHandler' driver.
INFO - 2023-03-06 11:20:52 --> CSRF cookie sent.
INFO - 2023-03-06 11:20:52 --> Session: Class initialized using 'CodeIgniter\Session\Handlers\FileHandler' driver.
INFO - 2023-03-06 11:20:53 --> CSRF cookie sent.
INFO - 2023-03-06 11:20:53 --> Session: Class initialized using 'CodeIgniter\Session\Handlers\FileHandler' driver.
INFO - 2023-03-06 11:20:54 --> CSRF cookie sent.
INFO - 2023-03-06 11:20:54 --> Session: Class initialized using 'CodeIgniter\Session\Handlers\FileHandler' driver.
INFO - 2023-03-06 11:20:54 --> CSRF cookie sent.
INFO - 2023-03-06 11:20:54 --> Session: Class initialized using 'CodeIgniter\Session\Handlers\FileHandler' driver.
INFO - 2023-03-06 11:20:59 --> CSRF cookie sent.
INFO - 2023-03-06 11:20:59 --> Session: Class initialized using 'CodeIgniter\Session\Handlers\FileHandler' driver.
INFO - 2023-03-06 11:21:00 --> CSRF cookie sent.
INFO - 2023-03-06 11:21:00 --> Session: Class initialized using 'CodeIgniter\Session\Handlers\FileHandler' driver.
INFO - 2023-03-06 11:21:10 --> CSRF cookie sent.
INFO - 2023-03-06 11:21:10 --> Session: Class initialized using 'CodeIgniter\Session\Handlers\FileHandler' driver.
INFO - 2023-03-06 11:21:11 --> CSRF cookie sent.
INFO - 2023-03-06 11:21:11 --> Session: Class initialized using 'CodeIgniter\Session\Handlers\FileHandler' driver.
INFO - 2023-03-06 11:21:11 --> CSRF cookie sent.
INFO - 2023-03-06 11:21:11 --> Session: Class initialized using 'CodeIgniter\Session\Handlers\FileHandler' driver.
INFO - 2023-03-06 11:21:18 --> CSRF cookie sent.
INFO - 2023-03-06 11:21:18 --> Session: Class initialized using 'CodeIgniter\Session\Handlers\FileHandler' driver.
INFO - 2023-03-06 11:21:25 --> CSRF cookie sent.
INFO - 2023-03-06 11:21:25 --> Session: Class initialized using 'CodeIgniter\Session\Handlers\FileHandler' driver.
INFO - 2023-03-06 11:21:26 --> CSRF cookie sent.
INFO - 2023-03-06 11:21:26 --> Session: Class initialized using 'CodeIgniter\Session\Handlers\FileHandler' driver.
INFO - 2023-03-06 11:21:31 --> CSRF cookie sent.
INFO - 2023-03-06 11:21:31 --> Session: Class initialized using 'CodeIgniter\Session\Handlers\FileHandler' driver.
INFO - 2023-03-06 11:22:36 --> CSRF cookie sent.
INFO - 2023-03-06 11:22:36 --> CSRF token verified.
INFO - 2023-03-06 11:22:36 --> Session: Class initialized using 'CodeIgniter\Session\Handlers\FileHandler' driver.
INFO - 2023-03-06 11:22:36 --> CSRF cookie sent.
INFO - 2023-03-06 11:22:36 --> Session: Class initialized using 'CodeIgniter\Session\Handlers\FileHandler' driver.
INFO - 2023-03-06 11:22:38 --> CSRF cookie sent.
INFO - 2023-03-06 11:22:38 --> Session: Class initialized using 'CodeIgniter\Session\Handlers\FileHandler' driver.
INFO - 2023-03-06 11:22:38 --> CSRF cookie sent.
INFO - 2023-03-06 11:22:39 --> Session: Class initialized using 'CodeIgniter\Session\Handlers\FileHandler' driver.
INFO - 2023-03-06 11:22:40 --> CSRF cookie sent.
INFO - 2023-03-06 11:22:40 --> Session: Class initialized using 'CodeIgniter\Session\Handlers\FileHandler' driver.
INFO - 2023-03-06 11:22:41 --> CSRF cookie sent.
INFO - 2023-03-06 11:22:41 --> Session: Class initialized using 'CodeIgniter\Session\Handlers\FileHandler' driver.
INFO - 2023-03-06 11:23:31 --> CSRF cookie sent.
INFO - 2023-03-06 11:23:31 --> Session: Class initialized using 'CodeIgniter\Session\Handlers\FileHandler' driver.
INFO - 2023-03-06 11:23:32 --> CSRF cookie sent.
INFO - 2023-03-06 11:23:32 --> Session: Class initialized using 'CodeIgniter\Session\Handlers\FileHandler' driver.
INFO - 2023-03-06 11:23:32 --> CSRF cookie sent.
INFO - 2023-03-06 11:23:32 --> Session: Class initialized using 'CodeIgniter\Session\Handlers\FileHandler' driver.
INFO - 2023-03-06 11:29:37 --> CSRF cookie sent.
INFO - 2023-03-06 11:29:37 --> Session: Class initialized using 'CodeIgniter\Session\Handlers\FileHandler' driver.
INFO - 2023-03-06 11:29:38 --> CSRF cookie sent.
INFO - 2023-03-06 11:29:38 --> Session: Class initialized using 'CodeIgniter\Session\Handlers\FileHandler' driver.
INFO - 2023-03-06 11:29:41 --> CSRF cookie sent.
INFO - 2023-03-06 11:29:41 --> Session: Class initialized using 'CodeIgniter\Session\Handlers\FileHandler' driver.
INFO - 2023-03-06 11:29:43 --> CSRF cookie sent.
INFO - 2023-03-06 11:29:43 --> Session: Class initialized using 'CodeIgniter\Session\Handlers\FileHandler' driver.
INFO - 2023-03-06 11:30:26 --> CSRF cookie sent.
INFO - 2023-03-06 11:30:26 --> CSRF token verified.
INFO - 2023-03-06 11:30:26 --> Session: Class initialized using 'CodeIgniter\Session\Handlers\FileHandler' driver.
INFO - 2023-03-06 11:30:27 --> CSRF cookie sent.
INFO - 2023-03-06 11:30:27 --> Session: Class initialized using 'CodeIgniter\Session\Handlers\FileHandler' driver.
INFO - 2023-03-06 11:30:29 --> CSRF cookie sent.
INFO - 2023-03-06 11:30:29 --> Session: Class initialized using 'CodeIgniter\Session\Handlers\FileHandler' driver.
INFO - 2023-03-06 11:30:33 --> CSRF cookie sent.
INFO - 2023-03-06 11:30:33 --> CSRF token verified.
INFO - 2023-03-06 11:30:33 --> Session: Class initialized using 'CodeIgniter\Session\Handlers\FileHandler' driver.
INFO - 2023-03-06 11:30:34 --> CSRF cookie sent.
INFO - 2023-03-06 11:30:34 --> Session: Class initialized using 'CodeIgniter\Session\Handlers\FileHandler' driver.
INFO - 2023-03-06 11:30:36 --> CSRF cookie sent.
INFO - 2023-03-06 11:30:36 --> Session: Class initialized using 'CodeIgniter\Session\Handlers\FileHandler' driver.
INFO - 2023-03-06 11:30:40 --> CSRF cookie sent.
INFO - 2023-03-06 11:30:40 --> CSRF token verified.
INFO - 2023-03-06 11:30:40 --> Session: Class initialized using 'CodeIgniter\Session\Handlers\FileHandler' driver.
INFO - 2023-03-06 11:30:40 --> CSRF cookie sent.
INFO - 2023-03-06 11:30:40 --> Session: Class initialized using 'CodeIgniter\Session\Handlers\FileHandler' driver.
INFO - 2023-03-06 11:30:42 --> CSRF cookie sent.
INFO - 2023-03-06 11:30:42 --> Session: Class initialized using 'CodeIgniter\Session\Handlers\FileHandler' driver.
INFO - 2023-03-06 11:31:59 --> CSRF cookie sent.
INFO - 2023-03-06 11:31:59 --> CSRF token verified.
INFO - 2023-03-06 11:32:00 --> Session: Class initialized using 'CodeIgniter\Session\Handlers\FileHandler' driver.
INFO - 2023-03-06 11:32:00 --> CSRF cookie sent.
INFO - 2023-03-06 11:32:00 --> Session: Class initialized using 'CodeIgniter\Session\Handlers\FileHandler' driver.
INFO - 2023-03-06 11:32:02 --> CSRF cookie sent.
INFO - 2023-03-06 11:32:02 --> Session: Class initialized using 'CodeIgniter\Session\Handlers\FileHandler' driver.
INFO - 2023-03-06 11:32:05 --> CSRF cookie sent.
INFO - 2023-03-06 11:32:05 --> CSRF token verified.
INFO - 2023-03-06 11:32:05 --> Session: Class initialized using 'CodeIgniter\Session\Handlers\FileHandler' driver.
INFO - 2023-03-06 11:32:06 --> CSRF cookie sent.
INFO - 2023-03-06 11:32:06 --> Session: Class initialized using 'CodeIgniter\Session\Handlers\FileHandler' driver.
INFO - 2023-03-06 11:32:08 --> CSRF cookie sent.
INFO - 2023-03-06 11:32:08 --> Session: Class initialized using 'CodeIgniter\Session\Handlers\FileHandler' driver.
INFO - 2023-03-06 11:32:12 --> CSRF cookie sent.
INFO - 2023-03-06 11:32:12 --> CSRF token verified.
INFO - 2023-03-06 11:32:12 --> Session: Class initialized using 'CodeIgniter\Session\Handlers\FileHandler' driver.
INFO - 2023-03-06 11:32:13 --> CSRF cookie sent.
INFO - 2023-03-06 11:32:13 --> Session: Class initialized using 'CodeIgniter\Session\Handlers\FileHandler' driver.
INFO - 2023-03-06 11:32:14 --> CSRF cookie sent.
INFO - 2023-03-06 11:32:14 --> Session: Class initialized using 'CodeIgniter\Session\Handlers\FileHandler' driver.
INFO - 2023-03-06 11:33:17 --> CSRF cookie sent.
INFO - 2023-03-06 11:33:17 --> CSRF token verified.
INFO - 2023-03-06 11:33:17 --> Session: Class initialized using 'CodeIgniter\Session\Handlers\FileHandler' driver.
INFO - 2023-03-06 11:33:17 --> CSRF cookie sent.
INFO - 2023-03-06 11:33:17 --> Session: Class initialized using 'CodeIgniter\Session\Handlers\FileHandler' driver.
INFO - 2023-03-06 11:33:19 --> CSRF cookie sent.
INFO - 2023-03-06 11:33:19 --> Session: Class initialized using 'CodeIgniter\Session\Handlers\FileHandler' driver.
INFO - 2023-03-06 11:33:23 --> CSRF cookie sent.
INFO - 2023-03-06 11:33:23 --> CSRF token verified.
INFO - 2023-03-06 11:33:23 --> Session: Class initialized using 'CodeIgniter\Session\Handlers\FileHandler' driver.
INFO - 2023-03-06 11:33:24 --> CSRF cookie sent.
INFO - 2023-03-06 11:33:24 --> Session: Class initialized using 'CodeIgniter\Session\Handlers\FileHandler' driver.
INFO - 2023-03-06 11:33:25 --> CSRF cookie sent.
INFO - 2023-03-06 11:33:25 --> Session: Class initialized using 'CodeIgniter\Session\Handlers\FileHandler' driver.
INFO - 2023-03-06 11:34:19 --> CSRF cookie sent.
INFO - 2023-03-06 11:34:19 --> CSRF token verified.
INFO - 2023-03-06 11:34:19 --> Session: Class initialized using 'CodeIgniter\Session\Handlers\FileHandler' driver.
INFO - 2023-03-06 11:34:20 --> CSRF cookie sent.
INFO - 2023-03-06 11:34:20 --> Session: Class initialized using 'CodeIgniter\Session\Handlers\FileHandler' driver.
INFO - 2023-03-06 11:34:22 --> CSRF cookie sent.
INFO - 2023-03-06 11:34:22 --> Session: Class initialized using 'CodeIgniter\Session\Handlers\FileHandler' driver.
INFO - 2023-03-06 11:34:26 --> CSRF cookie sent.
INFO - 2023-03-06 11:34:26 --> CSRF token verified.
INFO - 2023-03-06 11:34:26 --> Session: Class initialized using 'CodeIgniter\Session\Handlers\FileHandler' driver.
INFO - 2023-03-06 11:34:26 --> CSRF cookie sent.
INFO - 2023-03-06 11:34:26 --> Session: Class initialized using 'CodeIgniter\Session\Handlers\FileHandler' driver.
INFO - 2023-03-06 11:34:54 --> CSRF cookie sent.
INFO - 2023-03-06 11:34:54 --> CSRF token verified.
INFO - 2023-03-06 11:34:54 --> Session: Class initialized using 'CodeIgniter\Session\Handlers\FileHandler' driver.
CRITICAL - 2023-03-06 11:34:54 --> Argument 1 passed to CodeIgniter\HTTP\RedirectResponse::to() must be of the type string, null given, called in /home/apdwms/public_html/cella/Controllers/Pallets.php on line 592
#0 /home/apdwms/public_html/cella/Controllers/Pallets.php(592): CodeIgniter\HTTP\RedirectResponse->to()
#1 /home/apdwms/public_html/cella/Controllers/BaseController.php(532): CELLA\Controllers\Pallets->save()
#2 /home/apdwms/public_html/system/CodeIgniter.php(932): CELLA\Controllers\BaseController->_remap()
#3 /home/apdwms/public_html/system/CodeIgniter.php(432): CodeIgniter\CodeIgniter->runController()
#4 /home/apdwms/public_html/system/CodeIgniter.php(333): CodeIgniter\CodeIgniter->handleRequest()
#5 /home/apdwms/public_html/index.php(48): CodeIgniter\CodeIgniter->run()
#6 {main}
INFO - 2023-03-06 11:34:56 --> CSRF cookie sent.
INFO - 2023-03-06 11:34:56 --> Session: Class initialized using 'CodeIgniter\Session\Handlers\FileHandler' driver.
INFO - 2023-03-06 11:35:27 --> CSRF cookie sent.
INFO - 2023-03-06 11:35:27 --> Session: Class initialized using 'CodeIgniter\Session\Handlers\FileHandler' driver.
INFO - 2023-03-06 11:35:29 --> CSRF cookie sent.
INFO - 2023-03-06 11:35:29 --> Session: Class initialized using 'CodeIgniter\Session\Handlers\FileHandler' driver.
INFO - 2023-03-06 11:35:31 --> CSRF cookie sent.
INFO - 2023-03-06 11:35:31 --> Session: Class initialized using 'CodeIgniter\Session\Handlers\FileHandler' driver.
INFO - 2023-03-06 11:35:33 --> CSRF cookie sent.
INFO - 2023-03-06 11:35:33 --> Session: Class initialized using 'CodeIgniter\Session\Handlers\FileHandler' driver.
INFO - 2023-03-06 11:35:37 --> CSRF cookie sent.
INFO - 2023-03-06 11:35:37 --> Session: Class initialized using 'CodeIgniter\Session\Handlers\FileHandler' driver.
INFO - 2023-03-06 11:35:39 --> CSRF cookie sent.
INFO - 2023-03-06 11:35:39 --> Session: Class initialized using 'CodeIgniter\Session\Handlers\FileHandler' driver.
INFO - 2023-03-06 11:35:40 --> CSRF cookie sent.
INFO - 2023-03-06 11:35:40 --> Session: Class initialized using 'CodeIgniter\Session\Handlers\FileHandler' driver.
INFO - 2023-03-06 11:35:41 --> CSRF cookie sent.
INFO - 2023-03-06 11:35:41 --> Session: Class initialized using 'CodeIgniter\Session\Handlers\FileHandler' driver.
INFO - 2023-03-06 11:35:47 --> CSRF cookie sent.
INFO - 2023-03-06 11:35:47 --> CSRF token verified.
INFO - 2023-03-06 11:35:47 --> Session: Class initialized using 'CodeIgniter\Session\Handlers\FileHandler' driver.
INFO - 2023-03-06 11:35:48 --> CSRF cookie sent.
INFO - 2023-03-06 11:35:48 --> Session: Class initialized using 'CodeIgniter\Session\Handlers\FileHandler' driver.
INFO - 2023-03-06 11:35:50 --> CSRF cookie sent.
INFO - 2023-03-06 11:35:50 --> Session: Class initialized using 'CodeIgniter\Session\Handlers\FileHandler' driver.
INFO - 2023-03-06 11:37:08 --> CSRF cookie sent.
INFO - 2023-03-06 11:37:08 --> CSRF token verified.
INFO - 2023-03-06 11:37:08 --> Session: Class initialized using 'CodeIgniter\Session\Handlers\FileHandler' driver.
INFO - 2023-03-06 11:37:09 --> CSRF cookie sent.
INFO - 2023-03-06 11:37:09 --> Session: Class initialized using 'CodeIgniter\Session\Handlers\FileHandler' driver.
INFO - 2023-03-06 11:37:11 --> CSRF cookie sent.
INFO - 2023-03-06 11:37:11 --> Session: Class initialized using 'CodeIgniter\Session\Handlers\FileHandler' driver.
INFO - 2023-03-06 11:42:43 --> CSRF cookie sent.
INFO - 2023-03-06 11:42:43 --> CSRF token verified.
INFO - 2023-03-06 11:42:43 --> Session: Class initialized using 'CodeIgniter\Session\Handlers\FileHandler' driver.
INFO - 2023-03-06 11:42:43 --> CSRF cookie sent.
INFO - 2023-03-06 11:42:43 --> Session: Class initialized using 'CodeIgniter\Session\Handlers\FileHandler' driver.
INFO - 2023-03-06 11:42:45 --> CSRF cookie sent.
INFO - 2023-03-06 11:42:45 --> Session: Class initialized using 'CodeIgniter\Session\Handlers\FileHandler' driver.
INFO - 2023-03-06 11:45:01 --> CSRF cookie sent.
INFO - 2023-03-06 11:45:01 --> CSRF token verified.
INFO - 2023-03-06 11:45:01 --> Session: Class initialized using 'CodeIgniter\Session\Handlers\FileHandler' driver.
INFO - 2023-03-06 11:45:02 --> CSRF cookie sent.
INFO - 2023-03-06 11:45:02 --> Session: Class initialized using 'CodeIgniter\Session\Handlers\FileHandler' driver.
INFO - 2023-03-06 11:45:02 --> CSRF cookie sent.
INFO - 2023-03-06 11:45:02 --> Session: Class initialized using 'CodeIgniter\Session\Handlers\FileHandler' driver.
INFO - 2023-03-06 11:45:03 --> CSRF cookie sent.
INFO - 2023-03-06 11:45:03 --> Session: Class initialized using 'CodeIgniter\Session\Handlers\FileHandler' driver.
INFO - 2023-03-06 11:45:05 --> CSRF cookie sent.
INFO - 2023-03-06 11:45:05 --> Session: Class initialized using 'CodeIgniter\Session\Handlers\FileHandler' driver.
INFO - 2023-03-06 11:45:07 --> CSRF cookie sent.
INFO - 2023-03-06 11:45:07 --> Session: Class initialized using 'CodeIgniter\Session\Handlers\FileHandler' driver.
INFO - 2023-03-06 11:45:07 --> CSRF cookie sent.
INFO - 2023-03-06 11:45:07 --> Session: Class initialized using 'CodeIgniter\Session\Handlers\FileHandler' driver.
INFO - 2023-03-06 11:45:13 --> CSRF cookie sent.
INFO - 2023-03-06 11:45:13 --> Session: Class initialized using 'CodeIgniter\Session\Handlers\FileHandler' driver.
INFO - 2023-03-06 11:45:14 --> CSRF cookie sent.
INFO - 2023-03-06 11:45:14 --> Session: Class initialized using 'CodeIgniter\Session\Handlers\FileHandler' driver.
INFO - 2023-03-06 11:45:15 --> CSRF cookie sent.
INFO - 2023-03-06 11:45:15 --> Session: Class initialized using 'CodeIgniter\Session\Handlers\FileHandler' driver.
INFO - 2023-03-06 11:45:16 --> CSRF cookie sent.
INFO - 2023-03-06 11:45:16 --> Session: Class initialized using 'CodeIgniter\Session\Handlers\FileHandler' driver.
INFO - 2023-03-06 11:45:17 --> CSRF cookie sent.
INFO - 2023-03-06 11:45:17 --> Session: Class initialized using 'CodeIgniter\Session\Handlers\FileHandler' driver.
INFO - 2023-03-06 11:45:17 --> CSRF cookie sent.
INFO - 2023-03-06 11:45:17 --> Session: Class initialized using 'CodeIgniter\Session\Handlers\FileHandler' driver.
INFO - 2023-03-06 11:45:20 --> CSRF cookie sent.
INFO - 2023-03-06 11:45:20 --> CSRF cookie sent.
INFO - 2023-03-06 11:45:20 --> Session: Class initialized using 'CodeIgniter\Session\Handlers\FileHandler' driver.
INFO - 2023-03-06 11:45:20 --> Session: Class initialized using 'CodeIgniter\Session\Handlers\FileHandler' driver.
INFO - 2023-03-06 11:46:36 --> CSRF cookie sent.
INFO - 2023-03-06 11:46:36 --> CSRF token verified.
INFO - 2023-03-06 11:46:36 --> Session: Class initialized using 'CodeIgniter\Session\Handlers\FileHandler' driver.
INFO - 2023-03-06 11:46:37 --> CSRF cookie sent.
INFO - 2023-03-06 11:46:37 --> Session: Class initialized using 'CodeIgniter\Session\Handlers\FileHandler' driver.
INFO - 2023-03-06 11:46:38 --> CSRF cookie sent.
INFO - 2023-03-06 11:46:38 --> Session: Class initialized using 'CodeIgniter\Session\Handlers\FileHandler' driver.
INFO - 2023-03-06 11:46:38 --> CSRF cookie sent.
INFO - 2023-03-06 11:46:38 --> Session: Class initialized using 'CodeIgniter\Session\Handlers\FileHandler' driver.
INFO - 2023-03-06 11:46:58 --> CSRF cookie sent.
INFO - 2023-03-06 11:46:58 --> CSRF token verified.
INFO - 2023-03-06 11:46:58 --> Session: Class initialized using 'CodeIgniter\Session\Handlers\FileHandler' driver.
INFO - 2023-03-06 11:46:59 --> CSRF cookie sent.
INFO - 2023-03-06 11:46:59 --> Session: Class initialized using 'CodeIgniter\Session\Handlers\FileHandler' driver.
INFO - 2023-03-06 11:46:59 --> CSRF cookie sent.
INFO - 2023-03-06 11:46:59 --> Session: Class initialized using 'CodeIgniter\Session\Handlers\FileHandler' driver.
INFO - 2023-03-06 11:47:00 --> CSRF cookie sent.
INFO - 2023-03-06 11:47:00 --> Session: Class initialized using 'CodeIgniter\Session\Handlers\FileHandler' driver.
INFO - 2023-03-06 11:47:01 --> CSRF cookie sent.
INFO - 2023-03-06 11:47:01 --> Session: Class initialized using 'CodeIgniter\Session\Handlers\FileHandler' driver.
INFO - 2023-03-06 11:47:08 --> CSRF cookie sent.
INFO - 2023-03-06 11:47:08 --> Session: Class initialized using 'CodeIgniter\Session\Handlers\FileHandler' driver.
INFO - 2023-03-06 11:47:08 --> CSRF cookie sent.
INFO - 2023-03-06 11:47:08 --> Session: Class initialized using 'CodeIgniter\Session\Handlers\FileHandler' driver.
INFO - 2023-03-06 11:47:12 --> CSRF cookie sent.
INFO - 2023-03-06 11:47:12 --> Session: Class initialized using 'CodeIgniter\Session\Handlers\FileHandler' driver.
INFO - 2023-03-06 11:47:43 --> CSRF cookie sent.
INFO - 2023-03-06 11:47:43 --> CSRF token verified.
INFO - 2023-03-06 11:47:43 --> Session: Class initialized using 'CodeIgniter\Session\Handlers\FileHandler' driver.
INFO - 2023-03-06 11:47:44 --> CSRF cookie sent.
INFO - 2023-03-06 11:47:44 --> Session: Class initialized using 'CodeIgniter\Session\Handlers\FileHandler' driver.
INFO - 2023-03-06 11:47:45 --> CSRF cookie sent.
INFO - 2023-03-06 11:47:45 --> Session: Class initialized using 'CodeIgniter\Session\Handlers\FileHandler' driver.
INFO - 2023-03-06 11:47:45 --> CSRF cookie sent.
INFO - 2023-03-06 11:47:45 --> Session: Class initialized using 'CodeIgniter\Session\Handlers\FileHandler' driver.
INFO - 2023-03-06 11:47:46 --> CSRF cookie sent.
INFO - 2023-03-06 11:47:46 --> Session: Class initialized using 'CodeIgniter\Session\Handlers\FileHandler' driver.
INFO - 2023-03-06 11:47:47 --> CSRF cookie sent.
INFO - 2023-03-06 11:47:47 --> Session: Class initialized using 'CodeIgniter\Session\Handlers\FileHandler' driver.
INFO - 2023-03-06 11:47:48 --> CSRF cookie sent.
INFO - 2023-03-06 11:47:48 --> Session: Class initialized using 'CodeIgniter\Session\Handlers\FileHandler' driver.
INFO - 2023-03-06 11:48:33 --> CSRF cookie sent.
INFO - 2023-03-06 11:48:33 --> Session: Class initialized using 'CodeIgniter\Session\Handlers\FileHandler' driver.
INFO - 2023-03-06 11:48:33 --> CSRF cookie sent.
INFO - 2023-03-06 11:48:33 --> Session: Class initialized using 'CodeIgniter\Session\Handlers\FileHandler' driver.
INFO - 2023-03-06 11:48:34 --> CSRF cookie sent.
INFO - 2023-03-06 11:48:34 --> Session: Class initialized using 'CodeIgniter\Session\Handlers\FileHandler' driver.
INFO - 2023-03-06 11:48:35 --> CSRF cookie sent.
INFO - 2023-03-06 11:48:35 --> Session: Class initialized using 'CodeIgniter\Session\Handlers\FileHandler' driver.
INFO - 2023-03-06 11:48:42 --> CSRF cookie sent.
INFO - 2023-03-06 11:48:42 --> Session: Class initialized using 'CodeIgniter\Session\Handlers\FileHandler' driver.
INFO - 2023-03-06 11:48:42 --> CSRF cookie sent.
INFO - 2023-03-06 11:48:42 --> Session: Class initialized using 'CodeIgniter\Session\Handlers\FileHandler' driver.
INFO - 2023-03-06 11:48:46 --> CSRF cookie sent.
INFO - 2023-03-06 11:48:46 --> Session: Class initialized using 'CodeIgniter\Session\Handlers\FileHandler' driver.
INFO - 2023-03-06 11:49:42 --> CSRF cookie sent.
INFO - 2023-03-06 11:49:42 --> CSRF token verified.
INFO - 2023-03-06 11:49:42 --> Session: Class initialized using 'CodeIgniter\Session\Handlers\FileHandler' driver.
INFO - 2023-03-06 11:49:42 --> CSRF cookie sent.
INFO - 2023-03-06 11:49:42 --> Session: Class initialized using 'CodeIgniter\Session\Handlers\FileHandler' driver.
INFO - 2023-03-06 11:49:44 --> CSRF cookie sent.
INFO - 2023-03-06 11:49:44 --> Session: Class initialized using 'CodeIgniter\Session\Handlers\FileHandler' driver.
INFO - 2023-03-06 11:49:44 --> CSRF cookie sent.
INFO - 2023-03-06 11:49:44 --> Session: Class initialized using 'CodeIgniter\Session\Handlers\FileHandler' driver.
INFO - 2023-03-06 11:49:44 --> CSRF cookie sent.
INFO - 2023-03-06 11:49:44 --> Session: Class initialized using 'CodeIgniter\Session\Handlers\FileHandler' driver.
INFO - 2023-03-06 11:49:45 --> CSRF cookie sent.
INFO - 2023-03-06 11:49:45 --> Session: Class initialized using 'CodeIgniter\Session\Handlers\FileHandler' driver.
INFO - 2023-03-06 11:49:46 --> CSRF cookie sent.
INFO - 2023-03-06 11:49:46 --> Session: Class initialized using 'CodeIgniter\Session\Handlers\FileHandler' driver.
INFO - 2023-03-06 11:50:03 --> CSRF cookie sent.
INFO - 2023-03-06 11:50:03 --> Session: Class initialized using 'CodeIgniter\Session\Handlers\FileHandler' driver.
INFO - 2023-03-06 11:50:04 --> CSRF cookie sent.
INFO - 2023-03-06 11:50:04 --> Session: Class initialized using 'CodeIgniter\Session\Handlers\FileHandler' driver.
INFO - 2023-03-06 11:50:04 --> CSRF cookie sent.
INFO - 2023-03-06 11:50:04 --> Session: Class initialized using 'CodeIgniter\Session\Handlers\FileHandler' driver.
INFO - 2023-03-06 11:50:06 --> CSRF cookie sent.
INFO - 2023-03-06 11:50:06 --> Session: Class initialized using 'CodeIgniter\Session\Handlers\FileHandler' driver.
INFO - 2023-03-06 11:50:12 --> CSRF cookie sent.
INFO - 2023-03-06 11:50:12 --> Session: Class initialized using 'CodeIgniter\Session\Handlers\FileHandler' driver.
INFO - 2023-03-06 11:50:13 --> CSRF cookie sent.
INFO - 2023-03-06 11:50:13 --> Session: Class initialized using 'CodeIgniter\Session\Handlers\FileHandler' driver.
INFO - 2023-03-06 11:50:16 --> CSRF cookie sent.
INFO - 2023-03-06 11:50:16 --> Session: Class initialized using 'CodeIgniter\Session\Handlers\FileHandler' driver.
INFO - 2023-03-06 11:50:36 --> CSRF cookie sent.
INFO - 2023-03-06 11:50:36 --> CSRF token verified.
INFO - 2023-03-06 11:50:36 --> Session: Class initialized using 'CodeIgniter\Session\Handlers\FileHandler' driver.
INFO - 2023-03-06 11:50:36 --> CSRF cookie sent.
INFO - 2023-03-06 11:50:36 --> Session: Class initialized using 'CodeIgniter\Session\Handlers\FileHandler' driver.
INFO - 2023-03-06 11:50:38 --> CSRF cookie sent.
INFO - 2023-03-06 11:50:38 --> Session: Class initialized using 'CodeIgniter\Session\Handlers\FileHandler' driver.
INFO - 2023-03-06 11:50:39 --> CSRF cookie sent.
INFO - 2023-03-06 11:50:39 --> Session: Class initialized using 'CodeIgniter\Session\Handlers\FileHandler' driver.
INFO - 2023-03-06 11:50:39 --> CSRF cookie sent.
INFO - 2023-03-06 11:50:39 --> Session: Class initialized using 'CodeIgniter\Session\Handlers\FileHandler' driver.
INFO - 2023-03-06 11:50:40 --> CSRF cookie sent.
INFO - 2023-03-06 11:50:40 --> Session: Class initialized using 'CodeIgniter\Session\Handlers\FileHandler' driver.
INFO - 2023-03-06 11:50:41 --> CSRF cookie sent.
INFO - 2023-03-06 11:50:41 --> Session: Class initialized using 'CodeIgniter\Session\Handlers\FileHandler' driver.
INFO - 2023-03-06 11:50:59 --> CSRF cookie sent.
INFO - 2023-03-06 11:50:59 --> Session: Class initialized using 'CodeIgniter\Session\Handlers\FileHandler' driver.
INFO - 2023-03-06 11:51:00 --> CSRF cookie sent.
INFO - 2023-03-06 11:51:00 --> Session: Class initialized using 'CodeIgniter\Session\Handlers\FileHandler' driver.
INFO - 2023-03-06 11:51:00 --> CSRF cookie sent.
INFO - 2023-03-06 11:51:00 --> Session: Class initialized using 'CodeIgniter\Session\Handlers\FileHandler' driver.
INFO - 2023-03-06 11:51:01 --> CSRF cookie sent.
INFO - 2023-03-06 11:51:01 --> Session: Class initialized using 'CodeIgniter\Session\Handlers\FileHandler' driver.
INFO - 2023-03-06 11:51:08 --> CSRF cookie sent.
INFO - 2023-03-06 11:51:08 --> Session: Class initialized using 'CodeIgniter\Session\Handlers\FileHandler' driver.
INFO - 2023-03-06 11:51:08 --> CSRF cookie sent.
INFO - 2023-03-06 11:51:08 --> Session: Class initialized using 'CodeIgniter\Session\Handlers\FileHandler' driver.
INFO - 2023-03-06 11:51:12 --> CSRF cookie sent.
INFO - 2023-03-06 11:51:12 --> Session: Class initialized using 'CodeIgniter\Session\Handlers\FileHandler' driver.
INFO - 2023-03-06 11:51:35 --> CSRF cookie sent.
INFO - 2023-03-06 11:51:35 --> CSRF token verified.
INFO - 2023-03-06 11:51:35 --> Session: Class initialized using 'CodeIgniter\Session\Handlers\FileHandler' driver.
INFO - 2023-03-06 11:51:37 --> CSRF cookie sent.
INFO - 2023-03-06 11:51:37 --> Session: Class initialized using 'CodeIgniter\Session\Handlers\FileHandler' driver.
INFO - 2023-03-06 11:51:38 --> CSRF cookie sent.
INFO - 2023-03-06 11:51:38 --> Session: Class initialized using 'CodeIgniter\Session\Handlers\FileHandler' driver.
INFO - 2023-03-06 11:51:39 --> CSRF cookie sent.
INFO - 2023-03-06 11:51:39 --> Session: Class initialized using 'CodeIgniter\Session\Handlers\FileHandler' driver.
INFO - 2023-03-06 11:51:39 --> CSRF cookie sent.
INFO - 2023-03-06 11:51:39 --> Session: Class initialized using 'CodeIgniter\Session\Handlers\FileHandler' driver.
INFO - 2023-03-06 11:51:42 --> CSRF cookie sent.
INFO - 2023-03-06 11:51:42 --> Session: Class initialized using 'CodeIgniter\Session\Handlers\FileHandler' driver.
INFO - 2023-03-06 11:51:43 --> CSRF cookie sent.
INFO - 2023-03-06 11:51:43 --> Session: Class initialized using 'CodeIgniter\Session\Handlers\FileHandler' driver.
INFO - 2023-03-06 11:51:52 --> CSRF cookie sent.
INFO - 2023-03-06 11:51:52 --> Session: Class initialized using 'CodeIgniter\Session\Handlers\FileHandler' driver.
INFO - 2023-03-06 11:51:52 --> CSRF cookie sent.
INFO - 2023-03-06 11:51:52 --> Session: Class initialized using 'CodeIgniter\Session\Handlers\FileHandler' driver.
INFO - 2023-03-06 11:51:53 --> CSRF cookie sent.
INFO - 2023-03-06 11:51:53 --> Session: Class initialized using 'CodeIgniter\Session\Handlers\FileHandler' driver.
INFO - 2023-03-06 11:57:30 --> CSRF cookie sent.
INFO - 2023-03-06 11:57:30 --> Session: Class initialized using 'CodeIgniter\Session\Handlers\FileHandler' driver.
INFO - 2023-03-06 11:57:30 --> CSRF cookie sent.
INFO - 2023-03-06 11:57:30 --> Session: Class initialized using 'CodeIgniter\Session\Handlers\FileHandler' driver.
INFO - 2023-03-06 11:57:31 --> CSRF cookie sent.
INFO - 2023-03-06 11:57:31 --> Session: Class initialized using 'CodeIgniter\Session\Handlers\FileHandler' driver.
INFO - 2023-03-06 12:07:51 --> CSRF cookie sent.
INFO - 2023-03-06 12:07:51 --> Session: Class initialized using 'CodeIgniter\Session\Handlers\FileHandler' driver.
INFO - 2023-03-06 12:07:52 --> CSRF cookie sent.
INFO - 2023-03-06 12:07:52 --> Session: Class initialized using 'CodeIgniter\Session\Handlers\FileHandler' driver.
INFO - 2023-03-06 12:07:53 --> CSRF cookie sent.
INFO - 2023-03-06 12:07:53 --> Session: Class initialized using 'CodeIgniter\Session\Handlers\FileHandler' driver.
INFO - 2023-03-06 12:07:56 --> CSRF cookie sent.
INFO - 2023-03-06 12:07:56 --> Session: Class initialized using 'CodeIgniter\Session\Handlers\FileHandler' driver.
INFO - 2023-03-06 12:07:57 --> CSRF cookie sent.
INFO - 2023-03-06 12:07:57 --> Session: Class initialized using 'CodeIgniter\Session\Handlers\FileHandler' driver.
INFO - 2023-03-06 12:07:57 --> CSRF cookie sent.
INFO - 2023-03-06 12:07:57 --> Session: Class initialized using 'CodeIgniter\Session\Handlers\FileHandler' driver.
INFO - 2023-03-06 12:08:02 --> CSRF cookie sent.
INFO - 2023-03-06 12:08:02 --> Session: Class initialized using 'CodeIgniter\Session\Handlers\FileHandler' driver.
INFO - 2023-03-06 12:08:03 --> CSRF cookie sent.
INFO - 2023-03-06 12:08:03 --> Session: Class initialized using 'CodeIgniter\Session\Handlers\FileHandler' driver.
INFO - 2023-03-06 12:08:03 --> CSRF cookie sent.
INFO - 2023-03-06 12:08:03 --> Session: Class initialized using 'CodeIgniter\Session\Handlers\FileHandler' driver.
INFO - 2023-03-06 12:08:08 --> CSRF cookie sent.
INFO - 2023-03-06 12:08:08 --> Session: Class initialized using 'CodeIgniter\Session\Handlers\FileHandler' driver.
INFO - 2023-03-06 12:08:10 --> CSRF cookie sent.
INFO - 2023-03-06 12:08:10 --> Session: Class initialized using 'CodeIgniter\Session\Handlers\FileHandler' driver.
INFO - 2023-03-06 12:08:10 --> CSRF cookie sent.
INFO - 2023-03-06 12:08:10 --> Session: Class initialized using 'CodeIgniter\Session\Handlers\FileHandler' driver.
INFO - 2023-03-06 12:08:11 --> CSRF cookie sent.
INFO - 2023-03-06 12:08:12 --> CSRF cookie sent.
INFO - 2023-03-06 12:08:12 --> CSRF cookie sent.
INFO - 2023-03-06 12:08:12 --> Session: Class initialized using 'CodeIgniter\Session\Handlers\FileHandler' driver.
INFO - 2023-03-06 12:08:12 --> CSRF cookie sent.
INFO - 2023-03-06 12:08:12 --> Session: Class initialized using 'CodeIgniter\Session\Handlers\FileHandler' driver.
INFO - 2023-03-06 12:08:12 --> Session: Class initialized using 'CodeIgniter\Session\Handlers\FileHandler' driver.
INFO - 2023-03-06 12:08:13 --> CSRF cookie sent.
INFO - 2023-03-06 12:08:13 --> Session: Class initialized using 'CodeIgniter\Session\Handlers\FileHandler' driver.
INFO - 2023-03-06 12:08:13 --> CSRF cookie sent.
INFO - 2023-03-06 12:08:13 --> Session: Class initialized using 'CodeIgniter\Session\Handlers\FileHandler' driver.
INFO - 2023-03-06 12:08:13 --> Session: Class initialized using 'CodeIgniter\Session\Handlers\FileHandler' driver.
INFO - 2023-03-06 12:11:04 --> CSRF cookie sent.
INFO - 2023-03-06 12:11:04 --> Session: Class initialized using 'CodeIgniter\Session\Handlers\FileHandler' driver.
INFO - 2023-03-06 12:11:05 --> CSRF cookie sent.
INFO - 2023-03-06 12:11:05 --> Session: Class initialized using 'CodeIgniter\Session\Handlers\FileHandler' driver.
INFO - 2023-03-06 12:11:07 --> CSRF cookie sent.
INFO - 2023-03-06 12:11:07 --> CSRF token verified.
INFO - 2023-03-06 12:11:07 --> Session: Class initialized using 'CodeIgniter\Session\Handlers\FileHandler' driver.
INFO - 2023-03-06 12:11:08 --> CSRF cookie sent.
INFO - 2023-03-06 12:11:08 --> Session: Class initialized using 'CodeIgniter\Session\Handlers\FileHandler' driver.
INFO - 2023-03-06 12:11:09 --> CSRF cookie sent.
INFO - 2023-03-06 12:11:09 --> Session: Class initialized using 'CodeIgniter\Session\Handlers\FileHandler' driver.
INFO - 2023-03-06 12:11:09 --> CSRF cookie sent.
INFO - 2023-03-06 12:11:09 --> Session: Class initialized using 'CodeIgniter\Session\Handlers\FileHandler' driver.
INFO - 2023-03-06 12:11:28 --> CSRF cookie sent.
INFO - 2023-03-06 12:11:28 --> Session: Class initialized using 'CodeIgniter\Session\Handlers\FileHandler' driver.
INFO - 2023-03-06 12:11:30 --> CSRF cookie sent.
INFO - 2023-03-06 12:11:30 --> Session: Class initialized using 'CodeIgniter\Session\Handlers\FileHandler' driver.
INFO - 2023-03-06 12:11:30 --> CSRF cookie sent.
INFO - 2023-03-06 12:11:30 --> Session: Class initialized using 'CodeIgniter\Session\Handlers\FileHandler' driver.
INFO - 2023-03-06 12:11:33 --> CSRF cookie sent.
INFO - 2023-03-06 12:11:33 --> Session: Class initialized using 'CodeIgniter\Session\Handlers\FileHandler' driver.
INFO - 2023-03-06 12:11:34 --> CSRF cookie sent.
INFO - 2023-03-06 12:11:34 --> Session: Class initialized using 'CodeIgniter\Session\Handlers\FileHandler' driver.
INFO - 2023-03-06 12:11:35 --> CSRF cookie sent.
INFO - 2023-03-06 12:11:35 --> Session: Class initialized using 'CodeIgniter\Session\Handlers\FileHandler' driver.
INFO - 2023-03-06 12:20:10 --> CSRF cookie sent.
INFO - 2023-03-06 12:20:10 --> CSRF token verified.
INFO - 2023-03-06 12:20:10 --> Session: Class initialized using 'CodeIgniter\Session\Handlers\FileHandler' driver.
INFO - 2023-03-06 12:20:10 --> CSRF cookie sent.
INFO - 2023-03-06 12:20:10 --> Session: Class initialized using 'CodeIgniter\Session\Handlers\FileHandler' driver.
INFO - 2023-03-06 12:20:12 --> CSRF cookie sent.
INFO - 2023-03-06 12:20:12 --> Session: Class initialized using 'CodeIgniter\Session\Handlers\FileHandler' driver.
INFO - 2023-03-06 12:20:12 --> CSRF cookie sent.
INFO - 2023-03-06 12:20:12 --> Session: Class initialized using 'CodeIgniter\Session\Handlers\FileHandler' driver.
INFO - 2023-03-06 12:21:45 --> CSRF cookie sent.
INFO - 2023-03-06 12:21:45 --> Session: Class initialized using 'CodeIgniter\Session\Handlers\FileHandler' driver.
INFO - 2023-03-06 12:21:45 --> CSRF cookie sent.
INFO - 2023-03-06 12:21:45 --> Session: Class initialized using 'CodeIgniter\Session\Handlers\FileHandler' driver.
INFO - 2023-03-06 12:21:45 --> CSRF cookie sent.
INFO - 2023-03-06 12:21:45 --> Session: Class initialized using 'CodeIgniter\Session\Handlers\FileHandler' driver.
INFO - 2023-03-06 13:36:54 --> CSRF cookie sent.
INFO - 2023-03-06 13:36:54 --> Session: Class initialized using 'CodeIgniter\Session\Handlers\FileHandler' driver.
INFO - 2023-03-06 13:36:54 --> CSRF cookie sent.
INFO - 2023-03-06 13:36:54 --> Session: Class initialized using 'CodeIgniter\Session\Handlers\FileHandler' driver.
INFO - 2023-03-06 13:37:00 --> CSRF cookie sent.
INFO - 2023-03-06 13:37:00 --> CSRF token verified.
INFO - 2023-03-06 13:37:00 --> Session: Class initialized using 'CodeIgniter\Session\Handlers\FileHandler' driver.
INFO - 2023-03-06 13:37:01 --> CSRF cookie sent.
INFO - 2023-03-06 13:37:01 --> Session: Class initialized using 'CodeIgniter\Session\Handlers\FileHandler' driver.
INFO - 2023-03-06 13:37:03 --> CSRF cookie sent.
INFO - 2023-03-06 13:37:03 --> Session: Class initialized using 'CodeIgniter\Session\Handlers\FileHandler' driver.
INFO - 2023-03-06 13:37:03 --> CSRF cookie sent.
INFO - 2023-03-06 13:37:03 --> Session: Class initialized using 'CodeIgniter\Session\Handlers\FileHandler' driver.
INFO - 2023-03-06 13:37:04 --> CSRF cookie sent.
INFO - 2023-03-06 13:37:04 --> Session: Class initialized using 'CodeIgniter\Session\Handlers\FileHandler' driver.
INFO - 2023-03-06 13:37:04 --> CSRF cookie sent.
INFO - 2023-03-06 13:37:04 --> Session: Class initialized using 'CodeIgniter\Session\Handlers\FileHandler' driver.
INFO - 2023-03-06 13:37:05 --> CSRF cookie sent.
INFO - 2023-03-06 13:37:05 --> Session: Class initialized using 'CodeIgniter\Session\Handlers\FileHandler' driver.
INFO - 2023-03-06 13:37:11 --> CSRF cookie sent.
INFO - 2023-03-06 13:37:11 --> Session: Class initialized using 'CodeIgniter\Session\Handlers\FileHandler' driver.
INFO - 2023-03-06 13:37:12 --> CSRF cookie sent.
INFO - 2023-03-06 13:37:12 --> Session: Class initialized using 'CodeIgniter\Session\Handlers\FileHandler' driver.
INFO - 2023-03-06 13:37:12 --> CSRF cookie sent.
INFO - 2023-03-06 13:37:12 --> Session: Class initialized using 'CodeIgniter\Session\Handlers\FileHandler' driver.
INFO - 2023-03-06 13:37:17 --> CSRF cookie sent.
INFO - 2023-03-06 13:37:17 --> Session: Class initialized using 'CodeIgniter\Session\Handlers\FileHandler' driver.
INFO - 2023-03-06 13:37:17 --> CSRF cookie sent.
INFO - 2023-03-06 13:37:17 --> Session: Class initialized using 'CodeIgniter\Session\Handlers\FileHandler' driver.
INFO - 2023-03-06 13:37:18 --> CSRF cookie sent.
INFO - 2023-03-06 13:37:18 --> Session: Class initialized using 'CodeIgniter\Session\Handlers\FileHandler' driver.
INFO - 2023-03-06 13:37:20 --> CSRF cookie sent.
INFO - 2023-03-06 13:37:20 --> Session: Class initialized using 'CodeIgniter\Session\Handlers\FileHandler' driver.
INFO - 2023-03-06 13:37:27 --> CSRF cookie sent.
INFO - 2023-03-06 13:37:27 --> Session: Class initialized using 'CodeIgniter\Session\Handlers\FileHandler' driver.
INFO - 2023-03-06 13:37:28 --> CSRF cookie sent.
INFO - 2023-03-06 13:37:28 --> Session: Class initialized using 'CodeIgniter\Session\Handlers\FileHandler' driver.
INFO - 2023-03-06 13:37:48 --> CSRF cookie sent.
INFO - 2023-03-06 13:37:48 --> CSRF token verified.
INFO - 2023-03-06 13:37:48 --> Session: Class initialized using 'CodeIgniter\Session\Handlers\FileHandler' driver.
INFO - 2023-03-06 13:37:48 --> CSRF cookie sent.
INFO - 2023-03-06 13:37:48 --> Session: Class initialized using 'CodeIgniter\Session\Handlers\FileHandler' driver.
INFO - 2023-03-06 13:37:49 --> CSRF cookie sent.
INFO - 2023-03-06 13:37:49 --> Session: Class initialized using 'CodeIgniter\Session\Handlers\FileHandler' driver.
INFO - 2023-03-06 13:37:50 --> CSRF cookie sent.
INFO - 2023-03-06 13:37:50 --> Session: Class initialized using 'CodeIgniter\Session\Handlers\FileHandler' driver.
INFO - 2023-03-06 13:37:50 --> CSRF cookie sent.
INFO - 2023-03-06 13:37:50 --> Session: Class initialized using 'CodeIgniter\Session\Handlers\FileHandler' driver.
INFO - 2023-03-06 13:37:56 --> CSRF cookie sent.
INFO - 2023-03-06 13:37:56 --> Session: Class initialized using 'CodeIgniter\Session\Handlers\FileHandler' driver.
INFO - 2023-03-06 13:37:56 --> CSRF cookie sent.
INFO - 2023-03-06 13:37:56 --> Session: Class initialized using 'CodeIgniter\Session\Handlers\FileHandler' driver.
INFO - 2023-03-06 13:38:12 --> CSRF cookie sent.
INFO - 2023-03-06 13:38:12 --> Session: Class initialized using 'CodeIgniter\Session\Handlers\FileHandler' driver.
INFO - 2023-03-06 13:38:13 --> CSRF cookie sent.
INFO - 2023-03-06 13:38:13 --> Session: Class initialized using 'CodeIgniter\Session\Handlers\FileHandler' driver.
INFO - 2023-03-06 13:38:13 --> CSRF cookie sent.
INFO - 2023-03-06 13:38:13 --> Session: Class initialized using 'CodeIgniter\Session\Handlers\FileHandler' driver.
INFO - 2023-03-06 13:47:39 --> CSRF cookie sent.
INFO - 2023-03-06 13:47:39 --> CSRF token verified.
INFO - 2023-03-06 13:47:39 --> Session: Class initialized using 'CodeIgniter\Session\Handlers\FileHandler' driver.
INFO - 2023-03-06 13:47:40 --> CSRF cookie sent.
INFO - 2023-03-06 13:47:40 --> Session: Class initialized using 'CodeIgniter\Session\Handlers\FileHandler' driver.
INFO - 2023-03-06 13:47:41 --> CSRF cookie sent.
INFO - 2023-03-06 13:47:41 --> Session: Class initialized using 'CodeIgniter\Session\Handlers\FileHandler' driver.
INFO - 2023-03-06 13:47:41 --> CSRF cookie sent.
INFO - 2023-03-06 13:47:41 --> Session: Class initialized using 'CodeIgniter\Session\Handlers\FileHandler' driver.
INFO - 2023-03-06 13:47:44 --> CSRF cookie sent.
INFO - 2023-03-06 13:47:44 --> Session: Class initialized using 'CodeIgniter\Session\Handlers\FileHandler' driver.
INFO - 2023-03-06 13:47:44 --> CSRF cookie sent.
INFO - 2023-03-06 13:47:44 --> Session: Class initialized using 'CodeIgniter\Session\Handlers\FileHandler' driver.
INFO - 2023-03-06 13:47:45 --> CSRF cookie sent.
INFO - 2023-03-06 13:47:45 --> Session: Class initialized using 'CodeIgniter\Session\Handlers\FileHandler' driver.
INFO - 2023-03-06 13:47:49 --> CSRF cookie sent.
INFO - 2023-03-06 13:47:49 --> Session: Class initialized using 'CodeIgniter\Session\Handlers\FileHandler' driver.
INFO - 2023-03-06 13:47:50 --> CSRF cookie sent.
INFO - 2023-03-06 13:47:50 --> Session: Class initialized using 'CodeIgniter\Session\Handlers\FileHandler' driver.
INFO - 2023-03-06 13:47:51 --> CSRF cookie sent.
INFO - 2023-03-06 13:47:51 --> Session: Class initialized using 'CodeIgniter\Session\Handlers\FileHandler' driver.
INFO - 2023-03-06 13:47:52 --> CSRF cookie sent.
INFO - 2023-03-06 13:47:52 --> Session: Class initialized using 'CodeIgniter\Session\Handlers\FileHandler' driver.
INFO - 2023-03-06 13:47:59 --> CSRF cookie sent.
INFO - 2023-03-06 13:47:59 --> Session: Class initialized using 'CodeIgniter\Session\Handlers\FileHandler' driver.
INFO - 2023-03-06 13:48:00 --> CSRF cookie sent.
INFO - 2023-03-06 13:48:00 --> Session: Class initialized using 'CodeIgniter\Session\Handlers\FileHandler' driver.
INFO - 2023-03-06 13:48:19 --> CSRF cookie sent.
INFO - 2023-03-06 13:48:19 --> CSRF token verified.
INFO - 2023-03-06 13:48:19 --> Session: Class initialized using 'CodeIgniter\Session\Handlers\FileHandler' driver.
INFO - 2023-03-06 13:48:20 --> CSRF cookie sent.
INFO - 2023-03-06 13:48:20 --> Session: Class initialized using 'CodeIgniter\Session\Handlers\FileHandler' driver.
INFO - 2023-03-06 13:48:21 --> CSRF cookie sent.
INFO - 2023-03-06 13:48:21 --> Session: Class initialized using 'CodeIgniter\Session\Handlers\FileHandler' driver.
INFO - 2023-03-06 13:48:22 --> CSRF cookie sent.
INFO - 2023-03-06 13:48:22 --> Session: Class initialized using 'CodeIgniter\Session\Handlers\FileHandler' driver.
INFO - 2023-03-06 13:48:22 --> CSRF cookie sent.
INFO - 2023-03-06 13:48:22 --> Session: Class initialized using 'CodeIgniter\Session\Handlers\FileHandler' driver.
INFO - 2023-03-06 13:48:23 --> CSRF cookie sent.
INFO - 2023-03-06 13:48:23 --> Session: Class initialized using 'CodeIgniter\Session\Handlers\FileHandler' driver.
INFO - 2023-03-06 13:48:24 --> CSRF cookie sent.
INFO - 2023-03-06 13:48:24 --> Session: Class initialized using 'CodeIgniter\Session\Handlers\FileHandler' driver.
INFO - 2023-03-06 13:48:32 --> CSRF cookie sent.
INFO - 2023-03-06 13:48:32 --> Session: Class initialized using 'CodeIgniter\Session\Handlers\FileHandler' driver.
INFO - 2023-03-06 13:48:33 --> CSRF cookie sent.
INFO - 2023-03-06 13:48:33 --> Session: Class initialized using 'CodeIgniter\Session\Handlers\FileHandler' driver.
INFO - 2023-03-06 13:48:33 --> CSRF cookie sent.
INFO - 2023-03-06 13:48:33 --> Session: Class initialized using 'CodeIgniter\Session\Handlers\FileHandler' driver.
