INFO - 2023-03-13 08:18:52 --> CSRF cookie sent.
INFO - 2023-03-13 08:18:52 --> Session: Class initialized using 'CodeIgniter\Session\Handlers\FileHandler' driver.
INFO - 2023-03-13 08:18:53 --> CSRF cookie sent.
INFO - 2023-03-13 08:18:53 --> Session: Class initialized using 'CodeIgniter\Session\Handlers\FileHandler' driver.
INFO - 2023-03-13 08:19:54 --> CSRF cookie sent.
INFO - 2023-03-13 08:19:54 --> CSRF token verified.
INFO - 2023-03-13 08:19:54 --> Session: Class initialized using 'CodeIgniter\Session\Handlers\FileHandler' driver.
INFO - 2023-03-13 08:19:56 --> CSRF cookie sent.
INFO - 2023-03-13 08:19:56 --> Session: Class initialized using 'CodeIgniter\Session\Handlers\FileHandler' driver.
INFO - 2023-03-13 08:19:58 --> CSRF cookie sent.
INFO - 2023-03-13 08:19:58 --> Session: Class initialized using 'CodeIgniter\Session\Handlers\FileHandler' driver.
INFO - 2023-03-13 08:19:59 --> CSRF cookie sent.
INFO - 2023-03-13 08:19:59 --> Session: Class initialized using 'CodeIgniter\Session\Handlers\FileHandler' driver.
INFO - 2023-03-13 08:20:42 --> CSRF cookie sent.
INFO - 2023-03-13 08:20:42 --> Session: Class initialized using 'CodeIgniter\Session\Handlers\FileHandler' driver.
INFO - 2023-03-13 08:20:50 --> CSRF cookie sent.
INFO - 2023-03-13 08:20:50 --> Session: Class initialized using 'CodeIgniter\Session\Handlers\FileHandler' driver.
INFO - 2023-03-13 08:20:50 --> CSRF cookie sent.
INFO - 2023-03-13 08:20:50 --> Session: Class initialized using 'CodeIgniter\Session\Handlers\FileHandler' driver.
INFO - 2023-03-13 08:21:28 --> Session: Class initialized using 'CodeIgniter\Session\Handlers\FileHandler' driver.
INFO - 2023-03-13 08:21:28 --> CSRF cookie sent.
INFO - 2023-03-13 08:21:28 --> Session: Class initialized using 'CodeIgniter\Session\Handlers\FileHandler' driver.
INFO - 2023-03-13 08:21:29 --> CSRF cookie sent.
INFO - 2023-03-13 08:21:29 --> Session: Class initialized using 'CodeIgniter\Session\Handlers\FileHandler' driver.
INFO - 2023-03-13 08:21:34 --> CSRF cookie sent.
INFO - 2023-03-13 08:21:34 --> CSRF token verified.
INFO - 2023-03-13 08:21:34 --> Session: Class initialized using 'CodeIgniter\Session\Handlers\FileHandler' driver.
INFO - 2023-03-13 08:21:35 --> CSRF cookie sent.
INFO - 2023-03-13 08:21:35 --> Session: Class initialized using 'CodeIgniter\Session\Handlers\FileHandler' driver.
INFO - 2023-03-13 08:21:35 --> CSRF cookie sent.
INFO - 2023-03-13 08:21:35 --> Session: Class initialized using 'CodeIgniter\Session\Handlers\FileHandler' driver.
INFO - 2023-03-13 08:21:36 --> CSRF cookie sent.
INFO - 2023-03-13 08:21:36 --> Session: Class initialized using 'CodeIgniter\Session\Handlers\FileHandler' driver.
INFO - 2023-03-13 08:21:39 --> CSRF cookie sent.
INFO - 2023-03-13 08:21:39 --> Session: Class initialized using 'CodeIgniter\Session\Handlers\FileHandler' driver.
INFO - 2023-03-13 08:21:45 --> CSRF cookie sent.
INFO - 2023-03-13 08:21:46 --> Session: Class initialized using 'CodeIgniter\Session\Handlers\FileHandler' driver.
INFO - 2023-03-13 08:21:50 --> CSRF cookie sent.
INFO - 2023-03-13 08:21:50 --> Session: Class initialized using 'CodeIgniter\Session\Handlers\FileHandler' driver.
INFO - 2023-03-13 08:21:54 --> CSRF cookie sent.
INFO - 2023-03-13 08:21:54 --> Session: Class initialized using 'CodeIgniter\Session\Handlers\FileHandler' driver.
INFO - 2023-03-13 08:21:54 --> CSRF cookie sent.
INFO - 2023-03-13 08:21:54 --> Session: Class initialized using 'CodeIgniter\Session\Handlers\FileHandler' driver.
INFO - 2023-03-13 08:21:57 --> CSRF cookie sent.
INFO - 2023-03-13 08:21:57 --> Session: Class initialized using 'CodeIgniter\Session\Handlers\FileHandler' driver.
INFO - 2023-03-13 08:22:14 --> CSRF cookie sent.
INFO - 2023-03-13 08:22:14 --> CSRF token verified.
INFO - 2023-03-13 08:22:14 --> Session: Class initialized using 'CodeIgniter\Session\Handlers\FileHandler' driver.
INFO - 2023-03-13 08:22:16 --> CSRF cookie sent.
INFO - 2023-03-13 08:22:16 --> Session: Class initialized using 'CodeIgniter\Session\Handlers\FileHandler' driver.
INFO - 2023-03-13 08:22:18 --> CSRF cookie sent.
INFO - 2023-03-13 08:22:18 --> Session: Class initialized using 'CodeIgniter\Session\Handlers\FileHandler' driver.
INFO - 2023-03-13 08:22:18 --> CSRF cookie sent.
INFO - 2023-03-13 08:22:18 --> Session: Class initialized using 'CodeIgniter\Session\Handlers\FileHandler' driver.
INFO - 2023-03-13 08:22:19 --> CSRF cookie sent.
INFO - 2023-03-13 08:22:19 --> Session: Class initialized using 'CodeIgniter\Session\Handlers\FileHandler' driver.
INFO - 2023-03-13 08:22:23 --> CSRF cookie sent.
INFO - 2023-03-13 08:22:23 --> Session: Class initialized using 'CodeIgniter\Session\Handlers\FileHandler' driver.
INFO - 2023-03-13 08:22:24 --> CSRF cookie sent.
INFO - 2023-03-13 08:22:24 --> Session: Class initialized using 'CodeIgniter\Session\Handlers\FileHandler' driver.
INFO - 2023-03-13 08:22:32 --> CSRF cookie sent.
INFO - 2023-03-13 08:22:32 --> CSRF token verified.
INFO - 2023-03-13 08:22:32 --> Session: Class initialized using 'CodeIgniter\Session\Handlers\FileHandler' driver.
INFO - 2023-03-13 08:22:33 --> CSRF cookie sent.
INFO - 2023-03-13 08:22:33 --> Session: Class initialized using 'CodeIgniter\Session\Handlers\FileHandler' driver.
INFO - 2023-03-13 08:22:34 --> CSRF cookie sent.
INFO - 2023-03-13 08:22:34 --> Session: Class initialized using 'CodeIgniter\Session\Handlers\FileHandler' driver.
INFO - 2023-03-13 08:22:35 --> CSRF cookie sent.
INFO - 2023-03-13 08:22:35 --> Session: Class initialized using 'CodeIgniter\Session\Handlers\FileHandler' driver.
INFO - 2023-03-13 08:22:35 --> CSRF cookie sent.
INFO - 2023-03-13 08:22:35 --> Session: Class initialized using 'CodeIgniter\Session\Handlers\FileHandler' driver.
INFO - 2023-03-13 08:22:36 --> CSRF cookie sent.
INFO - 2023-03-13 08:22:36 --> Session: Class initialized using 'CodeIgniter\Session\Handlers\FileHandler' driver.
INFO - 2023-03-13 08:22:36 --> CSRF cookie sent.
INFO - 2023-03-13 08:22:36 --> Session: Class initialized using 'CodeIgniter\Session\Handlers\FileHandler' driver.
INFO - 2023-03-13 08:22:37 --> CSRF cookie sent.
INFO - 2023-03-13 08:22:37 --> Session: Class initialized using 'CodeIgniter\Session\Handlers\FileHandler' driver.
INFO - 2023-03-13 08:22:37 --> CSRF cookie sent.
INFO - 2023-03-13 08:22:37 --> Session: Class initialized using 'CodeIgniter\Session\Handlers\FileHandler' driver.
INFO - 2023-03-13 08:22:38 --> CSRF cookie sent.
INFO - 2023-03-13 08:22:38 --> Session: Class initialized using 'CodeIgniter\Session\Handlers\FileHandler' driver.
INFO - 2023-03-13 08:22:38 --> CSRF cookie sent.
INFO - 2023-03-13 08:22:38 --> Session: Class initialized using 'CodeIgniter\Session\Handlers\FileHandler' driver.
INFO - 2023-03-13 08:22:45 --> CSRF cookie sent.
INFO - 2023-03-13 08:22:45 --> Session: Class initialized using 'CodeIgniter\Session\Handlers\FileHandler' driver.
INFO - 2023-03-13 08:22:45 --> CSRF cookie sent.
INFO - 2023-03-13 08:22:45 --> Session: Class initialized using 'CodeIgniter\Session\Handlers\FileHandler' driver.
INFO - 2023-03-13 08:23:00 --> CSRF cookie sent.
INFO - 2023-03-13 08:23:00 --> Session: Class initialized using 'CodeIgniter\Session\Handlers\FileHandler' driver.
INFO - 2023-03-13 08:23:04 --> CSRF cookie sent.
INFO - 2023-03-13 08:23:04 --> Session: Class initialized using 'CodeIgniter\Session\Handlers\FileHandler' driver.
INFO - 2023-03-13 08:23:05 --> CSRF cookie sent.
INFO - 2023-03-13 08:23:05 --> Session: Class initialized using 'CodeIgniter\Session\Handlers\FileHandler' driver.
INFO - 2023-03-13 08:23:05 --> CSRF cookie sent.
INFO - 2023-03-13 08:23:05 --> Session: Class initialized using 'CodeIgniter\Session\Handlers\FileHandler' driver.
INFO - 2023-03-13 08:23:28 --> CSRF cookie sent.
INFO - 2023-03-13 08:23:28 --> CSRF token verified.
INFO - 2023-03-13 08:23:28 --> Session: Class initialized using 'CodeIgniter\Session\Handlers\FileHandler' driver.
INFO - 2023-03-13 08:23:34 --> CSRF cookie sent.
INFO - 2023-03-13 08:23:34 --> Session: Class initialized using 'CodeIgniter\Session\Handlers\FileHandler' driver.
INFO - 2023-03-13 08:23:37 --> Session: Class initialized using 'CodeIgniter\Session\Handlers\FileHandler' driver.
INFO - 2023-03-13 08:23:37 --> CSRF cookie sent.
INFO - 2023-03-13 08:23:37 --> Session: Class initialized using 'CodeIgniter\Session\Handlers\FileHandler' driver.
CRITICAL - 2023-03-13 08:23:39 --> implode(): Invalid arguments passed
#0 [internal function]: CodeIgniter\Debug\Exceptions->errorHandler()
#1 /home/apdwms/public_html/cella/Controllers/Orders.php(1075): implode()
#2 /home/apdwms/public_html/cella/Controllers/BaseController.php(532): CELLA\Controllers\Orders->autoGenerateCustomerPallets()
#3 /home/apdwms/public_html/system/CodeIgniter.php(932): CELLA\Controllers\BaseController->_remap()
#4 /home/apdwms/public_html/system/CodeIgniter.php(432): CodeIgniter\CodeIgniter->runController()
#5 /home/apdwms/public_html/system/CodeIgniter.php(333): CodeIgniter\CodeIgniter->handleRequest()
#6 /home/apdwms/public_html/index.php(48): CodeIgniter\CodeIgniter->run()
#7 {main}
INFO - 2023-03-13 08:23:41 --> CSRF cookie sent.
INFO - 2023-03-13 08:23:41 --> Session: Class initialized using 'CodeIgniter\Session\Handlers\FileHandler' driver.
INFO - 2023-03-13 08:23:44 --> CSRF cookie sent.
INFO - 2023-03-13 08:23:44 --> Session: Class initialized using 'CodeIgniter\Session\Handlers\FileHandler' driver.
INFO - 2023-03-13 08:23:53 --> CSRF cookie sent.
INFO - 2023-03-13 08:23:53 --> Session: Class initialized using 'CodeIgniter\Session\Handlers\FileHandler' driver.
INFO - 2023-03-13 08:23:54 --> CSRF cookie sent.
INFO - 2023-03-13 08:23:54 --> Session: Class initialized using 'CodeIgniter\Session\Handlers\FileHandler' driver.
INFO - 2023-03-13 08:23:56 --> CSRF cookie sent.
INFO - 2023-03-13 08:23:56 --> Session: Class initialized using 'CodeIgniter\Session\Handlers\FileHandler' driver.
INFO - 2023-03-13 08:23:57 --> CSRF cookie sent.
INFO - 2023-03-13 08:23:57 --> Session: Class initialized using 'CodeIgniter\Session\Handlers\FileHandler' driver.
INFO - 2023-03-13 08:23:58 --> CSRF cookie sent.
INFO - 2023-03-13 08:23:58 --> Session: Class initialized using 'CodeIgniter\Session\Handlers\FileHandler' driver.
INFO - 2023-03-13 08:23:59 --> CSRF cookie sent.
INFO - 2023-03-13 08:23:59 --> Session: Class initialized using 'CodeIgniter\Session\Handlers\FileHandler' driver.
INFO - 2023-03-13 08:24:00 --> CSRF cookie sent.
INFO - 2023-03-13 08:24:00 --> Session: Class initialized using 'CodeIgniter\Session\Handlers\FileHandler' driver.
INFO - 2023-03-13 08:24:00 --> CSRF cookie sent.
INFO - 2023-03-13 08:24:00 --> Session: Class initialized using 'CodeIgniter\Session\Handlers\FileHandler' driver.
INFO - 2023-03-13 08:24:05 --> CSRF cookie sent.
INFO - 2023-03-13 08:24:05 --> Session: Class initialized using 'CodeIgniter\Session\Handlers\FileHandler' driver.
INFO - 2023-03-13 08:24:06 --> CSRF cookie sent.
INFO - 2023-03-13 08:24:06 --> Session: Class initialized using 'CodeIgniter\Session\Handlers\FileHandler' driver.
INFO - 2023-03-13 08:24:06 --> CSRF cookie sent.
INFO - 2023-03-13 08:24:06 --> Session: Class initialized using 'CodeIgniter\Session\Handlers\FileHandler' driver.
INFO - 2023-03-13 08:24:14 --> CSRF cookie sent.
INFO - 2023-03-13 08:24:14 --> Session: Class initialized using 'CodeIgniter\Session\Handlers\FileHandler' driver.
INFO - 2023-03-13 08:24:22 --> CSRF cookie sent.
INFO - 2023-03-13 08:24:22 --> Session: Class initialized using 'CodeIgniter\Session\Handlers\FileHandler' driver.
INFO - 2023-03-13 08:24:23 --> CSRF cookie sent.
INFO - 2023-03-13 08:24:23 --> Session: Class initialized using 'CodeIgniter\Session\Handlers\FileHandler' driver.
INFO - 2023-03-13 08:24:26 --> CSRF cookie sent.
INFO - 2023-03-13 08:24:26 --> CSRF token verified.
INFO - 2023-03-13 08:24:26 --> Session: Class initialized using 'CodeIgniter\Session\Handlers\FileHandler' driver.
INFO - 2023-03-13 08:24:27 --> CSRF cookie sent.
INFO - 2023-03-13 08:24:27 --> Session: Class initialized using 'CodeIgniter\Session\Handlers\FileHandler' driver.
INFO - 2023-03-13 08:24:28 --> CSRF cookie sent.
INFO - 2023-03-13 08:24:28 --> Session: Class initialized using 'CodeIgniter\Session\Handlers\FileHandler' driver.
INFO - 2023-03-13 08:24:28 --> CSRF cookie sent.
INFO - 2023-03-13 08:24:28 --> Session: Class initialized using 'CodeIgniter\Session\Handlers\FileHandler' driver.
INFO - 2023-03-13 08:24:29 --> CSRF cookie sent.
INFO - 2023-03-13 08:24:29 --> Session: Class initialized using 'CodeIgniter\Session\Handlers\FileHandler' driver.
INFO - 2023-03-13 08:24:30 --> CSRF cookie sent.
INFO - 2023-03-13 08:24:30 --> Session: Class initialized using 'CodeIgniter\Session\Handlers\FileHandler' driver.
INFO - 2023-03-13 08:24:31 --> CSRF cookie sent.
INFO - 2023-03-13 08:24:31 --> Session: Class initialized using 'CodeIgniter\Session\Handlers\FileHandler' driver.
INFO - 2023-03-13 08:24:58 --> CSRF cookie sent.
INFO - 2023-03-13 08:24:58 --> Session: Class initialized using 'CodeIgniter\Session\Handlers\FileHandler' driver.
INFO - 2023-03-13 08:24:59 --> CSRF cookie sent.
INFO - 2023-03-13 08:24:59 --> Session: Class initialized using 'CodeIgniter\Session\Handlers\FileHandler' driver.
INFO - 2023-03-13 08:25:00 --> CSRF cookie sent.
INFO - 2023-03-13 08:25:00 --> Session: Class initialized using 'CodeIgniter\Session\Handlers\FileHandler' driver.
INFO - 2023-03-13 10:07:34 --> CSRF cookie sent.
INFO - 2023-03-13 10:07:34 --> CSRF token verified.
INFO - 2023-03-13 10:07:34 --> Session: Class initialized using 'CodeIgniter\Session\Handlers\FileHandler' driver.
INFO - 2023-03-13 10:07:34 --> CSRF cookie sent.
INFO - 2023-03-13 10:07:34 --> Session: Class initialized using 'CodeIgniter\Session\Handlers\FileHandler' driver.
INFO - 2023-03-13 10:07:35 --> CSRF cookie sent.
INFO - 2023-03-13 10:07:35 --> Session: Class initialized using 'CodeIgniter\Session\Handlers\FileHandler' driver.
INFO - 2023-03-13 10:07:36 --> CSRF cookie sent.
INFO - 2023-03-13 10:07:36 --> Session: Class initialized using 'CodeIgniter\Session\Handlers\FileHandler' driver.
INFO - 2023-03-13 10:07:56 --> CSRF cookie sent.
INFO - 2023-03-13 10:07:56 --> Session: Class initialized using 'CodeIgniter\Session\Handlers\FileHandler' driver.
INFO - 2023-03-13 10:07:56 --> CSRF cookie sent.
INFO - 2023-03-13 10:07:56 --> Session: Class initialized using 'CodeIgniter\Session\Handlers\FileHandler' driver.
INFO - 2023-03-13 10:07:57 --> CSRF cookie sent.
INFO - 2023-03-13 10:07:57 --> Session: Class initialized using 'CodeIgniter\Session\Handlers\FileHandler' driver.
INFO - 2023-03-13 10:08:07 --> CSRF cookie sent.
INFO - 2023-03-13 10:08:07 --> Session: Class initialized using 'CodeIgniter\Session\Handlers\FileHandler' driver.
INFO - 2023-03-13 10:08:07 --> CSRF cookie sent.
INFO - 2023-03-13 10:08:07 --> Session: Class initialized using 'CodeIgniter\Session\Handlers\FileHandler' driver.
INFO - 2023-03-13 10:08:08 --> CSRF cookie sent.
INFO - 2023-03-13 10:08:08 --> Session: Class initialized using 'CodeIgniter\Session\Handlers\FileHandler' driver.
INFO - 2023-03-13 10:08:32 --> CSRF cookie sent.
INFO - 2023-03-13 10:08:32 --> Session: Class initialized using 'CodeIgniter\Session\Handlers\FileHandler' driver.
INFO - 2023-03-13 10:08:33 --> CSRF cookie sent.
INFO - 2023-03-13 10:08:33 --> Session: Class initialized using 'CodeIgniter\Session\Handlers\FileHandler' driver.
INFO - 2023-03-13 10:08:34 --> CSRF cookie sent.
INFO - 2023-03-13 10:08:34 --> Session: Class initialized using 'CodeIgniter\Session\Handlers\FileHandler' driver.
INFO - 2023-03-13 10:08:48 --> CSRF cookie sent.
INFO - 2023-03-13 10:08:48 --> Session: Class initialized using 'CodeIgniter\Session\Handlers\FileHandler' driver.
INFO - 2023-03-13 10:08:55 --> CSRF cookie sent.
INFO - 2023-03-13 10:08:55 --> Session: Class initialized using 'CodeIgniter\Session\Handlers\FileHandler' driver.
INFO - 2023-03-13 10:08:56 --> CSRF cookie sent.
INFO - 2023-03-13 10:08:56 --> Session: Class initialized using 'CodeIgniter\Session\Handlers\FileHandler' driver.
INFO - 2023-03-13 10:09:01 --> CSRF cookie sent.
INFO - 2023-03-13 10:09:01 --> Session: Class initialized using 'CodeIgniter\Session\Handlers\FileHandler' driver.
INFO - 2023-03-13 10:09:44 --> CSRF cookie sent.
INFO - 2023-03-13 10:09:44 --> CSRF token verified.
INFO - 2023-03-13 10:09:44 --> Session: Class initialized using 'CodeIgniter\Session\Handlers\FileHandler' driver.
INFO - 2023-03-13 10:09:45 --> CSRF cookie sent.
INFO - 2023-03-13 10:09:45 --> Session: Class initialized using 'CodeIgniter\Session\Handlers\FileHandler' driver.
INFO - 2023-03-13 10:09:46 --> CSRF cookie sent.
INFO - 2023-03-13 10:09:46 --> Session: Class initialized using 'CodeIgniter\Session\Handlers\FileHandler' driver.
INFO - 2023-03-13 10:09:47 --> CSRF cookie sent.
INFO - 2023-03-13 10:09:47 --> Session: Class initialized using 'CodeIgniter\Session\Handlers\FileHandler' driver.
INFO - 2023-03-13 10:09:47 --> CSRF cookie sent.
INFO - 2023-03-13 10:09:47 --> Session: Class initialized using 'CodeIgniter\Session\Handlers\FileHandler' driver.
INFO - 2023-03-13 10:09:48 --> CSRF cookie sent.
INFO - 2023-03-13 10:09:48 --> Session: Class initialized using 'CodeIgniter\Session\Handlers\FileHandler' driver.
INFO - 2023-03-13 10:09:49 --> CSRF cookie sent.
INFO - 2023-03-13 10:09:49 --> Session: Class initialized using 'CodeIgniter\Session\Handlers\FileHandler' driver.
INFO - 2023-03-13 10:10:14 --> CSRF cookie sent.
INFO - 2023-03-13 10:10:14 --> Session: Class initialized using 'CodeIgniter\Session\Handlers\FileHandler' driver.
INFO - 2023-03-13 10:10:14 --> CSRF cookie sent.
INFO - 2023-03-13 10:10:14 --> Session: Class initialized using 'CodeIgniter\Session\Handlers\FileHandler' driver.
INFO - 2023-03-13 10:10:14 --> CSRF cookie sent.
INFO - 2023-03-13 10:10:14 --> Session: Class initialized using 'CodeIgniter\Session\Handlers\FileHandler' driver.
INFO - 2023-03-13 10:17:52 --> CSRF cookie sent.
INFO - 2023-03-13 10:17:52 --> CSRF token verified.
INFO - 2023-03-13 10:17:52 --> Session: Class initialized using 'CodeIgniter\Session\Handlers\FileHandler' driver.
INFO - 2023-03-13 10:17:52 --> CSRF cookie sent.
INFO - 2023-03-13 10:17:52 --> Session: Class initialized using 'CodeIgniter\Session\Handlers\FileHandler' driver.
INFO - 2023-03-13 10:17:53 --> CSRF cookie sent.
INFO - 2023-03-13 10:17:53 --> Session: Class initialized using 'CodeIgniter\Session\Handlers\FileHandler' driver.
INFO - 2023-03-13 10:17:54 --> CSRF cookie sent.
INFO - 2023-03-13 10:17:54 --> Session: Class initialized using 'CodeIgniter\Session\Handlers\FileHandler' driver.
INFO - 2023-03-13 10:18:43 --> CSRF cookie sent.
INFO - 2023-03-13 10:18:43 --> Session: Class initialized using 'CodeIgniter\Session\Handlers\FileHandler' driver.
INFO - 2023-03-13 10:18:56 --> CSRF cookie sent.
INFO - 2023-03-13 10:18:56 --> Session: Class initialized using 'CodeIgniter\Session\Handlers\FileHandler' driver.
INFO - 2023-03-13 10:18:56 --> CSRF cookie sent.
INFO - 2023-03-13 10:18:56 --> Session: Class initialized using 'CodeIgniter\Session\Handlers\FileHandler' driver.
INFO - 2023-03-13 10:19:06 --> CSRF cookie sent.
INFO - 2023-03-13 10:19:06 --> Session: Class initialized using 'CodeIgniter\Session\Handlers\FileHandler' driver.
INFO - 2023-03-13 10:19:40 --> CSRF cookie sent.
INFO - 2023-03-13 10:19:40 --> CSRF token verified.
INFO - 2023-03-13 10:19:40 --> Session: Class initialized using 'CodeIgniter\Session\Handlers\FileHandler' driver.
INFO - 2023-03-13 10:19:41 --> CSRF cookie sent.
INFO - 2023-03-13 10:19:41 --> Session: Class initialized using 'CodeIgniter\Session\Handlers\FileHandler' driver.
INFO - 2023-03-13 10:19:42 --> CSRF cookie sent.
INFO - 2023-03-13 10:19:42 --> Session: Class initialized using 'CodeIgniter\Session\Handlers\FileHandler' driver.
INFO - 2023-03-13 10:19:43 --> CSRF cookie sent.
INFO - 2023-03-13 10:19:43 --> Session: Class initialized using 'CodeIgniter\Session\Handlers\FileHandler' driver.
INFO - 2023-03-13 10:19:43 --> CSRF cookie sent.
INFO - 2023-03-13 10:19:43 --> Session: Class initialized using 'CodeIgniter\Session\Handlers\FileHandler' driver.
INFO - 2023-03-13 10:19:44 --> CSRF cookie sent.
INFO - 2023-03-13 10:19:44 --> Session: Class initialized using 'CodeIgniter\Session\Handlers\FileHandler' driver.
INFO - 2023-03-13 10:19:45 --> CSRF cookie sent.
INFO - 2023-03-13 10:19:45 --> Session: Class initialized using 'CodeIgniter\Session\Handlers\FileHandler' driver.
INFO - 2023-03-13 10:20:21 --> CSRF cookie sent.
INFO - 2023-03-13 10:20:21 --> Session: Class initialized using 'CodeIgniter\Session\Handlers\FileHandler' driver.
INFO - 2023-03-13 10:20:22 --> CSRF cookie sent.
INFO - 2023-03-13 10:20:22 --> Session: Class initialized using 'CodeIgniter\Session\Handlers\FileHandler' driver.
INFO - 2023-03-13 10:20:22 --> CSRF cookie sent.
INFO - 2023-03-13 10:20:22 --> Session: Class initialized using 'CodeIgniter\Session\Handlers\FileHandler' driver.
INFO - 2023-03-13 11:21:48 --> CSRF cookie sent.
INFO - 2023-03-13 11:21:48 --> CSRF token verified.
INFO - 2023-03-13 11:21:48 --> Session: Class initialized using 'CodeIgniter\Session\Handlers\FileHandler' driver.
INFO - 2023-03-13 11:21:49 --> CSRF cookie sent.
INFO - 2023-03-13 11:21:49 --> Session: Class initialized using 'CodeIgniter\Session\Handlers\FileHandler' driver.
INFO - 2023-03-13 11:21:49 --> CSRF cookie sent.
INFO - 2023-03-13 11:21:49 --> Session: Class initialized using 'CodeIgniter\Session\Handlers\FileHandler' driver.
INFO - 2023-03-13 11:21:50 --> CSRF cookie sent.
INFO - 2023-03-13 11:21:50 --> Session: Class initialized using 'CodeIgniter\Session\Handlers\FileHandler' driver.
INFO - 2023-03-13 11:21:52 --> CSRF cookie sent.
INFO - 2023-03-13 11:21:52 --> Session: Class initialized using 'CodeIgniter\Session\Handlers\FileHandler' driver.
INFO - 2023-03-13 11:21:59 --> CSRF cookie sent.
INFO - 2023-03-13 11:21:59 --> Session: Class initialized using 'CodeIgniter\Session\Handlers\FileHandler' driver.
INFO - 2023-03-13 11:21:59 --> CSRF cookie sent.
INFO - 2023-03-13 11:21:59 --> Session: Class initialized using 'CodeIgniter\Session\Handlers\FileHandler' driver.
INFO - 2023-03-13 11:22:07 --> CSRF cookie sent.
INFO - 2023-03-13 11:22:07 --> Session: Class initialized using 'CodeIgniter\Session\Handlers\FileHandler' driver.
INFO - 2023-03-13 11:23:30 --> CSRF cookie sent.
INFO - 2023-03-13 11:23:30 --> CSRF token verified.
INFO - 2023-03-13 11:23:30 --> Session: Class initialized using 'CodeIgniter\Session\Handlers\FileHandler' driver.
INFO - 2023-03-13 11:23:34 --> CSRF cookie sent.
INFO - 2023-03-13 11:23:34 --> Session: Class initialized using 'CodeIgniter\Session\Handlers\FileHandler' driver.
INFO - 2023-03-13 11:23:35 --> CSRF cookie sent.
INFO - 2023-03-13 11:23:35 --> Session: Class initialized using 'CodeIgniter\Session\Handlers\FileHandler' driver.
INFO - 2023-03-13 11:23:36 --> CSRF cookie sent.
INFO - 2023-03-13 11:23:36 --> Session: Class initialized using 'CodeIgniter\Session\Handlers\FileHandler' driver.
INFO - 2023-03-13 11:23:36 --> CSRF cookie sent.
INFO - 2023-03-13 11:23:36 --> Session: Class initialized using 'CodeIgniter\Session\Handlers\FileHandler' driver.
INFO - 2023-03-13 11:23:39 --> CSRF cookie sent.
INFO - 2023-03-13 11:23:39 --> Session: Class initialized using 'CodeIgniter\Session\Handlers\FileHandler' driver.
INFO - 2023-03-13 11:23:41 --> CSRF cookie sent.
INFO - 2023-03-13 11:23:41 --> Session: Class initialized using 'CodeIgniter\Session\Handlers\FileHandler' driver.
INFO - 2023-03-13 11:24:06 --> CSRF cookie sent.
INFO - 2023-03-13 11:24:06 --> Session: Class initialized using 'CodeIgniter\Session\Handlers\FileHandler' driver.
INFO - 2023-03-13 11:24:07 --> CSRF cookie sent.
INFO - 2023-03-13 11:24:07 --> Session: Class initialized using 'CodeIgniter\Session\Handlers\FileHandler' driver.
INFO - 2023-03-13 11:24:07 --> CSRF cookie sent.
INFO - 2023-03-13 11:24:07 --> Session: Class initialized using 'CodeIgniter\Session\Handlers\FileHandler' driver.
INFO - 2023-03-13 11:53:05 --> CSRF cookie sent.
INFO - 2023-03-13 11:53:05 --> CSRF token verified.
INFO - 2023-03-13 11:53:05 --> Session: Class initialized using 'CodeIgniter\Session\Handlers\FileHandler' driver.
INFO - 2023-03-13 11:53:05 --> CSRF cookie sent.
INFO - 2023-03-13 11:53:05 --> Session: Class initialized using 'CodeIgniter\Session\Handlers\FileHandler' driver.
INFO - 2023-03-13 11:53:06 --> CSRF cookie sent.
INFO - 2023-03-13 11:53:06 --> Session: Class initialized using 'CodeIgniter\Session\Handlers\FileHandler' driver.
INFO - 2023-03-13 11:53:07 --> CSRF cookie sent.
INFO - 2023-03-13 11:53:07 --> Session: Class initialized using 'CodeIgniter\Session\Handlers\FileHandler' driver.
INFO - 2023-03-13 11:53:09 --> CSRF cookie sent.
INFO - 2023-03-13 11:53:09 --> Session: Class initialized using 'CodeIgniter\Session\Handlers\FileHandler' driver.
INFO - 2023-03-13 11:53:16 --> CSRF cookie sent.
INFO - 2023-03-13 11:53:16 --> Session: Class initialized using 'CodeIgniter\Session\Handlers\FileHandler' driver.
INFO - 2023-03-13 11:53:16 --> CSRF cookie sent.
INFO - 2023-03-13 11:53:16 --> Session: Class initialized using 'CodeIgniter\Session\Handlers\FileHandler' driver.
INFO - 2023-03-13 11:53:25 --> CSRF cookie sent.
INFO - 2023-03-13 11:53:25 --> Session: Class initialized using 'CodeIgniter\Session\Handlers\FileHandler' driver.
INFO - 2023-03-13 11:56:44 --> CSRF cookie sent.
INFO - 2023-03-13 11:56:44 --> CSRF token verified.
INFO - 2023-03-13 11:56:44 --> Session: Class initialized using 'CodeIgniter\Session\Handlers\FileHandler' driver.
INFO - 2023-03-13 11:56:46 --> CSRF cookie sent.
INFO - 2023-03-13 11:56:46 --> Session: Class initialized using 'CodeIgniter\Session\Handlers\FileHandler' driver.
INFO - 2023-03-13 11:56:47 --> CSRF cookie sent.
INFO - 2023-03-13 11:56:47 --> Session: Class initialized using 'CodeIgniter\Session\Handlers\FileHandler' driver.
INFO - 2023-03-13 11:56:48 --> CSRF cookie sent.
INFO - 2023-03-13 11:56:48 --> Session: Class initialized using 'CodeIgniter\Session\Handlers\FileHandler' driver.
INFO - 2023-03-13 11:56:48 --> CSRF cookie sent.
INFO - 2023-03-13 11:56:48 --> Session: Class initialized using 'CodeIgniter\Session\Handlers\FileHandler' driver.
INFO - 2023-03-13 11:56:52 --> CSRF cookie sent.
INFO - 2023-03-13 11:56:52 --> Session: Class initialized using 'CodeIgniter\Session\Handlers\FileHandler' driver.
INFO - 2023-03-13 11:56:55 --> CSRF cookie sent.
INFO - 2023-03-13 11:56:55 --> Session: Class initialized using 'CodeIgniter\Session\Handlers\FileHandler' driver.
INFO - 2023-03-13 11:57:58 --> CSRF cookie sent.
INFO - 2023-03-13 11:57:58 --> Session: Class initialized using 'CodeIgniter\Session\Handlers\FileHandler' driver.
INFO - 2023-03-13 11:57:59 --> CSRF cookie sent.
INFO - 2023-03-13 11:57:59 --> Session: Class initialized using 'CodeIgniter\Session\Handlers\FileHandler' driver.
INFO - 2023-03-13 11:57:59 --> CSRF cookie sent.
INFO - 2023-03-13 11:57:59 --> Session: Class initialized using 'CodeIgniter\Session\Handlers\FileHandler' driver.
INFO - 2023-03-13 12:03:12 --> CSRF cookie sent.
INFO - 2023-03-13 12:03:12 --> Session: Class initialized using 'CodeIgniter\Session\Handlers\FileHandler' driver.
INFO - 2023-03-13 12:03:17 --> CSRF cookie sent.
INFO - 2023-03-13 12:03:17 --> Session: Class initialized using 'CodeIgniter\Session\Handlers\FileHandler' driver.
INFO - 2023-03-13 12:03:19 --> CSRF cookie sent.
INFO - 2023-03-13 12:03:19 --> Session: Class initialized using 'CodeIgniter\Session\Handlers\FileHandler' driver.
INFO - 2023-03-13 12:03:30 --> CSRF cookie sent.
INFO - 2023-03-13 12:03:30 --> CSRF token verified.
INFO - 2023-03-13 12:03:30 --> Session: Class initialized using 'CodeIgniter\Session\Handlers\FileHandler' driver.
INFO - 2023-03-13 12:03:33 --> CSRF cookie sent.
INFO - 2023-03-13 12:03:33 --> Session: Class initialized using 'CodeIgniter\Session\Handlers\FileHandler' driver.
INFO - 2023-03-13 12:03:37 --> CSRF cookie sent.
INFO - 2023-03-13 12:03:37 --> Session: Class initialized using 'CodeIgniter\Session\Handlers\FileHandler' driver.
INFO - 2023-03-13 12:03:38 --> CSRF cookie sent.
INFO - 2023-03-13 12:03:38 --> Session: Class initialized using 'CodeIgniter\Session\Handlers\FileHandler' driver.
INFO - 2023-03-13 12:03:38 --> CSRF cookie sent.
INFO - 2023-03-13 12:03:38 --> Session: Class initialized using 'CodeIgniter\Session\Handlers\FileHandler' driver.
INFO - 2023-03-13 12:03:40 --> CSRF cookie sent.
INFO - 2023-03-13 12:03:40 --> Session: Class initialized using 'CodeIgniter\Session\Handlers\FileHandler' driver.
INFO - 2023-03-13 12:03:44 --> CSRF cookie sent.
INFO - 2023-03-13 12:03:44 --> Session: Class initialized using 'CodeIgniter\Session\Handlers\FileHandler' driver.
INFO - 2023-03-13 12:03:46 --> CSRF cookie sent.
INFO - 2023-03-13 12:03:46 --> Session: Class initialized using 'CodeIgniter\Session\Handlers\FileHandler' driver.
INFO - 2023-03-13 12:03:50 --> CSRF cookie sent.
INFO - 2023-03-13 12:03:50 --> Session: Class initialized using 'CodeIgniter\Session\Handlers\FileHandler' driver.
INFO - 2023-03-13 12:03:52 --> CSRF cookie sent.
INFO - 2023-03-13 12:03:52 --> Session: Class initialized using 'CodeIgniter\Session\Handlers\FileHandler' driver.
INFO - 2023-03-13 12:03:54 --> CSRF cookie sent.
INFO - 2023-03-13 12:03:54 --> Session: Class initialized using 'CodeIgniter\Session\Handlers\FileHandler' driver.
INFO - 2023-03-13 12:03:56 --> CSRF cookie sent.
INFO - 2023-03-13 12:03:56 --> Session: Class initialized using 'CodeIgniter\Session\Handlers\FileHandler' driver.
INFO - 2023-03-13 12:04:41 --> CSRF cookie sent.
INFO - 2023-03-13 12:04:41 --> CSRF token verified.
INFO - 2023-03-13 12:04:41 --> Session: Class initialized using 'CodeIgniter\Session\Handlers\FileHandler' driver.
INFO - 2023-03-13 12:04:42 --> CSRF cookie sent.
INFO - 2023-03-13 12:04:42 --> Session: Class initialized using 'CodeIgniter\Session\Handlers\FileHandler' driver.
INFO - 2023-03-13 12:04:44 --> CSRF cookie sent.
INFO - 2023-03-13 12:04:44 --> Session: Class initialized using 'CodeIgniter\Session\Handlers\FileHandler' driver.
INFO - 2023-03-13 12:05:38 --> CSRF cookie sent.
INFO - 2023-03-13 12:05:38 --> CSRF token verified.
INFO - 2023-03-13 12:05:38 --> Session: Class initialized using 'CodeIgniter\Session\Handlers\FileHandler' driver.
INFO - 2023-03-13 12:05:39 --> CSRF cookie sent.
INFO - 2023-03-13 12:05:39 --> Session: Class initialized using 'CodeIgniter\Session\Handlers\FileHandler' driver.
INFO - 2023-03-13 12:05:41 --> CSRF cookie sent.
INFO - 2023-03-13 12:05:41 --> Session: Class initialized using 'CodeIgniter\Session\Handlers\FileHandler' driver.
INFO - 2023-03-13 12:06:44 --> CSRF cookie sent.
INFO - 2023-03-13 12:06:44 --> CSRF token verified.
INFO - 2023-03-13 12:06:44 --> Session: Class initialized using 'CodeIgniter\Session\Handlers\FileHandler' driver.
INFO - 2023-03-13 12:06:45 --> CSRF cookie sent.
INFO - 2023-03-13 12:06:45 --> Session: Class initialized using 'CodeIgniter\Session\Handlers\FileHandler' driver.
INFO - 2023-03-13 12:06:47 --> CSRF cookie sent.
INFO - 2023-03-13 12:06:47 --> Session: Class initialized using 'CodeIgniter\Session\Handlers\FileHandler' driver.
INFO - 2023-03-13 12:07:40 --> CSRF cookie sent.
INFO - 2023-03-13 12:07:40 --> Session: Class initialized using 'CodeIgniter\Session\Handlers\FileHandler' driver.
INFO - 2023-03-13 12:07:42 --> CSRF cookie sent.
INFO - 2023-03-13 12:07:42 --> Session: Class initialized using 'CodeIgniter\Session\Handlers\FileHandler' driver.
INFO - 2023-03-13 12:07:46 --> CSRF cookie sent.
INFO - 2023-03-13 12:07:46 --> Session: Class initialized using 'CodeIgniter\Session\Handlers\FileHandler' driver.
INFO - 2023-03-13 12:07:47 --> CSRF cookie sent.
INFO - 2023-03-13 12:07:47 --> Session: Class initialized using 'CodeIgniter\Session\Handlers\FileHandler' driver.
INFO - 2023-03-13 12:07:49 --> CSRF cookie sent.
INFO - 2023-03-13 12:07:49 --> Session: Class initialized using 'CodeIgniter\Session\Handlers\FileHandler' driver.
INFO - 2023-03-13 12:07:51 --> CSRF cookie sent.
INFO - 2023-03-13 12:07:51 --> Session: Class initialized using 'CodeIgniter\Session\Handlers\FileHandler' driver.
INFO - 2023-03-13 12:07:53 --> CSRF cookie sent.
INFO - 2023-03-13 12:07:53 --> Session: Class initialized using 'CodeIgniter\Session\Handlers\FileHandler' driver.
INFO - 2023-03-13 12:07:54 --> CSRF cookie sent.
INFO - 2023-03-13 12:07:54 --> Session: Class initialized using 'CodeIgniter\Session\Handlers\FileHandler' driver.
INFO - 2023-03-13 12:07:56 --> CSRF cookie sent.
INFO - 2023-03-13 12:07:56 --> Session: Class initialized using 'CodeIgniter\Session\Handlers\FileHandler' driver.
INFO - 2023-03-13 12:07:57 --> CSRF cookie sent.
INFO - 2023-03-13 12:07:57 --> Session: Class initialized using 'CodeIgniter\Session\Handlers\FileHandler' driver.
INFO - 2023-03-13 12:07:58 --> CSRF cookie sent.
INFO - 2023-03-13 12:07:58 --> Session: Class initialized using 'CodeIgniter\Session\Handlers\FileHandler' driver.
INFO - 2023-03-13 12:07:58 --> CSRF cookie sent.
INFO - 2023-03-13 12:07:58 --> Session: Class initialized using 'CodeIgniter\Session\Handlers\FileHandler' driver.
INFO - 2023-03-13 12:17:13 --> CSRF cookie sent.
INFO - 2023-03-13 12:17:13 --> CSRF token verified.
INFO - 2023-03-13 12:17:13 --> Session: Class initialized using 'CodeIgniter\Session\Handlers\FileHandler' driver.
INFO - 2023-03-13 12:17:13 --> CSRF cookie sent.
INFO - 2023-03-13 12:17:13 --> Session: Class initialized using 'CodeIgniter\Session\Handlers\FileHandler' driver.
INFO - 2023-03-13 12:17:14 --> CSRF cookie sent.
INFO - 2023-03-13 12:17:14 --> Session: Class initialized using 'CodeIgniter\Session\Handlers\FileHandler' driver.
INFO - 2023-03-13 12:17:15 --> CSRF cookie sent.
INFO - 2023-03-13 12:17:15 --> Session: Class initialized using 'CodeIgniter\Session\Handlers\FileHandler' driver.
INFO - 2023-03-13 12:17:18 --> CSRF cookie sent.
INFO - 2023-03-13 12:17:18 --> Session: Class initialized using 'CodeIgniter\Session\Handlers\FileHandler' driver.
INFO - 2023-03-13 12:17:19 --> CSRF cookie sent.
INFO - 2023-03-13 12:17:19 --> Session: Class initialized using 'CodeIgniter\Session\Handlers\FileHandler' driver.
INFO - 2023-03-13 12:17:19 --> CSRF cookie sent.
INFO - 2023-03-13 12:17:19 --> Session: Class initialized using 'CodeIgniter\Session\Handlers\FileHandler' driver.
INFO - 2023-03-13 12:17:24 --> CSRF cookie sent.
INFO - 2023-03-13 12:17:24 --> Session: Class initialized using 'CodeIgniter\Session\Handlers\FileHandler' driver.
INFO - 2023-03-13 12:17:25 --> CSRF cookie sent.
INFO - 2023-03-13 12:17:25 --> Session: Class initialized using 'CodeIgniter\Session\Handlers\FileHandler' driver.
INFO - 2023-03-13 12:17:25 --> CSRF cookie sent.
INFO - 2023-03-13 12:17:25 --> Session: Class initialized using 'CodeIgniter\Session\Handlers\FileHandler' driver.
INFO - 2023-03-13 12:17:26 --> CSRF cookie sent.
INFO - 2023-03-13 12:17:26 --> Session: Class initialized using 'CodeIgniter\Session\Handlers\FileHandler' driver.
INFO - 2023-03-13 12:17:34 --> CSRF cookie sent.
INFO - 2023-03-13 12:17:34 --> Session: Class initialized using 'CodeIgniter\Session\Handlers\FileHandler' driver.
INFO - 2023-03-13 12:17:34 --> CSRF cookie sent.
INFO - 2023-03-13 12:17:34 --> Session: Class initialized using 'CodeIgniter\Session\Handlers\FileHandler' driver.
INFO - 2023-03-13 12:17:52 --> CSRF cookie sent.
INFO - 2023-03-13 12:17:52 --> CSRF token verified.
INFO - 2023-03-13 12:17:52 --> Session: Class initialized using 'CodeIgniter\Session\Handlers\FileHandler' driver.
INFO - 2023-03-13 12:17:53 --> CSRF cookie sent.
INFO - 2023-03-13 12:17:53 --> Session: Class initialized using 'CodeIgniter\Session\Handlers\FileHandler' driver.
INFO - 2023-03-13 12:17:54 --> CSRF cookie sent.
INFO - 2023-03-13 12:17:54 --> Session: Class initialized using 'CodeIgniter\Session\Handlers\FileHandler' driver.
INFO - 2023-03-13 12:17:55 --> CSRF cookie sent.
INFO - 2023-03-13 12:17:55 --> Session: Class initialized using 'CodeIgniter\Session\Handlers\FileHandler' driver.
INFO - 2023-03-13 12:17:55 --> CSRF cookie sent.
INFO - 2023-03-13 12:17:55 --> Session: Class initialized using 'CodeIgniter\Session\Handlers\FileHandler' driver.
INFO - 2023-03-13 12:17:56 --> CSRF cookie sent.
INFO - 2023-03-13 12:17:56 --> Session: Class initialized using 'CodeIgniter\Session\Handlers\FileHandler' driver.
INFO - 2023-03-13 12:17:57 --> CSRF cookie sent.
INFO - 2023-03-13 12:17:57 --> Session: Class initialized using 'CodeIgniter\Session\Handlers\FileHandler' driver.
INFO - 2023-03-13 12:18:11 --> CSRF cookie sent.
INFO - 2023-03-13 12:18:11 --> Session: Class initialized using 'CodeIgniter\Session\Handlers\FileHandler' driver.
INFO - 2023-03-13 12:18:12 --> CSRF cookie sent.
INFO - 2023-03-13 12:18:12 --> Session: Class initialized using 'CodeIgniter\Session\Handlers\FileHandler' driver.
INFO - 2023-03-13 12:18:12 --> CSRF cookie sent.
INFO - 2023-03-13 12:18:12 --> Session: Class initialized using 'CodeIgniter\Session\Handlers\FileHandler' driver.
INFO - 2023-03-13 12:18:13 --> CSRF cookie sent.
INFO - 2023-03-13 12:18:13 --> Session: Class initialized using 'CodeIgniter\Session\Handlers\FileHandler' driver.
INFO - 2023-03-13 12:18:21 --> CSRF cookie sent.
INFO - 2023-03-13 12:18:21 --> Session: Class initialized using 'CodeIgniter\Session\Handlers\FileHandler' driver.
INFO - 2023-03-13 12:18:21 --> CSRF cookie sent.
INFO - 2023-03-13 12:18:21 --> Session: Class initialized using 'CodeIgniter\Session\Handlers\FileHandler' driver.
INFO - 2023-03-13 12:18:41 --> CSRF cookie sent.
INFO - 2023-03-13 12:18:41 --> CSRF token verified.
INFO - 2023-03-13 12:18:41 --> Session: Class initialized using 'CodeIgniter\Session\Handlers\FileHandler' driver.
INFO - 2023-03-13 12:18:42 --> CSRF cookie sent.
INFO - 2023-03-13 12:18:42 --> Session: Class initialized using 'CodeIgniter\Session\Handlers\FileHandler' driver.
INFO - 2023-03-13 12:18:42 --> CSRF cookie sent.
INFO - 2023-03-13 12:18:42 --> Session: Class initialized using 'CodeIgniter\Session\Handlers\FileHandler' driver.
INFO - 2023-03-13 12:18:43 --> CSRF cookie sent.
INFO - 2023-03-13 12:18:43 --> Session: Class initialized using 'CodeIgniter\Session\Handlers\FileHandler' driver.
INFO - 2023-03-13 12:18:44 --> CSRF cookie sent.
INFO - 2023-03-13 12:18:44 --> Session: Class initialized using 'CodeIgniter\Session\Handlers\FileHandler' driver.
INFO - 2023-03-13 12:18:45 --> CSRF cookie sent.
INFO - 2023-03-13 12:18:45 --> Session: Class initialized using 'CodeIgniter\Session\Handlers\FileHandler' driver.
INFO - 2023-03-13 12:18:45 --> CSRF cookie sent.
INFO - 2023-03-13 12:18:45 --> Session: Class initialized using 'CodeIgniter\Session\Handlers\FileHandler' driver.
INFO - 2023-03-13 12:28:53 --> CSRF cookie sent.
INFO - 2023-03-13 12:28:53 --> Session: Class initialized using 'CodeIgniter\Session\Handlers\FileHandler' driver.
INFO - 2023-03-13 12:28:54 --> CSRF cookie sent.
INFO - 2023-03-13 12:28:54 --> Session: Class initialized using 'CodeIgniter\Session\Handlers\FileHandler' driver.
INFO - 2023-03-13 12:28:54 --> CSRF cookie sent.
INFO - 2023-03-13 12:28:54 --> Session: Class initialized using 'CodeIgniter\Session\Handlers\FileHandler' driver.
INFO - 2023-03-13 12:40:10 --> CSRF cookie sent.
INFO - 2023-03-13 12:40:10 --> Session: Class initialized using 'CodeIgniter\Session\Handlers\FileHandler' driver.
INFO - 2023-03-13 12:40:10 --> CSRF cookie sent.
INFO - 2023-03-13 12:40:10 --> Session: Class initialized using 'CodeIgniter\Session\Handlers\FileHandler' driver.
INFO - 2023-03-13 13:22:40 --> CSRF cookie sent.
INFO - 2023-03-13 13:22:40 --> CSRF token verified.
INFO - 2023-03-13 13:22:40 --> Session: Class initialized using 'CodeIgniter\Session\Handlers\FileHandler' driver.
INFO - 2023-03-13 13:22:40 --> CSRF cookie sent.
INFO - 2023-03-13 13:22:40 --> Session: Class initialized using 'CodeIgniter\Session\Handlers\FileHandler' driver.
INFO - 2023-03-13 13:22:41 --> CSRF cookie sent.
INFO - 2023-03-13 13:22:41 --> Session: Class initialized using 'CodeIgniter\Session\Handlers\FileHandler' driver.
INFO - 2023-03-13 13:22:41 --> CSRF cookie sent.
INFO - 2023-03-13 13:22:41 --> Session: Class initialized using 'CodeIgniter\Session\Handlers\FileHandler' driver.
INFO - 2023-03-13 13:22:44 --> CSRF cookie sent.
INFO - 2023-03-13 13:22:44 --> Session: Class initialized using 'CodeIgniter\Session\Handlers\FileHandler' driver.
INFO - 2023-03-13 13:22:51 --> CSRF cookie sent.
INFO - 2023-03-13 13:22:51 --> Session: Class initialized using 'CodeIgniter\Session\Handlers\FileHandler' driver.
INFO - 2023-03-13 13:22:51 --> CSRF cookie sent.
INFO - 2023-03-13 13:22:51 --> Session: Class initialized using 'CodeIgniter\Session\Handlers\FileHandler' driver.
INFO - 2023-03-13 13:22:56 --> CSRF cookie sent.
INFO - 2023-03-13 13:22:56 --> Session: Class initialized using 'CodeIgniter\Session\Handlers\FileHandler' driver.
INFO - 2023-03-13 13:24:30 --> Session: Class initialized using 'CodeIgniter\Session\Handlers\FileHandler' driver.
INFO - 2023-03-13 13:24:30 --> CSRF cookie sent.
INFO - 2023-03-13 13:24:30 --> Session: Class initialized using 'CodeIgniter\Session\Handlers\FileHandler' driver.
INFO - 2023-03-13 13:24:30 --> CSRF cookie sent.
INFO - 2023-03-13 13:24:30 --> Session: Class initialized using 'CodeIgniter\Session\Handlers\FileHandler' driver.
INFO - 2023-03-13 13:24:36 --> CSRF cookie sent.
INFO - 2023-03-13 13:24:36 --> CSRF token verified.
INFO - 2023-03-13 13:24:36 --> Session: Class initialized using 'CodeIgniter\Session\Handlers\FileHandler' driver.
INFO - 2023-03-13 13:24:37 --> CSRF cookie sent.
INFO - 2023-03-13 13:24:37 --> Session: Class initialized using 'CodeIgniter\Session\Handlers\FileHandler' driver.
INFO - 2023-03-13 13:24:37 --> CSRF cookie sent.
INFO - 2023-03-13 13:24:37 --> Session: Class initialized using 'CodeIgniter\Session\Handlers\FileHandler' driver.
INFO - 2023-03-13 13:24:38 --> CSRF cookie sent.
INFO - 2023-03-13 13:24:38 --> Session: Class initialized using 'CodeIgniter\Session\Handlers\FileHandler' driver.
INFO - 2023-03-13 13:24:40 --> CSRF cookie sent.
INFO - 2023-03-13 13:24:40 --> Session: Class initialized using 'CodeIgniter\Session\Handlers\FileHandler' driver.
INFO - 2023-03-13 13:24:41 --> CSRF cookie sent.
INFO - 2023-03-13 13:24:41 --> CSRF token verified.
INFO - 2023-03-13 13:24:41 --> Session: Class initialized using 'CodeIgniter\Session\Handlers\FileHandler' driver.
INFO - 2023-03-13 13:24:42 --> CSRF cookie sent.
INFO - 2023-03-13 13:24:42 --> Session: Class initialized using 'CodeIgniter\Session\Handlers\FileHandler' driver.
INFO - 2023-03-13 13:24:42 --> CSRF cookie sent.
INFO - 2023-03-13 13:24:42 --> Session: Class initialized using 'CodeIgniter\Session\Handlers\FileHandler' driver.
INFO - 2023-03-13 13:24:43 --> CSRF cookie sent.
INFO - 2023-03-13 13:24:43 --> Session: Class initialized using 'CodeIgniter\Session\Handlers\FileHandler' driver.
INFO - 2023-03-13 13:24:44 --> CSRF cookie sent.
INFO - 2023-03-13 13:24:44 --> Session: Class initialized using 'CodeIgniter\Session\Handlers\FileHandler' driver.
INFO - 2023-03-13 13:24:44 --> CSRF cookie sent.
INFO - 2023-03-13 13:24:44 --> Session: Class initialized using 'CodeIgniter\Session\Handlers\FileHandler' driver.
INFO - 2023-03-13 13:24:44 --> CSRF cookie sent.
INFO - 2023-03-13 13:24:44 --> Session: Class initialized using 'CodeIgniter\Session\Handlers\FileHandler' driver.
INFO - 2023-03-13 13:24:48 --> CSRF cookie sent.
INFO - 2023-03-13 13:24:48 --> Session: Class initialized using 'CodeIgniter\Session\Handlers\FileHandler' driver.
INFO - 2023-03-13 13:24:49 --> CSRF cookie sent.
INFO - 2023-03-13 13:24:49 --> Session: Class initialized using 'CodeIgniter\Session\Handlers\FileHandler' driver.
INFO - 2023-03-13 13:24:50 --> CSRF cookie sent.
INFO - 2023-03-13 13:24:50 --> Session: Class initialized using 'CodeIgniter\Session\Handlers\FileHandler' driver.
INFO - 2023-03-13 13:24:52 --> CSRF cookie sent.
INFO - 2023-03-13 13:24:52 --> Session: Class initialized using 'CodeIgniter\Session\Handlers\FileHandler' driver.
INFO - 2023-03-13 13:24:52 --> CSRF cookie sent.
INFO - 2023-03-13 13:24:52 --> Session: Class initialized using 'CodeIgniter\Session\Handlers\FileHandler' driver.
INFO - 2023-03-13 13:24:55 --> CSRF cookie sent.
INFO - 2023-03-13 13:24:55 --> Session: Class initialized using 'CodeIgniter\Session\Handlers\FileHandler' driver.
INFO - 2023-03-13 13:24:55 --> CSRF cookie sent.
INFO - 2023-03-13 13:24:55 --> Session: Class initialized using 'CodeIgniter\Session\Handlers\FileHandler' driver.
INFO - 2023-03-13 13:24:57 --> CSRF cookie sent.
INFO - 2023-03-13 13:24:57 --> Session: Class initialized using 'CodeIgniter\Session\Handlers\FileHandler' driver.
INFO - 2023-03-13 13:24:58 --> CSRF cookie sent.
INFO - 2023-03-13 13:24:58 --> Session: Class initialized using 'CodeIgniter\Session\Handlers\FileHandler' driver.
INFO - 2023-03-13 13:24:58 --> CSRF cookie sent.
INFO - 2023-03-13 13:24:58 --> Session: Class initialized using 'CodeIgniter\Session\Handlers\FileHandler' driver.
INFO - 2023-03-13 13:24:59 --> CSRF cookie sent.
INFO - 2023-03-13 13:24:59 --> Session: Class initialized using 'CodeIgniter\Session\Handlers\FileHandler' driver.
INFO - 2023-03-13 13:25:00 --> CSRF cookie sent.
INFO - 2023-03-13 13:25:00 --> CSRF cookie sent.
INFO - 2023-03-13 13:25:00 --> Session: Class initialized using 'CodeIgniter\Session\Handlers\FileHandler' driver.
INFO - 2023-03-13 13:25:00 --> Session: Class initialized using 'CodeIgniter\Session\Handlers\FileHandler' driver.
INFO - 2023-03-13 13:25:06 --> CSRF cookie sent.
INFO - 2023-03-13 13:25:06 --> Session: Class initialized using 'CodeIgniter\Session\Handlers\FileHandler' driver.
INFO - 2023-03-13 13:25:07 --> CSRF cookie sent.
INFO - 2023-03-13 13:25:07 --> Session: Class initialized using 'CodeIgniter\Session\Handlers\FileHandler' driver.
INFO - 2023-03-13 13:25:33 --> CSRF cookie sent.
INFO - 2023-03-13 13:25:33 --> Session: Class initialized using 'CodeIgniter\Session\Handlers\FileHandler' driver.
INFO - 2023-03-13 13:25:34 --> CSRF cookie sent.
INFO - 2023-03-13 13:25:34 --> Session: Class initialized using 'CodeIgniter\Session\Handlers\FileHandler' driver.
INFO - 2023-03-13 13:25:34 --> CSRF cookie sent.
INFO - 2023-03-13 13:25:34 --> Session: Class initialized using 'CodeIgniter\Session\Handlers\FileHandler' driver.
INFO - 2023-03-13 13:25:35 --> CSRF cookie sent.
INFO - 2023-03-13 13:25:35 --> Session: Class initialized using 'CodeIgniter\Session\Handlers\FileHandler' driver.
INFO - 2023-03-13 13:25:43 --> CSRF cookie sent.
INFO - 2023-03-13 13:25:43 --> Session: Class initialized using 'CodeIgniter\Session\Handlers\FileHandler' driver.
INFO - 2023-03-13 13:25:43 --> CSRF cookie sent.
INFO - 2023-03-13 13:25:43 --> Session: Class initialized using 'CodeIgniter\Session\Handlers\FileHandler' driver.
INFO - 2023-03-13 13:25:48 --> CSRF cookie sent.
INFO - 2023-03-13 13:25:48 --> Session: Class initialized using 'CodeIgniter\Session\Handlers\FileHandler' driver.
INFO - 2023-03-13 13:26:37 --> CSRF cookie sent.
INFO - 2023-03-13 13:26:37 --> CSRF token verified.
INFO - 2023-03-13 13:26:37 --> Session: Class initialized using 'CodeIgniter\Session\Handlers\FileHandler' driver.
INFO - 2023-03-13 13:26:37 --> CSRF cookie sent.
INFO - 2023-03-13 13:26:37 --> Session: Class initialized using 'CodeIgniter\Session\Handlers\FileHandler' driver.
INFO - 2023-03-13 13:26:39 --> CSRF cookie sent.
INFO - 2023-03-13 13:26:39 --> Session: Class initialized using 'CodeIgniter\Session\Handlers\FileHandler' driver.
INFO - 2023-03-13 13:26:40 --> CSRF cookie sent.
INFO - 2023-03-13 13:26:40 --> Session: Class initialized using 'CodeIgniter\Session\Handlers\FileHandler' driver.
INFO - 2023-03-13 13:26:41 --> CSRF cookie sent.
INFO - 2023-03-13 13:26:41 --> Session: Class initialized using 'CodeIgniter\Session\Handlers\FileHandler' driver.
INFO - 2023-03-13 13:26:41 --> CSRF cookie sent.
INFO - 2023-03-13 13:26:41 --> Session: Class initialized using 'CodeIgniter\Session\Handlers\FileHandler' driver.
INFO - 2023-03-13 13:27:00 --> CSRF cookie sent.
INFO - 2023-03-13 13:27:00 --> Session: Class initialized using 'CodeIgniter\Session\Handlers\FileHandler' driver.
INFO - 2023-03-13 13:27:00 --> CSRF cookie sent.
INFO - 2023-03-13 13:27:00 --> Session: Class initialized using 'CodeIgniter\Session\Handlers\FileHandler' driver.
INFO - 2023-03-13 13:27:01 --> CSRF cookie sent.
INFO - 2023-03-13 13:27:01 --> Session: Class initialized using 'CodeIgniter\Session\Handlers\FileHandler' driver.
INFO - 2023-03-13 13:32:04 --> CSRF cookie sent.
INFO - 2023-03-13 13:32:04 --> Session: Class initialized using 'CodeIgniter\Session\Handlers\FileHandler' driver.
INFO - 2023-03-13 13:32:06 --> CSRF cookie sent.
INFO - 2023-03-13 13:32:06 --> Session: Class initialized using 'CodeIgniter\Session\Handlers\FileHandler' driver.
INFO - 2023-03-13 13:32:15 --> CSRF cookie sent.
INFO - 2023-03-13 13:32:15 --> CSRF token verified.
INFO - 2023-03-13 13:32:15 --> Session: Class initialized using 'CodeIgniter\Session\Handlers\FileHandler' driver.
INFO - 2023-03-13 13:32:17 --> CSRF cookie sent.
INFO - 2023-03-13 13:32:17 --> Session: Class initialized using 'CodeIgniter\Session\Handlers\FileHandler' driver.
INFO - 2023-03-13 13:32:19 --> CSRF cookie sent.
INFO - 2023-03-13 13:32:19 --> Session: Class initialized using 'CodeIgniter\Session\Handlers\FileHandler' driver.
INFO - 2023-03-13 13:32:19 --> CSRF cookie sent.
INFO - 2023-03-13 13:32:19 --> Session: Class initialized using 'CodeIgniter\Session\Handlers\FileHandler' driver.
INFO - 2023-03-13 13:32:22 --> CSRF cookie sent.
INFO - 2023-03-13 13:32:22 --> Session: Class initialized using 'CodeIgniter\Session\Handlers\FileHandler' driver.
INFO - 2023-03-13 13:32:23 --> CSRF cookie sent.
INFO - 2023-03-13 13:32:23 --> Session: Class initialized using 'CodeIgniter\Session\Handlers\FileHandler' driver.
INFO - 2023-03-13 13:34:56 --> CSRF cookie sent.
INFO - 2023-03-13 13:34:56 --> CSRF token verified.
INFO - 2023-03-13 13:34:56 --> Session: Class initialized using 'CodeIgniter\Session\Handlers\FileHandler' driver.
INFO - 2023-03-13 13:34:57 --> CSRF cookie sent.
INFO - 2023-03-13 13:34:57 --> Session: Class initialized using 'CodeIgniter\Session\Handlers\FileHandler' driver.
INFO - 2023-03-13 13:34:57 --> CSRF cookie sent.
INFO - 2023-03-13 13:34:57 --> Session: Class initialized using 'CodeIgniter\Session\Handlers\FileHandler' driver.
INFO - 2023-03-13 13:34:58 --> CSRF cookie sent.
INFO - 2023-03-13 13:34:58 --> Session: Class initialized using 'CodeIgniter\Session\Handlers\FileHandler' driver.
INFO - 2023-03-13 13:35:03 --> CSRF cookie sent.
INFO - 2023-03-13 13:35:03 --> Session: Class initialized using 'CodeIgniter\Session\Handlers\FileHandler' driver.
INFO - 2023-03-13 13:35:04 --> CSRF cookie sent.
INFO - 2023-03-13 13:35:04 --> Session: Class initialized using 'CodeIgniter\Session\Handlers\FileHandler' driver.
INFO - 2023-03-13 13:37:09 --> CSRF cookie sent.
INFO - 2023-03-13 13:37:09 --> CSRF token verified.
INFO - 2023-03-13 13:37:09 --> Session: Class initialized using 'CodeIgniter\Session\Handlers\FileHandler' driver.
INFO - 2023-03-13 13:37:09 --> CSRF cookie sent.
INFO - 2023-03-13 13:37:09 --> Session: Class initialized using 'CodeIgniter\Session\Handlers\FileHandler' driver.
INFO - 2023-03-13 13:37:11 --> CSRF cookie sent.
INFO - 2023-03-13 13:37:11 --> Session: Class initialized using 'CodeIgniter\Session\Handlers\FileHandler' driver.
INFO - 2023-03-13 13:37:11 --> CSRF cookie sent.
INFO - 2023-03-13 13:37:11 --> Session: Class initialized using 'CodeIgniter\Session\Handlers\FileHandler' driver.
INFO - 2023-03-13 13:37:14 --> CSRF cookie sent.
INFO - 2023-03-13 13:37:14 --> Session: Class initialized using 'CodeIgniter\Session\Handlers\FileHandler' driver.
INFO - 2023-03-13 13:37:15 --> CSRF cookie sent.
INFO - 2023-03-13 13:37:15 --> Session: Class initialized using 'CodeIgniter\Session\Handlers\FileHandler' driver.
INFO - 2023-03-13 13:37:59 --> CSRF cookie sent.
INFO - 2023-03-13 13:37:59 --> CSRF token verified.
INFO - 2023-03-13 13:37:59 --> Session: Class initialized using 'CodeIgniter\Session\Handlers\FileHandler' driver.
INFO - 2023-03-13 13:38:00 --> CSRF cookie sent.
INFO - 2023-03-13 13:38:00 --> Session: Class initialized using 'CodeIgniter\Session\Handlers\FileHandler' driver.
INFO - 2023-03-13 13:38:01 --> CSRF cookie sent.
INFO - 2023-03-13 13:38:01 --> Session: Class initialized using 'CodeIgniter\Session\Handlers\FileHandler' driver.
INFO - 2023-03-13 13:38:01 --> CSRF cookie sent.
INFO - 2023-03-13 13:38:01 --> Session: Class initialized using 'CodeIgniter\Session\Handlers\FileHandler' driver.
INFO - 2023-03-13 13:38:02 --> CSRF cookie sent.
INFO - 2023-03-13 13:38:02 --> Session: Class initialized using 'CodeIgniter\Session\Handlers\FileHandler' driver.
INFO - 2023-03-13 13:44:06 --> CSRF cookie sent.
INFO - 2023-03-13 13:44:06 --> CSRF token verified.
INFO - 2023-03-13 13:44:06 --> Session: Class initialized using 'CodeIgniter\Session\Handlers\FileHandler' driver.
INFO - 2023-03-13 13:44:07 --> CSRF cookie sent.
INFO - 2023-03-13 13:44:07 --> Session: Class initialized using 'CodeIgniter\Session\Handlers\FileHandler' driver.
INFO - 2023-03-13 13:44:07 --> CSRF cookie sent.
INFO - 2023-03-13 13:44:07 --> Session: Class initialized using 'CodeIgniter\Session\Handlers\FileHandler' driver.
INFO - 2023-03-13 13:44:08 --> CSRF cookie sent.
INFO - 2023-03-13 13:44:08 --> Session: Class initialized using 'CodeIgniter\Session\Handlers\FileHandler' driver.
INFO - 2023-03-13 13:44:10 --> CSRF cookie sent.
INFO - 2023-03-13 13:44:10 --> Session: Class initialized using 'CodeIgniter\Session\Handlers\FileHandler' driver.
INFO - 2023-03-13 13:44:11 --> CSRF cookie sent.
INFO - 2023-03-13 13:44:11 --> Session: Class initialized using 'CodeIgniter\Session\Handlers\FileHandler' driver.
INFO - 2023-03-13 13:44:11 --> CSRF cookie sent.
INFO - 2023-03-13 13:44:11 --> Session: Class initialized using 'CodeIgniter\Session\Handlers\FileHandler' driver.
INFO - 2023-03-13 13:44:14 --> CSRF cookie sent.
INFO - 2023-03-13 13:44:14 --> Session: Class initialized using 'CodeIgniter\Session\Handlers\FileHandler' driver.
INFO - 2023-03-13 13:44:15 --> CSRF cookie sent.
INFO - 2023-03-13 13:44:15 --> Session: Class initialized using 'CodeIgniter\Session\Handlers\FileHandler' driver.
INFO - 2023-03-13 13:44:16 --> CSRF cookie sent.
INFO - 2023-03-13 13:44:16 --> Session: Class initialized using 'CodeIgniter\Session\Handlers\FileHandler' driver.
INFO - 2023-03-13 13:44:28 --> CSRF cookie sent.
INFO - 2023-03-13 13:44:28 --> Session: Class initialized using 'CodeIgniter\Session\Handlers\FileHandler' driver.
INFO - 2023-03-13 13:44:29 --> CSRF cookie sent.
INFO - 2023-03-13 13:44:29 --> Session: Class initialized using 'CodeIgniter\Session\Handlers\FileHandler' driver.
INFO - 2023-03-13 13:44:30 --> CSRF cookie sent.
INFO - 2023-03-13 13:44:30 --> Session: Class initialized using 'CodeIgniter\Session\Handlers\FileHandler' driver.
INFO - 2023-03-13 13:44:32 --> CSRF cookie sent.
INFO - 2023-03-13 13:44:32 --> CSRF token verified.
INFO - 2023-03-13 13:44:32 --> Session: Class initialized using 'CodeIgniter\Session\Handlers\FileHandler' driver.
INFO - 2023-03-13 13:44:33 --> CSRF cookie sent.
INFO - 2023-03-13 13:44:33 --> Session: Class initialized using 'CodeIgniter\Session\Handlers\FileHandler' driver.
INFO - 2023-03-13 13:44:33 --> CSRF cookie sent.
INFO - 2023-03-13 13:44:33 --> Session: Class initialized using 'CodeIgniter\Session\Handlers\FileHandler' driver.
INFO - 2023-03-13 13:44:34 --> CSRF cookie sent.
INFO - 2023-03-13 13:44:34 --> Session: Class initialized using 'CodeIgniter\Session\Handlers\FileHandler' driver.
INFO - 2023-03-13 13:48:26 --> CSRF cookie sent.
INFO - 2023-03-13 13:48:26 --> Session: Class initialized using 'CodeIgniter\Session\Handlers\FileHandler' driver.
INFO - 2023-03-13 13:48:26 --> CSRF cookie sent.
INFO - 2023-03-13 13:48:26 --> Session: Class initialized using 'CodeIgniter\Session\Handlers\FileHandler' driver.
INFO - 2023-03-13 13:48:27 --> CSRF cookie sent.
INFO - 2023-03-13 13:48:27 --> Session: Class initialized using 'CodeIgniter\Session\Handlers\FileHandler' driver.
INFO - 2023-03-13 13:55:22 --> CSRF cookie sent.
INFO - 2023-03-13 13:55:22 --> Session: Class initialized using 'CodeIgniter\Session\Handlers\FileHandler' driver.
INFO - 2023-03-13 13:55:23 --> CSRF cookie sent.
INFO - 2023-03-13 13:55:23 --> Session: Class initialized using 'CodeIgniter\Session\Handlers\FileHandler' driver.
INFO - 2023-03-13 13:55:23 --> CSRF cookie sent.
INFO - 2023-03-13 13:55:23 --> Session: Class initialized using 'CodeIgniter\Session\Handlers\FileHandler' driver.
INFO - 2023-03-13 14:05:59 --> CSRF cookie sent.
INFO - 2023-03-13 14:05:59 --> CSRF token verified.
INFO - 2023-03-13 14:05:59 --> Session: Class initialized using 'CodeIgniter\Session\Handlers\FileHandler' driver.
INFO - 2023-03-13 14:06:00 --> CSRF cookie sent.
INFO - 2023-03-13 14:06:00 --> Session: Class initialized using 'CodeIgniter\Session\Handlers\FileHandler' driver.
INFO - 2023-03-13 14:06:00 --> CSRF cookie sent.
INFO - 2023-03-13 14:06:00 --> Session: Class initialized using 'CodeIgniter\Session\Handlers\FileHandler' driver.
INFO - 2023-03-13 14:06:02 --> CSRF cookie sent.
INFO - 2023-03-13 14:06:02 --> Session: Class initialized using 'CodeIgniter\Session\Handlers\FileHandler' driver.
INFO - 2023-03-13 14:06:06 --> CSRF cookie sent.
INFO - 2023-03-13 14:06:06 --> Session: Class initialized using 'CodeIgniter\Session\Handlers\FileHandler' driver.
INFO - 2023-03-13 14:06:07 --> CSRF cookie sent.
INFO - 2023-03-13 14:06:07 --> Session: Class initialized using 'CodeIgniter\Session\Handlers\FileHandler' driver.
INFO - 2023-03-13 14:06:08 --> CSRF cookie sent.
INFO - 2023-03-13 14:06:08 --> Session: Class initialized using 'CodeIgniter\Session\Handlers\FileHandler' driver.
INFO - 2023-03-13 14:06:10 --> CSRF cookie sent.
INFO - 2023-03-13 14:06:10 --> Session: Class initialized using 'CodeIgniter\Session\Handlers\FileHandler' driver.
INFO - 2023-03-13 14:06:11 --> CSRF cookie sent.
INFO - 2023-03-13 14:06:11 --> Session: Class initialized using 'CodeIgniter\Session\Handlers\FileHandler' driver.
INFO - 2023-03-13 14:06:12 --> CSRF cookie sent.
INFO - 2023-03-13 14:06:12 --> Session: Class initialized using 'CodeIgniter\Session\Handlers\FileHandler' driver.
INFO - 2023-03-13 14:06:13 --> CSRF cookie sent.
INFO - 2023-03-13 14:06:13 --> Session: Class initialized using 'CodeIgniter\Session\Handlers\FileHandler' driver.
INFO - 2023-03-13 14:06:14 --> CSRF cookie sent.
INFO - 2023-03-13 14:06:14 --> Session: Class initialized using 'CodeIgniter\Session\Handlers\FileHandler' driver.
INFO - 2023-03-13 14:06:14 --> CSRF cookie sent.
INFO - 2023-03-13 14:06:14 --> Session: Class initialized using 'CodeIgniter\Session\Handlers\FileHandler' driver.
INFO - 2023-03-13 14:06:16 --> CSRF cookie sent.
INFO - 2023-03-13 14:06:16 --> Session: Class initialized using 'CodeIgniter\Session\Handlers\FileHandler' driver.
INFO - 2023-03-13 14:06:16 --> CSRF cookie sent.
INFO - 2023-03-13 14:06:16 --> Session: Class initialized using 'CodeIgniter\Session\Handlers\FileHandler' driver.
INFO - 2023-03-13 14:06:19 --> CSRF cookie sent.
INFO - 2023-03-13 14:06:19 --> Session: Class initialized using 'CodeIgniter\Session\Handlers\FileHandler' driver.
INFO - 2023-03-13 14:06:26 --> CSRF cookie sent.
INFO - 2023-03-13 14:06:26 --> Session: Class initialized using 'CodeIgniter\Session\Handlers\FileHandler' driver.
INFO - 2023-03-13 14:06:26 --> CSRF cookie sent.
INFO - 2023-03-13 14:06:26 --> Session: Class initialized using 'CodeIgniter\Session\Handlers\FileHandler' driver.
INFO - 2023-03-13 14:06:52 --> CSRF cookie sent.
INFO - 2023-03-13 14:06:52 --> CSRF token verified.
INFO - 2023-03-13 14:06:52 --> Session: Class initialized using 'CodeIgniter\Session\Handlers\FileHandler' driver.
INFO - 2023-03-13 14:06:53 --> CSRF cookie sent.
INFO - 2023-03-13 14:06:53 --> Session: Class initialized using 'CodeIgniter\Session\Handlers\FileHandler' driver.
INFO - 2023-03-13 14:06:54 --> CSRF cookie sent.
INFO - 2023-03-13 14:06:54 --> Session: Class initialized using 'CodeIgniter\Session\Handlers\FileHandler' driver.
INFO - 2023-03-13 14:06:54 --> CSRF cookie sent.
INFO - 2023-03-13 14:06:54 --> Session: Class initialized using 'CodeIgniter\Session\Handlers\FileHandler' driver.
INFO - 2023-03-13 14:06:55 --> CSRF cookie sent.
INFO - 2023-03-13 14:06:55 --> Session: Class initialized using 'CodeIgniter\Session\Handlers\FileHandler' driver.
INFO - 2023-03-13 14:06:56 --> CSRF cookie sent.
INFO - 2023-03-13 14:06:56 --> Session: Class initialized using 'CodeIgniter\Session\Handlers\FileHandler' driver.
INFO - 2023-03-13 14:06:57 --> CSRF cookie sent.
INFO - 2023-03-13 14:06:57 --> Session: Class initialized using 'CodeIgniter\Session\Handlers\FileHandler' driver.
INFO - 2023-03-13 14:07:31 --> CSRF cookie sent.
INFO - 2023-03-13 14:07:31 --> CSRF cookie sent.
INFO - 2023-03-13 14:07:31 --> Session: Class initialized using 'CodeIgniter\Session\Handlers\FileHandler' driver.
INFO - 2023-03-13 14:07:31 --> Session: Class initialized using 'CodeIgniter\Session\Handlers\FileHandler' driver.
INFO - 2023-03-13 14:07:34 --> CSRF cookie sent.
INFO - 2023-03-13 14:07:34 --> CSRF token verified.
INFO - 2023-03-13 14:07:34 --> Session: Class initialized using 'CodeIgniter\Session\Handlers\FileHandler' driver.
INFO - 2023-03-13 14:07:35 --> CSRF cookie sent.
INFO - 2023-03-13 14:07:35 --> Session: Class initialized using 'CodeIgniter\Session\Handlers\FileHandler' driver.
INFO - 2023-03-13 14:07:35 --> CSRF cookie sent.
INFO - 2023-03-13 14:07:35 --> Session: Class initialized using 'CodeIgniter\Session\Handlers\FileHandler' driver.
INFO - 2023-03-13 14:07:36 --> CSRF cookie sent.
INFO - 2023-03-13 14:07:36 --> Session: Class initialized using 'CodeIgniter\Session\Handlers\FileHandler' driver.
INFO - 2023-03-13 14:07:41 --> CSRF cookie sent.
INFO - 2023-03-13 14:07:41 --> CSRF token verified.
INFO - 2023-03-13 14:07:41 --> Session: Class initialized using 'CodeIgniter\Session\Handlers\FileHandler' driver.
INFO - 2023-03-13 14:07:42 --> CSRF cookie sent.
INFO - 2023-03-13 14:07:42 --> Session: Class initialized using 'CodeIgniter\Session\Handlers\FileHandler' driver.
INFO - 2023-03-13 14:07:43 --> CSRF cookie sent.
INFO - 2023-03-13 14:07:43 --> Session: Class initialized using 'CodeIgniter\Session\Handlers\FileHandler' driver.
INFO - 2023-03-13 14:07:43 --> CSRF cookie sent.
INFO - 2023-03-13 14:07:43 --> Session: Class initialized using 'CodeIgniter\Session\Handlers\FileHandler' driver.
INFO - 2023-03-13 14:07:44 --> CSRF cookie sent.
INFO - 2023-03-13 14:07:44 --> Session: Class initialized using 'CodeIgniter\Session\Handlers\FileHandler' driver.
INFO - 2023-03-13 14:07:46 --> CSRF cookie sent.
INFO - 2023-03-13 14:07:46 --> Session: Class initialized using 'CodeIgniter\Session\Handlers\FileHandler' driver.
INFO - 2023-03-13 14:07:46 --> CSRF cookie sent.
INFO - 2023-03-13 14:07:46 --> Session: Class initialized using 'CodeIgniter\Session\Handlers\FileHandler' driver.
INFO - 2023-03-13 14:08:53 --> CSRF cookie sent.
INFO - 2023-03-13 14:08:53 --> CSRF cookie sent.
INFO - 2023-03-13 14:08:53 --> Session: Class initialized using 'CodeIgniter\Session\Handlers\FileHandler' driver.
INFO - 2023-03-13 14:08:53 --> Session: Class initialized using 'CodeIgniter\Session\Handlers\FileHandler' driver.
INFO - 2023-03-13 14:09:00 --> CSRF cookie sent.
INFO - 2023-03-13 14:09:00 --> CSRF token verified.
INFO - 2023-03-13 14:09:00 --> Session: Class initialized using 'CodeIgniter\Session\Handlers\FileHandler' driver.
INFO - 2023-03-13 14:09:00 --> CSRF cookie sent.
INFO - 2023-03-13 14:09:00 --> Session: Class initialized using 'CodeIgniter\Session\Handlers\FileHandler' driver.
INFO - 2023-03-13 14:09:01 --> CSRF cookie sent.
INFO - 2023-03-13 14:09:01 --> Session: Class initialized using 'CodeIgniter\Session\Handlers\FileHandler' driver.
INFO - 2023-03-13 14:09:01 --> CSRF cookie sent.
INFO - 2023-03-13 14:09:01 --> Session: Class initialized using 'CodeIgniter\Session\Handlers\FileHandler' driver.
INFO - 2023-03-13 14:09:02 --> CSRF cookie sent.
INFO - 2023-03-13 14:09:02 --> Session: Class initialized using 'CodeIgniter\Session\Handlers\FileHandler' driver.
INFO - 2023-03-13 14:19:26 --> CSRF cookie sent.
INFO - 2023-03-13 14:19:26 --> Session: Class initialized using 'CodeIgniter\Session\Handlers\FileHandler' driver.
INFO - 2023-03-13 14:19:26 --> CSRF cookie sent.
INFO - 2023-03-13 14:19:26 --> Session: Class initialized using 'CodeIgniter\Session\Handlers\FileHandler' driver.
INFO - 2023-03-13 14:19:27 --> CSRF cookie sent.
INFO - 2023-03-13 14:19:27 --> Session: Class initialized using 'CodeIgniter\Session\Handlers\FileHandler' driver.
INFO - 2023-03-13 14:24:16 --> CSRF cookie sent.
INFO - 2023-03-13 14:24:16 --> Session: Class initialized using 'CodeIgniter\Session\Handlers\FileHandler' driver.
INFO - 2023-03-13 14:24:18 --> CSRF cookie sent.
INFO - 2023-03-13 14:24:18 --> Session: Class initialized using 'CodeIgniter\Session\Handlers\FileHandler' driver.
INFO - 2023-03-13 14:24:30 --> CSRF cookie sent.
INFO - 2023-03-13 14:24:30 --> CSRF token verified.
INFO - 2023-03-13 14:24:30 --> Session: Class initialized using 'CodeIgniter\Session\Handlers\FileHandler' driver.
INFO - 2023-03-13 14:24:30 --> CSRF cookie sent.
INFO - 2023-03-13 14:24:30 --> Session: Class initialized using 'CodeIgniter\Session\Handlers\FileHandler' driver.
INFO - 2023-03-13 14:24:31 --> CSRF cookie sent.
INFO - 2023-03-13 14:24:31 --> Session: Class initialized using 'CodeIgniter\Session\Handlers\FileHandler' driver.
INFO - 2023-03-13 14:24:32 --> CSRF cookie sent.
INFO - 2023-03-13 14:24:32 --> Session: Class initialized using 'CodeIgniter\Session\Handlers\FileHandler' driver.
INFO - 2023-03-13 14:24:38 --> CSRF cookie sent.
INFO - 2023-03-13 14:24:38 --> Session: Class initialized using 'CodeIgniter\Session\Handlers\FileHandler' driver.
INFO - 2023-03-13 14:24:39 --> CSRF cookie sent.
INFO - 2023-03-13 14:24:39 --> Session: Class initialized using 'CodeIgniter\Session\Handlers\FileHandler' driver.
INFO - 2023-03-13 14:24:39 --> CSRF cookie sent.
INFO - 2023-03-13 14:24:39 --> Session: Class initialized using 'CodeIgniter\Session\Handlers\FileHandler' driver.
INFO - 2023-03-13 14:40:30 --> CSRF cookie sent.
INFO - 2023-03-13 14:40:30 --> Session: Class initialized using 'CodeIgniter\Session\Handlers\FileHandler' driver.
INFO - 2023-03-13 14:40:30 --> CSRF cookie sent.
INFO - 2023-03-13 14:40:30 --> Session: Class initialized using 'CodeIgniter\Session\Handlers\FileHandler' driver.
INFO - 2023-03-13 14:40:30 --> CSRF cookie sent.
INFO - 2023-03-13 14:40:30 --> Session: Class initialized using 'CodeIgniter\Session\Handlers\FileHandler' driver.
INFO - 2023-03-13 16:06:30 --> CSRF cookie sent.
INFO - 2023-03-13 16:06:30 --> Session: Class initialized using 'CodeIgniter\Session\Handlers\FileHandler' driver.
INFO - 2023-03-13 16:06:31 --> CSRF cookie sent.
INFO - 2023-03-13 16:06:31 --> Session: Class initialized using 'CodeIgniter\Session\Handlers\FileHandler' driver.
INFO - 2023-03-13 16:06:35 --> CSRF cookie sent.
INFO - 2023-03-13 16:06:35 --> CSRF token verified.
INFO - 2023-03-13 16:06:35 --> Session: Class initialized using 'CodeIgniter\Session\Handlers\FileHandler' driver.
INFO - 2023-03-13 16:06:37 --> CSRF cookie sent.
INFO - 2023-03-13 16:06:37 --> Session: Class initialized using 'CodeIgniter\Session\Handlers\FileHandler' driver.
INFO - 2023-03-13 16:06:38 --> CSRF cookie sent.
INFO - 2023-03-13 16:06:38 --> Session: Class initialized using 'CodeIgniter\Session\Handlers\FileHandler' driver.
INFO - 2023-03-13 16:06:44 --> CSRF cookie sent.
INFO - 2023-03-13 16:06:44 --> Session: Class initialized using 'CodeIgniter\Session\Handlers\FileHandler' driver.
INFO - 2023-03-13 16:06:45 --> CSRF cookie sent.
INFO - 2023-03-13 16:06:45 --> Session: Class initialized using 'CodeIgniter\Session\Handlers\FileHandler' driver.
INFO - 2023-03-13 16:06:46 --> CSRF cookie sent.
INFO - 2023-03-13 16:06:46 --> Session: Class initialized using 'CodeIgniter\Session\Handlers\FileHandler' driver.
INFO - 2023-03-13 16:06:47 --> CSRF cookie sent.
INFO - 2023-03-13 16:06:47 --> Session: Class initialized using 'CodeIgniter\Session\Handlers\FileHandler' driver.
INFO - 2023-03-13 16:06:50 --> CSRF cookie sent.
INFO - 2023-03-13 16:06:50 --> Session: Class initialized using 'CodeIgniter\Session\Handlers\FileHandler' driver.
INFO - 2023-03-13 16:06:50 --> CSRF cookie sent.
INFO - 2023-03-13 16:06:50 --> Session: Class initialized using 'CodeIgniter\Session\Handlers\FileHandler' driver.
INFO - 2023-03-13 16:06:51 --> CSRF cookie sent.
INFO - 2023-03-13 16:06:51 --> CSRF cookie sent.
INFO - 2023-03-13 16:06:51 --> Session: Class initialized using 'CodeIgniter\Session\Handlers\FileHandler' driver.
INFO - 2023-03-13 16:06:51 --> CSRF cookie sent.
INFO - 2023-03-13 16:06:51 --> Session: Class initialized using 'CodeIgniter\Session\Handlers\FileHandler' driver.
INFO - 2023-03-13 16:06:52 --> CSRF cookie sent.
INFO - 2023-03-13 16:06:52 --> Session: Class initialized using 'CodeIgniter\Session\Handlers\FileHandler' driver.
INFO - 2023-03-13 16:06:52 --> Session: Class initialized using 'CodeIgniter\Session\Handlers\FileHandler' driver.
INFO - 2023-03-13 16:06:54 --> CSRF cookie sent.
INFO - 2023-03-13 16:06:54 --> CSRF cookie sent.
INFO - 2023-03-13 16:06:54 --> Session: Class initialized using 'CodeIgniter\Session\Handlers\FileHandler' driver.
INFO - 2023-03-13 16:06:54 --> Session: Class initialized using 'CodeIgniter\Session\Handlers\FileHandler' driver.
INFO - 2023-03-13 16:07:08 --> CSRF cookie sent.
INFO - 2023-03-13 16:07:08 --> CSRF token verified.
INFO - 2023-03-13 16:07:08 --> Session: Class initialized using 'CodeIgniter\Session\Handlers\FileHandler' driver.
INFO - 2023-03-13 16:07:10 --> CSRF cookie sent.
INFO - 2023-03-13 16:07:10 --> Session: Class initialized using 'CodeIgniter\Session\Handlers\FileHandler' driver.
INFO - 2023-03-13 16:07:12 --> CSRF cookie sent.
INFO - 2023-03-13 16:07:12 --> Session: Class initialized using 'CodeIgniter\Session\Handlers\FileHandler' driver.
INFO - 2023-03-13 16:07:12 --> CSRF cookie sent.
INFO - 2023-03-13 16:07:12 --> Session: Class initialized using 'CodeIgniter\Session\Handlers\FileHandler' driver.
INFO - 2023-03-13 16:07:25 --> CSRF cookie sent.
INFO - 2023-03-13 16:07:25 --> CSRF token verified.
INFO - 2023-03-13 16:07:25 --> Session: Class initialized using 'CodeIgniter\Session\Handlers\FileHandler' driver.
INFO - 2023-03-13 16:07:26 --> CSRF cookie sent.
INFO - 2023-03-13 16:07:26 --> Session: Class initialized using 'CodeIgniter\Session\Handlers\FileHandler' driver.
INFO - 2023-03-13 16:07:28 --> CSRF cookie sent.
INFO - 2023-03-13 16:07:28 --> Session: Class initialized using 'CodeIgniter\Session\Handlers\FileHandler' driver.
INFO - 2023-03-13 16:07:29 --> CSRF cookie sent.
INFO - 2023-03-13 16:07:29 --> Session: Class initialized using 'CodeIgniter\Session\Handlers\FileHandler' driver.
