INFO - 2023-02-24 13:24:40 --> Session: Class initialized using 'CodeIgniter\Session\Handlers\FileHandler' driver.
INFO - 2023-02-24 13:24:40 --> CSRF cookie sent.
INFO - 2023-02-24 13:24:40 --> Session: Class initialized using 'CodeIgniter\Session\Handlers\FileHandler' driver.
INFO - 2023-02-24 13:24:40 --> CSRF cookie sent.
INFO - 2023-02-24 13:24:40 --> Session: Class initialized using 'CodeIgniter\Session\Handlers\FileHandler' driver.
INFO - 2023-02-24 13:24:45 --> CSRF cookie sent.
INFO - 2023-02-24 13:24:45 --> CSRF token verified.
INFO - 2023-02-24 13:24:45 --> Session: Class initialized using 'CodeIgniter\Session\Handlers\FileHandler' driver.
INFO - 2023-02-24 13:24:46 --> CSRF cookie sent.
INFO - 2023-02-24 13:24:46 --> Session: Class initialized using 'CodeIgniter\Session\Handlers\FileHandler' driver.
INFO - 2023-02-24 13:24:49 --> CSRF cookie sent.
INFO - 2023-02-24 13:24:49 --> Session: Class initialized using 'CodeIgniter\Session\Handlers\FileHandler' driver.
INFO - 2023-02-24 13:24:49 --> CSRF cookie sent.
INFO - 2023-02-24 13:24:49 --> Session: Class initialized using 'CodeIgniter\Session\Handlers\FileHandler' driver.
INFO - 2023-02-24 13:24:49 --> CSRF cookie sent.
INFO - 2023-02-24 13:24:49 --> Session: Class initialized using 'CodeIgniter\Session\Handlers\FileHandler' driver.
INFO - 2023-02-24 13:24:50 --> CSRF cookie sent.
INFO - 2023-02-24 13:24:50 --> Session: Class initialized using 'CodeIgniter\Session\Handlers\FileHandler' driver.
INFO - 2023-02-24 13:24:50 --> CSRF cookie sent.
INFO - 2023-02-24 13:24:50 --> Session: Class initialized using 'CodeIgniter\Session\Handlers\FileHandler' driver.
INFO - 2023-02-24 13:24:51 --> CSRF cookie sent.
INFO - 2023-02-24 13:24:51 --> Session: Class initialized using 'CodeIgniter\Session\Handlers\FileHandler' driver.
INFO - 2023-02-24 13:24:58 --> CSRF cookie sent.
INFO - 2023-02-24 13:24:58 --> Session: Class initialized using 'CodeIgniter\Session\Handlers\FileHandler' driver.
INFO - 2023-02-24 13:24:59 --> CSRF cookie sent.
INFO - 2023-02-24 13:24:59 --> Session: Class initialized using 'CodeIgniter\Session\Handlers\FileHandler' driver.
INFO - 2023-02-24 13:25:21 --> CSRF cookie sent.
INFO - 2023-02-24 13:25:21 --> Session: Class initialized using 'CodeIgniter\Session\Handlers\FileHandler' driver.
INFO - 2023-02-24 13:26:02 --> CSRF cookie sent.
INFO - 2023-02-24 13:26:02 --> CSRF token verified.
INFO - 2023-02-24 13:26:02 --> Session: Class initialized using 'CodeIgniter\Session\Handlers\FileHandler' driver.
INFO - 2023-02-24 13:26:03 --> CSRF cookie sent.
INFO - 2023-02-24 13:26:03 --> Session: Class initialized using 'CodeIgniter\Session\Handlers\FileHandler' driver.
INFO - 2023-02-24 13:26:05 --> CSRF cookie sent.
INFO - 2023-02-24 13:26:05 --> Session: Class initialized using 'CodeIgniter\Session\Handlers\FileHandler' driver.
INFO - 2023-02-24 13:26:05 --> CSRF cookie sent.
INFO - 2023-02-24 13:26:05 --> Session: Class initialized using 'CodeIgniter\Session\Handlers\FileHandler' driver.
INFO - 2023-02-24 13:26:06 --> CSRF cookie sent.
INFO - 2023-02-24 13:26:06 --> Session: Class initialized using 'CodeIgniter\Session\Handlers\FileHandler' driver.
INFO - 2023-02-24 13:26:07 --> CSRF cookie sent.
INFO - 2023-02-24 13:26:07 --> Session: Class initialized using 'CodeIgniter\Session\Handlers\FileHandler' driver.
INFO - 2023-02-24 13:26:08 --> CSRF cookie sent.
INFO - 2023-02-24 13:26:08 --> Session: Class initialized using 'CodeIgniter\Session\Handlers\FileHandler' driver.
INFO - 2023-02-24 13:26:39 --> CSRF cookie sent.
INFO - 2023-02-24 13:26:39 --> Session: Class initialized using 'CodeIgniter\Session\Handlers\FileHandler' driver.
INFO - 2023-02-24 13:26:40 --> CSRF cookie sent.
INFO - 2023-02-24 13:26:40 --> Session: Class initialized using 'CodeIgniter\Session\Handlers\FileHandler' driver.
INFO - 2023-02-24 13:26:41 --> CSRF cookie sent.
INFO - 2023-02-24 13:26:41 --> Session: Class initialized using 'CodeIgniter\Session\Handlers\FileHandler' driver.
INFO - 2023-02-24 13:26:41 --> CSRF cookie sent.
INFO - 2023-02-24 13:26:41 --> Session: Class initialized using 'CodeIgniter\Session\Handlers\FileHandler' driver.
INFO - 2023-02-24 13:26:49 --> CSRF cookie sent.
INFO - 2023-02-24 13:26:49 --> Session: Class initialized using 'CodeIgniter\Session\Handlers\FileHandler' driver.
INFO - 2023-02-24 13:26:50 --> CSRF cookie sent.
INFO - 2023-02-24 13:26:50 --> Session: Class initialized using 'CodeIgniter\Session\Handlers\FileHandler' driver.
INFO - 2023-02-24 13:26:59 --> CSRF cookie sent.
INFO - 2023-02-24 13:26:59 --> Session: Class initialized using 'CodeIgniter\Session\Handlers\FileHandler' driver.
INFO - 2023-02-24 13:27:16 --> CSRF cookie sent.
INFO - 2023-02-24 13:27:16 --> CSRF token verified.
INFO - 2023-02-24 13:27:16 --> Session: Class initialized using 'CodeIgniter\Session\Handlers\FileHandler' driver.
INFO - 2023-02-24 13:27:17 --> CSRF cookie sent.
INFO - 2023-02-24 13:27:17 --> Session: Class initialized using 'CodeIgniter\Session\Handlers\FileHandler' driver.
INFO - 2023-02-24 13:27:18 --> CSRF cookie sent.
INFO - 2023-02-24 13:27:18 --> Session: Class initialized using 'CodeIgniter\Session\Handlers\FileHandler' driver.
INFO - 2023-02-24 13:27:18 --> CSRF cookie sent.
INFO - 2023-02-24 13:27:18 --> Session: Class initialized using 'CodeIgniter\Session\Handlers\FileHandler' driver.
INFO - 2023-02-24 13:27:19 --> CSRF cookie sent.
INFO - 2023-02-24 13:27:19 --> Session: Class initialized using 'CodeIgniter\Session\Handlers\FileHandler' driver.
INFO - 2023-02-24 13:27:20 --> CSRF cookie sent.
INFO - 2023-02-24 13:27:20 --> Session: Class initialized using 'CodeIgniter\Session\Handlers\FileHandler' driver.
INFO - 2023-02-24 13:27:33 --> CSRF cookie sent.
INFO - 2023-02-24 13:27:33 --> Session: Class initialized using 'CodeIgniter\Session\Handlers\FileHandler' driver.
INFO - 2023-02-24 13:27:34 --> CSRF cookie sent.
INFO - 2023-02-24 13:27:34 --> Session: Class initialized using 'CodeIgniter\Session\Handlers\FileHandler' driver.
INFO - 2023-02-24 13:27:34 --> CSRF cookie sent.
INFO - 2023-02-24 13:27:34 --> Session: Class initialized using 'CodeIgniter\Session\Handlers\FileHandler' driver.
INFO - 2023-02-24 13:55:14 --> CSRF cookie sent.
INFO - 2023-02-24 13:55:14 --> CSRF token verified.
INFO - 2023-02-24 13:55:14 --> Session: Class initialized using 'CodeIgniter\Session\Handlers\FileHandler' driver.
INFO - 2023-02-24 13:55:14 --> CSRF cookie sent.
INFO - 2023-02-24 13:55:14 --> Session: Class initialized using 'CodeIgniter\Session\Handlers\FileHandler' driver.
INFO - 2023-02-24 13:55:25 --> CSRF cookie sent.
INFO - 2023-02-24 13:55:25 --> CSRF token verified.
INFO - 2023-02-24 13:55:25 --> Session: Class initialized using 'CodeIgniter\Session\Handlers\FileHandler' driver.
INFO - 2023-02-24 13:55:25 --> CSRF cookie sent.
INFO - 2023-02-24 13:55:25 --> Session: Class initialized using 'CodeIgniter\Session\Handlers\FileHandler' driver.
INFO - 2023-02-24 13:55:26 --> CSRF cookie sent.
INFO - 2023-02-24 13:55:26 --> Session: Class initialized using 'CodeIgniter\Session\Handlers\FileHandler' driver.
INFO - 2023-02-24 13:55:26 --> CSRF cookie sent.
INFO - 2023-02-24 13:55:26 --> Session: Class initialized using 'CodeIgniter\Session\Handlers\FileHandler' driver.
INFO - 2023-02-24 13:55:30 --> CSRF cookie sent.
INFO - 2023-02-24 13:55:30 --> Session: Class initialized using 'CodeIgniter\Session\Handlers\FileHandler' driver.
INFO - 2023-02-24 13:55:31 --> CSRF cookie sent.
INFO - 2023-02-24 13:55:31 --> Session: Class initialized using 'CodeIgniter\Session\Handlers\FileHandler' driver.
INFO - 2023-02-24 13:55:31 --> CSRF cookie sent.
INFO - 2023-02-24 13:55:31 --> Session: Class initialized using 'CodeIgniter\Session\Handlers\FileHandler' driver.
INFO - 2023-02-24 13:55:35 --> CSRF cookie sent.
INFO - 2023-02-24 13:55:35 --> Session: Class initialized using 'CodeIgniter\Session\Handlers\FileHandler' driver.
INFO - 2023-02-24 13:55:36 --> CSRF cookie sent.
INFO - 2023-02-24 13:55:36 --> Session: Class initialized using 'CodeIgniter\Session\Handlers\FileHandler' driver.
INFO - 2023-02-24 13:55:37 --> CSRF cookie sent.
INFO - 2023-02-24 13:55:37 --> Session: Class initialized using 'CodeIgniter\Session\Handlers\FileHandler' driver.
INFO - 2023-02-24 13:55:39 --> CSRF cookie sent.
INFO - 2023-02-24 13:55:39 --> Session: Class initialized using 'CodeIgniter\Session\Handlers\FileHandler' driver.
INFO - 2023-02-24 13:55:40 --> CSRF cookie sent.
INFO - 2023-02-24 13:55:40 --> Session: Class initialized using 'CodeIgniter\Session\Handlers\FileHandler' driver.
INFO - 2023-02-24 13:55:40 --> CSRF cookie sent.
INFO - 2023-02-24 13:55:40 --> Session: Class initialized using 'CodeIgniter\Session\Handlers\FileHandler' driver.
INFO - 2023-02-24 13:55:41 --> CSRF cookie sent.
INFO - 2023-02-24 13:55:41 --> Session: Class initialized using 'CodeIgniter\Session\Handlers\FileHandler' driver.
INFO - 2023-02-24 13:55:41 --> CSRF cookie sent.
INFO - 2023-02-24 13:55:42 --> Session: Class initialized using 'CodeIgniter\Session\Handlers\FileHandler' driver.
INFO - 2023-02-24 13:55:53 --> CSRF cookie sent.
INFO - 2023-02-24 13:55:53 --> CSRF token verified.
INFO - 2023-02-24 13:55:53 --> Session: Class initialized using 'CodeIgniter\Session\Handlers\FileHandler' driver.
INFO - 2023-02-24 13:55:54 --> CSRF cookie sent.
INFO - 2023-02-24 13:55:54 --> Session: Class initialized using 'CodeIgniter\Session\Handlers\FileHandler' driver.
INFO - 2023-02-24 13:55:55 --> CSRF cookie sent.
INFO - 2023-02-24 13:55:55 --> Session: Class initialized using 'CodeIgniter\Session\Handlers\FileHandler' driver.
INFO - 2023-02-24 13:55:55 --> CSRF cookie sent.
INFO - 2023-02-24 13:55:55 --> Session: Class initialized using 'CodeIgniter\Session\Handlers\FileHandler' driver.
INFO - 2023-02-24 13:56:00 --> CSRF cookie sent.
INFO - 2023-02-24 13:56:00 --> Session: Class initialized using 'CodeIgniter\Session\Handlers\FileHandler' driver.
INFO - 2023-02-24 13:56:01 --> CSRF cookie sent.
INFO - 2023-02-24 13:56:01 --> Session: Class initialized using 'CodeIgniter\Session\Handlers\FileHandler' driver.
INFO - 2023-02-24 13:56:09 --> CSRF cookie sent.
INFO - 2023-02-24 13:56:09 --> Session: Class initialized using 'CodeIgniter\Session\Handlers\FileHandler' driver.
INFO - 2023-02-24 13:56:10 --> CSRF cookie sent.
INFO - 2023-02-24 13:56:10 --> Session: Class initialized using 'CodeIgniter\Session\Handlers\FileHandler' driver.
INFO - 2023-02-24 13:56:10 --> CSRF cookie sent.
INFO - 2023-02-24 13:56:10 --> Session: Class initialized using 'CodeIgniter\Session\Handlers\FileHandler' driver.
INFO - 2023-02-24 13:59:12 --> CSRF cookie sent.
INFO - 2023-02-24 13:59:12 --> Session: Class initialized using 'CodeIgniter\Session\Handlers\FileHandler' driver.
INFO - 2023-02-24 13:59:16 --> CSRF cookie sent.
INFO - 2023-02-24 13:59:16 --> Session: Class initialized using 'CodeIgniter\Session\Handlers\FileHandler' driver.
INFO - 2023-02-24 13:59:27 --> CSRF cookie sent.
INFO - 2023-02-24 13:59:27 --> CSRF token verified.
INFO - 2023-02-24 13:59:27 --> Session: Class initialized using 'CodeIgniter\Session\Handlers\FileHandler' driver.
ERROR - 2023-02-24 13:59:30 --> mysqli_sql_exception: Subquery returns more than 1 row in /home/apdwms/public_html/system/Database/MySQLi/Connection.php:314
Stack trace:
#0 /home/apdwms/public_html/system/Database/MySQLi/Connection.php(314): mysqli->query()
#1 /home/apdwms/public_html/system/Database/BaseConnection.php(713): CodeIgniter\Database\MySQLi\Connection->execute()
#2 /home/apdwms/public_html/system/Database/BaseConnection.php(641): CodeIgniter\Database\BaseConnection->simpleQuery()
#3 /home/apdwms/public_html/system/Database/BaseBuilder.php(1866): CodeIgniter\Database\BaseConnection->query()
#4 /home/apdwms/public_html/cella/Models/Collections/ItemsModel.php(130): CodeIgniter\Database\BaseBuilder->get()
#5 /home/apdwms/public_html/cella/Controllers/Warehouse.php(237): CELLA\Models\Collections\ItemsModel->getReadyForLoadJobs()
#6 /home/apdwms/public_html/cella/Controllers/BaseController.php(532): CELLA\Controllers\Warehouse->collection()
#7 /home/apdwms/public_html/system/CodeIgniter.php(932): CELLA\Controllers\BaseController->_remap()
#8 /home/apdwms/public_html/system/CodeIgniter.php(432): CodeIgniter\CodeIgniter->runController()
#9 /home/apdwms/public_html/system/CodeIgniter.php(333): CodeIgniter\CodeIgniter->handleRequest()
#10 /home/apdwms/public_html/index.php(48): CodeIgniter\CodeIgniter->run()
#11 {main}
ERROR - 2023-02-24 13:59:30 --> error_sql:SELECT *
FROM `vw_jobs_for_dispatched_loads`
WHERE `load` = 'TIB230209'
INFO - 2023-02-24 13:59:31 --> CSRF cookie sent.
INFO - 2023-02-24 13:59:31 --> Session: Class initialized using 'CodeIgniter\Session\Handlers\FileHandler' driver.
INFO - 2023-02-24 13:59:35 --> CSRF cookie sent.
INFO - 2023-02-24 13:59:35 --> Session: Class initialized using 'CodeIgniter\Session\Handlers\FileHandler' driver.
INFO - 2023-02-24 13:59:35 --> CSRF cookie sent.
INFO - 2023-02-24 13:59:36 --> Session: Class initialized using 'CodeIgniter\Session\Handlers\FileHandler' driver.
INFO - 2023-02-24 13:59:36 --> CSRF cookie sent.
INFO - 2023-02-24 13:59:36 --> Session: Class initialized using 'CodeIgniter\Session\Handlers\FileHandler' driver.
INFO - 2023-02-24 13:59:37 --> CSRF cookie sent.
INFO - 2023-02-24 13:59:37 --> Session: Class initialized using 'CodeIgniter\Session\Handlers\FileHandler' driver.
INFO - 2023-02-24 13:59:39 --> CSRF cookie sent.
INFO - 2023-02-24 13:59:39 --> Session: Class initialized using 'CodeIgniter\Session\Handlers\FileHandler' driver.
INFO - 2023-02-24 13:59:41 --> CSRF cookie sent.
INFO - 2023-02-24 13:59:41 --> Session: Class initialized using 'CodeIgniter\Session\Handlers\FileHandler' driver.
INFO - 2023-02-24 14:00:07 --> CSRF cookie sent.
INFO - 2023-02-24 14:00:07 --> CSRF token verified.
INFO - 2023-02-24 14:00:07 --> Session: Class initialized using 'CodeIgniter\Session\Handlers\FileHandler' driver.
INFO - 2023-02-24 14:00:07 --> CSRF cookie sent.
INFO - 2023-02-24 14:00:07 --> Session: Class initialized using 'CodeIgniter\Session\Handlers\FileHandler' driver.
INFO - 2023-02-24 14:00:10 --> CSRF cookie sent.
INFO - 2023-02-24 14:00:10 --> Session: Class initialized using 'CodeIgniter\Session\Handlers\FileHandler' driver.
INFO - 2023-02-24 14:01:18 --> CSRF cookie sent.
INFO - 2023-02-24 14:01:18 --> CSRF token verified.
INFO - 2023-02-24 14:01:18 --> Session: Class initialized using 'CodeIgniter\Session\Handlers\FileHandler' driver.
INFO - 2023-02-24 14:01:19 --> CSRF cookie sent.
INFO - 2023-02-24 14:01:19 --> Session: Class initialized using 'CodeIgniter\Session\Handlers\FileHandler' driver.
INFO - 2023-02-24 14:01:21 --> CSRF cookie sent.
INFO - 2023-02-24 14:01:21 --> Session: Class initialized using 'CodeIgniter\Session\Handlers\FileHandler' driver.
INFO - 2023-02-24 14:01:24 --> CSRF cookie sent.
INFO - 2023-02-24 14:01:24 --> CSRF token verified.
INFO - 2023-02-24 14:01:24 --> Session: Class initialized using 'CodeIgniter\Session\Handlers\FileHandler' driver.
INFO - 2023-02-24 14:01:24 --> CSRF cookie sent.
INFO - 2023-02-24 14:01:24 --> Session: Class initialized using 'CodeIgniter\Session\Handlers\FileHandler' driver.
INFO - 2023-02-24 14:01:26 --> CSRF cookie sent.
INFO - 2023-02-24 14:01:26 --> Session: Class initialized using 'CodeIgniter\Session\Handlers\FileHandler' driver.
INFO - 2023-02-24 14:29:46 --> CSRF cookie sent.
INFO - 2023-02-24 14:29:46 --> CSRF token verified.
INFO - 2023-02-24 14:29:46 --> Session: Class initialized using 'CodeIgniter\Session\Handlers\FileHandler' driver.
INFO - 2023-02-24 14:29:47 --> CSRF cookie sent.
INFO - 2023-02-24 14:29:47 --> Session: Class initialized using 'CodeIgniter\Session\Handlers\FileHandler' driver.
INFO - 2023-02-24 14:29:47 --> CSRF cookie sent.
INFO - 2023-02-24 14:29:47 --> Session: Class initialized using 'CodeIgniter\Session\Handlers\FileHandler' driver.
INFO - 2023-02-24 14:29:48 --> CSRF cookie sent.
INFO - 2023-02-24 14:29:48 --> Session: Class initialized using 'CodeIgniter\Session\Handlers\FileHandler' driver.
INFO - 2023-02-24 14:29:48 --> CSRF cookie sent.
INFO - 2023-02-24 14:29:48 --> Session: Class initialized using 'CodeIgniter\Session\Handlers\FileHandler' driver.
INFO - 2023-02-24 14:29:56 --> CSRF cookie sent.
INFO - 2023-02-24 14:29:56 --> Session: Class initialized using 'CodeIgniter\Session\Handlers\FileHandler' driver.
INFO - 2023-02-24 14:29:56 --> CSRF cookie sent.
INFO - 2023-02-24 14:29:56 --> Session: Class initialized using 'CodeIgniter\Session\Handlers\FileHandler' driver.
INFO - 2023-02-24 14:30:01 --> CSRF cookie sent.
INFO - 2023-02-24 14:30:01 --> Session: Class initialized using 'CodeIgniter\Session\Handlers\FileHandler' driver.
INFO - 2023-02-24 14:30:45 --> CSRF cookie sent.
INFO - 2023-02-24 14:30:45 --> CSRF token verified.
INFO - 2023-02-24 14:30:45 --> Session: Class initialized using 'CodeIgniter\Session\Handlers\FileHandler' driver.
INFO - 2023-02-24 14:30:46 --> CSRF cookie sent.
INFO - 2023-02-24 14:30:46 --> Session: Class initialized using 'CodeIgniter\Session\Handlers\FileHandler' driver.
INFO - 2023-02-24 14:30:48 --> CSRF cookie sent.
INFO - 2023-02-24 14:30:48 --> Session: Class initialized using 'CodeIgniter\Session\Handlers\FileHandler' driver.
INFO - 2023-02-24 14:30:48 --> CSRF cookie sent.
INFO - 2023-02-24 14:30:48 --> Session: Class initialized using 'CodeIgniter\Session\Handlers\FileHandler' driver.
INFO - 2023-02-24 14:30:48 --> CSRF cookie sent.
INFO - 2023-02-24 14:30:48 --> Session: Class initialized using 'CodeIgniter\Session\Handlers\FileHandler' driver.
INFO - 2023-02-24 14:30:49 --> CSRF cookie sent.
INFO - 2023-02-24 14:30:49 --> Session: Class initialized using 'CodeIgniter\Session\Handlers\FileHandler' driver.
INFO - 2023-02-24 14:30:51 --> CSRF cookie sent.
INFO - 2023-02-24 14:30:51 --> Session: Class initialized using 'CodeIgniter\Session\Handlers\FileHandler' driver.
INFO - 2023-02-24 14:31:13 --> CSRF cookie sent.
INFO - 2023-02-24 14:31:13 --> Session: Class initialized using 'CodeIgniter\Session\Handlers\FileHandler' driver.
INFO - 2023-02-24 14:31:14 --> CSRF cookie sent.
INFO - 2023-02-24 14:31:14 --> Session: Class initialized using 'CodeIgniter\Session\Handlers\FileHandler' driver.
INFO - 2023-02-24 14:31:14 --> CSRF cookie sent.
INFO - 2023-02-24 14:31:14 --> Session: Class initialized using 'CodeIgniter\Session\Handlers\FileHandler' driver.
INFO - 2023-02-24 14:31:15 --> CSRF cookie sent.
INFO - 2023-02-24 14:31:15 --> Session: Class initialized using 'CodeIgniter\Session\Handlers\FileHandler' driver.
INFO - 2023-02-24 14:31:22 --> CSRF cookie sent.
INFO - 2023-02-24 14:31:22 --> Session: Class initialized using 'CodeIgniter\Session\Handlers\FileHandler' driver.
INFO - 2023-02-24 14:31:23 --> CSRF cookie sent.
INFO - 2023-02-24 14:31:23 --> Session: Class initialized using 'CodeIgniter\Session\Handlers\FileHandler' driver.
INFO - 2023-02-24 14:31:29 --> CSRF cookie sent.
INFO - 2023-02-24 14:31:29 --> Session: Class initialized using 'CodeIgniter\Session\Handlers\FileHandler' driver.
INFO - 2023-02-24 14:31:52 --> CSRF cookie sent.
INFO - 2023-02-24 14:31:52 --> CSRF token verified.
INFO - 2023-02-24 14:31:52 --> Session: Class initialized using 'CodeIgniter\Session\Handlers\FileHandler' driver.
INFO - 2023-02-24 14:31:52 --> CSRF cookie sent.
INFO - 2023-02-24 14:31:52 --> Session: Class initialized using 'CodeIgniter\Session\Handlers\FileHandler' driver.
INFO - 2023-02-24 14:31:54 --> CSRF cookie sent.
INFO - 2023-02-24 14:31:54 --> Session: Class initialized using 'CodeIgniter\Session\Handlers\FileHandler' driver.
INFO - 2023-02-24 14:31:54 --> CSRF cookie sent.
INFO - 2023-02-24 14:31:54 --> Session: Class initialized using 'CodeIgniter\Session\Handlers\FileHandler' driver.
INFO - 2023-02-24 14:31:55 --> CSRF cookie sent.
INFO - 2023-02-24 14:31:55 --> Session: Class initialized using 'CodeIgniter\Session\Handlers\FileHandler' driver.
INFO - 2023-02-24 14:31:55 --> CSRF cookie sent.
INFO - 2023-02-24 14:31:55 --> Session: Class initialized using 'CodeIgniter\Session\Handlers\FileHandler' driver.
INFO - 2023-02-24 14:31:56 --> CSRF cookie sent.
INFO - 2023-02-24 14:31:56 --> Session: Class initialized using 'CodeIgniter\Session\Handlers\FileHandler' driver.
INFO - 2023-02-24 14:32:20 --> CSRF cookie sent.
INFO - 2023-02-24 14:32:20 --> Session: Class initialized using 'CodeIgniter\Session\Handlers\FileHandler' driver.
INFO - 2023-02-24 14:32:21 --> CSRF cookie sent.
INFO - 2023-02-24 14:32:21 --> Session: Class initialized using 'CodeIgniter\Session\Handlers\FileHandler' driver.
INFO - 2023-02-24 14:32:22 --> CSRF cookie sent.
INFO - 2023-02-24 14:32:22 --> Session: Class initialized using 'CodeIgniter\Session\Handlers\FileHandler' driver.
INFO - 2023-02-24 14:32:27 --> CSRF cookie sent.
INFO - 2023-02-24 14:32:27 --> Session: Class initialized using 'CodeIgniter\Session\Handlers\FileHandler' driver.
INFO - 2023-02-24 14:32:28 --> CSRF cookie sent.
INFO - 2023-02-24 14:32:28 --> Session: Class initialized using 'CodeIgniter\Session\Handlers\FileHandler' driver.
INFO - 2023-02-24 14:32:28 --> CSRF cookie sent.
INFO - 2023-02-24 14:32:28 --> Session: Class initialized using 'CodeIgniter\Session\Handlers\FileHandler' driver.
INFO - 2023-02-24 14:32:31 --> CSRF cookie sent.
INFO - 2023-02-24 14:32:31 --> Session: Class initialized using 'CodeIgniter\Session\Handlers\FileHandler' driver.
INFO - 2023-02-24 14:32:38 --> CSRF cookie sent.
INFO - 2023-02-24 14:32:38 --> Session: Class initialized using 'CodeIgniter\Session\Handlers\FileHandler' driver.
INFO - 2023-02-24 14:32:38 --> CSRF cookie sent.
INFO - 2023-02-24 14:32:38 --> Session: Class initialized using 'CodeIgniter\Session\Handlers\FileHandler' driver.
INFO - 2023-02-24 14:32:48 --> CSRF cookie sent.
INFO - 2023-02-24 14:32:48 --> CSRF token verified.
INFO - 2023-02-24 14:32:48 --> Session: Class initialized using 'CodeIgniter\Session\Handlers\FileHandler' driver.
INFO - 2023-02-24 14:32:48 --> CSRF cookie sent.
INFO - 2023-02-24 14:32:48 --> Session: Class initialized using 'CodeIgniter\Session\Handlers\FileHandler' driver.
INFO - 2023-02-24 14:32:49 --> CSRF cookie sent.
INFO - 2023-02-24 14:32:49 --> Session: Class initialized using 'CodeIgniter\Session\Handlers\FileHandler' driver.
INFO - 2023-02-24 14:32:50 --> CSRF cookie sent.
INFO - 2023-02-24 14:32:50 --> Session: Class initialized using 'CodeIgniter\Session\Handlers\FileHandler' driver.
INFO - 2023-02-24 14:32:50 --> CSRF cookie sent.
INFO - 2023-02-24 14:32:50 --> Session: Class initialized using 'CodeIgniter\Session\Handlers\FileHandler' driver.
INFO - 2023-02-24 14:32:54 --> CSRF cookie sent.
INFO - 2023-02-24 14:32:54 --> Session: Class initialized using 'CodeIgniter\Session\Handlers\FileHandler' driver.
INFO - 2023-02-24 14:32:54 --> CSRF cookie sent.
INFO - 2023-02-24 14:32:54 --> Session: Class initialized using 'CodeIgniter\Session\Handlers\FileHandler' driver.
INFO - 2023-02-24 14:39:50 --> CSRF cookie sent.
INFO - 2023-02-24 14:39:50 --> Session: Class initialized using 'CodeIgniter\Session\Handlers\FileHandler' driver.
INFO - 2023-02-24 14:39:51 --> CSRF cookie sent.
INFO - 2023-02-24 14:39:51 --> Session: Class initialized using 'CodeIgniter\Session\Handlers\FileHandler' driver.
INFO - 2023-02-24 14:39:52 --> CSRF cookie sent.
INFO - 2023-02-24 14:39:52 --> Session: Class initialized using 'CodeIgniter\Session\Handlers\FileHandler' driver.
INFO - 2023-02-24 14:39:53 --> CSRF cookie sent.
INFO - 2023-02-24 14:39:53 --> Session: Class initialized using 'CodeIgniter\Session\Handlers\FileHandler' driver.
INFO - 2023-02-24 14:39:57 --> CSRF cookie sent.
INFO - 2023-02-24 14:40:00 --> Session: Class initialized using 'CodeIgniter\Session\Handlers\FileHandler' driver.
INFO - 2023-02-24 14:40:02 --> CSRF cookie sent.
INFO - 2023-02-24 14:40:07 --> Session: Class initialized using 'CodeIgniter\Session\Handlers\FileHandler' driver.
INFO - 2023-02-24 14:40:09 --> CSRF cookie sent.
INFO - 2023-02-24 14:40:13 --> Session: Class initialized using 'CodeIgniter\Session\Handlers\FileHandler' driver.
INFO - 2023-02-24 14:40:14 --> CSRF cookie sent.
INFO - 2023-02-24 14:40:14 --> Session: Class initialized using 'CodeIgniter\Session\Handlers\FileHandler' driver.
INFO - 2023-02-24 14:40:14 --> CSRF cookie sent.
INFO - 2023-02-24 14:40:14 --> Session: Class initialized using 'CodeIgniter\Session\Handlers\FileHandler' driver.
INFO - 2023-02-24 14:40:55 --> CSRF cookie sent.
INFO - 2023-02-24 14:40:55 --> Session: Class initialized using 'CodeIgniter\Session\Handlers\FileHandler' driver.
INFO - 2023-02-24 14:41:03 --> CSRF cookie sent.
INFO - 2023-02-24 14:41:03 --> Session: Class initialized using 'CodeIgniter\Session\Handlers\FileHandler' driver.
INFO - 2023-02-24 14:41:03 --> CSRF cookie sent.
INFO - 2023-02-24 14:41:03 --> Session: Class initialized using 'CodeIgniter\Session\Handlers\FileHandler' driver.
INFO - 2023-02-24 14:41:27 --> CSRF cookie sent.
INFO - 2023-02-24 14:41:27 --> Session: Class initialized using 'CodeIgniter\Session\Handlers\FileHandler' driver.
INFO - 2023-02-24 14:42:02 --> CSRF cookie sent.
INFO - 2023-02-24 14:42:02 --> CSRF token verified.
INFO - 2023-02-24 14:42:02 --> Session: Class initialized using 'CodeIgniter\Session\Handlers\FileHandler' driver.
INFO - 2023-02-24 14:42:03 --> CSRF cookie sent.
INFO - 2023-02-24 14:42:03 --> Session: Class initialized using 'CodeIgniter\Session\Handlers\FileHandler' driver.
INFO - 2023-02-24 14:42:05 --> CSRF cookie sent.
INFO - 2023-02-24 14:42:05 --> Session: Class initialized using 'CodeIgniter\Session\Handlers\FileHandler' driver.
INFO - 2023-02-24 14:42:05 --> CSRF cookie sent.
INFO - 2023-02-24 14:42:05 --> Session: Class initialized using 'CodeIgniter\Session\Handlers\FileHandler' driver.
INFO - 2023-02-24 14:42:06 --> CSRF cookie sent.
INFO - 2023-02-24 14:42:06 --> Session: Class initialized using 'CodeIgniter\Session\Handlers\FileHandler' driver.
INFO - 2023-02-24 14:42:07 --> CSRF cookie sent.
INFO - 2023-02-24 14:42:07 --> Session: Class initialized using 'CodeIgniter\Session\Handlers\FileHandler' driver.
INFO - 2023-02-24 14:42:08 --> CSRF cookie sent.
INFO - 2023-02-24 14:42:08 --> Session: Class initialized using 'CodeIgniter\Session\Handlers\FileHandler' driver.
INFO - 2023-02-24 14:52:07 --> CSRF cookie sent.
INFO - 2023-02-24 14:52:07 --> Session: Class initialized using 'CodeIgniter\Session\Handlers\FileHandler' driver.
INFO - 2023-02-24 14:52:07 --> CSRF cookie sent.
INFO - 2023-02-24 14:52:07 --> Session: Class initialized using 'CodeIgniter\Session\Handlers\FileHandler' driver.
INFO - 2023-02-24 14:52:08 --> CSRF cookie sent.
INFO - 2023-02-24 14:52:08 --> Session: Class initialized using 'CodeIgniter\Session\Handlers\FileHandler' driver.
INFO - 2023-02-24 15:44:04 --> CSRF cookie sent.
INFO - 2023-02-24 15:44:04 --> CSRF token verified.
INFO - 2023-02-24 15:44:04 --> Session: Class initialized using 'CodeIgniter\Session\Handlers\FileHandler' driver.
INFO - 2023-02-24 15:44:05 --> CSRF cookie sent.
INFO - 2023-02-24 15:44:05 --> Session: Class initialized using 'CodeIgniter\Session\Handlers\FileHandler' driver.
INFO - 2023-02-24 15:44:06 --> CSRF cookie sent.
INFO - 2023-02-24 15:44:06 --> Session: Class initialized using 'CodeIgniter\Session\Handlers\FileHandler' driver.
INFO - 2023-02-24 15:44:06 --> CSRF cookie sent.
INFO - 2023-02-24 15:44:06 --> Session: Class initialized using 'CodeIgniter\Session\Handlers\FileHandler' driver.
INFO - 2023-02-24 15:44:09 --> CSRF cookie sent.
INFO - 2023-02-24 15:44:09 --> Session: Class initialized using 'CodeIgniter\Session\Handlers\FileHandler' driver.
INFO - 2023-02-24 15:44:16 --> CSRF cookie sent.
INFO - 2023-02-24 15:44:16 --> Session: Class initialized using 'CodeIgniter\Session\Handlers\FileHandler' driver.
INFO - 2023-02-24 15:44:17 --> CSRF cookie sent.
INFO - 2023-02-24 15:44:17 --> Session: Class initialized using 'CodeIgniter\Session\Handlers\FileHandler' driver.
INFO - 2023-02-24 15:44:18 --> CSRF cookie sent.
INFO - 2023-02-24 15:44:18 --> Session: Class initialized using 'CodeIgniter\Session\Handlers\FileHandler' driver.
INFO - 2023-02-24 15:45:10 --> CSRF cookie sent.
INFO - 2023-02-24 15:45:10 --> CSRF token verified.
INFO - 2023-02-24 15:45:10 --> Session: Class initialized using 'CodeIgniter\Session\Handlers\FileHandler' driver.
INFO - 2023-02-24 15:45:11 --> CSRF cookie sent.
INFO - 2023-02-24 15:45:11 --> Session: Class initialized using 'CodeIgniter\Session\Handlers\FileHandler' driver.
INFO - 2023-02-24 15:45:13 --> CSRF cookie sent.
INFO - 2023-02-24 15:45:13 --> Session: Class initialized using 'CodeIgniter\Session\Handlers\FileHandler' driver.
INFO - 2023-02-24 15:45:13 --> CSRF cookie sent.
INFO - 2023-02-24 15:45:13 --> Session: Class initialized using 'CodeIgniter\Session\Handlers\FileHandler' driver.
INFO - 2023-02-24 15:45:14 --> CSRF cookie sent.
INFO - 2023-02-24 15:45:14 --> Session: Class initialized using 'CodeIgniter\Session\Handlers\FileHandler' driver.
INFO - 2023-02-24 15:45:14 --> CSRF cookie sent.
INFO - 2023-02-24 15:45:14 --> Session: Class initialized using 'CodeIgniter\Session\Handlers\FileHandler' driver.
INFO - 2023-02-24 15:45:18 --> CSRF cookie sent.
INFO - 2023-02-24 15:45:18 --> Session: Class initialized using 'CodeIgniter\Session\Handlers\FileHandler' driver.
INFO - 2023-02-24 15:45:44 --> CSRF cookie sent.
INFO - 2023-02-24 15:45:44 --> Session: Class initialized using 'CodeIgniter\Session\Handlers\FileHandler' driver.
INFO - 2023-02-24 15:45:45 --> CSRF cookie sent.
INFO - 2023-02-24 15:45:45 --> Session: Class initialized using 'CodeIgniter\Session\Handlers\FileHandler' driver.
INFO - 2023-02-24 15:45:45 --> CSRF cookie sent.
INFO - 2023-02-24 15:45:45 --> Session: Class initialized using 'CodeIgniter\Session\Handlers\FileHandler' driver.
INFO - 2023-02-24 15:45:46 --> CSRF cookie sent.
INFO - 2023-02-24 15:45:46 --> Session: Class initialized using 'CodeIgniter\Session\Handlers\FileHandler' driver.
INFO - 2023-02-24 15:45:53 --> CSRF cookie sent.
INFO - 2023-02-24 15:45:53 --> Session: Class initialized using 'CodeIgniter\Session\Handlers\FileHandler' driver.
INFO - 2023-02-24 15:45:53 --> CSRF cookie sent.
INFO - 2023-02-24 15:45:53 --> Session: Class initialized using 'CodeIgniter\Session\Handlers\FileHandler' driver.
INFO - 2023-02-24 15:45:55 --> CSRF cookie sent.
INFO - 2023-02-24 15:45:55 --> Session: Class initialized using 'CodeIgniter\Session\Handlers\FileHandler' driver.
INFO - 2023-02-24 15:46:14 --> CSRF cookie sent.
INFO - 2023-02-24 15:46:14 --> CSRF token verified.
INFO - 2023-02-24 15:46:14 --> Session: Class initialized using 'CodeIgniter\Session\Handlers\FileHandler' driver.
INFO - 2023-02-24 15:46:14 --> CSRF cookie sent.
INFO - 2023-02-24 15:46:14 --> Session: Class initialized using 'CodeIgniter\Session\Handlers\FileHandler' driver.
INFO - 2023-02-24 15:46:16 --> CSRF cookie sent.
INFO - 2023-02-24 15:46:16 --> Session: Class initialized using 'CodeIgniter\Session\Handlers\FileHandler' driver.
INFO - 2023-02-24 15:46:16 --> CSRF cookie sent.
INFO - 2023-02-24 15:46:16 --> Session: Class initialized using 'CodeIgniter\Session\Handlers\FileHandler' driver.
INFO - 2023-02-24 15:46:16 --> CSRF cookie sent.
INFO - 2023-02-24 15:46:16 --> Session: Class initialized using 'CodeIgniter\Session\Handlers\FileHandler' driver.
INFO - 2023-02-24 15:46:17 --> CSRF cookie sent.
INFO - 2023-02-24 15:46:17 --> Session: Class initialized using 'CodeIgniter\Session\Handlers\FileHandler' driver.
INFO - 2023-02-24 15:46:18 --> CSRF cookie sent.
INFO - 2023-02-24 15:46:18 --> Session: Class initialized using 'CodeIgniter\Session\Handlers\FileHandler' driver.
INFO - 2023-02-24 15:46:35 --> CSRF cookie sent.
INFO - 2023-02-24 15:46:35 --> Session: Class initialized using 'CodeIgniter\Session\Handlers\FileHandler' driver.
INFO - 2023-02-24 15:46:35 --> CSRF cookie sent.
INFO - 2023-02-24 15:46:35 --> Session: Class initialized using 'CodeIgniter\Session\Handlers\FileHandler' driver.
INFO - 2023-02-24 15:46:35 --> CSRF cookie sent.
INFO - 2023-02-24 15:46:35 --> Session: Class initialized using 'CodeIgniter\Session\Handlers\FileHandler' driver.
