INFO - 2022-01-20 08:34:13 --> CSRF cookie sent.
INFO - 2022-01-20 08:34:13 --> Session: Class initialized using 'CodeIgniter\Session\Handlers\FileHandler' driver.
INFO - 2022-01-20 08:34:15 --> CSRF cookie sent.
INFO - 2022-01-20 08:34:15 --> Session: Class initialized using 'CodeIgniter\Session\Handlers\FileHandler' driver.
INFO - 2022-01-20 08:34:26 --> CSRF cookie sent.
INFO - 2022-01-20 08:34:26 --> CSRF token verified.
INFO - 2022-01-20 08:34:26 --> Session: Class initialized using 'CodeIgniter\Session\Handlers\FileHandler' driver.
INFO - 2022-01-20 08:34:28 --> CSRF cookie sent.
INFO - 2022-01-20 08:34:28 --> Session: Class initialized using 'CodeIgniter\Session\Handlers\FileHandler' driver.
INFO - 2022-01-20 08:34:30 --> CSRF cookie sent.
INFO - 2022-01-20 08:34:30 --> Session: Class initialized using 'CodeIgniter\Session\Handlers\FileHandler' driver.
INFO - 2022-01-20 08:34:31 --> CSRF cookie sent.
INFO - 2022-01-20 08:34:31 --> Session: Class initialized using 'CodeIgniter\Session\Handlers\FileHandler' driver.
INFO - 2022-01-20 08:36:25 --> CSRF cookie sent.
INFO - 2022-01-20 08:36:25 --> CSRF token verified.
INFO - 2022-01-20 08:36:25 --> Session: Class initialized using 'CodeIgniter\Session\Handlers\FileHandler' driver.
INFO - 2022-01-20 08:36:25 --> CSRF cookie sent.
INFO - 2022-01-20 08:36:25 --> Session: Class initialized using 'CodeIgniter\Session\Handlers\FileHandler' driver.
INFO - 2022-01-20 08:36:26 --> CSRF cookie sent.
INFO - 2022-01-20 08:36:26 --> Session: Class initialized using 'CodeIgniter\Session\Handlers\FileHandler' driver.
INFO - 2022-01-20 08:38:28 --> CSRF cookie sent.
INFO - 2022-01-20 08:38:28 --> Session: Class initialized using 'CodeIgniter\Session\Handlers\FileHandler' driver.
INFO - 2022-01-20 08:38:28 --> CSRF cookie sent.
INFO - 2022-01-20 08:38:28 --> Session: Class initialized using 'CodeIgniter\Session\Handlers\FileHandler' driver.
INFO - 2022-01-20 08:38:35 --> CSRF cookie sent.
INFO - 2022-01-20 08:38:35 --> CSRF token verified.
INFO - 2022-01-20 08:38:35 --> Session: Class initialized using 'CodeIgniter\Session\Handlers\FileHandler' driver.
INFO - 2022-01-20 08:38:36 --> CSRF cookie sent.
INFO - 2022-01-20 08:38:36 --> Session: Class initialized using 'CodeIgniter\Session\Handlers\FileHandler' driver.
INFO - 2022-01-20 08:38:36 --> CSRF cookie sent.
INFO - 2022-01-20 08:38:36 --> Session: Class initialized using 'CodeIgniter\Session\Handlers\FileHandler' driver.
INFO - 2022-01-20 10:46:20 --> Session: Class initialized using 'CodeIgniter\Session\Handlers\FileHandler' driver.
INFO - 2022-01-20 10:46:21 --> CSRF cookie sent.
INFO - 2022-01-20 10:46:21 --> Session: Class initialized using 'CodeIgniter\Session\Handlers\FileHandler' driver.
INFO - 2022-01-20 10:46:21 --> CSRF cookie sent.
INFO - 2022-01-20 10:46:21 --> Session: Class initialized using 'CodeIgniter\Session\Handlers\FileHandler' driver.
INFO - 2022-01-20 10:46:30 --> CSRF cookie sent.
INFO - 2022-01-20 10:46:30 --> CSRF token verified.
INFO - 2022-01-20 10:46:30 --> Session: Class initialized using 'CodeIgniter\Session\Handlers\FileHandler' driver.
INFO - 2022-01-20 10:46:31 --> CSRF cookie sent.
INFO - 2022-01-20 10:46:31 --> Session: Class initialized using 'CodeIgniter\Session\Handlers\FileHandler' driver.
INFO - 2022-01-20 10:46:33 --> CSRF cookie sent.
INFO - 2022-01-20 10:46:33 --> Session: Class initialized using 'CodeIgniter\Session\Handlers\FileHandler' driver.
INFO - 2022-01-20 10:46:33 --> CSRF cookie sent.
INFO - 2022-01-20 10:46:33 --> Session: Class initialized using 'CodeIgniter\Session\Handlers\FileHandler' driver.
INFO - 2022-01-20 10:46:33 --> CSRF cookie sent.
INFO - 2022-01-20 10:46:33 --> Session: Class initialized using 'CodeIgniter\Session\Handlers\FileHandler' driver.
INFO - 2022-01-20 10:46:34 --> CSRF cookie sent.
INFO - 2022-01-20 10:46:34 --> Session: Class initialized using 'CodeIgniter\Session\Handlers\FileHandler' driver.
INFO - 2022-01-20 10:46:34 --> CSRF cookie sent.
INFO - 2022-01-20 10:46:34 --> Session: Class initialized using 'CodeIgniter\Session\Handlers\FileHandler' driver.
INFO - 2022-01-20 10:46:37 --> CSRF cookie sent.
INFO - 2022-01-20 10:46:37 --> Session: Class initialized using 'CodeIgniter\Session\Handlers\FileHandler' driver.
INFO - 2022-01-20 10:46:38 --> CSRF cookie sent.
INFO - 2022-01-20 10:46:38 --> Session: Class initialized using 'CodeIgniter\Session\Handlers\FileHandler' driver.
INFO - 2022-01-20 10:46:39 --> CSRF cookie sent.
INFO - 2022-01-20 10:46:39 --> Session: Class initialized using 'CodeIgniter\Session\Handlers\FileHandler' driver.
INFO - 2022-01-20 10:46:48 --> CSRF cookie sent.
INFO - 2022-01-20 10:46:48 --> Session: Class initialized using 'CodeIgniter\Session\Handlers\FileHandler' driver.
INFO - 2022-01-20 10:47:11 --> CSRF cookie sent.
INFO - 2022-01-20 10:47:11 --> CSRF token verified.
INFO - 2022-01-20 10:47:11 --> Session: Class initialized using 'CodeIgniter\Session\Handlers\FileHandler' driver.
INFO - 2022-01-20 10:47:12 --> CSRF cookie sent.
INFO - 2022-01-20 10:47:12 --> Session: Class initialized using 'CodeIgniter\Session\Handlers\FileHandler' driver.
INFO - 2022-01-20 10:47:13 --> CSRF cookie sent.
INFO - 2022-01-20 10:47:13 --> Session: Class initialized using 'CodeIgniter\Session\Handlers\FileHandler' driver.
INFO - 2022-01-20 10:47:14 --> CSRF cookie sent.
INFO - 2022-01-20 10:47:14 --> Session: Class initialized using 'CodeIgniter\Session\Handlers\FileHandler' driver.
INFO - 2022-01-20 10:47:15 --> CSRF cookie sent.
INFO - 2022-01-20 10:47:15 --> Session: Class initialized using 'CodeIgniter\Session\Handlers\FileHandler' driver.
INFO - 2022-01-20 10:47:15 --> CSRF cookie sent.
INFO - 2022-01-20 10:47:15 --> Session: Class initialized using 'CodeIgniter\Session\Handlers\FileHandler' driver.
INFO - 2022-01-20 10:47:15 --> CSRF cookie sent.
INFO - 2022-01-20 10:47:15 --> Session: Class initialized using 'CodeIgniter\Session\Handlers\FileHandler' driver.
INFO - 2022-01-20 10:47:16 --> CSRF cookie sent.
INFO - 2022-01-20 10:47:16 --> Session: Class initialized using 'CodeIgniter\Session\Handlers\FileHandler' driver.
INFO - 2022-01-20 10:47:17 --> CSRF cookie sent.
INFO - 2022-01-20 10:47:17 --> Session: Class initialized using 'CodeIgniter\Session\Handlers\FileHandler' driver.
INFO - 2022-01-20 10:47:18 --> CSRF cookie sent.
INFO - 2022-01-20 10:47:18 --> Session: Class initialized using 'CodeIgniter\Session\Handlers\FileHandler' driver.
INFO - 2022-01-20 10:47:20 --> CSRF cookie sent.
INFO - 2022-01-20 10:47:20 --> Session: Class initialized using 'CodeIgniter\Session\Handlers\FileHandler' driver.
INFO - 2022-01-20 10:47:21 --> CSRF cookie sent.
INFO - 2022-01-20 10:47:21 --> Session: Class initialized using 'CodeIgniter\Session\Handlers\FileHandler' driver.
INFO - 2022-01-20 10:47:25 --> CSRF cookie sent.
INFO - 2022-01-20 10:47:25 --> Session: Class initialized using 'CodeIgniter\Session\Handlers\FileHandler' driver.
INFO - 2022-01-20 10:47:26 --> CSRF cookie sent.
INFO - 2022-01-20 10:47:26 --> Session: Class initialized using 'CodeIgniter\Session\Handlers\FileHandler' driver.
INFO - 2022-01-20 10:47:26 --> CSRF cookie sent.
INFO - 2022-01-20 10:47:26 --> Session: Class initialized using 'CodeIgniter\Session\Handlers\FileHandler' driver.
INFO - 2022-01-20 10:47:29 --> CSRF cookie sent.
INFO - 2022-01-20 10:47:29 --> Session: Class initialized using 'CodeIgniter\Session\Handlers\FileHandler' driver.
INFO - 2022-01-20 10:47:30 --> CSRF cookie sent.
INFO - 2022-01-20 10:47:30 --> Session: Class initialized using 'CodeIgniter\Session\Handlers\FileHandler' driver.
INFO - 2022-01-20 10:47:42 --> CSRF cookie sent.
INFO - 2022-01-20 10:47:42 --> Session: Class initialized using 'CodeIgniter\Session\Handlers\FileHandler' driver.
INFO - 2022-01-20 10:50:03 --> CSRF cookie sent.
INFO - 2022-01-20 10:50:03 --> Session: Class initialized using 'CodeIgniter\Session\Handlers\FileHandler' driver.
INFO - 2022-01-20 10:50:04 --> CSRF cookie sent.
INFO - 2022-01-20 10:50:04 --> Session: Class initialized using 'CodeIgniter\Session\Handlers\FileHandler' driver.
INFO - 2022-01-20 10:50:04 --> CSRF cookie sent.
INFO - 2022-01-20 10:50:04 --> Session: Class initialized using 'CodeIgniter\Session\Handlers\FileHandler' driver.
INFO - 2022-01-20 10:50:07 --> CSRF cookie sent.
INFO - 2022-01-20 10:50:07 --> Session: Class initialized using 'CodeIgniter\Session\Handlers\FileHandler' driver.
INFO - 2022-01-20 10:50:08 --> CSRF cookie sent.
INFO - 2022-01-20 10:50:08 --> Session: Class initialized using 'CodeIgniter\Session\Handlers\FileHandler' driver.
INFO - 2022-01-20 10:50:09 --> CSRF cookie sent.
INFO - 2022-01-20 10:50:09 --> Session: Class initialized using 'CodeIgniter\Session\Handlers\FileHandler' driver.
INFO - 2022-01-20 10:50:13 --> CSRF cookie sent.
INFO - 2022-01-20 10:50:13 --> Session: Class initialized using 'CodeIgniter\Session\Handlers\FileHandler' driver.
INFO - 2022-01-20 10:50:34 --> CSRF cookie sent.
INFO - 2022-01-20 10:50:34 --> CSRF token verified.
INFO - 2022-01-20 10:50:34 --> Session: Class initialized using 'CodeIgniter\Session\Handlers\FileHandler' driver.
INFO - 2022-01-20 10:50:34 --> CSRF cookie sent.
INFO - 2022-01-20 10:50:34 --> Session: Class initialized using 'CodeIgniter\Session\Handlers\FileHandler' driver.
INFO - 2022-01-20 10:50:35 --> CSRF cookie sent.
INFO - 2022-01-20 10:50:35 --> Session: Class initialized using 'CodeIgniter\Session\Handlers\FileHandler' driver.
INFO - 2022-01-20 10:50:36 --> CSRF cookie sent.
INFO - 2022-01-20 10:50:36 --> Session: Class initialized using 'CodeIgniter\Session\Handlers\FileHandler' driver.
INFO - 2022-01-20 10:50:39 --> CSRF cookie sent.
INFO - 2022-01-20 10:50:39 --> Session: Class initialized using 'CodeIgniter\Session\Handlers\FileHandler' driver.
INFO - 2022-01-20 10:50:39 --> CSRF cookie sent.
INFO - 2022-01-20 10:50:39 --> Session: Class initialized using 'CodeIgniter\Session\Handlers\FileHandler' driver.
INFO - 2022-01-20 10:50:39 --> CSRF cookie sent.
INFO - 2022-01-20 10:50:39 --> Session: Class initialized using 'CodeIgniter\Session\Handlers\FileHandler' driver.
INFO - 2022-01-20 10:50:40 --> CSRF cookie sent.
INFO - 2022-01-20 10:50:40 --> Session: Class initialized using 'CodeIgniter\Session\Handlers\FileHandler' driver.
INFO - 2022-01-20 10:50:41 --> CSRF cookie sent.
INFO - 2022-01-20 10:50:41 --> Session: Class initialized using 'CodeIgniter\Session\Handlers\FileHandler' driver.
INFO - 2022-01-20 10:50:42 --> CSRF cookie sent.
INFO - 2022-01-20 10:50:42 --> Session: Class initialized using 'CodeIgniter\Session\Handlers\FileHandler' driver.
INFO - 2022-01-20 10:50:43 --> CSRF cookie sent.
INFO - 2022-01-20 10:50:43 --> Session: Class initialized using 'CodeIgniter\Session\Handlers\FileHandler' driver.
INFO - 2022-01-20 10:50:43 --> CSRF cookie sent.
INFO - 2022-01-20 10:50:43 --> Session: Class initialized using 'CodeIgniter\Session\Handlers\FileHandler' driver.
INFO - 2022-01-20 10:50:54 --> CSRF cookie sent.
INFO - 2022-01-20 10:50:54 --> Session: Class initialized using 'CodeIgniter\Session\Handlers\FileHandler' driver.
INFO - 2022-01-20 10:50:59 --> CSRF cookie sent.
INFO - 2022-01-20 10:50:59 --> Session: Class initialized using 'CodeIgniter\Session\Handlers\FileHandler' driver.
INFO - 2022-01-20 10:50:59 --> CSRF cookie sent.
INFO - 2022-01-20 10:50:59 --> Session: Class initialized using 'CodeIgniter\Session\Handlers\FileHandler' driver.
INFO - 2022-01-20 10:51:00 --> CSRF cookie sent.
INFO - 2022-01-20 10:51:00 --> Session: Class initialized using 'CodeIgniter\Session\Handlers\FileHandler' driver.
INFO - 2022-01-20 10:51:02 --> CSRF cookie sent.
INFO - 2022-01-20 10:51:02 --> Session: Class initialized using 'CodeIgniter\Session\Handlers\FileHandler' driver.
INFO - 2022-01-20 10:51:03 --> CSRF cookie sent.
INFO - 2022-01-20 10:51:03 --> Session: Class initialized using 'CodeIgniter\Session\Handlers\FileHandler' driver.
INFO - 2022-01-20 10:51:34 --> CSRF cookie sent.
INFO - 2022-01-20 10:51:34 --> Session: Class initialized using 'CodeIgniter\Session\Handlers\FileHandler' driver.
INFO - 2022-01-20 10:51:35 --> CSRF cookie sent.
INFO - 2022-01-20 10:51:35 --> Session: Class initialized using 'CodeIgniter\Session\Handlers\FileHandler' driver.
INFO - 2022-01-20 10:51:35 --> CSRF cookie sent.
INFO - 2022-01-20 10:51:35 --> Session: Class initialized using 'CodeIgniter\Session\Handlers\FileHandler' driver.
INFO - 2022-01-20 11:01:20 --> CSRF cookie sent.
INFO - 2022-01-20 11:01:20 --> Session: Class initialized using 'CodeIgniter\Session\Handlers\FileHandler' driver.
INFO - 2022-01-20 11:01:20 --> CSRF cookie sent.
INFO - 2022-01-20 11:01:20 --> Session: Class initialized using 'CodeIgniter\Session\Handlers\FileHandler' driver.
INFO - 2022-01-20 13:43:05 --> CSRF cookie sent.
INFO - 2022-01-20 13:43:05 --> Session: Class initialized using 'CodeIgniter\Session\Handlers\FileHandler' driver.
INFO - 2022-01-20 13:43:13 --> CSRF cookie sent.
INFO - 2022-01-20 13:43:13 --> Session: Class initialized using 'CodeIgniter\Session\Handlers\FileHandler' driver.
INFO - 2022-01-20 13:43:20 --> Session: Class initialized using 'CodeIgniter\Session\Handlers\FileHandler' driver.
INFO - 2022-01-20 13:43:20 --> CSRF cookie sent.
INFO - 2022-01-20 13:43:20 --> Session: Class initialized using 'CodeIgniter\Session\Handlers\FileHandler' driver.
INFO - 2022-01-20 13:43:20 --> CSRF cookie sent.
INFO - 2022-01-20 13:43:20 --> Session: Class initialized using 'CodeIgniter\Session\Handlers\FileHandler' driver.
INFO - 2022-01-20 13:43:33 --> CSRF cookie sent.
INFO - 2022-01-20 13:43:33 --> CSRF token verified.
INFO - 2022-01-20 13:43:33 --> Session: Class initialized using 'CodeIgniter\Session\Handlers\FileHandler' driver.
INFO - 2022-01-20 13:43:34 --> CSRF cookie sent.
INFO - 2022-01-20 13:43:34 --> Session: Class initialized using 'CodeIgniter\Session\Handlers\FileHandler' driver.
INFO - 2022-01-20 13:43:34 --> CSRF cookie sent.
INFO - 2022-01-20 13:43:34 --> Session: Class initialized using 'CodeIgniter\Session\Handlers\FileHandler' driver.
INFO - 2022-01-20 13:43:40 --> CSRF cookie sent.
INFO - 2022-01-20 13:43:40 --> Session: Class initialized using 'CodeIgniter\Session\Handlers\FileHandler' driver.
INFO - 2022-01-20 13:43:40 --> CSRF cookie sent.
INFO - 2022-01-20 13:43:40 --> Session: Class initialized using 'CodeIgniter\Session\Handlers\FileHandler' driver.
INFO - 2022-01-20 13:43:46 --> CSRF cookie sent.
INFO - 2022-01-20 13:43:46 --> CSRF token verified.
INFO - 2022-01-20 13:43:46 --> Session: Class initialized using 'CodeIgniter\Session\Handlers\FileHandler' driver.
INFO - 2022-01-20 13:43:47 --> CSRF cookie sent.
INFO - 2022-01-20 13:43:47 --> Session: Class initialized using 'CodeIgniter\Session\Handlers\FileHandler' driver.
INFO - 2022-01-20 13:43:48 --> CSRF cookie sent.
INFO - 2022-01-20 13:43:48 --> Session: Class initialized using 'CodeIgniter\Session\Handlers\FileHandler' driver.
INFO - 2022-01-20 13:43:48 --> CSRF cookie sent.
INFO - 2022-01-20 13:43:48 --> Session: Class initialized using 'CodeIgniter\Session\Handlers\FileHandler' driver.
INFO - 2022-01-20 13:43:49 --> CSRF cookie sent.
INFO - 2022-01-20 13:43:49 --> Session: Class initialized using 'CodeIgniter\Session\Handlers\FileHandler' driver.
INFO - 2022-01-20 13:43:50 --> CSRF cookie sent.
INFO - 2022-01-20 13:43:50 --> Session: Class initialized using 'CodeIgniter\Session\Handlers\FileHandler' driver.
INFO - 2022-01-20 13:43:51 --> CSRF cookie sent.
INFO - 2022-01-20 13:43:51 --> Session: Class initialized using 'CodeIgniter\Session\Handlers\FileHandler' driver.
INFO - 2022-01-20 13:45:23 --> CSRF cookie sent.
INFO - 2022-01-20 13:45:23 --> Session: Class initialized using 'CodeIgniter\Session\Handlers\FileHandler' driver.
INFO - 2022-01-20 13:45:54 --> CSRF cookie sent.
INFO - 2022-01-20 13:45:54 --> CSRF token verified.
INFO - 2022-01-20 13:45:54 --> Session: Class initialized using 'CodeIgniter\Session\Handlers\FileHandler' driver.
INFO - 2022-01-20 13:45:57 --> CSRF cookie sent.
INFO - 2022-01-20 13:45:57 --> Session: Class initialized using 'CodeIgniter\Session\Handlers\FileHandler' driver.
INFO - 2022-01-20 13:45:58 --> CSRF cookie sent.
INFO - 2022-01-20 13:45:58 --> Session: Class initialized using 'CodeIgniter\Session\Handlers\FileHandler' driver.
INFO - 2022-01-20 13:45:58 --> CSRF cookie sent.
INFO - 2022-01-20 13:45:58 --> Session: Class initialized using 'CodeIgniter\Session\Handlers\FileHandler' driver.
INFO - 2022-01-20 13:45:59 --> CSRF cookie sent.
INFO - 2022-01-20 13:45:59 --> Session: Class initialized using 'CodeIgniter\Session\Handlers\FileHandler' driver.
INFO - 2022-01-20 13:46:05 --> CSRF cookie sent.
INFO - 2022-01-20 13:46:05 --> Session: Class initialized using 'CodeIgniter\Session\Handlers\FileHandler' driver.
INFO - 2022-01-20 13:46:05 --> CSRF cookie sent.
INFO - 2022-01-20 13:46:05 --> Session: Class initialized using 'CodeIgniter\Session\Handlers\FileHandler' driver.
INFO - 2022-01-20 13:46:05 --> CSRF cookie sent.
INFO - 2022-01-20 13:46:05 --> Session: Class initialized using 'CodeIgniter\Session\Handlers\FileHandler' driver.
INFO - 2022-01-20 13:46:06 --> CSRF cookie sent.
INFO - 2022-01-20 13:46:06 --> Session: Class initialized using 'CodeIgniter\Session\Handlers\FileHandler' driver.
INFO - 2022-01-20 13:46:06 --> CSRF cookie sent.
INFO - 2022-01-20 13:46:07 --> Session: Class initialized using 'CodeIgniter\Session\Handlers\FileHandler' driver.
INFO - 2022-01-20 13:46:15 --> CSRF cookie sent.
INFO - 2022-01-20 13:46:15 --> Session: Class initialized using 'CodeIgniter\Session\Handlers\FileHandler' driver.
INFO - 2022-01-20 13:46:16 --> CSRF cookie sent.
INFO - 2022-01-20 13:46:16 --> Session: Class initialized using 'CodeIgniter\Session\Handlers\FileHandler' driver.
INFO - 2022-01-20 13:46:16 --> CSRF cookie sent.
INFO - 2022-01-20 13:46:16 --> Session: Class initialized using 'CodeIgniter\Session\Handlers\FileHandler' driver.
INFO - 2022-01-20 13:46:18 --> CSRF cookie sent.
INFO - 2022-01-20 13:46:18 --> Session: Class initialized using 'CodeIgniter\Session\Handlers\FileHandler' driver.
INFO - 2022-01-20 13:46:18 --> CSRF cookie sent.
INFO - 2022-01-20 13:46:18 --> Session: Class initialized using 'CodeIgniter\Session\Handlers\FileHandler' driver.
INFO - 2022-01-20 13:46:19 --> CSRF cookie sent.
INFO - 2022-01-20 13:46:19 --> Session: Class initialized using 'CodeIgniter\Session\Handlers\FileHandler' driver.
INFO - 2022-01-20 13:46:22 --> CSRF cookie sent.
INFO - 2022-01-20 13:46:22 --> Session: Class initialized using 'CodeIgniter\Session\Handlers\FileHandler' driver.
INFO - 2022-01-20 13:46:22 --> CSRF cookie sent.
INFO - 2022-01-20 13:46:22 --> Session: Class initialized using 'CodeIgniter\Session\Handlers\FileHandler' driver.
INFO - 2022-01-20 13:47:22 --> CSRF cookie sent.
INFO - 2022-01-20 13:47:22 --> Session: Class initialized using 'CodeIgniter\Session\Handlers\FileHandler' driver.
INFO - 2022-01-20 13:47:23 --> CSRF cookie sent.
INFO - 2022-01-20 13:47:23 --> Session: Class initialized using 'CodeIgniter\Session\Handlers\FileHandler' driver.
INFO - 2022-01-20 13:47:23 --> CSRF cookie sent.
INFO - 2022-01-20 13:47:23 --> Session: Class initialized using 'CodeIgniter\Session\Handlers\FileHandler' driver.
INFO - 2022-01-20 13:47:25 --> CSRF cookie sent.
INFO - 2022-01-20 13:47:25 --> Session: Class initialized using 'CodeIgniter\Session\Handlers\FileHandler' driver.
INFO - 2022-01-20 13:47:26 --> CSRF cookie sent.
INFO - 2022-01-20 13:47:26 --> Session: Class initialized using 'CodeIgniter\Session\Handlers\FileHandler' driver.
INFO - 2022-01-20 13:47:26 --> CSRF cookie sent.
INFO - 2022-01-20 13:47:26 --> Session: Class initialized using 'CodeIgniter\Session\Handlers\FileHandler' driver.
INFO - 2022-01-20 13:47:30 --> CSRF cookie sent.
INFO - 2022-01-20 13:47:30 --> Session: Class initialized using 'CodeIgniter\Session\Handlers\FileHandler' driver.
INFO - 2022-01-20 13:48:06 --> CSRF cookie sent.
INFO - 2022-01-20 13:48:06 --> CSRF token verified.
INFO - 2022-01-20 13:48:06 --> Session: Class initialized using 'CodeIgniter\Session\Handlers\FileHandler' driver.
INFO - 2022-01-20 13:48:09 --> CSRF cookie sent.
INFO - 2022-01-20 13:48:09 --> Session: Class initialized using 'CodeIgniter\Session\Handlers\FileHandler' driver.
INFO - 2022-01-20 13:48:10 --> CSRF cookie sent.
INFO - 2022-01-20 13:48:10 --> Session: Class initialized using 'CodeIgniter\Session\Handlers\FileHandler' driver.
INFO - 2022-01-20 13:48:10 --> CSRF cookie sent.
INFO - 2022-01-20 13:48:10 --> Session: Class initialized using 'CodeIgniter\Session\Handlers\FileHandler' driver.
INFO - 2022-01-20 13:48:10 --> CSRF cookie sent.
INFO - 2022-01-20 13:48:11 --> Session: Class initialized using 'CodeIgniter\Session\Handlers\FileHandler' driver.
INFO - 2022-01-20 13:48:12 --> CSRF cookie sent.
INFO - 2022-01-20 13:48:12 --> Session: Class initialized using 'CodeIgniter\Session\Handlers\FileHandler' driver.
INFO - 2022-01-20 13:48:14 --> CSRF cookie sent.
INFO - 2022-01-20 13:48:14 --> Session: Class initialized using 'CodeIgniter\Session\Handlers\FileHandler' driver.
INFO - 2022-01-20 13:48:57 --> CSRF cookie sent.
INFO - 2022-01-20 13:48:57 --> Session: Class initialized using 'CodeIgniter\Session\Handlers\FileHandler' driver.
INFO - 2022-01-20 13:48:57 --> CSRF cookie sent.
INFO - 2022-01-20 13:48:57 --> Session: Class initialized using 'CodeIgniter\Session\Handlers\FileHandler' driver.
INFO - 2022-01-20 13:48:58 --> CSRF cookie sent.
INFO - 2022-01-20 13:48:58 --> Session: Class initialized using 'CodeIgniter\Session\Handlers\FileHandler' driver.
INFO - 2022-01-20 13:49:00 --> CSRF cookie sent.
INFO - 2022-01-20 13:49:00 --> Session: Class initialized using 'CodeIgniter\Session\Handlers\FileHandler' driver.
INFO - 2022-01-20 13:49:01 --> CSRF cookie sent.
INFO - 2022-01-20 13:49:01 --> Session: Class initialized using 'CodeIgniter\Session\Handlers\FileHandler' driver.
INFO - 2022-01-20 13:49:01 --> CSRF cookie sent.
INFO - 2022-01-20 13:49:01 --> Session: Class initialized using 'CodeIgniter\Session\Handlers\FileHandler' driver.
INFO - 2022-01-20 13:49:04 --> CSRF cookie sent.
INFO - 2022-01-20 13:49:04 --> Session: Class initialized using 'CodeIgniter\Session\Handlers\FileHandler' driver.
INFO - 2022-01-20 13:49:32 --> CSRF cookie sent.
INFO - 2022-01-20 13:49:32 --> CSRF token verified.
INFO - 2022-01-20 13:49:33 --> Session: Class initialized using 'CodeIgniter\Session\Handlers\FileHandler' driver.
INFO - 2022-01-20 13:49:33 --> CSRF cookie sent.
INFO - 2022-01-20 13:49:33 --> Session: Class initialized using 'CodeIgniter\Session\Handlers\FileHandler' driver.
INFO - 2022-01-20 13:49:34 --> CSRF cookie sent.
INFO - 2022-01-20 13:49:34 --> Session: Class initialized using 'CodeIgniter\Session\Handlers\FileHandler' driver.
INFO - 2022-01-20 13:49:35 --> CSRF cookie sent.
INFO - 2022-01-20 13:49:35 --> Session: Class initialized using 'CodeIgniter\Session\Handlers\FileHandler' driver.
INFO - 2022-01-20 13:49:45 --> CSRF cookie sent.
INFO - 2022-01-20 13:49:45 --> Session: Class initialized using 'CodeIgniter\Session\Handlers\FileHandler' driver.
INFO - 2022-01-20 13:49:45 --> CSRF cookie sent.
INFO - 2022-01-20 13:49:45 --> Session: Class initialized using 'CodeIgniter\Session\Handlers\FileHandler' driver.
INFO - 2022-01-20 13:49:46 --> CSRF cookie sent.
INFO - 2022-01-20 13:49:46 --> Session: Class initialized using 'CodeIgniter\Session\Handlers\FileHandler' driver.
INFO - 2022-01-20 13:49:46 --> CSRF cookie sent.
INFO - 2022-01-20 13:49:46 --> Session: Class initialized using 'CodeIgniter\Session\Handlers\FileHandler' driver.
INFO - 2022-01-20 13:49:47 --> CSRF cookie sent.
INFO - 2022-01-20 13:49:47 --> Session: Class initialized using 'CodeIgniter\Session\Handlers\FileHandler' driver.
INFO - 2022-01-20 13:49:49 --> CSRF cookie sent.
INFO - 2022-01-20 13:49:49 --> Session: Class initialized using 'CodeIgniter\Session\Handlers\FileHandler' driver.
INFO - 2022-01-20 13:49:50 --> CSRF cookie sent.
INFO - 2022-01-20 13:49:50 --> Session: Class initialized using 'CodeIgniter\Session\Handlers\FileHandler' driver.
INFO - 2022-01-20 13:49:51 --> CSRF cookie sent.
INFO - 2022-01-20 13:49:51 --> Session: Class initialized using 'CodeIgniter\Session\Handlers\FileHandler' driver.
INFO - 2022-01-20 13:49:52 --> CSRF cookie sent.
INFO - 2022-01-20 13:49:52 --> Session: Class initialized using 'CodeIgniter\Session\Handlers\FileHandler' driver.
INFO - 2022-01-20 13:49:53 --> CSRF cookie sent.
INFO - 2022-01-20 13:49:53 --> Session: Class initialized using 'CodeIgniter\Session\Handlers\FileHandler' driver.
INFO - 2022-01-20 13:49:54 --> CSRF cookie sent.
INFO - 2022-01-20 13:49:54 --> Session: Class initialized using 'CodeIgniter\Session\Handlers\FileHandler' driver.
INFO - 2022-01-20 13:49:56 --> CSRF cookie sent.
INFO - 2022-01-20 13:49:56 --> Session: Class initialized using 'CodeIgniter\Session\Handlers\FileHandler' driver.
INFO - 2022-01-20 13:49:57 --> CSRF cookie sent.
INFO - 2022-01-20 13:49:57 --> Session: Class initialized using 'CodeIgniter\Session\Handlers\FileHandler' driver.
INFO - 2022-01-20 14:00:20 --> CSRF cookie sent.
INFO - 2022-01-20 14:00:20 --> Session: Class initialized using 'CodeIgniter\Session\Handlers\FileHandler' driver.
INFO - 2022-01-20 14:00:20 --> CSRF cookie sent.
INFO - 2022-01-20 14:00:20 --> Session: Class initialized using 'CodeIgniter\Session\Handlers\FileHandler' driver.
INFO - 2022-01-20 14:00:21 --> CSRF cookie sent.
INFO - 2022-01-20 14:00:21 --> Session: Class initialized using 'CodeIgniter\Session\Handlers\FileHandler' driver.
INFO - 2022-01-20 14:01:20 --> CSRF cookie sent.
INFO - 2022-01-20 14:01:20 --> Session: Class initialized using 'CodeIgniter\Session\Handlers\FileHandler' driver.
INFO - 2022-01-20 14:01:20 --> CSRF cookie sent.
INFO - 2022-01-20 14:01:20 --> Session: Class initialized using 'CodeIgniter\Session\Handlers\FileHandler' driver.
INFO - 2022-01-20 14:52:49 --> CSRF cookie sent.
INFO - 2022-01-20 14:52:49 --> Session: Class initialized using 'CodeIgniter\Session\Handlers\FileHandler' driver.
INFO - 2022-01-20 19:09:18 --> CSRF cookie sent.
INFO - 2022-01-20 19:09:18 --> Session: Class initialized using 'CodeIgniter\Session\Handlers\FileHandler' driver.
INFO - 2022-01-20 19:09:19 --> CSRF cookie sent.
INFO - 2022-01-20 19:09:19 --> Session: Class initialized using 'CodeIgniter\Session\Handlers\FileHandler' driver.
INFO - 2022-01-20 19:09:21 --> CSRF cookie sent.
INFO - 2022-01-20 19:09:21 --> CSRF token verified.
INFO - 2022-01-20 19:09:21 --> Session: Class initialized using 'CodeIgniter\Session\Handlers\FileHandler' driver.
INFO - 2022-01-20 19:09:22 --> CSRF cookie sent.
INFO - 2022-01-20 19:09:22 --> Session: Class initialized using 'CodeIgniter\Session\Handlers\FileHandler' driver.
INFO - 2022-01-20 19:09:24 --> CSRF cookie sent.
INFO - 2022-01-20 19:09:24 --> Session: Class initialized using 'CodeIgniter\Session\Handlers\FileHandler' driver.
INFO - 2022-01-20 19:09:24 --> CSRF cookie sent.
INFO - 2022-01-20 19:09:24 --> Session: Class initialized using 'CodeIgniter\Session\Handlers\FileHandler' driver.
INFO - 2022-01-20 19:09:28 --> CSRF cookie sent.
INFO - 2022-01-20 19:09:28 --> Session: Class initialized using 'CodeIgniter\Session\Handlers\FileHandler' driver.
CRITICAL - 2022-01-20 19:09:28 --> mkdir(): No such file or directory
#0 [internal function]: CodeIgniter\Debug\Exceptions->errorHandler()
#1 /home/apdwms/public_html/cella/Libraries/Backup/BackupManager.php(205): mkdir()
#2 /home/apdwms/public_html/cella/Libraries/Backup/BackupManager.php(47): CELLA\Libraries\Backup\BackupManager->prepareDir()
#3 /home/apdwms/public_html/cella/Controllers/Settings.php(252): CELLA\Libraries\Backup\BackupManager->runBackup()
#4 /home/apdwms/public_html/cella/Controllers/BaseController.php(459): CELLA\Controllers\Settings->backup()
#5 /home/apdwms/public_html/system/CodeIgniter.php(932): CELLA\Controllers\BaseController->_remap()
#6 /home/apdwms/public_html/system/CodeIgniter.php(432): CodeIgniter\CodeIgniter->runController()
#7 /home/apdwms/public_html/system/CodeIgniter.php(333): CodeIgniter\CodeIgniter->handleRequest()
#8 /home/apdwms/public_html/index.php(48): CodeIgniter\CodeIgniter->run()
#9 {main}
INFO - 2022-01-20 19:09:28 --> CSRF cookie sent.
INFO - 2022-01-20 19:09:28 --> Session: Class initialized using 'CodeIgniter\Session\Handlers\FileHandler' driver.
INFO - 2022-01-20 19:09:33 --> CSRF cookie sent.
INFO - 2022-01-20 19:09:33 --> Session: Class initialized using 'CodeIgniter\Session\Handlers\FileHandler' driver.
INFO - 2022-01-20 19:09:33 --> CSRF cookie sent.
INFO - 2022-01-20 19:09:33 --> Session: Class initialized using 'CodeIgniter\Session\Handlers\FileHandler' driver.
INFO - 2022-01-20 19:09:34 --> CSRF cookie sent.
INFO - 2022-01-20 19:09:34 --> Session: Class initialized using 'CodeIgniter\Session\Handlers\FileHandler' driver.
INFO - 2022-01-20 19:09:35 --> CSRF cookie sent.
INFO - 2022-01-20 19:09:35 --> Session: Class initialized using 'CodeIgniter\Session\Handlers\FileHandler' driver.
INFO - 2022-01-20 19:20:37 --> CSRF cookie sent.
INFO - 2022-01-20 19:20:37 --> Session: Class initialized using 'CodeIgniter\Session\Handlers\FileHandler' driver.
INFO - 2022-01-20 19:20:37 --> CSRF cookie sent.
INFO - 2022-01-20 19:20:37 --> Session: Class initialized using 'CodeIgniter\Session\Handlers\FileHandler' driver.
INFO - 2022-01-20 19:20:37 --> CSRF cookie sent.
INFO - 2022-01-20 19:20:37 --> Session: Class initialized using 'CodeIgniter\Session\Handlers\FileHandler' driver.
